# parsed arguments: Namespace(benchmark='Q1187d', dsl='meta_visqa', skeletons='visqa_normal', strategy='TaPas_C', fallback='auto', timeout=300, mode='full', expected_only=False)
# loading benchmark...
# table keywords: {'92', 'color', 'plain', 'gojō,', 'population', 'yamato', 'highland', '1282', 'blue', 'yoshino', 'flat', 'inland', 'district', '56'}
# input type: [dtype('O'), dtype('int64'), dtype('O')]
# input is:
                   District  Population color
0  Yamato flat inland plain        1282  blue
1           Yamato highland          56  blue
2             Gojō, Yoshino          92  blue
# query is: What is on the Y axis?
# expected output type:[dtype('O')]
# expected output is:
       ANSWER
0  Population
# inferred DSL terminals:
  # ConstVal: ['<NULL>']
     # cmap: []
  # AggrFunc: ['<NULL>']
     # amap: []
  # NumFunc: ['<NULL>']
     # nmap: []
  # BoolFunc: ['==', '<NULL>']
     # bmap: [(None, '==')]
  # IndFunc: ['<NULL>']
     # imap: []
# loading skeleton list...

# ========== candidate program report ========== #
# (t=0.00) i=0, candidate=[{'ANSWER': 92}]
  # found 0 program(s)
# (t=0.11) i=1, candidate=[{'ANSWER': 1282}]
  # found 0 program(s)
# (t=0.23) i=2, candidate=[{'ANSWER': 56}]
  # found 0 program(s)
# ====> fallback strategy (retrieval) is triggered because no explanation is found so far
# ====> retrieval_values: [1282, 56, 92, 'District', 'Gojō, Yoshino', 'Population', 'Yamato flat inland plain', 'Yamato highland', 'blue', 'color']
# (t=0.34) fallback i=0, candidate=[{'ANSWER': 1282}]
  # found 0 program(s)
# (t=0.45) fallback i=1, candidate=[{'ANSWER': 56}]
  # found 0 program(s)
# (t=0.55) fallback i=2, candidate=[{'ANSWER': 92}]
  # found 0 program(s)
# (t=0.66) fallback i=3, candidate=[{'ANSWER': 'District'}]
  # found 0 program(s)
# (t=0.74) fallback i=4, candidate=[{'ANSWER': 'Gojō, Yoshino'}]
  # found 0 program(s)
# (t=0.84) fallback i=5, candidate=[{'ANSWER': 'Population'}]
  # found 0 program(s)
# (t=0.92) fallback i=6, candidate=[{'ANSWER': 'Yamato flat inland plain'}]
  # found 0 program(s)
# (t=1.03) fallback i=7, candidate=[{'ANSWER': 'Yamato highland'}]
  # found 0 program(s)
# (t=1.13) fallback i=8, candidate=[{'ANSWER': 'blue'}]
  # found 0 program(s)
# (t=1.24) fallback i=9, candidate=[{'ANSWER': 'color'}]
  # found 0 program(s)
# ====> fallback strategy (original) is triggered
# ====> use the original TaPas output as answer, which is: [92]

# ========== review report ========== #
