# parsed arguments: Namespace(benchmark='Q120eb', dsl='meta_visqa', skeletons='visqa_normal', strategy='TaPas_C', fallback='auto', timeout=300, mode='full', expected_only=False)
# loading benchmark...
# table keywords: {'flat', 'inland', '506.89', '837.27', 'color', 'gojō,', 'plain', 'yoshino', 'size', 'yamato', '(km²)', '2346.84', 'area', 'district', 'highland', 'blue'}
# input type: [dtype('O'), dtype('float64'), dtype('O')]
# input is:
                   District  Area Size (km²) color
0  Yamato flat inland plain           837.27  blue
1           Yamato highland           506.89  blue
2             Gojō, Yoshino          2346.84  blue
# query is: What is the difference between Gojo and the highland?
# expected output type:[dtype('float64')]
# expected output is:
    ANSWER
0  1839.95
# inferred DSL terminals:
  # ConstVal: ['Yamato highland@Str', '<NULL>']
     # cmap: [('highland', 'Yamato highland')]
  # AggrFunc: ['<NULL>']
     # amap: []
  # NumFunc: ['diff', '<NULL>']
     # nmap: [('difference', 'diff')]
  # BoolFunc: ['==', '<NULL>']
     # bmap: [(None, '==')]
  # IndFunc: ['<NULL>']
     # imap: []
# ====> fallback strategy (comparison) is triggered
  # [debug] high_values: []
  # [debug] high_values (no dup.): [(1839.9500000000003, 2), (330.38, 2), (-330.38, 2), (-1839.9500000000003, 2), (1509.5700000000002, 1), (-1509.5700000000002, 1)]
# loading skeleton list...

# ========== candidate program report ========== #
# (t=0.00) i=0, candidate=[{'ANSWER': 1}]
  # found 0 program(s)
# (t=0.21) i=1, candidate=[{'ANSWER': 2}]
  # found 0 program(s)
# ====> fallback strategy (retrieval) is triggered because no explanation is found so far
# ====> retrieval_values: [2346.84, 506.89, 837.27, 'Area Size (km²)', 'District', 'Gojō, Yoshino', 'Yamato flat inland plain', 'Yamato highland', 'blue', 'color']
# (t=0.41) fallback i=0, candidate=[{'ANSWER': 2346.84}]
  # found 0 program(s)
# (t=0.68) fallback i=1, candidate=[{'ANSWER': 506.89}]
  # found 2 program(s)
    # SelectCol(SelectRow1(@param0, ==, 0, Yamato highland@Str), ['1'])
      --> ['SelectCol', ['SelectRow1', 'input@0', '==', 'District', 'Yamato highland'], ['Area Size (km²)']]
    # SelectCol(SelectRow1(@param0, ==, 0, Yamato highland@Str), ['-99', '-2'])
      --> ['SelectCol', ['SelectRow1', 'input@0', '==', 'District', 'Yamato highland'], ['Area Size (km²)']]
# (t=0.96) fallback i=2, candidate=[{'ANSWER': 837.27}]
  # found 0 program(s)
# (t=1.23) fallback i=3, candidate=[{'ANSWER': 'Area Size (km²)'}]
  # found 0 program(s)
# (t=1.43) fallback i=4, candidate=[{'ANSWER': 'District'}]
  # found 0 program(s)
# (t=1.64) fallback i=5, candidate=[{'ANSWER': 'Gojō, Yoshino'}]
  # found 0 program(s)
# (t=1.91) fallback i=6, candidate=[{'ANSWER': 'Yamato flat inland plain'}]
  # found 0 program(s)
# (t=2.18) fallback i=7, candidate=[{'ANSWER': 'Yamato highland'}]
  # found 2 program(s)
    # SelectCol(SelectRow1(@param0, ==, 0, Yamato highland@Str), ['0'])
      --> ['SelectCol', ['SelectRow1', 'input@0', '==', 'District', 'Yamato highland'], ['District']]
    # SelectCol(SelectRow1(@param0, ==, 0, Yamato highland@Str), ['-1', '-2'])
      --> ['SelectCol', ['SelectRow1', 'input@0', '==', 'District', 'Yamato highland'], ['District']]
# (t=2.45) fallback i=8, candidate=[{'ANSWER': 'blue'}]
  # found 2 program(s)
    # SelectCol(SelectRow1(@param0, ==, 0, Yamato highland@Str), ['2'])
      --> ['SelectCol', ['SelectRow1', 'input@0', '==', 'District', 'Yamato highland'], ['color']]
    # SelectCol(SelectRow1(@param0, ==, 0, Yamato highland@Str), ['-99', '-1'])
      --> ['SelectCol', ['SelectRow1', 'input@0', '==', 'District', 'Yamato highland'], ['color']]
# (t=2.72) fallback i=9, candidate=[{'ANSWER': 'color'}]
  # found 0 program(s)

# ========== review report ========== #
# top-1, score: 1.25, answer: 506.89
  # tprog: SelectCol(SelectRow1(@param0, ==, 0, Yamato highland@Str), ['1'])
# top-2, score: 1.25, answer: 506.89
  # tprog: SelectCol(SelectRow1(@param0, ==, 0, Yamato highland@Str), ['-99', '-2'])
# top-3, score: 1.25, answer: Yamato highland
  # tprog: SelectCol(SelectRow1(@param0, ==, 0, Yamato highland@Str), ['0'])
# top-4, score: 1.25, answer: Yamato highland
  # tprog: SelectCol(SelectRow1(@param0, ==, 0, Yamato highland@Str), ['-1', '-2'])
# top-5, score: 1.25, answer: blue
  # tprog: SelectCol(SelectRow1(@param0, ==, 0, Yamato highland@Str), ['2'])
# top-6, score: 1.25, answer: blue
  # tprog: SelectCol(SelectRow1(@param0, ==, 0, Yamato highland@Str), ['-99', '-1'])
