# parsed arguments: Namespace(benchmark='Q292a7', dsl='meta_visqa', skeletons='visqa_normal', strategy='TaPas_C', fallback='auto', timeout=300, mode='full', expected_only=False)
# loading benchmark...
# table keywords: {'21', 'muslims', 'too/not', '7', 'am.', '8', 'native', 'christian', 'religion', 'non-christian', '83', 'orthodox', 'at', '43', 'response', 'unaffiliated', '61', 'buddhists', '81', 'common', 'blue', '94', '17', 'orange', 'pagan/earth-based', 'catholics', '92', '39', 'color', '76', '86', '57', 'mormons', 'spirituality', 'other', 'very/somewhat', 'protestants', '24', 'hindus', 'percentage', '6', 'jews', '79', '93', '19', '14', 'not', 'all'}
# input type: [dtype('O'), dtype('O'), dtype('int64'), dtype('O')]
# input is:
                   Religion                   response  percentage   color
0                   Muslims       Very/somewhat common          57  orange
1                   Muslims  Not too/not at all common          43    blue
2         Pagan/earth-based       Very/somewhat common          39  orange
3         Pagan/earth-based  Not too/not at all common          61    blue
4               Protestants       Very/somewhat common          24  orange
5               Protestants  Not too/not at all common          76    blue
6       Other non-Christian       Very/somewhat common          21  orange
7       Other non-Christian  Not too/not at all common          79    blue
8   Native Am. spirituality       Very/somewhat common          19  orange
9   Native Am. spirituality  Not too/not at all common          81    blue
10                     Jews       Very/somewhat common          17  orange
11                     Jews  Not too/not at all common          83    blue
12             Unaffiliated       Very/somewhat common          14  orange
13             Unaffiliated  Not too/not at all common          86    blue
14                Catholics       Very/somewhat common           8  orange
15                Catholics  Not too/not at all common          92    blue
16                  Mormons       Very/somewhat common           8  orange
17                  Mormons  Not too/not at all common          92    blue
18       Orthodox Christian       Very/somewhat common           6  orange
19       Orthodox Christian  Not too/not at all common          94    blue
20                Buddhists       Very/somewhat common           7  orange
21                Buddhists  Not too/not at all common          93    blue
22                   Hindus       Very/somewhat common           6  orange
23                   Hindus  Not too/not at all common          94    blue
# query is: What is the average percentage of religious extremism shown in the chart?
# expected output type:[dtype('float64')]
# expected output is:
     ANSWER
0  18.83333
# inferred DSL terminals:
  # ConstVal: ['percentage@Str', '<NULL>']
     # cmap: [('percentage', 'percentage')]
  # AggrFunc: ['mean', '<NULL>']
     # amap: [('average', 'mean')]
  # NumFunc: ['<NULL>']
     # nmap: []
  # BoolFunc: ['==', '<NULL>']
     # bmap: [(None, '==')]
  # IndFunc: ['<NULL>']
     # imap: []
# loading skeleton list...

# ========== candidate program report ========== #
# (t=0.00) i=0, candidate=[{'ANSWER': 57.0}]
  # found 0 program(s)
# (t=0.47) i=1, candidate=[{'ANSWER': 8.0}]
  # found 0 program(s)
# (t=0.92) i=2, candidate=[{'ANSWER': 81.0}]
  # found 0 program(s)
# (t=1.38) i=3, candidate=[{'ANSWER': 61.0}]
  # found 0 program(s)
# (t=1.84) i=4, candidate=[{'ANSWER': 79.0}]
  # found 0 program(s)
# (t=2.30) i=5, candidate=[{'ANSWER': 6.0}]
  # found 0 program(s)
# (t=2.76) i=6, candidate=[{'ANSWER': 19.0}]
  # found 0 program(s)
# (t=3.21) i=7, candidate=[{'ANSWER': 43.0}]
  # found 0 program(s)
# (t=3.66) i=8, candidate=[{'ANSWER': 39.0}]
  # found 0 program(s)
# (t=4.12) i=9, candidate=[{'ANSWER': 92.0}]
  # found 0 program(s)
# (t=4.57) i=10, candidate=[{'ANSWER': 86.0}]
  # found 0 program(s)
# (t=5.03) i=11, candidate=[{'ANSWER': 93.0}]
  # found 0 program(s)
# (t=5.48) i=12, candidate=[{'ANSWER': 83.0}]
  # found 0 program(s)
# (t=5.94) i=13, candidate=[{'ANSWER': 24.0}]
  # found 0 program(s)
# (t=6.40) i=14, candidate=[{'ANSWER': 17.0}]
  # found 0 program(s)
# (t=6.86) i=15, candidate=[{'ANSWER': 7.0}]
  # found 0 program(s)
# (t=7.32) i=16, candidate=[{'ANSWER': 94.0}]
  # found 0 program(s)
# (t=7.78) i=17, candidate=[{'ANSWER': 76.0}]
  # found 0 program(s)
# (t=8.23) i=18, candidate=[{'ANSWER': 21.0}]
  # found 0 program(s)
# (t=8.69) i=19, candidate=[{'ANSWER': 14.0}]
  # found 0 program(s)
# ====> fallback strategy (retrieval) is triggered because no explanation is found so far
# ====> retrieval_values: [14, 17, 19, 21, 24, 39, 43, 57, 6, 61, 7, 76, 79, 8, 81, 83, 86, 92, 93, 94, 'Buddhists', 'Catholics', 'Hindus', 'Jews', 'Mormons', 'Muslims', 'Native Am. spirituality', 'Not too/not at all common', 'Orthodox Christian', 'Other non-Christian', 'Pagan/earth-based', 'Protestants', 'Religion', 'Unaffiliated', 'Very/somewhat common', 'blue', 'color', 'orange', 'percentage', 'response']
# (t=9.15) fallback i=0, candidate=[{'ANSWER': 14}]
  # found 0 program(s)
# (t=9.61) fallback i=1, candidate=[{'ANSWER': 17}]
  # found 0 program(s)
# (t=10.07) fallback i=2, candidate=[{'ANSWER': 19}]
  # found 0 program(s)
# (t=10.53) fallback i=3, candidate=[{'ANSWER': 21}]
  # found 0 program(s)
# (t=10.99) fallback i=4, candidate=[{'ANSWER': 24}]
  # found 0 program(s)
# (t=11.46) fallback i=5, candidate=[{'ANSWER': 39}]
  # found 0 program(s)
# (t=11.92) fallback i=6, candidate=[{'ANSWER': 43}]
  # found 0 program(s)
# (t=12.38) fallback i=7, candidate=[{'ANSWER': 57}]
  # found 0 program(s)
# (t=12.84) fallback i=8, candidate=[{'ANSWER': 6}]
  # found 0 program(s)
# (t=13.30) fallback i=9, candidate=[{'ANSWER': 61}]
  # found 0 program(s)
# (t=13.76) fallback i=10, candidate=[{'ANSWER': 7}]
  # found 0 program(s)
# (t=14.22) fallback i=11, candidate=[{'ANSWER': 76}]
  # found 0 program(s)
# (t=14.68) fallback i=12, candidate=[{'ANSWER': 79}]
  # found 0 program(s)
# (t=15.14) fallback i=13, candidate=[{'ANSWER': 8}]
  # found 0 program(s)
# (t=15.60) fallback i=14, candidate=[{'ANSWER': 81}]
  # found 0 program(s)
# (t=16.06) fallback i=15, candidate=[{'ANSWER': 83}]
  # found 0 program(s)
# (t=16.52) fallback i=16, candidate=[{'ANSWER': 86}]
  # found 0 program(s)
# (t=16.99) fallback i=17, candidate=[{'ANSWER': 92}]
  # found 0 program(s)
# (t=17.45) fallback i=18, candidate=[{'ANSWER': 93}]
  # found 0 program(s)
# (t=17.92) fallback i=19, candidate=[{'ANSWER': 94}]
  # found 0 program(s)
# (t=18.39) fallback i=20, candidate=[{'ANSWER': 'Buddhists'}]
  # found 0 program(s)
# (t=18.84) fallback i=21, candidate=[{'ANSWER': 'Catholics'}]
  # found 0 program(s)
# (t=19.31) fallback i=22, candidate=[{'ANSWER': 'Hindus'}]
  # found 0 program(s)
# (t=19.77) fallback i=23, candidate=[{'ANSWER': 'Jews'}]
  # found 0 program(s)
# (t=20.24) fallback i=24, candidate=[{'ANSWER': 'Mormons'}]
  # found 0 program(s)
# (t=20.70) fallback i=25, candidate=[{'ANSWER': 'Muslims'}]
  # found 0 program(s)
# (t=21.16) fallback i=26, candidate=[{'ANSWER': 'Native Am. spirituality'}]
  # found 0 program(s)
# (t=21.61) fallback i=27, candidate=[{'ANSWER': 'Not too/not at all common'}]
  # found 0 program(s)
# (t=22.07) fallback i=28, candidate=[{'ANSWER': 'Orthodox Christian'}]
  # found 0 program(s)
# (t=22.53) fallback i=29, candidate=[{'ANSWER': 'Other non-Christian'}]
  # found 0 program(s)
# (t=22.99) fallback i=30, candidate=[{'ANSWER': 'Pagan/earth-based'}]
  # found 0 program(s)
# (t=23.45) fallback i=31, candidate=[{'ANSWER': 'Protestants'}]
  # found 0 program(s)
# (t=24.13) fallback i=32, candidate=[{'ANSWER': 'Religion'}]
  # found 0 program(s)
# (t=24.45) fallback i=33, candidate=[{'ANSWER': 'Unaffiliated'}]
  # found 0 program(s)
# (t=24.91) fallback i=34, candidate=[{'ANSWER': 'Very/somewhat common'}]
  # found 0 program(s)
# (t=25.36) fallback i=35, candidate=[{'ANSWER': 'blue'}]
  # found 0 program(s)
# (t=25.82) fallback i=36, candidate=[{'ANSWER': 'color'}]
  # found 0 program(s)
# (t=26.15) fallback i=37, candidate=[{'ANSWER': 'orange'}]
  # found 0 program(s)
# (t=26.61) fallback i=38, candidate=[{'ANSWER': 'percentage'}]
  # found 0 program(s)
# (t=26.94) fallback i=39, candidate=[{'ANSWER': 'response'}]
  # found 0 program(s)
# ====> fallback strategy (original) is triggered
# ====> use the original TaPas output as answer, which is: [57.0]

# ========== review report ========== #
