# parsed arguments: Namespace(benchmark='Q32104', dsl='meta_visqa', skeletons='visqa_normal', strategy='TaPas_C', fallback='auto', timeout=300, mode='full', expected_only=False)
# loading benchmark...
# table keywords: {'network', '11.8', 'music', '11.5', '152.5', '122.1', 'gàidheal', 'blue', '32.7', '54.2', '18.8', 'service', 'sports', 'color', '6.3', 'bbc', '2', '3', 'and', 'nan', '7.2', 'total', 'scotland', 'ulster', 'foyle', '76.0', '62.1', 'asian', 'cost(£million)', '13.0', '4', '1xtra', 'live', '23.8', '2012/13', '6', 'wales', 'cymru', '1', 'extra', '5.6', 'local', '5', '17.6', '54.3', 'radio'}
# input type: [dtype('O'), dtype('float64'), dtype('O')]
# input is:
                                 Service  2012/13 Total Cost(£million) color
0                            BBC Radio 1                          54.2  blue
1                        BBC Radio 1Xtra                          11.8  blue
2                            BBC Radio 2                          62.1  blue
3                            BBC Radio 3                          54.3  blue
4                            BBC Radio 4                         122.1  blue
5                      BBC Radio 4 Extra                           7.2  blue
6                       BBC Radio 5 Live                          76.0  blue
7          BBC Radio 5 Live Sports Extra                           5.6  blue
8                      BBC Radio 6 Music                          11.5  blue
9                      BBC Asian Network                          13.0  blue
10                       BBC Local Radio                         152.5  blue
11                    BBC Radio Scotland                          32.7  blue
12                BBC Radio nan Gàidheal                           6.3  blue
13                       BBC Radio Wales                          18.8  blue
14                       BBC Radio Cymru                          17.6  blue
15  BBC Radio Ulster and BBC Radio Foyle                          23.8  blue
# query is: What is the value for BBC Radio 1?
# expected output type:[dtype('float64')]
# expected output is:
   ANSWER
0    54.2
# inferred DSL terminals:
  # ConstVal: ['BBC Radio nan Gàidheal@Str', 'BBC Radio 1Xtra@Str', 'BBC Radio Ulster and BBC Radio Foyle@Str', 'BBC Radio 6 Music@Str', 'BBC Radio 1@Str', 'BBC Radio 5 Live@Str', 'BBC Local Radio@Str', 'BBC Radio 5 Live Sports Extra@Str', 'BBC Radio 2@Str', 'BBC Radio Scotland@Str', 'BBC Radio 4 Extra@Str', 'BBC Radio 4@Str', 'BBC Asian Network@Str', 'BBC Radio 3@Str', 'BBC Radio Wales@Str', 'BBC Radio Cymru@Str', '<NULL>']
     # cmap: [('bbc', 'BBC Radio Wales'), ('bbc', 'BBC Radio 1Xtra'), ('radio', 'BBC Radio 4 Extra'), ('radio', 'BBC Radio Scotland'), ('bbc', 'BBC Radio 6 Music'), ('radio', 'BBC Radio 4'), ('bbc', 'BBC Asian Network'), ('bbc', 'BBC Local Radio'), ('radio', 'BBC Radio 1'), ('radio', 'BBC Radio Ulster and BBC Radio Foyle'), ('radio', 'BBC Radio Cymru'), ('bbc', 'BBC Radio 5 Live Sports Extra'), ('radio', 'BBC Radio 5 Live'), ('radio', 'BBC Radio 3'), ('bbc', 'BBC Radio nan Gàidheal'), ('radio', 'BBC Radio Wales'), ('radio', 'BBC Radio 1Xtra'), ('bbc', 'BBC Radio 2'), ('bbc', 'BBC Radio Scotland'), (1, 'BBC Radio 1'), ('bbc', 'BBC Radio 4'), ('bbc', 'BBC Radio 4 Extra'), ('radio', 'BBC Radio 6 Music'), ('bbc', 'BBC Radio 1'), ('radio', 'BBC Local Radio'), ('bbc', 'BBC Radio Cymru'), ('bbc', 'BBC Radio Ulster and BBC Radio Foyle'), ('radio', 'BBC Radio 5 Live Sports Extra'), ('bbc', 'BBC Radio 3'), ('bbc', 'BBC Radio 5 Live'), ('radio', 'BBC Radio 2'), ('radio', 'BBC Radio nan Gàidheal')]
  # AggrFunc: ['<NULL>']
     # amap: []
  # NumFunc: ['<NULL>']
     # nmap: []
  # BoolFunc: ['==', '<NULL>']
     # bmap: [(None, '==')]
  # IndFunc: ['<NULL>']
     # imap: []
# loading skeleton list...

# ========== candidate program report ========== #
# (t=0.00) i=0, candidate=[{'ANSWER': 1}]
  # found 0 program(s)
# (t=58.05) i=1, candidate=[{'ANSWER': 2}]
  # found 0 program(s)
# (t=115.89) i=2, candidate=[{'ANSWER': 3}]
  # found 0 program(s)
# ====> fallback strategy (retrieval) is triggered because no explanation is found so far
# ====> retrieval_values: [11.5, 11.8, 122.1, 13.0, 152.5, 17.6, 18.8, '2012/13 Total Cost(£million)', 23.8, 32.7, 5.6, 54.2, 54.3, 6.3, 62.1, 7.2, 76.0, 'BBC Asian Network', 'BBC Local Radio', 'BBC Radio 1', 'BBC Radio 1Xtra', 'BBC Radio 2', 'BBC Radio 3', 'BBC Radio 4', 'BBC Radio 4 Extra', 'BBC Radio 5 Live', 'BBC Radio 5 Live Sports Extra', 'BBC Radio 6 Music', 'BBC Radio Cymru', 'BBC Radio Scotland', 'BBC Radio Ulster and BBC Radio Foyle', 'BBC Radio Wales', 'BBC Radio nan Gàidheal', 'Service', 'blue', 'color']
# (t=173.37) fallback i=0, candidate=[{'ANSWER': 11.5}]
  # found 2 program(s)
    # SelectCol(SelectRow1(@param0, ==, 0, BBC Radio 6 Music@Str), ['1'])
      --> ['SelectCol', ['SelectRow1', 'input@0', '==', 'Service', 'BBC Radio 6 Music'], ['2012/13 Total Cost(£million)']]
    # SelectCol(SelectRow1(@param0, ==, 0, BBC Radio 6 Music@Str), ['-99', '-2'])
      --> ['SelectCol', ['SelectRow1', 'input@0', '==', 'Service', 'BBC Radio 6 Music'], ['2012/13 Total Cost(£million)']]
# (t=231.98) fallback i=1, candidate=[{'ANSWER': 11.8}]
  # found 2 program(s)
    # SelectCol(SelectRow1(@param0, ==, 0, BBC Radio 1Xtra@Str), ['1'])
      --> ['SelectCol', ['SelectRow1', 'input@0', '==', 'Service', 'BBC Radio 1Xtra'], ['2012/13 Total Cost(£million)']]
    # SelectCol(SelectRow1(@param0, ==, 0, BBC Radio 1Xtra@Str), ['-99', '-2'])
      --> ['SelectCol', ['SelectRow1', 'input@0', '==', 'Service', 'BBC Radio 1Xtra'], ['2012/13 Total Cost(£million)']]
# (t=290.44) fallback i=2, candidate=[{'ANSWER': 122.1}]
---------- timeout ----------

# ========== review report ========== #
# top-1, score: 1.39, answer: 11.5
  # tprog: SelectCol(SelectRow1(@param0, ==, 0, BBC Radio 6 Music@Str), ['1'])
# top-2, score: 1.39, answer: 11.5
  # tprog: SelectCol(SelectRow1(@param0, ==, 0, BBC Radio 6 Music@Str), ['-99', '-2'])
# top-3, score: 1.39, answer: 11.8
  # tprog: SelectCol(SelectRow1(@param0, ==, 0, BBC Radio 1Xtra@Str), ['1'])
# top-4, score: 1.39, answer: 11.8
  # tprog: SelectCol(SelectRow1(@param0, ==, 0, BBC Radio 1Xtra@Str), ['-99', '-2'])
