# parsed arguments: Namespace(benchmark='Q464cd', dsl='meta_visqa', skeletons='visqa_normal', strategy='TaPas_C', fallback='auto', timeout=300, mode='full', expected_only=False)
# loading benchmark...
# table keywords: {'21.5', '9.7', '7.5', 'macau', 'france', '11.8', '20.8', 'country', 'bangladesh', 'blue', 'urban', '0.1', '25.2', '1.8', 'per', '0.4', 'kong', '3.9', 'kilometers', 'urban/total', '7.4', 'persons', '16.6', 'japan', '2.5', '75.2', 'indonesia', 'orange', 'color', '18.0', 'india', 'maldives', '25.4', 'south', 'singapore', '1.0', 'korea', '17.1', '6.8', 'egypt', '0.2', '26.0', 'brazil', 'total', 'hong', 'monaco', '5.1', 'australia', '6.4', '0.5', 'germany', 'rwanda', 'square'}
# input type: [dtype('O'), dtype('O'), dtype('float64'), dtype('O')]
# input is:
        Country Urban/total  Persons per square kilometers   color
0         Egypt       Urban                            5.1  orange
1         Egypt       Total                            0.1    blue
2        Rwanda       Urban                           18.0  orange
3        Rwanda       Total                            0.5    blue
4        Brazil       Urban                            9.7    blue
5     Singapore       Urban                            7.5  orange
6     Singapore       Total                            7.4    blue
7         Macau       Urban                           26.0  orange
8         Macau       Total                           20.8    blue
9     Australia       Urban                            1.8    blue
10        India       Urban                           25.2  orange
11        India       Total                            0.4    blue
12       France       Urban                            2.5  orange
13       France       Total                            0.1    blue
14        Japan       Urban                            3.9  orange
15        Japan       Total                            0.5    blue
16   Bangladesh       Urban                           75.2  orange
17   Bangladesh       Total                            1.0    blue
18      Germany       Urban                            6.8  orange
19      Germany       Total                            0.2    blue
20     Maldives       Urban                           21.5  orange
21     Maldives       Total                            1.0    blue
22    Indonesia       Urban                           16.6  orange
23    Indonesia       Total                            0.1    blue
24       Monaco       Urban                           17.1  orange
25       Monaco       Total                           17.1    blue
26    Hong Kong       Urban                           25.4  orange
27    Hong Kong       Total                            6.4    blue
28  South Korea       Urban                           11.8  orange
29  South Korea       Total                            0.5    blue
# query is: What is the total population density of Hong Kong?
# expected output type:[dtype('float64')]
# expected output is:
   ANSWER
0     6.4
# inferred DSL terminals:
  # ConstVal: ['Total@Str', 'Hong Kong@Str', 'Urban/total@Str', '<NULL>']
     # cmap: [('hong', 'Hong Kong'), ('total', 'Urban/total'), ('kong', 'Hong Kong'), ('total', 'Total')]
  # AggrFunc: ['sum', 'count', '<NULL>']
     # amap: [('total', 'sum'), ('total', 'count')]
  # NumFunc: ['<NULL>']
     # nmap: []
  # BoolFunc: ['==', '<NULL>']
     # bmap: [(None, '==')]
  # IndFunc: ['<NULL>']
     # imap: []
# loading skeleton list...

# ========== candidate program report ========== #
# (t=0.00) i=0, candidate=[{'ANSWER': '<type error>'}]
  # found 0 program(s)
# ====> fallback strategy (retrieval) is triggered because no explanation is found so far
# ====> retrieval_values: [0.1, 0.2, 0.4, 0.5, 1.0, 1.8, 11.8, 16.6, 17.1, 18.0, 2.5, 20.8, 21.5, 25.2, 25.4, 26.0, 3.9, 5.1, 6.4, 6.8, 7.4, 7.5, 75.2, 9.7, 'Australia', 'Bangladesh', 'Brazil', 'Country', 'Egypt', 'France', 'Germany', 'Hong Kong', 'India', 'Indonesia', 'Japan', 'Macau', 'Maldives', 'Monaco', 'Persons per square kilometers', 'Rwanda', 'Singapore', 'South Korea', 'Total', 'Urban', 'Urban/total', 'blue', 'color', 'orange']
# (t=2.01) fallback i=0, candidate=[{'ANSWER': 0.1}]
  # found 0 program(s)
# (t=4.81) fallback i=1, candidate=[{'ANSWER': 0.2}]
  # found 0 program(s)
# (t=7.50) fallback i=2, candidate=[{'ANSWER': 0.4}]
  # found 0 program(s)
# (t=10.16) fallback i=3, candidate=[{'ANSWER': 0.5}]
  # found 0 program(s)
# (t=12.84) fallback i=4, candidate=[{'ANSWER': 1.0}]
  # found 0 program(s)
# (t=15.50) fallback i=5, candidate=[{'ANSWER': 1.8}]
  # found 0 program(s)
# (t=18.19) fallback i=6, candidate=[{'ANSWER': 11.8}]
  # found 0 program(s)
# (t=20.81) fallback i=7, candidate=[{'ANSWER': 16.6}]
  # found 0 program(s)
# (t=23.44) fallback i=8, candidate=[{'ANSWER': 17.1}]
  # found 0 program(s)
# (t=26.06) fallback i=9, candidate=[{'ANSWER': 18.0}]
  # found 0 program(s)
# (t=28.69) fallback i=10, candidate=[{'ANSWER': 2.5}]
  # found 0 program(s)
# (t=31.36) fallback i=11, candidate=[{'ANSWER': 20.8}]
  # found 0 program(s)
# (t=34.28) fallback i=12, candidate=[{'ANSWER': 21.5}]
  # found 0 program(s)
# (t=36.96) fallback i=13, candidate=[{'ANSWER': 25.2}]
  # found 0 program(s)
# (t=39.68) fallback i=14, candidate=[{'ANSWER': 25.4}]
  # found 0 program(s)
# (t=42.37) fallback i=15, candidate=[{'ANSWER': 26.0}]
  # found 0 program(s)
# (t=45.03) fallback i=16, candidate=[{'ANSWER': 3.9}]
  # found 0 program(s)
# (t=47.68) fallback i=17, candidate=[{'ANSWER': 5.1}]
  # found 0 program(s)
# (t=50.33) fallback i=18, candidate=[{'ANSWER': 6.4}]
  # found 2 program(s)
    # SelectCol(SelectRow1(SelectRow1(@param0, ==, 0, Hong Kong@Str), ==, 1, Total@Str), ['2'])
      --> ['SelectCol', ['SelectRow1', ['SelectRow1', 'input@0', '==', 'Country', 'Hong Kong'], '==', 'Urban/total', 'Total'], ['Persons per square kilometers']]
    # SelectCol(SelectRow1(SelectRow1(@param0, ==, 1, Total@Str), ==, 0, Hong Kong@Str), ['2'])
      --> ['SelectCol', ['SelectRow1', ['SelectRow1', 'input@0', '==', 'Urban/total', 'Total'], '==', 'Country', 'Hong Kong'], ['Persons per square kilometers']]
# (t=52.97) fallback i=19, candidate=[{'ANSWER': 6.8}]
  # found 0 program(s)
# (t=55.58) fallback i=20, candidate=[{'ANSWER': 7.4}]
  # found 0 program(s)
# (t=58.24) fallback i=21, candidate=[{'ANSWER': 7.5}]
  # found 0 program(s)
# (t=60.86) fallback i=22, candidate=[{'ANSWER': 75.2}]
  # found 0 program(s)
# (t=63.49) fallback i=23, candidate=[{'ANSWER': 9.7}]
  # found 0 program(s)
# (t=66.13) fallback i=24, candidate=[{'ANSWER': 'Australia'}]
  # found 0 program(s)
# (t=68.76) fallback i=25, candidate=[{'ANSWER': 'Bangladesh'}]
  # found 0 program(s)
# (t=71.41) fallback i=26, candidate=[{'ANSWER': 'Brazil'}]
  # found 0 program(s)
# (t=74.05) fallback i=27, candidate=[{'ANSWER': 'Country'}]
  # found 0 program(s)
# (t=76.02) fallback i=28, candidate=[{'ANSWER': 'Egypt'}]
  # found 0 program(s)
# (t=78.64) fallback i=29, candidate=[{'ANSWER': 'France'}]
  # found 0 program(s)
# (t=81.27) fallback i=30, candidate=[{'ANSWER': 'Germany'}]
  # found 0 program(s)
# (t=83.90) fallback i=31, candidate=[{'ANSWER': 'Hong Kong'}]
  # found 2 program(s)
    # SelectCol(SelectRow1(SelectRow1(@param0, ==, 0, Hong Kong@Str), ==, 1, Total@Str), ['0'])
      --> ['SelectCol', ['SelectRow1', ['SelectRow1', 'input@0', '==', 'Country', 'Hong Kong'], '==', 'Urban/total', 'Total'], ['Country']]
    # SelectCol(SelectRow1(SelectRow1(@param0, ==, 1, Total@Str), ==, 0, Hong Kong@Str), ['0'])
      --> ['SelectCol', ['SelectRow1', ['SelectRow1', 'input@0', '==', 'Urban/total', 'Total'], '==', 'Country', 'Hong Kong'], ['Country']]
# (t=86.51) fallback i=32, candidate=[{'ANSWER': 'India'}]
  # found 0 program(s)
# (t=89.50) fallback i=33, candidate=[{'ANSWER': 'Indonesia'}]
  # found 0 program(s)
# (t=92.16) fallback i=34, candidate=[{'ANSWER': 'Japan'}]
  # found 0 program(s)
# (t=94.81) fallback i=35, candidate=[{'ANSWER': 'Macau'}]
  # found 0 program(s)
# (t=97.47) fallback i=36, candidate=[{'ANSWER': 'Maldives'}]
  # found 0 program(s)
# (t=100.15) fallback i=37, candidate=[{'ANSWER': 'Monaco'}]
  # found 0 program(s)
# (t=102.83) fallback i=38, candidate=[{'ANSWER': 'Persons per square kilometers'}]
  # found 0 program(s)
# (t=104.88) fallback i=39, candidate=[{'ANSWER': 'Rwanda'}]
  # found 0 program(s)
# (t=107.60) fallback i=40, candidate=[{'ANSWER': 'Singapore'}]
  # found 0 program(s)
# (t=110.30) fallback i=41, candidate=[{'ANSWER': 'South Korea'}]
  # found 0 program(s)
# (t=112.95) fallback i=42, candidate=[{'ANSWER': 'Total'}]
  # found 2 program(s)
    # SelectCol(SelectRow1(SelectRow1(@param0, ==, 0, Hong Kong@Str), ==, 1, Total@Str), ['1'])
      --> ['SelectCol', ['SelectRow1', ['SelectRow1', 'input@0', '==', 'Country', 'Hong Kong'], '==', 'Urban/total', 'Total'], ['Urban/total']]
    # SelectCol(SelectRow1(SelectRow1(@param0, ==, 1, Total@Str), ==, 0, Hong Kong@Str), ['1'])
      --> ['SelectCol', ['SelectRow1', ['SelectRow1', 'input@0', '==', 'Urban/total', 'Total'], '==', 'Country', 'Hong Kong'], ['Urban/total']]
# (t=115.60) fallback i=43, candidate=[{'ANSWER': 'Urban'}]
  # found 0 program(s)
# (t=118.28) fallback i=44, candidate=[{'ANSWER': 'Urban/total'}]
  # found 0 program(s)
# (t=120.31) fallback i=45, candidate=[{'ANSWER': 'blue'}]
  # found 2 program(s)
    # SelectCol(SelectRow1(SelectRow1(@param0, ==, 0, Hong Kong@Str), ==, 1, Total@Str), ['3'])
      --> ['SelectCol', ['SelectRow1', ['SelectRow1', 'input@0', '==', 'Country', 'Hong Kong'], '==', 'Urban/total', 'Total'], ['color']]
    # SelectCol(SelectRow1(SelectRow1(@param0, ==, 1, Total@Str), ==, 0, Hong Kong@Str), ['3'])
      --> ['SelectCol', ['SelectRow1', ['SelectRow1', 'input@0', '==', 'Urban/total', 'Total'], '==', 'Country', 'Hong Kong'], ['color']]
# (t=122.96) fallback i=46, candidate=[{'ANSWER': 'color'}]
  # found 0 program(s)
# (t=124.98) fallback i=47, candidate=[{'ANSWER': 'orange'}]
  # found 0 program(s)

# ========== review report ========== #
# top-1, score: 2.42, answer: 6.4
  # tprog: SelectCol(SelectRow1(SelectRow1(@param0, ==, 0, Hong Kong@Str), ==, 1, Total@Str), ['2'])
# top-2, score: 2.42, answer: 6.4
  # tprog: SelectCol(SelectRow1(SelectRow1(@param0, ==, 1, Total@Str), ==, 0, Hong Kong@Str), ['2'])
# top-3, score: 2.42, answer: Hong Kong
  # tprog: SelectCol(SelectRow1(SelectRow1(@param0, ==, 0, Hong Kong@Str), ==, 1, Total@Str), ['0'])
# top-4, score: 2.42, answer: Hong Kong
  # tprog: SelectCol(SelectRow1(SelectRow1(@param0, ==, 1, Total@Str), ==, 0, Hong Kong@Str), ['0'])
# top-5, score: 2.42, answer: Total
  # tprog: SelectCol(SelectRow1(SelectRow1(@param0, ==, 0, Hong Kong@Str), ==, 1, Total@Str), ['1'])
# top-6, score: 2.42, answer: Total
  # tprog: SelectCol(SelectRow1(SelectRow1(@param0, ==, 1, Total@Str), ==, 0, Hong Kong@Str), ['1'])
# top-7, score: 2.42, answer: blue
  # tprog: SelectCol(SelectRow1(SelectRow1(@param0, ==, 0, Hong Kong@Str), ==, 1, Total@Str), ['3'])
# top-8, score: 2.42, answer: blue
  # tprog: SelectCol(SelectRow1(SelectRow1(@param0, ==, 1, Total@Str), ==, 0, Hong Kong@Str), ['3'])
