# parsed arguments: Namespace(benchmark='Q48d30', dsl='meta_visqa', skeletons='visqa_normal', strategy='TaPas_C', fallback='auto', timeout=300, mode='full', expected_only=False)
# loading benchmark...
# table keywords: {'protestants', '81', 'hindus', '8', '83', 'non-christian', 'very/somewhat', '79', '76', 'at', 'orange', '43', 'common', 'all', '86', '24', 'percentage', 'other', '39', 'catholics', '17', 'buddhists', 'religion', '61', 'blue', '21', 'am.', 'christian', 'not', '57', '6', 'response', 'jews', '19', 'muslims', '14', 'native', 'unaffiliated', '94', 'spirituality', '93', '92', 'mormons', 'orthodox', 'color', '7', 'too/not', 'pagan/earth-based'}
# input type: [dtype('O'), dtype('O'), dtype('int64'), dtype('O')]
# input is:
                   Religion                   response  percentage   color
0                   Muslims       Very/somewhat common          57  orange
1                   Muslims  Not too/not at all common          43    blue
2         Pagan/earth-based       Very/somewhat common          39  orange
3         Pagan/earth-based  Not too/not at all common          61    blue
4               Protestants       Very/somewhat common          24  orange
5               Protestants  Not too/not at all common          76    blue
6       Other non-Christian       Very/somewhat common          21  orange
7       Other non-Christian  Not too/not at all common          79    blue
8   Native Am. spirituality       Very/somewhat common          19  orange
9   Native Am. spirituality  Not too/not at all common          81    blue
10                     Jews       Very/somewhat common          17  orange
11                     Jews  Not too/not at all common          83    blue
12             Unaffiliated       Very/somewhat common          14  orange
13             Unaffiliated  Not too/not at all common          86    blue
14                Catholics       Very/somewhat common           8  orange
15                Catholics  Not too/not at all common          92    blue
16                  Mormons       Very/somewhat common           8  orange
17                  Mormons  Not too/not at all common          92    blue
18       Orthodox Christian       Very/somewhat common           6  orange
19       Orthodox Christian  Not too/not at all common          94    blue
20                Buddhists       Very/somewhat common           7  orange
21                Buddhists  Not too/not at all common          93    blue
22                   Hindus       Very/somewhat common           6  orange
23                   Hindus  Not too/not at all common          94    blue
# query is: What is the average percentage of all responses that say "Very/somewhat common"?
# expected output type:[dtype('float64')]
# expected output is:
     ANSWER
0  18.83333
# inferred DSL terminals:
  # ConstVal: ['response@Str', 'Not too/not at all common@Str', 'percentage@Str', 'Very/somewhat common@Str', '<NULL>']
     # cmap: [('percentage', 'percentage'), ('somewhat', 'Very/somewhat common'), ('responses', 'response'), ('common', 'Not too/not at all common'), ('common', 'Very/somewhat common'), ('all', 'Not too/not at all common')]
  # AggrFunc: ['sum', 'mean', '<NULL>']
     # amap: [('average', 'mean'), ('all', 'sum')]
  # NumFunc: ['<NULL>']
     # nmap: []
  # BoolFunc: ['==', '<NULL>']
     # bmap: [(None, '==')]
  # IndFunc: ['<NULL>']
     # imap: []
# loading skeleton list...

# ========== candidate program report ========== #
# (t=0.00) i=0, candidate=[{'ANSWER': 57.0}]
  # found 0 program(s)
# (t=3.80) i=1, candidate=[{'ANSWER': 39.0}]
  # found 0 program(s)
# (t=7.64) i=2, candidate=[{'ANSWER': 24.0}]
  # found 0 program(s)
# (t=11.48) i=3, candidate=[{'ANSWER': 21.0}]
  # found 0 program(s)
# (t=15.27) i=4, candidate=[{'ANSWER': 19.0}]
  # found 0 program(s)
# (t=19.05) i=5, candidate=[{'ANSWER': 17.0}]
  # found 0 program(s)
# (t=22.80) i=6, candidate=[{'ANSWER': 14.0}]
  # found 0 program(s)
# (t=26.52) i=7, candidate=[{'ANSWER': 8.0}]
  # found 0 program(s)
# (t=30.26) i=8, candidate=[{'ANSWER': 6.0}]
  # found 0 program(s)
# (t=34.01) i=9, candidate=[{'ANSWER': 7.0}]
  # found 0 program(s)
# (t=37.76) i=10, candidate=[{'ANSWER': 48.0}]
  # found 0 program(s)
# (t=40.78) i=11, candidate=[{'ANSWER': 40.5}]
  # found 0 program(s)
# (t=43.83) i=12, candidate=[{'ANSWER': 38.0}]
  # found 0 program(s)
# (t=46.87) i=13, candidate=[{'ANSWER': 37.0}]
  # found 0 program(s)
# (t=50.13) i=14, candidate=[{'ANSWER': 35.5}]
  # found 0 program(s)
# (t=53.17) i=15, candidate=[{'ANSWER': 32.5}]
  # found 0 program(s)
# (t=56.21) i=16, candidate=[{'ANSWER': 31.5}]
  # found 0 program(s)
# (t=59.46) i=17, candidate=[{'ANSWER': 32.0}]
  # found 0 program(s)
# (t=62.47) i=18, candidate=[{'ANSWER': 30.0}]
  # found 0 program(s)
# (t=65.40) i=19, candidate=[{'ANSWER': 29.0}]
  # found 0 program(s)
# (t=68.33) i=20, candidate=[{'ANSWER': 28.0}]
  # found 0 program(s)
# (t=71.25) i=21, candidate=[{'ANSWER': 26.5}]
  # found 0 program(s)
# (t=74.20) i=22, candidate=[{'ANSWER': 23.5}]
  # found 0 program(s)
# (t=77.14) i=23, candidate=[{'ANSWER': 22.5}]
  # found 0 program(s)
# (t=80.07) i=24, candidate=[{'ANSWER': 23.0}]
  # found 0 program(s)
# (t=83.02) i=25, candidate=[{'ANSWER': 21.5}]
  # found 0 program(s)
# (t=85.93) i=26, candidate=[{'ANSWER': 20.5}]
  # found 0 program(s)
# (t=88.85) i=27, candidate=[{'ANSWER': 16.0}]
  # found 0 program(s)
# (t=91.78) i=28, candidate=[{'ANSWER': 15.0}]
  # found 0 program(s)
# (t=94.72) i=29, candidate=[{'ANSWER': 15.5}]
  # found 0 program(s)
# ====> fallback strategy (retrieval) is triggered because no explanation is found so far
# ====> retrieval_values: [14, 17, 19, 21, 24, 39, 43, 57, 6, 61, 7, 76, 79, 8, 81, 83, 86, 92, 93, 94, 'Buddhists', 'Catholics', 'Hindus', 'Jews', 'Mormons', 'Muslims', 'Native Am. spirituality', 'Not too/not at all common', 'Orthodox Christian', 'Other non-Christian', 'Pagan/earth-based', 'Protestants', 'Religion', 'Unaffiliated', 'Very/somewhat common', 'blue', 'color', 'orange', 'percentage', 'response']
# (t=97.65) fallback i=0, candidate=[{'ANSWER': 14}]
  # found 0 program(s)
# (t=101.27) fallback i=1, candidate=[{'ANSWER': 17}]
  # found 0 program(s)
# (t=104.90) fallback i=2, candidate=[{'ANSWER': 19}]
  # found 0 program(s)
# (t=108.57) fallback i=3, candidate=[{'ANSWER': 21}]
  # found 0 program(s)
# (t=112.23) fallback i=4, candidate=[{'ANSWER': 24}]
  # found 0 program(s)
# (t=115.90) fallback i=5, candidate=[{'ANSWER': 39}]
  # found 0 program(s)
# (t=119.57) fallback i=6, candidate=[{'ANSWER': 43}]
  # found 0 program(s)
# (t=123.22) fallback i=7, candidate=[{'ANSWER': 57}]
  # found 0 program(s)
# (t=126.84) fallback i=8, candidate=[{'ANSWER': 6}]
  # found 0 program(s)
# (t=130.47) fallback i=9, candidate=[{'ANSWER': 61}]
  # found 0 program(s)
# (t=134.12) fallback i=10, candidate=[{'ANSWER': 7}]
  # found 0 program(s)
# (t=137.75) fallback i=11, candidate=[{'ANSWER': 76}]
  # found 0 program(s)
# (t=141.40) fallback i=12, candidate=[{'ANSWER': 79}]
  # found 0 program(s)
# (t=145.09) fallback i=13, candidate=[{'ANSWER': 8}]
  # found 0 program(s)
# (t=148.75) fallback i=14, candidate=[{'ANSWER': 81}]
  # found 0 program(s)
# (t=152.38) fallback i=15, candidate=[{'ANSWER': 83}]
  # found 0 program(s)
# (t=156.08) fallback i=16, candidate=[{'ANSWER': 86}]
  # found 0 program(s)
# (t=159.78) fallback i=17, candidate=[{'ANSWER': 92}]
  # found 0 program(s)
# (t=163.70) fallback i=18, candidate=[{'ANSWER': 93}]
  # found 0 program(s)
# (t=167.36) fallback i=19, candidate=[{'ANSWER': 94}]
  # found 0 program(s)
# (t=171.03) fallback i=20, candidate=[{'ANSWER': 'Buddhists'}]
  # found 0 program(s)
# (t=174.70) fallback i=21, candidate=[{'ANSWER': 'Catholics'}]
  # found 0 program(s)
# (t=178.39) fallback i=22, candidate=[{'ANSWER': 'Hindus'}]
  # found 0 program(s)
# (t=182.05) fallback i=23, candidate=[{'ANSWER': 'Jews'}]
  # found 0 program(s)
# (t=185.73) fallback i=24, candidate=[{'ANSWER': 'Mormons'}]
  # found 0 program(s)
# (t=189.37) fallback i=25, candidate=[{'ANSWER': 'Muslims'}]
  # found 0 program(s)
# (t=193.05) fallback i=26, candidate=[{'ANSWER': 'Native Am. spirituality'}]
  # found 0 program(s)
# (t=196.75) fallback i=27, candidate=[{'ANSWER': 'Not too/not at all common'}]
  # found 0 program(s)
# (t=200.44) fallback i=28, candidate=[{'ANSWER': 'Orthodox Christian'}]
  # found 0 program(s)
# (t=204.10) fallback i=29, candidate=[{'ANSWER': 'Other non-Christian'}]
  # found 0 program(s)
# (t=207.77) fallback i=30, candidate=[{'ANSWER': 'Pagan/earth-based'}]
  # found 0 program(s)
# (t=211.42) fallback i=31, candidate=[{'ANSWER': 'Protestants'}]
  # found 0 program(s)
# (t=215.07) fallback i=32, candidate=[{'ANSWER': 'Religion'}]
  # found 0 program(s)
# (t=218.01) fallback i=33, candidate=[{'ANSWER': 'Unaffiliated'}]
  # found 0 program(s)
# (t=221.67) fallback i=34, candidate=[{'ANSWER': 'Very/somewhat common'}]
  # found 0 program(s)
# (t=225.35) fallback i=35, candidate=[{'ANSWER': 'blue'}]
  # found 0 program(s)
# (t=229.02) fallback i=36, candidate=[{'ANSWER': 'color'}]
  # found 0 program(s)
# (t=231.94) fallback i=37, candidate=[{'ANSWER': 'orange'}]
  # found 0 program(s)
# (t=235.61) fallback i=38, candidate=[{'ANSWER': 'percentage'}]
  # found 0 program(s)
# (t=238.58) fallback i=39, candidate=[{'ANSWER': 'response'}]
  # found 0 program(s)
# ====> fallback strategy (original) is triggered
# ====> use the original TaPas output as answer, which is: [18.833333333333332]

# ========== review report ========== #
