# parsed arguments: Namespace(benchmark='Q59ba6', dsl='meta_visqa', skeletons='visqa_normal', strategy='TaPas_C', fallback='auto', timeout=300, mode='full', expected_only=False)
# loading benchmark...
# table keywords: {'75.12', 'over', '65.69', '60-64', '70.09', 'color', '70-74', '75.43', 'red', '75.75', 'men', '63.8', '73.55', 'gender', 'women', '67.89', '78.57', '79.52', '55-59', 'all', 'aged', '72.92', 'and', '83.92', '85.49', 'orange', '16', '72.6', 'age', 'percentage', '68.83', 'group', '80.77', '75-79', '84.23', '83.6', 'blue', '80', '82.66', '50-54', '65-69', '84.86'}
# input type: [dtype('O'), dtype('O'), dtype('float64'), dtype('O')]
# input is:
               Age group gender  Percentage   color
0   All aged 16 and over  Women       67.89     red
1   All aged 16 and over    All       65.69    blue
2   All aged 16 and over    Men       63.80  orange
3            80 and over  Women       84.23     red
4            80 and over    All       83.92    blue
5            80 and over    Men       83.92  orange
6                  55-59  Women       73.55     red
7                  55-59    All       72.92    blue
8                  55-59    Men       72.60  orange
9                  60-64  Women       75.75     red
10                 60-64    All       75.43    blue
11                 60-64    Men       75.12  orange
12                 75-79  Women       84.86     red
13                 75-79    All       84.23    blue
14                 75-79    Men       83.60  orange
15                 65-69  Women       80.77     red
16                 65-69    All       79.52    blue
17                 65-69    Men       78.57  orange
18                 50-54  Women       70.09     red
19                 50-54    All       68.83    blue
20                 50-54    Men       67.89  orange
21                 70-74  Women       85.49     red
22                 70-74    All       83.92    blue
23                 70-74    Men       82.66  orange
# query is: What is the highest value of the All bar?
# expected output type:[dtype('float64')]
# expected output is:
   ANSWER
0   84.23
# inferred DSL terminals:
  # ConstVal: ['All@Str', 'All aged 16 and over@Str', '<NULL>']
     # cmap: [('all', 'All aged 16 and over'), ('all', 'All')]
  # AggrFunc: ['sum', 'max', '<NULL>']
     # amap: [('all', 'sum'), ('highest', 'max')]
  # NumFunc: ['<NULL>']
     # nmap: []
  # BoolFunc: ['==', '<NULL>']
     # bmap: [(None, '==')]
  # IndFunc: ['eqmax', '<NULL>']
     # imap: [('highest', 'eqmax')]
# loading skeleton list...

# ========== candidate program report ========== #
# (t=0.00) i=0, candidate=[{'ANSWER': 65.69}]
  # found 2 program(s)
    # SelectCol(SelectRow1(SelectRow1(@param0, ==, 0, All aged 16 and over@Str), ==, 1, All@Str), ['2'])
      --> ['SelectCol', ['SelectRow1', ['SelectRow1', 'input@0', '==', 'Age group', 'All aged 16 and over'], '==', 'gender', 'All'], ['Percentage']]
    # SelectCol(SelectRow1(SelectRow1(@param0, ==, 1, All@Str), ==, 0, All aged 16 and over@Str), ['2'])
      --> ['SelectCol', ['SelectRow1', ['SelectRow1', 'input@0', '==', 'gender', 'All'], '==', 'Age group', 'All aged 16 and over'], ['Percentage']]
# (t=2.73) i=1, candidate=[{'ANSWER': 67.89}]
  # found 3 program(s)
    # SelectCol(SelectRow0(SelectRow1(@param0, ==, 0, All aged 16 and over@Str), eqmax, 2), ['2'])
      --> ['SelectCol', ['SelectRow0', ['SelectRow1', 'input@0', '==', 'Age group', 'All aged 16 and over'], 'eqmax', 'Percentage'], ['Percentage']]
    # Summarize(SelectRow1(@param0, ==, 0, All aged 16 and over@Str), max, 2)
      --> ['Summarize', ['SelectRow1', 'input@0', '==', 'Age group', 'All aged 16 and over'], 'max', 'Percentage']
    # SelectCol(SelectRow0(SelectRow1(SelectRow1(@param0, ==, 0, All aged 16 and over@Str), ==, 0, All aged 16 and over@Str), eqmax, 2), ['2'])
      --> ['SelectCol', ['SelectRow0', ['SelectRow1', ['SelectRow1', 'input@0', '==', 'Age group', 'All aged 16 and over'], '==', 'Age group', 'All aged 16 and over'], 'eqmax', 'Percentage'], ['Percentage']]
# (t=5.42) i=2, candidate=[{'ANSWER': 72.92}]
  # found 0 program(s)
# (t=8.10) i=3, candidate=[{'ANSWER': 63.8}]
  # found 0 program(s)
# (t=10.78) i=4, candidate=[{'ANSWER': 78.57}]
  # found 0 program(s)
# (t=13.47) i=5, candidate=[{'ANSWER': 83.92}]
  # found 8 program(s)
    # SelectCol(SelectRow0(GroupSum(@param0, ['2'], sum, 2), eqmax, 1), ['0'])
      --> ['SelectCol', ['SelectRow0', ['GroupSum', 'input@0', ['Percentage'], 'sum', 'Percentage'], 'eqmax', 'COL0'], ['Percentage']]
    # SelectCol(SelectRow0(GroupSum(@param0, ['2'], sum, 2), eqmax, 1), ['-1'])
      --> ['SelectCol', ['SelectRow0', ['GroupSum', 'input@0', ['Percentage'], 'sum', 'Percentage'], 'eqmax', 'COL0'], ['Percentage']]
    # SelectCol(SelectRow0(GroupSum(@param0, ['0', '2'], sum, 2), eqmax, 2), ['1'])
      --> ['SelectCol', ['SelectRow0', ['GroupSum', 'input@0', ['Age group', 'Percentage'], 'sum', 'Percentage'], 'eqmax', 'COL0'], ['Percentage']]
    # SelectCol(SelectRow0(GroupSum(@param0, ['0', '2'], sum, 2), eqmax, 2), ['-99', '-2'])
      --> ['SelectCol', ['SelectRow0', ['GroupSum', 'input@0', ['Age group', 'Percentage'], 'sum', 'Percentage'], 'eqmax', 'COL0'], ['Percentage']]
    # SelectCol(SelectRow0(GroupSum(@param0, ['1', '2'], sum, 2), eqmax, 2), ['1'])
      --> ['SelectCol', ['SelectRow0', ['GroupSum', 'input@0', ['gender', 'Percentage'], 'sum', 'Percentage'], 'eqmax', 'COL0'], ['Percentage']]
    # SelectCol(SelectRow0(GroupSum(@param0, ['1', '2'], sum, 2), eqmax, 2), ['-99', '-2'])
      --> ['SelectCol', ['SelectRow0', ['GroupSum', 'input@0', ['gender', 'Percentage'], 'sum', 'Percentage'], 'eqmax', 'COL0'], ['Percentage']]
    # SelectCol(SelectRow0(GroupSum(@param0, ['2', '3'], sum, 2), eqmax, 2), ['0'])
      --> ['SelectCol', ['SelectRow0', ['GroupSum', 'input@0', ['Percentage', 'color'], 'sum', 'Percentage'], 'eqmax', 'COL0'], ['Percentage']]
    # SelectCol(SelectRow0(GroupSum(@param0, ['2', '3'], sum, 2), eqmax, 2), ['-1', '-2'])
      --> ['SelectCol', ['SelectRow0', ['GroupSum', 'input@0', ['Percentage', 'color'], 'sum', 'Percentage'], 'eqmax', 'COL0'], ['Percentage']]
# (t=16.19) i=6, candidate=[{'ANSWER': 75.43}]
  # found 0 program(s)
# (t=18.86) i=7, candidate=[{'ANSWER': 68.83}]
  # found 0 program(s)
# (t=21.79) i=8, candidate=[{'ANSWER': 85.49}]
  # found 66 program(s)
    # SelectCol(SelectRow0(GroupSum(@param0, ['0'], max, 2), eqmax, 1), ['1'])
      --> ['SelectCol', ['SelectRow0', ['GroupSum', 'input@0', ['Age group'], 'max', 'Percentage'], 'eqmax', 'COL0'], ['COL0']]
    # SelectCol(SelectRow0(GroupSum(@param0, ['0'], max, 2), eqmax, 1), ['-99'])
      --> ['SelectCol', ['SelectRow0', ['GroupSum', 'input@0', ['Age group'], 'max', 'Percentage'], 'eqmax', 'COL0'], ['COL0']]
    # SelectCol(SelectRow0(GroupSum(@param0, ['1'], max, 2), eqmax, 1), ['1'])
      --> ['SelectCol', ['SelectRow0', ['GroupSum', 'input@0', ['gender'], 'max', 'Percentage'], 'eqmax', 'COL0'], ['COL0']]
    # SelectCol(SelectRow0(GroupSum(@param0, ['1'], max, 2), eqmax, 1), ['-99'])
      --> ['SelectCol', ['SelectRow0', ['GroupSum', 'input@0', ['gender'], 'max', 'Percentage'], 'eqmax', 'COL0'], ['COL0']]
    # SelectCol(SelectRow0(GroupSum(@param0, ['2'], sum, 2), eqmax, 0), ['0'])
      --> ['SelectCol', ['SelectRow0', ['GroupSum', 'input@0', ['Percentage'], 'sum', 'Percentage'], 'eqmax', 'Percentage'], ['Percentage']]
    # SelectCol(SelectRow0(GroupSum(@param0, ['2'], sum, 2), eqmax, 0), ['1'])
      --> ['SelectCol', ['SelectRow0', ['GroupSum', 'input@0', ['Percentage'], 'sum', 'Percentage'], 'eqmax', 'Percentage'], ['COL0']]
    # SelectCol(SelectRow0(GroupSum(@param0, ['2'], sum, 2), eqmax, 0), ['-99'])
      --> ['SelectCol', ['SelectRow0', ['GroupSum', 'input@0', ['Percentage'], 'sum', 'Percentage'], 'eqmax', 'Percentage'], ['COL0']]
    # SelectCol(SelectRow0(GroupSum(@param0, ['2'], sum, 2), eqmax, 0), ['-1'])
      --> ['SelectCol', ['SelectRow0', ['GroupSum', 'input@0', ['Percentage'], 'sum', 'Percentage'], 'eqmax', 'Percentage'], ['Percentage']]
    # SelectCol(SelectRow0(GroupSum(@param0, ['2'], max, 2), eqmax, 0), ['0'])
      --> ['SelectCol', ['SelectRow0', ['GroupSum', 'input@0', ['Percentage'], 'max', 'Percentage'], 'eqmax', 'Percentage'], ['Percentage']]
    # SelectCol(SelectRow0(GroupSum(@param0, ['2'], max, 2), eqmax, 0), ['1'])
      --> ['SelectCol', ['SelectRow0', ['GroupSum', 'input@0', ['Percentage'], 'max', 'Percentage'], 'eqmax', 'Percentage'], ['COL0']]
    # SelectCol(SelectRow0(GroupSum(@param0, ['2'], max, 2), eqmax, 0), ['-99'])
      --> ['SelectCol', ['SelectRow0', ['GroupSum', 'input@0', ['Percentage'], 'max', 'Percentage'], 'eqmax', 'Percentage'], ['COL0']]
    # SelectCol(SelectRow0(GroupSum(@param0, ['2'], max, 2), eqmax, 0), ['-1'])
      --> ['SelectCol', ['SelectRow0', ['GroupSum', 'input@0', ['Percentage'], 'max', 'Percentage'], 'eqmax', 'Percentage'], ['Percentage']]
    # SelectCol(SelectRow0(GroupSum(@param0, ['2'], max, 2), eqmax, 1), ['0'])
      --> ['SelectCol', ['SelectRow0', ['GroupSum', 'input@0', ['Percentage'], 'max', 'Percentage'], 'eqmax', 'COL0'], ['Percentage']]
    # SelectCol(SelectRow0(GroupSum(@param0, ['2'], max, 2), eqmax, 1), ['1'])
      --> ['SelectCol', ['SelectRow0', ['GroupSum', 'input@0', ['Percentage'], 'max', 'Percentage'], 'eqmax', 'COL0'], ['COL0']]
    # SelectCol(SelectRow0(GroupSum(@param0, ['2'], max, 2), eqmax, 1), ['-99'])
      --> ['SelectCol', ['SelectRow0', ['GroupSum', 'input@0', ['Percentage'], 'max', 'Percentage'], 'eqmax', 'COL0'], ['COL0']]
    # SelectCol(SelectRow0(GroupSum(@param0, ['2'], max, 2), eqmax, 1), ['-1'])
      --> ['SelectCol', ['SelectRow0', ['GroupSum', 'input@0', ['Percentage'], 'max', 'Percentage'], 'eqmax', 'COL0'], ['Percentage']]
    # SelectCol(SelectRow0(GroupSum(@param0, ['3'], max, 2), eqmax, 1), ['1'])
      --> ['SelectCol', ['SelectRow0', ['GroupSum', 'input@0', ['color'], 'max', 'Percentage'], 'eqmax', 'COL0'], ['COL0']]
    # SelectCol(SelectRow0(GroupSum(@param0, ['3'], max, 2), eqmax, 1), ['-99'])
      --> ['SelectCol', ['SelectRow0', ['GroupSum', 'input@0', ['color'], 'max', 'Percentage'], 'eqmax', 'COL0'], ['COL0']]
    # SelectCol(SelectRow0(GroupSum(@param0, ['0', '1'], sum, 2), eqmax, 2), ['2'])
      --> ['SelectCol', ['SelectRow0', ['GroupSum', 'input@0', ['Age group', 'gender'], 'sum', 'Percentage'], 'eqmax', 'COL0'], ['COL0']]
    # SelectCol(SelectRow0(GroupSum(@param0, ['0', '1'], sum, 2), eqmax, 2), ['-99', '-1'])
      --> ['SelectCol', ['SelectRow0', ['GroupSum', 'input@0', ['Age group', 'gender'], 'sum', 'Percentage'], 'eqmax', 'COL0'], ['COL0']]
    # SelectCol(SelectRow0(GroupSum(@param0, ['0', '1'], max, 2), eqmax, 2), ['2'])
      --> ['SelectCol', ['SelectRow0', ['GroupSum', 'input@0', ['Age group', 'gender'], 'max', 'Percentage'], 'eqmax', 'COL0'], ['COL0']]
    # SelectCol(SelectRow0(GroupSum(@param0, ['0', '1'], max, 2), eqmax, 2), ['-99', '-1'])
      --> ['SelectCol', ['SelectRow0', ['GroupSum', 'input@0', ['Age group', 'gender'], 'max', 'Percentage'], 'eqmax', 'COL0'], ['COL0']]
    # SelectCol(SelectRow0(GroupSum(@param0, ['0', '2'], sum, 2), eqmax, 1), ['1'])
      --> ['SelectCol', ['SelectRow0', ['GroupSum', 'input@0', ['Age group', 'Percentage'], 'sum', 'Percentage'], 'eqmax', 'Percentage'], ['Percentage']]
    # SelectCol(SelectRow0(GroupSum(@param0, ['0', '2'], sum, 2), eqmax, 1), ['2'])
      --> ['SelectCol', ['SelectRow0', ['GroupSum', 'input@0', ['Age group', 'Percentage'], 'sum', 'Percentage'], 'eqmax', 'Percentage'], ['COL0']]
    # SelectCol(SelectRow0(GroupSum(@param0, ['0', '2'], sum, 2), eqmax, 1), ['-99', '-1'])
      --> ['SelectCol', ['SelectRow0', ['GroupSum', 'input@0', ['Age group', 'Percentage'], 'sum', 'Percentage'], 'eqmax', 'Percentage'], ['COL0']]
    # SelectCol(SelectRow0(GroupSum(@param0, ['0', '2'], sum, 2), eqmax, 1), ['-99', '-2'])
      --> ['SelectCol', ['SelectRow0', ['GroupSum', 'input@0', ['Age group', 'Percentage'], 'sum', 'Percentage'], 'eqmax', 'Percentage'], ['Percentage']]
    # SelectCol(SelectRow0(GroupSum(@param0, ['0', '2'], max, 2), eqmax, 1), ['1'])
      --> ['SelectCol', ['SelectRow0', ['GroupSum', 'input@0', ['Age group', 'Percentage'], 'max', 'Percentage'], 'eqmax', 'Percentage'], ['Percentage']]
    # SelectCol(SelectRow0(GroupSum(@param0, ['0', '2'], max, 2), eqmax, 1), ['2'])
      --> ['SelectCol', ['SelectRow0', ['GroupSum', 'input@0', ['Age group', 'Percentage'], 'max', 'Percentage'], 'eqmax', 'Percentage'], ['COL0']]
    # SelectCol(SelectRow0(GroupSum(@param0, ['0', '2'], max, 2), eqmax, 1), ['-99', '-1'])
      --> ['SelectCol', ['SelectRow0', ['GroupSum', 'input@0', ['Age group', 'Percentage'], 'max', 'Percentage'], 'eqmax', 'Percentage'], ['COL0']]
    # SelectCol(SelectRow0(GroupSum(@param0, ['0', '2'], max, 2), eqmax, 1), ['-99', '-2'])
      --> ['SelectCol', ['SelectRow0', ['GroupSum', 'input@0', ['Age group', 'Percentage'], 'max', 'Percentage'], 'eqmax', 'Percentage'], ['Percentage']]
    # SelectCol(SelectRow0(GroupSum(@param0, ['0', '2'], max, 2), eqmax, 2), ['1'])
      --> ['SelectCol', ['SelectRow0', ['GroupSum', 'input@0', ['Age group', 'Percentage'], 'max', 'Percentage'], 'eqmax', 'COL0'], ['Percentage']]
    # SelectCol(SelectRow0(GroupSum(@param0, ['0', '2'], max, 2), eqmax, 2), ['2'])
      --> ['SelectCol', ['SelectRow0', ['GroupSum', 'input@0', ['Age group', 'Percentage'], 'max', 'Percentage'], 'eqmax', 'COL0'], ['COL0']]
    # SelectCol(SelectRow0(GroupSum(@param0, ['0', '2'], max, 2), eqmax, 2), ['-99', '-1'])
      --> ['SelectCol', ['SelectRow0', ['GroupSum', 'input@0', ['Age group', 'Percentage'], 'max', 'Percentage'], 'eqmax', 'COL0'], ['COL0']]
    # SelectCol(SelectRow0(GroupSum(@param0, ['0', '2'], max, 2), eqmax, 2), ['-99', '-2'])
      --> ['SelectCol', ['SelectRow0', ['GroupSum', 'input@0', ['Age group', 'Percentage'], 'max', 'Percentage'], 'eqmax', 'COL0'], ['Percentage']]
    # SelectCol(SelectRow0(GroupSum(@param0, ['0', '3'], sum, 2), eqmax, 2), ['2'])
      --> ['SelectCol', ['SelectRow0', ['GroupSum', 'input@0', ['Age group', 'color'], 'sum', 'Percentage'], 'eqmax', 'COL0'], ['COL0']]
    # SelectCol(SelectRow0(GroupSum(@param0, ['0', '3'], sum, 2), eqmax, 2), ['-99', '-1'])
      --> ['SelectCol', ['SelectRow0', ['GroupSum', 'input@0', ['Age group', 'color'], 'sum', 'Percentage'], 'eqmax', 'COL0'], ['COL0']]
    # SelectCol(SelectRow0(GroupSum(@param0, ['0', '3'], max, 2), eqmax, 2), ['2'])
      --> ['SelectCol', ['SelectRow0', ['GroupSum', 'input@0', ['Age group', 'color'], 'max', 'Percentage'], 'eqmax', 'COL0'], ['COL0']]
    # SelectCol(SelectRow0(GroupSum(@param0, ['0', '3'], max, 2), eqmax, 2), ['-99', '-1'])
      --> ['SelectCol', ['SelectRow0', ['GroupSum', 'input@0', ['Age group', 'color'], 'max', 'Percentage'], 'eqmax', 'COL0'], ['COL0']]
    # SelectCol(SelectRow0(GroupSum(@param0, ['1', '2'], sum, 2), eqmax, 1), ['1'])
      --> ['SelectCol', ['SelectRow0', ['GroupSum', 'input@0', ['gender', 'Percentage'], 'sum', 'Percentage'], 'eqmax', 'Percentage'], ['Percentage']]
    # SelectCol(SelectRow0(GroupSum(@param0, ['1', '2'], sum, 2), eqmax, 1), ['2'])
      --> ['SelectCol', ['SelectRow0', ['GroupSum', 'input@0', ['gender', 'Percentage'], 'sum', 'Percentage'], 'eqmax', 'Percentage'], ['COL0']]
    # SelectCol(SelectRow0(GroupSum(@param0, ['1', '2'], sum, 2), eqmax, 1), ['-99', '-1'])
      --> ['SelectCol', ['SelectRow0', ['GroupSum', 'input@0', ['gender', 'Percentage'], 'sum', 'Percentage'], 'eqmax', 'Percentage'], ['COL0']]
    # SelectCol(SelectRow0(GroupSum(@param0, ['1', '2'], sum, 2), eqmax, 1), ['-99', '-2'])
      --> ['SelectCol', ['SelectRow0', ['GroupSum', 'input@0', ['gender', 'Percentage'], 'sum', 'Percentage'], 'eqmax', 'Percentage'], ['Percentage']]
    # SelectCol(SelectRow0(GroupSum(@param0, ['1', '2'], max, 2), eqmax, 1), ['1'])
      --> ['SelectCol', ['SelectRow0', ['GroupSum', 'input@0', ['gender', 'Percentage'], 'max', 'Percentage'], 'eqmax', 'Percentage'], ['Percentage']]
    # SelectCol(SelectRow0(GroupSum(@param0, ['1', '2'], max, 2), eqmax, 1), ['2'])
      --> ['SelectCol', ['SelectRow0', ['GroupSum', 'input@0', ['gender', 'Percentage'], 'max', 'Percentage'], 'eqmax', 'Percentage'], ['COL0']]
    # SelectCol(SelectRow0(GroupSum(@param0, ['1', '2'], max, 2), eqmax, 1), ['-99', '-1'])
      --> ['SelectCol', ['SelectRow0', ['GroupSum', 'input@0', ['gender', 'Percentage'], 'max', 'Percentage'], 'eqmax', 'Percentage'], ['COL0']]
    # SelectCol(SelectRow0(GroupSum(@param0, ['1', '2'], max, 2), eqmax, 1), ['-99', '-2'])
      --> ['SelectCol', ['SelectRow0', ['GroupSum', 'input@0', ['gender', 'Percentage'], 'max', 'Percentage'], 'eqmax', 'Percentage'], ['Percentage']]
    # SelectCol(SelectRow0(GroupSum(@param0, ['1', '2'], max, 2), eqmax, 2), ['1'])
      --> ['SelectCol', ['SelectRow0', ['GroupSum', 'input@0', ['gender', 'Percentage'], 'max', 'Percentage'], 'eqmax', 'COL0'], ['Percentage']]
    # SelectCol(SelectRow0(GroupSum(@param0, ['1', '2'], max, 2), eqmax, 2), ['2'])
      --> ['SelectCol', ['SelectRow0', ['GroupSum', 'input@0', ['gender', 'Percentage'], 'max', 'Percentage'], 'eqmax', 'COL0'], ['COL0']]
    # SelectCol(SelectRow0(GroupSum(@param0, ['1', '2'], max, 2), eqmax, 2), ['-99', '-1'])
      --> ['SelectCol', ['SelectRow0', ['GroupSum', 'input@0', ['gender', 'Percentage'], 'max', 'Percentage'], 'eqmax', 'COL0'], ['COL0']]
    # SelectCol(SelectRow0(GroupSum(@param0, ['1', '2'], max, 2), eqmax, 2), ['-99', '-2'])
      --> ['SelectCol', ['SelectRow0', ['GroupSum', 'input@0', ['gender', 'Percentage'], 'max', 'Percentage'], 'eqmax', 'COL0'], ['Percentage']]
    # SelectCol(SelectRow0(GroupSum(@param0, ['1', '3'], max, 2), eqmax, 2), ['2'])
      --> ['SelectCol', ['SelectRow0', ['GroupSum', 'input@0', ['gender', 'color'], 'max', 'Percentage'], 'eqmax', 'COL0'], ['COL0']]
    # SelectCol(SelectRow0(GroupSum(@param0, ['1', '3'], max, 2), eqmax, 2), ['-99', '-1'])
      --> ['SelectCol', ['SelectRow0', ['GroupSum', 'input@0', ['gender', 'color'], 'max', 'Percentage'], 'eqmax', 'COL0'], ['COL0']]
    # SelectCol(SelectRow0(GroupSum(@param0, ['2', '3'], sum, 2), eqmax, 0), ['0'])
      --> ['SelectCol', ['SelectRow0', ['GroupSum', 'input@0', ['Percentage', 'color'], 'sum', 'Percentage'], 'eqmax', 'Percentage'], ['Percentage']]
    # SelectCol(SelectRow0(GroupSum(@param0, ['2', '3'], sum, 2), eqmax, 0), ['2'])
      --> ['SelectCol', ['SelectRow0', ['GroupSum', 'input@0', ['Percentage', 'color'], 'sum', 'Percentage'], 'eqmax', 'Percentage'], ['COL0']]
    # SelectCol(SelectRow0(GroupSum(@param0, ['2', '3'], sum, 2), eqmax, 0), ['-99', '-1'])
      --> ['SelectCol', ['SelectRow0', ['GroupSum', 'input@0', ['Percentage', 'color'], 'sum', 'Percentage'], 'eqmax', 'Percentage'], ['COL0']]
    # SelectCol(SelectRow0(GroupSum(@param0, ['2', '3'], sum, 2), eqmax, 0), ['-1', '-2'])
      --> ['SelectCol', ['SelectRow0', ['GroupSum', 'input@0', ['Percentage', 'color'], 'sum', 'Percentage'], 'eqmax', 'Percentage'], ['Percentage']]
    # SelectCol(SelectRow0(GroupSum(@param0, ['2', '3'], max, 2), eqmax, 0), ['0'])
      --> ['SelectCol', ['SelectRow0', ['GroupSum', 'input@0', ['Percentage', 'color'], 'max', 'Percentage'], 'eqmax', 'Percentage'], ['Percentage']]
    # SelectCol(SelectRow0(GroupSum(@param0, ['2', '3'], max, 2), eqmax, 0), ['2'])
      --> ['SelectCol', ['SelectRow0', ['GroupSum', 'input@0', ['Percentage', 'color'], 'max', 'Percentage'], 'eqmax', 'Percentage'], ['COL0']]
    # SelectCol(SelectRow0(GroupSum(@param0, ['2', '3'], max, 2), eqmax, 0), ['-99', '-1'])
      --> ['SelectCol', ['SelectRow0', ['GroupSum', 'input@0', ['Percentage', 'color'], 'max', 'Percentage'], 'eqmax', 'Percentage'], ['COL0']]
    # SelectCol(SelectRow0(GroupSum(@param0, ['2', '3'], max, 2), eqmax, 0), ['-1', '-2'])
      --> ['SelectCol', ['SelectRow0', ['GroupSum', 'input@0', ['Percentage', 'color'], 'max', 'Percentage'], 'eqmax', 'Percentage'], ['Percentage']]
    # SelectCol(SelectRow0(GroupSum(@param0, ['2', '3'], max, 2), eqmax, 2), ['0'])
      --> ['SelectCol', ['SelectRow0', ['GroupSum', 'input@0', ['Percentage', 'color'], 'max', 'Percentage'], 'eqmax', 'COL0'], ['Percentage']]
    # SelectCol(SelectRow0(GroupSum(@param0, ['2', '3'], max, 2), eqmax, 2), ['2'])
      --> ['SelectCol', ['SelectRow0', ['GroupSum', 'input@0', ['Percentage', 'color'], 'max', 'Percentage'], 'eqmax', 'COL0'], ['COL0']]
    # SelectCol(SelectRow0(GroupSum(@param0, ['2', '3'], max, 2), eqmax, 2), ['-99', '-1'])
      --> ['SelectCol', ['SelectRow0', ['GroupSum', 'input@0', ['Percentage', 'color'], 'max', 'Percentage'], 'eqmax', 'COL0'], ['COL0']]
    # SelectCol(SelectRow0(GroupSum(@param0, ['2', '3'], max, 2), eqmax, 2), ['-1', '-2'])
      --> ['SelectCol', ['SelectRow0', ['GroupSum', 'input@0', ['Percentage', 'color'], 'max', 'Percentage'], 'eqmax', 'COL0'], ['Percentage']]
    # SelectCol(SelectRow0(@param0, eqmax, 2), ['2'])
      --> ['SelectCol', ['SelectRow0', 'input@0', 'eqmax', 'Percentage'], ['Percentage']]
    # Summarize(@param0, max, 2)
      --> ['Summarize', 'input@0', 'max', 'Percentage']
# (t=24.71) i=9, candidate=[{'ANSWER': 79.52}]
  # found 0 program(s)
# (t=27.40) i=10, candidate=[{'ANSWER': 84.23}]
  # found 3 program(s)
    # SelectCol(SelectRow0(SelectRow1(@param0, ==, 1, All@Str), eqmax, 2), ['2'])
      --> ['SelectCol', ['SelectRow0', ['SelectRow1', 'input@0', '==', 'gender', 'All'], 'eqmax', 'Percentage'], ['Percentage']]
    # Summarize(SelectRow1(@param0, ==, 1, All@Str), max, 2)
      --> ['Summarize', ['SelectRow1', 'input@0', '==', 'gender', 'All'], 'max', 'Percentage']
    # SelectCol(SelectRow0(SelectRow1(SelectRow1(@param0, ==, 1, All@Str), ==, 1, All@Str), eqmax, 2), ['2'])
      --> ['SelectCol', ['SelectRow0', ['SelectRow1', ['SelectRow1', 'input@0', '==', 'gender', 'All'], '==', 'gender', 'All'], 'eqmax', 'Percentage'], ['Percentage']]

# ========== review report ========== #
# top-1, score: 2.35, answer: 84.23
  # tprog: Summarize(SelectRow1(@param0, ==, 1, All@Str), max, 2)
# top-2, score: 2.32, answer: 84.23
  # tprog: SelectCol(SelectRow0(SelectRow1(@param0, ==, 1, All@Str), eqmax, 2), ['2'])
# top-3, score: 2.29, answer: 84.23
  # tprog: SelectCol(SelectRow0(SelectRow1(SelectRow1(@param0, ==, 1, All@Str), ==, 1, All@Str), eqmax, 2), ['2'])
# top-4, score: 2.20, answer: 65.69
  # tprog: SelectCol(SelectRow1(SelectRow1(@param0, ==, 0, All aged 16 and over@Str), ==, 1, All@Str), ['2'])
# top-5, score: 2.20, answer: 65.69
  # tprog: SelectCol(SelectRow1(SelectRow1(@param0, ==, 1, All@Str), ==, 0, All aged 16 and over@Str), ['2'])
# top-6, score: 1.36, answer: 85.49
  # tprog: Summarize(@param0, max, 2)
# top-7, score: 1.35, answer: 67.89
  # tprog: Summarize(SelectRow1(@param0, ==, 0, All aged 16 and over@Str), max, 2)
# top-8, score: 1.32, answer: 67.89
  # tprog: SelectCol(SelectRow0(SelectRow1(@param0, ==, 0, All aged 16 and over@Str), eqmax, 2), ['2'])
# top-9, score: 1.32, answer: 83.92
  # tprog: SelectCol(SelectRow0(GroupSum(@param0, ['2'], sum, 2), eqmax, 1), ['0'])
# top-10, score: 1.32, answer: 83.92
  # tprog: SelectCol(SelectRow0(GroupSum(@param0, ['2'], sum, 2), eqmax, 1), ['-1'])
# top-11, score: 1.32, answer: 85.49
  # tprog: SelectCol(SelectRow0(GroupSum(@param0, ['2'], sum, 2), eqmax, 0), ['0'])
# top-12, score: 1.32, answer: 85.49
  # tprog: SelectCol(SelectRow0(GroupSum(@param0, ['2'], sum, 2), eqmax, 0), ['1'])
# top-13, score: 1.32, answer: 85.49
  # tprog: SelectCol(SelectRow0(GroupSum(@param0, ['2'], sum, 2), eqmax, 0), ['-99'])
# top-14, score: 1.32, answer: 85.49
  # tprog: SelectCol(SelectRow0(GroupSum(@param0, ['2'], sum, 2), eqmax, 0), ['-1'])
# top-15, score: 1.31, answer: 83.92
  # tprog: SelectCol(SelectRow0(GroupSum(@param0, ['0', '2'], sum, 2), eqmax, 2), ['1'])
# top-16, score: 1.31, answer: 83.92
  # tprog: SelectCol(SelectRow0(GroupSum(@param0, ['0', '2'], sum, 2), eqmax, 2), ['-99', '-2'])
# top-17, score: 1.31, answer: 83.92
  # tprog: SelectCol(SelectRow0(GroupSum(@param0, ['1', '2'], sum, 2), eqmax, 2), ['1'])
# top-18, score: 1.31, answer: 83.92
  # tprog: SelectCol(SelectRow0(GroupSum(@param0, ['1', '2'], sum, 2), eqmax, 2), ['-99', '-2'])
# top-19, score: 1.31, answer: 83.92
  # tprog: SelectCol(SelectRow0(GroupSum(@param0, ['2', '3'], sum, 2), eqmax, 2), ['0'])
# top-20, score: 1.31, answer: 83.92
  # tprog: SelectCol(SelectRow0(GroupSum(@param0, ['2', '3'], sum, 2), eqmax, 2), ['-1', '-2'])
# top-21, score: 1.31, answer: 85.49
  # tprog: SelectCol(SelectRow0(GroupSum(@param0, ['0', '1'], sum, 2), eqmax, 2), ['2'])
# top-22, score: 1.31, answer: 85.49
  # tprog: SelectCol(SelectRow0(GroupSum(@param0, ['0', '1'], sum, 2), eqmax, 2), ['-99', '-1'])
# top-23, score: 1.31, answer: 85.49
  # tprog: SelectCol(SelectRow0(GroupSum(@param0, ['0', '2'], sum, 2), eqmax, 1), ['1'])
# top-24, score: 1.31, answer: 85.49
  # tprog: SelectCol(SelectRow0(GroupSum(@param0, ['0', '2'], sum, 2), eqmax, 1), ['2'])
# top-25, score: 1.31, answer: 85.49
  # tprog: SelectCol(SelectRow0(GroupSum(@param0, ['0', '2'], sum, 2), eqmax, 1), ['-99', '-1'])
# top-26, score: 1.31, answer: 85.49
  # tprog: SelectCol(SelectRow0(GroupSum(@param0, ['0', '2'], sum, 2), eqmax, 1), ['-99', '-2'])
# top-27, score: 1.31, answer: 85.49
  # tprog: SelectCol(SelectRow0(GroupSum(@param0, ['0', '3'], sum, 2), eqmax, 2), ['2'])
# top-28, score: 1.31, answer: 85.49
  # tprog: SelectCol(SelectRow0(GroupSum(@param0, ['0', '3'], sum, 2), eqmax, 2), ['-99', '-1'])
# top-29, score: 1.31, answer: 85.49
  # tprog: SelectCol(SelectRow0(GroupSum(@param0, ['1', '2'], sum, 2), eqmax, 1), ['1'])
# top-30, score: 1.31, answer: 85.49
  # tprog: SelectCol(SelectRow0(GroupSum(@param0, ['1', '2'], sum, 2), eqmax, 1), ['2'])
# top-31, score: 1.31, answer: 85.49
  # tprog: SelectCol(SelectRow0(GroupSum(@param0, ['1', '2'], sum, 2), eqmax, 1), ['-99', '-1'])
# top-32, score: 1.31, answer: 85.49
  # tprog: SelectCol(SelectRow0(GroupSum(@param0, ['1', '2'], sum, 2), eqmax, 1), ['-99', '-2'])
# top-33, score: 1.31, answer: 85.49
  # tprog: SelectCol(SelectRow0(GroupSum(@param0, ['2', '3'], sum, 2), eqmax, 0), ['0'])
# top-34, score: 1.31, answer: 85.49
  # tprog: SelectCol(SelectRow0(GroupSum(@param0, ['2', '3'], sum, 2), eqmax, 0), ['2'])
# top-35, score: 1.31, answer: 85.49
  # tprog: SelectCol(SelectRow0(GroupSum(@param0, ['2', '3'], sum, 2), eqmax, 0), ['-99', '-1'])
# top-36, score: 1.31, answer: 85.49
  # tprog: SelectCol(SelectRow0(GroupSum(@param0, ['2', '3'], sum, 2), eqmax, 0), ['-1', '-2'])
# top-37, score: 1.29, answer: 67.89
  # tprog: SelectCol(SelectRow0(SelectRow1(SelectRow1(@param0, ==, 0, All aged 16 and over@Str), ==, 0, All aged 16 and over@Str), eqmax, 2), ['2'])
# top-38, score: 1.28, answer: 85.49
  # tprog: SelectCol(SelectRow0(@param0, eqmax, 2), ['2'])
# top-39, score: 1.21, answer: 85.49
  # tprog: SelectCol(SelectRow0(GroupSum(@param0, ['0'], max, 2), eqmax, 1), ['1'])
# top-40, score: 1.21, answer: 85.49
  # tprog: SelectCol(SelectRow0(GroupSum(@param0, ['0'], max, 2), eqmax, 1), ['-99'])
# top-41, score: 1.21, answer: 85.49
  # tprog: SelectCol(SelectRow0(GroupSum(@param0, ['1'], max, 2), eqmax, 1), ['1'])
# top-42, score: 1.21, answer: 85.49
  # tprog: SelectCol(SelectRow0(GroupSum(@param0, ['1'], max, 2), eqmax, 1), ['-99'])
# top-43, score: 1.21, answer: 85.49
  # tprog: SelectCol(SelectRow0(GroupSum(@param0, ['2'], max, 2), eqmax, 0), ['0'])
# top-44, score: 1.21, answer: 85.49
  # tprog: SelectCol(SelectRow0(GroupSum(@param0, ['2'], max, 2), eqmax, 0), ['1'])
# top-45, score: 1.21, answer: 85.49
  # tprog: SelectCol(SelectRow0(GroupSum(@param0, ['2'], max, 2), eqmax, 0), ['-99'])
# top-46, score: 1.21, answer: 85.49
  # tprog: SelectCol(SelectRow0(GroupSum(@param0, ['2'], max, 2), eqmax, 0), ['-1'])
# top-47, score: 1.21, answer: 85.49
  # tprog: SelectCol(SelectRow0(GroupSum(@param0, ['2'], max, 2), eqmax, 1), ['0'])
# top-48, score: 1.21, answer: 85.49
  # tprog: SelectCol(SelectRow0(GroupSum(@param0, ['2'], max, 2), eqmax, 1), ['1'])
# top-49, score: 1.21, answer: 85.49
  # tprog: SelectCol(SelectRow0(GroupSum(@param0, ['2'], max, 2), eqmax, 1), ['-99'])
# top-50, score: 1.21, answer: 85.49
  # tprog: SelectCol(SelectRow0(GroupSum(@param0, ['2'], max, 2), eqmax, 1), ['-1'])
# top-51, score: 1.21, answer: 85.49
  # tprog: SelectCol(SelectRow0(GroupSum(@param0, ['3'], max, 2), eqmax, 1), ['1'])
# top-52, score: 1.21, answer: 85.49
  # tprog: SelectCol(SelectRow0(GroupSum(@param0, ['3'], max, 2), eqmax, 1), ['-99'])
# top-53, score: 1.20, answer: 85.49
  # tprog: SelectCol(SelectRow0(GroupSum(@param0, ['0', '1'], max, 2), eqmax, 2), ['2'])
# top-54, score: 1.20, answer: 85.49
  # tprog: SelectCol(SelectRow0(GroupSum(@param0, ['0', '1'], max, 2), eqmax, 2), ['-99', '-1'])
# top-55, score: 1.20, answer: 85.49
  # tprog: SelectCol(SelectRow0(GroupSum(@param0, ['0', '2'], max, 2), eqmax, 1), ['1'])
# top-56, score: 1.20, answer: 85.49
  # tprog: SelectCol(SelectRow0(GroupSum(@param0, ['0', '2'], max, 2), eqmax, 1), ['2'])
# top-57, score: 1.20, answer: 85.49
  # tprog: SelectCol(SelectRow0(GroupSum(@param0, ['0', '2'], max, 2), eqmax, 1), ['-99', '-1'])
# top-58, score: 1.20, answer: 85.49
  # tprog: SelectCol(SelectRow0(GroupSum(@param0, ['0', '2'], max, 2), eqmax, 1), ['-99', '-2'])
# top-59, score: 1.20, answer: 85.49
  # tprog: SelectCol(SelectRow0(GroupSum(@param0, ['0', '2'], max, 2), eqmax, 2), ['1'])
# top-60, score: 1.20, answer: 85.49
  # tprog: SelectCol(SelectRow0(GroupSum(@param0, ['0', '2'], max, 2), eqmax, 2), ['2'])
# top-61, score: 1.20, answer: 85.49
  # tprog: SelectCol(SelectRow0(GroupSum(@param0, ['0', '2'], max, 2), eqmax, 2), ['-99', '-1'])
# top-62, score: 1.20, answer: 85.49
  # tprog: SelectCol(SelectRow0(GroupSum(@param0, ['0', '2'], max, 2), eqmax, 2), ['-99', '-2'])
# top-63, score: 1.20, answer: 85.49
  # tprog: SelectCol(SelectRow0(GroupSum(@param0, ['0', '3'], max, 2), eqmax, 2), ['2'])
# top-64, score: 1.20, answer: 85.49
  # tprog: SelectCol(SelectRow0(GroupSum(@param0, ['0', '3'], max, 2), eqmax, 2), ['-99', '-1'])
# top-65, score: 1.20, answer: 85.49
  # tprog: SelectCol(SelectRow0(GroupSum(@param0, ['1', '2'], max, 2), eqmax, 1), ['1'])
# top-66, score: 1.20, answer: 85.49
  # tprog: SelectCol(SelectRow0(GroupSum(@param0, ['1', '2'], max, 2), eqmax, 1), ['2'])
# top-67, score: 1.20, answer: 85.49
  # tprog: SelectCol(SelectRow0(GroupSum(@param0, ['1', '2'], max, 2), eqmax, 1), ['-99', '-1'])
# top-68, score: 1.20, answer: 85.49
  # tprog: SelectCol(SelectRow0(GroupSum(@param0, ['1', '2'], max, 2), eqmax, 1), ['-99', '-2'])
# top-69, score: 1.20, answer: 85.49
  # tprog: SelectCol(SelectRow0(GroupSum(@param0, ['1', '2'], max, 2), eqmax, 2), ['1'])
# top-70, score: 1.20, answer: 85.49
  # tprog: SelectCol(SelectRow0(GroupSum(@param0, ['1', '2'], max, 2), eqmax, 2), ['2'])
# top-71, score: 1.20, answer: 85.49
  # tprog: SelectCol(SelectRow0(GroupSum(@param0, ['1', '2'], max, 2), eqmax, 2), ['-99', '-1'])
# top-72, score: 1.20, answer: 85.49
  # tprog: SelectCol(SelectRow0(GroupSum(@param0, ['1', '2'], max, 2), eqmax, 2), ['-99', '-2'])
# top-73, score: 1.20, answer: 85.49
  # tprog: SelectCol(SelectRow0(GroupSum(@param0, ['1', '3'], max, 2), eqmax, 2), ['2'])
# top-74, score: 1.20, answer: 85.49
  # tprog: SelectCol(SelectRow0(GroupSum(@param0, ['1', '3'], max, 2), eqmax, 2), ['-99', '-1'])
# top-75, score: 1.20, answer: 85.49
  # tprog: SelectCol(SelectRow0(GroupSum(@param0, ['2', '3'], max, 2), eqmax, 0), ['0'])
# top-76, score: 1.20, answer: 85.49
  # tprog: SelectCol(SelectRow0(GroupSum(@param0, ['2', '3'], max, 2), eqmax, 0), ['2'])
# top-77, score: 1.20, answer: 85.49
  # tprog: SelectCol(SelectRow0(GroupSum(@param0, ['2', '3'], max, 2), eqmax, 0), ['-99', '-1'])
# top-78, score: 1.20, answer: 85.49
  # tprog: SelectCol(SelectRow0(GroupSum(@param0, ['2', '3'], max, 2), eqmax, 0), ['-1', '-2'])
# top-79, score: 1.20, answer: 85.49
  # tprog: SelectCol(SelectRow0(GroupSum(@param0, ['2', '3'], max, 2), eqmax, 2), ['0'])
# top-80, score: 1.20, answer: 85.49
  # tprog: SelectCol(SelectRow0(GroupSum(@param0, ['2', '3'], max, 2), eqmax, 2), ['2'])
# top-81, score: 1.20, answer: 85.49
  # tprog: SelectCol(SelectRow0(GroupSum(@param0, ['2', '3'], max, 2), eqmax, 2), ['-99', '-1'])
# top-82, score: 1.20, answer: 85.49
  # tprog: SelectCol(SelectRow0(GroupSum(@param0, ['2', '3'], max, 2), eqmax, 2), ['-1', '-2'])
