# parsed arguments: Namespace(benchmark='Q72e14', dsl='meta_visqa', skeletons='visqa_normal', strategy='TaPas_C', fallback='auto', timeout=300, mode='full', expected_only=False)
# loading benchmark...
# table keywords: {'%', '-0.4', 'rank', '-1.5', 'blue', '9', 'income', 'in', '-1.0', 'change', '0.2', '-0.9', '5', '4', '6', 'color', '2', '-1.8', '0.1', '-0.25', '10', '8', '1', '3', '-2.1', '7'}
# input type: [dtype('int64'), dtype('float64'), dtype('O')]
# input is:
   income rank  % change in income color
0            1               -1.80  blue
1            2               -1.50  blue
2            3               -1.00  blue
3            4               -0.90  blue
4            5               -0.40  blue
5            6                0.10  blue
6            7                0.20  blue
7            8                0.10  blue
8            9               -0.25  blue
9           10               -2.10  blue
# query is: What is the value of rank 10
# expected output type:[dtype('float64')]
# expected output is:
   ANSWER
0    -2.1
# inferred DSL terminals:
  # ConstVal: ['10@Int', 'income rank@Str', '<NULL>']
     # cmap: [(10, 10), ('rank', 'income rank')]
  # AggrFunc: ['<NULL>']
     # amap: []
  # NumFunc: ['<NULL>']
     # nmap: []
  # BoolFunc: ['==', '<NULL>']
     # bmap: [(None, '==')]
  # IndFunc: ['<NULL>']
     # imap: []
# loading skeleton list...

# ========== candidate program report ========== #
# (t=0.00) i=0, candidate=[{'ANSWER': -2.1}]
  # found 2 program(s)
    # SelectCol(SelectRow1(@param0, ==, 0, 10@Int), ['1'])
      --> ['SelectCol', ['SelectRow1', 'input@0', '==', 'income rank', 10], ['% change in income']]
    # SelectCol(SelectRow1(@param0, ==, 0, 10@Int), ['-99', '-2'])
      --> ['SelectCol', ['SelectRow1', 'input@0', '==', 'income rank', 10], ['% change in income']]
# (t=0.66) i=1, candidate=[{'ANSWER': -1.8}]
  # found 0 program(s)
# (t=1.32) i=2, candidate=[{'ANSWER': -1.0}]
  # found 0 program(s)
# (t=1.97) i=3, candidate=[{'ANSWER': -0.9}]
  # found 0 program(s)
# (t=2.62) i=4, candidate=[{'ANSWER': -1.5}]
  # found 0 program(s)

# ========== review report ========== #
# top-1, score: 1.43, answer: -2.1
  # tprog: SelectCol(SelectRow1(@param0, ==, 0, 10@Int), ['1'])
# top-2, score: 1.43, answer: -2.1
  # tprog: SelectCol(SelectRow1(@param0, ==, 0, 10@Int), ['-99', '-2'])
