# parsed arguments: Namespace(benchmark='Q7436f', dsl='meta_visqa', skeletons='visqa_normal', strategy='TaPas_C', fallback='auto', timeout=300, mode='full', expected_only=False)
# loading benchmark...
# table keywords: {'poland', '3.959', '19.795', '1.144', 'republic', 'ireland', 'blue', 'france', 'budget', 'estonia', '11.613', '25.249', 'greece', 'finland', '3.695', 'czech', '0.176', '1.672', 'cyprus', '2.551', '5.103', 'latvia', '0.0', '15.748', 'country', '0.616', '10.821', 'austria', 'netherlands', '18.651', 'denmark', 'rebate', 'slovenia', 'germany', '1.496', '16.628', '5.367', '6.246', '2.727', '0.792', 'italy', '1.76', 'orange', '4.223', 'uk', 'bulgaria', '2.199', '0.44', '25.601', '2.023', '1.232', 'spain', 'color', '14.78', '2.375', 'pre', '6.51', 'post', 'portugal', '0.88', 'luxembourg', 'budgetcategory', '20.938', 'malta', '0.264', '1.408', 'slovakia', 'hungary', 'lithuania', 'belgium', 'sweden', 'romania'}
# input type: [dtype('O'), dtype('O'), dtype('float64'), dtype('O')]
# input is:
           country  budgetcategory  budget   color
0        Lithuania   Pre UK rebate   0.440  orange
1        Lithuania  Post UK rebate   0.440    blue
2           Latvia   Pre UK rebate   0.176  orange
3           Latvia  Post UK rebate   0.176    blue
4         Slovenia   Pre UK rebate   0.616  orange
5         Slovenia  Post UK rebate   0.616    blue
6         Bulgaria   Pre UK rebate   0.616  orange
7         Bulgaria  Post UK rebate   0.616    blue
8         Slovakia   Pre UK rebate   0.792  orange
9         Slovakia  Post UK rebate   0.880    blue
10         Ireland   Pre UK rebate   1.408  orange
11         Ireland  Post UK rebate   1.496    blue
12           Italy   Pre UK rebate  15.748  orange
13           Italy  Post UK rebate  16.628    blue
14         Estonia   Pre UK rebate   0.176  orange
15         Estonia  Post UK rebate   0.176    blue
16         Denmark   Pre UK rebate   2.551  orange
17         Denmark  Post UK rebate   2.727    blue
18          Greece   Pre UK rebate   2.199  orange
19          Greece  Post UK rebate   2.375    blue
20         Belgium   Pre UK rebate   5.103  orange
21         Belgium  Post UK rebate   5.367    blue
22         Hungary   Pre UK rebate   1.144  orange
23         Hungary  Post UK rebate   1.232    blue
24  Czech Republic   Pre UK rebate   1.760  orange
25  Czech Republic  Post UK rebate   1.760    blue
26          Poland   Pre UK rebate   3.959  orange
27          Poland  Post UK rebate   4.223    blue
28         Romania   Pre UK rebate   1.408  orange
29         Romania  Post UK rebate   1.496    blue
30          Cyprus   Pre UK rebate   0.264  orange
31          Cyprus  Post UK rebate   0.264    blue
32              UK   Pre UK rebate  18.651  orange
33              UK  Post UK rebate  14.780    blue
34     Netherlands   Pre UK rebate   6.246  orange
35     Netherlands  Post UK rebate   6.510    blue
36        Portugal   Pre UK rebate   1.672  orange
37        Portugal  Post UK rebate   1.760    blue
38          Sweden   Pre UK rebate   3.695  orange
39          Sweden  Post UK rebate   3.695    blue
40           Malta   Pre UK rebate   0.000  orange
41           Malta  Post UK rebate   0.000    blue
42         Germany   Pre UK rebate  25.249  orange
43         Germany  Post UK rebate  25.601    blue
44           Spain   Pre UK rebate  10.821  orange
45           Spain  Post UK rebate  11.613    blue
46         Finland   Pre UK rebate   2.023  orange
47         Finland  Post UK rebate   2.199    blue
48          France   Pre UK rebate  19.795  orange
49          France  Post UK rebate  20.938    blue
50      Luxembourg   Pre UK rebate   0.440  orange
51      Luxembourg  Post UK rebate   0.440    blue
52         Austria   Pre UK rebate   2.727  orange
53         Austria  Post UK rebate   2.727    blue
# query is: Difference between Pre UK rebate and Post UK rebate
# expected output type:[dtype('float64')]
# expected output is:
   ANSWER
0   3.871
# inferred DSL terminals:
  # ConstVal: ['Pre UK rebate@Str', 'UK@Str', 'Post UK rebate@Str', '<NULL>']
     # cmap: [('uk', 'Pre UK rebate'), ('uk', 'Post UK rebate'), ('post', 'Post UK rebate'), ('uk', 'UK'), ('rebate', 'Post UK rebate'), ('rebate', 'Pre UK rebate'), ('pre', 'Pre UK rebate')]
  # AggrFunc: ['<NULL>']
     # amap: []
  # NumFunc: ['diff', '<NULL>']
     # nmap: [('difference', 'diff')]
  # BoolFunc: ['==', '<NULL>']
     # bmap: [(None, '==')]
  # IndFunc: ['<NULL>']
     # imap: []
# ====> fallback strategy (comparison) is triggered
  # [debug] high_values: [(3.8710000000000004, 25), (-3.8710000000000004, 25), (18.651, 20), (18.651, 20), (18.475, 20), (18.475, 20), (18.475, 20), (18.475, 20), (18.387, 20), (18.387, 20)]
  # [debug] high_values (no dup.): []
  # [debug] fallback (comparison) answers are added
# loading skeleton list...

# ========== candidate program report ========== #
# (t=0.00) i=0, candidate=[{'ANSWER': 1}]
  # found 0 program(s)
# (t=2.82) i=1, candidate=[{'ANSWER': 3.8710000000000004}]
  # found 2 program(s)
    # Contrast(SelectRow1(@param0, ==, 0, UK@Str), diff, 1, Pre UK rebate@Str, Post UK rebate@Str, 2)
      --> ['Contrast', ['SelectRow1', 'input@0', '==', 'country', 'UK'], 'diff', 'budgetcategory', 'Pre UK rebate', 'Post UK rebate', 'budget']
    # Contrast(SelectRow1(@param0, ==, 0, UK@Str), diff, 1, Post UK rebate@Str, Pre UK rebate@Str, 2)
      --> ['Contrast', ['SelectRow1', 'input@0', '==', 'country', 'UK'], 'diff', 'budgetcategory', 'Post UK rebate', 'Pre UK rebate', 'budget']
# (t=5.62) i=2, candidate=[{'ANSWER': -3.8710000000000004}]
  # found 0 program(s)
# (t=8.41) i=3, candidate=[{'ANSWER': 18.651}]
  # found 2 program(s)
    # SelectCol(SelectRow1(SelectRow1(@param0, ==, 0, UK@Str), ==, 1, Pre UK rebate@Str), ['2'])
      --> ['SelectCol', ['SelectRow1', ['SelectRow1', 'input@0', '==', 'country', 'UK'], '==', 'budgetcategory', 'Pre UK rebate'], ['budget']]
    # SelectCol(SelectRow1(SelectRow1(@param0, ==, 1, Pre UK rebate@Str), ==, 0, UK@Str), ['2'])
      --> ['SelectCol', ['SelectRow1', ['SelectRow1', 'input@0', '==', 'budgetcategory', 'Pre UK rebate'], '==', 'country', 'UK'], ['budget']]
# (t=12.08) i=4, candidate=[{'ANSWER': 18.651}]
  # found 2 program(s)
    # SelectCol(SelectRow1(SelectRow1(@param0, ==, 0, UK@Str), ==, 1, Pre UK rebate@Str), ['2'])
      --> ['SelectCol', ['SelectRow1', ['SelectRow1', 'input@0', '==', 'country', 'UK'], '==', 'budgetcategory', 'Pre UK rebate'], ['budget']]
    # SelectCol(SelectRow1(SelectRow1(@param0, ==, 1, Pre UK rebate@Str), ==, 0, UK@Str), ['2'])
      --> ['SelectCol', ['SelectRow1', ['SelectRow1', 'input@0', '==', 'budgetcategory', 'Pre UK rebate'], '==', 'country', 'UK'], ['budget']]
# (t=15.76) i=5, candidate=[{'ANSWER': 18.475}]
  # found 0 program(s)
# (t=18.51) i=6, candidate=[{'ANSWER': 18.475}]
  # found 0 program(s)
# (t=21.28) i=7, candidate=[{'ANSWER': 18.475}]
  # found 0 program(s)
# (t=24.00) i=8, candidate=[{'ANSWER': 18.475}]
  # found 0 program(s)
# (t=26.72) i=9, candidate=[{'ANSWER': 18.387}]
  # found 0 program(s)
# (t=29.44) i=10, candidate=[{'ANSWER': 18.387}]
  # found 0 program(s)

# ========== review report ========== #
# top-1, score: 2.65, answer: 3.8710000000000004
  # tprog: Contrast(SelectRow1(@param0, ==, 0, UK@Str), diff, 1, Pre UK rebate@Str, Post UK rebate@Str, 2)
# top-2, score: 2.65, answer: 3.8710000000000004
  # tprog: Contrast(SelectRow1(@param0, ==, 0, UK@Str), diff, 1, Post UK rebate@Str, Pre UK rebate@Str, 2)
# top-3, score: 2.42, answer: 18.651
  # tprog: SelectCol(SelectRow1(SelectRow1(@param0, ==, 0, UK@Str), ==, 1, Pre UK rebate@Str), ['2'])
# top-4, score: 2.42, answer: 18.651
  # tprog: SelectCol(SelectRow1(SelectRow1(@param0, ==, 1, Pre UK rebate@Str), ==, 0, UK@Str), ['2'])
# top-5, score: 2.42, answer: 18.651
  # tprog: SelectCol(SelectRow1(SelectRow1(@param0, ==, 0, UK@Str), ==, 1, Pre UK rebate@Str), ['2'])
# top-6, score: 2.42, answer: 18.651
  # tprog: SelectCol(SelectRow1(SelectRow1(@param0, ==, 1, Pre UK rebate@Str), ==, 0, UK@Str), ['2'])
