# parsed arguments: Namespace(benchmark='Q8c373', dsl='meta_visqa', skeletons='visqa_normal', strategy='TaPas_C', fallback='auto', timeout=300, mode='full', expected_only=False)
# loading benchmark...
# table keywords: {'tza', 'moz', '899670000', '2219230000', '1655460000', 'vnm', 'blue', '1215280000', 'bgd', 'pak', '1824530000', 'eth', 'color', 'ind', 'afg', 'zaf', '1538320000', '2006940000', 'sdn', '1158820000', '2388330000', 'cog', 'idn', 'chn', '1357330000', 'hti', '886580000', '821580000', 'gha', 'donation', 'country', 'irq', '1927720000', 'nga', '2327780000', '925510000', 'ken', '5472120000', 'cod', '849210000', '1033040000', 'uga', '2415910000', '1031740000'}
# input type: [dtype('O'), dtype('int64'), dtype('O')]
# input is:
   country    donation color
0      AFG  5472120000  blue
1      PAK  2415910000  blue
2      COD  2388330000  blue
3      HTI  2327780000  blue
4      IND  2219230000  blue
5      IRQ  2006940000  blue
6      ETH  1927720000  blue
7      VNM  1824530000  blue
8      TZA  1655460000  blue
9      SDN  1538320000  blue
10     MOZ  1357330000  blue
11     COG  1215280000  blue
12     KEN  1158820000  blue
13     UGA  1033040000  blue
14     IDN  1031740000  blue
15     CHN   925510000  blue
16     GHA   899670000  blue
17     BGD   886580000  blue
18     NGA   849210000  blue
19     ZAF   821580000  blue
# query is: Did IRQ receive less in donations that CHN?
# expected output type:[dtype('O')]
# expected output is:
  ANSWER
0     No
# inferred DSL terminals:
  # ConstVal: ['donation@Str', 'IRQ@Str', 'CHN@Str', '<NULL>']
     # cmap: [('chn', 'CHN'), ('donations', 'donation'), ('irq', 'IRQ')]
  # AggrFunc: ['<NULL>']
     # amap: []
  # NumFunc: ['-', '<NULL>']
     # nmap: [('less', '-')]
  # BoolFunc: ['<=', '==', '<', '<NULL>']
     # bmap: [(None, '=='), ('less', '<='), ('less', '<')]
  # IndFunc: ['<NULL>']
     # imap: []
# ====> fallback strategy (comparison) is triggered
  # [debug] high_values: [(1081430000, 4), (-1081430000, 4)]
  # [debug] high_values (no dup.): [(4546610000, 2), (3465180000, 2), (1490400000, 2), (1462820000, 2), (1402270000, 2), (1293720000, 2), (1185360000, 2), (1157730000, 2), (1120360000, 2), (1107270000, 2)]
  # [debug] fallback (comparison) answers are added
# loading skeleton list...

# ========== candidate program report ========== #
# (t=0.00) i=0, candidate=[{'ANSWER': 'ZAF'}]
  # found 0 program(s)
# (t=1.68) i=1, candidate=[{'ANSWER': 'ETH'}, {'ANSWER': 'ZAF'}]
  # found 0 program(s)
# (t=1.86) i=2, candidate=[{'ANSWER': 'ETH'}]
  # found 0 program(s)
# (t=3.54) i=3, candidate=[{'ANSWER': 'ETH'}, {'ANSWER': 'IRQ'}, {'ANSWER': 'ZAF'}]
  # found 0 program(s)
# (t=3.72) i=4, candidate=[{'ANSWER': 'ETH'}, {'ANSWER': 'VNM'}, {'ANSWER': 'ZAF'}]
  # found 0 program(s)
# (t=3.91) i=5, candidate=[{'ANSWER': 'BGD'}, {'ANSWER': 'ETH'}, {'ANSWER': 'ZAF'}]
  # found 0 program(s)
# (t=4.09) i=6, candidate=[{'ANSWER': 'CHN'}, {'ANSWER': 'ETH'}, {'ANSWER': 'ZAF'}]
  # found 0 program(s)
# (t=4.28) i=7, candidate=[{'ANSWER': 'IRQ'}, {'ANSWER': 'ZAF'}]
  # found 0 program(s)
# (t=4.46) i=8, candidate=[{'ANSWER': 'VNM'}, {'ANSWER': 'ZAF'}]
  # found 0 program(s)
# (t=4.64) i=9, candidate=[{'ANSWER': 'BGD'}, {'ANSWER': 'ZAF'}]
  # found 0 program(s)
# (t=4.83) i=10, candidate=[{'ANSWER': 'CHN'}, {'ANSWER': 'ZAF'}]
  # found 0 program(s)
# (t=5.01) i=11, candidate=[{'ANSWER': 'ETH'}, {'ANSWER': 'IRQ'}]
  # found 0 program(s)
# (t=5.19) i=12, candidate=[{'ANSWER': 'ETH'}, {'ANSWER': 'VNM'}]
  # found 0 program(s)
# (t=5.38) i=13, candidate=[{'ANSWER': 'BGD'}, {'ANSWER': 'ETH'}]
  # found 0 program(s)
# (t=5.56) i=14, candidate=[{'ANSWER': 'CHN'}, {'ANSWER': 'ETH'}]
  # found 0 program(s)
# (t=5.74) i=15, candidate=[{'ANSWER': 'IRQ'}, {'ANSWER': 'VNM'}, {'ANSWER': 'ZAF'}]
  # found 0 program(s)
# (t=5.93) i=16, candidate=[{'ANSWER': 'BGD'}, {'ANSWER': 'IRQ'}, {'ANSWER': 'ZAF'}]
  # found 0 program(s)
# (t=6.11) i=17, candidate=[{'ANSWER': 'CHN'}, {'ANSWER': 'IRQ'}, {'ANSWER': 'ZAF'}]
  # found 0 program(s)
# (t=6.30) i=18, candidate=[{'ANSWER': 'BGD'}, {'ANSWER': 'VNM'}, {'ANSWER': 'ZAF'}]
  # found 0 program(s)
# (t=6.48) i=19, candidate=[{'ANSWER': 'CHN'}, {'ANSWER': 'VNM'}, {'ANSWER': 'ZAF'}]
  # found 0 program(s)
# (t=6.66) i=20, candidate=[{'ANSWER': 'BGD'}, {'ANSWER': 'CHN'}, {'ANSWER': 'ZAF'}]
  # found 0 program(s)
# (t=6.85) i=21, candidate=[{'ANSWER': 'ETH'}, {'ANSWER': 'IRQ'}, {'ANSWER': 'VNM'}]
  # found 0 program(s)
# (t=7.03) i=22, candidate=[{'ANSWER': 'BGD'}, {'ANSWER': 'ETH'}, {'ANSWER': 'IRQ'}]
  # found 0 program(s)
# (t=7.22) i=23, candidate=[{'ANSWER': 'CHN'}, {'ANSWER': 'ETH'}, {'ANSWER': 'IRQ'}]
  # found 0 program(s)
# (t=7.40) i=24, candidate=[{'ANSWER': 'BGD'}, {'ANSWER': 'ETH'}, {'ANSWER': 'VNM'}]
  # found 0 program(s)
# (t=7.59) i=25, candidate=[{'ANSWER': 'CHN'}, {'ANSWER': 'ETH'}, {'ANSWER': 'VNM'}]
  # found 0 program(s)
# (t=7.78) i=26, candidate=[{'ANSWER': 'BGD'}, {'ANSWER': 'CHN'}, {'ANSWER': 'ETH'}]
  # found 0 program(s)
# (t=7.96) i=27, candidate=[{'ANSWER': 'IRQ'}]
  # found 2 program(s)
    # SelectCol(SelectRow1(@param0, ==, 0, IRQ@Str), ['0'])
      --> ['SelectCol', ['SelectRow1', 'input@0', '==', 'country', 'IRQ'], ['country']]
    # SelectCol(SelectRow1(@param0, ==, 0, IRQ@Str), ['-1', '-2'])
      --> ['SelectCol', ['SelectRow1', 'input@0', '==', 'country', 'IRQ'], ['country']]
# (t=9.67) i=28, candidate=[{'ANSWER': 'IRQ'}, {'ANSWER': 'VNM'}]
  # found 0 program(s)
# (t=9.85) i=29, candidate=[{'ANSWER': 'BGD'}, {'ANSWER': 'IRQ'}]
  # found 0 program(s)
# (t=10.04) i=30, candidate=[{'ANSWER': 1081430000}]
  # found 1 program(s)
    # Contrast(@param0, -, 0, IRQ@Str, CHN@Str, 1)
      --> ['Contrast', 'input@0', '-', 'country', 'IRQ', 'CHN', 'donation']
# (t=11.54) i=31, candidate=[{'ANSWER': -1081430000}]
  # found 1 program(s)
    # Contrast(@param0, -, 0, CHN@Str, IRQ@Str, 1)
      --> ['Contrast', 'input@0', '-', 'country', 'CHN', 'IRQ', 'donation']

# ========== review report ========== #
# top-1, score: 2.64, answer: 1081430000
  # tprog: Contrast(@param0, -, 0, IRQ@Str, CHN@Str, 1)
# top-2, score: 2.64, answer: -1081430000
  # tprog: Contrast(@param0, -, 0, CHN@Str, IRQ@Str, 1)
# top-3, score: 2.27, answer: IRQ
  # tprog: SelectCol(SelectRow1(@param0, ==, 0, IRQ@Str), ['0'])
# top-4, score: 2.27, answer: IRQ
  # tprog: SelectCol(SelectRow1(@param0, ==, 0, IRQ@Str), ['-1', '-2'])
