# parsed arguments: Namespace(benchmark='Qc8d06', dsl='meta_visqa', skeletons='visqa_normal', strategy='TaPas_C', fallback='auto', timeout=300, mode='full', expected_only=False)
# loading benchmark...
# table keywords: {'173576', 'airport', 'stansted', '158239', 'birmingham', 'southampton', 'handled', 'city', '208123', '331607', 'passengers', '100003', 'heathrow', 'luton', 'london', '276488', 'blue', '239666', 'bristol', 'color', 'gatwick', '607417', '828531', 'belfast', '266987', 'international'}
# input type: [dtype('O'), dtype('int64'), dtype('O')]
# input is:
                 Airport  Passengers handled color
0        London Heathrow              828531  blue
1         London Gatwick              607417  blue
2        London Stansted              331607  blue
3           London Luton              276488  blue
4  Belfast International              266987  blue
5                Bristol              239666  blue
6             Birmingham              208123  blue
7            Southampton              173576  blue
8            London City              158239  blue
9           Belfast City              100003  blue
# query is: What is on the y-axis?
# expected output type:[dtype('O')]
# expected output is:
               ANSWER
0  Passengers handled
# inferred DSL terminals:
  # ConstVal: ['<NULL>']
     # cmap: []
  # AggrFunc: ['<NULL>']
     # amap: []
  # NumFunc: ['<NULL>']
     # nmap: []
  # BoolFunc: ['==', '<NULL>']
     # bmap: [(None, '==')]
  # IndFunc: ['<NULL>']
     # imap: []
# loading skeleton list...

# ========== candidate program report ========== #
# (t=0.00) i=0, candidate=[{'ANSWER': 'Belfast International'}]
  # found 0 program(s)
# (t=0.13) i=1, candidate=[{'ANSWER': 'Belfast International'}, {'ANSWER': 'Birmingham'}]
  # found 0 program(s)
# (t=0.22) i=2, candidate=[{'ANSWER': 'Belfast International'}, {'ANSWER': 'London Heathrow'}]
  # found 0 program(s)
# (t=0.30) i=3, candidate=[{'ANSWER': 'Belfast International'}, {'ANSWER': 'Bristol'}]
  # found 0 program(s)
# (t=0.39) i=4, candidate=[{'ANSWER': 'Belfast International'}, {'ANSWER': 'London Gatwick'}]
  # found 0 program(s)
# (t=0.48) i=5, candidate=[{'ANSWER': 'Belfast City'}, {'ANSWER': 'Belfast International'}]
  # found 0 program(s)
# (t=0.57) i=6, candidate=[{'ANSWER': 'Belfast International'}, {'ANSWER': 'London Luton'}]
  # found 0 program(s)
# (t=0.66) i=7, candidate=[{'ANSWER': 'Belfast International'}, {'ANSWER': 'Southampton'}]
  # found 0 program(s)
# (t=0.74) i=8, candidate=[{'ANSWER': 'Belfast International'}, {'ANSWER': 'London Stansted'}]
  # found 0 program(s)
# (t=0.83) i=9, candidate=[{'ANSWER': 'Belfast International'}, {'ANSWER': 'London City'}]
  # found 0 program(s)
# (t=0.92) i=10, candidate=[{'ANSWER': 'Birmingham'}]
  # found 0 program(s)
# (t=1.04) i=11, candidate=[{'ANSWER': 'Birmingham'}, {'ANSWER': 'London Heathrow'}]
  # found 0 program(s)
# (t=1.13) i=12, candidate=[{'ANSWER': 'Birmingham'}, {'ANSWER': 'Bristol'}]
  # found 0 program(s)
# (t=1.22) i=13, candidate=[{'ANSWER': 'Birmingham'}, {'ANSWER': 'London Gatwick'}]
  # found 0 program(s)
# (t=1.30) i=14, candidate=[{'ANSWER': 'Belfast City'}, {'ANSWER': 'Birmingham'}]
  # found 0 program(s)
# (t=1.39) i=15, candidate=[{'ANSWER': 'Birmingham'}, {'ANSWER': 'London Luton'}]
  # found 0 program(s)
# (t=1.48) i=16, candidate=[{'ANSWER': 'Birmingham'}, {'ANSWER': 'Southampton'}]
  # found 0 program(s)
# (t=1.57) i=17, candidate=[{'ANSWER': 'Birmingham'}, {'ANSWER': 'London Stansted'}]
  # found 0 program(s)
# (t=1.66) i=18, candidate=[{'ANSWER': 'Birmingham'}, {'ANSWER': 'London City'}]
  # found 0 program(s)
# (t=1.74) i=19, candidate=[{'ANSWER': 'London Heathrow'}]
  # found 0 program(s)
# (t=1.87) i=20, candidate=[{'ANSWER': 'Bristol'}, {'ANSWER': 'London Heathrow'}]
  # found 0 program(s)
# (t=1.95) i=21, candidate=[{'ANSWER': 'London Gatwick'}, {'ANSWER': 'London Heathrow'}]
  # found 0 program(s)
# (t=2.04) i=22, candidate=[{'ANSWER': 'Belfast City'}, {'ANSWER': 'London Heathrow'}]
  # found 0 program(s)
# (t=2.13) i=23, candidate=[{'ANSWER': 'London Heathrow'}, {'ANSWER': 'London Luton'}]
  # found 0 program(s)
# (t=2.21) i=24, candidate=[{'ANSWER': 'London Heathrow'}, {'ANSWER': 'Southampton'}]
  # found 0 program(s)
# (t=2.30) i=25, candidate=[{'ANSWER': 'London Heathrow'}, {'ANSWER': 'London Stansted'}]
  # found 0 program(s)
# (t=2.39) i=26, candidate=[{'ANSWER': 'London City'}, {'ANSWER': 'London Heathrow'}]
  # found 0 program(s)
# (t=2.48) i=27, candidate=[{'ANSWER': 'Bristol'}]
  # found 0 program(s)
# (t=2.60) i=28, candidate=[{'ANSWER': 'Bristol'}, {'ANSWER': 'London Gatwick'}]
  # found 0 program(s)
# (t=2.68) i=29, candidate=[{'ANSWER': 'Belfast City'}, {'ANSWER': 'Bristol'}]
  # found 0 program(s)
# ====> fallback strategy (retrieval) is triggered because no explanation is found so far
# ====> retrieval_values: [100003, 158239, 173576, 208123, 239666, 266987, 276488, 331607, 607417, 828531, 'Airport', 'Belfast City', 'Belfast International', 'Birmingham', 'Bristol', 'London City', 'London Gatwick', 'London Heathrow', 'London Luton', 'London Stansted', 'Passengers handled', 'Southampton', 'blue', 'color']
# (t=2.77) fallback i=0, candidate=[{'ANSWER': 100003}]
  # found 0 program(s)
# (t=2.89) fallback i=1, candidate=[{'ANSWER': 158239}]
  # found 0 program(s)
# (t=3.01) fallback i=2, candidate=[{'ANSWER': 173576}]
  # found 0 program(s)
# (t=3.14) fallback i=3, candidate=[{'ANSWER': 208123}]
  # found 0 program(s)
# (t=3.26) fallback i=4, candidate=[{'ANSWER': 239666}]
  # found 0 program(s)
# (t=3.38) fallback i=5, candidate=[{'ANSWER': 266987}]
  # found 0 program(s)
# (t=3.50) fallback i=6, candidate=[{'ANSWER': 276488}]
  # found 0 program(s)
# (t=3.63) fallback i=7, candidate=[{'ANSWER': 331607}]
  # found 0 program(s)
# (t=3.75) fallback i=8, candidate=[{'ANSWER': 607417}]
  # found 0 program(s)
# (t=3.87) fallback i=9, candidate=[{'ANSWER': 828531}]
  # found 0 program(s)
# (t=4.00) fallback i=10, candidate=[{'ANSWER': 'Airport'}]
  # found 0 program(s)
# (t=4.08) fallback i=11, candidate=[{'ANSWER': 'Belfast City'}]
  # found 0 program(s)
# (t=4.20) fallback i=12, candidate=[{'ANSWER': 'Belfast International'}]
  # found 0 program(s)
# (t=4.33) fallback i=13, candidate=[{'ANSWER': 'Birmingham'}]
  # found 0 program(s)
# (t=4.45) fallback i=14, candidate=[{'ANSWER': 'Bristol'}]
  # found 0 program(s)
# (t=4.58) fallback i=15, candidate=[{'ANSWER': 'London City'}]
  # found 0 program(s)
# (t=4.70) fallback i=16, candidate=[{'ANSWER': 'London Gatwick'}]
  # found 0 program(s)
# (t=4.82) fallback i=17, candidate=[{'ANSWER': 'London Heathrow'}]
  # found 0 program(s)
# (t=4.95) fallback i=18, candidate=[{'ANSWER': 'London Luton'}]
  # found 0 program(s)
# (t=5.07) fallback i=19, candidate=[{'ANSWER': 'London Stansted'}]
  # found 0 program(s)
# (t=5.19) fallback i=20, candidate=[{'ANSWER': 'Passengers handled'}]
  # found 0 program(s)
# (t=5.27) fallback i=21, candidate=[{'ANSWER': 'Southampton'}]
  # found 0 program(s)
# (t=5.39) fallback i=22, candidate=[{'ANSWER': 'blue'}]
  # found 0 program(s)
# (t=5.51) fallback i=23, candidate=[{'ANSWER': 'color'}]
  # found 0 program(s)
# ====> fallback strategy (original) is triggered
# ====> use the original TaPas output as answer, which is: ['<no answer>']

# ========== review report ========== #
