# parsed arguments: Namespace(benchmark='Qd52b6', dsl='meta_visqa', skeletons='visqa_normal', strategy='TaPas_C', fallback='auto', timeout=300, mode='full', expected_only=False)
# loading benchmark...
# table keywords: {'muslims', 'spirituality', '19', '17', '83', 'common', 'native', 'mormons', '81', '7', '61', '14', 'jews', '8', 'hindus', 'catholics', 'other', '21', 'too/not', 'christian', '6', 'all', 'protestants', 'buddhists', 'color', 'at', 'unaffiliated', 'religion', 'non-christian', 'not', '43', '39', '93', 'pagan/earth-based', 'very/somewhat', 'percentage', 'am.', '94', 'orange', '76', '79', 'blue', 'orthodox', '57', '24', '86', 'response', '92'}
# input type: [dtype('O'), dtype('O'), dtype('int64'), dtype('O')]
# input is:
                   Religion                   response  percentage   color
0                   Muslims       Very/somewhat common          57  orange
1                   Muslims  Not too/not at all common          43    blue
2         Pagan/earth-based       Very/somewhat common          39  orange
3         Pagan/earth-based  Not too/not at all common          61    blue
4               Protestants       Very/somewhat common          24  orange
5               Protestants  Not too/not at all common          76    blue
6       Other non-Christian       Very/somewhat common          21  orange
7       Other non-Christian  Not too/not at all common          79    blue
8   Native Am. spirituality       Very/somewhat common          19  orange
9   Native Am. spirituality  Not too/not at all common          81    blue
10                     Jews       Very/somewhat common          17  orange
11                     Jews  Not too/not at all common          83    blue
12             Unaffiliated       Very/somewhat common          14  orange
13             Unaffiliated  Not too/not at all common          86    blue
14                Catholics       Very/somewhat common           8  orange
15                Catholics  Not too/not at all common          92    blue
16                  Mormons       Very/somewhat common           8  orange
17                  Mormons  Not too/not at all common          92    blue
18       Orthodox Christian       Very/somewhat common           6  orange
19       Orthodox Christian  Not too/not at all common          94    blue
20                Buddhists       Very/somewhat common           7  orange
21                Buddhists  Not too/not at all common          93    blue
22                   Hindus       Very/somewhat common           6  orange
23                   Hindus  Not too/not at all common          94    blue
# query is: Which religions had more than 20% of responses say "Very/somewhat common"?
# expected output type:[dtype('O')]
# expected output is:
                ANSWER
0              Muslims
1  Other non-Christian
2    Pagan/earth-based
3          Protestants
# inferred DSL terminals:
  # ConstVal: ['Not too/not at all common@Str', 'response@Str', 'Very/somewhat common@Str', 'Religion@Str', '<NULL>']
     # cmap: [('somewhat', 'Very/somewhat common'), ('common', 'Very/somewhat common'), ('religions', 'Religion'), ('responses', 'response'), ('common', 'Not too/not at all common')]
  # AggrFunc: ['<NULL>']
     # amap: []
  # NumFunc: ['-', '<NULL>']
     # nmap: [('more', '-')]
  # BoolFunc: ['>=', '>', '==', '<NULL>']
     # bmap: [('more', '>='), (None, '=='), ('more', '>')]
  # IndFunc: ['<NULL>']
     # imap: []
# ====> fallback strategy (comparison) is triggered
  # [debug] high_values: [(51, 9), (51, 9), (50, 9), (49, 9), (49, 9), (43, 9), (40, 9), (38, 9), (36, 9), (33, 9)]
  # [debug] high_values (no dup.): []
  # [debug] fallback (comparison) answers are added
# loading skeleton list...

# ========== candidate program report ========== #
# (t=0.00) i=0, candidate=[{'ANSWER': 'Muslims'}]
  # found 0 program(s)
# (t=6.16) i=1, candidate=[{'ANSWER': 'Pagan/earth-based'}]
  # found 0 program(s)
# (t=12.34) i=2, candidate=[{'ANSWER': 'Muslims'}, {'ANSWER': 'Pagan/earth-based'}]
  # found 0 program(s)
# (t=13.11) i=3, candidate=[{'ANSWER': 'Muslims'}, {'ANSWER': 'Protestants'}]
  # found 0 program(s)
# (t=13.90) i=4, candidate=[{'ANSWER': 'Pagan/earth-based'}, {'ANSWER': 'Protestants'}]
  # found 0 program(s)
# (t=14.68) i=5, candidate=[{'ANSWER': 'Protestants'}]
  # found 0 program(s)
# (t=20.90) i=6, candidate=[{'ANSWER': 'Muslims'}, {'ANSWER': 'Other non-Christian'}]
  # found 0 program(s)
# (t=21.69) i=7, candidate=[{'ANSWER': 'Other non-Christian'}, {'ANSWER': 'Pagan/earth-based'}]
  # found 0 program(s)
# (t=22.47) i=8, candidate=[{'ANSWER': 'Other non-Christian'}, {'ANSWER': 'Protestants'}]
  # found 0 program(s)
# (t=23.26) i=9, candidate=[{'ANSWER': 'Other non-Christian'}]
  # found 0 program(s)
# (t=29.57) i=10, candidate=[{'ANSWER': 'Catholics'}, {'ANSWER': 'Muslims'}]
  # found 0 program(s)
# (t=30.37) i=11, candidate=[{'ANSWER': 'Muslims'}, {'ANSWER': 'Native Am. spirituality'}]
  # found 0 program(s)
# (t=31.17) i=12, candidate=[{'ANSWER': 'Mormons'}, {'ANSWER': 'Muslims'}]
  # found 0 program(s)
# (t=31.97) i=13, candidate=[{'ANSWER': 'Hindus'}, {'ANSWER': 'Muslims'}]
  # found 0 program(s)
# (t=32.76) i=14, candidate=[{'ANSWER': 'Muslims'}, {'ANSWER': 'Orthodox Christian'}]
  # found 0 program(s)
# (t=33.56) i=15, candidate=[{'ANSWER': 'Muslims'}, {'ANSWER': 'Unaffiliated'}]
  # found 0 program(s)
# (t=34.37) i=16, candidate=[{'ANSWER': 'Jews'}, {'ANSWER': 'Muslims'}]
  # found 0 program(s)
# (t=35.17) i=17, candidate=[{'ANSWER': 'Catholics'}, {'ANSWER': 'Pagan/earth-based'}]
  # found 0 program(s)
# (t=35.96) i=18, candidate=[{'ANSWER': 'Native Am. spirituality'}, {'ANSWER': 'Pagan/earth-based'}]
  # found 0 program(s)
# (t=36.75) i=19, candidate=[{'ANSWER': 'Mormons'}, {'ANSWER': 'Pagan/earth-based'}]
  # found 0 program(s)
# (t=37.54) i=20, candidate=[{'ANSWER': 'Hindus'}, {'ANSWER': 'Pagan/earth-based'}]
  # found 0 program(s)
# (t=38.32) i=21, candidate=[{'ANSWER': 'Orthodox Christian'}, {'ANSWER': 'Pagan/earth-based'}]
  # found 0 program(s)
# (t=39.10) i=22, candidate=[{'ANSWER': 'Pagan/earth-based'}, {'ANSWER': 'Unaffiliated'}]
  # found 0 program(s)
# (t=40.13) i=23, candidate=[{'ANSWER': 'Jews'}, {'ANSWER': 'Pagan/earth-based'}]
  # found 0 program(s)
# (t=40.91) i=24, candidate=[{'ANSWER': 'Catholics'}, {'ANSWER': 'Protestants'}]
  # found 0 program(s)
# (t=41.70) i=25, candidate=[{'ANSWER': 'Native Am. spirituality'}, {'ANSWER': 'Protestants'}]
  # found 0 program(s)
# (t=42.48) i=26, candidate=[{'ANSWER': 'Mormons'}, {'ANSWER': 'Protestants'}]
  # found 0 program(s)
# (t=43.25) i=27, candidate=[{'ANSWER': 'Hindus'}, {'ANSWER': 'Protestants'}]
  # found 0 program(s)
# (t=44.05) i=28, candidate=[{'ANSWER': 'Orthodox Christian'}, {'ANSWER': 'Protestants'}]
  # found 0 program(s)
# (t=44.84) i=29, candidate=[{'ANSWER': 'Protestants'}, {'ANSWER': 'Unaffiliated'}]
  # found 0 program(s)
# (t=45.63) i=30, candidate=[{'ANSWER': 51}]
  # found 0 program(s)
# (t=51.27) i=31, candidate=[{'ANSWER': 51}]
  # found 0 program(s)
# (t=56.91) i=32, candidate=[{'ANSWER': 50}]
  # found 0 program(s)
# (t=62.48) i=33, candidate=[{'ANSWER': 49}]
  # found 0 program(s)
# (t=68.07) i=34, candidate=[{'ANSWER': 49}]
  # found 0 program(s)
# (t=73.61) i=35, candidate=[{'ANSWER': 43}]
  # found 0 program(s)
# (t=79.88) i=36, candidate=[{'ANSWER': 40}]
  # found 0 program(s)
# (t=85.49) i=37, candidate=[{'ANSWER': 38}]
  # found 0 program(s)
# (t=91.01) i=38, candidate=[{'ANSWER': 36}]
  # found 0 program(s)
# (t=96.53) i=39, candidate=[{'ANSWER': 33}]
  # found 0 program(s)
# ====> fallback strategy (retrieval) is triggered because no explanation is found so far
# ====> retrieval_values: [14, 17, 19, 21, 24, 39, 43, 57, 6, 61, 7, 76, 79, 8, 81, 83, 86, 92, 93, 94, 'Buddhists', 'Catholics', 'Hindus', 'Jews', 'Mormons', 'Muslims', 'Native Am. spirituality', 'Not too/not at all common', 'Orthodox Christian', 'Other non-Christian', 'Pagan/earth-based', 'Protestants', 'Religion', 'Unaffiliated', 'Very/somewhat common', 'blue', 'color', 'orange', 'percentage', 'response']
# (t=102.02) fallback i=0, candidate=[{'ANSWER': 14}]
  # found 0 program(s)
# (t=108.18) fallback i=1, candidate=[{'ANSWER': 17}]
  # found 0 program(s)
# (t=114.37) fallback i=2, candidate=[{'ANSWER': 19}]
  # found 0 program(s)
# (t=120.59) fallback i=3, candidate=[{'ANSWER': 21}]
  # found 0 program(s)
# (t=126.82) fallback i=4, candidate=[{'ANSWER': 24}]
  # found 0 program(s)
# (t=133.07) fallback i=5, candidate=[{'ANSWER': 39}]
  # found 0 program(s)
# (t=139.29) fallback i=6, candidate=[{'ANSWER': 43}]
  # found 0 program(s)
# (t=145.47) fallback i=7, candidate=[{'ANSWER': 57}]
  # found 0 program(s)
# (t=151.71) fallback i=8, candidate=[{'ANSWER': 6}]
  # found 0 program(s)
# (t=158.00) fallback i=9, candidate=[{'ANSWER': 61}]
  # found 0 program(s)
# (t=164.29) fallback i=10, candidate=[{'ANSWER': 7}]
  # found 0 program(s)
# (t=170.52) fallback i=11, candidate=[{'ANSWER': 76}]
  # found 0 program(s)
# (t=176.84) fallback i=12, candidate=[{'ANSWER': 79}]
  # found 0 program(s)
# (t=183.08) fallback i=13, candidate=[{'ANSWER': 8}]
  # found 0 program(s)
# (t=189.31) fallback i=14, candidate=[{'ANSWER': 81}]
  # found 0 program(s)
# (t=195.81) fallback i=15, candidate=[{'ANSWER': 83}]
  # found 0 program(s)
# (t=202.04) fallback i=16, candidate=[{'ANSWER': 86}]
  # found 0 program(s)
# (t=208.31) fallback i=17, candidate=[{'ANSWER': 92}]
  # found 0 program(s)
# (t=214.59) fallback i=18, candidate=[{'ANSWER': 93}]
  # found 0 program(s)
# (t=220.92) fallback i=19, candidate=[{'ANSWER': 94}]
  # found 0 program(s)
# (t=227.25) fallback i=20, candidate=[{'ANSWER': 'Buddhists'}]
  # found 0 program(s)
# (t=233.54) fallback i=21, candidate=[{'ANSWER': 'Catholics'}]
  # found 0 program(s)
# (t=239.72) fallback i=22, candidate=[{'ANSWER': 'Hindus'}]
  # found 0 program(s)
# (t=245.85) fallback i=23, candidate=[{'ANSWER': 'Jews'}]
  # found 0 program(s)
# (t=251.97) fallback i=24, candidate=[{'ANSWER': 'Mormons'}]
  # found 0 program(s)
# (t=258.09) fallback i=25, candidate=[{'ANSWER': 'Muslims'}]
  # found 0 program(s)
# (t=264.28) fallback i=26, candidate=[{'ANSWER': 'Native Am. spirituality'}]
  # found 0 program(s)
# (t=270.38) fallback i=27, candidate=[{'ANSWER': 'Not too/not at all common'}]
  # found 0 program(s)
# (t=276.40) fallback i=28, candidate=[{'ANSWER': 'Orthodox Christian'}]
  # found 0 program(s)
# (t=282.52) fallback i=29, candidate=[{'ANSWER': 'Other non-Christian'}]
  # found 0 program(s)
# (t=288.63) fallback i=30, candidate=[{'ANSWER': 'Pagan/earth-based'}]
  # found 0 program(s)
# (t=294.78) fallback i=31, candidate=[{'ANSWER': 'Protestants'}]
---------- timeout ----------
# ====> fallback strategy (original) is triggered
# ====> use the original TaPas output as answer, which is: ['Muslims', 'Other non-Christian', 'Pagan/earth-based', 'Protestants']

# ========== review report ========== #
