# parsed arguments: Namespace(benchmark='Qd73e2', dsl='meta_visqa', skeletons='visqa_normal', strategy='TaPas_C', fallback='auto', timeout=300, mode='full', expected_only=False)
# loading benchmark...
# table keywords: {'netherlands', 'bulgaria', 'pre', 'post', '0.88', 'estonia', '1.496', '0.44', '1.232', '0.792', '16.628', '20.938', '0.616', 'poland', 'malta', 'blue', '1.76', '1.144', 'budget', '0.176', '1.672', 'budgetcategory', 'luxembourg', '11.613', '0.0', '2.199', 'latvia', 'denmark', '2.023', '19.795', 'germany', 'france', 'hungary', '4.223', '18.651', '0.264', 'belgium', 'ireland', '25.601', '1.408', '25.249', 'cyprus', '2.375', 'greece', 'country', 'italy', 'austria', 'portugal', 'slovenia', 'color', '6.246', 'czech', 'orange', 'romania', '5.367', '5.103', '6.51', '2.727', 'sweden', '2.551', '3.695', 'slovakia', 'rebate', 'spain', '3.959', '10.821', 'lithuania', 'republic', '15.748', 'uk', 'finland', '14.78'}
# input type: [dtype('O'), dtype('O'), dtype('float64'), dtype('O')]
# input is:
           country  budgetcategory  budget   color
0        Lithuania   Pre UK rebate   0.440  orange
1        Lithuania  Post UK rebate   0.440    blue
2           Latvia   Pre UK rebate   0.176  orange
3           Latvia  Post UK rebate   0.176    blue
4         Slovenia   Pre UK rebate   0.616  orange
5         Slovenia  Post UK rebate   0.616    blue
6         Bulgaria   Pre UK rebate   0.616  orange
7         Bulgaria  Post UK rebate   0.616    blue
8         Slovakia   Pre UK rebate   0.792  orange
9         Slovakia  Post UK rebate   0.880    blue
10         Ireland   Pre UK rebate   1.408  orange
11         Ireland  Post UK rebate   1.496    blue
12           Italy   Pre UK rebate  15.748  orange
13           Italy  Post UK rebate  16.628    blue
14         Estonia   Pre UK rebate   0.176  orange
15         Estonia  Post UK rebate   0.176    blue
16         Denmark   Pre UK rebate   2.551  orange
17         Denmark  Post UK rebate   2.727    blue
18          Greece   Pre UK rebate   2.199  orange
19          Greece  Post UK rebate   2.375    blue
20         Belgium   Pre UK rebate   5.103  orange
21         Belgium  Post UK rebate   5.367    blue
22         Hungary   Pre UK rebate   1.144  orange
23         Hungary  Post UK rebate   1.232    blue
24  Czech Republic   Pre UK rebate   1.760  orange
25  Czech Republic  Post UK rebate   1.760    blue
26          Poland   Pre UK rebate   3.959  orange
27          Poland  Post UK rebate   4.223    blue
28         Romania   Pre UK rebate   1.408  orange
29         Romania  Post UK rebate   1.496    blue
30          Cyprus   Pre UK rebate   0.264  orange
31          Cyprus  Post UK rebate   0.264    blue
32              UK   Pre UK rebate  18.651  orange
33              UK  Post UK rebate  14.780    blue
34     Netherlands   Pre UK rebate   6.246  orange
35     Netherlands  Post UK rebate   6.510    blue
36        Portugal   Pre UK rebate   1.672  orange
37        Portugal  Post UK rebate   1.760    blue
38          Sweden   Pre UK rebate   3.695  orange
39          Sweden  Post UK rebate   3.695    blue
40           Malta   Pre UK rebate   0.000  orange
41           Malta  Post UK rebate   0.000    blue
42         Germany   Pre UK rebate  25.249  orange
43         Germany  Post UK rebate  25.601    blue
44           Spain   Pre UK rebate  10.821  orange
45           Spain  Post UK rebate  11.613    blue
46         Finland   Pre UK rebate   2.023  orange
47         Finland  Post UK rebate   2.199    blue
48          France   Pre UK rebate  19.795  orange
49          France  Post UK rebate  20.938    blue
50      Luxembourg   Pre UK rebate   0.440  orange
51      Luxembourg  Post UK rebate   0.440    blue
52         Austria   Pre UK rebate   2.727  orange
53         Austria  Post UK rebate   2.727    blue
# query is: Who gave the highest gross contributions to the EU budget in 2012, pre UK rebate?
# expected output type:[dtype('O')]
# expected output is:
    ANSWER
0  Germany
# inferred DSL terminals:
  # ConstVal: ['UK@Str', 'Pre UK rebate@Str', 'Post UK rebate@Str', 'budget@Str', '<NULL>']
     # cmap: [('uk', 'Post UK rebate'), ('budget', 'budget'), ('rebate', 'Pre UK rebate'), ('rebate', 'Post UK rebate'), ('uk', 'Pre UK rebate'), ('pre', 'Pre UK rebate'), ('uk', 'UK')]
  # AggrFunc: ['max', '<NULL>']
     # amap: [('highest', 'max')]
  # NumFunc: ['<NULL>']
     # nmap: []
  # BoolFunc: ['==', '<NULL>']
     # bmap: [(None, '==')]
  # IndFunc: ['eqmax', '<NULL>']
     # imap: [('highest', 'eqmax')]
# loading skeleton list...

# ========== candidate program report ========== #
# (t=0.00) i=0, candidate=[{'ANSWER': 'Latvia'}]
  # found 0 program(s)
# (t=4.92) i=1, candidate=[{'ANSWER': 'Latvia'}, {'ANSWER': 'Sweden'}]
  # found 0 program(s)
# (t=5.89) i=2, candidate=[{'ANSWER': 'Latvia'}, {'ANSWER': 'Lithuania'}]
  # found 0 program(s)
# (t=6.86) i=3, candidate=[{'ANSWER': 'Latvia'}, {'ANSWER': 'Spain'}]
  # found 0 program(s)
# (t=7.84) i=4, candidate=[{'ANSWER': 'Latvia'}, {'ANSWER': 'Romania'}]
  # found 0 program(s)
# (t=8.81) i=5, candidate=[{'ANSWER': 'Bulgaria'}, {'ANSWER': 'Latvia'}]
  # found 0 program(s)
# (t=9.77) i=6, candidate=[{'ANSWER': 'Latvia'}, {'ANSWER': 'Portugal'}]
  # found 0 program(s)
# (t=10.73) i=7, candidate=[{'ANSWER': 'Latvia'}, {'ANSWER': 'Netherlands'}]
  # found 0 program(s)
# (t=11.70) i=8, candidate=[{'ANSWER': 'Latvia'}, {'ANSWER': 'UK'}]
  # found 0 program(s)
# (t=12.66) i=9, candidate=[{'ANSWER': 'Italy'}, {'ANSWER': 'Latvia'}]
  # found 0 program(s)
# (t=13.63) i=10, candidate=[{'ANSWER': 'Latvia'}, {'ANSWER': 'Luxembourg'}]
  # found 0 program(s)
# (t=14.58) i=11, candidate=[{'ANSWER': 'Latvia'}, {'ANSWER': 'Slovakia'}]
  # found 0 program(s)
# (t=15.53) i=12, candidate=[{'ANSWER': 'Latvia'}, {'ANSWER': 'Slovenia'}]
  # found 0 program(s)
# (t=16.48) i=13, candidate=[{'ANSWER': 'Greece'}, {'ANSWER': 'Latvia'}]
  # found 0 program(s)
# (t=17.65) i=14, candidate=[{'ANSWER': 'Germany'}, {'ANSWER': 'Latvia'}]
  # found 0 program(s)
# (t=18.60) i=15, candidate=[{'ANSWER': 'Austria'}, {'ANSWER': 'Latvia'}]
  # found 0 program(s)
# (t=19.54) i=16, candidate=[{'ANSWER': 'Latvia'}, {'ANSWER': 'Malta'}]
  # found 0 program(s)
# (t=20.48) i=17, candidate=[{'ANSWER': 'Estonia'}, {'ANSWER': 'Latvia'}]
  # found 0 program(s)
# (t=21.42) i=18, candidate=[{'ANSWER': 'Cyprus'}, {'ANSWER': 'Latvia'}]
  # found 0 program(s)
# (t=22.38) i=19, candidate=[{'ANSWER': 'Finland'}, {'ANSWER': 'Latvia'}]
  # found 0 program(s)
# (t=23.31) i=20, candidate=[{'ANSWER': 'Sweden'}]
  # found 0 program(s)
# (t=28.13) i=21, candidate=[{'ANSWER': 'Lithuania'}, {'ANSWER': 'Sweden'}]
  # found 0 program(s)
# (t=29.08) i=22, candidate=[{'ANSWER': 'Spain'}, {'ANSWER': 'Sweden'}]
  # found 0 program(s)
# (t=30.02) i=23, candidate=[{'ANSWER': 'Romania'}, {'ANSWER': 'Sweden'}]
  # found 0 program(s)
# (t=30.96) i=24, candidate=[{'ANSWER': 'Bulgaria'}, {'ANSWER': 'Sweden'}]
  # found 0 program(s)
# (t=31.89) i=25, candidate=[{'ANSWER': 'Portugal'}, {'ANSWER': 'Sweden'}]
  # found 0 program(s)
# (t=32.83) i=26, candidate=[{'ANSWER': 'Netherlands'}, {'ANSWER': 'Sweden'}]
  # found 0 program(s)
# (t=33.77) i=27, candidate=[{'ANSWER': 'Sweden'}, {'ANSWER': 'UK'}]
  # found 0 program(s)
# (t=34.72) i=28, candidate=[{'ANSWER': 'Italy'}, {'ANSWER': 'Sweden'}]
  # found 0 program(s)
# (t=35.68) i=29, candidate=[{'ANSWER': 'Luxembourg'}, {'ANSWER': 'Sweden'}]
  # found 0 program(s)
# ====> fallback strategy (retrieval) is triggered because no explanation is found so far
# ====> retrieval_values: [0.0, 0.176, 0.264, 0.44, 0.616, 0.792, 0.88, 1.144, 1.232, 1.408, 1.496, 1.672, 1.76, 10.821, 11.613, 14.78, 15.748, 16.628, 18.651, 19.795, 2.023, 2.199, 2.375, 2.551, 2.727, 20.938, 25.249, 25.601, 3.695, 3.959, 4.223, 5.103, 5.367, 6.246, 6.51, 'Austria', 'Belgium', 'Bulgaria', 'Cyprus', 'Czech Republic', 'Denmark', 'Estonia', 'Finland', 'France', 'Germany', 'Greece', 'Hungary', 'Ireland', 'Italy', 'Latvia', 'Lithuania', 'Luxembourg', 'Malta', 'Netherlands', 'Poland', 'Portugal', 'Post UK rebate', 'Pre UK rebate', 'Romania', 'Slovakia', 'Slovenia', 'Spain', 'Sweden', 'UK', 'blue', 'budget', 'budgetcategory', 'color', 'country', 'orange']
# (t=36.63) fallback i=0, candidate=[{'ANSWER': 0.0}]
  # found 13 program(s)
    # Summarize(SelectRow1(@param0, ==, 0, Pre UK rebate@Str), max, 2)
      --> ['Summarize', ['SelectRow1', 'input@0', '==', 'country', 'Pre UK rebate'], 'max', 'budget']
    # Summarize(SelectRow1(@param0, ==, 0, Post UK rebate@Str), max, 2)
      --> ['Summarize', ['SelectRow1', 'input@0', '==', 'country', 'Post UK rebate'], 'max', 'budget']
    # Summarize(SelectRow1(@param0, ==, 0, budget@Str), max, 2)
      --> ['Summarize', ['SelectRow1', 'input@0', '==', 'country', 'budget'], 'max', 'budget']
    # Summarize(SelectRow1(@param0, ==, 1, UK@Str), max, 2)
      --> ['Summarize', ['SelectRow1', 'input@0', '==', 'budgetcategory', 'UK'], 'max', 'budget']
    # Summarize(SelectRow1(@param0, ==, 1, budget@Str), max, 2)
      --> ['Summarize', ['SelectRow1', 'input@0', '==', 'budgetcategory', 'budget'], 'max', 'budget']
    # Summarize(SelectRow1(@param0, ==, 2, UK@Str), max, 2)
      --> ['Summarize', ['SelectRow1', 'input@0', '==', 'budget', 'UK'], 'max', 'budget']
    # Summarize(SelectRow1(@param0, ==, 2, Pre UK rebate@Str), max, 2)
      --> ['Summarize', ['SelectRow1', 'input@0', '==', 'budget', 'Pre UK rebate'], 'max', 'budget']
    # Summarize(SelectRow1(@param0, ==, 2, Post UK rebate@Str), max, 2)
      --> ['Summarize', ['SelectRow1', 'input@0', '==', 'budget', 'Post UK rebate'], 'max', 'budget']
    # Summarize(SelectRow1(@param0, ==, 2, budget@Str), max, 2)
      --> ['Summarize', ['SelectRow1', 'input@0', '==', 'budget', 'budget'], 'max', 'budget']
    # Summarize(SelectRow1(@param0, ==, 3, UK@Str), max, 2)
      --> ['Summarize', ['SelectRow1', 'input@0', '==', 'color', 'UK'], 'max', 'budget']
    # Summarize(SelectRow1(@param0, ==, 3, Pre UK rebate@Str), max, 2)
      --> ['Summarize', ['SelectRow1', 'input@0', '==', 'color', 'Pre UK rebate'], 'max', 'budget']
    # Summarize(SelectRow1(@param0, ==, 3, Post UK rebate@Str), max, 2)
      --> ['Summarize', ['SelectRow1', 'input@0', '==', 'color', 'Post UK rebate'], 'max', 'budget']
    # Summarize(SelectRow1(@param0, ==, 3, budget@Str), max, 2)
      --> ['Summarize', ['SelectRow1', 'input@0', '==', 'color', 'budget'], 'max', 'budget']
# (t=41.48) fallback i=1, candidate=[{'ANSWER': 0.176}]
  # found 0 program(s)
# (t=46.33) fallback i=2, candidate=[{'ANSWER': 0.264}]
  # found 0 program(s)
# (t=51.14) fallback i=3, candidate=[{'ANSWER': 0.44}]
  # found 0 program(s)
# (t=55.96) fallback i=4, candidate=[{'ANSWER': 0.616}]
  # found 0 program(s)
# (t=60.76) fallback i=5, candidate=[{'ANSWER': 0.792}]
  # found 0 program(s)
# (t=65.60) fallback i=6, candidate=[{'ANSWER': 0.88}]
  # found 0 program(s)
# (t=70.74) fallback i=7, candidate=[{'ANSWER': 1.144}]
  # found 0 program(s)
# (t=75.58) fallback i=8, candidate=[{'ANSWER': 1.232}]
  # found 0 program(s)
# (t=80.34) fallback i=9, candidate=[{'ANSWER': 1.408}]
  # found 0 program(s)
# (t=85.09) fallback i=10, candidate=[{'ANSWER': 1.496}]
  # found 0 program(s)
# (t=89.91) fallback i=11, candidate=[{'ANSWER': 1.672}]
  # found 0 program(s)
# (t=94.74) fallback i=12, candidate=[{'ANSWER': 1.76}]
  # found 0 program(s)
# (t=99.61) fallback i=13, candidate=[{'ANSWER': 10.821}]
  # found 0 program(s)
# (t=104.43) fallback i=14, candidate=[{'ANSWER': 11.613}]
  # found 0 program(s)
# (t=109.27) fallback i=15, candidate=[{'ANSWER': 14.78}]
  # found 2 program(s)
    # SelectCol(SelectRow1(SelectRow1(@param0, ==, 0, UK@Str), ==, 1, Post UK rebate@Str), ['2'])
      --> ['SelectCol', ['SelectRow1', ['SelectRow1', 'input@0', '==', 'country', 'UK'], '==', 'budgetcategory', 'Post UK rebate'], ['budget']]
    # SelectCol(SelectRow1(SelectRow1(@param0, ==, 1, Post UK rebate@Str), ==, 0, UK@Str), ['2'])
      --> ['SelectCol', ['SelectRow1', ['SelectRow1', 'input@0', '==', 'budgetcategory', 'Post UK rebate'], '==', 'country', 'UK'], ['budget']]
# (t=114.13) fallback i=16, candidate=[{'ANSWER': 15.748}]
  # found 0 program(s)
# (t=118.95) fallback i=17, candidate=[{'ANSWER': 16.628}]
  # found 0 program(s)
# (t=123.70) fallback i=18, candidate=[{'ANSWER': 18.651}]
  # found 4 program(s)
    # SelectCol(SelectRow0(SelectRow1(@param0, ==, 0, UK@Str), eqmax, 2), ['2'])
      --> ['SelectCol', ['SelectRow0', ['SelectRow1', 'input@0', '==', 'country', 'UK'], 'eqmax', 'budget'], ['budget']]
    # SelectCol(SelectRow1(SelectRow1(@param0, ==, 0, UK@Str), ==, 1, Pre UK rebate@Str), ['2'])
      --> ['SelectCol', ['SelectRow1', ['SelectRow1', 'input@0', '==', 'country', 'UK'], '==', 'budgetcategory', 'Pre UK rebate'], ['budget']]
    # SelectCol(SelectRow1(SelectRow1(@param0, ==, 1, Pre UK rebate@Str), ==, 0, UK@Str), ['2'])
      --> ['SelectCol', ['SelectRow1', ['SelectRow1', 'input@0', '==', 'budgetcategory', 'Pre UK rebate'], '==', 'country', 'UK'], ['budget']]
    # Summarize(SelectRow1(@param0, ==, 0, UK@Str), max, 2)
      --> ['Summarize', ['SelectRow1', 'input@0', '==', 'country', 'UK'], 'max', 'budget']
# (t=128.89) fallback i=19, candidate=[{'ANSWER': 19.795}]
  # found 0 program(s)
# (t=133.72) fallback i=20, candidate=[{'ANSWER': 2.023}]
  # found 0 program(s)
# (t=138.51) fallback i=21, candidate=[{'ANSWER': 2.199}]
  # found 0 program(s)
# (t=143.25) fallback i=22, candidate=[{'ANSWER': 2.375}]
  # found 0 program(s)
# (t=148.03) fallback i=23, candidate=[{'ANSWER': 2.551}]
  # found 0 program(s)
# (t=152.86) fallback i=24, candidate=[{'ANSWER': 2.727}]
  # found 0 program(s)
# (t=157.87) fallback i=25, candidate=[{'ANSWER': 20.938}]
  # found 0 program(s)
# (t=162.73) fallback i=26, candidate=[{'ANSWER': 25.249}]
  # found 3 program(s)
    # SelectCol(SelectRow0(SelectRow1(@param0, ==, 1, Pre UK rebate@Str), eqmax, 2), ['2'])
      --> ['SelectCol', ['SelectRow0', ['SelectRow1', 'input@0', '==', 'budgetcategory', 'Pre UK rebate'], 'eqmax', 'budget'], ['budget']]
    # Summarize(SelectRow1(@param0, ==, 1, Pre UK rebate@Str), max, 2)
      --> ['Summarize', ['SelectRow1', 'input@0', '==', 'budgetcategory', 'Pre UK rebate'], 'max', 'budget']
    # SelectCol(SelectRow0(SelectRow1(SelectRow1(@param0, ==, 1, Pre UK rebate@Str), ==, 1, Pre UK rebate@Str), eqmax, 2), ['2'])
      --> ['SelectCol', ['SelectRow0', ['SelectRow1', ['SelectRow1', 'input@0', '==', 'budgetcategory', 'Pre UK rebate'], '==', 'budgetcategory', 'Pre UK rebate'], 'eqmax', 'budget'], ['budget']]
# (t=167.57) fallback i=27, candidate=[{'ANSWER': 25.601}]
  # found 49 program(s)
    # SelectCol(SelectRow0(SelectRow1(@param0, ==, 1, Post UK rebate@Str), eqmax, 2), ['2'])
      --> ['SelectCol', ['SelectRow0', ['SelectRow1', 'input@0', '==', 'budgetcategory', 'Post UK rebate'], 'eqmax', 'budget'], ['budget']]
    # SelectCol(SelectRow0(GroupSum(@param0, ['0'], max, 2), eqmax, 1), ['1'])
      --> ['SelectCol', ['SelectRow0', ['GroupSum', 'input@0', ['country'], 'max', 'budget'], 'eqmax', 'COL0'], ['COL0']]
    # SelectCol(SelectRow0(GroupSum(@param0, ['0'], max, 2), eqmax, 1), ['-99'])
      --> ['SelectCol', ['SelectRow0', ['GroupSum', 'input@0', ['country'], 'max', 'budget'], 'eqmax', 'COL0'], ['COL0']]
    # SelectCol(SelectRow0(GroupSum(@param0, ['1'], max, 2), eqmax, 1), ['1'])
      --> ['SelectCol', ['SelectRow0', ['GroupSum', 'input@0', ['budgetcategory'], 'max', 'budget'], 'eqmax', 'COL0'], ['COL0']]
    # SelectCol(SelectRow0(GroupSum(@param0, ['1'], max, 2), eqmax, 1), ['-99'])
      --> ['SelectCol', ['SelectRow0', ['GroupSum', 'input@0', ['budgetcategory'], 'max', 'budget'], 'eqmax', 'COL0'], ['COL0']]
    # SelectCol(SelectRow0(GroupSum(@param0, ['2'], max, 2), eqmax, 0), ['0'])
      --> ['SelectCol', ['SelectRow0', ['GroupSum', 'input@0', ['budget'], 'max', 'budget'], 'eqmax', 'budget'], ['budget']]
    # SelectCol(SelectRow0(GroupSum(@param0, ['2'], max, 2), eqmax, 0), ['1'])
      --> ['SelectCol', ['SelectRow0', ['GroupSum', 'input@0', ['budget'], 'max', 'budget'], 'eqmax', 'budget'], ['COL0']]
    # SelectCol(SelectRow0(GroupSum(@param0, ['2'], max, 2), eqmax, 0), ['-99'])
      --> ['SelectCol', ['SelectRow0', ['GroupSum', 'input@0', ['budget'], 'max', 'budget'], 'eqmax', 'budget'], ['COL0']]
    # SelectCol(SelectRow0(GroupSum(@param0, ['2'], max, 2), eqmax, 0), ['-1'])
      --> ['SelectCol', ['SelectRow0', ['GroupSum', 'input@0', ['budget'], 'max', 'budget'], 'eqmax', 'budget'], ['budget']]
    # SelectCol(SelectRow0(GroupSum(@param0, ['2'], max, 2), eqmax, 1), ['0'])
      --> ['SelectCol', ['SelectRow0', ['GroupSum', 'input@0', ['budget'], 'max', 'budget'], 'eqmax', 'COL0'], ['budget']]
    # SelectCol(SelectRow0(GroupSum(@param0, ['2'], max, 2), eqmax, 1), ['1'])
      --> ['SelectCol', ['SelectRow0', ['GroupSum', 'input@0', ['budget'], 'max', 'budget'], 'eqmax', 'COL0'], ['COL0']]
    # SelectCol(SelectRow0(GroupSum(@param0, ['2'], max, 2), eqmax, 1), ['-99'])
      --> ['SelectCol', ['SelectRow0', ['GroupSum', 'input@0', ['budget'], 'max', 'budget'], 'eqmax', 'COL0'], ['COL0']]
    # SelectCol(SelectRow0(GroupSum(@param0, ['2'], max, 2), eqmax, 1), ['-1'])
      --> ['SelectCol', ['SelectRow0', ['GroupSum', 'input@0', ['budget'], 'max', 'budget'], 'eqmax', 'COL0'], ['budget']]
    # SelectCol(SelectRow0(GroupSum(@param0, ['3'], max, 2), eqmax, 1), ['1'])
      --> ['SelectCol', ['SelectRow0', ['GroupSum', 'input@0', ['color'], 'max', 'budget'], 'eqmax', 'COL0'], ['COL0']]
    # SelectCol(SelectRow0(GroupSum(@param0, ['3'], max, 2), eqmax, 1), ['-99'])
      --> ['SelectCol', ['SelectRow0', ['GroupSum', 'input@0', ['color'], 'max', 'budget'], 'eqmax', 'COL0'], ['COL0']]
    # SelectCol(SelectRow0(GroupSum(@param0, ['0', '1'], max, 2), eqmax, 2), ['2'])
      --> ['SelectCol', ['SelectRow0', ['GroupSum', 'input@0', ['country', 'budgetcategory'], 'max', 'budget'], 'eqmax', 'COL0'], ['COL0']]
    # SelectCol(SelectRow0(GroupSum(@param0, ['0', '1'], max, 2), eqmax, 2), ['-99', '-1'])
      --> ['SelectCol', ['SelectRow0', ['GroupSum', 'input@0', ['country', 'budgetcategory'], 'max', 'budget'], 'eqmax', 'COL0'], ['COL0']]
    # SelectCol(SelectRow0(GroupSum(@param0, ['0', '2'], max, 2), eqmax, 1), ['1'])
      --> ['SelectCol', ['SelectRow0', ['GroupSum', 'input@0', ['country', 'budget'], 'max', 'budget'], 'eqmax', 'budget'], ['budget']]
    # SelectCol(SelectRow0(GroupSum(@param0, ['0', '2'], max, 2), eqmax, 1), ['2'])
      --> ['SelectCol', ['SelectRow0', ['GroupSum', 'input@0', ['country', 'budget'], 'max', 'budget'], 'eqmax', 'budget'], ['COL0']]
    # SelectCol(SelectRow0(GroupSum(@param0, ['0', '2'], max, 2), eqmax, 1), ['-99', '-1'])
      --> ['SelectCol', ['SelectRow0', ['GroupSum', 'input@0', ['country', 'budget'], 'max', 'budget'], 'eqmax', 'budget'], ['COL0']]
    # SelectCol(SelectRow0(GroupSum(@param0, ['0', '2'], max, 2), eqmax, 1), ['-99', '-2'])
      --> ['SelectCol', ['SelectRow0', ['GroupSum', 'input@0', ['country', 'budget'], 'max', 'budget'], 'eqmax', 'budget'], ['budget']]
    # SelectCol(SelectRow0(GroupSum(@param0, ['0', '2'], max, 2), eqmax, 2), ['1'])
      --> ['SelectCol', ['SelectRow0', ['GroupSum', 'input@0', ['country', 'budget'], 'max', 'budget'], 'eqmax', 'COL0'], ['budget']]
    # SelectCol(SelectRow0(GroupSum(@param0, ['0', '2'], max, 2), eqmax, 2), ['2'])
      --> ['SelectCol', ['SelectRow0', ['GroupSum', 'input@0', ['country', 'budget'], 'max', 'budget'], 'eqmax', 'COL0'], ['COL0']]
    # SelectCol(SelectRow0(GroupSum(@param0, ['0', '2'], max, 2), eqmax, 2), ['-99', '-1'])
      --> ['SelectCol', ['SelectRow0', ['GroupSum', 'input@0', ['country', 'budget'], 'max', 'budget'], 'eqmax', 'COL0'], ['COL0']]
    # SelectCol(SelectRow0(GroupSum(@param0, ['0', '2'], max, 2), eqmax, 2), ['-99', '-2'])
      --> ['SelectCol', ['SelectRow0', ['GroupSum', 'input@0', ['country', 'budget'], 'max', 'budget'], 'eqmax', 'COL0'], ['budget']]
    # SelectCol(SelectRow0(GroupSum(@param0, ['0', '3'], max, 2), eqmax, 2), ['2'])
      --> ['SelectCol', ['SelectRow0', ['GroupSum', 'input@0', ['country', 'color'], 'max', 'budget'], 'eqmax', 'COL0'], ['COL0']]
    # SelectCol(SelectRow0(GroupSum(@param0, ['0', '3'], max, 2), eqmax, 2), ['-99', '-1'])
      --> ['SelectCol', ['SelectRow0', ['GroupSum', 'input@0', ['country', 'color'], 'max', 'budget'], 'eqmax', 'COL0'], ['COL0']]
    # SelectCol(SelectRow0(GroupSum(@param0, ['1', '2'], max, 2), eqmax, 1), ['1'])
      --> ['SelectCol', ['SelectRow0', ['GroupSum', 'input@0', ['budgetcategory', 'budget'], 'max', 'budget'], 'eqmax', 'budget'], ['budget']]
    # SelectCol(SelectRow0(GroupSum(@param0, ['1', '2'], max, 2), eqmax, 1), ['2'])
      --> ['SelectCol', ['SelectRow0', ['GroupSum', 'input@0', ['budgetcategory', 'budget'], 'max', 'budget'], 'eqmax', 'budget'], ['COL0']]
    # SelectCol(SelectRow0(GroupSum(@param0, ['1', '2'], max, 2), eqmax, 1), ['-99', '-1'])
      --> ['SelectCol', ['SelectRow0', ['GroupSum', 'input@0', ['budgetcategory', 'budget'], 'max', 'budget'], 'eqmax', 'budget'], ['COL0']]
    # SelectCol(SelectRow0(GroupSum(@param0, ['1', '2'], max, 2), eqmax, 1), ['-99', '-2'])
      --> ['SelectCol', ['SelectRow0', ['GroupSum', 'input@0', ['budgetcategory', 'budget'], 'max', 'budget'], 'eqmax', 'budget'], ['budget']]
    # SelectCol(SelectRow0(GroupSum(@param0, ['1', '2'], max, 2), eqmax, 2), ['1'])
      --> ['SelectCol', ['SelectRow0', ['GroupSum', 'input@0', ['budgetcategory', 'budget'], 'max', 'budget'], 'eqmax', 'COL0'], ['budget']]
    # SelectCol(SelectRow0(GroupSum(@param0, ['1', '2'], max, 2), eqmax, 2), ['2'])
      --> ['SelectCol', ['SelectRow0', ['GroupSum', 'input@0', ['budgetcategory', 'budget'], 'max', 'budget'], 'eqmax', 'COL0'], ['COL0']]
    # SelectCol(SelectRow0(GroupSum(@param0, ['1', '2'], max, 2), eqmax, 2), ['-99', '-1'])
      --> ['SelectCol', ['SelectRow0', ['GroupSum', 'input@0', ['budgetcategory', 'budget'], 'max', 'budget'], 'eqmax', 'COL0'], ['COL0']]
    # SelectCol(SelectRow0(GroupSum(@param0, ['1', '2'], max, 2), eqmax, 2), ['-99', '-2'])
      --> ['SelectCol', ['SelectRow0', ['GroupSum', 'input@0', ['budgetcategory', 'budget'], 'max', 'budget'], 'eqmax', 'COL0'], ['budget']]
    # SelectCol(SelectRow0(GroupSum(@param0, ['1', '3'], max, 2), eqmax, 2), ['2'])
      --> ['SelectCol', ['SelectRow0', ['GroupSum', 'input@0', ['budgetcategory', 'color'], 'max', 'budget'], 'eqmax', 'COL0'], ['COL0']]
    # SelectCol(SelectRow0(GroupSum(@param0, ['1', '3'], max, 2), eqmax, 2), ['-99', '-1'])
      --> ['SelectCol', ['SelectRow0', ['GroupSum', 'input@0', ['budgetcategory', 'color'], 'max', 'budget'], 'eqmax', 'COL0'], ['COL0']]
    # SelectCol(SelectRow0(GroupSum(@param0, ['2', '3'], max, 2), eqmax, 0), ['0'])
      --> ['SelectCol', ['SelectRow0', ['GroupSum', 'input@0', ['budget', 'color'], 'max', 'budget'], 'eqmax', 'budget'], ['budget']]
    # SelectCol(SelectRow0(GroupSum(@param0, ['2', '3'], max, 2), eqmax, 0), ['2'])
      --> ['SelectCol', ['SelectRow0', ['GroupSum', 'input@0', ['budget', 'color'], 'max', 'budget'], 'eqmax', 'budget'], ['COL0']]
    # SelectCol(SelectRow0(GroupSum(@param0, ['2', '3'], max, 2), eqmax, 0), ['-99', '-1'])
      --> ['SelectCol', ['SelectRow0', ['GroupSum', 'input@0', ['budget', 'color'], 'max', 'budget'], 'eqmax', 'budget'], ['COL0']]
    # SelectCol(SelectRow0(GroupSum(@param0, ['2', '3'], max, 2), eqmax, 0), ['-1', '-2'])
      --> ['SelectCol', ['SelectRow0', ['GroupSum', 'input@0', ['budget', 'color'], 'max', 'budget'], 'eqmax', 'budget'], ['budget']]
    # SelectCol(SelectRow0(GroupSum(@param0, ['2', '3'], max, 2), eqmax, 2), ['0'])
      --> ['SelectCol', ['SelectRow0', ['GroupSum', 'input@0', ['budget', 'color'], 'max', 'budget'], 'eqmax', 'COL0'], ['budget']]
    # SelectCol(SelectRow0(GroupSum(@param0, ['2', '3'], max, 2), eqmax, 2), ['2'])
      --> ['SelectCol', ['SelectRow0', ['GroupSum', 'input@0', ['budget', 'color'], 'max', 'budget'], 'eqmax', 'COL0'], ['COL0']]
    # SelectCol(SelectRow0(GroupSum(@param0, ['2', '3'], max, 2), eqmax, 2), ['-99', '-1'])
      --> ['SelectCol', ['SelectRow0', ['GroupSum', 'input@0', ['budget', 'color'], 'max', 'budget'], 'eqmax', 'COL0'], ['COL0']]
    # SelectCol(SelectRow0(GroupSum(@param0, ['2', '3'], max, 2), eqmax, 2), ['-1', '-2'])
      --> ['SelectCol', ['SelectRow0', ['GroupSum', 'input@0', ['budget', 'color'], 'max', 'budget'], 'eqmax', 'COL0'], ['budget']]
    # Summarize(SelectRow1(@param0, ==, 1, Post UK rebate@Str), max, 2)
      --> ['Summarize', ['SelectRow1', 'input@0', '==', 'budgetcategory', 'Post UK rebate'], 'max', 'budget']
    # SelectCol(SelectRow0(@param0, eqmax, 2), ['2'])
      --> ['SelectCol', ['SelectRow0', 'input@0', 'eqmax', 'budget'], ['budget']]
    # Summarize(@param0, max, 2)
      --> ['Summarize', 'input@0', 'max', 'budget']
    # SelectCol(SelectRow0(SelectRow1(SelectRow1(@param0, ==, 1, Post UK rebate@Str), ==, 1, Post UK rebate@Str), eqmax, 2), ['2'])
      --> ['SelectCol', ['SelectRow0', ['SelectRow1', ['SelectRow1', 'input@0', '==', 'budgetcategory', 'Post UK rebate'], '==', 'budgetcategory', 'Post UK rebate'], 'eqmax', 'budget'], ['budget']]
# (t=172.54) fallback i=28, candidate=[{'ANSWER': 3.695}]
  # found 0 program(s)
# (t=177.40) fallback i=29, candidate=[{'ANSWER': 3.959}]
  # found 0 program(s)
# (t=182.16) fallback i=30, candidate=[{'ANSWER': 4.223}]
  # found 0 program(s)
# (t=186.95) fallback i=31, candidate=[{'ANSWER': 5.103}]
  # found 0 program(s)
# (t=192.09) fallback i=32, candidate=[{'ANSWER': 5.367}]
  # found 0 program(s)
# (t=196.95) fallback i=33, candidate=[{'ANSWER': 6.246}]
  # found 0 program(s)
# (t=201.85) fallback i=34, candidate=[{'ANSWER': 6.51}]
  # found 0 program(s)
# (t=206.74) fallback i=35, candidate=[{'ANSWER': 'Austria'}]
  # found 0 program(s)
# (t=211.54) fallback i=36, candidate=[{'ANSWER': 'Belgium'}]
  # found 0 program(s)
# (t=216.33) fallback i=37, candidate=[{'ANSWER': 'Bulgaria'}]
  # found 0 program(s)
# (t=221.17) fallback i=38, candidate=[{'ANSWER': 'Cyprus'}]
  # found 0 program(s)
# (t=226.02) fallback i=39, candidate=[{'ANSWER': 'Czech Republic'}]
  # found 0 program(s)
# (t=230.84) fallback i=40, candidate=[{'ANSWER': 'Denmark'}]
  # found 0 program(s)
# (t=235.74) fallback i=41, candidate=[{'ANSWER': 'Estonia'}]
  # found 0 program(s)
# (t=240.68) fallback i=42, candidate=[{'ANSWER': 'Finland'}]
  # found 0 program(s)
# (t=245.58) fallback i=43, candidate=[{'ANSWER': 'France'}]
  # found 0 program(s)
# (t=250.36) fallback i=44, candidate=[{'ANSWER': 'Germany'}]
  # found 15 program(s)
    # SelectCol(SelectRow0(SelectRow1(@param0, ==, 1, Pre UK rebate@Str), eqmax, 2), ['0'])
      --> ['SelectCol', ['SelectRow0', ['SelectRow1', 'input@0', '==', 'budgetcategory', 'Pre UK rebate'], 'eqmax', 'budget'], ['country']]
    # SelectCol(SelectRow0(SelectRow1(@param0, ==, 1, Post UK rebate@Str), eqmax, 2), ['0'])
      --> ['SelectCol', ['SelectRow0', ['SelectRow1', 'input@0', '==', 'budgetcategory', 'Post UK rebate'], 'eqmax', 'budget'], ['country']]
    # SelectCol(SelectRow0(GroupSum(@param0, ['0'], max, 2), eqmax, 1), ['0'])
      --> ['SelectCol', ['SelectRow0', ['GroupSum', 'input@0', ['country'], 'max', 'budget'], 'eqmax', 'COL0'], ['country']]
    # SelectCol(SelectRow0(GroupSum(@param0, ['0'], max, 2), eqmax, 1), ['-1'])
      --> ['SelectCol', ['SelectRow0', ['GroupSum', 'input@0', ['country'], 'max', 'budget'], 'eqmax', 'COL0'], ['country']]
    # SelectCol(SelectRow0(GroupSum(@param0, ['0', '1'], max, 2), eqmax, 2), ['0'])
      --> ['SelectCol', ['SelectRow0', ['GroupSum', 'input@0', ['country', 'budgetcategory'], 'max', 'budget'], 'eqmax', 'COL0'], ['country']]
    # SelectCol(SelectRow0(GroupSum(@param0, ['0', '1'], max, 2), eqmax, 2), ['-1', '-2'])
      --> ['SelectCol', ['SelectRow0', ['GroupSum', 'input@0', ['country', 'budgetcategory'], 'max', 'budget'], 'eqmax', 'COL0'], ['country']]
    # SelectCol(SelectRow0(GroupSum(@param0, ['0', '2'], max, 2), eqmax, 1), ['0'])
      --> ['SelectCol', ['SelectRow0', ['GroupSum', 'input@0', ['country', 'budget'], 'max', 'budget'], 'eqmax', 'budget'], ['country']]
    # SelectCol(SelectRow0(GroupSum(@param0, ['0', '2'], max, 2), eqmax, 1), ['-1', '-2'])
      --> ['SelectCol', ['SelectRow0', ['GroupSum', 'input@0', ['country', 'budget'], 'max', 'budget'], 'eqmax', 'budget'], ['country']]
    # SelectCol(SelectRow0(GroupSum(@param0, ['0', '2'], max, 2), eqmax, 2), ['0'])
      --> ['SelectCol', ['SelectRow0', ['GroupSum', 'input@0', ['country', 'budget'], 'max', 'budget'], 'eqmax', 'COL0'], ['country']]
    # SelectCol(SelectRow0(GroupSum(@param0, ['0', '2'], max, 2), eqmax, 2), ['-1', '-2'])
      --> ['SelectCol', ['SelectRow0', ['GroupSum', 'input@0', ['country', 'budget'], 'max', 'budget'], 'eqmax', 'COL0'], ['country']]
    # SelectCol(SelectRow0(GroupSum(@param0, ['0', '3'], max, 2), eqmax, 2), ['0'])
      --> ['SelectCol', ['SelectRow0', ['GroupSum', 'input@0', ['country', 'color'], 'max', 'budget'], 'eqmax', 'COL0'], ['country']]
    # SelectCol(SelectRow0(GroupSum(@param0, ['0', '3'], max, 2), eqmax, 2), ['-1', '-2'])
      --> ['SelectCol', ['SelectRow0', ['GroupSum', 'input@0', ['country', 'color'], 'max', 'budget'], 'eqmax', 'COL0'], ['country']]
    # SelectCol(SelectRow0(@param0, eqmax, 2), ['0'])
      --> ['SelectCol', ['SelectRow0', 'input@0', 'eqmax', 'budget'], ['country']]
    # SelectCol(SelectRow0(SelectRow1(SelectRow1(@param0, ==, 1, Pre UK rebate@Str), ==, 1, Pre UK rebate@Str), eqmax, 2), ['0'])
      --> ['SelectCol', ['SelectRow0', ['SelectRow1', ['SelectRow1', 'input@0', '==', 'budgetcategory', 'Pre UK rebate'], '==', 'budgetcategory', 'Pre UK rebate'], 'eqmax', 'budget'], ['country']]
    # SelectCol(SelectRow0(SelectRow1(SelectRow1(@param0, ==, 1, Post UK rebate@Str), ==, 1, Post UK rebate@Str), eqmax, 2), ['0'])
      --> ['SelectCol', ['SelectRow0', ['SelectRow1', ['SelectRow1', 'input@0', '==', 'budgetcategory', 'Post UK rebate'], '==', 'budgetcategory', 'Post UK rebate'], 'eqmax', 'budget'], ['country']]
# (t=255.58) fallback i=45, candidate=[{'ANSWER': 'Greece'}]
  # found 0 program(s)
# (t=260.43) fallback i=46, candidate=[{'ANSWER': 'Hungary'}]
  # found 0 program(s)
# (t=265.31) fallback i=47, candidate=[{'ANSWER': 'Ireland'}]
  # found 0 program(s)
# (t=270.18) fallback i=48, candidate=[{'ANSWER': 'Italy'}]
  # found 0 program(s)
# (t=275.07) fallback i=49, candidate=[{'ANSWER': 'Latvia'}]
  # found 0 program(s)
# (t=279.91) fallback i=50, candidate=[{'ANSWER': 'Lithuania'}]
  # found 0 program(s)
# (t=284.71) fallback i=51, candidate=[{'ANSWER': 'Luxembourg'}]
  # found 0 program(s)
# (t=289.59) fallback i=52, candidate=[{'ANSWER': 'Malta'}]
  # found 0 program(s)
# (t=294.41) fallback i=53, candidate=[{'ANSWER': 'Netherlands'}]
  # found 0 program(s)
# (t=299.22) fallback i=54, candidate=[{'ANSWER': 'Poland'}]
---------- timeout ----------

# ========== review report ========== #
# top-1, score: 2.46, answer: 0.0
  # tprog: Summarize(SelectRow1(@param0, ==, 0, Pre UK rebate@Str), max, 2)
# top-2, score: 2.46, answer: 0.0
  # tprog: Summarize(SelectRow1(@param0, ==, 2, Pre UK rebate@Str), max, 2)
# top-3, score: 2.46, answer: 0.0
  # tprog: Summarize(SelectRow1(@param0, ==, 3, Pre UK rebate@Str), max, 2)
# top-4, score: 2.46, answer: 25.249
  # tprog: Summarize(SelectRow1(@param0, ==, 1, Pre UK rebate@Str), max, 2)
# top-5, score: 2.43, answer: 25.249
  # tprog: SelectCol(SelectRow0(SelectRow1(@param0, ==, 1, Pre UK rebate@Str), eqmax, 2), ['2'])
# top-6, score: 2.43, answer: Germany
  # tprog: SelectCol(SelectRow0(SelectRow1(@param0, ==, 1, Pre UK rebate@Str), eqmax, 2), ['0'])
# top-7, score: 2.40, answer: 25.249
  # tprog: SelectCol(SelectRow0(SelectRow1(SelectRow1(@param0, ==, 1, Pre UK rebate@Str), ==, 1, Pre UK rebate@Str), eqmax, 2), ['2'])
# top-8, score: 2.40, answer: Germany
  # tprog: SelectCol(SelectRow0(SelectRow1(SelectRow1(@param0, ==, 1, Pre UK rebate@Str), ==, 1, Pre UK rebate@Str), eqmax, 2), ['0'])
# top-9, score: 2.36, answer: 18.651
  # tprog: SelectCol(SelectRow1(SelectRow1(@param0, ==, 0, UK@Str), ==, 1, Pre UK rebate@Str), ['2'])
# top-10, score: 2.36, answer: 18.651
  # tprog: SelectCol(SelectRow1(SelectRow1(@param0, ==, 1, Pre UK rebate@Str), ==, 0, UK@Str), ['2'])
# top-11, score: 2.33, answer: 0.0
  # tprog: Summarize(SelectRow1(@param0, ==, 1, UK@Str), max, 2)
# top-12, score: 2.33, answer: 0.0
  # tprog: Summarize(SelectRow1(@param0, ==, 2, UK@Str), max, 2)
# top-13, score: 2.33, answer: 0.0
  # tprog: Summarize(SelectRow1(@param0, ==, 3, UK@Str), max, 2)
# top-14, score: 2.33, answer: 18.651
  # tprog: Summarize(SelectRow1(@param0, ==, 0, UK@Str), max, 2)
# top-15, score: 2.30, answer: 18.651
  # tprog: SelectCol(SelectRow0(SelectRow1(@param0, ==, 0, UK@Str), eqmax, 2), ['2'])
# top-16, score: 2.29, answer: 14.78
  # tprog: SelectCol(SelectRow1(SelectRow1(@param0, ==, 0, UK@Str), ==, 1, Post UK rebate@Str), ['2'])
# top-17, score: 2.29, answer: 14.78
  # tprog: SelectCol(SelectRow1(SelectRow1(@param0, ==, 1, Post UK rebate@Str), ==, 0, UK@Str), ['2'])
# top-18, score: 2.26, answer: 0.0
  # tprog: Summarize(SelectRow1(@param0, ==, 0, budget@Str), max, 2)
# top-19, score: 2.26, answer: 0.0
  # tprog: Summarize(SelectRow1(@param0, ==, 1, budget@Str), max, 2)
# top-20, score: 2.26, answer: 0.0
  # tprog: Summarize(SelectRow1(@param0, ==, 2, budget@Str), max, 2)
# top-21, score: 2.26, answer: 0.0
  # tprog: Summarize(SelectRow1(@param0, ==, 3, budget@Str), max, 2)
# top-22, score: 1.39, answer: 0.0
  # tprog: Summarize(SelectRow1(@param0, ==, 0, Post UK rebate@Str), max, 2)
# top-23, score: 1.39, answer: 0.0
  # tprog: Summarize(SelectRow1(@param0, ==, 2, Post UK rebate@Str), max, 2)
# top-24, score: 1.39, answer: 0.0
  # tprog: Summarize(SelectRow1(@param0, ==, 3, Post UK rebate@Str), max, 2)
# top-25, score: 1.39, answer: 25.601
  # tprog: Summarize(SelectRow1(@param0, ==, 1, Post UK rebate@Str), max, 2)
# top-26, score: 1.38, answer: 25.601
  # tprog: Summarize(@param0, max, 2)
# top-27, score: 1.37, answer: 25.601
  # tprog: SelectCol(SelectRow0(SelectRow1(@param0, ==, 1, Post UK rebate@Str), eqmax, 2), ['2'])
# top-28, score: 1.37, answer: Germany
  # tprog: SelectCol(SelectRow0(SelectRow1(@param0, ==, 1, Post UK rebate@Str), eqmax, 2), ['0'])
# top-29, score: 1.34, answer: 25.601
  # tprog: SelectCol(SelectRow0(SelectRow1(SelectRow1(@param0, ==, 1, Post UK rebate@Str), ==, 1, Post UK rebate@Str), eqmax, 2), ['2'])
# top-30, score: 1.34, answer: Germany
  # tprog: SelectCol(SelectRow0(SelectRow1(SelectRow1(@param0, ==, 1, Post UK rebate@Str), ==, 1, Post UK rebate@Str), eqmax, 2), ['0'])
# top-31, score: 1.30, answer: 25.601
  # tprog: SelectCol(SelectRow0(@param0, eqmax, 2), ['2'])
# top-32, score: 1.30, answer: Germany
  # tprog: SelectCol(SelectRow0(@param0, eqmax, 2), ['0'])
# top-33, score: 1.23, answer: 25.601
  # tprog: SelectCol(SelectRow0(GroupSum(@param0, ['0'], max, 2), eqmax, 1), ['1'])
# top-34, score: 1.23, answer: 25.601
  # tprog: SelectCol(SelectRow0(GroupSum(@param0, ['0'], max, 2), eqmax, 1), ['-99'])
# top-35, score: 1.23, answer: 25.601
  # tprog: SelectCol(SelectRow0(GroupSum(@param0, ['1'], max, 2), eqmax, 1), ['1'])
# top-36, score: 1.23, answer: 25.601
  # tprog: SelectCol(SelectRow0(GroupSum(@param0, ['1'], max, 2), eqmax, 1), ['-99'])
# top-37, score: 1.23, answer: 25.601
  # tprog: SelectCol(SelectRow0(GroupSum(@param0, ['2'], max, 2), eqmax, 0), ['0'])
# top-38, score: 1.23, answer: 25.601
  # tprog: SelectCol(SelectRow0(GroupSum(@param0, ['2'], max, 2), eqmax, 0), ['1'])
# top-39, score: 1.23, answer: 25.601
  # tprog: SelectCol(SelectRow0(GroupSum(@param0, ['2'], max, 2), eqmax, 0), ['-99'])
# top-40, score: 1.23, answer: 25.601
  # tprog: SelectCol(SelectRow0(GroupSum(@param0, ['2'], max, 2), eqmax, 0), ['-1'])
# top-41, score: 1.23, answer: 25.601
  # tprog: SelectCol(SelectRow0(GroupSum(@param0, ['2'], max, 2), eqmax, 1), ['0'])
# top-42, score: 1.23, answer: 25.601
  # tprog: SelectCol(SelectRow0(GroupSum(@param0, ['2'], max, 2), eqmax, 1), ['1'])
# top-43, score: 1.23, answer: 25.601
  # tprog: SelectCol(SelectRow0(GroupSum(@param0, ['2'], max, 2), eqmax, 1), ['-99'])
# top-44, score: 1.23, answer: 25.601
  # tprog: SelectCol(SelectRow0(GroupSum(@param0, ['2'], max, 2), eqmax, 1), ['-1'])
# top-45, score: 1.23, answer: 25.601
  # tprog: SelectCol(SelectRow0(GroupSum(@param0, ['3'], max, 2), eqmax, 1), ['1'])
# top-46, score: 1.23, answer: 25.601
  # tprog: SelectCol(SelectRow0(GroupSum(@param0, ['3'], max, 2), eqmax, 1), ['-99'])
# top-47, score: 1.23, answer: Germany
  # tprog: SelectCol(SelectRow0(GroupSum(@param0, ['0'], max, 2), eqmax, 1), ['0'])
# top-48, score: 1.23, answer: Germany
  # tprog: SelectCol(SelectRow0(GroupSum(@param0, ['0'], max, 2), eqmax, 1), ['-1'])
# top-49, score: 1.22, answer: 25.601
  # tprog: SelectCol(SelectRow0(GroupSum(@param0, ['0', '1'], max, 2), eqmax, 2), ['2'])
# top-50, score: 1.22, answer: 25.601
  # tprog: SelectCol(SelectRow0(GroupSum(@param0, ['0', '1'], max, 2), eqmax, 2), ['-99', '-1'])
# top-51, score: 1.22, answer: 25.601
  # tprog: SelectCol(SelectRow0(GroupSum(@param0, ['0', '2'], max, 2), eqmax, 1), ['1'])
# top-52, score: 1.22, answer: 25.601
  # tprog: SelectCol(SelectRow0(GroupSum(@param0, ['0', '2'], max, 2), eqmax, 1), ['2'])
# top-53, score: 1.22, answer: 25.601
  # tprog: SelectCol(SelectRow0(GroupSum(@param0, ['0', '2'], max, 2), eqmax, 1), ['-99', '-1'])
# top-54, score: 1.22, answer: 25.601
  # tprog: SelectCol(SelectRow0(GroupSum(@param0, ['0', '2'], max, 2), eqmax, 1), ['-99', '-2'])
# top-55, score: 1.22, answer: 25.601
  # tprog: SelectCol(SelectRow0(GroupSum(@param0, ['0', '2'], max, 2), eqmax, 2), ['1'])
# top-56, score: 1.22, answer: 25.601
  # tprog: SelectCol(SelectRow0(GroupSum(@param0, ['0', '2'], max, 2), eqmax, 2), ['2'])
# top-57, score: 1.22, answer: 25.601
  # tprog: SelectCol(SelectRow0(GroupSum(@param0, ['0', '2'], max, 2), eqmax, 2), ['-99', '-1'])
# top-58, score: 1.22, answer: 25.601
  # tprog: SelectCol(SelectRow0(GroupSum(@param0, ['0', '2'], max, 2), eqmax, 2), ['-99', '-2'])
# top-59, score: 1.22, answer: 25.601
  # tprog: SelectCol(SelectRow0(GroupSum(@param0, ['0', '3'], max, 2), eqmax, 2), ['2'])
# top-60, score: 1.22, answer: 25.601
  # tprog: SelectCol(SelectRow0(GroupSum(@param0, ['0', '3'], max, 2), eqmax, 2), ['-99', '-1'])
# top-61, score: 1.22, answer: 25.601
  # tprog: SelectCol(SelectRow0(GroupSum(@param0, ['1', '2'], max, 2), eqmax, 1), ['1'])
# top-62, score: 1.22, answer: 25.601
  # tprog: SelectCol(SelectRow0(GroupSum(@param0, ['1', '2'], max, 2), eqmax, 1), ['2'])
# top-63, score: 1.22, answer: 25.601
  # tprog: SelectCol(SelectRow0(GroupSum(@param0, ['1', '2'], max, 2), eqmax, 1), ['-99', '-1'])
# top-64, score: 1.22, answer: 25.601
  # tprog: SelectCol(SelectRow0(GroupSum(@param0, ['1', '2'], max, 2), eqmax, 1), ['-99', '-2'])
# top-65, score: 1.22, answer: 25.601
  # tprog: SelectCol(SelectRow0(GroupSum(@param0, ['1', '2'], max, 2), eqmax, 2), ['1'])
# top-66, score: 1.22, answer: 25.601
  # tprog: SelectCol(SelectRow0(GroupSum(@param0, ['1', '2'], max, 2), eqmax, 2), ['2'])
# top-67, score: 1.22, answer: 25.601
  # tprog: SelectCol(SelectRow0(GroupSum(@param0, ['1', '2'], max, 2), eqmax, 2), ['-99', '-1'])
# top-68, score: 1.22, answer: 25.601
  # tprog: SelectCol(SelectRow0(GroupSum(@param0, ['1', '2'], max, 2), eqmax, 2), ['-99', '-2'])
# top-69, score: 1.22, answer: 25.601
  # tprog: SelectCol(SelectRow0(GroupSum(@param0, ['1', '3'], max, 2), eqmax, 2), ['2'])
# top-70, score: 1.22, answer: 25.601
  # tprog: SelectCol(SelectRow0(GroupSum(@param0, ['1', '3'], max, 2), eqmax, 2), ['-99', '-1'])
# top-71, score: 1.22, answer: 25.601
  # tprog: SelectCol(SelectRow0(GroupSum(@param0, ['2', '3'], max, 2), eqmax, 0), ['0'])
# top-72, score: 1.22, answer: 25.601
  # tprog: SelectCol(SelectRow0(GroupSum(@param0, ['2', '3'], max, 2), eqmax, 0), ['2'])
# top-73, score: 1.22, answer: 25.601
  # tprog: SelectCol(SelectRow0(GroupSum(@param0, ['2', '3'], max, 2), eqmax, 0), ['-99', '-1'])
# top-74, score: 1.22, answer: 25.601
  # tprog: SelectCol(SelectRow0(GroupSum(@param0, ['2', '3'], max, 2), eqmax, 0), ['-1', '-2'])
# top-75, score: 1.22, answer: 25.601
  # tprog: SelectCol(SelectRow0(GroupSum(@param0, ['2', '3'], max, 2), eqmax, 2), ['0'])
# top-76, score: 1.22, answer: 25.601
  # tprog: SelectCol(SelectRow0(GroupSum(@param0, ['2', '3'], max, 2), eqmax, 2), ['2'])
# top-77, score: 1.22, answer: 25.601
  # tprog: SelectCol(SelectRow0(GroupSum(@param0, ['2', '3'], max, 2), eqmax, 2), ['-99', '-1'])
# top-78, score: 1.22, answer: 25.601
  # tprog: SelectCol(SelectRow0(GroupSum(@param0, ['2', '3'], max, 2), eqmax, 2), ['-1', '-2'])
# top-79, score: 1.22, answer: Germany
  # tprog: SelectCol(SelectRow0(GroupSum(@param0, ['0', '1'], max, 2), eqmax, 2), ['0'])
# top-80, score: 1.22, answer: Germany
  # tprog: SelectCol(SelectRow0(GroupSum(@param0, ['0', '1'], max, 2), eqmax, 2), ['-1', '-2'])
# top-81, score: 1.22, answer: Germany
  # tprog: SelectCol(SelectRow0(GroupSum(@param0, ['0', '2'], max, 2), eqmax, 1), ['0'])
# top-82, score: 1.22, answer: Germany
  # tprog: SelectCol(SelectRow0(GroupSum(@param0, ['0', '2'], max, 2), eqmax, 1), ['-1', '-2'])
# top-83, score: 1.22, answer: Germany
  # tprog: SelectCol(SelectRow0(GroupSum(@param0, ['0', '2'], max, 2), eqmax, 2), ['0'])
# top-84, score: 1.22, answer: Germany
  # tprog: SelectCol(SelectRow0(GroupSum(@param0, ['0', '2'], max, 2), eqmax, 2), ['-1', '-2'])
# top-85, score: 1.22, answer: Germany
  # tprog: SelectCol(SelectRow0(GroupSum(@param0, ['0', '3'], max, 2), eqmax, 2), ['0'])
# top-86, score: 1.22, answer: Germany
  # tprog: SelectCol(SelectRow0(GroupSum(@param0, ['0', '3'], max, 2), eqmax, 2), ['-1', '-2'])
