# parsed arguments: Namespace(benchmark='Qe578d', dsl='meta_visqa', skeletons='visqa_normal', strategy='TaPas_C', fallback='auto', timeout=300, mode='full', expected_only=False)
# loading benchmark...
# table keywords: {'174.935', '2015', 'color', '149.338', '125.734', '2012', '2017', '2016', '2007', '2002', '2003', '169.598', '262.799', '2014', '168.827', '2008', '325.044', '129.505', '408.037', '184.211', '123.061', 'blue', '1999', '2004', 'cases', '223.809', '344.23', '297.551', '2011', '2000', '2010', '167.543', '166.061', '2006', '2009', '1998', '2013', '456.216', '516.031', 'year', '533.909', '186.108', '2001', '2005'}
# input type: [dtype('float64'), dtype('int64'), dtype('O')]
# input is:
      cases  year color
0   129.505  1998  blue
1   123.061  1999  blue
2   125.734  2000  blue
3   149.338  2001  blue
4   166.061  2002  blue
5   169.598  2003  blue
6   167.543  2004  blue
7   184.211  2005  blue
8   168.827  2006  blue
9   174.935  2007  blue
10  186.108  2008  blue
11  223.809  2009  blue
12  262.799  2010  blue
13  297.551  2011  blue
14  325.044  2012  blue
15  344.230  2013  blue
16  408.037  2014  blue
17  456.216  2015  blue
18  516.031  2016  blue
19  533.909  2017  blue
# query is: In which year was the most pending cases in US immigration courts?
# expected output type:[dtype('int64')]
# expected output is:
   ANSWER
0    2017
# inferred DSL terminals:
  # ConstVal: ['year@Str', 'cases@Str', '<NULL>']
     # cmap: [('year', 'year'), ('cases', 'cases')]
  # AggrFunc: ['max', '<NULL>']
     # amap: [('most', 'max')]
  # NumFunc: ['<NULL>']
     # nmap: []
  # BoolFunc: ['==', '<NULL>']
     # bmap: [(None, '==')]
  # IndFunc: ['eqmax', '<NULL>']
     # imap: [('most', 'eqmax')]
# loading skeleton list...

# ========== candidate program report ========== #
# (t=0.00) i=0, candidate=[{'ANSWER': 2017}]
  # found 55 program(s)
    # SelectCol(SelectRow0(GroupSum(@param0, ['0'], max, 1), eqmax, 0), ['1'])
      --> ['SelectCol', ['SelectRow0', ['GroupSum', 'input@0', ['cases'], 'max', 'year'], 'eqmax', 'cases'], ['COL0']]
    # SelectCol(SelectRow0(GroupSum(@param0, ['0'], max, 1), eqmax, 0), ['-99'])
      --> ['SelectCol', ['SelectRow0', ['GroupSum', 'input@0', ['cases'], 'max', 'year'], 'eqmax', 'cases'], ['COL0']]
    # SelectCol(SelectRow0(GroupSum(@param0, ['0'], max, 1), eqmax, 1), ['1'])
      --> ['SelectCol', ['SelectRow0', ['GroupSum', 'input@0', ['cases'], 'max', 'year'], 'eqmax', 'COL0'], ['COL0']]
    # SelectCol(SelectRow0(GroupSum(@param0, ['0'], max, 1), eqmax, 1), ['-99'])
      --> ['SelectCol', ['SelectRow0', ['GroupSum', 'input@0', ['cases'], 'max', 'year'], 'eqmax', 'COL0'], ['COL0']]
    # SelectCol(SelectRow0(GroupSum(@param0, ['1'], max, 0), eqmax, 0), ['0'])
      --> ['SelectCol', ['SelectRow0', ['GroupSum', 'input@0', ['year'], 'max', 'cases'], 'eqmax', 'year'], ['year']]
    # SelectCol(SelectRow0(GroupSum(@param0, ['1'], max, 0), eqmax, 0), ['-1'])
      --> ['SelectCol', ['SelectRow0', ['GroupSum', 'input@0', ['year'], 'max', 'cases'], 'eqmax', 'year'], ['year']]
    # SelectCol(SelectRow0(GroupSum(@param0, ['1'], max, 0), eqmax, 1), ['0'])
      --> ['SelectCol', ['SelectRow0', ['GroupSum', 'input@0', ['year'], 'max', 'cases'], 'eqmax', 'COL0'], ['year']]
    # SelectCol(SelectRow0(GroupSum(@param0, ['1'], max, 0), eqmax, 1), ['-1'])
      --> ['SelectCol', ['SelectRow0', ['GroupSum', 'input@0', ['year'], 'max', 'cases'], 'eqmax', 'COL0'], ['year']]
    # SelectCol(SelectRow0(GroupSum(@param0, ['1'], max, 1), eqmax, 0), ['0'])
      --> ['SelectCol', ['SelectRow0', ['GroupSum', 'input@0', ['year'], 'max', 'year'], 'eqmax', 'year'], ['year']]
    # SelectCol(SelectRow0(GroupSum(@param0, ['1'], max, 1), eqmax, 0), ['1'])
      --> ['SelectCol', ['SelectRow0', ['GroupSum', 'input@0', ['year'], 'max', 'year'], 'eqmax', 'year'], ['COL0']]
    # SelectCol(SelectRow0(GroupSum(@param0, ['1'], max, 1), eqmax, 0), ['-99'])
      --> ['SelectCol', ['SelectRow0', ['GroupSum', 'input@0', ['year'], 'max', 'year'], 'eqmax', 'year'], ['COL0']]
    # SelectCol(SelectRow0(GroupSum(@param0, ['1'], max, 1), eqmax, 0), ['-1'])
      --> ['SelectCol', ['SelectRow0', ['GroupSum', 'input@0', ['year'], 'max', 'year'], 'eqmax', 'year'], ['year']]
    # SelectCol(SelectRow0(GroupSum(@param0, ['1'], max, 1), eqmax, 1), ['0'])
      --> ['SelectCol', ['SelectRow0', ['GroupSum', 'input@0', ['year'], 'max', 'year'], 'eqmax', 'COL0'], ['year']]
    # SelectCol(SelectRow0(GroupSum(@param0, ['1'], max, 1), eqmax, 1), ['1'])
      --> ['SelectCol', ['SelectRow0', ['GroupSum', 'input@0', ['year'], 'max', 'year'], 'eqmax', 'COL0'], ['COL0']]
    # SelectCol(SelectRow0(GroupSum(@param0, ['1'], max, 1), eqmax, 1), ['-99'])
      --> ['SelectCol', ['SelectRow0', ['GroupSum', 'input@0', ['year'], 'max', 'year'], 'eqmax', 'COL0'], ['COL0']]
    # SelectCol(SelectRow0(GroupSum(@param0, ['1'], max, 1), eqmax, 1), ['-1'])
      --> ['SelectCol', ['SelectRow0', ['GroupSum', 'input@0', ['year'], 'max', 'year'], 'eqmax', 'COL0'], ['year']]
    # SelectCol(SelectRow0(GroupSum(@param0, ['0', '1'], max, 0), eqmax, 0), ['1'])
      --> ['SelectCol', ['SelectRow0', ['GroupSum', 'input@0', ['cases', 'year'], 'max', 'cases'], 'eqmax', 'cases'], ['year']]
    # SelectCol(SelectRow0(GroupSum(@param0, ['0', '1'], max, 0), eqmax, 0), ['-99', '-2'])
      --> ['SelectCol', ['SelectRow0', ['GroupSum', 'input@0', ['cases', 'year'], 'max', 'cases'], 'eqmax', 'cases'], ['year']]
    # SelectCol(SelectRow0(GroupSum(@param0, ['0', '1'], max, 0), eqmax, 1), ['1'])
      --> ['SelectCol', ['SelectRow0', ['GroupSum', 'input@0', ['cases', 'year'], 'max', 'cases'], 'eqmax', 'year'], ['year']]
    # SelectCol(SelectRow0(GroupSum(@param0, ['0', '1'], max, 0), eqmax, 1), ['-99', '-2'])
      --> ['SelectCol', ['SelectRow0', ['GroupSum', 'input@0', ['cases', 'year'], 'max', 'cases'], 'eqmax', 'year'], ['year']]
    # SelectCol(SelectRow0(GroupSum(@param0, ['0', '1'], max, 0), eqmax, 2), ['1'])
      --> ['SelectCol', ['SelectRow0', ['GroupSum', 'input@0', ['cases', 'year'], 'max', 'cases'], 'eqmax', 'COL0'], ['year']]
    # SelectCol(SelectRow0(GroupSum(@param0, ['0', '1'], max, 0), eqmax, 2), ['-99', '-2'])
      --> ['SelectCol', ['SelectRow0', ['GroupSum', 'input@0', ['cases', 'year'], 'max', 'cases'], 'eqmax', 'COL0'], ['year']]
    # SelectCol(SelectRow0(GroupSum(@param0, ['0', '1'], max, 1), eqmax, 0), ['1'])
      --> ['SelectCol', ['SelectRow0', ['GroupSum', 'input@0', ['cases', 'year'], 'max', 'year'], 'eqmax', 'cases'], ['year']]
    # SelectCol(SelectRow0(GroupSum(@param0, ['0', '1'], max, 1), eqmax, 0), ['2'])
      --> ['SelectCol', ['SelectRow0', ['GroupSum', 'input@0', ['cases', 'year'], 'max', 'year'], 'eqmax', 'cases'], ['COL0']]
    # SelectCol(SelectRow0(GroupSum(@param0, ['0', '1'], max, 1), eqmax, 0), ['-99', '-1'])
      --> ['SelectCol', ['SelectRow0', ['GroupSum', 'input@0', ['cases', 'year'], 'max', 'year'], 'eqmax', 'cases'], ['COL0']]
    # SelectCol(SelectRow0(GroupSum(@param0, ['0', '1'], max, 1), eqmax, 0), ['-99', '-2'])
      --> ['SelectCol', ['SelectRow0', ['GroupSum', 'input@0', ['cases', 'year'], 'max', 'year'], 'eqmax', 'cases'], ['year']]
    # SelectCol(SelectRow0(GroupSum(@param0, ['0', '1'], max, 1), eqmax, 1), ['1'])
      --> ['SelectCol', ['SelectRow0', ['GroupSum', 'input@0', ['cases', 'year'], 'max', 'year'], 'eqmax', 'year'], ['year']]
    # SelectCol(SelectRow0(GroupSum(@param0, ['0', '1'], max, 1), eqmax, 1), ['2'])
      --> ['SelectCol', ['SelectRow0', ['GroupSum', 'input@0', ['cases', 'year'], 'max', 'year'], 'eqmax', 'year'], ['COL0']]
    # SelectCol(SelectRow0(GroupSum(@param0, ['0', '1'], max, 1), eqmax, 1), ['-99', '-1'])
      --> ['SelectCol', ['SelectRow0', ['GroupSum', 'input@0', ['cases', 'year'], 'max', 'year'], 'eqmax', 'year'], ['COL0']]
    # SelectCol(SelectRow0(GroupSum(@param0, ['0', '1'], max, 1), eqmax, 1), ['-99', '-2'])
      --> ['SelectCol', ['SelectRow0', ['GroupSum', 'input@0', ['cases', 'year'], 'max', 'year'], 'eqmax', 'year'], ['year']]
    # SelectCol(SelectRow0(GroupSum(@param0, ['0', '1'], max, 1), eqmax, 2), ['1'])
      --> ['SelectCol', ['SelectRow0', ['GroupSum', 'input@0', ['cases', 'year'], 'max', 'year'], 'eqmax', 'COL0'], ['year']]
    # SelectCol(SelectRow0(GroupSum(@param0, ['0', '1'], max, 1), eqmax, 2), ['2'])
      --> ['SelectCol', ['SelectRow0', ['GroupSum', 'input@0', ['cases', 'year'], 'max', 'year'], 'eqmax', 'COL0'], ['COL0']]
    # SelectCol(SelectRow0(GroupSum(@param0, ['0', '1'], max, 1), eqmax, 2), ['-99', '-1'])
      --> ['SelectCol', ['SelectRow0', ['GroupSum', 'input@0', ['cases', 'year'], 'max', 'year'], 'eqmax', 'COL0'], ['COL0']]
    # SelectCol(SelectRow0(GroupSum(@param0, ['0', '1'], max, 1), eqmax, 2), ['-99', '-2'])
      --> ['SelectCol', ['SelectRow0', ['GroupSum', 'input@0', ['cases', 'year'], 'max', 'year'], 'eqmax', 'COL0'], ['year']]
    # SelectCol(SelectRow0(GroupSum(@param0, ['0', '2'], max, 1), eqmax, 0), ['2'])
      --> ['SelectCol', ['SelectRow0', ['GroupSum', 'input@0', ['cases', 'color'], 'max', 'year'], 'eqmax', 'cases'], ['COL0']]
    # SelectCol(SelectRow0(GroupSum(@param0, ['0', '2'], max, 1), eqmax, 0), ['-99', '-1'])
      --> ['SelectCol', ['SelectRow0', ['GroupSum', 'input@0', ['cases', 'color'], 'max', 'year'], 'eqmax', 'cases'], ['COL0']]
    # SelectCol(SelectRow0(GroupSum(@param0, ['0', '2'], max, 1), eqmax, 2), ['2'])
      --> ['SelectCol', ['SelectRow0', ['GroupSum', 'input@0', ['cases', 'color'], 'max', 'year'], 'eqmax', 'COL0'], ['COL0']]
    # SelectCol(SelectRow0(GroupSum(@param0, ['0', '2'], max, 1), eqmax, 2), ['-99', '-1'])
      --> ['SelectCol', ['SelectRow0', ['GroupSum', 'input@0', ['cases', 'color'], 'max', 'year'], 'eqmax', 'COL0'], ['COL0']]
    # SelectCol(SelectRow0(GroupSum(@param0, ['1', '2'], max, 0), eqmax, 0), ['0'])
      --> ['SelectCol', ['SelectRow0', ['GroupSum', 'input@0', ['year', 'color'], 'max', 'cases'], 'eqmax', 'year'], ['year']]
    # SelectCol(SelectRow0(GroupSum(@param0, ['1', '2'], max, 0), eqmax, 0), ['-1', '-2'])
      --> ['SelectCol', ['SelectRow0', ['GroupSum', 'input@0', ['year', 'color'], 'max', 'cases'], 'eqmax', 'year'], ['year']]
    # SelectCol(SelectRow0(GroupSum(@param0, ['1', '2'], max, 0), eqmax, 2), ['0'])
      --> ['SelectCol', ['SelectRow0', ['GroupSum', 'input@0', ['year', 'color'], 'max', 'cases'], 'eqmax', 'COL0'], ['year']]
    # SelectCol(SelectRow0(GroupSum(@param0, ['1', '2'], max, 0), eqmax, 2), ['-1', '-2'])
      --> ['SelectCol', ['SelectRow0', ['GroupSum', 'input@0', ['year', 'color'], 'max', 'cases'], 'eqmax', 'COL0'], ['year']]
    # SelectCol(SelectRow0(GroupSum(@param0, ['1', '2'], max, 1), eqmax, 0), ['0'])
      --> ['SelectCol', ['SelectRow0', ['GroupSum', 'input@0', ['year', 'color'], 'max', 'year'], 'eqmax', 'year'], ['year']]
    # SelectCol(SelectRow0(GroupSum(@param0, ['1', '2'], max, 1), eqmax, 0), ['2'])
      --> ['SelectCol', ['SelectRow0', ['GroupSum', 'input@0', ['year', 'color'], 'max', 'year'], 'eqmax', 'year'], ['COL0']]
    # SelectCol(SelectRow0(GroupSum(@param0, ['1', '2'], max, 1), eqmax, 0), ['-99', '-1'])
      --> ['SelectCol', ['SelectRow0', ['GroupSum', 'input@0', ['year', 'color'], 'max', 'year'], 'eqmax', 'year'], ['COL0']]
    # SelectCol(SelectRow0(GroupSum(@param0, ['1', '2'], max, 1), eqmax, 0), ['-1', '-2'])
      --> ['SelectCol', ['SelectRow0', ['GroupSum', 'input@0', ['year', 'color'], 'max', 'year'], 'eqmax', 'year'], ['year']]
    # SelectCol(SelectRow0(GroupSum(@param0, ['1', '2'], max, 1), eqmax, 2), ['0'])
      --> ['SelectCol', ['SelectRow0', ['GroupSum', 'input@0', ['year', 'color'], 'max', 'year'], 'eqmax', 'COL0'], ['year']]
    # SelectCol(SelectRow0(GroupSum(@param0, ['1', '2'], max, 1), eqmax, 2), ['2'])
      --> ['SelectCol', ['SelectRow0', ['GroupSum', 'input@0', ['year', 'color'], 'max', 'year'], 'eqmax', 'COL0'], ['COL0']]
    # SelectCol(SelectRow0(GroupSum(@param0, ['1', '2'], max, 1), eqmax, 2), ['-99', '-1'])
      --> ['SelectCol', ['SelectRow0', ['GroupSum', 'input@0', ['year', 'color'], 'max', 'year'], 'eqmax', 'COL0'], ['COL0']]
    # SelectCol(SelectRow0(GroupSum(@param0, ['1', '2'], max, 1), eqmax, 2), ['-1', '-2'])
      --> ['SelectCol', ['SelectRow0', ['GroupSum', 'input@0', ['year', 'color'], 'max', 'year'], 'eqmax', 'COL0'], ['year']]
    # SelectCol(SelectRow0(@param0, eqmax, 0), ['1'])
      --> ['SelectCol', ['SelectRow0', 'input@0', 'eqmax', 'cases'], ['year']]
    # SelectCol(SelectRow0(@param0, eqmax, 0), ['-99', '-2'])
      --> ['SelectCol', ['SelectRow0', 'input@0', 'eqmax', 'cases'], ['year']]
    # SelectCol(SelectRow0(@param0, eqmax, 1), ['1'])
      --> ['SelectCol', ['SelectRow0', 'input@0', 'eqmax', 'year'], ['year']]
    # SelectCol(SelectRow0(@param0, eqmax, 1), ['-99', '-2'])
      --> ['SelectCol', ['SelectRow0', 'input@0', 'eqmax', 'year'], ['year']]
    # Summarize(@param0, max, 1)
      --> ['Summarize', 'input@0', 'max', 'year']
# (t=1.75) i=1, candidate=[{'ANSWER': 2015}]
  # found 0 program(s)
# (t=3.31) i=2, candidate=[{'ANSWER': 1998}]
  # found 0 program(s)
# (t=4.88) i=3, candidate=[{'ANSWER': 2016}]
  # found 0 program(s)

# ========== review report ========== #
# top-1, score: 1.42, answer: 2017
  # tprog: SelectCol(SelectRow0(@param0, eqmax, 0), ['1'])
# top-2, score: 1.42, answer: 2017
  # tprog: SelectCol(SelectRow0(@param0, eqmax, 0), ['-99', '-2'])
# top-3, score: 1.42, answer: 2017
  # tprog: Summarize(@param0, max, 1)
# top-4, score: 1.35, answer: 2017
  # tprog: SelectCol(SelectRow0(GroupSum(@param0, ['0'], max, 1), eqmax, 0), ['1'])
# top-5, score: 1.35, answer: 2017
  # tprog: SelectCol(SelectRow0(GroupSum(@param0, ['0'], max, 1), eqmax, 0), ['-99'])
# top-6, score: 1.35, answer: 2017
  # tprog: SelectCol(SelectRow0(GroupSum(@param0, ['0'], max, 1), eqmax, 1), ['1'])
# top-7, score: 1.35, answer: 2017
  # tprog: SelectCol(SelectRow0(GroupSum(@param0, ['0'], max, 1), eqmax, 1), ['-99'])
# top-8, score: 1.35, answer: 2017
  # tprog: SelectCol(SelectRow0(GroupSum(@param0, ['1'], max, 0), eqmax, 0), ['0'])
# top-9, score: 1.35, answer: 2017
  # tprog: SelectCol(SelectRow0(GroupSum(@param0, ['1'], max, 0), eqmax, 0), ['-1'])
# top-10, score: 1.35, answer: 2017
  # tprog: SelectCol(SelectRow0(GroupSum(@param0, ['1'], max, 0), eqmax, 1), ['0'])
# top-11, score: 1.35, answer: 2017
  # tprog: SelectCol(SelectRow0(GroupSum(@param0, ['1'], max, 0), eqmax, 1), ['-1'])
# top-12, score: 1.34, answer: 2017
  # tprog: SelectCol(SelectRow0(GroupSum(@param0, ['0', '1'], max, 0), eqmax, 0), ['1'])
# top-13, score: 1.34, answer: 2017
  # tprog: SelectCol(SelectRow0(GroupSum(@param0, ['0', '1'], max, 0), eqmax, 0), ['-99', '-2'])
# top-14, score: 1.34, answer: 2017
  # tprog: SelectCol(SelectRow0(GroupSum(@param0, ['0', '1'], max, 0), eqmax, 1), ['1'])
# top-15, score: 1.34, answer: 2017
  # tprog: SelectCol(SelectRow0(GroupSum(@param0, ['0', '1'], max, 0), eqmax, 1), ['-99', '-2'])
# top-16, score: 1.34, answer: 2017
  # tprog: SelectCol(SelectRow0(GroupSum(@param0, ['0', '1'], max, 0), eqmax, 2), ['1'])
# top-17, score: 1.34, answer: 2017
  # tprog: SelectCol(SelectRow0(GroupSum(@param0, ['0', '1'], max, 0), eqmax, 2), ['-99', '-2'])
# top-18, score: 1.34, answer: 2017
  # tprog: SelectCol(SelectRow0(GroupSum(@param0, ['0', '1'], max, 1), eqmax, 0), ['1'])
# top-19, score: 1.34, answer: 2017
  # tprog: SelectCol(SelectRow0(GroupSum(@param0, ['0', '1'], max, 1), eqmax, 0), ['2'])
# top-20, score: 1.34, answer: 2017
  # tprog: SelectCol(SelectRow0(GroupSum(@param0, ['0', '1'], max, 1), eqmax, 0), ['-99', '-1'])
# top-21, score: 1.34, answer: 2017
  # tprog: SelectCol(SelectRow0(GroupSum(@param0, ['0', '1'], max, 1), eqmax, 0), ['-99', '-2'])
# top-22, score: 1.34, answer: 2017
  # tprog: SelectCol(SelectRow0(GroupSum(@param0, ['0', '1'], max, 1), eqmax, 1), ['1'])
# top-23, score: 1.34, answer: 2017
  # tprog: SelectCol(SelectRow0(GroupSum(@param0, ['0', '1'], max, 1), eqmax, 1), ['2'])
# top-24, score: 1.34, answer: 2017
  # tprog: SelectCol(SelectRow0(GroupSum(@param0, ['0', '1'], max, 1), eqmax, 1), ['-99', '-1'])
# top-25, score: 1.34, answer: 2017
  # tprog: SelectCol(SelectRow0(GroupSum(@param0, ['0', '1'], max, 1), eqmax, 1), ['-99', '-2'])
# top-26, score: 1.34, answer: 2017
  # tprog: SelectCol(SelectRow0(GroupSum(@param0, ['0', '1'], max, 1), eqmax, 2), ['1'])
# top-27, score: 1.34, answer: 2017
  # tprog: SelectCol(SelectRow0(GroupSum(@param0, ['0', '1'], max, 1), eqmax, 2), ['2'])
# top-28, score: 1.34, answer: 2017
  # tprog: SelectCol(SelectRow0(GroupSum(@param0, ['0', '1'], max, 1), eqmax, 2), ['-99', '-1'])
# top-29, score: 1.34, answer: 2017
  # tprog: SelectCol(SelectRow0(GroupSum(@param0, ['0', '1'], max, 1), eqmax, 2), ['-99', '-2'])
# top-30, score: 1.34, answer: 2017
  # tprog: SelectCol(SelectRow0(GroupSum(@param0, ['0', '2'], max, 1), eqmax, 0), ['2'])
# top-31, score: 1.34, answer: 2017
  # tprog: SelectCol(SelectRow0(GroupSum(@param0, ['0', '2'], max, 1), eqmax, 0), ['-99', '-1'])
# top-32, score: 1.34, answer: 2017
  # tprog: SelectCol(SelectRow0(GroupSum(@param0, ['0', '2'], max, 1), eqmax, 2), ['2'])
# top-33, score: 1.34, answer: 2017
  # tprog: SelectCol(SelectRow0(GroupSum(@param0, ['0', '2'], max, 1), eqmax, 2), ['-99', '-1'])
# top-34, score: 1.34, answer: 2017
  # tprog: SelectCol(SelectRow0(GroupSum(@param0, ['1', '2'], max, 0), eqmax, 0), ['0'])
# top-35, score: 1.34, answer: 2017
  # tprog: SelectCol(SelectRow0(GroupSum(@param0, ['1', '2'], max, 0), eqmax, 0), ['-1', '-2'])
# top-36, score: 1.34, answer: 2017
  # tprog: SelectCol(SelectRow0(GroupSum(@param0, ['1', '2'], max, 0), eqmax, 2), ['0'])
# top-37, score: 1.34, answer: 2017
  # tprog: SelectCol(SelectRow0(GroupSum(@param0, ['1', '2'], max, 0), eqmax, 2), ['-1', '-2'])
# top-38, score: 1.33, answer: 2017
  # tprog: SelectCol(SelectRow0(@param0, eqmax, 1), ['1'])
# top-39, score: 1.33, answer: 2017
  # tprog: SelectCol(SelectRow0(@param0, eqmax, 1), ['-99', '-2'])
# top-40, score: 1.27, answer: 2017
  # tprog: SelectCol(SelectRow0(GroupSum(@param0, ['1'], max, 1), eqmax, 0), ['0'])
# top-41, score: 1.27, answer: 2017
  # tprog: SelectCol(SelectRow0(GroupSum(@param0, ['1'], max, 1), eqmax, 0), ['1'])
# top-42, score: 1.27, answer: 2017
  # tprog: SelectCol(SelectRow0(GroupSum(@param0, ['1'], max, 1), eqmax, 0), ['-99'])
# top-43, score: 1.27, answer: 2017
  # tprog: SelectCol(SelectRow0(GroupSum(@param0, ['1'], max, 1), eqmax, 0), ['-1'])
# top-44, score: 1.27, answer: 2017
  # tprog: SelectCol(SelectRow0(GroupSum(@param0, ['1'], max, 1), eqmax, 1), ['0'])
# top-45, score: 1.27, answer: 2017
  # tprog: SelectCol(SelectRow0(GroupSum(@param0, ['1'], max, 1), eqmax, 1), ['1'])
# top-46, score: 1.27, answer: 2017
  # tprog: SelectCol(SelectRow0(GroupSum(@param0, ['1'], max, 1), eqmax, 1), ['-99'])
# top-47, score: 1.27, answer: 2017
  # tprog: SelectCol(SelectRow0(GroupSum(@param0, ['1'], max, 1), eqmax, 1), ['-1'])
# top-48, score: 1.26, answer: 2017
  # tprog: SelectCol(SelectRow0(GroupSum(@param0, ['1', '2'], max, 1), eqmax, 0), ['0'])
# top-49, score: 1.26, answer: 2017
  # tprog: SelectCol(SelectRow0(GroupSum(@param0, ['1', '2'], max, 1), eqmax, 0), ['2'])
# top-50, score: 1.26, answer: 2017
  # tprog: SelectCol(SelectRow0(GroupSum(@param0, ['1', '2'], max, 1), eqmax, 0), ['-99', '-1'])
# top-51, score: 1.26, answer: 2017
  # tprog: SelectCol(SelectRow0(GroupSum(@param0, ['1', '2'], max, 1), eqmax, 0), ['-1', '-2'])
# top-52, score: 1.26, answer: 2017
  # tprog: SelectCol(SelectRow0(GroupSum(@param0, ['1', '2'], max, 1), eqmax, 2), ['0'])
# top-53, score: 1.26, answer: 2017
  # tprog: SelectCol(SelectRow0(GroupSum(@param0, ['1', '2'], max, 1), eqmax, 2), ['2'])
# top-54, score: 1.26, answer: 2017
  # tprog: SelectCol(SelectRow0(GroupSum(@param0, ['1', '2'], max, 1), eqmax, 2), ['-99', '-1'])
# top-55, score: 1.26, answer: 2017
  # tprog: SelectCol(SelectRow0(GroupSum(@param0, ['1', '2'], max, 1), eqmax, 2), ['-1', '-2'])
