# parsed arguments: Namespace(benchmark='Qed628', dsl='meta_visqa', skeletons='visqa_normal', strategy='TaPas_C', fallback='auto', timeout=300, mode='full', expected_only=False)
# loading benchmark...
# table keywords: {'544', 'birds', 'belize', 'rica', 'salvador', '838', 'el', 'color', 'costa', 'honduras', '699', '632', '684', 'panama', 'nicaragua', 'guatemala', 'blue', '434', '904', 'country'}
# input type: [dtype('O'), dtype('int64'), dtype('O')]
# input is:
       Country  Birds color
0       Belize    544  blue
1   Costa Rica    838  blue
2  El Salvador    434  blue
3    Guatemala    684  blue
4     Honduras    699  blue
5    Nicaragua    632  blue
6       Panama    904  blue
# query is: How many bird species are there in Honduras?
# expected output type:[dtype('int64')]
# expected output is:
   ANSWER
0     699
# inferred DSL terminals:
  # ConstVal: ['Birds@Str', '<NULL>']
     # cmap: [('bird', 'Birds')]
  # AggrFunc: ['count', '<NULL>']
     # amap: [('how many', 'count')]
  # NumFunc: ['<NULL>']
     # nmap: []
  # BoolFunc: ['==', '<NULL>']
     # bmap: [(None, '==')]
  # IndFunc: ['<NULL>']
     # imap: []
# loading skeleton list...

# ========== candidate program report ========== #
# (t=0.00) i=0, candidate=[{'ANSWER': 699}]
  # found 0 program(s)
# (t=0.41) i=1, candidate=[{'ANSWER': 1398}]
  # found 0 program(s)
# ====> fallback strategy (retrieval) is triggered because no explanation is found so far
# ====> retrieval_values: [434, 544, 632, 684, 699, 838, 904, 'Belize', 'Birds', 'Costa Rica', 'Country', 'El Salvador', 'Guatemala', 'Honduras', 'Nicaragua', 'Panama', 'blue', 'color']
# (t=0.75) fallback i=0, candidate=[{'ANSWER': 434}]
  # found 0 program(s)
# (t=1.15) fallback i=1, candidate=[{'ANSWER': 544}]
  # found 0 program(s)
# (t=1.56) fallback i=2, candidate=[{'ANSWER': 632}]
  # found 0 program(s)
# (t=1.95) fallback i=3, candidate=[{'ANSWER': 684}]
  # found 0 program(s)
# (t=2.35) fallback i=4, candidate=[{'ANSWER': 699}]
  # found 0 program(s)
# (t=2.76) fallback i=5, candidate=[{'ANSWER': 838}]
  # found 0 program(s)
# (t=3.16) fallback i=6, candidate=[{'ANSWER': 904}]
  # found 0 program(s)
# (t=3.55) fallback i=7, candidate=[{'ANSWER': 'Belize'}]
  # found 0 program(s)
# (t=3.95) fallback i=8, candidate=[{'ANSWER': 'Birds'}]
  # found 0 program(s)
# (t=4.29) fallback i=9, candidate=[{'ANSWER': 'Costa Rica'}]
  # found 0 program(s)
# (t=4.69) fallback i=10, candidate=[{'ANSWER': 'Country'}]
  # found 0 program(s)
# (t=5.02) fallback i=11, candidate=[{'ANSWER': 'El Salvador'}]
  # found 0 program(s)
# (t=5.42) fallback i=12, candidate=[{'ANSWER': 'Guatemala'}]
  # found 0 program(s)
# (t=5.82) fallback i=13, candidate=[{'ANSWER': 'Honduras'}]
  # found 0 program(s)
# (t=6.22) fallback i=14, candidate=[{'ANSWER': 'Nicaragua'}]
  # found 0 program(s)
# (t=6.62) fallback i=15, candidate=[{'ANSWER': 'Panama'}]
  # found 0 program(s)
# (t=7.02) fallback i=16, candidate=[{'ANSWER': 'blue'}]
  # found 0 program(s)
# (t=7.41) fallback i=17, candidate=[{'ANSWER': 'color'}]
  # found 0 program(s)
# ====> fallback strategy (original) is triggered
# ====> use the original TaPas output as answer, which is: [699]

# ========== review report ========== #
