# parsed arguments: Namespace(benchmark='Qefc30', dsl='meta_visqa', skeletons='visqa_normal', strategy='TaPas_C', fallback='auto', timeout=300, mode='full', expected_only=False)
# loading benchmark...
# table keywords: {'taxi', 'blue', '3939000', '180000', '954000', '3095000', 'transportation', 'color', 'mrt', 'bus', 'ridership', 'lrt'}
# input type: [dtype('int64'), dtype('O'), dtype('O')]
# input is:
   ridership transportation color
0    3939000            Bus  blue
1    3095000            MRT  blue
2     954000           Taxi  blue
3     180000            LRT  blue
# query is: What is the number of ridership for MRT?
# expected output type:[dtype('int64')]
# expected output is:
    ANSWER
0  3095000
# inferred DSL terminals:
  # ConstVal: ['MRT@Str', 'ridership@Str', '<NULL>']
     # cmap: [('ridership', 'ridership'), ('mrt', 'MRT')]
  # AggrFunc: ['count', '<NULL>']
     # amap: [('number', 'count')]
  # NumFunc: ['<NULL>']
     # nmap: []
  # BoolFunc: ['==', '<NULL>']
     # bmap: [(None, '==')]
  # IndFunc: ['<NULL>']
     # imap: []
# loading skeleton list...

# ========== candidate program report ========== #
# (t=0.00) i=0, candidate=[{'ANSWER': 3095000}]
  # found 2 program(s)
    # SelectCol(SelectRow1(@param0, ==, 1, MRT@Str), ['0'])
      --> ['SelectCol', ['SelectRow1', 'input@0', '==', 'transportation', 'MRT'], ['ridership']]
    # SelectCol(SelectRow1(@param0, ==, 1, MRT@Str), ['-1', '-2'])
      --> ['SelectCol', ['SelectRow1', 'input@0', '==', 'transportation', 'MRT'], ['ridership']]
# (t=0.68) i=1, candidate=[{'ANSWER': 6190000}]
  # found 0 program(s)
# (t=1.25) i=2, candidate=[{'ANSWER': 9285000}]
  # found 0 program(s)

# ========== review report ========== #
# top-1, score: 2.39, answer: 3095000
  # tprog: SelectCol(SelectRow1(@param0, ==, 1, MRT@Str), ['0'])
# top-2, score: 2.39, answer: 3095000
  # tprog: SelectCol(SelectRow1(@param0, ==, 1, MRT@Str), ['-1', '-2'])
