# parsed arguments: Namespace(benchmark='Qf2994', dsl='meta_visqa', skeletons='visqa_normal', strategy='TaPas_C', fallback='auto', timeout=300, mode='full', expected_only=False)
# loading benchmark...
# table keywords: {'color', 'strongly', 'blue', '53', 'or', 'percentage', 'agree', 'neither', 'disagree', '82', '69'}
# input type: [dtype('O'), dtype('int64'), dtype('O')]
# input is:
                       agree  percentage color
0             Strongly agree          82  blue
1  Neither agree or disagree          69  blue
2          Strongly disagree          53  blue
# query is: What percentage of people strongly agree more than strongly disagree based on the question of who feel they belong are happier?
# expected output type:[dtype('int64')]
# expected output is:
   ANSWER
0      29
# inferred DSL terminals:
  # ConstVal: ['Strongly agree@Str', 'percentage@Str', 'Strongly disagree@Str', 'agree@Str', 'Neither agree or disagree@Str', '<NULL>']
     # cmap: [('agree', 'agree'), ('disagree', 'Strongly disagree'), ('disagree', 'Neither agree or disagree'), ('strongly', 'Strongly agree'), ('strongly', 'Strongly disagree'), ('percentage', 'percentage'), ('agree', 'Strongly agree'), ('agree', 'Neither agree or disagree')]
  # AggrFunc: ['<NULL>']
     # amap: []
  # NumFunc: ['-', '<NULL>']
     # nmap: [('more', '-')]
  # BoolFunc: ['>', '>=', '==', '<NULL>']
     # bmap: [('more', '>='), ('more', '>'), (None, '==')]
  # IndFunc: ['<NULL>']
     # imap: []
# ====> fallback strategy (comparison) is triggered
  # [debug] high_values: [(29, 9), (16, 9), (13, 9), (-13, 9), (-16, 9), (-29, 9)]
  # [debug] high_values (no dup.): []
  # [debug] fallback (comparison) answers are added
# loading skeleton list...

# ========== candidate program report ========== #
# (t=0.00) i=0, candidate=[{'ANSWER': 1}]
  # found 0 program(s)
# (t=5.03) i=1, candidate=[{'ANSWER': 2}]
  # found 0 program(s)
# (t=10.05) i=2, candidate=[{'ANSWER': 3}]
  # found 0 program(s)
# (t=15.04) i=3, candidate=[{'ANSWER': 29}]
  # found 1 program(s)
    # Contrast(@param0, -, 0, Strongly agree@Str, Strongly disagree@Str, 1)
      --> ['Contrast', 'input@0', '-', 'agree', 'Strongly agree', 'Strongly disagree', 'percentage']
# (t=20.05) i=4, candidate=[{'ANSWER': 16}]
  # found 1 program(s)
    # Contrast(@param0, -, 0, Neither agree or disagree@Str, Strongly disagree@Str, 1)
      --> ['Contrast', 'input@0', '-', 'agree', 'Neither agree or disagree', 'Strongly disagree', 'percentage']
# (t=25.02) i=5, candidate=[{'ANSWER': 13}]
  # found 1 program(s)
    # Contrast(@param0, -, 0, Strongly agree@Str, Neither agree or disagree@Str, 1)
      --> ['Contrast', 'input@0', '-', 'agree', 'Strongly agree', 'Neither agree or disagree', 'percentage']
# (t=29.99) i=6, candidate=[{'ANSWER': -13}]
  # found 1 program(s)
    # Contrast(@param0, -, 0, Neither agree or disagree@Str, Strongly agree@Str, 1)
      --> ['Contrast', 'input@0', '-', 'agree', 'Neither agree or disagree', 'Strongly agree', 'percentage']
# (t=34.97) i=7, candidate=[{'ANSWER': -16}]
  # found 1 program(s)
    # Contrast(@param0, -, 0, Strongly disagree@Str, Neither agree or disagree@Str, 1)
      --> ['Contrast', 'input@0', '-', 'agree', 'Strongly disagree', 'Neither agree or disagree', 'percentage']
# (t=39.97) i=8, candidate=[{'ANSWER': -29}]
  # found 1 program(s)
    # Contrast(@param0, -, 0, Strongly disagree@Str, Strongly agree@Str, 1)
      --> ['Contrast', 'input@0', '-', 'agree', 'Strongly disagree', 'Strongly agree', 'percentage']

# ========== review report ========== #
# top-1, score: 2.38, answer: 29
  # tprog: Contrast(@param0, -, 0, Strongly agree@Str, Strongly disagree@Str, 1)
# top-2, score: 2.38, answer: 16
  # tprog: Contrast(@param0, -, 0, Neither agree or disagree@Str, Strongly disagree@Str, 1)
# top-3, score: 2.38, answer: 13
  # tprog: Contrast(@param0, -, 0, Strongly agree@Str, Neither agree or disagree@Str, 1)
# top-4, score: 2.38, answer: -13
  # tprog: Contrast(@param0, -, 0, Neither agree or disagree@Str, Strongly agree@Str, 1)
# top-5, score: 2.38, answer: -16
  # tprog: Contrast(@param0, -, 0, Strongly disagree@Str, Neither agree or disagree@Str, 1)
# top-6, score: 2.38, answer: -29
  # tprog: Contrast(@param0, -, 0, Strongly disagree@Str, Strongly agree@Str, 1)
