# parsed arguments: Namespace(benchmark='Qf59b3', dsl='meta_visqa', skeletons='visqa_normal', strategy='TaPas_C', fallback='auto', timeout=300, mode='full', expected_only=False)
# loading benchmark...
# table keywords: {'1', 'female', '10', '9', '2', 'group', '7', 'male', 'orange', 'age', '0-4', 'gender', 'percentage', '60+', 'blue', '12-17', 'color', '20', '24', '18-59', '5-11'}
# input type: [dtype('O'), dtype('O'), dtype('int64'), dtype('O')]
# input is:
  Age group  Gender  Percentage   color
0       60+  Female           2    blue
1       60+    Male           1  orange
2     12-17    Male           7  orange
3     12-17  Female           7    blue
4     18-59  Female          24    blue
5     18-59    Male          20  orange
6       0-4    Male           9  orange
7       0-4  Female           9    blue
8      5-11    Male          10  orange
9      5-11  Female          10    blue
# query is: Which age groups have unequal amount of Syrian refugees between male and female?
# expected output type:[dtype('O')]
# expected output is:
  ANSWER
0  18-59
1    60+
# inferred DSL terminals:
  # ConstVal: ['Female@Str', 'Male@Str', 'Age group@Str', '<NULL>']
     # cmap: [('groups', 'Age group'), ('male', 'Male'), ('age', 'Age group'), ('female', 'Female')]
  # AggrFunc: ['<NULL>']
     # amap: []
  # NumFunc: ['<NULL>']
     # nmap: []
  # BoolFunc: ['==', '!=', '<NULL>']
     # bmap: [(None, '=='), ('unequal', '!=')]
  # IndFunc: ['<NULL>']
     # imap: []
# loading skeleton list...

# ========== candidate program report ========== #
# (t=0.00) i=0, candidate=[{'ANSWER': '60+'}]
  # found 0 program(s)
# (t=8.66) i=1, candidate=[{'ANSWER': '12-17'}]
  # found 0 program(s)
# (t=17.36) i=2, candidate=[{'ANSWER': '18-59'}]
  # found 0 program(s)
# (t=26.04) i=3, candidate=[{'ANSWER': '5-11'}]
  # found 0 program(s)
# (t=34.78) i=4, candidate=[{'ANSWER': '12-17'}, {'ANSWER': '60+'}]
  # found 0 program(s)
# (t=41.36) i=5, candidate=[{'ANSWER': '18-59'}, {'ANSWER': '60+'}]
  # found 0 program(s)
# (t=47.64) i=6, candidate=[{'ANSWER': '5-11'}, {'ANSWER': '60+'}]
  # found 0 program(s)
# (t=53.92) i=7, candidate=[{'ANSWER': '12-17'}, {'ANSWER': '18-59'}]
  # found 0 program(s)
# (t=60.15) i=8, candidate=[{'ANSWER': '12-17'}, {'ANSWER': '5-11'}]
  # found 0 program(s)
# (t=66.43) i=9, candidate=[{'ANSWER': '18-59'}, {'ANSWER': '5-11'}]
  # found 0 program(s)
# (t=72.71) i=10, candidate=[{'ANSWER': '12-17'}, {'ANSWER': '18-59'}, {'ANSWER': '60+'}]
  # found 0 program(s)
# (t=78.98) i=11, candidate=[{'ANSWER': '12-17'}, {'ANSWER': '5-11'}, {'ANSWER': '60+'}]
  # found 0 program(s)
# (t=85.26) i=12, candidate=[{'ANSWER': '18-59'}, {'ANSWER': '5-11'}, {'ANSWER': '60+'}]
  # found 0 program(s)
# (t=91.58) i=13, candidate=[{'ANSWER': '12-17'}, {'ANSWER': '18-59'}, {'ANSWER': '5-11'}]
  # found 0 program(s)
# (t=98.17) i=14, candidate=[{'ANSWER': '12-17'}, {'ANSWER': '18-59'}, {'ANSWER': '5-11'}, {'ANSWER': '60+'}]
  # found 0 program(s)
# (t=103.29) i=15, candidate=[{'ANSWER': '0-4'}, {'ANSWER': '12-17'}, {'ANSWER': '18-59'}, {'ANSWER': '60+'}]
  # found 0 program(s)
# (t=108.47) i=16, candidate=[{'ANSWER': '0-4'}, {'ANSWER': '12-17'}, {'ANSWER': '5-11'}, {'ANSWER': '60+'}]
  # found 0 program(s)
# (t=113.62) i=17, candidate=[{'ANSWER': '0-4'}, {'ANSWER': '18-59'}, {'ANSWER': '5-11'}, {'ANSWER': '60+'}]
  # found 0 program(s)
# (t=118.79) i=18, candidate=[{'ANSWER': '0-4'}, {'ANSWER': '12-17'}, {'ANSWER': '18-59'}, {'ANSWER': '5-11'}]
  # found 0 program(s)
# (t=123.96) i=19, candidate=[{'ANSWER': '0-4'}, {'ANSWER': '12-17'}, {'ANSWER': '60+'}]
  # found 0 program(s)
# (t=130.29) i=20, candidate=[{'ANSWER': '0-4'}, {'ANSWER': '18-59'}, {'ANSWER': '60+'}]
  # found 0 program(s)
# (t=136.60) i=21, candidate=[{'ANSWER': '0-4'}, {'ANSWER': '5-11'}, {'ANSWER': '60+'}]
  # found 0 program(s)
# (t=142.90) i=22, candidate=[{'ANSWER': '0-4'}, {'ANSWER': '12-17'}, {'ANSWER': '18-59'}]
  # found 0 program(s)
# (t=149.19) i=23, candidate=[{'ANSWER': '0-4'}, {'ANSWER': '12-17'}, {'ANSWER': '5-11'}]
  # found 0 program(s)
# (t=155.83) i=24, candidate=[{'ANSWER': '0-4'}, {'ANSWER': '18-59'}, {'ANSWER': '5-11'}]
  # found 0 program(s)
# (t=162.12) i=25, candidate=[{'ANSWER': '0-4'}, {'ANSWER': '60+'}]
  # found 0 program(s)
# (t=168.99) i=26, candidate=[{'ANSWER': '0-4'}, {'ANSWER': '12-17'}]
  # found 0 program(s)
# (t=175.28) i=27, candidate=[{'ANSWER': '0-4'}, {'ANSWER': '18-59'}]
  # found 0 program(s)
# (t=181.55) i=28, candidate=[{'ANSWER': '0-4'}, {'ANSWER': '5-11'}]
  # found 0 program(s)
# (t=187.82) i=29, candidate=[{'ANSWER': '0-4'}]
  # found 0 program(s)
# ====> fallback strategy (retrieval) is triggered because no explanation is found so far
# ====> retrieval_values: ['0-4', 1, 10, '12-17', '18-59', 2, 20, 24, '5-11', '60+', 7, 9, 'Age group', 'Female', 'Gender', 'Male', 'Percentage', 'blue', 'color', 'orange']
# (t=196.50) fallback i=0, candidate=[{'ANSWER': '0-4'}]
  # found 0 program(s)
# (t=205.17) fallback i=1, candidate=[{'ANSWER': 1}]
  # found 0 program(s)
# (t=214.14) fallback i=2, candidate=[{'ANSWER': 10}]
  # found 0 program(s)
# (t=222.77) fallback i=3, candidate=[{'ANSWER': '12-17'}]
  # found 0 program(s)
# (t=231.44) fallback i=4, candidate=[{'ANSWER': '18-59'}]
  # found 0 program(s)
# (t=240.10) fallback i=5, candidate=[{'ANSWER': 2}]
  # found 0 program(s)
# (t=248.72) fallback i=6, candidate=[{'ANSWER': 20}]
  # found 0 program(s)
# (t=257.36) fallback i=7, candidate=[{'ANSWER': 24}]
  # found 0 program(s)
# (t=266.29) fallback i=8, candidate=[{'ANSWER': '5-11'}]
  # found 0 program(s)
# (t=274.98) fallback i=9, candidate=[{'ANSWER': '60+'}]
  # found 0 program(s)
# (t=283.94) fallback i=10, candidate=[{'ANSWER': 7}]
  # found 0 program(s)
# (t=292.63) fallback i=11, candidate=[{'ANSWER': 9}]
---------- timeout ----------
# ====> fallback strategy (original) is triggered
# ====> use the original TaPas output as answer, which is: ['0-4', '0-4', '12-17', '12-17', '18-59', '18-59', '5-11', '5-11', '60+']

# ========== review report ========== #
