# parsed arguments: Namespace(benchmark='Qf73e9', dsl='meta_visqa', skeletons='visqa_normal', strategy='TaPas_C', fallback='auto', timeout=300, mode='full', expected_only=False)
# loading benchmark...
# table keywords: {'mexico', '40', '13', '50', '33', '29', 'japan', 'color', 'orange', '5', 'country', '83', 'pakistan', 'improve', 'percentage', 'spain', 'u.s.', 'jordan', 'lebanon', 'britain', 'egypt', '22', '16', '2', '23', '81', 'blue', 'india', '51', '24', '32', '60', '27', '49', 'remain', '84', 'china', 'red', '43', '20', 'greece', 'opinion', '26', '10', '18', 'worsen', 'russia', '34', 'turkey', '44', 'czech', 'poland', 'rep.', '15', 'italy', '28', '35', 'france', '9', '47', '37', 'same', 'tunisia', 'brazil', '12', '52', '25', '31', 'germany', '45', '75'}
# input type: [dtype('O'), dtype('O'), dtype('int64'), dtype('O')]
# input is:
       Country          opinion  percentage   color
0       Brazil          Improve          84    blue
1       Brazil  Remain the same          12  orange
2       Brazil           Worsen           5     red
3        China          Improve          83    blue
4        China  Remain the same           9  orange
..         ...              ...         ...     ...
58  Czech Rep.  Remain the same          27  orange
59  Czech Rep.           Worsen          60     red
60      Greece          Improve           9    blue
61      Greece  Remain the same          10  orange
62      Greece           Worsen          81     red

[63 rows x 4 columns]
# query is: Which country has the highest red bar?
# expected output type:[dtype('O')]
# expected output is:
   ANSWER
0  Greece
# inferred DSL terminals:
  # ConstVal: ['Country@Str', 'red@Str', '<NULL>']
     # cmap: [('country', 'Country'), ('red', 'red')]
  # AggrFunc: ['max', '<NULL>']
     # amap: [('highest', 'max')]
  # NumFunc: ['<NULL>']
     # nmap: []
  # BoolFunc: ['==', '<NULL>']
     # bmap: [(None, '==')]
  # IndFunc: ['eqmax', '<NULL>']
     # imap: [('highest', 'eqmax')]
# loading skeleton list...

# ========== candidate program report ========== #
# (t=0.00) i=0, candidate=[{'ANSWER': 'Tunisia'}]
  # found 0 program(s)
# (t=1.76) i=1, candidate=[{'ANSWER': 'China'}]
  # found 0 program(s)
# (t=3.53) i=2, candidate=[{'ANSWER': 'France'}]
  # found 0 program(s)
# (t=5.28) i=3, candidate=[{'ANSWER': 'Egypt'}]
  # found 0 program(s)
# (t=7.03) i=4, candidate=[{'ANSWER': 'Russia'}]
  # found 0 program(s)
# (t=8.78) i=5, candidate=[{'ANSWER': 'Brazil'}]
  # found 11 program(s)
    # SelectCol(SelectRow0(GroupSum(@param0, ['0'], max, 2), eqmax, 1), ['0'])
      --> ['SelectCol', ['SelectRow0', ['GroupSum', 'input@0', ['Country'], 'max', 'percentage'], 'eqmax', 'COL0'], ['Country']]
    # SelectCol(SelectRow0(GroupSum(@param0, ['0'], max, 2), eqmax, 1), ['-1'])
      --> ['SelectCol', ['SelectRow0', ['GroupSum', 'input@0', ['Country'], 'max', 'percentage'], 'eqmax', 'COL0'], ['Country']]
    # SelectCol(SelectRow0(GroupSum(@param0, ['0', '1'], max, 2), eqmax, 2), ['0'])
      --> ['SelectCol', ['SelectRow0', ['GroupSum', 'input@0', ['Country', 'opinion'], 'max', 'percentage'], 'eqmax', 'COL0'], ['Country']]
    # SelectCol(SelectRow0(GroupSum(@param0, ['0', '1'], max, 2), eqmax, 2), ['-1', '-2'])
      --> ['SelectCol', ['SelectRow0', ['GroupSum', 'input@0', ['Country', 'opinion'], 'max', 'percentage'], 'eqmax', 'COL0'], ['Country']]
    # SelectCol(SelectRow0(GroupSum(@param0, ['0', '2'], max, 2), eqmax, 1), ['0'])
      --> ['SelectCol', ['SelectRow0', ['GroupSum', 'input@0', ['Country', 'percentage'], 'max', 'percentage'], 'eqmax', 'percentage'], ['Country']]
    # SelectCol(SelectRow0(GroupSum(@param0, ['0', '2'], max, 2), eqmax, 1), ['-1', '-2'])
      --> ['SelectCol', ['SelectRow0', ['GroupSum', 'input@0', ['Country', 'percentage'], 'max', 'percentage'], 'eqmax', 'percentage'], ['Country']]
    # SelectCol(SelectRow0(GroupSum(@param0, ['0', '2'], max, 2), eqmax, 2), ['0'])
      --> ['SelectCol', ['SelectRow0', ['GroupSum', 'input@0', ['Country', 'percentage'], 'max', 'percentage'], 'eqmax', 'COL0'], ['Country']]
    # SelectCol(SelectRow0(GroupSum(@param0, ['0', '2'], max, 2), eqmax, 2), ['-1', '-2'])
      --> ['SelectCol', ['SelectRow0', ['GroupSum', 'input@0', ['Country', 'percentage'], 'max', 'percentage'], 'eqmax', 'COL0'], ['Country']]
    # SelectCol(SelectRow0(GroupSum(@param0, ['0', '3'], max, 2), eqmax, 2), ['0'])
      --> ['SelectCol', ['SelectRow0', ['GroupSum', 'input@0', ['Country', 'color'], 'max', 'percentage'], 'eqmax', 'COL0'], ['Country']]
    # SelectCol(SelectRow0(GroupSum(@param0, ['0', '3'], max, 2), eqmax, 2), ['-1', '-2'])
      --> ['SelectCol', ['SelectRow0', ['GroupSum', 'input@0', ['Country', 'color'], 'max', 'percentage'], 'eqmax', 'COL0'], ['Country']]
    # SelectCol(SelectRow0(@param0, eqmax, 2), ['0'])
      --> ['SelectCol', ['SelectRow0', 'input@0', 'eqmax', 'percentage'], ['Country']]
# (t=10.53) i=6, candidate=[{'ANSWER': 'Mexico'}]
  # found 0 program(s)
# (t=12.26) i=7, candidate=[{'ANSWER': 'Czech Rep.'}]
  # found 0 program(s)
# (t=14.00) i=8, candidate=[{'ANSWER': 'Italy'}]
  # found 0 program(s)
# (t=15.72) i=9, candidate=[{'ANSWER': 'Greece'}]
  # found 2 program(s)
    # SelectCol(SelectRow0(SelectRow1(@param0, ==, 3, red@Str), eqmax, 2), ['0'])
      --> ['SelectCol', ['SelectRow0', ['SelectRow1', 'input@0', '==', 'color', 'red'], 'eqmax', 'percentage'], ['Country']]
    # SelectCol(SelectRow0(SelectRow1(SelectRow1(@param0, ==, 3, red@Str), ==, 3, red@Str), eqmax, 2), ['0'])
      --> ['SelectCol', ['SelectRow0', ['SelectRow1', ['SelectRow1', 'input@0', '==', 'color', 'red'], '==', 'color', 'red'], 'eqmax', 'percentage'], ['Country']]
# (t=17.48) i=10, candidate=[{'ANSWER': 'Spain'}]
  # found 0 program(s)
# (t=19.22) i=11, candidate=[{'ANSWER': 'India'}]
  # found 0 program(s)
# (t=20.95) i=12, candidate=[{'ANSWER': 'Germany'}]
  # found 0 program(s)
# (t=22.96) i=13, candidate=[{'ANSWER': 'U.S.'}]
  # found 0 program(s)
# (t=24.70) i=14, candidate=[{'ANSWER': 'Britain'}]
  # found 0 program(s)
# (t=26.43) i=15, candidate=[{'ANSWER': 'Lebanon'}]
  # found 0 program(s)
# (t=28.17) i=16, candidate=[{'ANSWER': 'Japan'}]
  # found 0 program(s)
# (t=29.88) i=17, candidate=[{'ANSWER': 'Poland'}]
  # found 0 program(s)
# (t=31.61) i=18, candidate=[{'ANSWER': 'Pakistan'}]
  # found 0 program(s)
# (t=33.33) i=19, candidate=[{'ANSWER': 'Jordan'}]
  # found 0 program(s)
# (t=35.04) i=20, candidate=[{'ANSWER': 'Turkey'}]
  # found 0 program(s)

# ========== review report ========== #
# top-1, score: 2.53, answer: Greece
  # tprog: SelectCol(SelectRow0(SelectRow1(@param0, ==, 3, red@Str), eqmax, 2), ['0'])
# top-2, score: 2.50, answer: Greece
  # tprog: SelectCol(SelectRow0(SelectRow1(SelectRow1(@param0, ==, 3, red@Str), ==, 3, red@Str), eqmax, 2), ['0'])
# top-3, score: 1.45, answer: Brazil
  # tprog: SelectCol(SelectRow0(@param0, eqmax, 2), ['0'])
# top-4, score: 1.39, answer: Brazil
  # tprog: SelectCol(SelectRow0(GroupSum(@param0, ['0'], max, 2), eqmax, 1), ['0'])
# top-5, score: 1.39, answer: Brazil
  # tprog: SelectCol(SelectRow0(GroupSum(@param0, ['0'], max, 2), eqmax, 1), ['-1'])
# top-6, score: 1.38, answer: Brazil
  # tprog: SelectCol(SelectRow0(GroupSum(@param0, ['0', '1'], max, 2), eqmax, 2), ['0'])
# top-7, score: 1.38, answer: Brazil
  # tprog: SelectCol(SelectRow0(GroupSum(@param0, ['0', '1'], max, 2), eqmax, 2), ['-1', '-2'])
# top-8, score: 1.38, answer: Brazil
  # tprog: SelectCol(SelectRow0(GroupSum(@param0, ['0', '2'], max, 2), eqmax, 1), ['0'])
# top-9, score: 1.38, answer: Brazil
  # tprog: SelectCol(SelectRow0(GroupSum(@param0, ['0', '2'], max, 2), eqmax, 1), ['-1', '-2'])
# top-10, score: 1.38, answer: Brazil
  # tprog: SelectCol(SelectRow0(GroupSum(@param0, ['0', '2'], max, 2), eqmax, 2), ['0'])
# top-11, score: 1.38, answer: Brazil
  # tprog: SelectCol(SelectRow0(GroupSum(@param0, ['0', '2'], max, 2), eqmax, 2), ['-1', '-2'])
# top-12, score: 1.38, answer: Brazil
  # tprog: SelectCol(SelectRow0(GroupSum(@param0, ['0', '3'], max, 2), eqmax, 2), ['0'])
# top-13, score: 1.38, answer: Brazil
  # tprog: SelectCol(SelectRow0(GroupSum(@param0, ['0', '3'], max, 2), eqmax, 2), ['-1', '-2'])
