# parsed arguments: Namespace(benchmark='Qf9f3f', dsl='meta_visqa', skeletons='visqa_normal', strategy='TaPas_C', fallback='auto', timeout=300, mode='full', expected_only=False)
# loading benchmark...
# table keywords: {'432.66', '501.5', '404.91', '574.29', '510.0', '414.86', '417.94', '484.81', '180.51', '286.0', '419.33', '359.36', '277.27', '417.23', '2010', '522.7', 'dec', '348.06', '362.62', '220.0', '458.16', '564.3', '473.75', '707.0', '292.96', 'jan', '461.67', '536.12', '307.65', '526.8', '195.62', '440.47', '192.79', 'apr', '443.05', '386.6', '619.98', 'aug', '560.19', '401.9', '2008', 'date', '476.39', '338.53', '316.46', '421.59', '378.53', '129.6', '2007', '371.82', '1', '337.99', '495.85', '693.0', 'oct', '287.76', '102.37', '463.29', '497.91', '390.0', 'feb', '190.64', '395.97', '583.0', 'jun', 'may', '529.94', 'price', '2009', 'nov', '372.14', '515.25', '2005', '187.99', '181.98', 'color', 'jul', '460.48', 'sep', '585.8', '691.48', '471.18', '471.38', '567.27', '526.42', '449.45', '400.52', 'blue', '2006', '2004', 'mar', '294.15'}
# input type: [dtype('O'), dtype('float64'), dtype('O')]
# input is:
          date   price color
0   Aug 1 2004  102.37  blue
1   Sep 1 2004  129.60  blue
2   Oct 1 2004  190.64  blue
3   Nov 1 2004  181.98  blue
4   Dec 1 2004  192.79  blue
..         ...     ...   ...
63  Nov 1 2009  583.00  blue
64  Dec 1 2009  619.98  blue
65  Jan 1 2010  529.94  blue
66  Feb 1 2010  526.80  blue
67  Mar 1 2010  560.19  blue

[68 rows x 3 columns]
# query is: What year was the price highest?
# expected output type:[dtype('int64')]
# expected output is:
   ANSWER
0    2007
# inferred DSL terminals:
  # ConstVal: ['price@Str', '<NULL>']
     # cmap: [('price', 'price')]
  # AggrFunc: ['max', '<NULL>']
     # amap: [('highest', 'max')]
  # NumFunc: ['<NULL>']
     # nmap: []
  # BoolFunc: ['==', '<NULL>']
     # bmap: [(None, '==')]
  # IndFunc: ['eqmax', '<NULL>']
     # imap: [('highest', 'eqmax')]
# loading skeleton list...

# ========== candidate program report ========== #
# (t=0.00) i=0, candidate=[{'ANSWER': 'Oct 1 2009'}]
  # found 0 program(s)
# (t=0.59) i=1, candidate=[{'ANSWER': 'Nov 1 2009'}]
  # found 0 program(s)
# (t=1.17) i=2, candidate=[{'ANSWER': 'Dec 1 2009'}]
  # found 0 program(s)
# (t=1.75) i=3, candidate=[{'ANSWER': 'Jan 1 2010'}]
  # found 0 program(s)
# (t=2.33) i=4, candidate=[{'ANSWER': 'Feb 1 2010'}]
  # found 0 program(s)
# (t=2.92) i=5, candidate=[{'ANSWER': 'Mar 1 2010'}]
  # found 0 program(s)
# (t=3.50) i=6, candidate=[{'ANSWER': 'Nov 1 2009'}, {'ANSWER': 'Oct 1 2009'}]
  # found 0 program(s)
# (t=3.70) i=7, candidate=[{'ANSWER': 'Dec 1 2009'}, {'ANSWER': 'Oct 1 2009'}]
  # found 0 program(s)
# (t=3.90) i=8, candidate=[{'ANSWER': 'Jan 1 2010'}, {'ANSWER': 'Oct 1 2009'}]
  # found 0 program(s)
# (t=4.11) i=9, candidate=[{'ANSWER': 'Feb 1 2010'}, {'ANSWER': 'Oct 1 2009'}]
  # found 0 program(s)
# (t=4.31) i=10, candidate=[{'ANSWER': 'Mar 1 2010'}, {'ANSWER': 'Oct 1 2009'}]
  # found 0 program(s)
# (t=4.51) i=11, candidate=[{'ANSWER': 'Dec 1 2009'}, {'ANSWER': 'Nov 1 2009'}]
  # found 0 program(s)
# (t=4.72) i=12, candidate=[{'ANSWER': 'Jan 1 2010'}, {'ANSWER': 'Nov 1 2009'}]
  # found 0 program(s)
# (t=4.92) i=13, candidate=[{'ANSWER': 'Feb 1 2010'}, {'ANSWER': 'Nov 1 2009'}]
  # found 0 program(s)
# (t=5.13) i=14, candidate=[{'ANSWER': 'Mar 1 2010'}, {'ANSWER': 'Nov 1 2009'}]
  # found 0 program(s)
# (t=5.33) i=15, candidate=[{'ANSWER': 'Dec 1 2009'}, {'ANSWER': 'Jan 1 2010'}]
  # found 0 program(s)
# (t=5.53) i=16, candidate=[{'ANSWER': 'Dec 1 2009'}, {'ANSWER': 'Feb 1 2010'}]
  # found 0 program(s)
# (t=5.73) i=17, candidate=[{'ANSWER': 'Dec 1 2009'}, {'ANSWER': 'Mar 1 2010'}]
  # found 0 program(s)
# (t=5.94) i=18, candidate=[{'ANSWER': 'Feb 1 2010'}, {'ANSWER': 'Jan 1 2010'}]
  # found 0 program(s)
# (t=6.14) i=19, candidate=[{'ANSWER': 'Jan 1 2010'}, {'ANSWER': 'Mar 1 2010'}]
  # found 0 program(s)
# (t=6.35) i=20, candidate=[{'ANSWER': 'Feb 1 2010'}, {'ANSWER': 'Mar 1 2010'}]
  # found 0 program(s)
# (t=6.55) i=21, candidate=[{'ANSWER': 'Oct 1 2007'}, {'ANSWER': 'Oct 1 2009'}]
  # found 0 program(s)
# (t=6.75) i=22, candidate=[{'ANSWER': 'Nov 1 2009'}, {'ANSWER': 'Oct 1 2007'}]
  # found 0 program(s)
# (t=6.96) i=23, candidate=[{'ANSWER': 'Dec 1 2009'}, {'ANSWER': 'Oct 1 2007'}]
  # found 0 program(s)
# (t=7.16) i=24, candidate=[{'ANSWER': 'Jan 1 2010'}, {'ANSWER': 'Oct 1 2007'}]
  # found 0 program(s)
# (t=7.36) i=25, candidate=[{'ANSWER': 'Feb 1 2010'}, {'ANSWER': 'Oct 1 2007'}]
  # found 0 program(s)
# (t=7.57) i=26, candidate=[{'ANSWER': 'Mar 1 2010'}, {'ANSWER': 'Oct 1 2007'}]
  # found 0 program(s)
# (t=7.77) i=27, candidate=[{'ANSWER': 'Nov 1 2007'}, {'ANSWER': 'Oct 1 2009'}]
  # found 0 program(s)
# (t=7.97) i=28, candidate=[{'ANSWER': 'Nov 1 2007'}, {'ANSWER': 'Nov 1 2009'}]
  # found 0 program(s)
# (t=8.17) i=29, candidate=[{'ANSWER': 'Dec 1 2009'}, {'ANSWER': 'Nov 1 2007'}]
  # found 0 program(s)
# ====> fallback strategy (retrieval) is triggered because no explanation is found so far
# ====> retrieval_values: [102.37, 129.6, 180.51, 181.98, 187.99, 190.64, 192.79, 195.62, 220.0, 277.27, 286.0, 287.76, 292.96, 294.15, 307.65, 316.46, 337.99, 338.53, 348.06, 359.36, 362.62, 371.82, 372.14, 378.53, 386.6, 390.0, 395.97, 400.52, 401.9, 404.91, 414.86, 417.23, 417.94, 419.33, 421.59, 432.66, 440.47, 443.05, 449.45, 458.16, 460.48, 461.67, 463.29, 471.18, 471.38, 473.75, 476.39, 484.81, 495.85, 497.91, 501.5, 510.0, 515.25, 522.7, 526.42, 526.8, 529.94, 536.12, 560.19, 564.3, 567.27, 574.29, 583.0, 585.8, 619.98, 691.48, 693.0, 707.0, 'Apr 1 2005', 'Apr 1 2006', 'Apr 1 2007', 'Apr 1 2008', 'Apr 1 2009', 'Aug 1 2004', 'Aug 1 2005', 'Aug 1 2006', 'Aug 1 2007', 'Aug 1 2008', 'Aug 1 2009', 'Dec 1 2004', 'Dec 1 2005', 'Dec 1 2006', 'Dec 1 2007', 'Dec 1 2008', 'Dec 1 2009', 'Feb 1 2005', 'Feb 1 2006', 'Feb 1 2007', 'Feb 1 2008', 'Feb 1 2009', 'Feb 1 2010', 'Jan 1 2005', 'Jan 1 2006', 'Jan 1 2007', 'Jan 1 2008', 'Jan 1 2009', 'Jan 1 2010', 'Jul 1 2005', 'Jul 1 2006', 'Jul 1 2007', 'Jul 1 2008', 'Jul 1 2009', 'Jun 1 2005', 'Jun 1 2006', 'Jun 1 2007', 'Jun 1 2008', 'Jun 1 2009', 'Mar 1 2005', 'Mar 1 2006', 'Mar 1 2007', 'Mar 1 2008', 'Mar 1 2009', 'Mar 1 2010', 'May 1 2005', 'May 1 2006', 'May 1 2007', 'May 1 2008', 'May 1 2009', 'Nov 1 2004', 'Nov 1 2005', 'Nov 1 2006', 'Nov 1 2007', 'Nov 1 2008', 'Nov 1 2009', 'Oct 1 2004', 'Oct 1 2005', 'Oct 1 2006', 'Oct 1 2007', 'Oct 1 2008', 'Oct 1 2009', 'Sep 1 2004', 'Sep 1 2005', 'Sep 1 2006', 'Sep 1 2007', 'Sep 1 2008', 'Sep 1 2009', 'blue', 'color', 'date', 'price']
# (t=8.38) fallback i=0, candidate=[{'ANSWER': 102.37}]
  # found 0 program(s)
# (t=8.96) fallback i=1, candidate=[{'ANSWER': 129.6}]
  # found 0 program(s)
# (t=9.54) fallback i=2, candidate=[{'ANSWER': 180.51}]
  # found 0 program(s)
# (t=10.12) fallback i=3, candidate=[{'ANSWER': 181.98}]
  # found 0 program(s)
# (t=10.70) fallback i=4, candidate=[{'ANSWER': 187.99}]
  # found 0 program(s)
# (t=11.28) fallback i=5, candidate=[{'ANSWER': 190.64}]
  # found 0 program(s)
# (t=11.86) fallback i=6, candidate=[{'ANSWER': 192.79}]
  # found 0 program(s)
# (t=12.44) fallback i=7, candidate=[{'ANSWER': 195.62}]
  # found 0 program(s)
# (t=13.02) fallback i=8, candidate=[{'ANSWER': 220.0}]
  # found 0 program(s)
# (t=13.60) fallback i=9, candidate=[{'ANSWER': 277.27}]
  # found 0 program(s)
# (t=14.19) fallback i=10, candidate=[{'ANSWER': 286.0}]
  # found 0 program(s)
# (t=14.77) fallback i=11, candidate=[{'ANSWER': 287.76}]
  # found 0 program(s)
# (t=15.36) fallback i=12, candidate=[{'ANSWER': 292.96}]
  # found 0 program(s)
# (t=15.94) fallback i=13, candidate=[{'ANSWER': 294.15}]
  # found 0 program(s)
# (t=16.76) fallback i=14, candidate=[{'ANSWER': 307.65}]
  # found 0 program(s)
# (t=17.35) fallback i=15, candidate=[{'ANSWER': 316.46}]
  # found 0 program(s)
# (t=17.93) fallback i=16, candidate=[{'ANSWER': 337.99}]
  # found 0 program(s)
# (t=18.50) fallback i=17, candidate=[{'ANSWER': 338.53}]
  # found 0 program(s)
# (t=19.08) fallback i=18, candidate=[{'ANSWER': 348.06}]
  # found 0 program(s)
# (t=19.66) fallback i=19, candidate=[{'ANSWER': 359.36}]
  # found 0 program(s)
# (t=20.24) fallback i=20, candidate=[{'ANSWER': 362.62}]
  # found 0 program(s)
# (t=20.83) fallback i=21, candidate=[{'ANSWER': 371.82}]
  # found 0 program(s)
# (t=21.41) fallback i=22, candidate=[{'ANSWER': 372.14}]
  # found 0 program(s)
# (t=21.99) fallback i=23, candidate=[{'ANSWER': 378.53}]
  # found 0 program(s)
# (t=22.57) fallback i=24, candidate=[{'ANSWER': 386.6}]
  # found 0 program(s)
# (t=23.16) fallback i=25, candidate=[{'ANSWER': 390.0}]
  # found 0 program(s)
# (t=23.74) fallback i=26, candidate=[{'ANSWER': 395.97}]
  # found 0 program(s)
# (t=24.33) fallback i=27, candidate=[{'ANSWER': 400.52}]
  # found 0 program(s)
# (t=24.91) fallback i=28, candidate=[{'ANSWER': 401.9}]
  # found 0 program(s)
# (t=25.49) fallback i=29, candidate=[{'ANSWER': 404.91}]
  # found 0 program(s)
# (t=26.08) fallback i=30, candidate=[{'ANSWER': 414.86}]
  # found 0 program(s)
# (t=26.66) fallback i=31, candidate=[{'ANSWER': 417.23}]
  # found 0 program(s)
# (t=27.25) fallback i=32, candidate=[{'ANSWER': 417.94}]
  # found 0 program(s)
# (t=27.83) fallback i=33, candidate=[{'ANSWER': 419.33}]
  # found 0 program(s)
# (t=28.41) fallback i=34, candidate=[{'ANSWER': 421.59}]
  # found 0 program(s)
# (t=28.99) fallback i=35, candidate=[{'ANSWER': 432.66}]
  # found 0 program(s)
# (t=29.57) fallback i=36, candidate=[{'ANSWER': 440.47}]
  # found 0 program(s)
# (t=30.15) fallback i=37, candidate=[{'ANSWER': 443.05}]
  # found 0 program(s)
# (t=30.73) fallback i=38, candidate=[{'ANSWER': 449.45}]
  # found 0 program(s)
# (t=31.31) fallback i=39, candidate=[{'ANSWER': 458.16}]
  # found 0 program(s)
# (t=31.89) fallback i=40, candidate=[{'ANSWER': 460.48}]
  # found 0 program(s)
# (t=32.47) fallback i=41, candidate=[{'ANSWER': 461.67}]
  # found 0 program(s)
# (t=33.05) fallback i=42, candidate=[{'ANSWER': 463.29}]
  # found 0 program(s)
# (t=33.63) fallback i=43, candidate=[{'ANSWER': 471.18}]
  # found 0 program(s)
# (t=34.22) fallback i=44, candidate=[{'ANSWER': 471.38}]
  # found 0 program(s)
# (t=34.80) fallback i=45, candidate=[{'ANSWER': 473.75}]
  # found 0 program(s)
# (t=35.39) fallback i=46, candidate=[{'ANSWER': 476.39}]
  # found 0 program(s)
# (t=35.97) fallback i=47, candidate=[{'ANSWER': 484.81}]
  # found 0 program(s)
# (t=36.55) fallback i=48, candidate=[{'ANSWER': 495.85}]
  # found 0 program(s)
# (t=37.13) fallback i=49, candidate=[{'ANSWER': 497.91}]
  # found 0 program(s)
# (t=37.71) fallback i=50, candidate=[{'ANSWER': 501.5}]
  # found 0 program(s)
# (t=38.29) fallback i=51, candidate=[{'ANSWER': 510.0}]
  # found 0 program(s)
# (t=38.87) fallback i=52, candidate=[{'ANSWER': 515.25}]
  # found 0 program(s)
# (t=39.45) fallback i=53, candidate=[{'ANSWER': 522.7}]
  # found 0 program(s)
# (t=40.02) fallback i=54, candidate=[{'ANSWER': 526.42}]
  # found 0 program(s)
# (t=40.60) fallback i=55, candidate=[{'ANSWER': 526.8}]
  # found 0 program(s)
# (t=41.33) fallback i=56, candidate=[{'ANSWER': 529.94}]
  # found 0 program(s)
# (t=42.11) fallback i=57, candidate=[{'ANSWER': 536.12}]
  # found 0 program(s)
# (t=42.69) fallback i=58, candidate=[{'ANSWER': 560.19}]
  # found 0 program(s)
# (t=43.27) fallback i=59, candidate=[{'ANSWER': 564.3}]
  # found 0 program(s)
# (t=43.86) fallback i=60, candidate=[{'ANSWER': 567.27}]
  # found 0 program(s)
# (t=44.44) fallback i=61, candidate=[{'ANSWER': 574.29}]
  # found 0 program(s)
# (t=45.01) fallback i=62, candidate=[{'ANSWER': 583.0}]
  # found 0 program(s)
# (t=45.90) fallback i=63, candidate=[{'ANSWER': 585.8}]
  # found 0 program(s)
# (t=46.47) fallback i=64, candidate=[{'ANSWER': 619.98}]
  # found 0 program(s)
# (t=47.05) fallback i=65, candidate=[{'ANSWER': 691.48}]
  # found 0 program(s)
# (t=47.62) fallback i=66, candidate=[{'ANSWER': 693.0}]
  # found 0 program(s)
# (t=48.20) fallback i=67, candidate=[{'ANSWER': 707.0}]
  # found 31 program(s)
    # SelectCol(SelectRow0(GroupSum(@param0, ['0'], max, 1), eqmax, 1), ['1'])
      --> ['SelectCol', ['SelectRow0', ['GroupSum', 'input@0', ['date'], 'max', 'price'], 'eqmax', 'COL0'], ['COL0']]
    # SelectCol(SelectRow0(GroupSum(@param0, ['0'], max, 1), eqmax, 1), ['-99'])
      --> ['SelectCol', ['SelectRow0', ['GroupSum', 'input@0', ['date'], 'max', 'price'], 'eqmax', 'COL0'], ['COL0']]
    # SelectCol(SelectRow0(GroupSum(@param0, ['1'], max, 1), eqmax, 0), ['0'])
      --> ['SelectCol', ['SelectRow0', ['GroupSum', 'input@0', ['price'], 'max', 'price'], 'eqmax', 'price'], ['price']]
    # SelectCol(SelectRow0(GroupSum(@param0, ['1'], max, 1), eqmax, 0), ['1'])
      --> ['SelectCol', ['SelectRow0', ['GroupSum', 'input@0', ['price'], 'max', 'price'], 'eqmax', 'price'], ['COL0']]
    # SelectCol(SelectRow0(GroupSum(@param0, ['1'], max, 1), eqmax, 0), ['-99'])
      --> ['SelectCol', ['SelectRow0', ['GroupSum', 'input@0', ['price'], 'max', 'price'], 'eqmax', 'price'], ['COL0']]
    # SelectCol(SelectRow0(GroupSum(@param0, ['1'], max, 1), eqmax, 0), ['-1'])
      --> ['SelectCol', ['SelectRow0', ['GroupSum', 'input@0', ['price'], 'max', 'price'], 'eqmax', 'price'], ['price']]
    # SelectCol(SelectRow0(GroupSum(@param0, ['1'], max, 1), eqmax, 1), ['0'])
      --> ['SelectCol', ['SelectRow0', ['GroupSum', 'input@0', ['price'], 'max', 'price'], 'eqmax', 'COL0'], ['price']]
    # SelectCol(SelectRow0(GroupSum(@param0, ['1'], max, 1), eqmax, 1), ['1'])
      --> ['SelectCol', ['SelectRow0', ['GroupSum', 'input@0', ['price'], 'max', 'price'], 'eqmax', 'COL0'], ['COL0']]
    # SelectCol(SelectRow0(GroupSum(@param0, ['1'], max, 1), eqmax, 1), ['-99'])
      --> ['SelectCol', ['SelectRow0', ['GroupSum', 'input@0', ['price'], 'max', 'price'], 'eqmax', 'COL0'], ['COL0']]
    # SelectCol(SelectRow0(GroupSum(@param0, ['1'], max, 1), eqmax, 1), ['-1'])
      --> ['SelectCol', ['SelectRow0', ['GroupSum', 'input@0', ['price'], 'max', 'price'], 'eqmax', 'COL0'], ['price']]
    # SelectCol(SelectRow0(GroupSum(@param0, ['0', '1'], max, 1), eqmax, 1), ['1'])
      --> ['SelectCol', ['SelectRow0', ['GroupSum', 'input@0', ['date', 'price'], 'max', 'price'], 'eqmax', 'price'], ['price']]
    # SelectCol(SelectRow0(GroupSum(@param0, ['0', '1'], max, 1), eqmax, 1), ['2'])
      --> ['SelectCol', ['SelectRow0', ['GroupSum', 'input@0', ['date', 'price'], 'max', 'price'], 'eqmax', 'price'], ['COL0']]
    # SelectCol(SelectRow0(GroupSum(@param0, ['0', '1'], max, 1), eqmax, 1), ['-99', '-1'])
      --> ['SelectCol', ['SelectRow0', ['GroupSum', 'input@0', ['date', 'price'], 'max', 'price'], 'eqmax', 'price'], ['COL0']]
    # SelectCol(SelectRow0(GroupSum(@param0, ['0', '1'], max, 1), eqmax, 1), ['-99', '-2'])
      --> ['SelectCol', ['SelectRow0', ['GroupSum', 'input@0', ['date', 'price'], 'max', 'price'], 'eqmax', 'price'], ['price']]
    # SelectCol(SelectRow0(GroupSum(@param0, ['0', '1'], max, 1), eqmax, 2), ['1'])
      --> ['SelectCol', ['SelectRow0', ['GroupSum', 'input@0', ['date', 'price'], 'max', 'price'], 'eqmax', 'COL0'], ['price']]
    # SelectCol(SelectRow0(GroupSum(@param0, ['0', '1'], max, 1), eqmax, 2), ['2'])
      --> ['SelectCol', ['SelectRow0', ['GroupSum', 'input@0', ['date', 'price'], 'max', 'price'], 'eqmax', 'COL0'], ['COL0']]
    # SelectCol(SelectRow0(GroupSum(@param0, ['0', '1'], max, 1), eqmax, 2), ['-99', '-1'])
      --> ['SelectCol', ['SelectRow0', ['GroupSum', 'input@0', ['date', 'price'], 'max', 'price'], 'eqmax', 'COL0'], ['COL0']]
    # SelectCol(SelectRow0(GroupSum(@param0, ['0', '1'], max, 1), eqmax, 2), ['-99', '-2'])
      --> ['SelectCol', ['SelectRow0', ['GroupSum', 'input@0', ['date', 'price'], 'max', 'price'], 'eqmax', 'COL0'], ['price']]
    # SelectCol(SelectRow0(GroupSum(@param0, ['0', '2'], max, 1), eqmax, 2), ['2'])
      --> ['SelectCol', ['SelectRow0', ['GroupSum', 'input@0', ['date', 'color'], 'max', 'price'], 'eqmax', 'COL0'], ['COL0']]
    # SelectCol(SelectRow0(GroupSum(@param0, ['0', '2'], max, 1), eqmax, 2), ['-99', '-1'])
      --> ['SelectCol', ['SelectRow0', ['GroupSum', 'input@0', ['date', 'color'], 'max', 'price'], 'eqmax', 'COL0'], ['COL0']]
    # SelectCol(SelectRow0(GroupSum(@param0, ['1', '2'], max, 1), eqmax, 0), ['0'])
      --> ['SelectCol', ['SelectRow0', ['GroupSum', 'input@0', ['price', 'color'], 'max', 'price'], 'eqmax', 'price'], ['price']]
    # SelectCol(SelectRow0(GroupSum(@param0, ['1', '2'], max, 1), eqmax, 0), ['2'])
      --> ['SelectCol', ['SelectRow0', ['GroupSum', 'input@0', ['price', 'color'], 'max', 'price'], 'eqmax', 'price'], ['COL0']]
    # SelectCol(SelectRow0(GroupSum(@param0, ['1', '2'], max, 1), eqmax, 0), ['-99', '-1'])
      --> ['SelectCol', ['SelectRow0', ['GroupSum', 'input@0', ['price', 'color'], 'max', 'price'], 'eqmax', 'price'], ['COL0']]
    # SelectCol(SelectRow0(GroupSum(@param0, ['1', '2'], max, 1), eqmax, 0), ['-1', '-2'])
      --> ['SelectCol', ['SelectRow0', ['GroupSum', 'input@0', ['price', 'color'], 'max', 'price'], 'eqmax', 'price'], ['price']]
    # SelectCol(SelectRow0(GroupSum(@param0, ['1', '2'], max, 1), eqmax, 2), ['0'])
      --> ['SelectCol', ['SelectRow0', ['GroupSum', 'input@0', ['price', 'color'], 'max', 'price'], 'eqmax', 'COL0'], ['price']]
    # SelectCol(SelectRow0(GroupSum(@param0, ['1', '2'], max, 1), eqmax, 2), ['2'])
      --> ['SelectCol', ['SelectRow0', ['GroupSum', 'input@0', ['price', 'color'], 'max', 'price'], 'eqmax', 'COL0'], ['COL0']]
    # SelectCol(SelectRow0(GroupSum(@param0, ['1', '2'], max, 1), eqmax, 2), ['-99', '-1'])
      --> ['SelectCol', ['SelectRow0', ['GroupSum', 'input@0', ['price', 'color'], 'max', 'price'], 'eqmax', 'COL0'], ['COL0']]
    # SelectCol(SelectRow0(GroupSum(@param0, ['1', '2'], max, 1), eqmax, 2), ['-1', '-2'])
      --> ['SelectCol', ['SelectRow0', ['GroupSum', 'input@0', ['price', 'color'], 'max', 'price'], 'eqmax', 'COL0'], ['price']]
    # SelectCol(SelectRow0(@param0, eqmax, 1), ['1'])
      --> ['SelectCol', ['SelectRow0', 'input@0', 'eqmax', 'price'], ['price']]
    # SelectCol(SelectRow0(@param0, eqmax, 1), ['-99', '-2'])
      --> ['SelectCol', ['SelectRow0', 'input@0', 'eqmax', 'price'], ['price']]
    # Summarize(@param0, max, 1)
      --> ['Summarize', 'input@0', 'max', 'price']
# (t=48.87) fallback i=68, candidate=[{'ANSWER': 'Apr 1 2005'}]
  # found 0 program(s)
# (t=49.44) fallback i=69, candidate=[{'ANSWER': 'Apr 1 2006'}]
  # found 0 program(s)
# (t=50.02) fallback i=70, candidate=[{'ANSWER': 'Apr 1 2007'}]
  # found 0 program(s)
# (t=50.59) fallback i=71, candidate=[{'ANSWER': 'Apr 1 2008'}]
  # found 0 program(s)
# (t=51.17) fallback i=72, candidate=[{'ANSWER': 'Apr 1 2009'}]
  # found 0 program(s)
# (t=51.75) fallback i=73, candidate=[{'ANSWER': 'Aug 1 2004'}]
  # found 0 program(s)
# (t=52.32) fallback i=74, candidate=[{'ANSWER': 'Aug 1 2005'}]
  # found 0 program(s)
# (t=52.90) fallback i=75, candidate=[{'ANSWER': 'Aug 1 2006'}]
  # found 0 program(s)
# (t=53.47) fallback i=76, candidate=[{'ANSWER': 'Aug 1 2007'}]
  # found 0 program(s)
# (t=54.05) fallback i=77, candidate=[{'ANSWER': 'Aug 1 2008'}]
  # found 0 program(s)
# (t=54.64) fallback i=78, candidate=[{'ANSWER': 'Aug 1 2009'}]
  # found 0 program(s)
# (t=55.22) fallback i=79, candidate=[{'ANSWER': 'Dec 1 2004'}]
  # found 0 program(s)
# (t=55.79) fallback i=80, candidate=[{'ANSWER': 'Dec 1 2005'}]
  # found 0 program(s)
# (t=56.37) fallback i=81, candidate=[{'ANSWER': 'Dec 1 2006'}]
  # found 0 program(s)
# (t=56.95) fallback i=82, candidate=[{'ANSWER': 'Dec 1 2007'}]
  # found 0 program(s)
# (t=57.52) fallback i=83, candidate=[{'ANSWER': 'Dec 1 2008'}]
  # found 0 program(s)
# (t=58.10) fallback i=84, candidate=[{'ANSWER': 'Dec 1 2009'}]
  # found 0 program(s)
# (t=58.68) fallback i=85, candidate=[{'ANSWER': 'Feb 1 2005'}]
  # found 0 program(s)
# (t=59.25) fallback i=86, candidate=[{'ANSWER': 'Feb 1 2006'}]
  # found 0 program(s)
# (t=59.83) fallback i=87, candidate=[{'ANSWER': 'Feb 1 2007'}]
  # found 0 program(s)
# (t=60.41) fallback i=88, candidate=[{'ANSWER': 'Feb 1 2008'}]
  # found 0 program(s)
# (t=60.98) fallback i=89, candidate=[{'ANSWER': 'Feb 1 2009'}]
  # found 0 program(s)
# (t=61.56) fallback i=90, candidate=[{'ANSWER': 'Feb 1 2010'}]
  # found 0 program(s)
# (t=62.14) fallback i=91, candidate=[{'ANSWER': 'Jan 1 2005'}]
  # found 0 program(s)
# (t=62.72) fallback i=92, candidate=[{'ANSWER': 'Jan 1 2006'}]
  # found 0 program(s)
# (t=63.29) fallback i=93, candidate=[{'ANSWER': 'Jan 1 2007'}]
  # found 0 program(s)
# (t=63.87) fallback i=94, candidate=[{'ANSWER': 'Jan 1 2008'}]
  # found 0 program(s)
# (t=64.45) fallback i=95, candidate=[{'ANSWER': 'Jan 1 2009'}]
  # found 0 program(s)
# (t=65.03) fallback i=96, candidate=[{'ANSWER': 'Jan 1 2010'}]
  # found 0 program(s)
# (t=65.61) fallback i=97, candidate=[{'ANSWER': 'Jul 1 2005'}]
  # found 0 program(s)
# (t=66.19) fallback i=98, candidate=[{'ANSWER': 'Jul 1 2006'}]
  # found 0 program(s)
# (t=66.77) fallback i=99, candidate=[{'ANSWER': 'Jul 1 2007'}]
  # found 0 program(s)
# (t=67.35) fallback i=100, candidate=[{'ANSWER': 'Jul 1 2008'}]
  # found 0 program(s)
# (t=67.93) fallback i=101, candidate=[{'ANSWER': 'Jul 1 2009'}]
  # found 0 program(s)
# (t=68.51) fallback i=102, candidate=[{'ANSWER': 'Jun 1 2005'}]
  # found 0 program(s)
# (t=69.09) fallback i=103, candidate=[{'ANSWER': 'Jun 1 2006'}]
  # found 0 program(s)
# (t=69.66) fallback i=104, candidate=[{'ANSWER': 'Jun 1 2007'}]
  # found 0 program(s)
# (t=70.23) fallback i=105, candidate=[{'ANSWER': 'Jun 1 2008'}]
  # found 0 program(s)
# (t=70.81) fallback i=106, candidate=[{'ANSWER': 'Jun 1 2009'}]
  # found 0 program(s)
# (t=71.39) fallback i=107, candidate=[{'ANSWER': 'Mar 1 2005'}]
  # found 0 program(s)
# (t=71.96) fallback i=108, candidate=[{'ANSWER': 'Mar 1 2006'}]
  # found 0 program(s)
# (t=72.55) fallback i=109, candidate=[{'ANSWER': 'Mar 1 2007'}]
  # found 0 program(s)
# (t=73.13) fallback i=110, candidate=[{'ANSWER': 'Mar 1 2008'}]
  # found 0 program(s)
# (t=73.70) fallback i=111, candidate=[{'ANSWER': 'Mar 1 2009'}]
  # found 0 program(s)
# (t=74.60) fallback i=112, candidate=[{'ANSWER': 'Mar 1 2010'}]
  # found 0 program(s)
# (t=75.19) fallback i=113, candidate=[{'ANSWER': 'May 1 2005'}]
  # found 0 program(s)
# (t=75.76) fallback i=114, candidate=[{'ANSWER': 'May 1 2006'}]
  # found 0 program(s)
# (t=76.34) fallback i=115, candidate=[{'ANSWER': 'May 1 2007'}]
  # found 0 program(s)
# (t=76.92) fallback i=116, candidate=[{'ANSWER': 'May 1 2008'}]
  # found 0 program(s)
# (t=77.50) fallback i=117, candidate=[{'ANSWER': 'May 1 2009'}]
  # found 0 program(s)
# (t=78.07) fallback i=118, candidate=[{'ANSWER': 'Nov 1 2004'}]
  # found 0 program(s)
# (t=78.65) fallback i=119, candidate=[{'ANSWER': 'Nov 1 2005'}]
  # found 0 program(s)
# (t=79.23) fallback i=120, candidate=[{'ANSWER': 'Nov 1 2006'}]
  # found 0 program(s)
# (t=79.81) fallback i=121, candidate=[{'ANSWER': 'Nov 1 2007'}]
  # found 0 program(s)
# (t=80.39) fallback i=122, candidate=[{'ANSWER': 'Nov 1 2008'}]
  # found 0 program(s)
# (t=80.97) fallback i=123, candidate=[{'ANSWER': 'Nov 1 2009'}]
  # found 0 program(s)
# (t=81.54) fallback i=124, candidate=[{'ANSWER': 'Oct 1 2004'}]
  # found 0 program(s)
# (t=82.12) fallback i=125, candidate=[{'ANSWER': 'Oct 1 2005'}]
  # found 0 program(s)
# (t=82.70) fallback i=126, candidate=[{'ANSWER': 'Oct 1 2006'}]
  # found 0 program(s)
# (t=83.28) fallback i=127, candidate=[{'ANSWER': 'Oct 1 2007'}]
  # found 10 program(s)
    # SelectCol(SelectRow0(GroupSum(@param0, ['0'], max, 1), eqmax, 1), ['0'])
      --> ['SelectCol', ['SelectRow0', ['GroupSum', 'input@0', ['date'], 'max', 'price'], 'eqmax', 'COL0'], ['date']]
    # SelectCol(SelectRow0(GroupSum(@param0, ['0'], max, 1), eqmax, 1), ['-1'])
      --> ['SelectCol', ['SelectRow0', ['GroupSum', 'input@0', ['date'], 'max', 'price'], 'eqmax', 'COL0'], ['date']]
    # SelectCol(SelectRow0(GroupSum(@param0, ['0', '1'], max, 1), eqmax, 1), ['0'])
      --> ['SelectCol', ['SelectRow0', ['GroupSum', 'input@0', ['date', 'price'], 'max', 'price'], 'eqmax', 'price'], ['date']]
    # SelectCol(SelectRow0(GroupSum(@param0, ['0', '1'], max, 1), eqmax, 1), ['-1', '-2'])
      --> ['SelectCol', ['SelectRow0', ['GroupSum', 'input@0', ['date', 'price'], 'max', 'price'], 'eqmax', 'price'], ['date']]
    # SelectCol(SelectRow0(GroupSum(@param0, ['0', '1'], max, 1), eqmax, 2), ['0'])
      --> ['SelectCol', ['SelectRow0', ['GroupSum', 'input@0', ['date', 'price'], 'max', 'price'], 'eqmax', 'COL0'], ['date']]
    # SelectCol(SelectRow0(GroupSum(@param0, ['0', '1'], max, 1), eqmax, 2), ['-1', '-2'])
      --> ['SelectCol', ['SelectRow0', ['GroupSum', 'input@0', ['date', 'price'], 'max', 'price'], 'eqmax', 'COL0'], ['date']]
    # SelectCol(SelectRow0(GroupSum(@param0, ['0', '2'], max, 1), eqmax, 2), ['0'])
      --> ['SelectCol', ['SelectRow0', ['GroupSum', 'input@0', ['date', 'color'], 'max', 'price'], 'eqmax', 'COL0'], ['date']]
    # SelectCol(SelectRow0(GroupSum(@param0, ['0', '2'], max, 1), eqmax, 2), ['-1', '-2'])
      --> ['SelectCol', ['SelectRow0', ['GroupSum', 'input@0', ['date', 'color'], 'max', 'price'], 'eqmax', 'COL0'], ['date']]
    # SelectCol(SelectRow0(@param0, eqmax, 1), ['0'])
      --> ['SelectCol', ['SelectRow0', 'input@0', 'eqmax', 'price'], ['date']]
    # SelectCol(SelectRow0(@param0, eqmax, 1), ['-1', '-2'])
      --> ['SelectCol', ['SelectRow0', 'input@0', 'eqmax', 'price'], ['date']]
# (t=83.88) fallback i=128, candidate=[{'ANSWER': 'Oct 1 2008'}]
  # found 0 program(s)
# (t=84.46) fallback i=129, candidate=[{'ANSWER': 'Oct 1 2009'}]
  # found 0 program(s)
# (t=85.04) fallback i=130, candidate=[{'ANSWER': 'Sep 1 2004'}]
  # found 0 program(s)
# (t=85.62) fallback i=131, candidate=[{'ANSWER': 'Sep 1 2005'}]
  # found 0 program(s)
# (t=86.19) fallback i=132, candidate=[{'ANSWER': 'Sep 1 2006'}]
  # found 0 program(s)
# (t=86.77) fallback i=133, candidate=[{'ANSWER': 'Sep 1 2007'}]
  # found 0 program(s)
# (t=87.35) fallback i=134, candidate=[{'ANSWER': 'Sep 1 2008'}]
  # found 0 program(s)
# (t=87.92) fallback i=135, candidate=[{'ANSWER': 'Sep 1 2009'}]
  # found 0 program(s)
# (t=88.50) fallback i=136, candidate=[{'ANSWER': 'blue'}]
  # found 8 program(s)
    # SelectCol(SelectRow0(GroupSum(@param0, ['0', '2'], max, 1), eqmax, 2), ['1'])
      --> ['SelectCol', ['SelectRow0', ['GroupSum', 'input@0', ['date', 'color'], 'max', 'price'], 'eqmax', 'COL0'], ['color']]
    # SelectCol(SelectRow0(GroupSum(@param0, ['0', '2'], max, 1), eqmax, 2), ['-99', '-2'])
      --> ['SelectCol', ['SelectRow0', ['GroupSum', 'input@0', ['date', 'color'], 'max', 'price'], 'eqmax', 'COL0'], ['color']]
    # SelectCol(SelectRow0(GroupSum(@param0, ['1', '2'], max, 1), eqmax, 0), ['1'])
      --> ['SelectCol', ['SelectRow0', ['GroupSum', 'input@0', ['price', 'color'], 'max', 'price'], 'eqmax', 'price'], ['color']]
    # SelectCol(SelectRow0(GroupSum(@param0, ['1', '2'], max, 1), eqmax, 0), ['-99', '-2'])
      --> ['SelectCol', ['SelectRow0', ['GroupSum', 'input@0', ['price', 'color'], 'max', 'price'], 'eqmax', 'price'], ['color']]
    # SelectCol(SelectRow0(GroupSum(@param0, ['1', '2'], max, 1), eqmax, 2), ['1'])
      --> ['SelectCol', ['SelectRow0', ['GroupSum', 'input@0', ['price', 'color'], 'max', 'price'], 'eqmax', 'COL0'], ['color']]
    # SelectCol(SelectRow0(GroupSum(@param0, ['1', '2'], max, 1), eqmax, 2), ['-99', '-2'])
      --> ['SelectCol', ['SelectRow0', ['GroupSum', 'input@0', ['price', 'color'], 'max', 'price'], 'eqmax', 'COL0'], ['color']]
    # SelectCol(SelectRow0(@param0, eqmax, 1), ['2'])
      --> ['SelectCol', ['SelectRow0', 'input@0', 'eqmax', 'price'], ['color']]
    # SelectCol(SelectRow0(@param0, eqmax, 1), ['-99', '-1'])
      --> ['SelectCol', ['SelectRow0', 'input@0', 'eqmax', 'price'], ['color']]
# (t=89.10) fallback i=137, candidate=[{'ANSWER': 'color'}]
  # found 0 program(s)
# (t=89.29) fallback i=138, candidate=[{'ANSWER': 'date'}]
  # found 0 program(s)
# (t=89.47) fallback i=139, candidate=[{'ANSWER': 'price'}]
  # found 0 program(s)

# ========== review report ========== #
# top-1, score: 1.58, answer: 707.0
  # tprog: Summarize(@param0, max, 1)
# top-2, score: 1.50, answer: 707.0
  # tprog: SelectCol(SelectRow0(@param0, eqmax, 1), ['1'])
# top-3, score: 1.50, answer: 707.0
  # tprog: SelectCol(SelectRow0(@param0, eqmax, 1), ['-99', '-2'])
# top-4, score: 1.50, answer: Oct 1 2007
  # tprog: SelectCol(SelectRow0(@param0, eqmax, 1), ['0'])
# top-5, score: 1.50, answer: Oct 1 2007
  # tprog: SelectCol(SelectRow0(@param0, eqmax, 1), ['-1', '-2'])
# top-6, score: 1.50, answer: blue
  # tprog: SelectCol(SelectRow0(@param0, eqmax, 1), ['2'])
# top-7, score: 1.50, answer: blue
  # tprog: SelectCol(SelectRow0(@param0, eqmax, 1), ['-99', '-1'])
# top-8, score: 1.43, answer: 707.0
  # tprog: SelectCol(SelectRow0(GroupSum(@param0, ['0'], max, 1), eqmax, 1), ['1'])
# top-9, score: 1.43, answer: 707.0
  # tprog: SelectCol(SelectRow0(GroupSum(@param0, ['0'], max, 1), eqmax, 1), ['-99'])
# top-10, score: 1.43, answer: 707.0
  # tprog: SelectCol(SelectRow0(GroupSum(@param0, ['1'], max, 1), eqmax, 0), ['0'])
# top-11, score: 1.43, answer: 707.0
  # tprog: SelectCol(SelectRow0(GroupSum(@param0, ['1'], max, 1), eqmax, 0), ['1'])
# top-12, score: 1.43, answer: 707.0
  # tprog: SelectCol(SelectRow0(GroupSum(@param0, ['1'], max, 1), eqmax, 0), ['-99'])
# top-13, score: 1.43, answer: 707.0
  # tprog: SelectCol(SelectRow0(GroupSum(@param0, ['1'], max, 1), eqmax, 0), ['-1'])
# top-14, score: 1.43, answer: 707.0
  # tprog: SelectCol(SelectRow0(GroupSum(@param0, ['1'], max, 1), eqmax, 1), ['0'])
# top-15, score: 1.43, answer: 707.0
  # tprog: SelectCol(SelectRow0(GroupSum(@param0, ['1'], max, 1), eqmax, 1), ['1'])
# top-16, score: 1.43, answer: 707.0
  # tprog: SelectCol(SelectRow0(GroupSum(@param0, ['1'], max, 1), eqmax, 1), ['-99'])
# top-17, score: 1.43, answer: 707.0
  # tprog: SelectCol(SelectRow0(GroupSum(@param0, ['1'], max, 1), eqmax, 1), ['-1'])
# top-18, score: 1.43, answer: Oct 1 2007
  # tprog: SelectCol(SelectRow0(GroupSum(@param0, ['0'], max, 1), eqmax, 1), ['0'])
# top-19, score: 1.43, answer: Oct 1 2007
  # tprog: SelectCol(SelectRow0(GroupSum(@param0, ['0'], max, 1), eqmax, 1), ['-1'])
# top-20, score: 1.42, answer: 707.0
  # tprog: SelectCol(SelectRow0(GroupSum(@param0, ['0', '1'], max, 1), eqmax, 1), ['1'])
# top-21, score: 1.42, answer: 707.0
  # tprog: SelectCol(SelectRow0(GroupSum(@param0, ['0', '1'], max, 1), eqmax, 1), ['2'])
# top-22, score: 1.42, answer: 707.0
  # tprog: SelectCol(SelectRow0(GroupSum(@param0, ['0', '1'], max, 1), eqmax, 1), ['-99', '-1'])
# top-23, score: 1.42, answer: 707.0
  # tprog: SelectCol(SelectRow0(GroupSum(@param0, ['0', '1'], max, 1), eqmax, 1), ['-99', '-2'])
# top-24, score: 1.42, answer: 707.0
  # tprog: SelectCol(SelectRow0(GroupSum(@param0, ['0', '1'], max, 1), eqmax, 2), ['1'])
# top-25, score: 1.42, answer: 707.0
  # tprog: SelectCol(SelectRow0(GroupSum(@param0, ['0', '1'], max, 1), eqmax, 2), ['2'])
# top-26, score: 1.42, answer: 707.0
  # tprog: SelectCol(SelectRow0(GroupSum(@param0, ['0', '1'], max, 1), eqmax, 2), ['-99', '-1'])
# top-27, score: 1.42, answer: 707.0
  # tprog: SelectCol(SelectRow0(GroupSum(@param0, ['0', '1'], max, 1), eqmax, 2), ['-99', '-2'])
# top-28, score: 1.42, answer: 707.0
  # tprog: SelectCol(SelectRow0(GroupSum(@param0, ['0', '2'], max, 1), eqmax, 2), ['2'])
# top-29, score: 1.42, answer: 707.0
  # tprog: SelectCol(SelectRow0(GroupSum(@param0, ['0', '2'], max, 1), eqmax, 2), ['-99', '-1'])
# top-30, score: 1.42, answer: 707.0
  # tprog: SelectCol(SelectRow0(GroupSum(@param0, ['1', '2'], max, 1), eqmax, 0), ['0'])
# top-31, score: 1.42, answer: 707.0
  # tprog: SelectCol(SelectRow0(GroupSum(@param0, ['1', '2'], max, 1), eqmax, 0), ['2'])
# top-32, score: 1.42, answer: 707.0
  # tprog: SelectCol(SelectRow0(GroupSum(@param0, ['1', '2'], max, 1), eqmax, 0), ['-99', '-1'])
# top-33, score: 1.42, answer: 707.0
  # tprog: SelectCol(SelectRow0(GroupSum(@param0, ['1', '2'], max, 1), eqmax, 0), ['-1', '-2'])
# top-34, score: 1.42, answer: 707.0
  # tprog: SelectCol(SelectRow0(GroupSum(@param0, ['1', '2'], max, 1), eqmax, 2), ['0'])
# top-35, score: 1.42, answer: 707.0
  # tprog: SelectCol(SelectRow0(GroupSum(@param0, ['1', '2'], max, 1), eqmax, 2), ['2'])
# top-36, score: 1.42, answer: 707.0
  # tprog: SelectCol(SelectRow0(GroupSum(@param0, ['1', '2'], max, 1), eqmax, 2), ['-99', '-1'])
# top-37, score: 1.42, answer: 707.0
  # tprog: SelectCol(SelectRow0(GroupSum(@param0, ['1', '2'], max, 1), eqmax, 2), ['-1', '-2'])
# top-38, score: 1.42, answer: Oct 1 2007
  # tprog: SelectCol(SelectRow0(GroupSum(@param0, ['0', '1'], max, 1), eqmax, 1), ['0'])
# top-39, score: 1.42, answer: Oct 1 2007
  # tprog: SelectCol(SelectRow0(GroupSum(@param0, ['0', '1'], max, 1), eqmax, 1), ['-1', '-2'])
# top-40, score: 1.42, answer: Oct 1 2007
  # tprog: SelectCol(SelectRow0(GroupSum(@param0, ['0', '1'], max, 1), eqmax, 2), ['0'])
# top-41, score: 1.42, answer: Oct 1 2007
  # tprog: SelectCol(SelectRow0(GroupSum(@param0, ['0', '1'], max, 1), eqmax, 2), ['-1', '-2'])
# top-42, score: 1.42, answer: Oct 1 2007
  # tprog: SelectCol(SelectRow0(GroupSum(@param0, ['0', '2'], max, 1), eqmax, 2), ['0'])
# top-43, score: 1.42, answer: Oct 1 2007
  # tprog: SelectCol(SelectRow0(GroupSum(@param0, ['0', '2'], max, 1), eqmax, 2), ['-1', '-2'])
# top-44, score: 1.42, answer: blue
  # tprog: SelectCol(SelectRow0(GroupSum(@param0, ['0', '2'], max, 1), eqmax, 2), ['1'])
# top-45, score: 1.42, answer: blue
  # tprog: SelectCol(SelectRow0(GroupSum(@param0, ['0', '2'], max, 1), eqmax, 2), ['-99', '-2'])
# top-46, score: 1.42, answer: blue
  # tprog: SelectCol(SelectRow0(GroupSum(@param0, ['1', '2'], max, 1), eqmax, 0), ['1'])
# top-47, score: 1.42, answer: blue
  # tprog: SelectCol(SelectRow0(GroupSum(@param0, ['1', '2'], max, 1), eqmax, 0), ['-99', '-2'])
# top-48, score: 1.42, answer: blue
  # tprog: SelectCol(SelectRow0(GroupSum(@param0, ['1', '2'], max, 1), eqmax, 2), ['1'])
# top-49, score: 1.42, answer: blue
  # tprog: SelectCol(SelectRow0(GroupSum(@param0, ['1', '2'], max, 1), eqmax, 2), ['-99', '-2'])
