# parsed arguments: Namespace(benchmark='Qfa0c4', dsl='meta_visqa', skeletons='visqa_normal', strategy='TaPas_C', fallback='auto', timeout=300, mode='full', expected_only=False)
# loading benchmark...
# table keywords: {'blue', 'race', 'latino', 'african', 'color', 'white', '57', 'percent', 'american', '48', '38'}
# input type: [dtype('O'), dtype('int64'), dtype('O')]
# input is:
               Race  Percent color
0             White       57  blue
1            Latino       48  blue
2  African American       38  blue
# query is: What's the White rate of marriages minus the Latino?
# expected output type:[dtype('int64')]
# expected output is:
   ANSWER
0       9
# inferred DSL terminals:
  # ConstVal: ['Latino@Str', 'White@Str', '<NULL>']
     # cmap: [('white', 'White'), ('latino', 'Latino')]
  # AggrFunc: ['<NULL>']
     # amap: []
  # NumFunc: ['-', '<NULL>']
     # nmap: [('minus', '-')]
  # BoolFunc: ['==', '<NULL>']
     # bmap: [(None, '==')]
  # IndFunc: ['<NULL>']
     # imap: []
# ====> fallback strategy (comparison) is triggered
  # [debug] high_values: [(9, 4), (-9, 4)]
  # [debug] high_values (no dup.): [(19, 2), (10, 2), (-10, 2), (-19, 2)]
  # [debug] fallback (comparison) answers are added
# loading skeleton list...

# ========== candidate program report ========== #
# (t=0.00) i=0, candidate=[{'ANSWER': 1}]
  # found 0 program(s)
# (t=0.61) i=1, candidate=[{'ANSWER': 2}]
  # found 0 program(s)
# (t=1.22) i=2, candidate=[{'ANSWER': 3}]
  # found 0 program(s)
# (t=1.82) i=3, candidate=[{'ANSWER': 4}]
  # found 0 program(s)
# (t=2.43) i=4, candidate=[{'ANSWER': 9}]
  # found 1 program(s)
    # Contrast(@param0, -, 0, White@Str, Latino@Str, 1)
      --> ['Contrast', 'input@0', '-', 'Race', 'White', 'Latino', 'Percent']
# (t=3.04) i=5, candidate=[{'ANSWER': -9}]
  # found 1 program(s)
    # Contrast(@param0, -, 0, Latino@Str, White@Str, 1)
      --> ['Contrast', 'input@0', '-', 'Race', 'Latino', 'White', 'Percent']

# ========== review report ========== #
# top-1, score: 2.44, answer: 9
  # tprog: Contrast(@param0, -, 0, White@Str, Latino@Str, 1)
# top-2, score: 2.44, answer: -9
  # tprog: Contrast(@param0, -, 0, Latino@Str, White@Str, 1)
