# parsed arguments: Namespace(benchmark='Qfe83f', dsl='meta_visqa', skeletons='visqa_normal', strategy='TaPas_C', fallback='auto', timeout=300, mode='full', expected_only=False)
# loading benchmark...
# table keywords: {'1208495', '1999120', '13', '1345341', '2159981', 'green', '14', '24', '679201', 'under', '4782119', '4746856', 'tx', 'purple', '3277946', '1575308', 'red', '17', '18', 'age_range', '2454721', '3157759', '5120254', 'orange', '8819342', 'and', '2704659', 'ny', '1203944', '2472223', '1420518', '64', '44', '5355235', 'il', 'over', '1140516', '1558919', '25', '2027307', '3853788', '65', '1607297', '5656528', '3239173', 'to', 'teal', 'ca', '3187797', '894368', 'color', 'blue', '5', '2607672', '2141490', '1910571', '1311479', '10604510', '4499890', 'pa', '737462', '1058031', '45', '3414001', '3596343', '7017731', 'years', '1938695', '4114496', '925060', 'yellow', 'population', '725973', 'state', 'fl'}
# input type: [dtype('O'), dtype('int64'), dtype('O'), dtype('O')]
# input is:
   State  population          age_range   color
0     CA     2704659      Under 5 Years  purple
1     CA     4499890      5 to 13 Years   green
2     CA     2159981     14 to 17 Years    blue
3     CA     3853788     18 to 24 Years  orange
4     CA    10604510     25 to 44 Years     red
5     CA     8819342     45 to 64 Years    teal
6     CA     4114496  65 Years and Over  yellow
7     FL     1140516      Under 5 Years  purple
8     FL     1938695      5 to 13 Years   green
9     FL      925060     14 to 17 Years    blue
10    FL     1607297     18 to 24 Years  orange
11    FL     4782119     25 to 44 Years     red
12    FL     4746856     45 to 64 Years    teal
13    FL     3187797  65 Years and Over  yellow
14    PA      737462      Under 5 Years  purple
15    PA     1345341      5 to 13 Years   green
16    PA      679201     14 to 17 Years    blue
17    PA     1203944     18 to 24 Years  orange
18    PA     3157759     25 to 44 Years     red
19    PA     3414001     45 to 64 Years    teal
20    PA     1910571  65 Years and Over  yellow
21    NY     1208495      Under 5 Years  purple
22    NY     2141490      5 to 13 Years   green
23    NY     1058031     14 to 17 Years    blue
24    NY     1999120     18 to 24 Years  orange
25    NY     5355235     25 to 44 Years     red
26    NY     5120254     45 to 64 Years    teal
27    NY     2607672  65 Years and Over  yellow
28    TX     2027307      Under 5 Years  purple
29    TX     3277946      5 to 13 Years   green
30    TX     1420518     14 to 17 Years    blue
31    TX     2454721     18 to 24 Years  orange
32    TX     7017731     25 to 44 Years     red
33    TX     5656528     45 to 64 Years    teal
34    TX     2472223  65 Years and Over  yellow
35    IL      894368      Under 5 Years  purple
36    IL     1558919      5 to 13 Years   green
37    IL      725973     14 to 17 Years    blue
38    IL     1311479     18 to 24 Years  orange
39    IL     3596343     25 to 44 Years     red
40    IL     3239173     45 to 64 Years    teal
41    IL     1575308  65 Years and Over  yellow
# query is: Are there more people in California's 65 and above, plus 5 to 13 populations than in the 45-64 range?
# expected output type:[dtype('O')]
# expected output is:
  ANSWER
0     No
# inferred DSL terminals:
  # ConstVal: ['45 to 64 Years@Str', 'population@Str', 'Under 5 Years@Str', '5 to 13 Years@Str', '25 to 44 Years@Str', '65 Years and Over@Str', '18 to 24 Years@Str', '14 to 17 Years@Str', '<NULL>']
     # cmap: [(13, '5 to 13 Years'), (64, '45 to 64 Years'), ('to', '18 to 24 Years'), ('to', '5 to 13 Years'), ('populations', 'population'), (5, '5 to 13 Years'), (45, '45 to 64 Years'), ('to', '14 to 17 Years'), (65, '65 Years and Over'), ('to', '25 to 44 Years'), (5, 'Under 5 Years'), ('and', '65 Years and Over'), ('to', '45 to 64 Years')]
  # AggrFunc: ['<NULL>']
     # amap: []
  # NumFunc: ['-', '<NULL>']
     # nmap: [('more', '-')]
  # BoolFunc: ['>', '>=', '==', '<NULL>']
     # bmap: [('more', '>'), (None, '=='), ('more', '>=')]
  # IndFunc: ['<NULL>']
     # imap: []
# ====> fallback strategy (comparison) is triggered
  # [debug] high_values: [(7474001, 16), (7260423, 16), (6880647, 16), (6677852, 16), (5580169, 16), (5541396, 16), (5405341, 16), (4319452, 16), (4311187, 16), (4097609, 16)]
  # [debug] high_values (no dup.): []
  # [debug] fallback (comparison) answers are added
# loading skeleton list...

# ========== candidate program report ========== #
# (t=0.00) i=0, candidate=[{'ANSWER': 1}]
  # found 0 program(s)
# (t=33.53) i=1, candidate=[{'ANSWER': 7474001}]
  # found 0 program(s)
# (t=67.06) i=2, candidate=[{'ANSWER': 7260423}]
  # found 0 program(s)
# (t=101.38) i=3, candidate=[{'ANSWER': 6880647}]
  # found 0 program(s)
# (t=136.22) i=4, candidate=[{'ANSWER': 6677852}]
  # found 0 program(s)
# (t=171.45) i=5, candidate=[{'ANSWER': 5580169}]
  # found 0 program(s)
# (t=206.54) i=6, candidate=[{'ANSWER': 5541396}]
  # found 0 program(s)
# (t=240.77) i=7, candidate=[{'ANSWER': 5405341}]
  # found 0 program(s)
# (t=274.67) i=8, candidate=[{'ANSWER': 4319452}]
---------- timeout ----------
# ====> fallback strategy (retrieval) is triggered because no explanation is found so far
# ====> retrieval_values: [1058031, 10604510, 1140516, 1203944, 1208495, 1311479, 1345341, '14 to 17 Years', 1420518, 1558919, 1575308, 1607297, '18 to 24 Years', 1910571, 1938695, 1999120, 2027307, 2141490, 2159981, 2454721, 2472223, '25 to 44 Years', 2607672, 2704659, 3157759, 3187797, 3239173, 3277946, 3414001, 3596343, 3853788, 4114496, 4499890, '45 to 64 Years', 4746856, 4782119, '5 to 13 Years', 5120254, 5355235, 5656528, '65 Years and Over', 679201, 7017731, 725973, 737462, 8819342, 894368, 925060, 'CA', 'FL', 'IL', 'NY', 'PA', 'State', 'TX', 'Under 5 Years', 'age_range', 'blue', 'color', 'green', 'orange', 'population', 'purple', 'red', 'teal', 'yellow']
# (t=308.75) fallback i=0, candidate=[{'ANSWER': 1058031}]
---------- timeout ----------
# ====> fallback strategy (original) is triggered
# ====> use the original TaPas output as answer, which is: [5]

# ========== review report ========== #
