# parsed arguments: Namespace(benchmark='Q1a18c', dsl='meta_visqa', skeletons='visqa_normal', strategy='TaPas_C', fallback='auto', timeout=300, mode='optimal-only', expected_only=False)
# loading benchmark...
# table keywords: {'color', '1282', 'yamato', 'plain', 'inland', '92', 'highland', '56', 'yoshino', 'district', 'blue', 'flat', 'gojō,', 'population'}
# input type: [dtype('O'), dtype('int64'), dtype('O')]
# input is:
                   District  Population color
0  Yamato flat inland plain        1282  blue
1           Yamato highland          56  blue
2             Gojō, Yoshino          92  blue
# query is: How much higher is the population of Gojo, Yoshino than Yamato highland?
# expected output type:[dtype('int64')]
# expected output is:
   ANSWER
0      36
# inferred DSL terminals:
  # ConstVal: ['Population@Str', 'Yamato flat inland plain@Str', 'Yamato highland@Str', 'Gojō, Yoshino@Str', '<NULL>']
     # cmap: [('population', 'Population'), ('yamato', 'Yamato highland'), ('highland', 'Yamato highland'), ('yamato', 'Yamato flat inland plain'), ('yoshino', 'Gojō, Yoshino')]
  # AggrFunc: ['<NULL>']
     # amap: []
  # NumFunc: ['-', '<NULL>']
     # nmap: [('higher', '-')]
  # BoolFunc: ['==', '<NULL>']
     # bmap: [(None, '==')]
  # IndFunc: ['<NULL>']
     # imap: []
# ====> fallback strategy (comparison) is triggered
  # [debug] high_values: [(1226, 6), (36, 6), (-36, 6), (-1226, 6), (1190, 4), (-1190, 4)]
  # [debug] high_values (no dup.): [(1226, 6), (36, 6), (-36, 6), (-1226, 6), (1190, 4), (-1190, 4)]
  # [debug] filtered low_values (no dup.): []
# loading skeleton list...

# ========== candidate program report ========== #
# (t=0.00) i=0, candidate=[{'ANSWER': 1}]
  # found 0 program(s)
# (t=4.72) i=1, candidate=[{'ANSWER': 1226}]
  # found 1 program(s)
    # Contrast(@param0, -, 0, Yamato flat inland plain@Str, Yamato highland@Str, 1)
      --> ['Contrast', 'input@0', '-', 'District', 'Yamato flat inland plain', 'Yamato highland', 'Population']
# (t=9.48) i=2, candidate=[{'ANSWER': 36}]
  # found 1 program(s)
    # Contrast(@param0, -, 0, Gojō, Yoshino@Str, Yamato highland@Str, 1)
      --> ['Contrast', 'input@0', '-', 'District', 'Gojō, Yoshino', 'Yamato highland', 'Population']
# (t=14.17) i=3, candidate=[{'ANSWER': -36}]
  # found 1 program(s)
    # Contrast(@param0, -, 0, Yamato highland@Str, Gojō, Yoshino@Str, 1)
      --> ['Contrast', 'input@0', '-', 'District', 'Yamato highland', 'Gojō, Yoshino', 'Population']
# (t=19.12) i=4, candidate=[{'ANSWER': -1226}]
  # found 1 program(s)
    # Contrast(@param0, -, 0, Yamato highland@Str, Yamato flat inland plain@Str, 1)
      --> ['Contrast', 'input@0', '-', 'District', 'Yamato highland', 'Yamato flat inland plain', 'Population']
# (t=23.81) i=5, candidate=[{'ANSWER': 1190}]
  # found 1 program(s)
    # Contrast(@param0, -, 0, Yamato flat inland plain@Str, Gojō, Yoshino@Str, 1)
      --> ['Contrast', 'input@0', '-', 'District', 'Yamato flat inland plain', 'Gojō, Yoshino', 'Population']
# (t=28.52) i=6, candidate=[{'ANSWER': -1190}]
  # found 1 program(s)
    # Contrast(@param0, -, 0, Gojō, Yoshino@Str, Yamato flat inland plain@Str, 1)
      --> ['Contrast', 'input@0', '-', 'District', 'Gojō, Yoshino', 'Yamato flat inland plain', 'Population']

# ========== review report ========== #
# top-1, score: 2.56, answer: [36]
  # tprog: Contrast(@param0, -, 0, Gojō, Yoshino@Str, Yamato highland@Str, 1)
# top-2, score: 2.56, answer: [-36]
  # tprog: Contrast(@param0, -, 0, Yamato highland@Str, Gojō, Yoshino@Str, 1)
# top-3, score: 2.48, answer: [1226]
  # tprog: Contrast(@param0, -, 0, Yamato flat inland plain@Str, Yamato highland@Str, 1)
# top-4, score: 2.48, answer: [-1226]
  # tprog: Contrast(@param0, -, 0, Yamato highland@Str, Yamato flat inland plain@Str, 1)
# top-5, score: 1.48, answer: [1190]
  # tprog: Contrast(@param0, -, 0, Yamato flat inland plain@Str, Gojō, Yoshino@Str, 1)
# top-6, score: 1.48, answer: [-1190]
  # tprog: Contrast(@param0, -, 0, Gojō, Yoshino@Str, Yamato flat inland plain@Str, 1)
