# parsed arguments: Namespace(benchmark='Q1f421', dsl='meta_visqa', skeletons='visqa_normal', strategy='TaPas_C', fallback='auto', timeout=300, mode='optimal-only', expected_only=False)
# loading benchmark...
# table keywords: {'agree', 'neither', 'or', 'disagree', '82', 'percentage', 'color', 'strongly', '53', '69', 'blue'}
# input type: [dtype('O'), dtype('int64'), dtype('O')]
# input is:
                       agree  percentage color
0             Strongly agree          82  blue
1  Neither agree or disagree          69  blue
2          Strongly disagree          53  blue
# query is: What is on the y-axis?
# expected output type:[dtype('O')]
# expected output is:
  ANSWER
0  agree
# inferred DSL terminals:
  # ConstVal: ['<NULL>']
     # cmap: []
  # AggrFunc: ['<NULL>']
     # amap: []
  # NumFunc: ['<NULL>']
     # nmap: []
  # BoolFunc: ['==', '<NULL>']
     # bmap: [(None, '==')]
  # IndFunc: ['<NULL>']
     # imap: []
# loading skeleton list...

# ========== candidate program report ========== #
# (t=0.00) i=0, candidate=[{'ANSWER': 82}]
  # found 0 program(s)
# (t=0.05) i=1, candidate=[{'ANSWER': 53}]
  # found 0 program(s)
# (t=0.11) i=2, candidate=[{'ANSWER': 69}]
  # found 0 program(s)
# ====> fallback strategy (retrieval) is triggered because no explanation is found so far
# ====> retrieval_values: [53, 69, 82, 'Neither agree or disagree', 'Strongly agree', 'Strongly disagree', 'agree', 'blue', 'color', 'percentage']
# (t=0.16) fallback i=0, candidate=[{'ANSWER': 53}]
  # found 0 program(s)
# (t=0.21) fallback i=1, candidate=[{'ANSWER': 69}]
  # found 0 program(s)
# (t=0.26) fallback i=2, candidate=[{'ANSWER': 82}]
  # found 0 program(s)
# (t=0.32) fallback i=3, candidate=[{'ANSWER': 'Neither agree or disagree'}]
  # found 0 program(s)
# (t=0.37) fallback i=4, candidate=[{'ANSWER': 'Strongly agree'}]
  # found 0 program(s)
# (t=0.42) fallback i=5, candidate=[{'ANSWER': 'Strongly disagree'}]
  # found 0 program(s)
# (t=0.47) fallback i=6, candidate=[{'ANSWER': 'agree'}]
  # found 0 program(s)
# (t=0.52) fallback i=7, candidate=[{'ANSWER': 'blue'}]
  # found 0 program(s)
# (t=0.58) fallback i=8, candidate=[{'ANSWER': 'color'}]
  # found 0 program(s)
# (t=0.63) fallback i=9, candidate=[{'ANSWER': 'percentage'}]
  # found 0 program(s)
# ====> fallback strategy (original) is triggered
# ====> use the original TaPas output as answer, which is: [82]

# ========== review report ========== #
