# parsed arguments: Namespace(benchmark='Q25229', dsl='meta_visqa', skeletons='visqa_normal', strategy='TaPas_C', fallback='auto', timeout=300, mode='optimal-only', expected_only=False)
# loading benchmark...
# table keywords: {'837.27', 'inland', 'yamato', 'flat', 'plain', '506.89', 'highland', 'yoshino', 'district', 'area', 'color', 'gojō,', '(km²)', 'size', 'blue', '2346.84'}
# input type: [dtype('O'), dtype('float64'), dtype('O')]
# input is:
                   District  Area Size (km²) color
0  Yamato flat inland plain           837.27  blue
1           Yamato highland           506.89  blue
2             Gojō, Yoshino          2346.84  blue
# query is: Which city has the largest area size?
# expected output type:[dtype('O')]
# expected output is:
    ANSWER
0     gojō
1  yoshino
# inferred DSL terminals:
  # ConstVal: ['Area Size (km²)@Str', '<NULL>']
     # cmap: [('size', 'Area Size (km²)'), ('area', 'Area Size (km²)')]
  # AggrFunc: ['max', '<NULL>']
     # amap: [('largest', 'max')]
  # NumFunc: ['<NULL>']
     # nmap: []
  # BoolFunc: ['==', '<NULL>']
     # bmap: [(None, '==')]
  # IndFunc: ['eqmax', '<NULL>']
     # imap: [('largest', 'eqmax')]
# loading skeleton list...

# ========== candidate program report ========== #
# (t=0.00) i=0, candidate=[{'ANSWER': 'Gojō, Yoshino'}]
  # found 10 program(s)
    # SelectCol(SelectRow0(GroupSum(@param0, ['0'], max, 1), eqmax, 1), ['0'])
      --> ['SelectCol', ['SelectRow0', ['GroupSum', 'input@0', ['District'], 'max', 'Area Size (km²)'], 'eqmax', 'COL0'], ['District']]
    # SelectCol(SelectRow0(GroupSum(@param0, ['0'], max, 1), eqmax, 1), ['-1'])
      --> ['SelectCol', ['SelectRow0', ['GroupSum', 'input@0', ['District'], 'max', 'Area Size (km²)'], 'eqmax', 'COL0'], ['District']]
    # SelectCol(SelectRow0(GroupSum(@param0, ['0', '1'], max, 1), eqmax, 1), ['0'])
      --> ['SelectCol', ['SelectRow0', ['GroupSum', 'input@0', ['District', 'Area Size (km²)'], 'max', 'Area Size (km²)'], 'eqmax', 'Area Size (km²)'], ['District']]
    # SelectCol(SelectRow0(GroupSum(@param0, ['0', '1'], max, 1), eqmax, 1), ['-1', '-2'])
      --> ['SelectCol', ['SelectRow0', ['GroupSum', 'input@0', ['District', 'Area Size (km²)'], 'max', 'Area Size (km²)'], 'eqmax', 'Area Size (km²)'], ['District']]
    # SelectCol(SelectRow0(GroupSum(@param0, ['0', '1'], max, 1), eqmax, 2), ['0'])
      --> ['SelectCol', ['SelectRow0', ['GroupSum', 'input@0', ['District', 'Area Size (km²)'], 'max', 'Area Size (km²)'], 'eqmax', 'COL0'], ['District']]
    # SelectCol(SelectRow0(GroupSum(@param0, ['0', '1'], max, 1), eqmax, 2), ['-1', '-2'])
      --> ['SelectCol', ['SelectRow0', ['GroupSum', 'input@0', ['District', 'Area Size (km²)'], 'max', 'Area Size (km²)'], 'eqmax', 'COL0'], ['District']]
    # SelectCol(SelectRow0(GroupSum(@param0, ['0', '2'], max, 1), eqmax, 2), ['0'])
      --> ['SelectCol', ['SelectRow0', ['GroupSum', 'input@0', ['District', 'color'], 'max', 'Area Size (km²)'], 'eqmax', 'COL0'], ['District']]
    # SelectCol(SelectRow0(GroupSum(@param0, ['0', '2'], max, 1), eqmax, 2), ['-1', '-2'])
      --> ['SelectCol', ['SelectRow0', ['GroupSum', 'input@0', ['District', 'color'], 'max', 'Area Size (km²)'], 'eqmax', 'COL0'], ['District']]
    # SelectCol(SelectRow0(@param0, eqmax, 1), ['0'])
      --> ['SelectCol', ['SelectRow0', 'input@0', 'eqmax', 'Area Size (km²)'], ['District']]
    # SelectCol(SelectRow0(@param0, eqmax, 1), ['-1', '-2'])
      --> ['SelectCol', ['SelectRow0', 'input@0', 'eqmax', 'Area Size (km²)'], ['District']]

# ========== review report ========== #
# top-1, score: 1.60, answer: ['Gojō, Yoshino']
  # tprog: SelectCol(SelectRow0(@param0, eqmax, 1), ['0'])
# top-2, score: 1.60, answer: ['Gojō, Yoshino']
  # tprog: SelectCol(SelectRow0(@param0, eqmax, 1), ['-1', '-2'])
# top-3, score: 1.53, answer: ['Gojō, Yoshino']
  # tprog: SelectCol(SelectRow0(GroupSum(@param0, ['0'], max, 1), eqmax, 1), ['0'])
# top-4, score: 1.53, answer: ['Gojō, Yoshino']
  # tprog: SelectCol(SelectRow0(GroupSum(@param0, ['0'], max, 1), eqmax, 1), ['-1'])
# top-5, score: 1.52, answer: ['Gojō, Yoshino']
  # tprog: SelectCol(SelectRow0(GroupSum(@param0, ['0', '1'], max, 1), eqmax, 1), ['0'])
# top-6, score: 1.52, answer: ['Gojō, Yoshino']
  # tprog: SelectCol(SelectRow0(GroupSum(@param0, ['0', '1'], max, 1), eqmax, 1), ['-1', '-2'])
# top-7, score: 1.52, answer: ['Gojō, Yoshino']
  # tprog: SelectCol(SelectRow0(GroupSum(@param0, ['0', '1'], max, 1), eqmax, 2), ['0'])
# top-8, score: 1.52, answer: ['Gojō, Yoshino']
  # tprog: SelectCol(SelectRow0(GroupSum(@param0, ['0', '1'], max, 1), eqmax, 2), ['-1', '-2'])
# top-9, score: 1.52, answer: ['Gojō, Yoshino']
  # tprog: SelectCol(SelectRow0(GroupSum(@param0, ['0', '2'], max, 1), eqmax, 2), ['0'])
# top-10, score: 1.52, answer: ['Gojō, Yoshino']
  # tprog: SelectCol(SelectRow0(GroupSum(@param0, ['0', '2'], max, 1), eqmax, 2), ['-1', '-2'])
