# parsed arguments: Namespace(benchmark='Q258f2', dsl='meta_visqa', skeletons='visqa_normal', strategy='TaPas_C', fallback='auto', timeout=300, mode='optimal-only', expected_only=False)
# loading benchmark...
# table keywords: {'17', '21', 'orange', 'pagan/earth-based', '61', 'muslims', 'christian', 'other', '19', '7', 'too/not', '43', '79', 'spirituality', 'hindus', 'percentage', '39', '24', '86', 'catholics', 'very/somewhat', 'non-christian', 'common', 'jews', 'native', '81', '8', '57', '93', 'at', 'protestants', 'orthodox', '6', 'response', 'buddhists', '92', '94', '83', 'unaffiliated', 'not', '76', '14', 'color', 'am.', 'all', 'mormons', 'religion', 'blue'}
# input type: [dtype('O'), dtype('O'), dtype('int64'), dtype('O')]
# input is:
                   Religion                   response  percentage   color
0                   Muslims       Very/somewhat common          57  orange
1                   Muslims  Not too/not at all common          43    blue
2         Pagan/earth-based       Very/somewhat common          39  orange
3         Pagan/earth-based  Not too/not at all common          61    blue
4               Protestants       Very/somewhat common          24  orange
5               Protestants  Not too/not at all common          76    blue
6       Other non-Christian       Very/somewhat common          21  orange
7       Other non-Christian  Not too/not at all common          79    blue
8   Native Am. spirituality       Very/somewhat common          19  orange
9   Native Am. spirituality  Not too/not at all common          81    blue
10                     Jews       Very/somewhat common          17  orange
11                     Jews  Not too/not at all common          83    blue
12             Unaffiliated       Very/somewhat common          14  orange
13             Unaffiliated  Not too/not at all common          86    blue
14                Catholics       Very/somewhat common           8  orange
15                Catholics  Not too/not at all common          92    blue
16                  Mormons       Very/somewhat common           8  orange
17                  Mormons  Not too/not at all common          92    blue
18       Orthodox Christian       Very/somewhat common           6  orange
19       Orthodox Christian  Not too/not at all common          94    blue
20                Buddhists       Very/somewhat common           7  orange
21                Buddhists  Not too/not at all common          93    blue
22                   Hindus       Very/somewhat common           6  orange
23                   Hindus  Not too/not at all common          94    blue
# query is: Which religion had the highest percentage of responses that say "Not too/not at all common"?
# expected output type:[dtype('O')]
# expected output is:
               ANSWER
0              Hindus
1  Orthodox Christian
# inferred DSL terminals:
  # ConstVal: ['Other non-Christian@Str', 'Not too/not at all common@Str', 'percentage@Str', 'response@Str', 'Religion@Str', 'Very/somewhat common@Str', '<NULL>']
     # cmap: [('responses', 'response'), ('not', 'Not too/not at all common'), ('common', 'Very/somewhat common'), ('percentage', 'percentage'), ('religion', 'Religion'), ('at', 'Not too/not at all common'), ('not', 'Other non-Christian'), ('common', 'Not too/not at all common'), ('all', 'Not too/not at all common')]
  # AggrFunc: ['sum', 'max', '<NULL>']
     # amap: [('highest', 'max'), ('all', 'sum')]
  # NumFunc: ['<NULL>']
     # nmap: []
  # BoolFunc: ['==', '!=', '<NULL>']
     # bmap: [(None, '=='), ('not', '!=')]
  # IndFunc: ['eqmax', '<NULL>']
     # imap: [('highest', 'eqmax')]
# loading skeleton list...

# ========== candidate program report ========== #
# (t=0.00) i=0, candidate=[{'ANSWER': 'Pagan/earth-based'}]
  # found 0 program(s)
# (t=73.09) i=1, candidate=[{'ANSWER': 'Other non-Christian'}]
  # found 60 program(s)
    # SelectCol(SelectRow0(SelectRow1(@param0, ==, 0, Other non-Christian@Str), eqmax, 2), ['0'])
      --> ['SelectCol', ['SelectRow0', ['SelectRow1', 'input@0', '==', 'Religion', 'Other non-Christian'], 'eqmax', 'percentage'], ['Religion']]
    # SelectCol(SelectRow1(SelectRow1(@param0, ==, 0, Other non-Christian@Str), ==, 1, Not too/not at all common@Str), ['0'])
      --> ['SelectCol', ['SelectRow1', ['SelectRow1', 'input@0', '==', 'Religion', 'Other non-Christian'], '==', 'response', 'Not too/not at all common'], ['Religion']]
    # SelectCol(SelectRow1(SelectRow1(@param0, ==, 0, Other non-Christian@Str), ==, 1, Very/somewhat common@Str), ['0'])
      --> ['SelectCol', ['SelectRow1', ['SelectRow1', 'input@0', '==', 'Religion', 'Other non-Christian'], '==', 'response', 'Very/somewhat common'], ['Religion']]
    # SelectCol(SelectRow1(SelectRow1(@param0, ==, 0, Other non-Christian@Str), !=, 1, Not too/not at all common@Str), ['0'])
      --> ['SelectCol', ['SelectRow1', ['SelectRow1', 'input@0', '==', 'Religion', 'Other non-Christian'], '!=', 'response', 'Not too/not at all common'], ['Religion']]
    # SelectCol(SelectRow1(SelectRow1(@param0, ==, 0, Other non-Christian@Str), !=, 1, Very/somewhat common@Str), ['0'])
      --> ['SelectCol', ['SelectRow1', ['SelectRow1', 'input@0', '==', 'Religion', 'Other non-Christian'], '!=', 'response', 'Very/somewhat common'], ['Religion']]
    # SelectCol(SelectRow1(SelectRow1(@param0, ==, 1, Not too/not at all common@Str), ==, 0, Other non-Christian@Str), ['0'])
      --> ['SelectCol', ['SelectRow1', ['SelectRow1', 'input@0', '==', 'response', 'Not too/not at all common'], '==', 'Religion', 'Other non-Christian'], ['Religion']]
    # SelectCol(SelectRow1(SelectRow1(@param0, ==, 1, Very/somewhat common@Str), ==, 0, Other non-Christian@Str), ['0'])
      --> ['SelectCol', ['SelectRow1', ['SelectRow1', 'input@0', '==', 'response', 'Very/somewhat common'], '==', 'Religion', 'Other non-Christian'], ['Religion']]
    # SelectCol(SelectRow1(SelectRow1(@param0, !=, 1, Not too/not at all common@Str), ==, 0, Other non-Christian@Str), ['0'])
      --> ['SelectCol', ['SelectRow1', ['SelectRow1', 'input@0', '!=', 'response', 'Not too/not at all common'], '==', 'Religion', 'Other non-Christian'], ['Religion']]
    # SelectCol(SelectRow1(SelectRow1(@param0, !=, 1, Very/somewhat common@Str), ==, 0, Other non-Christian@Str), ['0'])
      --> ['SelectCol', ['SelectRow1', ['SelectRow1', 'input@0', '!=', 'response', 'Very/somewhat common'], '==', 'Religion', 'Other non-Christian'], ['Religion']]
    # SelectCol(SelectRow0(SelectRow1(SelectRow1(@param0, ==, 0, Other non-Christian@Str), ==, 0, Other non-Christian@Str), eqmax, 2), ['0'])
      --> ['SelectCol', ['SelectRow0', ['SelectRow1', ['SelectRow1', 'input@0', '==', 'Religion', 'Other non-Christian'], '==', 'Religion', 'Other non-Christian'], 'eqmax', 'percentage'], ['Religion']]
    # SelectCol(SelectRow0(SelectRow1(SelectRow1(@param0, ==, 0, Other non-Christian@Str), ==, 1, Not too/not at all common@Str), eqmax, 2), ['0'])
      --> ['SelectCol', ['SelectRow0', ['SelectRow1', ['SelectRow1', 'input@0', '==', 'Religion', 'Other non-Christian'], '==', 'response', 'Not too/not at all common'], 'eqmax', 'percentage'], ['Religion']]
    # SelectCol(SelectRow0(SelectRow1(SelectRow1(@param0, ==, 0, Other non-Christian@Str), ==, 1, Very/somewhat common@Str), eqmax, 2), ['0'])
      --> ['SelectCol', ['SelectRow0', ['SelectRow1', ['SelectRow1', 'input@0', '==', 'Religion', 'Other non-Christian'], '==', 'response', 'Very/somewhat common'], 'eqmax', 'percentage'], ['Religion']]
    # SelectCol(SelectRow0(SelectRow1(SelectRow1(@param0, ==, 0, Other non-Christian@Str), !=, 0, Not too/not at all common@Str), eqmax, 2), ['0'])
      --> ['SelectCol', ['SelectRow0', ['SelectRow1', ['SelectRow1', 'input@0', '==', 'Religion', 'Other non-Christian'], '!=', 'Religion', 'Not too/not at all common'], 'eqmax', 'percentage'], ['Religion']]
    # SelectCol(SelectRow0(SelectRow1(SelectRow1(@param0, ==, 0, Other non-Christian@Str), !=, 0, percentage@Str), eqmax, 2), ['0'])
      --> ['SelectCol', ['SelectRow0', ['SelectRow1', ['SelectRow1', 'input@0', '==', 'Religion', 'Other non-Christian'], '!=', 'Religion', 'percentage'], 'eqmax', 'percentage'], ['Religion']]
    # SelectCol(SelectRow0(SelectRow1(SelectRow1(@param0, ==, 0, Other non-Christian@Str), !=, 0, response@Str), eqmax, 2), ['0'])
      --> ['SelectCol', ['SelectRow0', ['SelectRow1', ['SelectRow1', 'input@0', '==', 'Religion', 'Other non-Christian'], '!=', 'Religion', 'response'], 'eqmax', 'percentage'], ['Religion']]
    # SelectCol(SelectRow0(SelectRow1(SelectRow1(@param0, ==, 0, Other non-Christian@Str), !=, 0, Religion@Str), eqmax, 2), ['0'])
      --> ['SelectCol', ['SelectRow0', ['SelectRow1', ['SelectRow1', 'input@0', '==', 'Religion', 'Other non-Christian'], '!=', 'Religion', 'Religion'], 'eqmax', 'percentage'], ['Religion']]
    # SelectCol(SelectRow0(SelectRow1(SelectRow1(@param0, ==, 0, Other non-Christian@Str), !=, 0, Very/somewhat common@Str), eqmax, 2), ['0'])
      --> ['SelectCol', ['SelectRow0', ['SelectRow1', ['SelectRow1', 'input@0', '==', 'Religion', 'Other non-Christian'], '!=', 'Religion', 'Very/somewhat common'], 'eqmax', 'percentage'], ['Religion']]
    # SelectCol(SelectRow0(SelectRow1(SelectRow1(@param0, ==, 0, Other non-Christian@Str), !=, 1, Other non-Christian@Str), eqmax, 2), ['0'])
      --> ['SelectCol', ['SelectRow0', ['SelectRow1', ['SelectRow1', 'input@0', '==', 'Religion', 'Other non-Christian'], '!=', 'response', 'Other non-Christian'], 'eqmax', 'percentage'], ['Religion']]
    # SelectCol(SelectRow0(SelectRow1(SelectRow1(@param0, ==, 0, Other non-Christian@Str), !=, 1, Not too/not at all common@Str), eqmax, 2), ['0'])
      --> ['SelectCol', ['SelectRow0', ['SelectRow1', ['SelectRow1', 'input@0', '==', 'Religion', 'Other non-Christian'], '!=', 'response', 'Not too/not at all common'], 'eqmax', 'percentage'], ['Religion']]
    # SelectCol(SelectRow0(SelectRow1(SelectRow1(@param0, ==, 0, Other non-Christian@Str), !=, 1, percentage@Str), eqmax, 2), ['0'])
      --> ['SelectCol', ['SelectRow0', ['SelectRow1', ['SelectRow1', 'input@0', '==', 'Religion', 'Other non-Christian'], '!=', 'response', 'percentage'], 'eqmax', 'percentage'], ['Religion']]
    # SelectCol(SelectRow0(SelectRow1(SelectRow1(@param0, ==, 0, Other non-Christian@Str), !=, 1, response@Str), eqmax, 2), ['0'])
      --> ['SelectCol', ['SelectRow0', ['SelectRow1', ['SelectRow1', 'input@0', '==', 'Religion', 'Other non-Christian'], '!=', 'response', 'response'], 'eqmax', 'percentage'], ['Religion']]
    # SelectCol(SelectRow0(SelectRow1(SelectRow1(@param0, ==, 0, Other non-Christian@Str), !=, 1, Religion@Str), eqmax, 2), ['0'])
      --> ['SelectCol', ['SelectRow0', ['SelectRow1', ['SelectRow1', 'input@0', '==', 'Religion', 'Other non-Christian'], '!=', 'response', 'Religion'], 'eqmax', 'percentage'], ['Religion']]
    # SelectCol(SelectRow0(SelectRow1(SelectRow1(@param0, ==, 0, Other non-Christian@Str), !=, 1, Very/somewhat common@Str), eqmax, 2), ['0'])
      --> ['SelectCol', ['SelectRow0', ['SelectRow1', ['SelectRow1', 'input@0', '==', 'Religion', 'Other non-Christian'], '!=', 'response', 'Very/somewhat common'], 'eqmax', 'percentage'], ['Religion']]
    # SelectCol(SelectRow0(SelectRow1(SelectRow1(@param0, ==, 0, Other non-Christian@Str), !=, 2, Other non-Christian@Str), eqmax, 2), ['0'])
      --> ['SelectCol', ['SelectRow0', ['SelectRow1', ['SelectRow1', 'input@0', '==', 'Religion', 'Other non-Christian'], '!=', 'percentage', 'Other non-Christian'], 'eqmax', 'percentage'], ['Religion']]
    # SelectCol(SelectRow0(SelectRow1(SelectRow1(@param0, ==, 0, Other non-Christian@Str), !=, 2, Not too/not at all common@Str), eqmax, 2), ['0'])
      --> ['SelectCol', ['SelectRow0', ['SelectRow1', ['SelectRow1', 'input@0', '==', 'Religion', 'Other non-Christian'], '!=', 'percentage', 'Not too/not at all common'], 'eqmax', 'percentage'], ['Religion']]
    # SelectCol(SelectRow0(SelectRow1(SelectRow1(@param0, ==, 0, Other non-Christian@Str), !=, 2, percentage@Str), eqmax, 2), ['0'])
      --> ['SelectCol', ['SelectRow0', ['SelectRow1', ['SelectRow1', 'input@0', '==', 'Religion', 'Other non-Christian'], '!=', 'percentage', 'percentage'], 'eqmax', 'percentage'], ['Religion']]
    # SelectCol(SelectRow0(SelectRow1(SelectRow1(@param0, ==, 0, Other non-Christian@Str), !=, 2, response@Str), eqmax, 2), ['0'])
      --> ['SelectCol', ['SelectRow0', ['SelectRow1', ['SelectRow1', 'input@0', '==', 'Religion', 'Other non-Christian'], '!=', 'percentage', 'response'], 'eqmax', 'percentage'], ['Religion']]
    # SelectCol(SelectRow0(SelectRow1(SelectRow1(@param0, ==, 0, Other non-Christian@Str), !=, 2, Religion@Str), eqmax, 2), ['0'])
      --> ['SelectCol', ['SelectRow0', ['SelectRow1', ['SelectRow1', 'input@0', '==', 'Religion', 'Other non-Christian'], '!=', 'percentage', 'Religion'], 'eqmax', 'percentage'], ['Religion']]
    # SelectCol(SelectRow0(SelectRow1(SelectRow1(@param0, ==, 0, Other non-Christian@Str), !=, 2, Very/somewhat common@Str), eqmax, 2), ['0'])
      --> ['SelectCol', ['SelectRow0', ['SelectRow1', ['SelectRow1', 'input@0', '==', 'Religion', 'Other non-Christian'], '!=', 'percentage', 'Very/somewhat common'], 'eqmax', 'percentage'], ['Religion']]
    # SelectCol(SelectRow0(SelectRow1(SelectRow1(@param0, ==, 0, Other non-Christian@Str), !=, 3, Other non-Christian@Str), eqmax, 2), ['0'])
      --> ['SelectCol', ['SelectRow0', ['SelectRow1', ['SelectRow1', 'input@0', '==', 'Religion', 'Other non-Christian'], '!=', 'color', 'Other non-Christian'], 'eqmax', 'percentage'], ['Religion']]
    # SelectCol(SelectRow0(SelectRow1(SelectRow1(@param0, ==, 0, Other non-Christian@Str), !=, 3, Not too/not at all common@Str), eqmax, 2), ['0'])
      --> ['SelectCol', ['SelectRow0', ['SelectRow1', ['SelectRow1', 'input@0', '==', 'Religion', 'Other non-Christian'], '!=', 'color', 'Not too/not at all common'], 'eqmax', 'percentage'], ['Religion']]
    # SelectCol(SelectRow0(SelectRow1(SelectRow1(@param0, ==, 0, Other non-Christian@Str), !=, 3, percentage@Str), eqmax, 2), ['0'])
      --> ['SelectCol', ['SelectRow0', ['SelectRow1', ['SelectRow1', 'input@0', '==', 'Religion', 'Other non-Christian'], '!=', 'color', 'percentage'], 'eqmax', 'percentage'], ['Religion']]
    # SelectCol(SelectRow0(SelectRow1(SelectRow1(@param0, ==, 0, Other non-Christian@Str), !=, 3, response@Str), eqmax, 2), ['0'])
      --> ['SelectCol', ['SelectRow0', ['SelectRow1', ['SelectRow1', 'input@0', '==', 'Religion', 'Other non-Christian'], '!=', 'color', 'response'], 'eqmax', 'percentage'], ['Religion']]
    # SelectCol(SelectRow0(SelectRow1(SelectRow1(@param0, ==, 0, Other non-Christian@Str), !=, 3, Religion@Str), eqmax, 2), ['0'])
      --> ['SelectCol', ['SelectRow0', ['SelectRow1', ['SelectRow1', 'input@0', '==', 'Religion', 'Other non-Christian'], '!=', 'color', 'Religion'], 'eqmax', 'percentage'], ['Religion']]
    # SelectCol(SelectRow0(SelectRow1(SelectRow1(@param0, ==, 0, Other non-Christian@Str), !=, 3, Very/somewhat common@Str), eqmax, 2), ['0'])
      --> ['SelectCol', ['SelectRow0', ['SelectRow1', ['SelectRow1', 'input@0', '==', 'Religion', 'Other non-Christian'], '!=', 'color', 'Very/somewhat common'], 'eqmax', 'percentage'], ['Religion']]
    # SelectCol(SelectRow0(SelectRow1(SelectRow1(@param0, ==, 1, Not too/not at all common@Str), ==, 0, Other non-Christian@Str), eqmax, 2), ['0'])
      --> ['SelectCol', ['SelectRow0', ['SelectRow1', ['SelectRow1', 'input@0', '==', 'response', 'Not too/not at all common'], '==', 'Religion', 'Other non-Christian'], 'eqmax', 'percentage'], ['Religion']]
    # SelectCol(SelectRow0(SelectRow1(SelectRow1(@param0, ==, 1, Very/somewhat common@Str), ==, 0, Other non-Christian@Str), eqmax, 2), ['0'])
      --> ['SelectCol', ['SelectRow0', ['SelectRow1', ['SelectRow1', 'input@0', '==', 'response', 'Very/somewhat common'], '==', 'Religion', 'Other non-Christian'], 'eqmax', 'percentage'], ['Religion']]
    # SelectCol(SelectRow0(SelectRow1(SelectRow1(@param0, !=, 0, Not too/not at all common@Str), ==, 0, Other non-Christian@Str), eqmax, 2), ['0'])
      --> ['SelectCol', ['SelectRow0', ['SelectRow1', ['SelectRow1', 'input@0', '!=', 'Religion', 'Not too/not at all common'], '==', 'Religion', 'Other non-Christian'], 'eqmax', 'percentage'], ['Religion']]
    # SelectCol(SelectRow0(SelectRow1(SelectRow1(@param0, !=, 0, percentage@Str), ==, 0, Other non-Christian@Str), eqmax, 2), ['0'])
      --> ['SelectCol', ['SelectRow0', ['SelectRow1', ['SelectRow1', 'input@0', '!=', 'Religion', 'percentage'], '==', 'Religion', 'Other non-Christian'], 'eqmax', 'percentage'], ['Religion']]
    # SelectCol(SelectRow0(SelectRow1(SelectRow1(@param0, !=, 0, response@Str), ==, 0, Other non-Christian@Str), eqmax, 2), ['0'])
      --> ['SelectCol', ['SelectRow0', ['SelectRow1', ['SelectRow1', 'input@0', '!=', 'Religion', 'response'], '==', 'Religion', 'Other non-Christian'], 'eqmax', 'percentage'], ['Religion']]
    # SelectCol(SelectRow0(SelectRow1(SelectRow1(@param0, !=, 0, Religion@Str), ==, 0, Other non-Christian@Str), eqmax, 2), ['0'])
      --> ['SelectCol', ['SelectRow0', ['SelectRow1', ['SelectRow1', 'input@0', '!=', 'Religion', 'Religion'], '==', 'Religion', 'Other non-Christian'], 'eqmax', 'percentage'], ['Religion']]
    # SelectCol(SelectRow0(SelectRow1(SelectRow1(@param0, !=, 0, Very/somewhat common@Str), ==, 0, Other non-Christian@Str), eqmax, 2), ['0'])
      --> ['SelectCol', ['SelectRow0', ['SelectRow1', ['SelectRow1', 'input@0', '!=', 'Religion', 'Very/somewhat common'], '==', 'Religion', 'Other non-Christian'], 'eqmax', 'percentage'], ['Religion']]
    # SelectCol(SelectRow0(SelectRow1(SelectRow1(@param0, !=, 1, Other non-Christian@Str), ==, 0, Other non-Christian@Str), eqmax, 2), ['0'])
      --> ['SelectCol', ['SelectRow0', ['SelectRow1', ['SelectRow1', 'input@0', '!=', 'response', 'Other non-Christian'], '==', 'Religion', 'Other non-Christian'], 'eqmax', 'percentage'], ['Religion']]
    # SelectCol(SelectRow0(SelectRow1(SelectRow1(@param0, !=, 1, Not too/not at all common@Str), ==, 0, Other non-Christian@Str), eqmax, 2), ['0'])
      --> ['SelectCol', ['SelectRow0', ['SelectRow1', ['SelectRow1', 'input@0', '!=', 'response', 'Not too/not at all common'], '==', 'Religion', 'Other non-Christian'], 'eqmax', 'percentage'], ['Religion']]
    # SelectCol(SelectRow0(SelectRow1(SelectRow1(@param0, !=, 1, percentage@Str), ==, 0, Other non-Christian@Str), eqmax, 2), ['0'])
      --> ['SelectCol', ['SelectRow0', ['SelectRow1', ['SelectRow1', 'input@0', '!=', 'response', 'percentage'], '==', 'Religion', 'Other non-Christian'], 'eqmax', 'percentage'], ['Religion']]
    # SelectCol(SelectRow0(SelectRow1(SelectRow1(@param0, !=, 1, response@Str), ==, 0, Other non-Christian@Str), eqmax, 2), ['0'])
      --> ['SelectCol', ['SelectRow0', ['SelectRow1', ['SelectRow1', 'input@0', '!=', 'response', 'response'], '==', 'Religion', 'Other non-Christian'], 'eqmax', 'percentage'], ['Religion']]
    # SelectCol(SelectRow0(SelectRow1(SelectRow1(@param0, !=, 1, Religion@Str), ==, 0, Other non-Christian@Str), eqmax, 2), ['0'])
      --> ['SelectCol', ['SelectRow0', ['SelectRow1', ['SelectRow1', 'input@0', '!=', 'response', 'Religion'], '==', 'Religion', 'Other non-Christian'], 'eqmax', 'percentage'], ['Religion']]
    # SelectCol(SelectRow0(SelectRow1(SelectRow1(@param0, !=, 1, Very/somewhat common@Str), ==, 0, Other non-Christian@Str), eqmax, 2), ['0'])
      --> ['SelectCol', ['SelectRow0', ['SelectRow1', ['SelectRow1', 'input@0', '!=', 'response', 'Very/somewhat common'], '==', 'Religion', 'Other non-Christian'], 'eqmax', 'percentage'], ['Religion']]
    # SelectCol(SelectRow0(SelectRow1(SelectRow1(@param0, !=, 2, Other non-Christian@Str), ==, 0, Other non-Christian@Str), eqmax, 2), ['0'])
      --> ['SelectCol', ['SelectRow0', ['SelectRow1', ['SelectRow1', 'input@0', '!=', 'percentage', 'Other non-Christian'], '==', 'Religion', 'Other non-Christian'], 'eqmax', 'percentage'], ['Religion']]
    # SelectCol(SelectRow0(SelectRow1(SelectRow1(@param0, !=, 2, Not too/not at all common@Str), ==, 0, Other non-Christian@Str), eqmax, 2), ['0'])
      --> ['SelectCol', ['SelectRow0', ['SelectRow1', ['SelectRow1', 'input@0', '!=', 'percentage', 'Not too/not at all common'], '==', 'Religion', 'Other non-Christian'], 'eqmax', 'percentage'], ['Religion']]
    # SelectCol(SelectRow0(SelectRow1(SelectRow1(@param0, !=, 2, percentage@Str), ==, 0, Other non-Christian@Str), eqmax, 2), ['0'])
      --> ['SelectCol', ['SelectRow0', ['SelectRow1', ['SelectRow1', 'input@0', '!=', 'percentage', 'percentage'], '==', 'Religion', 'Other non-Christian'], 'eqmax', 'percentage'], ['Religion']]
    # SelectCol(SelectRow0(SelectRow1(SelectRow1(@param0, !=, 2, response@Str), ==, 0, Other non-Christian@Str), eqmax, 2), ['0'])
      --> ['SelectCol', ['SelectRow0', ['SelectRow1', ['SelectRow1', 'input@0', '!=', 'percentage', 'response'], '==', 'Religion', 'Other non-Christian'], 'eqmax', 'percentage'], ['Religion']]
    # SelectCol(SelectRow0(SelectRow1(SelectRow1(@param0, !=, 2, Religion@Str), ==, 0, Other non-Christian@Str), eqmax, 2), ['0'])
      --> ['SelectCol', ['SelectRow0', ['SelectRow1', ['SelectRow1', 'input@0', '!=', 'percentage', 'Religion'], '==', 'Religion', 'Other non-Christian'], 'eqmax', 'percentage'], ['Religion']]
    # SelectCol(SelectRow0(SelectRow1(SelectRow1(@param0, !=, 2, Very/somewhat common@Str), ==, 0, Other non-Christian@Str), eqmax, 2), ['0'])
      --> ['SelectCol', ['SelectRow0', ['SelectRow1', ['SelectRow1', 'input@0', '!=', 'percentage', 'Very/somewhat common'], '==', 'Religion', 'Other non-Christian'], 'eqmax', 'percentage'], ['Religion']]
    # SelectCol(SelectRow0(SelectRow1(SelectRow1(@param0, !=, 3, Other non-Christian@Str), ==, 0, Other non-Christian@Str), eqmax, 2), ['0'])
      --> ['SelectCol', ['SelectRow0', ['SelectRow1', ['SelectRow1', 'input@0', '!=', 'color', 'Other non-Christian'], '==', 'Religion', 'Other non-Christian'], 'eqmax', 'percentage'], ['Religion']]
    # SelectCol(SelectRow0(SelectRow1(SelectRow1(@param0, !=, 3, Not too/not at all common@Str), ==, 0, Other non-Christian@Str), eqmax, 2), ['0'])
      --> ['SelectCol', ['SelectRow0', ['SelectRow1', ['SelectRow1', 'input@0', '!=', 'color', 'Not too/not at all common'], '==', 'Religion', 'Other non-Christian'], 'eqmax', 'percentage'], ['Religion']]
    # SelectCol(SelectRow0(SelectRow1(SelectRow1(@param0, !=, 3, percentage@Str), ==, 0, Other non-Christian@Str), eqmax, 2), ['0'])
      --> ['SelectCol', ['SelectRow0', ['SelectRow1', ['SelectRow1', 'input@0', '!=', 'color', 'percentage'], '==', 'Religion', 'Other non-Christian'], 'eqmax', 'percentage'], ['Religion']]
    # SelectCol(SelectRow0(SelectRow1(SelectRow1(@param0, !=, 3, response@Str), ==, 0, Other non-Christian@Str), eqmax, 2), ['0'])
      --> ['SelectCol', ['SelectRow0', ['SelectRow1', ['SelectRow1', 'input@0', '!=', 'color', 'response'], '==', 'Religion', 'Other non-Christian'], 'eqmax', 'percentage'], ['Religion']]
    # SelectCol(SelectRow0(SelectRow1(SelectRow1(@param0, !=, 3, Religion@Str), ==, 0, Other non-Christian@Str), eqmax, 2), ['0'])
      --> ['SelectCol', ['SelectRow0', ['SelectRow1', ['SelectRow1', 'input@0', '!=', 'color', 'Religion'], '==', 'Religion', 'Other non-Christian'], 'eqmax', 'percentage'], ['Religion']]
    # SelectCol(SelectRow0(SelectRow1(SelectRow1(@param0, !=, 3, Very/somewhat common@Str), ==, 0, Other non-Christian@Str), eqmax, 2), ['0'])
      --> ['SelectCol', ['SelectRow0', ['SelectRow1', ['SelectRow1', 'input@0', '!=', 'color', 'Very/somewhat common'], '==', 'Religion', 'Other non-Christian'], 'eqmax', 'percentage'], ['Religion']]
# (t=146.71) i=2, candidate=[{'ANSWER': 'Protestants'}]
  # found 0 program(s)
# (t=220.67) i=3, candidate=[{'ANSWER': 'Buddhists'}]
  # found 0 program(s)
# (t=294.65) i=4, candidate=[{'ANSWER': 'Orthodox Christian'}]
  # found 0 program(s)
---------- timeout ----------

# ========== review report ========== #
# top-1, score: 2.38, answer: ['Other non-Christian']
  # tprog: SelectCol(SelectRow0(SelectRow1(SelectRow1(@param0, ==, 0, Other non-Christian@Str), !=, 0, response@Str), eqmax, 2), ['0'])
# top-2, score: 2.38, answer: ['Other non-Christian']
  # tprog: SelectCol(SelectRow0(SelectRow1(SelectRow1(@param0, ==, 0, Other non-Christian@Str), !=, 1, percentage@Str), eqmax, 2), ['0'])
# top-3, score: 2.38, answer: ['Other non-Christian']
  # tprog: SelectCol(SelectRow0(SelectRow1(SelectRow1(@param0, ==, 0, Other non-Christian@Str), !=, 1, response@Str), eqmax, 2), ['0'])
# top-4, score: 2.38, answer: ['Other non-Christian']
  # tprog: SelectCol(SelectRow0(SelectRow1(SelectRow1(@param0, ==, 0, Other non-Christian@Str), !=, 1, Religion@Str), eqmax, 2), ['0'])
# top-5, score: 2.38, answer: ['Other non-Christian']
  # tprog: SelectCol(SelectRow0(SelectRow1(SelectRow1(@param0, ==, 0, Other non-Christian@Str), !=, 2, response@Str), eqmax, 2), ['0'])
# top-6, score: 2.38, answer: ['Other non-Christian']
  # tprog: SelectCol(SelectRow0(SelectRow1(SelectRow1(@param0, ==, 0, Other non-Christian@Str), !=, 3, response@Str), eqmax, 2), ['0'])
# top-7, score: 2.38, answer: ['Other non-Christian']
  # tprog: SelectCol(SelectRow0(SelectRow1(SelectRow1(@param0, !=, 0, response@Str), ==, 0, Other non-Christian@Str), eqmax, 2), ['0'])
# top-8, score: 2.38, answer: ['Other non-Christian']
  # tprog: SelectCol(SelectRow0(SelectRow1(SelectRow1(@param0, !=, 1, percentage@Str), ==, 0, Other non-Christian@Str), eqmax, 2), ['0'])
# top-9, score: 2.38, answer: ['Other non-Christian']
  # tprog: SelectCol(SelectRow0(SelectRow1(SelectRow1(@param0, !=, 1, response@Str), ==, 0, Other non-Christian@Str), eqmax, 2), ['0'])
# top-10, score: 2.38, answer: ['Other non-Christian']
  # tprog: SelectCol(SelectRow0(SelectRow1(SelectRow1(@param0, !=, 1, Religion@Str), ==, 0, Other non-Christian@Str), eqmax, 2), ['0'])
# top-11, score: 2.38, answer: ['Other non-Christian']
  # tprog: SelectCol(SelectRow0(SelectRow1(SelectRow1(@param0, !=, 2, response@Str), ==, 0, Other non-Christian@Str), eqmax, 2), ['0'])
# top-12, score: 2.38, answer: ['Other non-Christian']
  # tprog: SelectCol(SelectRow0(SelectRow1(SelectRow1(@param0, !=, 3, response@Str), ==, 0, Other non-Christian@Str), eqmax, 2), ['0'])
# top-13, score: 2.32, answer: ['Other non-Christian']
  # tprog: SelectCol(SelectRow0(SelectRow1(SelectRow1(@param0, ==, 0, Other non-Christian@Str), !=, 0, percentage@Str), eqmax, 2), ['0'])
# top-14, score: 2.32, answer: ['Other non-Christian']
  # tprog: SelectCol(SelectRow0(SelectRow1(SelectRow1(@param0, ==, 0, Other non-Christian@Str), !=, 0, Religion@Str), eqmax, 2), ['0'])
# top-15, score: 2.32, answer: ['Other non-Christian']
  # tprog: SelectCol(SelectRow0(SelectRow1(SelectRow1(@param0, ==, 0, Other non-Christian@Str), !=, 2, percentage@Str), eqmax, 2), ['0'])
# top-16, score: 2.32, answer: ['Other non-Christian']
  # tprog: SelectCol(SelectRow0(SelectRow1(SelectRow1(@param0, ==, 0, Other non-Christian@Str), !=, 2, Religion@Str), eqmax, 2), ['0'])
# top-17, score: 2.32, answer: ['Other non-Christian']
  # tprog: SelectCol(SelectRow0(SelectRow1(SelectRow1(@param0, ==, 0, Other non-Christian@Str), !=, 3, percentage@Str), eqmax, 2), ['0'])
# top-18, score: 2.32, answer: ['Other non-Christian']
  # tprog: SelectCol(SelectRow0(SelectRow1(SelectRow1(@param0, ==, 0, Other non-Christian@Str), !=, 3, Religion@Str), eqmax, 2), ['0'])
# top-19, score: 2.32, answer: ['Other non-Christian']
  # tprog: SelectCol(SelectRow0(SelectRow1(SelectRow1(@param0, !=, 0, percentage@Str), ==, 0, Other non-Christian@Str), eqmax, 2), ['0'])
# top-20, score: 2.32, answer: ['Other non-Christian']
  # tprog: SelectCol(SelectRow0(SelectRow1(SelectRow1(@param0, !=, 0, Religion@Str), ==, 0, Other non-Christian@Str), eqmax, 2), ['0'])
# top-21, score: 2.32, answer: ['Other non-Christian']
  # tprog: SelectCol(SelectRow0(SelectRow1(SelectRow1(@param0, !=, 2, percentage@Str), ==, 0, Other non-Christian@Str), eqmax, 2), ['0'])
# top-22, score: 2.32, answer: ['Other non-Christian']
  # tprog: SelectCol(SelectRow0(SelectRow1(SelectRow1(@param0, !=, 2, Religion@Str), ==, 0, Other non-Christian@Str), eqmax, 2), ['0'])
# top-23, score: 2.32, answer: ['Other non-Christian']
  # tprog: SelectCol(SelectRow0(SelectRow1(SelectRow1(@param0, !=, 3, percentage@Str), ==, 0, Other non-Christian@Str), eqmax, 2), ['0'])
# top-24, score: 2.32, answer: ['Other non-Christian']
  # tprog: SelectCol(SelectRow0(SelectRow1(SelectRow1(@param0, !=, 3, Religion@Str), ==, 0, Other non-Christian@Str), eqmax, 2), ['0'])
# top-25, score: 1.57, answer: ['Other non-Christian']
  # tprog: SelectCol(SelectRow0(SelectRow1(SelectRow1(@param0, ==, 0, Other non-Christian@Str), ==, 1, Not too/not at all common@Str), eqmax, 2), ['0'])
# top-26, score: 1.57, answer: ['Other non-Christian']
  # tprog: SelectCol(SelectRow0(SelectRow1(SelectRow1(@param0, ==, 0, Other non-Christian@Str), !=, 1, Not too/not at all common@Str), eqmax, 2), ['0'])
# top-27, score: 1.57, answer: ['Other non-Christian']
  # tprog: SelectCol(SelectRow0(SelectRow1(SelectRow1(@param0, ==, 1, Not too/not at all common@Str), ==, 0, Other non-Christian@Str), eqmax, 2), ['0'])
# top-28, score: 1.57, answer: ['Other non-Christian']
  # tprog: SelectCol(SelectRow0(SelectRow1(SelectRow1(@param0, !=, 1, Not too/not at all common@Str), ==, 0, Other non-Christian@Str), eqmax, 2), ['0'])
# top-29, score: 1.51, answer: ['Other non-Christian']
  # tprog: SelectCol(SelectRow0(SelectRow1(SelectRow1(@param0, ==, 0, Other non-Christian@Str), !=, 0, Not too/not at all common@Str), eqmax, 2), ['0'])
# top-30, score: 1.51, answer: ['Other non-Christian']
  # tprog: SelectCol(SelectRow0(SelectRow1(SelectRow1(@param0, ==, 0, Other non-Christian@Str), !=, 2, Not too/not at all common@Str), eqmax, 2), ['0'])
# top-31, score: 1.51, answer: ['Other non-Christian']
  # tprog: SelectCol(SelectRow0(SelectRow1(SelectRow1(@param0, ==, 0, Other non-Christian@Str), !=, 3, Not too/not at all common@Str), eqmax, 2), ['0'])
# top-32, score: 1.51, answer: ['Other non-Christian']
  # tprog: SelectCol(SelectRow0(SelectRow1(SelectRow1(@param0, !=, 0, Not too/not at all common@Str), ==, 0, Other non-Christian@Str), eqmax, 2), ['0'])
# top-33, score: 1.51, answer: ['Other non-Christian']
  # tprog: SelectCol(SelectRow0(SelectRow1(SelectRow1(@param0, !=, 2, Not too/not at all common@Str), ==, 0, Other non-Christian@Str), eqmax, 2), ['0'])
# top-34, score: 1.51, answer: ['Other non-Christian']
  # tprog: SelectCol(SelectRow0(SelectRow1(SelectRow1(@param0, !=, 3, Not too/not at all common@Str), ==, 0, Other non-Christian@Str), eqmax, 2), ['0'])
# top-35, score: 1.47, answer: ['Other non-Christian']
  # tprog: SelectCol(SelectRow1(SelectRow1(@param0, ==, 0, Other non-Christian@Str), ==, 1, Not too/not at all common@Str), ['0'])
# top-36, score: 1.47, answer: ['Other non-Christian']
  # tprog: SelectCol(SelectRow1(SelectRow1(@param0, ==, 0, Other non-Christian@Str), !=, 1, Not too/not at all common@Str), ['0'])
# top-37, score: 1.47, answer: ['Other non-Christian']
  # tprog: SelectCol(SelectRow1(SelectRow1(@param0, ==, 1, Not too/not at all common@Str), ==, 0, Other non-Christian@Str), ['0'])
# top-38, score: 1.47, answer: ['Other non-Christian']
  # tprog: SelectCol(SelectRow1(SelectRow1(@param0, !=, 1, Not too/not at all common@Str), ==, 0, Other non-Christian@Str), ['0'])
# top-39, score: 1.45, answer: ['Other non-Christian']
  # tprog: SelectCol(SelectRow0(SelectRow1(SelectRow1(@param0, ==, 0, Other non-Christian@Str), ==, 1, Very/somewhat common@Str), eqmax, 2), ['0'])
# top-40, score: 1.45, answer: ['Other non-Christian']
  # tprog: SelectCol(SelectRow0(SelectRow1(SelectRow1(@param0, ==, 0, Other non-Christian@Str), !=, 1, Very/somewhat common@Str), eqmax, 2), ['0'])
# top-41, score: 1.45, answer: ['Other non-Christian']
  # tprog: SelectCol(SelectRow0(SelectRow1(SelectRow1(@param0, ==, 1, Very/somewhat common@Str), ==, 0, Other non-Christian@Str), eqmax, 2), ['0'])
# top-42, score: 1.45, answer: ['Other non-Christian']
  # tprog: SelectCol(SelectRow0(SelectRow1(SelectRow1(@param0, !=, 1, Very/somewhat common@Str), ==, 0, Other non-Christian@Str), eqmax, 2), ['0'])
# top-43, score: 1.38, answer: ['Other non-Christian']
  # tprog: SelectCol(SelectRow0(SelectRow1(SelectRow1(@param0, ==, 0, Other non-Christian@Str), !=, 0, Very/somewhat common@Str), eqmax, 2), ['0'])
# top-44, score: 1.38, answer: ['Other non-Christian']
  # tprog: SelectCol(SelectRow0(SelectRow1(SelectRow1(@param0, ==, 0, Other non-Christian@Str), !=, 1, Other non-Christian@Str), eqmax, 2), ['0'])
# top-45, score: 1.38, answer: ['Other non-Christian']
  # tprog: SelectCol(SelectRow0(SelectRow1(SelectRow1(@param0, ==, 0, Other non-Christian@Str), !=, 2, Very/somewhat common@Str), eqmax, 2), ['0'])
# top-46, score: 1.38, answer: ['Other non-Christian']
  # tprog: SelectCol(SelectRow0(SelectRow1(SelectRow1(@param0, ==, 0, Other non-Christian@Str), !=, 3, Very/somewhat common@Str), eqmax, 2), ['0'])
# top-47, score: 1.38, answer: ['Other non-Christian']
  # tprog: SelectCol(SelectRow0(SelectRow1(SelectRow1(@param0, !=, 0, Very/somewhat common@Str), ==, 0, Other non-Christian@Str), eqmax, 2), ['0'])
# top-48, score: 1.38, answer: ['Other non-Christian']
  # tprog: SelectCol(SelectRow0(SelectRow1(SelectRow1(@param0, !=, 1, Other non-Christian@Str), ==, 0, Other non-Christian@Str), eqmax, 2), ['0'])
# top-49, score: 1.38, answer: ['Other non-Christian']
  # tprog: SelectCol(SelectRow0(SelectRow1(SelectRow1(@param0, !=, 2, Very/somewhat common@Str), ==, 0, Other non-Christian@Str), eqmax, 2), ['0'])
# top-50, score: 1.38, answer: ['Other non-Christian']
  # tprog: SelectCol(SelectRow0(SelectRow1(SelectRow1(@param0, !=, 3, Very/somewhat common@Str), ==, 0, Other non-Christian@Str), eqmax, 2), ['0'])
# top-51, score: 1.35, answer: ['Other non-Christian']
  # tprog: SelectCol(SelectRow0(SelectRow1(@param0, ==, 0, Other non-Christian@Str), eqmax, 2), ['0'])
# top-52, score: 1.34, answer: ['Other non-Christian']
  # tprog: SelectCol(SelectRow1(SelectRow1(@param0, ==, 0, Other non-Christian@Str), ==, 1, Very/somewhat common@Str), ['0'])
# top-53, score: 1.34, answer: ['Other non-Christian']
  # tprog: SelectCol(SelectRow1(SelectRow1(@param0, ==, 0, Other non-Christian@Str), !=, 1, Very/somewhat common@Str), ['0'])
# top-54, score: 1.34, answer: ['Other non-Christian']
  # tprog: SelectCol(SelectRow1(SelectRow1(@param0, ==, 1, Very/somewhat common@Str), ==, 0, Other non-Christian@Str), ['0'])
# top-55, score: 1.34, answer: ['Other non-Christian']
  # tprog: SelectCol(SelectRow1(SelectRow1(@param0, !=, 1, Very/somewhat common@Str), ==, 0, Other non-Christian@Str), ['0'])
# top-56, score: 1.32, answer: ['Other non-Christian']
  # tprog: SelectCol(SelectRow0(SelectRow1(SelectRow1(@param0, ==, 0, Other non-Christian@Str), ==, 0, Other non-Christian@Str), eqmax, 2), ['0'])
# top-57, score: 1.32, answer: ['Other non-Christian']
  # tprog: SelectCol(SelectRow0(SelectRow1(SelectRow1(@param0, ==, 0, Other non-Christian@Str), !=, 2, Other non-Christian@Str), eqmax, 2), ['0'])
# top-58, score: 1.32, answer: ['Other non-Christian']
  # tprog: SelectCol(SelectRow0(SelectRow1(SelectRow1(@param0, ==, 0, Other non-Christian@Str), !=, 3, Other non-Christian@Str), eqmax, 2), ['0'])
# top-59, score: 1.32, answer: ['Other non-Christian']
  # tprog: SelectCol(SelectRow0(SelectRow1(SelectRow1(@param0, !=, 2, Other non-Christian@Str), ==, 0, Other non-Christian@Str), eqmax, 2), ['0'])
# top-60, score: 1.32, answer: ['Other non-Christian']
  # tprog: SelectCol(SelectRow0(SelectRow1(SelectRow1(@param0, !=, 3, Other non-Christian@Str), ==, 0, Other non-Christian@Str), eqmax, 2), ['0'])
