# parsed arguments: Namespace(benchmark='Q2d890', dsl='meta_visqa', skeletons='visqa_normal', strategy='TaPas_C', fallback='auto', timeout=300, mode='optimal-only', expected_only=False)
# loading benchmark...
# table keywords: {'african', '48', '38', 'american', 'latino', 'white', 'color', 'blue', 'race', 'percent', '57'}
# input type: [dtype('O'), dtype('int64'), dtype('O')]
# input is:
               Race  Percent color
0             White       57  blue
1            Latino       48  blue
2  African American       38  blue
# query is: Is the value Latino marriage rate minus African American m.r. bigger than 10?
# expected output type:[dtype('O')]
# expected output is:
  ANSWER
0     No
# inferred DSL terminals:
  # ConstVal: ['African American@Str', 'Latino@Str', '<NULL>']
     # cmap: [('african', 'African American'), ('latino', 'Latino'), ('american', 'African American')]
  # AggrFunc: ['<NULL>']
     # amap: []
  # NumFunc: ['-', '<NULL>']
     # nmap: [('minus', '-')]
  # BoolFunc: ['==', '<NULL>']
     # bmap: [(None, '==')]
  # IndFunc: ['<NULL>']
     # imap: []
# ====> fallback strategy (comparison) is triggered
  # [debug] high_values: [(10, 6), (-10, 6)]
  # [debug] high_values (no dup.): [(10, 6), (-10, 6)]
  # [debug] filtered low_values (no dup.): [(19, 3), (-19, 3), (9, 2), (-9, 2)]
  # [debug] fallback (comparison) answers are added
# loading skeleton list...

# ========== candidate program report ========== #
# (t=0.00) i=0, candidate=[{'ANSWER': 'Latino'}]
  # found 4 program(s)
    # SelectCol(SelectRow1(SelectRow1(@param0, ==, 0, Latino@Str), ==, 0, Latino@Str), ['0'])
      --> ['SelectCol', ['SelectRow1', ['SelectRow1', 'input@0', '==', 'Race', 'Latino'], '==', 'Race', 'Latino'], ['Race']]
    # SelectCol(SelectRow1(SelectRow1(@param0, ==, 0, Latino@Str), ==, 0, Latino@Str), ['-1', '-2'])
      --> ['SelectCol', ['SelectRow1', ['SelectRow1', 'input@0', '==', 'Race', 'Latino'], '==', 'Race', 'Latino'], ['Race']]
    # SelectCol(SelectRow1(@param0, ==, 0, Latino@Str), ['0'])
      --> ['SelectCol', ['SelectRow1', 'input@0', '==', 'Race', 'Latino'], ['Race']]
    # SelectCol(SelectRow1(@param0, ==, 0, Latino@Str), ['-1', '-2'])
      --> ['SelectCol', ['SelectRow1', 'input@0', '==', 'Race', 'Latino'], ['Race']]
# (t=0.95) i=1, candidate=[{'ANSWER': 'African American'}]
  # found 4 program(s)
    # SelectCol(SelectRow1(SelectRow1(@param0, ==, 0, African American@Str), ==, 0, African American@Str), ['0'])
      --> ['SelectCol', ['SelectRow1', ['SelectRow1', 'input@0', '==', 'Race', 'African American'], '==', 'Race', 'African American'], ['Race']]
    # SelectCol(SelectRow1(SelectRow1(@param0, ==, 0, African American@Str), ==, 0, African American@Str), ['-1', '-2'])
      --> ['SelectCol', ['SelectRow1', ['SelectRow1', 'input@0', '==', 'Race', 'African American'], '==', 'Race', 'African American'], ['Race']]
    # SelectCol(SelectRow1(@param0, ==, 0, African American@Str), ['0'])
      --> ['SelectCol', ['SelectRow1', 'input@0', '==', 'Race', 'African American'], ['Race']]
    # SelectCol(SelectRow1(@param0, ==, 0, African American@Str), ['-1', '-2'])
      --> ['SelectCol', ['SelectRow1', 'input@0', '==', 'Race', 'African American'], ['Race']]
# (t=1.89) i=2, candidate=[{'ANSWER': 'White'}]
  # found 0 program(s)
# (t=2.83) i=3, candidate=[{'ANSWER': 10}]
  # found 1 program(s)
    # Contrast(@param0, -, 0, Latino@Str, African American@Str, 1)
      --> ['Contrast', 'input@0', '-', 'Race', 'Latino', 'African American', 'Percent']
# (t=3.77) i=4, candidate=[{'ANSWER': -10}]
  # found 1 program(s)
    # Contrast(@param0, -, 0, African American@Str, Latino@Str, 1)
      --> ['Contrast', 'input@0', '-', 'Race', 'African American', 'Latino', 'Percent']
# (t=4.72) i=5, candidate=[{'ANSWER': 19}]
  # found 0 program(s)
# (t=5.66) i=6, candidate=[{'ANSWER': -19}]
  # found 0 program(s)
# (t=6.61) i=7, candidate=[{'ANSWER': 9}]
  # found 0 program(s)
# (t=7.55) i=8, candidate=[{'ANSWER': -9}]
  # found 0 program(s)

# ========== review report ========== #
# top-1, score: 2.45, answer: [10]
  # tprog: Contrast(@param0, -, 0, Latino@Str, African American@Str, 1)
# top-2, score: 2.45, answer: [-10]
  # tprog: Contrast(@param0, -, 0, African American@Str, Latino@Str, 1)
# top-3, score: 2.30, answer: ['African American']
  # tprog: SelectCol(SelectRow1(@param0, ==, 0, African American@Str), ['0'])
# top-4, score: 2.30, answer: ['African American']
  # tprog: SelectCol(SelectRow1(@param0, ==, 0, African American@Str), ['-1', '-2'])
# top-5, score: 2.24, answer: ['African American']
  # tprog: SelectCol(SelectRow1(SelectRow1(@param0, ==, 0, African American@Str), ==, 0, African American@Str), ['0'])
# top-6, score: 2.24, answer: ['African American']
  # tprog: SelectCol(SelectRow1(SelectRow1(@param0, ==, 0, African American@Str), ==, 0, African American@Str), ['-1', '-2'])
# top-7, score: 2.22, answer: ['Latino']
  # tprog: SelectCol(SelectRow1(@param0, ==, 0, Latino@Str), ['0'])
# top-8, score: 2.22, answer: ['Latino']
  # tprog: SelectCol(SelectRow1(@param0, ==, 0, Latino@Str), ['-1', '-2'])
# top-9, score: 2.17, answer: ['Latino']
  # tprog: SelectCol(SelectRow1(SelectRow1(@param0, ==, 0, Latino@Str), ==, 0, Latino@Str), ['0'])
# top-10, score: 2.17, answer: ['Latino']
  # tprog: SelectCol(SelectRow1(SelectRow1(@param0, ==, 0, Latino@Str), ==, 0, Latino@Str), ['-1', '-2'])
