# parsed arguments: Namespace(benchmark='Q3f8ec', dsl='meta_visqa', skeletons='visqa_normal', strategy='TaPas_C', fallback='auto', timeout=300, mode='optimal-only', expected_only=False)
# loading benchmark...
# table keywords: {'30', 'blue', 'color', 'japanese', 'population', '57', 'indian', '33', 'public', 'chinese', 'americans', '15', 'percentage', '55', '39'}
# input type: [dtype('O'), dtype('int64'), dtype('O')]
# input is:
           population  percentage color
0    Indian Americans          55  blue
1       Indian public          30  blue
2   Chinese Americans          57  blue
3      Chinese public          39  blue
4  Japanese Americans          33  blue
5     Japanese public          15  blue
# query is: what is on the x-axis?
# expected output type:[dtype('O')]
# expected output is:
       ANSWER
0  percentage
# inferred DSL terminals:
  # ConstVal: ['<NULL>']
     # cmap: []
  # AggrFunc: ['<NULL>']
     # amap: []
  # NumFunc: ['<NULL>']
     # nmap: []
  # BoolFunc: ['==', '<NULL>']
     # bmap: [(None, '==')]
  # IndFunc: ['<NULL>']
     # imap: []
# loading skeleton list...

# ========== candidate program report ========== #
# (t=0.00) i=0, candidate=[{'ANSWER': 1}]
  # found 0 program(s)
# ====> fallback strategy (retrieval) is triggered because no explanation is found so far
# ====> retrieval_values: [15, 30, 33, 39, 55, 57, 'Chinese Americans', 'Chinese public', 'Indian Americans', 'Indian public', 'Japanese Americans', 'Japanese public', 'blue', 'color', 'percentage', 'population']
# (t=0.07) fallback i=0, candidate=[{'ANSWER': 15}]
  # found 0 program(s)
# (t=0.14) fallback i=1, candidate=[{'ANSWER': 30}]
  # found 0 program(s)
# (t=0.21) fallback i=2, candidate=[{'ANSWER': 33}]
  # found 0 program(s)
# (t=0.28) fallback i=3, candidate=[{'ANSWER': 39}]
  # found 0 program(s)
# (t=0.35) fallback i=4, candidate=[{'ANSWER': 55}]
  # found 0 program(s)
# (t=0.42) fallback i=5, candidate=[{'ANSWER': 57}]
  # found 0 program(s)
# (t=0.49) fallback i=6, candidate=[{'ANSWER': 'Chinese Americans'}]
  # found 0 program(s)
# (t=0.56) fallback i=7, candidate=[{'ANSWER': 'Chinese public'}]
  # found 0 program(s)
# (t=0.63) fallback i=8, candidate=[{'ANSWER': 'Indian Americans'}]
  # found 0 program(s)
# (t=0.70) fallback i=9, candidate=[{'ANSWER': 'Indian public'}]
  # found 0 program(s)
# (t=0.77) fallback i=10, candidate=[{'ANSWER': 'Japanese Americans'}]
  # found 0 program(s)
# (t=0.84) fallback i=11, candidate=[{'ANSWER': 'Japanese public'}]
  # found 0 program(s)
# (t=0.91) fallback i=12, candidate=[{'ANSWER': 'blue'}]
  # found 0 program(s)
# (t=0.98) fallback i=13, candidate=[{'ANSWER': 'color'}]
  # found 0 program(s)
# (t=1.04) fallback i=14, candidate=[{'ANSWER': 'percentage'}]
  # found 0 program(s)
# (t=1.11) fallback i=15, candidate=[{'ANSWER': 'population'}]
  # found 0 program(s)
# ====> fallback strategy (original) is triggered
# ====> use the original TaPas output as answer, which is: [1]

# ========== review report ========== #
