# parsed arguments: Namespace(benchmark='Q42ccc', dsl='meta_visqa', skeletons='visqa_normal', strategy='TaPas_C', fallback='auto', timeout=300, mode='optimal-only', expected_only=False)
# loading benchmark...
# table keywords: {'peatland', '73.39999', '51.63334', 'university', '54.66667', '48.76667', '84.59999', '34.93333', '60.93333', '69.70001', '66.7', 'glabron', '79.86666', '79.09999', '66.83333', '87.63333', '85.76667', 'yield', '38', '44.83334', '72.9', '113.0666', '47.93333', 'svansota', '50.6', '55.13334', '51.53334', 'sum', '53.9', '63.9', '88.03334', '457', 'variety', '55.53334', 'morris', 'red', '56.3', '60.43333', '62.16667', '77.36667', '61.8', '77.3', 'crookston', 'grand', 'no.', '76.63334', '50.4', '46.3', 'waseca', '85.83333', 'teal', '76.23333', 'velvet', '100.3', '82.33334', 'color', '61.1', 'duluth', '92.93333', 'green', '55.1', '62.56667', '80.0', '55.26666', 'manchuria', 'rapids', '462', 'trebi', '63.36667', '43.56666', '88.76666', 'wisconsin', '475', '60.83334', '65.63333', '73.06667', 'orange', 'farm', 'yellow', '110.4667', '72.23334', '116.96667', 'blue', '61.46667', '60.8', '64.3', '64.53333', '90.4', '64.96666', 'site'}
# input type: [dtype('O'), dtype('O'), dtype('float64'), dtype('O')]
# input is:
             variety             site  Sum of yield   color
0          Manchuria  University Farm      53.90000   green
1          Manchuria           Waseca      82.33334  yellow
2          Manchuria           Morris      61.80000    teal
3          Manchuria        Crookston      72.90000    blue
4          Manchuria     Grand Rapids      55.10000     red
5          Manchuria           Duluth      51.53334  orange
6            Glabron  University Farm      79.86666   green
7            Glabron           Waseca      92.93333  yellow
8            Glabron           Morris      63.90000    teal
9            Glabron        Crookston      64.30000    blue
10           Glabron     Grand Rapids      43.56666     red
11           Glabron           Duluth      55.53334  orange
12          Svansota  University Farm      62.56667   green
13          Svansota           Waseca      85.83333  yellow
14          Svansota           Morris      60.80000    teal
15          Svansota        Crookston      61.10000    blue
16          Svansota     Grand Rapids      46.30000     red
17          Svansota           Duluth      47.93333  orange
18            Velvet  University Farm      66.70000   green
19            Velvet           Waseca      87.63333  yellow
20            Velvet           Morris      64.96666    teal
21            Velvet        Crookston      73.39999    blue
22            Velvet     Grand Rapids      55.26666     red
23            Velvet           Duluth      48.76667  orange
24             Trebi  University Farm      65.63333   green
25             Trebi           Waseca     113.06660  yellow
26             Trebi           Morris      90.40000    teal
27             Trebi        Crookston      88.76666    blue
28             Trebi     Grand Rapids      50.40000     red
29             Trebi           Duluth      64.53333  orange
30           No. 457  University Farm      69.70001   green
31           No. 457           Waseca     100.30000  yellow
32           No. 457           Morris      72.23334    teal
33           No. 457        Crookston      80.00000    blue
34           No. 457     Grand Rapids      51.63334     red
35           No. 457           Duluth      56.30000  orange
36           No. 462  University Farm      62.16667   green
37           No. 462           Waseca     110.46670  yellow
38           No. 462           Morris      77.36667    teal
39           No. 462        Crookston      79.09999    blue
40           No. 462     Grand Rapids      44.83334     red
41           No. 462           Duluth      50.60000  orange
42          Peatland  University Farm      60.83334   green
43          Peatland           Waseca      84.59999  yellow
44          Peatland           Morris      73.06667    teal
45          Peatland        Crookston      66.83333    blue
46          Peatland     Grand Rapids      61.46667     red
47          Peatland           Duluth      63.36667  orange
48           No. 475  University Farm      54.66667   green
49           No. 475           Waseca      88.03334  yellow
50           No. 475           Morris      66.83333    teal
51           No. 475        Crookston      76.23333    blue
52           No. 475     Grand Rapids      34.93333     red
53           No. 475           Duluth      60.43333  orange
54  Wisconsin No. 38  University Farm      77.30000   green
55  Wisconsin No. 38           Waseca     116.96667  yellow
56  Wisconsin No. 38           Morris      76.63334    teal
57  Wisconsin No. 38        Crookston      85.76667    blue
58  Wisconsin No. 38     Grand Rapids      55.13334     red
59  Wisconsin No. 38           Duluth      60.93333  orange
# query is: How much more glabron was produced at Waseca when compared to University Farm?
# expected output type:[dtype('float64')]
# expected output is:
     ANSWER
0  13.06667
# inferred DSL terminals:
  # ConstVal: ['Glabron@Str', 'University Farm@Str', 'Waseca@Str', '<NULL>']
     # cmap: [('waseca', 'Waseca'), ('farm', 'University Farm'), ('university', 'University Farm'), ('glabron', 'Glabron')]
  # AggrFunc: ['<NULL>']
     # amap: []
  # NumFunc: ['-', '<NULL>']
     # nmap: [('more', '-')]
  # BoolFunc: ['==', '>', '>=', '<NULL>']
     # bmap: [('more', '>'), (None, '=='), ('more', '>=')]
  # IndFunc: ['<NULL>']
     # imap: []
# ====> fallback strategy (comparison) is triggered
  # [debug] high_values: [(25.966659999999997, 12), (25.199989999999993, 12), (19.033319999999996, 12), (17.699989999999993, 12), (17.299989999999994, 12), (14.233329999999995, 12), (13.166659999999993, 12), (13.066670000000002, 12), (10.16664999999999, 12), (2.566659999999999, 12)]
  # [debug] high_values (no dup.): [(25.966659999999997, 12), (25.199989999999993, 12), (19.033319999999996, 12), (17.699989999999993, 12), (17.299989999999994, 12), (14.233329999999995, 12), (13.166659999999993, 12), (13.066670000000002, 12), (10.16664999999999, 12), (2.566659999999999, 12)]
  # [debug] filtered low_values (no dup.): [(44.93333, 4), (35.033319999999996, 4), (33.56666, 4), (31.933329999999998, 4), (31.09999, 4), (29.466659999999997, 4), (29.266659999999995, 4), (28.333319999999993, 4), (28.23332, 4), (24.766659999999995, 4)]
  # [debug] fallback (comparison) answers are added
# loading skeleton list...

# ========== candidate program report ========== #
# (t=0.00) i=0, candidate=[{'ANSWER': 79.86666}]
  # found 2 program(s)
    # SelectCol(SelectRow1(SelectRow1(@param0, ==, 0, Glabron@Str), ==, 1, University Farm@Str), ['2'])
      --> ['SelectCol', ['SelectRow1', ['SelectRow1', 'input@0', '==', 'variety', 'Glabron'], '==', 'site', 'University Farm'], ['Sum of yield']]
    # SelectCol(SelectRow1(SelectRow1(@param0, ==, 1, University Farm@Str), ==, 0, Glabron@Str), ['2'])
      --> ['SelectCol', ['SelectRow1', ['SelectRow1', 'input@0', '==', 'site', 'University Farm'], '==', 'variety', 'Glabron'], ['Sum of yield']]
# (t=5.79) i=1, candidate=[{'ANSWER': 53.9}]
  # found 0 program(s)
# (t=11.84) i=2, candidate=[{'ANSWER': 92.93333}]
  # found 2 program(s)
    # SelectCol(SelectRow1(SelectRow1(@param0, ==, 0, Glabron@Str), ==, 1, Waseca@Str), ['2'])
      --> ['SelectCol', ['SelectRow1', ['SelectRow1', 'input@0', '==', 'variety', 'Glabron'], '==', 'site', 'Waseca'], ['Sum of yield']]
    # SelectCol(SelectRow1(SelectRow1(@param0, ==, 1, Waseca@Str), ==, 0, Glabron@Str), ['2'])
      --> ['SelectCol', ['SelectRow1', ['SelectRow1', 'input@0', '==', 'site', 'Waseca'], '==', 'variety', 'Glabron'], ['Sum of yield']]
# (t=17.59) i=3, candidate=[{'ANSWER': 84.59999}]
  # found 0 program(s)
# (t=23.35) i=4, candidate=[{'ANSWER': 62.16667}]
  # found 0 program(s)
# (t=29.48) i=5, candidate=[{'ANSWER': 65.63333}]
  # found 0 program(s)
# (t=35.28) i=6, candidate=[{'ANSWER': 55.53334}]
  # found 0 program(s)
# (t=41.04) i=7, candidate=[{'ANSWER': 64.3}]
  # found 0 program(s)
# (t=47.14) i=8, candidate=[{'ANSWER': 62.56667}]
  # found 0 program(s)
# (t=52.87) i=9, candidate=[{'ANSWER': 69.70001}]
  # found 0 program(s)
# (t=58.93) i=10, candidate=[{'ANSWER': 82.33334}]
  # found 0 program(s)
# (t=64.69) i=11, candidate=[{'ANSWER': 113.0666}]
  # found 0 program(s)
# (t=70.80) i=12, candidate=[{'ANSWER': 63.9}]
  # found 0 program(s)
# (t=76.58) i=13, candidate=[{'ANSWER': 60.83334}]
  # found 0 program(s)
# (t=82.31) i=14, candidate=[{'ANSWER': 85.83333}]
  # found 0 program(s)
# (t=88.43) i=15, candidate=[{'ANSWER': 66.7}]
  # found 0 program(s)
# (t=94.25) i=16, candidate=[{'ANSWER': 43.56666}]
  # found 0 program(s)
# (t=100.00) i=17, candidate=[{'ANSWER': 110.4667}]
  # found 0 program(s)
# (t=106.12) i=18, candidate=[{'ANSWER': 100.3}]
  # found 0 program(s)
# (t=111.87) i=19, candidate=[{'ANSWER': 87.63333}]
  # found 0 program(s)
# (t=117.95) i=20, candidate=[{'ANSWER': 55.13334}]
  # found 0 program(s)
# (t=123.73) i=21, candidate=[{'ANSWER': 66.83333}]
  # found 0 program(s)
# (t=129.84) i=22, candidate=[{'ANSWER': 51.63334}]
  # found 0 program(s)
# (t=135.59) i=23, candidate=[{'ANSWER': 116.96667}]
  # found 0 program(s)
# (t=141.31) i=24, candidate=[{'ANSWER': 88.03334}]
  # found 0 program(s)
# (t=147.41) i=25, candidate=[{'ANSWER': 79.09999}]
  # found 0 program(s)
# (t=153.15) i=26, candidate=[{'ANSWER': 60.43333}]
  # found 0 program(s)
# (t=158.93) i=27, candidate=[{'ANSWER': 72.9}]
  # found 0 program(s)
# (t=165.03) i=28, candidate=[{'ANSWER': 54.66667}]
  # found 0 program(s)
# (t=170.78) i=29, candidate=[{'ANSWER': 85.76667}]
  # found 0 program(s)
# (t=176.83) i=30, candidate=[{'ANSWER': 25.966659999999997}]
  # found 0 program(s)
# (t=182.59) i=31, candidate=[{'ANSWER': 25.199989999999993}]
  # found 0 program(s)
# (t=188.67) i=32, candidate=[{'ANSWER': 19.033319999999996}]
  # found 0 program(s)
# (t=194.43) i=33, candidate=[{'ANSWER': 17.699989999999993}]
  # found 0 program(s)
# (t=200.19) i=34, candidate=[{'ANSWER': 17.299989999999994}]
  # found 0 program(s)
# (t=206.31) i=35, candidate=[{'ANSWER': 14.233329999999995}]
  # found 0 program(s)
# (t=212.05) i=36, candidate=[{'ANSWER': 13.166659999999993}]
  # found 0 program(s)
# (t=217.79) i=37, candidate=[{'ANSWER': 13.066670000000002}]
  # found 1 program(s)
    # Contrast(SelectRow1(@param0, ==, 0, Glabron@Str), -, 1, Waseca@Str, University Farm@Str, 2)
      --> ['Contrast', ['SelectRow1', 'input@0', '==', 'variety', 'Glabron'], '-', 'site', 'Waseca', 'University Farm', 'Sum of yield']
# (t=223.90) i=38, candidate=[{'ANSWER': 10.16664999999999}]
  # found 0 program(s)
# (t=229.65) i=39, candidate=[{'ANSWER': 2.566659999999999}]
  # found 0 program(s)
# (t=235.70) i=40, candidate=[{'ANSWER': 44.93333}]
  # found 0 program(s)
# (t=241.44) i=41, candidate=[{'ANSWER': 35.033319999999996}]
  # found 0 program(s)
# (t=247.56) i=42, candidate=[{'ANSWER': 33.56666}]
  # found 0 program(s)
# (t=253.34) i=43, candidate=[{'ANSWER': 31.933329999999998}]
  # found 0 program(s)
# (t=259.08) i=44, candidate=[{'ANSWER': 31.09999}]
  # found 0 program(s)
# (t=265.21) i=45, candidate=[{'ANSWER': 29.466659999999997}]
  # found 0 program(s)
# (t=271.01) i=46, candidate=[{'ANSWER': 29.266659999999995}]
  # found 0 program(s)
# (t=276.82) i=47, candidate=[{'ANSWER': 28.333319999999993}]
  # found 0 program(s)
# (t=282.97) i=48, candidate=[{'ANSWER': 28.23332}]
  # found 0 program(s)
# (t=288.75) i=49, candidate=[{'ANSWER': 24.766659999999995}]
  # found 0 program(s)

# ========== review report ========== #
# top-1, score: 2.48, answer: [13.066670000000002]
  # tprog: Contrast(SelectRow1(@param0, ==, 0, Glabron@Str), -, 1, Waseca@Str, University Farm@Str, 2)
# top-2, score: 2.32, answer: [79.86666]
  # tprog: SelectCol(SelectRow1(SelectRow1(@param0, ==, 0, Glabron@Str), ==, 1, University Farm@Str), ['2'])
# top-3, score: 2.32, answer: [79.86666]
  # tprog: SelectCol(SelectRow1(SelectRow1(@param0, ==, 1, University Farm@Str), ==, 0, Glabron@Str), ['2'])
# top-4, score: 2.24, answer: [92.93333]
  # tprog: SelectCol(SelectRow1(SelectRow1(@param0, ==, 0, Glabron@Str), ==, 1, Waseca@Str), ['2'])
# top-5, score: 2.24, answer: [92.93333]
  # tprog: SelectCol(SelectRow1(SelectRow1(@param0, ==, 1, Waseca@Str), ==, 0, Glabron@Str), ['2'])
