# parsed arguments: Namespace(benchmark='Q4ad17', dsl='meta_visqa', skeletons='visqa_normal', strategy='TaPas_C', fallback='auto', timeout=300, mode='optimal-only', expected_only=False)
# loading benchmark...
# table keywords: {'catholics', '61', '43', 'protestants', '81', 'religion', 'mormons', 'all', '24', '19', '93', 'percentage', 'hindus', 'orthodox', '39', 'other', 'muslims', '14', 'response', '8', 'orange', '79', 'very/somewhat', '86', 'native', 'color', 'spirituality', '83', '94', '92', '6', 'common', 'christian', '17', '7', 'buddhists', 'blue', 'jews', 'non-christian', '57', 'too/not', 'unaffiliated', '76', 'am.', 'not', '21', 'at', 'pagan/earth-based'}
# input type: [dtype('O'), dtype('O'), dtype('int64'), dtype('O')]
# input is:
                   Religion                   response  percentage   color
0                   Muslims       Very/somewhat common          57  orange
1                   Muslims  Not too/not at all common          43    blue
2         Pagan/earth-based       Very/somewhat common          39  orange
3         Pagan/earth-based  Not too/not at all common          61    blue
4               Protestants       Very/somewhat common          24  orange
5               Protestants  Not too/not at all common          76    blue
6       Other non-Christian       Very/somewhat common          21  orange
7       Other non-Christian  Not too/not at all common          79    blue
8   Native Am. spirituality       Very/somewhat common          19  orange
9   Native Am. spirituality  Not too/not at all common          81    blue
10                     Jews       Very/somewhat common          17  orange
11                     Jews  Not too/not at all common          83    blue
12             Unaffiliated       Very/somewhat common          14  orange
13             Unaffiliated  Not too/not at all common          86    blue
14                Catholics       Very/somewhat common           8  orange
15                Catholics  Not too/not at all common          92    blue
16                  Mormons       Very/somewhat common           8  orange
17                  Mormons  Not too/not at all common          92    blue
18       Orthodox Christian       Very/somewhat common           6  orange
19       Orthodox Christian  Not too/not at all common          94    blue
20                Buddhists       Very/somewhat common           7  orange
21                Buddhists  Not too/not at all common          93    blue
22                   Hindus       Very/somewhat common           6  orange
23                   Hindus  Not too/not at all common          94    blue
# query is: Which religious has the most percentage of religious extremism?
# expected output type:[dtype('O')]
# expected output is:
    ANSWER
0  Muslims
# inferred DSL terminals:
  # ConstVal: ['percentage@Str', '<NULL>']
     # cmap: [('percentage', 'percentage')]
  # AggrFunc: ['max', '<NULL>']
     # amap: [('most', 'max')]
  # NumFunc: ['<NULL>']
     # nmap: []
  # BoolFunc: ['==', '<NULL>']
     # bmap: [(None, '==')]
  # IndFunc: ['eqmax', '<NULL>']
     # imap: [('most', 'eqmax')]
# loading skeleton list...

# ========== candidate program report ========== #
# (t=0.00) i=0, candidate=[{'ANSWER': 'Hindus'}]
  # found 0 program(s)
# (t=0.80) i=1, candidate=[{'ANSWER': 'Orthodox Christian'}]
  # found 0 program(s)
# (t=1.59) i=2, candidate=[{'ANSWER': 'Buddhists'}]
  # found 0 program(s)
# (t=2.37) i=3, candidate=[{'ANSWER': 'Muslims'}]
  # found 0 program(s)
# (t=3.16) i=4, candidate=[{'ANSWER': 'Mormons'}]
  # found 0 program(s)
# (t=3.95) i=5, candidate=[{'ANSWER': 'Catholics'}]
  # found 0 program(s)
# (t=4.75) i=6, candidate=[{'ANSWER': 'Unaffiliated'}]
  # found 0 program(s)
# (t=5.54) i=7, candidate=[{'ANSWER': 'Pagan/earth-based'}]
  # found 0 program(s)
# (t=6.33) i=8, candidate=[{'ANSWER': 'Native Am. spirituality'}]
  # found 0 program(s)
# (t=7.13) i=9, candidate=[{'ANSWER': 'Jews'}]
  # found 0 program(s)
# ====> fallback strategy (retrieval) is triggered because no explanation is found so far
# ====> retrieval_values: [14, 17, 19, 21, 24, 39, 43, 57, 6, 61, 7, 76, 79, 8, 81, 83, 86, 92, 93, 94, 'Buddhists', 'Catholics', 'Hindus', 'Jews', 'Mormons', 'Muslims', 'Native Am. spirituality', 'Not too/not at all common', 'Orthodox Christian', 'Other non-Christian', 'Pagan/earth-based', 'Protestants', 'Religion', 'Unaffiliated', 'Very/somewhat common', 'blue', 'color', 'orange', 'percentage', 'response']
# (t=8.18) fallback i=0, candidate=[{'ANSWER': 14}]
  # found 0 program(s)
# (t=8.97) fallback i=1, candidate=[{'ANSWER': 17}]
  # found 0 program(s)
# (t=9.76) fallback i=2, candidate=[{'ANSWER': 19}]
  # found 0 program(s)
# (t=10.55) fallback i=3, candidate=[{'ANSWER': 21}]
  # found 0 program(s)
# (t=11.35) fallback i=4, candidate=[{'ANSWER': 24}]
  # found 0 program(s)
# (t=12.13) fallback i=5, candidate=[{'ANSWER': 39}]
  # found 0 program(s)
# (t=12.91) fallback i=6, candidate=[{'ANSWER': 43}]
  # found 0 program(s)
# (t=13.70) fallback i=7, candidate=[{'ANSWER': 57}]
  # found 0 program(s)
# (t=14.50) fallback i=8, candidate=[{'ANSWER': 6}]
  # found 0 program(s)
# (t=15.29) fallback i=9, candidate=[{'ANSWER': 61}]
  # found 0 program(s)
# (t=16.09) fallback i=10, candidate=[{'ANSWER': 7}]
  # found 0 program(s)
# (t=16.88) fallback i=11, candidate=[{'ANSWER': 76}]
  # found 0 program(s)
# (t=17.99) fallback i=12, candidate=[{'ANSWER': 79}]
  # found 0 program(s)
# (t=18.79) fallback i=13, candidate=[{'ANSWER': 8}]
  # found 0 program(s)
# (t=19.58) fallback i=14, candidate=[{'ANSWER': 81}]
  # found 0 program(s)
# (t=20.37) fallback i=15, candidate=[{'ANSWER': 83}]
  # found 0 program(s)
# (t=21.16) fallback i=16, candidate=[{'ANSWER': 86}]
  # found 0 program(s)
# (t=21.95) fallback i=17, candidate=[{'ANSWER': 92}]
  # found 0 program(s)
# (t=22.73) fallback i=18, candidate=[{'ANSWER': 93}]
  # found 0 program(s)
# (t=23.51) fallback i=19, candidate=[{'ANSWER': 94}]
  # found 31 program(s)
    # SelectCol(SelectRow0(GroupSum(@param0, ['1'], max, 2), eqmax, 1), ['1'])
      --> ['SelectCol', ['SelectRow0', ['GroupSum', 'input@0', ['response'], 'max', 'percentage'], 'eqmax', 'COL0'], ['COL0']]
    # SelectCol(SelectRow0(GroupSum(@param0, ['1'], max, 2), eqmax, 1), ['-99'])
      --> ['SelectCol', ['SelectRow0', ['GroupSum', 'input@0', ['response'], 'max', 'percentage'], 'eqmax', 'COL0'], ['COL0']]
    # SelectCol(SelectRow0(GroupSum(@param0, ['2'], max, 2), eqmax, 0), ['0'])
      --> ['SelectCol', ['SelectRow0', ['GroupSum', 'input@0', ['percentage'], 'max', 'percentage'], 'eqmax', 'percentage'], ['percentage']]
    # SelectCol(SelectRow0(GroupSum(@param0, ['2'], max, 2), eqmax, 0), ['1'])
      --> ['SelectCol', ['SelectRow0', ['GroupSum', 'input@0', ['percentage'], 'max', 'percentage'], 'eqmax', 'percentage'], ['COL0']]
    # SelectCol(SelectRow0(GroupSum(@param0, ['2'], max, 2), eqmax, 0), ['-99'])
      --> ['SelectCol', ['SelectRow0', ['GroupSum', 'input@0', ['percentage'], 'max', 'percentage'], 'eqmax', 'percentage'], ['COL0']]
    # SelectCol(SelectRow0(GroupSum(@param0, ['2'], max, 2), eqmax, 0), ['-1'])
      --> ['SelectCol', ['SelectRow0', ['GroupSum', 'input@0', ['percentage'], 'max', 'percentage'], 'eqmax', 'percentage'], ['percentage']]
    # SelectCol(SelectRow0(GroupSum(@param0, ['2'], max, 2), eqmax, 1), ['0'])
      --> ['SelectCol', ['SelectRow0', ['GroupSum', 'input@0', ['percentage'], 'max', 'percentage'], 'eqmax', 'COL0'], ['percentage']]
    # SelectCol(SelectRow0(GroupSum(@param0, ['2'], max, 2), eqmax, 1), ['1'])
      --> ['SelectCol', ['SelectRow0', ['GroupSum', 'input@0', ['percentage'], 'max', 'percentage'], 'eqmax', 'COL0'], ['COL0']]
    # SelectCol(SelectRow0(GroupSum(@param0, ['2'], max, 2), eqmax, 1), ['-99'])
      --> ['SelectCol', ['SelectRow0', ['GroupSum', 'input@0', ['percentage'], 'max', 'percentage'], 'eqmax', 'COL0'], ['COL0']]
    # SelectCol(SelectRow0(GroupSum(@param0, ['2'], max, 2), eqmax, 1), ['-1'])
      --> ['SelectCol', ['SelectRow0', ['GroupSum', 'input@0', ['percentage'], 'max', 'percentage'], 'eqmax', 'COL0'], ['percentage']]
    # SelectCol(SelectRow0(GroupSum(@param0, ['3'], max, 2), eqmax, 1), ['1'])
      --> ['SelectCol', ['SelectRow0', ['GroupSum', 'input@0', ['color'], 'max', 'percentage'], 'eqmax', 'COL0'], ['COL0']]
    # SelectCol(SelectRow0(GroupSum(@param0, ['3'], max, 2), eqmax, 1), ['-99'])
      --> ['SelectCol', ['SelectRow0', ['GroupSum', 'input@0', ['color'], 'max', 'percentage'], 'eqmax', 'COL0'], ['COL0']]
    # SelectCol(SelectRow0(GroupSum(@param0, ['1', '2'], max, 2), eqmax, 1), ['1'])
      --> ['SelectCol', ['SelectRow0', ['GroupSum', 'input@0', ['response', 'percentage'], 'max', 'percentage'], 'eqmax', 'percentage'], ['percentage']]
    # SelectCol(SelectRow0(GroupSum(@param0, ['1', '2'], max, 2), eqmax, 1), ['2'])
      --> ['SelectCol', ['SelectRow0', ['GroupSum', 'input@0', ['response', 'percentage'], 'max', 'percentage'], 'eqmax', 'percentage'], ['COL0']]
    # SelectCol(SelectRow0(GroupSum(@param0, ['1', '2'], max, 2), eqmax, 1), ['-99', '-1'])
      --> ['SelectCol', ['SelectRow0', ['GroupSum', 'input@0', ['response', 'percentage'], 'max', 'percentage'], 'eqmax', 'percentage'], ['COL0']]
    # SelectCol(SelectRow0(GroupSum(@param0, ['1', '2'], max, 2), eqmax, 1), ['-99', '-2'])
      --> ['SelectCol', ['SelectRow0', ['GroupSum', 'input@0', ['response', 'percentage'], 'max', 'percentage'], 'eqmax', 'percentage'], ['percentage']]
    # SelectCol(SelectRow0(GroupSum(@param0, ['1', '2'], max, 2), eqmax, 2), ['1'])
      --> ['SelectCol', ['SelectRow0', ['GroupSum', 'input@0', ['response', 'percentage'], 'max', 'percentage'], 'eqmax', 'COL0'], ['percentage']]
    # SelectCol(SelectRow0(GroupSum(@param0, ['1', '2'], max, 2), eqmax, 2), ['2'])
      --> ['SelectCol', ['SelectRow0', ['GroupSum', 'input@0', ['response', 'percentage'], 'max', 'percentage'], 'eqmax', 'COL0'], ['COL0']]
    # SelectCol(SelectRow0(GroupSum(@param0, ['1', '2'], max, 2), eqmax, 2), ['-99', '-1'])
      --> ['SelectCol', ['SelectRow0', ['GroupSum', 'input@0', ['response', 'percentage'], 'max', 'percentage'], 'eqmax', 'COL0'], ['COL0']]
    # SelectCol(SelectRow0(GroupSum(@param0, ['1', '2'], max, 2), eqmax, 2), ['-99', '-2'])
      --> ['SelectCol', ['SelectRow0', ['GroupSum', 'input@0', ['response', 'percentage'], 'max', 'percentage'], 'eqmax', 'COL0'], ['percentage']]
    # SelectCol(SelectRow0(GroupSum(@param0, ['1', '3'], max, 2), eqmax, 2), ['2'])
      --> ['SelectCol', ['SelectRow0', ['GroupSum', 'input@0', ['response', 'color'], 'max', 'percentage'], 'eqmax', 'COL0'], ['COL0']]
    # SelectCol(SelectRow0(GroupSum(@param0, ['1', '3'], max, 2), eqmax, 2), ['-99', '-1'])
      --> ['SelectCol', ['SelectRow0', ['GroupSum', 'input@0', ['response', 'color'], 'max', 'percentage'], 'eqmax', 'COL0'], ['COL0']]
    # SelectCol(SelectRow0(GroupSum(@param0, ['2', '3'], max, 2), eqmax, 0), ['0'])
      --> ['SelectCol', ['SelectRow0', ['GroupSum', 'input@0', ['percentage', 'color'], 'max', 'percentage'], 'eqmax', 'percentage'], ['percentage']]
    # SelectCol(SelectRow0(GroupSum(@param0, ['2', '3'], max, 2), eqmax, 0), ['2'])
      --> ['SelectCol', ['SelectRow0', ['GroupSum', 'input@0', ['percentage', 'color'], 'max', 'percentage'], 'eqmax', 'percentage'], ['COL0']]
    # SelectCol(SelectRow0(GroupSum(@param0, ['2', '3'], max, 2), eqmax, 0), ['-99', '-1'])
      --> ['SelectCol', ['SelectRow0', ['GroupSum', 'input@0', ['percentage', 'color'], 'max', 'percentage'], 'eqmax', 'percentage'], ['COL0']]
    # SelectCol(SelectRow0(GroupSum(@param0, ['2', '3'], max, 2), eqmax, 0), ['-1', '-2'])
      --> ['SelectCol', ['SelectRow0', ['GroupSum', 'input@0', ['percentage', 'color'], 'max', 'percentage'], 'eqmax', 'percentage'], ['percentage']]
    # SelectCol(SelectRow0(GroupSum(@param0, ['2', '3'], max, 2), eqmax, 2), ['0'])
      --> ['SelectCol', ['SelectRow0', ['GroupSum', 'input@0', ['percentage', 'color'], 'max', 'percentage'], 'eqmax', 'COL0'], ['percentage']]
    # SelectCol(SelectRow0(GroupSum(@param0, ['2', '3'], max, 2), eqmax, 2), ['2'])
      --> ['SelectCol', ['SelectRow0', ['GroupSum', 'input@0', ['percentage', 'color'], 'max', 'percentage'], 'eqmax', 'COL0'], ['COL0']]
    # SelectCol(SelectRow0(GroupSum(@param0, ['2', '3'], max, 2), eqmax, 2), ['-99', '-1'])
      --> ['SelectCol', ['SelectRow0', ['GroupSum', 'input@0', ['percentage', 'color'], 'max', 'percentage'], 'eqmax', 'COL0'], ['COL0']]
    # SelectCol(SelectRow0(GroupSum(@param0, ['2', '3'], max, 2), eqmax, 2), ['-1', '-2'])
      --> ['SelectCol', ['SelectRow0', ['GroupSum', 'input@0', ['percentage', 'color'], 'max', 'percentage'], 'eqmax', 'COL0'], ['percentage']]
    # Summarize(@param0, max, 2)
      --> ['Summarize', 'input@0', 'max', 'percentage']
# (t=24.38) fallback i=20, candidate=[{'ANSWER': 'Buddhists'}]
  # found 0 program(s)
# (t=25.17) fallback i=21, candidate=[{'ANSWER': 'Catholics'}]
  # found 0 program(s)
# (t=25.95) fallback i=22, candidate=[{'ANSWER': 'Hindus'}]
  # found 0 program(s)
# (t=26.73) fallback i=23, candidate=[{'ANSWER': 'Jews'}]
  # found 0 program(s)
# (t=27.82) fallback i=24, candidate=[{'ANSWER': 'Mormons'}]
  # found 0 program(s)
# (t=28.61) fallback i=25, candidate=[{'ANSWER': 'Muslims'}]
  # found 0 program(s)
# (t=29.40) fallback i=26, candidate=[{'ANSWER': 'Native Am. spirituality'}]
  # found 0 program(s)
# (t=30.19) fallback i=27, candidate=[{'ANSWER': 'Not too/not at all common'}]
  # found 8 program(s)
    # SelectCol(SelectRow0(GroupSum(@param0, ['1'], max, 2), eqmax, 1), ['0'])
      --> ['SelectCol', ['SelectRow0', ['GroupSum', 'input@0', ['response'], 'max', 'percentage'], 'eqmax', 'COL0'], ['response']]
    # SelectCol(SelectRow0(GroupSum(@param0, ['1'], max, 2), eqmax, 1), ['-1'])
      --> ['SelectCol', ['SelectRow0', ['GroupSum', 'input@0', ['response'], 'max', 'percentage'], 'eqmax', 'COL0'], ['response']]
    # SelectCol(SelectRow0(GroupSum(@param0, ['1', '2'], max, 2), eqmax, 1), ['0'])
      --> ['SelectCol', ['SelectRow0', ['GroupSum', 'input@0', ['response', 'percentage'], 'max', 'percentage'], 'eqmax', 'percentage'], ['response']]
    # SelectCol(SelectRow0(GroupSum(@param0, ['1', '2'], max, 2), eqmax, 1), ['-1', '-2'])
      --> ['SelectCol', ['SelectRow0', ['GroupSum', 'input@0', ['response', 'percentage'], 'max', 'percentage'], 'eqmax', 'percentage'], ['response']]
    # SelectCol(SelectRow0(GroupSum(@param0, ['1', '2'], max, 2), eqmax, 2), ['0'])
      --> ['SelectCol', ['SelectRow0', ['GroupSum', 'input@0', ['response', 'percentage'], 'max', 'percentage'], 'eqmax', 'COL0'], ['response']]
    # SelectCol(SelectRow0(GroupSum(@param0, ['1', '2'], max, 2), eqmax, 2), ['-1', '-2'])
      --> ['SelectCol', ['SelectRow0', ['GroupSum', 'input@0', ['response', 'percentage'], 'max', 'percentage'], 'eqmax', 'COL0'], ['response']]
    # SelectCol(SelectRow0(GroupSum(@param0, ['1', '3'], max, 2), eqmax, 2), ['0'])
      --> ['SelectCol', ['SelectRow0', ['GroupSum', 'input@0', ['response', 'color'], 'max', 'percentage'], 'eqmax', 'COL0'], ['response']]
    # SelectCol(SelectRow0(GroupSum(@param0, ['1', '3'], max, 2), eqmax, 2), ['-1', '-2'])
      --> ['SelectCol', ['SelectRow0', ['GroupSum', 'input@0', ['response', 'color'], 'max', 'percentage'], 'eqmax', 'COL0'], ['response']]
# (t=31.00) fallback i=28, candidate=[{'ANSWER': 'Orthodox Christian'}]
  # found 0 program(s)
# (t=31.79) fallback i=29, candidate=[{'ANSWER': 'Other non-Christian'}]
  # found 0 program(s)
# (t=32.57) fallback i=30, candidate=[{'ANSWER': 'Pagan/earth-based'}]
  # found 0 program(s)
# (t=33.36) fallback i=31, candidate=[{'ANSWER': 'Protestants'}]
  # found 0 program(s)
# (t=34.14) fallback i=32, candidate=[{'ANSWER': 'Religion'}]
  # found 0 program(s)
# (t=34.93) fallback i=33, candidate=[{'ANSWER': 'Unaffiliated'}]
  # found 0 program(s)
# (t=35.72) fallback i=34, candidate=[{'ANSWER': 'Very/somewhat common'}]
  # found 0 program(s)
# (t=36.80) fallback i=35, candidate=[{'ANSWER': 'blue'}]
  # found 8 program(s)
    # SelectCol(SelectRow0(GroupSum(@param0, ['3'], max, 2), eqmax, 1), ['0'])
      --> ['SelectCol', ['SelectRow0', ['GroupSum', 'input@0', ['color'], 'max', 'percentage'], 'eqmax', 'COL0'], ['color']]
    # SelectCol(SelectRow0(GroupSum(@param0, ['3'], max, 2), eqmax, 1), ['-1'])
      --> ['SelectCol', ['SelectRow0', ['GroupSum', 'input@0', ['color'], 'max', 'percentage'], 'eqmax', 'COL0'], ['color']]
    # SelectCol(SelectRow0(GroupSum(@param0, ['1', '3'], max, 2), eqmax, 2), ['1'])
      --> ['SelectCol', ['SelectRow0', ['GroupSum', 'input@0', ['response', 'color'], 'max', 'percentage'], 'eqmax', 'COL0'], ['color']]
    # SelectCol(SelectRow0(GroupSum(@param0, ['1', '3'], max, 2), eqmax, 2), ['-99', '-2'])
      --> ['SelectCol', ['SelectRow0', ['GroupSum', 'input@0', ['response', 'color'], 'max', 'percentage'], 'eqmax', 'COL0'], ['color']]
    # SelectCol(SelectRow0(GroupSum(@param0, ['2', '3'], max, 2), eqmax, 0), ['1'])
      --> ['SelectCol', ['SelectRow0', ['GroupSum', 'input@0', ['percentage', 'color'], 'max', 'percentage'], 'eqmax', 'percentage'], ['color']]
    # SelectCol(SelectRow0(GroupSum(@param0, ['2', '3'], max, 2), eqmax, 0), ['-99', '-2'])
      --> ['SelectCol', ['SelectRow0', ['GroupSum', 'input@0', ['percentage', 'color'], 'max', 'percentage'], 'eqmax', 'percentage'], ['color']]
    # SelectCol(SelectRow0(GroupSum(@param0, ['2', '3'], max, 2), eqmax, 2), ['1'])
      --> ['SelectCol', ['SelectRow0', ['GroupSum', 'input@0', ['percentage', 'color'], 'max', 'percentage'], 'eqmax', 'COL0'], ['color']]
    # SelectCol(SelectRow0(GroupSum(@param0, ['2', '3'], max, 2), eqmax, 2), ['-99', '-2'])
      --> ['SelectCol', ['SelectRow0', ['GroupSum', 'input@0', ['percentage', 'color'], 'max', 'percentage'], 'eqmax', 'COL0'], ['color']]
# (t=37.61) fallback i=36, candidate=[{'ANSWER': 'color'}]
  # found 0 program(s)
# (t=38.40) fallback i=37, candidate=[{'ANSWER': 'orange'}]
  # found 0 program(s)
# (t=39.20) fallback i=38, candidate=[{'ANSWER': 'percentage'}]
  # found 0 program(s)
# (t=39.99) fallback i=39, candidate=[{'ANSWER': 'response'}]
  # found 0 program(s)

# ========== review report ========== #
# top-1, score: 1.47, answer: [94]
  # tprog: Summarize(@param0, max, 2)
# top-2, score: 1.32, answer: [94]
  # tprog: SelectCol(SelectRow0(GroupSum(@param0, ['1'], max, 2), eqmax, 1), ['1'])
# top-3, score: 1.32, answer: [94]
  # tprog: SelectCol(SelectRow0(GroupSum(@param0, ['1'], max, 2), eqmax, 1), ['-99'])
# top-4, score: 1.32, answer: [94]
  # tprog: SelectCol(SelectRow0(GroupSum(@param0, ['2'], max, 2), eqmax, 0), ['0'])
# top-5, score: 1.32, answer: [94]
  # tprog: SelectCol(SelectRow0(GroupSum(@param0, ['2'], max, 2), eqmax, 0), ['1'])
# top-6, score: 1.32, answer: [94]
  # tprog: SelectCol(SelectRow0(GroupSum(@param0, ['2'], max, 2), eqmax, 0), ['-99'])
# top-7, score: 1.32, answer: [94]
  # tprog: SelectCol(SelectRow0(GroupSum(@param0, ['2'], max, 2), eqmax, 0), ['-1'])
# top-8, score: 1.32, answer: [94]
  # tprog: SelectCol(SelectRow0(GroupSum(@param0, ['2'], max, 2), eqmax, 1), ['0'])
# top-9, score: 1.32, answer: [94]
  # tprog: SelectCol(SelectRow0(GroupSum(@param0, ['2'], max, 2), eqmax, 1), ['1'])
# top-10, score: 1.32, answer: [94]
  # tprog: SelectCol(SelectRow0(GroupSum(@param0, ['2'], max, 2), eqmax, 1), ['-99'])
# top-11, score: 1.32, answer: [94]
  # tprog: SelectCol(SelectRow0(GroupSum(@param0, ['2'], max, 2), eqmax, 1), ['-1'])
# top-12, score: 1.32, answer: [94]
  # tprog: SelectCol(SelectRow0(GroupSum(@param0, ['3'], max, 2), eqmax, 1), ['1'])
# top-13, score: 1.32, answer: [94]
  # tprog: SelectCol(SelectRow0(GroupSum(@param0, ['3'], max, 2), eqmax, 1), ['-99'])
# top-14, score: 1.32, answer: ['Not too/not at all common']
  # tprog: SelectCol(SelectRow0(GroupSum(@param0, ['1'], max, 2), eqmax, 1), ['0'])
# top-15, score: 1.32, answer: ['Not too/not at all common']
  # tprog: SelectCol(SelectRow0(GroupSum(@param0, ['1'], max, 2), eqmax, 1), ['-1'])
# top-16, score: 1.32, answer: ['blue']
  # tprog: SelectCol(SelectRow0(GroupSum(@param0, ['3'], max, 2), eqmax, 1), ['0'])
# top-17, score: 1.32, answer: ['blue']
  # tprog: SelectCol(SelectRow0(GroupSum(@param0, ['3'], max, 2), eqmax, 1), ['-1'])
# top-18, score: 1.31, answer: [94]
  # tprog: SelectCol(SelectRow0(GroupSum(@param0, ['1', '2'], max, 2), eqmax, 1), ['1'])
# top-19, score: 1.31, answer: [94]
  # tprog: SelectCol(SelectRow0(GroupSum(@param0, ['1', '2'], max, 2), eqmax, 1), ['2'])
# top-20, score: 1.31, answer: [94]
  # tprog: SelectCol(SelectRow0(GroupSum(@param0, ['1', '2'], max, 2), eqmax, 1), ['-99', '-1'])
# top-21, score: 1.31, answer: [94]
  # tprog: SelectCol(SelectRow0(GroupSum(@param0, ['1', '2'], max, 2), eqmax, 1), ['-99', '-2'])
# top-22, score: 1.31, answer: [94]
  # tprog: SelectCol(SelectRow0(GroupSum(@param0, ['1', '2'], max, 2), eqmax, 2), ['1'])
# top-23, score: 1.31, answer: [94]
  # tprog: SelectCol(SelectRow0(GroupSum(@param0, ['1', '2'], max, 2), eqmax, 2), ['2'])
# top-24, score: 1.31, answer: [94]
  # tprog: SelectCol(SelectRow0(GroupSum(@param0, ['1', '2'], max, 2), eqmax, 2), ['-99', '-1'])
# top-25, score: 1.31, answer: [94]
  # tprog: SelectCol(SelectRow0(GroupSum(@param0, ['1', '2'], max, 2), eqmax, 2), ['-99', '-2'])
# top-26, score: 1.31, answer: [94]
  # tprog: SelectCol(SelectRow0(GroupSum(@param0, ['1', '3'], max, 2), eqmax, 2), ['2'])
# top-27, score: 1.31, answer: [94]
  # tprog: SelectCol(SelectRow0(GroupSum(@param0, ['1', '3'], max, 2), eqmax, 2), ['-99', '-1'])
# top-28, score: 1.31, answer: [94]
  # tprog: SelectCol(SelectRow0(GroupSum(@param0, ['2', '3'], max, 2), eqmax, 0), ['0'])
# top-29, score: 1.31, answer: [94]
  # tprog: SelectCol(SelectRow0(GroupSum(@param0, ['2', '3'], max, 2), eqmax, 0), ['2'])
# top-30, score: 1.31, answer: [94]
  # tprog: SelectCol(SelectRow0(GroupSum(@param0, ['2', '3'], max, 2), eqmax, 0), ['-99', '-1'])
# top-31, score: 1.31, answer: [94]
  # tprog: SelectCol(SelectRow0(GroupSum(@param0, ['2', '3'], max, 2), eqmax, 0), ['-1', '-2'])
# top-32, score: 1.31, answer: [94]
  # tprog: SelectCol(SelectRow0(GroupSum(@param0, ['2', '3'], max, 2), eqmax, 2), ['0'])
# top-33, score: 1.31, answer: [94]
  # tprog: SelectCol(SelectRow0(GroupSum(@param0, ['2', '3'], max, 2), eqmax, 2), ['2'])
# top-34, score: 1.31, answer: [94]
  # tprog: SelectCol(SelectRow0(GroupSum(@param0, ['2', '3'], max, 2), eqmax, 2), ['-99', '-1'])
# top-35, score: 1.31, answer: [94]
  # tprog: SelectCol(SelectRow0(GroupSum(@param0, ['2', '3'], max, 2), eqmax, 2), ['-1', '-2'])
# top-36, score: 1.31, answer: ['Not too/not at all common']
  # tprog: SelectCol(SelectRow0(GroupSum(@param0, ['1', '2'], max, 2), eqmax, 1), ['0'])
# top-37, score: 1.31, answer: ['Not too/not at all common']
  # tprog: SelectCol(SelectRow0(GroupSum(@param0, ['1', '2'], max, 2), eqmax, 1), ['-1', '-2'])
# top-38, score: 1.31, answer: ['Not too/not at all common']
  # tprog: SelectCol(SelectRow0(GroupSum(@param0, ['1', '2'], max, 2), eqmax, 2), ['0'])
# top-39, score: 1.31, answer: ['Not too/not at all common']
  # tprog: SelectCol(SelectRow0(GroupSum(@param0, ['1', '2'], max, 2), eqmax, 2), ['-1', '-2'])
# top-40, score: 1.31, answer: ['Not too/not at all common']
  # tprog: SelectCol(SelectRow0(GroupSum(@param0, ['1', '3'], max, 2), eqmax, 2), ['0'])
# top-41, score: 1.31, answer: ['Not too/not at all common']
  # tprog: SelectCol(SelectRow0(GroupSum(@param0, ['1', '3'], max, 2), eqmax, 2), ['-1', '-2'])
# top-42, score: 1.31, answer: ['blue']
  # tprog: SelectCol(SelectRow0(GroupSum(@param0, ['1', '3'], max, 2), eqmax, 2), ['1'])
# top-43, score: 1.31, answer: ['blue']
  # tprog: SelectCol(SelectRow0(GroupSum(@param0, ['1', '3'], max, 2), eqmax, 2), ['-99', '-2'])
# top-44, score: 1.31, answer: ['blue']
  # tprog: SelectCol(SelectRow0(GroupSum(@param0, ['2', '3'], max, 2), eqmax, 0), ['1'])
# top-45, score: 1.31, answer: ['blue']
  # tprog: SelectCol(SelectRow0(GroupSum(@param0, ['2', '3'], max, 2), eqmax, 0), ['-99', '-2'])
# top-46, score: 1.31, answer: ['blue']
  # tprog: SelectCol(SelectRow0(GroupSum(@param0, ['2', '3'], max, 2), eqmax, 2), ['1'])
# top-47, score: 1.31, answer: ['blue']
  # tprog: SelectCol(SelectRow0(GroupSum(@param0, ['2', '3'], max, 2), eqmax, 2), ['-99', '-2'])
