# parsed arguments: Namespace(benchmark='Q51171', dsl='meta_visqa', skeletons='visqa_normal', strategy='TaPas_C', fallback='auto', timeout=300, mode='optimal-only', expected_only=False)
# loading benchmark...
# table keywords: {'75.07', '82.82', '26.63', '22.46', '23.64', '21.85', '111.54', '26.95', '98.33', '121.19', '68.49', '395.97', '20.46', '36.81', '19.36', '38.45', '112.6', '210.73', '106.11', '23.35', '11.96', '338.53', 'goog', '495.85', '78.63', 'amzn', '7.16', '29.11', '27.5', '31.01', '11.32', '104.85', '77.53', '460.48', '51.28', '86.63', '67.0', '190.64', '73.44', '116.34', '67.85', '26.12', '89.15', '70.39', '89.31', '26.93', '45.15', '109.64', '84.84', '15.93', '21.8', '39.14', '8.78', '93.15', '21.19', '21.57', '286.0', '97.58', '12.74', '21.77', '471.18', '32.12', '36.31', '53.97', '48.31', '125.14', 'aapl', '515.25', '307.65', '463.29', '24.0', '85.35', '75.82', '77.26', '21.75', '31.13', 'symbol', '01,', '169.53', '35.03', '12.36', '153.47', '89.98', '21.65', '619.98', '28.3', '46.32', '80.91', 'jun', '32.09', '9.98', '36.62', '64.47', '168.21', '134.52', '121.85', '36.32', '526.8', '32.54', '25.92', '79.13', '2001', '118.4', '75.04', '11.03', '75.09', '10.81', '7.38', '28.69', 'green', '25.78', '77.7', '11.84', '23.73', '417.94', '510.0', '72.76', 'ibm', '75.12', '53.01', '23.28', 'sep', '94.15', '362.62', '34.61', '87.15', '2004', '158.95', '11.31', '23.21', '22.01', '188.5', '65.31', '404.91', '2005', '43.01', '102.35', '28.14', '130.32', '187.99', 'blue', '10.45', '90.13', '41.64', '22.24', '39.76', '68.52', '69.14', '100.76', '7.44', '143.5', '25.45', '27.34', '74.28', '64.79', '90.32', '21.45', '19.66', '67.82', '71.22', '55.19', '100.82', '67.96', '7.75', '23.34', '23.8', '70.77', '113.53', '432.66', '36.35', '101.54', '12.89', '443.05', '14.03', '419.33', '30.83', '76.47', '24.84', '2007', '21.56', '22.47', '72.7', '70.18', '39.68', '27.95', '12.14', '48.43', '92.91', '78.54', '33.95', '81.04', '7.25', '80.52', '2003', '77.05', '68.93', '401.9', '44.82', '57.24', '82.84', '135.36', '77.17', '42.65', '440.47', '85.76', '118.16', '35.21', '129.6', '38.92', '316.46', '101.19', 'msft', '76.25', '125.79', '2010', '22.51', '118.62', '17.65', '163.39', '64.56', '585.8', '109.36', '204.62', 'apr', '44.86', '8.94', '77.99', '81.96', '107.59', '37.67', '37.44', '10.19', '24.75', '38.68', '400.52', '9.4', '70.58', '12.49', '30.12', '102.75', '25.68', '74.7', '501.5', '11.44', '23.02', '9.27', '17.25', '23.82', '33.09', '25.71', '40.86', '75.42', '59.77', '16.25', '122.04', '7.18', '181.98', '294.15', '22.69', '85.05', '484.81', '21.03', '421.59', '28.13', '29.27', '16.69', '131.76', '24.69', '73.33', '8.03', '89.46', '458.16', '26.2', '91.06', '68.41', '88.7', '28.05', '79.65', 'orange', '113.66', '12.88', '118.55', '89.44', '119.54', '560.19', '461.67', '39.46', '32.36', '25.41', '25.94', '85.73', '128.82', '26.14', '198.08', '5.97', '23.44', '81.19', '26.96', '27.56', '11.62', '84.41', '71.13', '125.41', '21.26', '24.6', '7.76', '8.98', '22.76', '707.0', '135.81', '526.42', 'mar', '287.76', '100.25', '8.86', '116.23', '23.65', '90.56', '79.16', '337.99', '29.07', '47.15', '691.48', '27.48', '88.5', 'dec', '87.06', '24.53', '189.95', '96.31', '57.59', '30.47', '11.28', '19.97', '23.38', '473.75', '34.27', '75.51', '84.61', '449.45', '82.15', '26.35', '50.4', '90.24', '9.12', '10.95', '8.25', '25.36', 'red', '125.02', '34.0', '86.95', '21.0', '72.97', '43.28', '84.12', '173.95', '21.53', '18.91', '28.02', 'aug', '104.5', '182.22', '76.34', '292.96', '199.91', '91.9', '372.14', '414.86', '22.5', '10.36', '16.17', '23.83', '118.81', '32.2', '54.43', '24.52', '7.51', '20.59', '7.07', '111.0', '125.55', '348.06', '20.87', '25.49', '10.69', '125.83', '71.3', '103.7', '86.39', '102.37', '20.09', '62.72', '14.45', '135.91', '81.59', '84.66', '53.61', '41.67', '100.74', '19.31', '101.29', '195.62', '23.15', '21.1', '52.62', '13.52', '28.4', '72.15', '19.76', '26.89', '39.86', '2006', '27.21', '6.98', '68.87', '42.7', '92.64', '359.36', '192.06', '26.07', '26.36', '48.46', '99.8', '180.51', '44.29', '93.79', '61.33', '114.6', '574.29', '23.42', '57.27', '91.16', '90.25', '117.0', '71.76', '14.1', '95.09', '476.39', '123.74', '81.62', '7.11', '25.04', '46.89', '77.47', '522.7', '10.82', '20.82', '35.18', '92.11', '48.5', '29.7', '24.11', '693.0', '142.43', '39.79', '23.46', '92.67', '127.16', '83.08', '105.12', '19.52', 'jul', '220.0', '34.13', '105.4', '76.35', '386.6', '27.25', 'teal', '23.18', '378.53', '94.87', '97.54', '99.95', 'may', '15.56', '38.09', '78.17', '567.27', '81.08', '45.3', '40.34', '19.84', '20.93', '30.34', '83.66', '39.81', '63.86', '2009', '93.36', '41.5', '583.0', '19.38', '17.31', '188.75', '17.79', '497.91', '24.43', '10.85', '38.14', '277.27', '2002', '18.89', '28.04', '54.4', '58.82', '80.48', 'color', '28.8', '7.63', '103.01', '28.66', '76.73', 'date', '96.98', '371.82', 'feb', '2000', '75.89', '18.23', '17.99', '43.22', '10.65', '88.18', '529.94', '82.98', '390.0', '20.71', '24.29', '71.57', '85.78', 'nov', 'oct', '14.19', '185.35', '564.3', '2008', '100.52', '9.53', '536.12', '80.19', '88.82', '22.25', '100.9', 'price', '76.98', '9.78', '14.15', '33.53', '16.63', '138.48', '35.51', '79.91', '167.44', '14.3', '11.65', '24.13', '223.02', '15.81', '35.89', '38.44', '26.47', '25.35', '19.34', '28.67', '27.66', '26.03', '43.6', '26.19', '71.89', '22.93', '15.78', '36.53', '10.23', '80.81', 'jan', '28.37', '192.79', '417.23', '91.66', '110.87', '36.06', '16.27', '10.54', '471.38', '14.94'}
# input type: [dtype('O'), dtype('O'), dtype('float64'), dtype('O')]
# input is:
    symbol          date   price  color
0     MSFT  Jan 01, 2000   39.81  green
1     MSFT  Feb 01, 2000   36.35  green
2     MSFT  Mar 01, 2000   43.22  green
3     MSFT  Apr 01, 2000   28.37  green
4     MSFT  May 01, 2000   25.45  green
..     ...           ...     ...    ...
555   AAPL  Nov 01, 2009  199.91   blue
556   AAPL  Dec 01, 2009  210.73   blue
557   AAPL  Jan 01, 2010  192.06   blue
558   AAPL  Feb 01, 2010  204.62   blue
559   AAPL  Mar 01, 2010  223.02   blue

[560 rows x 4 columns]
# query is: when the difference between google and apple was the highest?
# expected output type:[dtype('int64')]
# expected output is:
   ANSWER
0    2007
# inferred DSL terminals:
  # ConstVal: ['<NULL>']
     # cmap: []
  # AggrFunc: ['max', '<NULL>']
     # amap: [('highest', 'max')]
  # NumFunc: ['diff', '<NULL>']
     # nmap: [('difference', 'diff')]
  # BoolFunc: ['==', '<NULL>']
     # bmap: [(None, '==')]
  # IndFunc: ['eqmax', '<NULL>']
     # imap: [('highest', 'eqmax')]
# ====> fallback strategy (comparison) is triggered
  # [debug] high_values: []
  # [debug] high_values (no dup.): []
  # [debug] filtered low_values (no dup.): []
# loading skeleton list...

# ========== candidate program report ========== #
# ====> fallback strategy (retrieval) is triggered because no explanation is found so far
# ====> retrieval_values: [10.19, 10.23, 10.36, 10.45, 10.54, 10.65, 10.69, 10.81, 10.82, 10.85, 10.95, 100.25, 100.52, 100.74, 100.76, 100.82, 100.9, 101.19, 101.29, 101.54, 102.35, 102.37, 102.75, 103.01, 103.7, 104.5, 104.85, 105.12, 105.4, 106.11, 107.59, 109.36, 109.64, 11.03, 11.28, 11.31, 11.32, 11.44, 11.62, 11.65, 11.84, 11.96, 110.87, 111.0, 111.54, 112.6, 113.53, 113.66, 114.6, 116.23, 116.34, 117.0, 118.16, 118.4, 118.55, 118.62, 118.81, 119.54, 12.14, 12.36, 12.49, 12.74, 12.88, 12.89, 121.19, 121.85, 122.04, 123.74, 125.02, 125.14, 125.41, 125.55, 125.79, 125.83, 127.16, 128.82, 129.6, 13.52, 130.32, 131.76, 134.52, 135.36, 135.81, 135.91, 138.48, 14.03, 14.1, 14.15, 14.19, 14.3, 14.45, 14.94, 142.43, 143.5, 15.56, 15.78, 15.81, 15.93, 153.47, 158.95, 16.17, 16.25, 16.27, 16.63, 16.69, 163.39, 167.44, 168.21, 169.53, 17.25, 17.31, 17.65, 17.79, 17.99, 173.95, 18.23, 18.89, 18.91, 180.51, 181.98, 182.22, 185.35, 187.99, 188.5, 188.75, 189.95, 19.31, 19.34, 19.36, 19.38, 19.52, 19.66, 19.76, 19.84, 19.97, 190.64, 192.06, 192.79, 195.62, 198.08, 199.91, 20.09, 20.46, 20.59, 20.71, 20.82, 20.87, 20.93, 204.62, 21.0, 21.03, 21.1, 21.19, 21.26, 21.45, 21.53, 21.56, 21.57, 21.65, 21.75, 21.77, 21.8, 21.85, 210.73, 22.01, 22.24, 22.25, 22.46, 22.47, 22.5, 22.51, 22.69, 22.76, 22.93, 220.0, 223.02, 23.02, 23.15, 23.18, 23.21, 23.28, 23.34, 23.35, 23.38, 23.42, 23.44, 23.46, 23.64, 23.65, 23.73, 23.8, 23.82, 23.83, 24.0, 24.11, 24.13, 24.29, 24.43, 24.52, 24.53, 24.6, 24.69, 24.75, 24.84, 25.04, 25.35, 25.36, 25.41, 25.45, 25.49, 25.68, 25.71, 25.78, 25.92, 25.94, 26.03, 26.07, 26.12, 26.14, 26.19, 26.2, 26.35, 26.36, 26.47, 26.63, 26.89, 26.93, 26.95, 26.96, 27.21, 27.25, 27.34, 27.48, 27.5, 27.56, 27.66, 27.95, 277.27, 28.02, 28.04, 28.05, 28.13, 28.14, 28.3, 28.37, 28.4, 28.66, 28.67, 28.69, 28.8, 286.0, 287.76, 29.07, 29.11, 29.27, 29.7, 292.96, 294.15, 30.12, 30.34, 30.47, 30.83, 307.65, 31.01, 31.13, 316.46, 32.09, 32.12, 32.2, 32.36, 32.54, 33.09, 33.53, 33.95, 337.99, 338.53, 34.0, 34.13, 34.27, 34.61, 348.06, 35.03, 35.18, 35.21, 35.51, 35.89, 359.36, 36.06, 36.31, 36.32, 36.35, 36.53, 36.62, 36.81, 362.62, 37.44, 37.67, 371.82, 372.14, 378.53, 38.09, 38.14, 38.44, 38.45, 38.68, 38.92, 386.6, 39.14, 39.46, 39.68, 39.76, 39.79, 39.81, 39.86, 390.0, 395.97, 40.34, 40.86, 400.52, 401.9, 404.91, 41.5, 41.64, 41.67, 414.86, 417.23, 417.94, 419.33, 42.65, 42.7, 421.59, 43.01, 43.22, 43.28, 43.6, 432.66, 44.29, 44.82, 44.86, 440.47, 443.05, 449.45, 45.15, 45.3, 458.16, 46.32, 46.89, 460.48, 461.67, 463.29, 47.15, 471.18, 471.38, 473.75, 476.39, 48.31, 48.43, 48.46, 48.5, 484.81, 495.85, 497.91, 5.97, 50.4, 501.5, 51.28, 510.0, 515.25, 52.62, 522.7, 526.42, 526.8, 529.94, 53.01, 53.61, 53.97, 536.12, 54.4, 54.43, 55.19, 560.19, 564.3, 567.27, 57.24, 57.27, 57.59, 574.29, 58.82, 583.0, 585.8, 59.77, 6.98, 61.33, 619.98, 62.72, 63.86, 64.47, 64.56, 64.79, 65.31, 67.0, 67.82, 67.85, 67.96, 68.41, 68.49, 68.52, 68.87, 68.93, 69.14, 691.48, 693.0, 7.07, 7.11, 7.16, 7.18, 7.25, 7.38, 7.44, 7.51, 7.63, 7.75, 7.76, 70.18, 70.39, 70.58, 70.77, 707.0, 71.13, 71.22, 71.3, 71.57, 71.76, 71.89, 72.15, 72.7, 72.76, 72.97, 73.33, 73.44, 74.28, 74.7, 75.04, 75.07, 75.09, 75.12, 75.42, 75.51, 75.82, 75.89, 76.25, 76.34, 76.35, 76.47, 76.73, 76.98, 77.05, 77.17, 77.26, 77.47, 77.53, 77.7, 77.99, 78.17, 78.54, 78.63, 79.13, 79.16, 79.65, 79.91, 8.03, 8.25, 8.78, 8.86, 8.94, 8.98, 80.19, 80.48, 80.52, 80.81, 80.91, 81.04, 81.08, 81.19, 81.59, 81.62, 81.96, 82.15, 82.82, 82.84, 82.98, 83.08, 83.66, 84.12, 84.41, 84.61, 84.66, 84.84, 85.05, 85.35, 85.73, 85.76, 85.78, 86.39, 86.63, 86.95, 87.06, 87.15, 88.18, 88.5, 88.7, 88.82, 89.15, 89.31, 89.44, 89.46, 89.98, 9.12, 9.27, 9.4, 9.53, 9.78, 9.98, 90.13, 90.24, 90.25, 90.32, 90.56, 91.06, 91.16, 91.66, 91.9, 92.11, 92.64, 92.67, 92.91, 93.15, 93.36, 93.79, 94.15, 94.87, 95.09, 96.31, 96.98, 97.54, 97.58, 98.33, 99.8, 99.95, 'AAPL', 'AMZN', 'Apr 01, 2000', 'Apr 01, 2001', 'Apr 01, 2002', 'Apr 01, 2003', 'Apr 01, 2004', 'Apr 01, 2005', 'Apr 01, 2006', 'Apr 01, 2007', 'Apr 01, 2008', 'Apr 01, 2009', 'Aug 01, 2000', 'Aug 01, 2001', 'Aug 01, 2002', 'Aug 01, 2003', 'Aug 01, 2004', 'Aug 01, 2005', 'Aug 01, 2006', 'Aug 01, 2007', 'Aug 01, 2008', 'Aug 01, 2009', 'Dec 01, 2000', 'Dec 01, 2001', 'Dec 01, 2002', 'Dec 01, 2003', 'Dec 01, 2004', 'Dec 01, 2005', 'Dec 01, 2006', 'Dec 01, 2007', 'Dec 01, 2008', 'Dec 01, 2009', 'Feb 01, 2000', 'Feb 01, 2001', 'Feb 01, 2002', 'Feb 01, 2003', 'Feb 01, 2004', 'Feb 01, 2005', 'Feb 01, 2006', 'Feb 01, 2007', 'Feb 01, 2008', 'Feb 01, 2009', 'Feb 01, 2010', 'GOOG', 'IBM', 'Jan 01, 2000', 'Jan 01, 2001', 'Jan 01, 2002', 'Jan 01, 2003', 'Jan 01, 2004', 'Jan 01, 2005', 'Jan 01, 2006', 'Jan 01, 2007', 'Jan 01, 2008', 'Jan 01, 2009', 'Jan 01, 2010', 'Jul 01, 2000', 'Jul 01, 2001', 'Jul 01, 2002', 'Jul 01, 2003', 'Jul 01, 2004', 'Jul 01, 2005', 'Jul 01, 2006', 'Jul 01, 2007', 'Jul 01, 2008', 'Jul 01, 2009', 'Jun 01, 2000', 'Jun 01, 2001', 'Jun 01, 2002', 'Jun 01, 2003', 'Jun 01, 2004', 'Jun 01, 2005', 'Jun 01, 2006', 'Jun 01, 2007', 'Jun 01, 2008', 'Jun 01, 2009', 'MSFT', 'Mar 01, 2000', 'Mar 01, 2001', 'Mar 01, 2002', 'Mar 01, 2003', 'Mar 01, 2004', 'Mar 01, 2005', 'Mar 01, 2006', 'Mar 01, 2007', 'Mar 01, 2008', 'Mar 01, 2009', 'Mar 01, 2010', 'May 01, 2000', 'May 01, 2001', 'May 01, 2002', 'May 01, 2003', 'May 01, 2004', 'May 01, 2005', 'May 01, 2006', 'May 01, 2007', 'May 01, 2008', 'May 01, 2009', 'Nov 01, 2000', 'Nov 01, 2001', 'Nov 01, 2002', 'Nov 01, 2003', 'Nov 01, 2004', 'Nov 01, 2005', 'Nov 01, 2006', 'Nov 01, 2007', 'Nov 01, 2008', 'Nov 01, 2009', 'Oct 01, 2000', 'Oct 01, 2001', 'Oct 01, 2002', 'Oct 01, 2003', 'Oct 01, 2004', 'Oct 01, 2005', 'Oct 01, 2006', 'Oct 01, 2007', 'Oct 01, 2008', 'Oct 01, 2009', 'Sep 01, 2000', 'Sep 01, 2001', 'Sep 01, 2002', 'Sep 01, 2003', 'Sep 01, 2004', 'Sep 01, 2005', 'Sep 01, 2006', 'Sep 01, 2007', 'Sep 01, 2008', 'Sep 01, 2009', 'blue', 'color', 'date', 'green', 'orange', 'price', 'red', 'symbol', 'teal']
# (t=0.00) fallback i=0, candidate=[{'ANSWER': 10.19}]
  # found 0 program(s)
# (t=0.37) fallback i=1, candidate=[{'ANSWER': 10.23}]
  # found 0 program(s)
# (t=0.74) fallback i=2, candidate=[{'ANSWER': 10.36}]
  # found 0 program(s)
# (t=1.10) fallback i=3, candidate=[{'ANSWER': 10.45}]
  # found 0 program(s)
# (t=1.47) fallback i=4, candidate=[{'ANSWER': 10.54}]
  # found 0 program(s)
# (t=1.84) fallback i=5, candidate=[{'ANSWER': 10.65}]
  # found 0 program(s)
# (t=2.20) fallback i=6, candidate=[{'ANSWER': 10.69}]
  # found 0 program(s)
# (t=2.57) fallback i=7, candidate=[{'ANSWER': 10.81}]
  # found 0 program(s)
# (t=2.93) fallback i=8, candidate=[{'ANSWER': 10.82}]
  # found 0 program(s)
# (t=3.30) fallback i=9, candidate=[{'ANSWER': 10.85}]
  # found 0 program(s)
# (t=3.66) fallback i=10, candidate=[{'ANSWER': 10.95}]
  # found 0 program(s)
# (t=4.03) fallback i=11, candidate=[{'ANSWER': 100.25}]
  # found 0 program(s)
# (t=4.40) fallback i=12, candidate=[{'ANSWER': 100.52}]
  # found 0 program(s)
# (t=4.76) fallback i=13, candidate=[{'ANSWER': 100.74}]
  # found 0 program(s)
# (t=5.13) fallback i=14, candidate=[{'ANSWER': 100.76}]
  # found 0 program(s)
# (t=5.50) fallback i=15, candidate=[{'ANSWER': 100.82}]
  # found 0 program(s)
# (t=5.86) fallback i=16, candidate=[{'ANSWER': 100.9}]
  # found 0 program(s)
# (t=6.23) fallback i=17, candidate=[{'ANSWER': 101.19}]
  # found 0 program(s)
# (t=6.61) fallback i=18, candidate=[{'ANSWER': 101.29}]
  # found 0 program(s)
# (t=6.98) fallback i=19, candidate=[{'ANSWER': 101.54}]
  # found 0 program(s)
# (t=7.35) fallback i=20, candidate=[{'ANSWER': 102.35}]
  # found 0 program(s)
# (t=7.72) fallback i=21, candidate=[{'ANSWER': 102.37}]
  # found 0 program(s)
# (t=8.09) fallback i=22, candidate=[{'ANSWER': 102.75}]
  # found 0 program(s)
# (t=8.46) fallback i=23, candidate=[{'ANSWER': 103.01}]
  # found 0 program(s)
# (t=8.84) fallback i=24, candidate=[{'ANSWER': 103.7}]
  # found 0 program(s)
# (t=9.21) fallback i=25, candidate=[{'ANSWER': 104.5}]
  # found 0 program(s)
# (t=9.59) fallback i=26, candidate=[{'ANSWER': 104.85}]
  # found 0 program(s)
# (t=9.96) fallback i=27, candidate=[{'ANSWER': 105.12}]
  # found 0 program(s)
# (t=10.32) fallback i=28, candidate=[{'ANSWER': 105.4}]
  # found 0 program(s)
# (t=10.96) fallback i=29, candidate=[{'ANSWER': 106.11}]
  # found 0 program(s)
# (t=11.33) fallback i=30, candidate=[{'ANSWER': 107.59}]
  # found 0 program(s)
# (t=11.70) fallback i=31, candidate=[{'ANSWER': 109.36}]
  # found 0 program(s)
# (t=12.06) fallback i=32, candidate=[{'ANSWER': 109.64}]
  # found 0 program(s)
# (t=12.43) fallback i=33, candidate=[{'ANSWER': 11.03}]
  # found 0 program(s)
# (t=12.79) fallback i=34, candidate=[{'ANSWER': 11.28}]
  # found 0 program(s)
# (t=13.16) fallback i=35, candidate=[{'ANSWER': 11.31}]
  # found 0 program(s)
# (t=13.52) fallback i=36, candidate=[{'ANSWER': 11.32}]
  # found 0 program(s)
# (t=13.89) fallback i=37, candidate=[{'ANSWER': 11.44}]
  # found 0 program(s)
# (t=14.25) fallback i=38, candidate=[{'ANSWER': 11.62}]
  # found 0 program(s)
# (t=14.62) fallback i=39, candidate=[{'ANSWER': 11.65}]
  # found 0 program(s)
# (t=14.98) fallback i=40, candidate=[{'ANSWER': 11.84}]
  # found 0 program(s)
# (t=15.35) fallback i=41, candidate=[{'ANSWER': 11.96}]
  # found 0 program(s)
# (t=15.71) fallback i=42, candidate=[{'ANSWER': 110.87}]
  # found 0 program(s)
# (t=16.08) fallback i=43, candidate=[{'ANSWER': 111.0}]
  # found 0 program(s)
# (t=16.44) fallback i=44, candidate=[{'ANSWER': 111.54}]
  # found 0 program(s)
# (t=16.81) fallback i=45, candidate=[{'ANSWER': 112.6}]
  # found 0 program(s)
# (t=17.17) fallback i=46, candidate=[{'ANSWER': 113.53}]
  # found 0 program(s)
# (t=17.54) fallback i=47, candidate=[{'ANSWER': 113.66}]
  # found 0 program(s)
# (t=17.91) fallback i=48, candidate=[{'ANSWER': 114.6}]
  # found 0 program(s)
# (t=18.28) fallback i=49, candidate=[{'ANSWER': 116.23}]
  # found 0 program(s)
# (t=18.64) fallback i=50, candidate=[{'ANSWER': 116.34}]
  # found 0 program(s)
# (t=19.00) fallback i=51, candidate=[{'ANSWER': 117.0}]
  # found 0 program(s)
# (t=19.37) fallback i=52, candidate=[{'ANSWER': 118.16}]
  # found 0 program(s)
# (t=19.73) fallback i=53, candidate=[{'ANSWER': 118.4}]
  # found 0 program(s)
# (t=20.10) fallback i=54, candidate=[{'ANSWER': 118.55}]
  # found 0 program(s)
# (t=20.46) fallback i=55, candidate=[{'ANSWER': 118.62}]
  # found 0 program(s)
# (t=20.83) fallback i=56, candidate=[{'ANSWER': 118.81}]
  # found 0 program(s)
# (t=21.19) fallback i=57, candidate=[{'ANSWER': 119.54}]
  # found 0 program(s)
# (t=21.56) fallback i=58, candidate=[{'ANSWER': 12.14}]
  # found 0 program(s)
# (t=21.92) fallback i=59, candidate=[{'ANSWER': 12.36}]
  # found 0 program(s)
# (t=22.29) fallback i=60, candidate=[{'ANSWER': 12.49}]
  # found 0 program(s)
# (t=22.65) fallback i=61, candidate=[{'ANSWER': 12.74}]
  # found 0 program(s)
# (t=23.02) fallback i=62, candidate=[{'ANSWER': 12.88}]
  # found 0 program(s)
# (t=23.38) fallback i=63, candidate=[{'ANSWER': 12.89}]
  # found 0 program(s)
# (t=23.74) fallback i=64, candidate=[{'ANSWER': 121.19}]
  # found 0 program(s)
# (t=24.11) fallback i=65, candidate=[{'ANSWER': 121.85}]
  # found 0 program(s)
# (t=24.78) fallback i=66, candidate=[{'ANSWER': 122.04}]
  # found 0 program(s)
# (t=25.15) fallback i=67, candidate=[{'ANSWER': 123.74}]
  # found 0 program(s)
# (t=25.51) fallback i=68, candidate=[{'ANSWER': 125.02}]
  # found 0 program(s)
# (t=25.88) fallback i=69, candidate=[{'ANSWER': 125.14}]
  # found 0 program(s)
# (t=26.24) fallback i=70, candidate=[{'ANSWER': 125.41}]
  # found 0 program(s)
# (t=26.61) fallback i=71, candidate=[{'ANSWER': 125.55}]
  # found 0 program(s)
# (t=26.97) fallback i=72, candidate=[{'ANSWER': 125.79}]
  # found 0 program(s)
# (t=27.34) fallback i=73, candidate=[{'ANSWER': 125.83}]
  # found 0 program(s)
# (t=27.71) fallback i=74, candidate=[{'ANSWER': 127.16}]
  # found 0 program(s)
# (t=28.07) fallback i=75, candidate=[{'ANSWER': 128.82}]
  # found 0 program(s)
# (t=28.43) fallback i=76, candidate=[{'ANSWER': 129.6}]
  # found 0 program(s)
# (t=28.80) fallback i=77, candidate=[{'ANSWER': 13.52}]
  # found 0 program(s)
# (t=29.16) fallback i=78, candidate=[{'ANSWER': 130.32}]
  # found 0 program(s)
# (t=29.53) fallback i=79, candidate=[{'ANSWER': 131.76}]
  # found 0 program(s)
# (t=29.89) fallback i=80, candidate=[{'ANSWER': 134.52}]
  # found 0 program(s)
# (t=30.26) fallback i=81, candidate=[{'ANSWER': 135.36}]
  # found 0 program(s)
# (t=30.62) fallback i=82, candidate=[{'ANSWER': 135.81}]
  # found 0 program(s)
# (t=30.99) fallback i=83, candidate=[{'ANSWER': 135.91}]
  # found 0 program(s)
# (t=31.35) fallback i=84, candidate=[{'ANSWER': 138.48}]
  # found 0 program(s)
# (t=31.72) fallback i=85, candidate=[{'ANSWER': 14.03}]
  # found 0 program(s)
# (t=32.08) fallback i=86, candidate=[{'ANSWER': 14.1}]
  # found 0 program(s)
# (t=32.45) fallback i=87, candidate=[{'ANSWER': 14.15}]
  # found 0 program(s)
# (t=32.82) fallback i=88, candidate=[{'ANSWER': 14.19}]
  # found 0 program(s)
# (t=33.18) fallback i=89, candidate=[{'ANSWER': 14.3}]
  # found 0 program(s)
# (t=33.55) fallback i=90, candidate=[{'ANSWER': 14.45}]
  # found 0 program(s)
# (t=33.92) fallback i=91, candidate=[{'ANSWER': 14.94}]
  # found 0 program(s)
# (t=34.28) fallback i=92, candidate=[{'ANSWER': 142.43}]
  # found 0 program(s)
# (t=34.65) fallback i=93, candidate=[{'ANSWER': 143.5}]
  # found 0 program(s)
# (t=35.02) fallback i=94, candidate=[{'ANSWER': 15.56}]
  # found 0 program(s)
# (t=35.38) fallback i=95, candidate=[{'ANSWER': 15.78}]
  # found 0 program(s)
# (t=35.75) fallback i=96, candidate=[{'ANSWER': 15.81}]
  # found 0 program(s)
# (t=36.11) fallback i=97, candidate=[{'ANSWER': 15.93}]
  # found 0 program(s)
# (t=36.48) fallback i=98, candidate=[{'ANSWER': 153.47}]
  # found 0 program(s)
# (t=36.84) fallback i=99, candidate=[{'ANSWER': 158.95}]
  # found 0 program(s)
# (t=37.21) fallback i=100, candidate=[{'ANSWER': 16.17}]
  # found 0 program(s)
# (t=37.58) fallback i=101, candidate=[{'ANSWER': 16.25}]
  # found 0 program(s)
# (t=38.25) fallback i=102, candidate=[{'ANSWER': 16.27}]
  # found 0 program(s)
# (t=38.62) fallback i=103, candidate=[{'ANSWER': 16.63}]
  # found 0 program(s)
# (t=38.98) fallback i=104, candidate=[{'ANSWER': 16.69}]
  # found 0 program(s)
# (t=39.35) fallback i=105, candidate=[{'ANSWER': 163.39}]
  # found 0 program(s)
# (t=39.72) fallback i=106, candidate=[{'ANSWER': 167.44}]
  # found 0 program(s)
# (t=40.09) fallback i=107, candidate=[{'ANSWER': 168.21}]
  # found 0 program(s)
# (t=40.45) fallback i=108, candidate=[{'ANSWER': 169.53}]
  # found 0 program(s)
# (t=40.81) fallback i=109, candidate=[{'ANSWER': 17.25}]
  # found 0 program(s)
# (t=41.18) fallback i=110, candidate=[{'ANSWER': 17.31}]
  # found 0 program(s)
# (t=41.54) fallback i=111, candidate=[{'ANSWER': 17.65}]
  # found 0 program(s)
# (t=41.91) fallback i=112, candidate=[{'ANSWER': 17.79}]
  # found 0 program(s)
# (t=42.27) fallback i=113, candidate=[{'ANSWER': 17.99}]
  # found 0 program(s)
# (t=42.64) fallback i=114, candidate=[{'ANSWER': 173.95}]
  # found 0 program(s)
# (t=43.00) fallback i=115, candidate=[{'ANSWER': 18.23}]
  # found 0 program(s)
# (t=43.36) fallback i=116, candidate=[{'ANSWER': 18.89}]
  # found 0 program(s)
# (t=43.73) fallback i=117, candidate=[{'ANSWER': 18.91}]
  # found 0 program(s)
# (t=44.09) fallback i=118, candidate=[{'ANSWER': 180.51}]
  # found 0 program(s)
# (t=44.45) fallback i=119, candidate=[{'ANSWER': 181.98}]
  # found 0 program(s)
# (t=44.82) fallback i=120, candidate=[{'ANSWER': 182.22}]
  # found 0 program(s)
# (t=45.18) fallback i=121, candidate=[{'ANSWER': 185.35}]
  # found 0 program(s)
# (t=45.54) fallback i=122, candidate=[{'ANSWER': 187.99}]
  # found 0 program(s)
# (t=45.90) fallback i=123, candidate=[{'ANSWER': 188.5}]
  # found 0 program(s)
# (t=46.27) fallback i=124, candidate=[{'ANSWER': 188.75}]
  # found 0 program(s)
# (t=46.63) fallback i=125, candidate=[{'ANSWER': 189.95}]
  # found 0 program(s)
# (t=47.00) fallback i=126, candidate=[{'ANSWER': 19.31}]
  # found 0 program(s)
# (t=47.36) fallback i=127, candidate=[{'ANSWER': 19.34}]
  # found 0 program(s)
# (t=47.73) fallback i=128, candidate=[{'ANSWER': 19.36}]
  # found 0 program(s)
# (t=48.09) fallback i=129, candidate=[{'ANSWER': 19.38}]
  # found 0 program(s)
# (t=48.46) fallback i=130, candidate=[{'ANSWER': 19.52}]
  # found 0 program(s)
# (t=48.82) fallback i=131, candidate=[{'ANSWER': 19.66}]
  # found 0 program(s)
# (t=49.19) fallback i=132, candidate=[{'ANSWER': 19.76}]
  # found 0 program(s)
# (t=49.55) fallback i=133, candidate=[{'ANSWER': 19.84}]
  # found 0 program(s)
# (t=49.92) fallback i=134, candidate=[{'ANSWER': 19.97}]
  # found 0 program(s)
# (t=50.28) fallback i=135, candidate=[{'ANSWER': 190.64}]
  # found 0 program(s)
# (t=50.64) fallback i=136, candidate=[{'ANSWER': 192.06}]
  # found 0 program(s)
# (t=51.00) fallback i=137, candidate=[{'ANSWER': 192.79}]
  # found 0 program(s)
# (t=51.36) fallback i=138, candidate=[{'ANSWER': 195.62}]
  # found 0 program(s)
# (t=52.04) fallback i=139, candidate=[{'ANSWER': 198.08}]
  # found 0 program(s)
# (t=52.40) fallback i=140, candidate=[{'ANSWER': 199.91}]
  # found 0 program(s)
# (t=52.77) fallback i=141, candidate=[{'ANSWER': 20.09}]
  # found 0 program(s)
# (t=53.13) fallback i=142, candidate=[{'ANSWER': 20.46}]
  # found 0 program(s)
# (t=53.49) fallback i=143, candidate=[{'ANSWER': 20.59}]
  # found 0 program(s)
# (t=53.86) fallback i=144, candidate=[{'ANSWER': 20.71}]
  # found 0 program(s)
# (t=54.22) fallback i=145, candidate=[{'ANSWER': 20.82}]
  # found 0 program(s)
# (t=54.58) fallback i=146, candidate=[{'ANSWER': 20.87}]
  # found 0 program(s)
# (t=54.95) fallback i=147, candidate=[{'ANSWER': 20.93}]
  # found 0 program(s)
# (t=55.31) fallback i=148, candidate=[{'ANSWER': 204.62}]
  # found 0 program(s)
# (t=55.67) fallback i=149, candidate=[{'ANSWER': 21.0}]
  # found 0 program(s)
# (t=56.04) fallback i=150, candidate=[{'ANSWER': 21.03}]
  # found 0 program(s)
# (t=56.40) fallback i=151, candidate=[{'ANSWER': 21.1}]
  # found 0 program(s)
# (t=56.77) fallback i=152, candidate=[{'ANSWER': 21.19}]
  # found 0 program(s)
# (t=57.13) fallback i=153, candidate=[{'ANSWER': 21.26}]
  # found 0 program(s)
# (t=57.50) fallback i=154, candidate=[{'ANSWER': 21.45}]
  # found 0 program(s)
# (t=57.86) fallback i=155, candidate=[{'ANSWER': 21.53}]
  # found 0 program(s)
# (t=58.22) fallback i=156, candidate=[{'ANSWER': 21.56}]
  # found 0 program(s)
# (t=58.58) fallback i=157, candidate=[{'ANSWER': 21.57}]
  # found 0 program(s)
# (t=58.95) fallback i=158, candidate=[{'ANSWER': 21.65}]
  # found 0 program(s)
# (t=59.31) fallback i=159, candidate=[{'ANSWER': 21.75}]
  # found 0 program(s)
# (t=59.68) fallback i=160, candidate=[{'ANSWER': 21.77}]
  # found 0 program(s)
# (t=60.04) fallback i=161, candidate=[{'ANSWER': 21.8}]
  # found 0 program(s)
# (t=60.41) fallback i=162, candidate=[{'ANSWER': 21.85}]
  # found 0 program(s)
# (t=60.78) fallback i=163, candidate=[{'ANSWER': 210.73}]
  # found 0 program(s)
# (t=61.14) fallback i=164, candidate=[{'ANSWER': 22.01}]
  # found 0 program(s)
# (t=61.51) fallback i=165, candidate=[{'ANSWER': 22.24}]
  # found 0 program(s)
# (t=61.87) fallback i=166, candidate=[{'ANSWER': 22.25}]
  # found 0 program(s)
# (t=62.23) fallback i=167, candidate=[{'ANSWER': 22.46}]
  # found 0 program(s)
# (t=62.59) fallback i=168, candidate=[{'ANSWER': 22.47}]
  # found 0 program(s)
# (t=62.96) fallback i=169, candidate=[{'ANSWER': 22.5}]
  # found 0 program(s)
# (t=63.32) fallback i=170, candidate=[{'ANSWER': 22.51}]
  # found 0 program(s)
# (t=63.68) fallback i=171, candidate=[{'ANSWER': 22.69}]
  # found 0 program(s)
# (t=64.04) fallback i=172, candidate=[{'ANSWER': 22.76}]
  # found 0 program(s)
# (t=64.40) fallback i=173, candidate=[{'ANSWER': 22.93}]
  # found 0 program(s)
# (t=64.76) fallback i=174, candidate=[{'ANSWER': 220.0}]
  # found 0 program(s)
# (t=65.43) fallback i=175, candidate=[{'ANSWER': 223.02}]
  # found 0 program(s)
# (t=65.80) fallback i=176, candidate=[{'ANSWER': 23.02}]
  # found 0 program(s)
# (t=66.17) fallback i=177, candidate=[{'ANSWER': 23.15}]
  # found 0 program(s)
# (t=66.54) fallback i=178, candidate=[{'ANSWER': 23.18}]
  # found 0 program(s)
# (t=66.90) fallback i=179, candidate=[{'ANSWER': 23.21}]
  # found 0 program(s)
# (t=67.26) fallback i=180, candidate=[{'ANSWER': 23.28}]
  # found 0 program(s)
# (t=67.63) fallback i=181, candidate=[{'ANSWER': 23.34}]
  # found 0 program(s)
# (t=68.00) fallback i=182, candidate=[{'ANSWER': 23.35}]
  # found 0 program(s)
# (t=68.37) fallback i=183, candidate=[{'ANSWER': 23.38}]
  # found 0 program(s)
# (t=68.73) fallback i=184, candidate=[{'ANSWER': 23.42}]
  # found 0 program(s)
# (t=69.10) fallback i=185, candidate=[{'ANSWER': 23.44}]
  # found 0 program(s)
# (t=69.47) fallback i=186, candidate=[{'ANSWER': 23.46}]
  # found 0 program(s)
# (t=69.85) fallback i=187, candidate=[{'ANSWER': 23.64}]
  # found 0 program(s)
# (t=70.22) fallback i=188, candidate=[{'ANSWER': 23.65}]
  # found 0 program(s)
# (t=70.58) fallback i=189, candidate=[{'ANSWER': 23.73}]
  # found 0 program(s)
# (t=70.95) fallback i=190, candidate=[{'ANSWER': 23.8}]
  # found 0 program(s)
# (t=71.32) fallback i=191, candidate=[{'ANSWER': 23.82}]
  # found 0 program(s)
# (t=71.69) fallback i=192, candidate=[{'ANSWER': 23.83}]
  # found 0 program(s)
# (t=72.06) fallback i=193, candidate=[{'ANSWER': 24.0}]
  # found 0 program(s)
# (t=72.43) fallback i=194, candidate=[{'ANSWER': 24.11}]
  # found 0 program(s)
# (t=72.79) fallback i=195, candidate=[{'ANSWER': 24.13}]
  # found 0 program(s)
# (t=73.16) fallback i=196, candidate=[{'ANSWER': 24.29}]
  # found 0 program(s)
# (t=73.52) fallback i=197, candidate=[{'ANSWER': 24.43}]
  # found 0 program(s)
# (t=73.89) fallback i=198, candidate=[{'ANSWER': 24.52}]
  # found 0 program(s)
# (t=74.25) fallback i=199, candidate=[{'ANSWER': 24.53}]
  # found 0 program(s)
# (t=74.62) fallback i=200, candidate=[{'ANSWER': 24.6}]
  # found 0 program(s)
# (t=74.98) fallback i=201, candidate=[{'ANSWER': 24.69}]
  # found 0 program(s)
# (t=75.35) fallback i=202, candidate=[{'ANSWER': 24.75}]
  # found 0 program(s)
# (t=75.71) fallback i=203, candidate=[{'ANSWER': 24.84}]
  # found 0 program(s)
# (t=76.07) fallback i=204, candidate=[{'ANSWER': 25.04}]
  # found 0 program(s)
# (t=76.44) fallback i=205, candidate=[{'ANSWER': 25.35}]
  # found 0 program(s)
# (t=76.80) fallback i=206, candidate=[{'ANSWER': 25.36}]
  # found 0 program(s)
# (t=77.16) fallback i=207, candidate=[{'ANSWER': 25.41}]
  # found 0 program(s)
# (t=77.53) fallback i=208, candidate=[{'ANSWER': 25.45}]
  # found 0 program(s)
# (t=77.89) fallback i=209, candidate=[{'ANSWER': 25.49}]
  # found 0 program(s)
# (t=78.26) fallback i=210, candidate=[{'ANSWER': 25.68}]
  # found 0 program(s)
# (t=78.94) fallback i=211, candidate=[{'ANSWER': 25.71}]
  # found 0 program(s)
# (t=79.30) fallback i=212, candidate=[{'ANSWER': 25.78}]
  # found 0 program(s)
# (t=79.66) fallback i=213, candidate=[{'ANSWER': 25.92}]
  # found 0 program(s)
# (t=80.02) fallback i=214, candidate=[{'ANSWER': 25.94}]
  # found 0 program(s)
# (t=80.39) fallback i=215, candidate=[{'ANSWER': 26.03}]
  # found 0 program(s)
# (t=80.75) fallback i=216, candidate=[{'ANSWER': 26.07}]
  # found 0 program(s)
# (t=81.11) fallback i=217, candidate=[{'ANSWER': 26.12}]
  # found 0 program(s)
# (t=81.47) fallback i=218, candidate=[{'ANSWER': 26.14}]
  # found 0 program(s)
# (t=81.84) fallback i=219, candidate=[{'ANSWER': 26.19}]
  # found 0 program(s)
# (t=82.20) fallback i=220, candidate=[{'ANSWER': 26.2}]
  # found 0 program(s)
# (t=82.57) fallback i=221, candidate=[{'ANSWER': 26.35}]
  # found 0 program(s)
# (t=82.93) fallback i=222, candidate=[{'ANSWER': 26.36}]
  # found 0 program(s)
# (t=83.29) fallback i=223, candidate=[{'ANSWER': 26.47}]
  # found 0 program(s)
# (t=83.65) fallback i=224, candidate=[{'ANSWER': 26.63}]
  # found 0 program(s)
# (t=84.02) fallback i=225, candidate=[{'ANSWER': 26.89}]
  # found 0 program(s)
# (t=84.38) fallback i=226, candidate=[{'ANSWER': 26.93}]
  # found 0 program(s)
# (t=84.74) fallback i=227, candidate=[{'ANSWER': 26.95}]
  # found 0 program(s)
# (t=85.11) fallback i=228, candidate=[{'ANSWER': 26.96}]
  # found 0 program(s)
# (t=85.47) fallback i=229, candidate=[{'ANSWER': 27.21}]
  # found 0 program(s)
# (t=85.83) fallback i=230, candidate=[{'ANSWER': 27.25}]
  # found 0 program(s)
# (t=86.20) fallback i=231, candidate=[{'ANSWER': 27.34}]
  # found 0 program(s)
# (t=86.57) fallback i=232, candidate=[{'ANSWER': 27.48}]
  # found 0 program(s)
# (t=86.93) fallback i=233, candidate=[{'ANSWER': 27.5}]
  # found 0 program(s)
# (t=87.29) fallback i=234, candidate=[{'ANSWER': 27.56}]
  # found 0 program(s)
# (t=87.65) fallback i=235, candidate=[{'ANSWER': 27.66}]
  # found 0 program(s)
# (t=88.02) fallback i=236, candidate=[{'ANSWER': 27.95}]
  # found 0 program(s)
# (t=88.38) fallback i=237, candidate=[{'ANSWER': 277.27}]
  # found 0 program(s)
# (t=88.75) fallback i=238, candidate=[{'ANSWER': 28.02}]
  # found 0 program(s)
# (t=89.11) fallback i=239, candidate=[{'ANSWER': 28.04}]
  # found 0 program(s)
# (t=89.47) fallback i=240, candidate=[{'ANSWER': 28.05}]
  # found 0 program(s)
# (t=89.83) fallback i=241, candidate=[{'ANSWER': 28.13}]
  # found 0 program(s)
# (t=90.20) fallback i=242, candidate=[{'ANSWER': 28.14}]
  # found 0 program(s)
# (t=90.56) fallback i=243, candidate=[{'ANSWER': 28.3}]
  # found 0 program(s)
# (t=90.92) fallback i=244, candidate=[{'ANSWER': 28.37}]
  # found 0 program(s)
# (t=91.28) fallback i=245, candidate=[{'ANSWER': 28.4}]
  # found 0 program(s)
# (t=91.65) fallback i=246, candidate=[{'ANSWER': 28.66}]
  # found 0 program(s)
# (t=92.33) fallback i=247, candidate=[{'ANSWER': 28.67}]
  # found 0 program(s)
# (t=92.70) fallback i=248, candidate=[{'ANSWER': 28.69}]
  # found 0 program(s)
# (t=93.06) fallback i=249, candidate=[{'ANSWER': 28.8}]
  # found 0 program(s)
# (t=93.43) fallback i=250, candidate=[{'ANSWER': 286.0}]
  # found 0 program(s)
# (t=93.80) fallback i=251, candidate=[{'ANSWER': 287.76}]
  # found 0 program(s)
# (t=94.17) fallback i=252, candidate=[{'ANSWER': 29.07}]
  # found 0 program(s)
# (t=94.53) fallback i=253, candidate=[{'ANSWER': 29.11}]
  # found 0 program(s)
# (t=94.90) fallback i=254, candidate=[{'ANSWER': 29.27}]
  # found 0 program(s)
# (t=95.26) fallback i=255, candidate=[{'ANSWER': 29.7}]
  # found 0 program(s)
# (t=95.63) fallback i=256, candidate=[{'ANSWER': 292.96}]
  # found 0 program(s)
# (t=95.99) fallback i=257, candidate=[{'ANSWER': 294.15}]
  # found 0 program(s)
# (t=96.35) fallback i=258, candidate=[{'ANSWER': 30.12}]
  # found 0 program(s)
# (t=96.72) fallback i=259, candidate=[{'ANSWER': 30.34}]
  # found 0 program(s)
# (t=97.08) fallback i=260, candidate=[{'ANSWER': 30.47}]
  # found 0 program(s)
# (t=97.45) fallback i=261, candidate=[{'ANSWER': 30.83}]
  # found 0 program(s)
# (t=97.81) fallback i=262, candidate=[{'ANSWER': 307.65}]
  # found 0 program(s)
# (t=98.17) fallback i=263, candidate=[{'ANSWER': 31.01}]
  # found 0 program(s)
# (t=98.54) fallback i=264, candidate=[{'ANSWER': 31.13}]
  # found 0 program(s)
# (t=98.90) fallback i=265, candidate=[{'ANSWER': 316.46}]
  # found 0 program(s)
# (t=99.27) fallback i=266, candidate=[{'ANSWER': 32.09}]
  # found 0 program(s)
# (t=99.63) fallback i=267, candidate=[{'ANSWER': 32.12}]
  # found 0 program(s)
# (t=99.99) fallback i=268, candidate=[{'ANSWER': 32.2}]
  # found 0 program(s)
# (t=100.36) fallback i=269, candidate=[{'ANSWER': 32.36}]
  # found 0 program(s)
# (t=100.73) fallback i=270, candidate=[{'ANSWER': 32.54}]
  # found 0 program(s)
# (t=101.10) fallback i=271, candidate=[{'ANSWER': 33.09}]
  # found 0 program(s)
# (t=101.46) fallback i=272, candidate=[{'ANSWER': 33.53}]
  # found 0 program(s)
# (t=101.83) fallback i=273, candidate=[{'ANSWER': 33.95}]
  # found 0 program(s)
# (t=102.19) fallback i=274, candidate=[{'ANSWER': 337.99}]
  # found 0 program(s)
# (t=102.55) fallback i=275, candidate=[{'ANSWER': 338.53}]
  # found 0 program(s)
# (t=102.92) fallback i=276, candidate=[{'ANSWER': 34.0}]
  # found 0 program(s)
# (t=103.28) fallback i=277, candidate=[{'ANSWER': 34.13}]
  # found 0 program(s)
# (t=103.64) fallback i=278, candidate=[{'ANSWER': 34.27}]
  # found 0 program(s)
# (t=104.01) fallback i=279, candidate=[{'ANSWER': 34.61}]
  # found 0 program(s)
# (t=104.37) fallback i=280, candidate=[{'ANSWER': 348.06}]
  # found 0 program(s)
# (t=104.73) fallback i=281, candidate=[{'ANSWER': 35.03}]
  # found 0 program(s)
# (t=105.09) fallback i=282, candidate=[{'ANSWER': 35.18}]
  # found 0 program(s)
# (t=105.77) fallback i=283, candidate=[{'ANSWER': 35.21}]
  # found 0 program(s)
# (t=106.13) fallback i=284, candidate=[{'ANSWER': 35.51}]
  # found 0 program(s)
# (t=106.50) fallback i=285, candidate=[{'ANSWER': 35.89}]
  # found 0 program(s)
# (t=106.86) fallback i=286, candidate=[{'ANSWER': 359.36}]
  # found 0 program(s)
# (t=107.22) fallback i=287, candidate=[{'ANSWER': 36.06}]
  # found 0 program(s)
# (t=107.59) fallback i=288, candidate=[{'ANSWER': 36.31}]
  # found 0 program(s)
# (t=107.95) fallback i=289, candidate=[{'ANSWER': 36.32}]
  # found 0 program(s)
# (t=108.31) fallback i=290, candidate=[{'ANSWER': 36.35}]
  # found 0 program(s)
# (t=108.67) fallback i=291, candidate=[{'ANSWER': 36.53}]
  # found 0 program(s)
# (t=109.03) fallback i=292, candidate=[{'ANSWER': 36.62}]
  # found 0 program(s)
# (t=109.40) fallback i=293, candidate=[{'ANSWER': 36.81}]
  # found 0 program(s)
# (t=109.76) fallback i=294, candidate=[{'ANSWER': 362.62}]
  # found 0 program(s)
# (t=110.12) fallback i=295, candidate=[{'ANSWER': 37.44}]
  # found 0 program(s)
# (t=110.48) fallback i=296, candidate=[{'ANSWER': 37.67}]
  # found 0 program(s)
# (t=110.85) fallback i=297, candidate=[{'ANSWER': 371.82}]
  # found 0 program(s)
# (t=111.21) fallback i=298, candidate=[{'ANSWER': 372.14}]
  # found 0 program(s)
# (t=111.57) fallback i=299, candidate=[{'ANSWER': 378.53}]
  # found 0 program(s)
# (t=111.93) fallback i=300, candidate=[{'ANSWER': 38.09}]
  # found 0 program(s)
# (t=112.29) fallback i=301, candidate=[{'ANSWER': 38.14}]
  # found 0 program(s)
# (t=112.66) fallback i=302, candidate=[{'ANSWER': 38.44}]
  # found 0 program(s)
# (t=113.02) fallback i=303, candidate=[{'ANSWER': 38.45}]
  # found 0 program(s)
# (t=113.38) fallback i=304, candidate=[{'ANSWER': 38.68}]
  # found 0 program(s)
# (t=113.74) fallback i=305, candidate=[{'ANSWER': 38.92}]
  # found 0 program(s)
# (t=114.11) fallback i=306, candidate=[{'ANSWER': 386.6}]
  # found 0 program(s)
# (t=114.47) fallback i=307, candidate=[{'ANSWER': 39.14}]
  # found 0 program(s)
# (t=114.84) fallback i=308, candidate=[{'ANSWER': 39.46}]
  # found 0 program(s)
# (t=115.19) fallback i=309, candidate=[{'ANSWER': 39.68}]
  # found 0 program(s)
# (t=115.56) fallback i=310, candidate=[{'ANSWER': 39.76}]
  # found 0 program(s)
# (t=115.92) fallback i=311, candidate=[{'ANSWER': 39.79}]
  # found 0 program(s)
# (t=116.28) fallback i=312, candidate=[{'ANSWER': 39.81}]
  # found 0 program(s)
# (t=116.65) fallback i=313, candidate=[{'ANSWER': 39.86}]
  # found 0 program(s)
# (t=117.01) fallback i=314, candidate=[{'ANSWER': 390.0}]
  # found 0 program(s)
# (t=117.37) fallback i=315, candidate=[{'ANSWER': 395.97}]
  # found 0 program(s)
# (t=117.73) fallback i=316, candidate=[{'ANSWER': 40.34}]
  # found 0 program(s)
# (t=118.10) fallback i=317, candidate=[{'ANSWER': 40.86}]
  # found 0 program(s)
# (t=118.46) fallback i=318, candidate=[{'ANSWER': 400.52}]
  # found 0 program(s)
# (t=119.13) fallback i=319, candidate=[{'ANSWER': 401.9}]
  # found 0 program(s)
# (t=119.50) fallback i=320, candidate=[{'ANSWER': 404.91}]
  # found 0 program(s)
# (t=119.86) fallback i=321, candidate=[{'ANSWER': 41.5}]
  # found 0 program(s)
# (t=120.22) fallback i=322, candidate=[{'ANSWER': 41.64}]
  # found 0 program(s)
# (t=120.59) fallback i=323, candidate=[{'ANSWER': 41.67}]
  # found 0 program(s)
# (t=120.95) fallback i=324, candidate=[{'ANSWER': 414.86}]
  # found 0 program(s)
# (t=121.32) fallback i=325, candidate=[{'ANSWER': 417.23}]
  # found 0 program(s)
# (t=121.68) fallback i=326, candidate=[{'ANSWER': 417.94}]
  # found 0 program(s)
# (t=122.04) fallback i=327, candidate=[{'ANSWER': 419.33}]
  # found 0 program(s)
# (t=122.41) fallback i=328, candidate=[{'ANSWER': 42.65}]
  # found 0 program(s)
# (t=122.77) fallback i=329, candidate=[{'ANSWER': 42.7}]
  # found 0 program(s)
# (t=123.14) fallback i=330, candidate=[{'ANSWER': 421.59}]
  # found 0 program(s)
# (t=123.50) fallback i=331, candidate=[{'ANSWER': 43.01}]
  # found 0 program(s)
# (t=123.87) fallback i=332, candidate=[{'ANSWER': 43.22}]
  # found 0 program(s)
# (t=124.23) fallback i=333, candidate=[{'ANSWER': 43.28}]
  # found 0 program(s)
# (t=124.60) fallback i=334, candidate=[{'ANSWER': 43.6}]
  # found 0 program(s)
# (t=124.96) fallback i=335, candidate=[{'ANSWER': 432.66}]
  # found 0 program(s)
# (t=125.33) fallback i=336, candidate=[{'ANSWER': 44.29}]
  # found 0 program(s)
# (t=125.69) fallback i=337, candidate=[{'ANSWER': 44.82}]
  # found 0 program(s)
# (t=126.06) fallback i=338, candidate=[{'ANSWER': 44.86}]
  # found 0 program(s)
# (t=126.43) fallback i=339, candidate=[{'ANSWER': 440.47}]
  # found 0 program(s)
# (t=126.79) fallback i=340, candidate=[{'ANSWER': 443.05}]
  # found 0 program(s)
# (t=127.16) fallback i=341, candidate=[{'ANSWER': 449.45}]
  # found 0 program(s)
# (t=127.52) fallback i=342, candidate=[{'ANSWER': 45.15}]
  # found 0 program(s)
# (t=127.89) fallback i=343, candidate=[{'ANSWER': 45.3}]
  # found 0 program(s)
# (t=128.25) fallback i=344, candidate=[{'ANSWER': 458.16}]
  # found 0 program(s)
# (t=128.62) fallback i=345, candidate=[{'ANSWER': 46.32}]
  # found 0 program(s)
# (t=128.99) fallback i=346, candidate=[{'ANSWER': 46.89}]
  # found 0 program(s)
# (t=129.36) fallback i=347, candidate=[{'ANSWER': 460.48}]
  # found 0 program(s)
# (t=129.73) fallback i=348, candidate=[{'ANSWER': 461.67}]
  # found 0 program(s)
# (t=130.09) fallback i=349, candidate=[{'ANSWER': 463.29}]
  # found 0 program(s)
# (t=130.45) fallback i=350, candidate=[{'ANSWER': 47.15}]
  # found 0 program(s)
# (t=130.82) fallback i=351, candidate=[{'ANSWER': 471.18}]
  # found 0 program(s)
# (t=131.18) fallback i=352, candidate=[{'ANSWER': 471.38}]
  # found 0 program(s)
# (t=131.55) fallback i=353, candidate=[{'ANSWER': 473.75}]
  # found 0 program(s)
# (t=131.92) fallback i=354, candidate=[{'ANSWER': 476.39}]
  # found 0 program(s)
# (t=132.61) fallback i=355, candidate=[{'ANSWER': 48.31}]
  # found 0 program(s)
# (t=132.97) fallback i=356, candidate=[{'ANSWER': 48.43}]
  # found 0 program(s)
# (t=133.34) fallback i=357, candidate=[{'ANSWER': 48.46}]
  # found 0 program(s)
# (t=133.70) fallback i=358, candidate=[{'ANSWER': 48.5}]
  # found 0 program(s)
# (t=134.07) fallback i=359, candidate=[{'ANSWER': 484.81}]
  # found 0 program(s)
# (t=134.44) fallback i=360, candidate=[{'ANSWER': 495.85}]
  # found 0 program(s)
# (t=134.80) fallback i=361, candidate=[{'ANSWER': 497.91}]
  # found 0 program(s)
# (t=135.16) fallback i=362, candidate=[{'ANSWER': 5.97}]
  # found 0 program(s)
# (t=135.53) fallback i=363, candidate=[{'ANSWER': 50.4}]
  # found 0 program(s)
# (t=135.89) fallback i=364, candidate=[{'ANSWER': 501.5}]
  # found 0 program(s)
# (t=136.26) fallback i=365, candidate=[{'ANSWER': 51.28}]
  # found 0 program(s)
# (t=136.63) fallback i=366, candidate=[{'ANSWER': 510.0}]
  # found 0 program(s)
# (t=136.99) fallback i=367, candidate=[{'ANSWER': 515.25}]
  # found 0 program(s)
# (t=137.36) fallback i=368, candidate=[{'ANSWER': 52.62}]
  # found 0 program(s)
# (t=137.72) fallback i=369, candidate=[{'ANSWER': 522.7}]
  # found 0 program(s)
# (t=138.08) fallback i=370, candidate=[{'ANSWER': 526.42}]
  # found 0 program(s)
# (t=138.45) fallback i=371, candidate=[{'ANSWER': 526.8}]
  # found 0 program(s)
# (t=138.81) fallback i=372, candidate=[{'ANSWER': 529.94}]
  # found 0 program(s)
# (t=139.17) fallback i=373, candidate=[{'ANSWER': 53.01}]
  # found 0 program(s)
# (t=139.54) fallback i=374, candidate=[{'ANSWER': 53.61}]
  # found 0 program(s)
# (t=139.90) fallback i=375, candidate=[{'ANSWER': 53.97}]
  # found 0 program(s)
# (t=140.26) fallback i=376, candidate=[{'ANSWER': 536.12}]
  # found 0 program(s)
# (t=140.62) fallback i=377, candidate=[{'ANSWER': 54.4}]
  # found 0 program(s)
# (t=140.98) fallback i=378, candidate=[{'ANSWER': 54.43}]
  # found 0 program(s)
# (t=141.35) fallback i=379, candidate=[{'ANSWER': 55.19}]
  # found 0 program(s)
# (t=141.71) fallback i=380, candidate=[{'ANSWER': 560.19}]
  # found 0 program(s)
# (t=142.07) fallback i=381, candidate=[{'ANSWER': 564.3}]
  # found 0 program(s)
# (t=142.44) fallback i=382, candidate=[{'ANSWER': 567.27}]
  # found 0 program(s)
# (t=142.80) fallback i=383, candidate=[{'ANSWER': 57.24}]
  # found 0 program(s)
# (t=143.16) fallback i=384, candidate=[{'ANSWER': 57.27}]
  # found 0 program(s)
# (t=143.52) fallback i=385, candidate=[{'ANSWER': 57.59}]
  # found 0 program(s)
# (t=143.89) fallback i=386, candidate=[{'ANSWER': 574.29}]
  # found 0 program(s)
# (t=144.25) fallback i=387, candidate=[{'ANSWER': 58.82}]
  # found 0 program(s)
# (t=144.61) fallback i=388, candidate=[{'ANSWER': 583.0}]
  # found 0 program(s)
# (t=144.98) fallback i=389, candidate=[{'ANSWER': 585.8}]
  # found 0 program(s)
# (t=145.34) fallback i=390, candidate=[{'ANSWER': 59.77}]
  # found 0 program(s)
# (t=146.02) fallback i=391, candidate=[{'ANSWER': 6.98}]
  # found 0 program(s)
# (t=146.38) fallback i=392, candidate=[{'ANSWER': 61.33}]
  # found 0 program(s)
# (t=146.75) fallback i=393, candidate=[{'ANSWER': 619.98}]
  # found 0 program(s)
# (t=147.11) fallback i=394, candidate=[{'ANSWER': 62.72}]
  # found 0 program(s)
# (t=147.47) fallback i=395, candidate=[{'ANSWER': 63.86}]
  # found 0 program(s)
# (t=147.83) fallback i=396, candidate=[{'ANSWER': 64.47}]
  # found 0 program(s)
# (t=148.20) fallback i=397, candidate=[{'ANSWER': 64.56}]
  # found 0 program(s)
# (t=148.56) fallback i=398, candidate=[{'ANSWER': 64.79}]
  # found 0 program(s)
# (t=148.93) fallback i=399, candidate=[{'ANSWER': 65.31}]
  # found 0 program(s)
# (t=149.29) fallback i=400, candidate=[{'ANSWER': 67.0}]
  # found 0 program(s)
# (t=149.66) fallback i=401, candidate=[{'ANSWER': 67.82}]
  # found 0 program(s)
# (t=150.02) fallback i=402, candidate=[{'ANSWER': 67.85}]
  # found 0 program(s)
# (t=150.39) fallback i=403, candidate=[{'ANSWER': 67.96}]
  # found 0 program(s)
# (t=150.76) fallback i=404, candidate=[{'ANSWER': 68.41}]
  # found 0 program(s)
# (t=151.12) fallback i=405, candidate=[{'ANSWER': 68.49}]
  # found 0 program(s)
# (t=151.49) fallback i=406, candidate=[{'ANSWER': 68.52}]
  # found 0 program(s)
# (t=151.85) fallback i=407, candidate=[{'ANSWER': 68.87}]
  # found 0 program(s)
# (t=152.21) fallback i=408, candidate=[{'ANSWER': 68.93}]
  # found 0 program(s)
# (t=152.57) fallback i=409, candidate=[{'ANSWER': 69.14}]
  # found 0 program(s)
# (t=152.94) fallback i=410, candidate=[{'ANSWER': 691.48}]
  # found 0 program(s)
# (t=153.30) fallback i=411, candidate=[{'ANSWER': 693.0}]
  # found 0 program(s)
# (t=153.66) fallback i=412, candidate=[{'ANSWER': 7.07}]
  # found 0 program(s)
# (t=154.03) fallback i=413, candidate=[{'ANSWER': 7.11}]
  # found 0 program(s)
# (t=154.40) fallback i=414, candidate=[{'ANSWER': 7.16}]
  # found 0 program(s)
# (t=154.76) fallback i=415, candidate=[{'ANSWER': 7.18}]
  # found 0 program(s)
# (t=155.13) fallback i=416, candidate=[{'ANSWER': 7.25}]
  # found 0 program(s)
# (t=155.49) fallback i=417, candidate=[{'ANSWER': 7.38}]
  # found 0 program(s)
# (t=155.86) fallback i=418, candidate=[{'ANSWER': 7.44}]
  # found 0 program(s)
# (t=156.22) fallback i=419, candidate=[{'ANSWER': 7.51}]
  # found 0 program(s)
# (t=156.59) fallback i=420, candidate=[{'ANSWER': 7.63}]
  # found 0 program(s)
# (t=156.95) fallback i=421, candidate=[{'ANSWER': 7.75}]
  # found 0 program(s)
# (t=157.32) fallback i=422, candidate=[{'ANSWER': 7.76}]
  # found 0 program(s)
# (t=157.68) fallback i=423, candidate=[{'ANSWER': 70.18}]
  # found 0 program(s)
# (t=158.05) fallback i=424, candidate=[{'ANSWER': 70.39}]
  # found 0 program(s)
# (t=158.42) fallback i=425, candidate=[{'ANSWER': 70.58}]
  # found 0 program(s)
# (t=158.78) fallback i=426, candidate=[{'ANSWER': 70.77}]
  # found 0 program(s)
# (t=159.46) fallback i=427, candidate=[{'ANSWER': 707.0}]
  # found 46 program(s)
    # SelectCol(SelectRow0(GroupSum(@param0, ['0'], max, 2), eqmax, 1), ['1'])
      --> ['SelectCol', ['SelectRow0', ['GroupSum', 'input@0', ['symbol'], 'max', 'price'], 'eqmax', 'COL0'], ['COL0']]
    # SelectCol(SelectRow0(GroupSum(@param0, ['0'], max, 2), eqmax, 1), ['-99'])
      --> ['SelectCol', ['SelectRow0', ['GroupSum', 'input@0', ['symbol'], 'max', 'price'], 'eqmax', 'COL0'], ['COL0']]
    # SelectCol(SelectRow0(GroupSum(@param0, ['1'], max, 2), eqmax, 1), ['1'])
      --> ['SelectCol', ['SelectRow0', ['GroupSum', 'input@0', ['date'], 'max', 'price'], 'eqmax', 'COL0'], ['COL0']]
    # SelectCol(SelectRow0(GroupSum(@param0, ['1'], max, 2), eqmax, 1), ['-99'])
      --> ['SelectCol', ['SelectRow0', ['GroupSum', 'input@0', ['date'], 'max', 'price'], 'eqmax', 'COL0'], ['COL0']]
    # SelectCol(SelectRow0(GroupSum(@param0, ['2'], max, 2), eqmax, 0), ['0'])
      --> ['SelectCol', ['SelectRow0', ['GroupSum', 'input@0', ['price'], 'max', 'price'], 'eqmax', 'price'], ['price']]
    # SelectCol(SelectRow0(GroupSum(@param0, ['2'], max, 2), eqmax, 0), ['1'])
      --> ['SelectCol', ['SelectRow0', ['GroupSum', 'input@0', ['price'], 'max', 'price'], 'eqmax', 'price'], ['COL0']]
    # SelectCol(SelectRow0(GroupSum(@param0, ['2'], max, 2), eqmax, 0), ['-99'])
      --> ['SelectCol', ['SelectRow0', ['GroupSum', 'input@0', ['price'], 'max', 'price'], 'eqmax', 'price'], ['COL0']]
    # SelectCol(SelectRow0(GroupSum(@param0, ['2'], max, 2), eqmax, 0), ['-1'])
      --> ['SelectCol', ['SelectRow0', ['GroupSum', 'input@0', ['price'], 'max', 'price'], 'eqmax', 'price'], ['price']]
    # SelectCol(SelectRow0(GroupSum(@param0, ['2'], max, 2), eqmax, 1), ['0'])
      --> ['SelectCol', ['SelectRow0', ['GroupSum', 'input@0', ['price'], 'max', 'price'], 'eqmax', 'COL0'], ['price']]
    # SelectCol(SelectRow0(GroupSum(@param0, ['2'], max, 2), eqmax, 1), ['1'])
      --> ['SelectCol', ['SelectRow0', ['GroupSum', 'input@0', ['price'], 'max', 'price'], 'eqmax', 'COL0'], ['COL0']]
    # SelectCol(SelectRow0(GroupSum(@param0, ['2'], max, 2), eqmax, 1), ['-99'])
      --> ['SelectCol', ['SelectRow0', ['GroupSum', 'input@0', ['price'], 'max', 'price'], 'eqmax', 'COL0'], ['COL0']]
    # SelectCol(SelectRow0(GroupSum(@param0, ['2'], max, 2), eqmax, 1), ['-1'])
      --> ['SelectCol', ['SelectRow0', ['GroupSum', 'input@0', ['price'], 'max', 'price'], 'eqmax', 'COL0'], ['price']]
    # SelectCol(SelectRow0(GroupSum(@param0, ['3'], max, 2), eqmax, 1), ['1'])
      --> ['SelectCol', ['SelectRow0', ['GroupSum', 'input@0', ['color'], 'max', 'price'], 'eqmax', 'COL0'], ['COL0']]
    # SelectCol(SelectRow0(GroupSum(@param0, ['3'], max, 2), eqmax, 1), ['-99'])
      --> ['SelectCol', ['SelectRow0', ['GroupSum', 'input@0', ['color'], 'max', 'price'], 'eqmax', 'COL0'], ['COL0']]
    # SelectCol(SelectRow0(GroupSum(@param0, ['0', '1'], max, 2), eqmax, 2), ['2'])
      --> ['SelectCol', ['SelectRow0', ['GroupSum', 'input@0', ['symbol', 'date'], 'max', 'price'], 'eqmax', 'COL0'], ['COL0']]
    # SelectCol(SelectRow0(GroupSum(@param0, ['0', '1'], max, 2), eqmax, 2), ['-99', '-1'])
      --> ['SelectCol', ['SelectRow0', ['GroupSum', 'input@0', ['symbol', 'date'], 'max', 'price'], 'eqmax', 'COL0'], ['COL0']]
    # SelectCol(SelectRow0(GroupSum(@param0, ['0', '2'], max, 2), eqmax, 1), ['1'])
      --> ['SelectCol', ['SelectRow0', ['GroupSum', 'input@0', ['symbol', 'price'], 'max', 'price'], 'eqmax', 'price'], ['price']]
    # SelectCol(SelectRow0(GroupSum(@param0, ['0', '2'], max, 2), eqmax, 1), ['2'])
      --> ['SelectCol', ['SelectRow0', ['GroupSum', 'input@0', ['symbol', 'price'], 'max', 'price'], 'eqmax', 'price'], ['COL0']]
    # SelectCol(SelectRow0(GroupSum(@param0, ['0', '2'], max, 2), eqmax, 1), ['-99', '-1'])
      --> ['SelectCol', ['SelectRow0', ['GroupSum', 'input@0', ['symbol', 'price'], 'max', 'price'], 'eqmax', 'price'], ['COL0']]
    # SelectCol(SelectRow0(GroupSum(@param0, ['0', '2'], max, 2), eqmax, 1), ['-99', '-2'])
      --> ['SelectCol', ['SelectRow0', ['GroupSum', 'input@0', ['symbol', 'price'], 'max', 'price'], 'eqmax', 'price'], ['price']]
    # SelectCol(SelectRow0(GroupSum(@param0, ['0', '2'], max, 2), eqmax, 2), ['1'])
      --> ['SelectCol', ['SelectRow0', ['GroupSum', 'input@0', ['symbol', 'price'], 'max', 'price'], 'eqmax', 'COL0'], ['price']]
    # SelectCol(SelectRow0(GroupSum(@param0, ['0', '2'], max, 2), eqmax, 2), ['2'])
      --> ['SelectCol', ['SelectRow0', ['GroupSum', 'input@0', ['symbol', 'price'], 'max', 'price'], 'eqmax', 'COL0'], ['COL0']]
    # SelectCol(SelectRow0(GroupSum(@param0, ['0', '2'], max, 2), eqmax, 2), ['-99', '-1'])
      --> ['SelectCol', ['SelectRow0', ['GroupSum', 'input@0', ['symbol', 'price'], 'max', 'price'], 'eqmax', 'COL0'], ['COL0']]
    # SelectCol(SelectRow0(GroupSum(@param0, ['0', '2'], max, 2), eqmax, 2), ['-99', '-2'])
      --> ['SelectCol', ['SelectRow0', ['GroupSum', 'input@0', ['symbol', 'price'], 'max', 'price'], 'eqmax', 'COL0'], ['price']]
    # SelectCol(SelectRow0(GroupSum(@param0, ['0', '3'], max, 2), eqmax, 2), ['2'])
      --> ['SelectCol', ['SelectRow0', ['GroupSum', 'input@0', ['symbol', 'color'], 'max', 'price'], 'eqmax', 'COL0'], ['COL0']]
    # SelectCol(SelectRow0(GroupSum(@param0, ['0', '3'], max, 2), eqmax, 2), ['-99', '-1'])
      --> ['SelectCol', ['SelectRow0', ['GroupSum', 'input@0', ['symbol', 'color'], 'max', 'price'], 'eqmax', 'COL0'], ['COL0']]
    # SelectCol(SelectRow0(GroupSum(@param0, ['1', '2'], max, 2), eqmax, 1), ['1'])
      --> ['SelectCol', ['SelectRow0', ['GroupSum', 'input@0', ['date', 'price'], 'max', 'price'], 'eqmax', 'price'], ['price']]
    # SelectCol(SelectRow0(GroupSum(@param0, ['1', '2'], max, 2), eqmax, 1), ['2'])
      --> ['SelectCol', ['SelectRow0', ['GroupSum', 'input@0', ['date', 'price'], 'max', 'price'], 'eqmax', 'price'], ['COL0']]
    # SelectCol(SelectRow0(GroupSum(@param0, ['1', '2'], max, 2), eqmax, 1), ['-99', '-1'])
      --> ['SelectCol', ['SelectRow0', ['GroupSum', 'input@0', ['date', 'price'], 'max', 'price'], 'eqmax', 'price'], ['COL0']]
    # SelectCol(SelectRow0(GroupSum(@param0, ['1', '2'], max, 2), eqmax, 1), ['-99', '-2'])
      --> ['SelectCol', ['SelectRow0', ['GroupSum', 'input@0', ['date', 'price'], 'max', 'price'], 'eqmax', 'price'], ['price']]
    # SelectCol(SelectRow0(GroupSum(@param0, ['1', '2'], max, 2), eqmax, 2), ['1'])
      --> ['SelectCol', ['SelectRow0', ['GroupSum', 'input@0', ['date', 'price'], 'max', 'price'], 'eqmax', 'COL0'], ['price']]
    # SelectCol(SelectRow0(GroupSum(@param0, ['1', '2'], max, 2), eqmax, 2), ['2'])
      --> ['SelectCol', ['SelectRow0', ['GroupSum', 'input@0', ['date', 'price'], 'max', 'price'], 'eqmax', 'COL0'], ['COL0']]
    # SelectCol(SelectRow0(GroupSum(@param0, ['1', '2'], max, 2), eqmax, 2), ['-99', '-1'])
      --> ['SelectCol', ['SelectRow0', ['GroupSum', 'input@0', ['date', 'price'], 'max', 'price'], 'eqmax', 'COL0'], ['COL0']]
    # SelectCol(SelectRow0(GroupSum(@param0, ['1', '2'], max, 2), eqmax, 2), ['-99', '-2'])
      --> ['SelectCol', ['SelectRow0', ['GroupSum', 'input@0', ['date', 'price'], 'max', 'price'], 'eqmax', 'COL0'], ['price']]
    # SelectCol(SelectRow0(GroupSum(@param0, ['1', '3'], max, 2), eqmax, 2), ['2'])
      --> ['SelectCol', ['SelectRow0', ['GroupSum', 'input@0', ['date', 'color'], 'max', 'price'], 'eqmax', 'COL0'], ['COL0']]
    # SelectCol(SelectRow0(GroupSum(@param0, ['1', '3'], max, 2), eqmax, 2), ['-99', '-1'])
      --> ['SelectCol', ['SelectRow0', ['GroupSum', 'input@0', ['date', 'color'], 'max', 'price'], 'eqmax', 'COL0'], ['COL0']]
    # SelectCol(SelectRow0(GroupSum(@param0, ['2', '3'], max, 2), eqmax, 0), ['0'])
      --> ['SelectCol', ['SelectRow0', ['GroupSum', 'input@0', ['price', 'color'], 'max', 'price'], 'eqmax', 'price'], ['price']]
    # SelectCol(SelectRow0(GroupSum(@param0, ['2', '3'], max, 2), eqmax, 0), ['2'])
      --> ['SelectCol', ['SelectRow0', ['GroupSum', 'input@0', ['price', 'color'], 'max', 'price'], 'eqmax', 'price'], ['COL0']]
    # SelectCol(SelectRow0(GroupSum(@param0, ['2', '3'], max, 2), eqmax, 0), ['-99', '-1'])
      --> ['SelectCol', ['SelectRow0', ['GroupSum', 'input@0', ['price', 'color'], 'max', 'price'], 'eqmax', 'price'], ['COL0']]
    # SelectCol(SelectRow0(GroupSum(@param0, ['2', '3'], max, 2), eqmax, 0), ['-1', '-2'])
      --> ['SelectCol', ['SelectRow0', ['GroupSum', 'input@0', ['price', 'color'], 'max', 'price'], 'eqmax', 'price'], ['price']]
    # SelectCol(SelectRow0(GroupSum(@param0, ['2', '3'], max, 2), eqmax, 2), ['0'])
      --> ['SelectCol', ['SelectRow0', ['GroupSum', 'input@0', ['price', 'color'], 'max', 'price'], 'eqmax', 'COL0'], ['price']]
    # SelectCol(SelectRow0(GroupSum(@param0, ['2', '3'], max, 2), eqmax, 2), ['2'])
      --> ['SelectCol', ['SelectRow0', ['GroupSum', 'input@0', ['price', 'color'], 'max', 'price'], 'eqmax', 'COL0'], ['COL0']]
    # SelectCol(SelectRow0(GroupSum(@param0, ['2', '3'], max, 2), eqmax, 2), ['-99', '-1'])
      --> ['SelectCol', ['SelectRow0', ['GroupSum', 'input@0', ['price', 'color'], 'max', 'price'], 'eqmax', 'COL0'], ['COL0']]
    # SelectCol(SelectRow0(GroupSum(@param0, ['2', '3'], max, 2), eqmax, 2), ['-1', '-2'])
      --> ['SelectCol', ['SelectRow0', ['GroupSum', 'input@0', ['price', 'color'], 'max', 'price'], 'eqmax', 'COL0'], ['price']]
    # SelectCol(SelectRow0(@param0, eqmax, 2), ['2'])
      --> ['SelectCol', ['SelectRow0', 'input@0', 'eqmax', 'price'], ['price']]
    # Summarize(@param0, max, 2)
      --> ['Summarize', 'input@0', 'max', 'price']
# (t=160.05) fallback i=428, candidate=[{'ANSWER': 71.13}]
  # found 0 program(s)
# (t=160.41) fallback i=429, candidate=[{'ANSWER': 71.22}]
  # found 0 program(s)
# (t=160.77) fallback i=430, candidate=[{'ANSWER': 71.3}]
  # found 0 program(s)
# (t=161.13) fallback i=431, candidate=[{'ANSWER': 71.57}]
  # found 0 program(s)
# (t=161.49) fallback i=432, candidate=[{'ANSWER': 71.76}]
  # found 0 program(s)
# (t=161.86) fallback i=433, candidate=[{'ANSWER': 71.89}]
  # found 0 program(s)
# (t=162.22) fallback i=434, candidate=[{'ANSWER': 72.15}]
  # found 0 program(s)
# (t=162.59) fallback i=435, candidate=[{'ANSWER': 72.7}]
  # found 0 program(s)
# (t=162.96) fallback i=436, candidate=[{'ANSWER': 72.76}]
  # found 0 program(s)
# (t=163.32) fallback i=437, candidate=[{'ANSWER': 72.97}]
  # found 0 program(s)
# (t=163.69) fallback i=438, candidate=[{'ANSWER': 73.33}]
  # found 0 program(s)
# (t=164.05) fallback i=439, candidate=[{'ANSWER': 73.44}]
  # found 0 program(s)
# (t=164.42) fallback i=440, candidate=[{'ANSWER': 74.28}]
  # found 0 program(s)
# (t=164.78) fallback i=441, candidate=[{'ANSWER': 74.7}]
  # found 0 program(s)
# (t=165.14) fallback i=442, candidate=[{'ANSWER': 75.04}]
  # found 0 program(s)
# (t=165.51) fallback i=443, candidate=[{'ANSWER': 75.07}]
  # found 0 program(s)
# (t=165.87) fallback i=444, candidate=[{'ANSWER': 75.09}]
  # found 0 program(s)
# (t=166.23) fallback i=445, candidate=[{'ANSWER': 75.12}]
  # found 0 program(s)
# (t=166.60) fallback i=446, candidate=[{'ANSWER': 75.42}]
  # found 0 program(s)
# (t=166.96) fallback i=447, candidate=[{'ANSWER': 75.51}]
  # found 0 program(s)
# (t=167.32) fallback i=448, candidate=[{'ANSWER': 75.82}]
  # found 0 program(s)
# (t=167.69) fallback i=449, candidate=[{'ANSWER': 75.89}]
  # found 0 program(s)
# (t=168.05) fallback i=450, candidate=[{'ANSWER': 76.25}]
  # found 0 program(s)
# (t=168.42) fallback i=451, candidate=[{'ANSWER': 76.34}]
  # found 0 program(s)
# (t=168.78) fallback i=452, candidate=[{'ANSWER': 76.35}]
  # found 0 program(s)
# (t=169.15) fallback i=453, candidate=[{'ANSWER': 76.47}]
  # found 0 program(s)
# (t=169.51) fallback i=454, candidate=[{'ANSWER': 76.73}]
  # found 0 program(s)
# (t=169.88) fallback i=455, candidate=[{'ANSWER': 76.98}]
  # found 0 program(s)
# (t=170.25) fallback i=456, candidate=[{'ANSWER': 77.05}]
  # found 0 program(s)
# (t=170.61) fallback i=457, candidate=[{'ANSWER': 77.17}]
  # found 0 program(s)
# (t=170.97) fallback i=458, candidate=[{'ANSWER': 77.26}]
  # found 0 program(s)
# (t=171.34) fallback i=459, candidate=[{'ANSWER': 77.47}]
  # found 0 program(s)
# (t=171.70) fallback i=460, candidate=[{'ANSWER': 77.53}]
  # found 0 program(s)
# (t=172.07) fallback i=461, candidate=[{'ANSWER': 77.7}]
  # found 0 program(s)
# (t=172.43) fallback i=462, candidate=[{'ANSWER': 77.99}]
  # found 0 program(s)
# (t=173.11) fallback i=463, candidate=[{'ANSWER': 78.17}]
  # found 0 program(s)
# (t=173.47) fallback i=464, candidate=[{'ANSWER': 78.54}]
  # found 0 program(s)
# (t=173.84) fallback i=465, candidate=[{'ANSWER': 78.63}]
  # found 0 program(s)
# (t=174.20) fallback i=466, candidate=[{'ANSWER': 79.13}]
  # found 0 program(s)
# (t=174.56) fallback i=467, candidate=[{'ANSWER': 79.16}]
  # found 0 program(s)
# (t=174.93) fallback i=468, candidate=[{'ANSWER': 79.65}]
  # found 0 program(s)
# (t=175.29) fallback i=469, candidate=[{'ANSWER': 79.91}]
  # found 0 program(s)
# (t=175.65) fallback i=470, candidate=[{'ANSWER': 8.03}]
  # found 0 program(s)
# (t=176.01) fallback i=471, candidate=[{'ANSWER': 8.25}]
  # found 0 program(s)
# (t=176.37) fallback i=472, candidate=[{'ANSWER': 8.78}]
  # found 0 program(s)
# (t=176.73) fallback i=473, candidate=[{'ANSWER': 8.86}]
  # found 0 program(s)
# (t=177.09) fallback i=474, candidate=[{'ANSWER': 8.94}]
  # found 0 program(s)
# (t=177.45) fallback i=475, candidate=[{'ANSWER': 8.98}]
  # found 0 program(s)
# (t=177.82) fallback i=476, candidate=[{'ANSWER': 80.19}]
  # found 0 program(s)
# (t=178.18) fallback i=477, candidate=[{'ANSWER': 80.48}]
  # found 0 program(s)
# (t=178.54) fallback i=478, candidate=[{'ANSWER': 80.52}]
  # found 0 program(s)
# (t=178.90) fallback i=479, candidate=[{'ANSWER': 80.81}]
  # found 0 program(s)
# (t=179.25) fallback i=480, candidate=[{'ANSWER': 80.91}]
  # found 0 program(s)
# (t=179.61) fallback i=481, candidate=[{'ANSWER': 81.04}]
  # found 0 program(s)
# (t=179.97) fallback i=482, candidate=[{'ANSWER': 81.08}]
  # found 0 program(s)
# (t=180.34) fallback i=483, candidate=[{'ANSWER': 81.19}]
  # found 0 program(s)
# (t=180.70) fallback i=484, candidate=[{'ANSWER': 81.59}]
  # found 0 program(s)
# (t=181.06) fallback i=485, candidate=[{'ANSWER': 81.62}]
  # found 0 program(s)
# (t=181.43) fallback i=486, candidate=[{'ANSWER': 81.96}]
  # found 0 program(s)
# (t=181.79) fallback i=487, candidate=[{'ANSWER': 82.15}]
  # found 0 program(s)
# (t=182.16) fallback i=488, candidate=[{'ANSWER': 82.82}]
  # found 0 program(s)
# (t=182.52) fallback i=489, candidate=[{'ANSWER': 82.84}]
  # found 0 program(s)
# (t=182.89) fallback i=490, candidate=[{'ANSWER': 82.98}]
  # found 0 program(s)
# (t=183.25) fallback i=491, candidate=[{'ANSWER': 83.08}]
  # found 0 program(s)
# (t=183.62) fallback i=492, candidate=[{'ANSWER': 83.66}]
  # found 0 program(s)
# (t=183.98) fallback i=493, candidate=[{'ANSWER': 84.12}]
  # found 0 program(s)
# (t=184.34) fallback i=494, candidate=[{'ANSWER': 84.41}]
  # found 0 program(s)
# (t=184.71) fallback i=495, candidate=[{'ANSWER': 84.61}]
  # found 0 program(s)
# (t=185.07) fallback i=496, candidate=[{'ANSWER': 84.66}]
  # found 0 program(s)
# (t=185.44) fallback i=497, candidate=[{'ANSWER': 84.84}]
  # found 0 program(s)
# (t=185.80) fallback i=498, candidate=[{'ANSWER': 85.05}]
  # found 0 program(s)
# (t=186.50) fallback i=499, candidate=[{'ANSWER': 85.35}]
  # found 0 program(s)
# (t=186.86) fallback i=500, candidate=[{'ANSWER': 85.73}]
  # found 0 program(s)
# (t=187.23) fallback i=501, candidate=[{'ANSWER': 85.76}]
  # found 0 program(s)
# (t=187.59) fallback i=502, candidate=[{'ANSWER': 85.78}]
  # found 0 program(s)
# (t=187.96) fallback i=503, candidate=[{'ANSWER': 86.39}]
  # found 0 program(s)
# (t=188.33) fallback i=504, candidate=[{'ANSWER': 86.63}]
  # found 0 program(s)
# (t=188.69) fallback i=505, candidate=[{'ANSWER': 86.95}]
  # found 0 program(s)
# (t=189.06) fallback i=506, candidate=[{'ANSWER': 87.06}]
  # found 0 program(s)
# (t=189.43) fallback i=507, candidate=[{'ANSWER': 87.15}]
  # found 0 program(s)
# (t=189.80) fallback i=508, candidate=[{'ANSWER': 88.18}]
  # found 0 program(s)
# (t=190.17) fallback i=509, candidate=[{'ANSWER': 88.5}]
  # found 0 program(s)
# (t=190.54) fallback i=510, candidate=[{'ANSWER': 88.7}]
  # found 0 program(s)
# (t=190.92) fallback i=511, candidate=[{'ANSWER': 88.82}]
  # found 0 program(s)
# (t=191.28) fallback i=512, candidate=[{'ANSWER': 89.15}]
  # found 0 program(s)
# (t=191.65) fallback i=513, candidate=[{'ANSWER': 89.31}]
  # found 0 program(s)
# (t=192.01) fallback i=514, candidate=[{'ANSWER': 89.44}]
  # found 0 program(s)
# (t=192.38) fallback i=515, candidate=[{'ANSWER': 89.46}]
  # found 0 program(s)
# (t=192.74) fallback i=516, candidate=[{'ANSWER': 89.98}]
  # found 0 program(s)
# (t=193.11) fallback i=517, candidate=[{'ANSWER': 9.12}]
  # found 0 program(s)
# (t=193.47) fallback i=518, candidate=[{'ANSWER': 9.27}]
  # found 0 program(s)
# (t=193.85) fallback i=519, candidate=[{'ANSWER': 9.4}]
  # found 0 program(s)
# (t=194.22) fallback i=520, candidate=[{'ANSWER': 9.53}]
  # found 0 program(s)
# (t=194.58) fallback i=521, candidate=[{'ANSWER': 9.78}]
  # found 0 program(s)
# (t=194.95) fallback i=522, candidate=[{'ANSWER': 9.98}]
  # found 0 program(s)
# (t=195.32) fallback i=523, candidate=[{'ANSWER': 90.13}]
  # found 0 program(s)
# (t=195.69) fallback i=524, candidate=[{'ANSWER': 90.24}]
  # found 0 program(s)
# (t=196.06) fallback i=525, candidate=[{'ANSWER': 90.25}]
  # found 0 program(s)
# (t=196.43) fallback i=526, candidate=[{'ANSWER': 90.32}]
  # found 0 program(s)
# (t=196.79) fallback i=527, candidate=[{'ANSWER': 90.56}]
  # found 0 program(s)
# (t=197.16) fallback i=528, candidate=[{'ANSWER': 91.06}]
  # found 0 program(s)
# (t=197.52) fallback i=529, candidate=[{'ANSWER': 91.16}]
  # found 0 program(s)
# (t=197.89) fallback i=530, candidate=[{'ANSWER': 91.66}]
  # found 0 program(s)
# (t=198.25) fallback i=531, candidate=[{'ANSWER': 91.9}]
  # found 0 program(s)
# (t=198.62) fallback i=532, candidate=[{'ANSWER': 92.11}]
  # found 0 program(s)
# (t=198.99) fallback i=533, candidate=[{'ANSWER': 92.64}]
  # found 0 program(s)
# (t=199.35) fallback i=534, candidate=[{'ANSWER': 92.67}]
  # found 0 program(s)
# (t=199.72) fallback i=535, candidate=[{'ANSWER': 92.91}]
  # found 0 program(s)
# (t=200.40) fallback i=536, candidate=[{'ANSWER': 93.15}]
  # found 0 program(s)
# (t=200.76) fallback i=537, candidate=[{'ANSWER': 93.36}]
  # found 0 program(s)
# (t=201.12) fallback i=538, candidate=[{'ANSWER': 93.79}]
  # found 0 program(s)
# (t=201.49) fallback i=539, candidate=[{'ANSWER': 94.15}]
  # found 0 program(s)
# (t=201.85) fallback i=540, candidate=[{'ANSWER': 94.87}]
  # found 0 program(s)
# (t=202.21) fallback i=541, candidate=[{'ANSWER': 95.09}]
  # found 0 program(s)
# (t=202.58) fallback i=542, candidate=[{'ANSWER': 96.31}]
  # found 0 program(s)
# (t=202.94) fallback i=543, candidate=[{'ANSWER': 96.98}]
  # found 0 program(s)
# (t=203.31) fallback i=544, candidate=[{'ANSWER': 97.54}]
  # found 0 program(s)
# (t=203.67) fallback i=545, candidate=[{'ANSWER': 97.58}]
  # found 0 program(s)
# (t=204.04) fallback i=546, candidate=[{'ANSWER': 98.33}]
  # found 0 program(s)
# (t=204.40) fallback i=547, candidate=[{'ANSWER': 99.8}]
  # found 0 program(s)
# (t=204.77) fallback i=548, candidate=[{'ANSWER': 99.95}]
  # found 0 program(s)
# (t=205.13) fallback i=549, candidate=[{'ANSWER': 'AAPL'}]
  # found 0 program(s)
# (t=205.50) fallback i=550, candidate=[{'ANSWER': 'AMZN'}]
  # found 0 program(s)
# (t=205.87) fallback i=551, candidate=[{'ANSWER': 'Apr 01, 2000'}]
  # found 0 program(s)
# (t=206.24) fallback i=552, candidate=[{'ANSWER': 'Apr 01, 2001'}]
  # found 0 program(s)
# (t=206.61) fallback i=553, candidate=[{'ANSWER': 'Apr 01, 2002'}]
  # found 0 program(s)
# (t=206.98) fallback i=554, candidate=[{'ANSWER': 'Apr 01, 2003'}]
  # found 0 program(s)
# (t=207.34) fallback i=555, candidate=[{'ANSWER': 'Apr 01, 2004'}]
  # found 0 program(s)
# (t=207.71) fallback i=556, candidate=[{'ANSWER': 'Apr 01, 2005'}]
  # found 0 program(s)
# (t=208.07) fallback i=557, candidate=[{'ANSWER': 'Apr 01, 2006'}]
  # found 0 program(s)
# (t=208.43) fallback i=558, candidate=[{'ANSWER': 'Apr 01, 2007'}]
  # found 0 program(s)
# (t=208.80) fallback i=559, candidate=[{'ANSWER': 'Apr 01, 2008'}]
  # found 0 program(s)
# (t=209.16) fallback i=560, candidate=[{'ANSWER': 'Apr 01, 2009'}]
  # found 0 program(s)
# (t=209.53) fallback i=561, candidate=[{'ANSWER': 'Aug 01, 2000'}]
  # found 0 program(s)
# (t=209.90) fallback i=562, candidate=[{'ANSWER': 'Aug 01, 2001'}]
  # found 0 program(s)
# (t=210.27) fallback i=563, candidate=[{'ANSWER': 'Aug 01, 2002'}]
  # found 0 program(s)
# (t=210.63) fallback i=564, candidate=[{'ANSWER': 'Aug 01, 2003'}]
  # found 0 program(s)
# (t=211.00) fallback i=565, candidate=[{'ANSWER': 'Aug 01, 2004'}]
  # found 0 program(s)
# (t=211.36) fallback i=566, candidate=[{'ANSWER': 'Aug 01, 2005'}]
  # found 0 program(s)
# (t=211.73) fallback i=567, candidate=[{'ANSWER': 'Aug 01, 2006'}]
  # found 0 program(s)
# (t=212.10) fallback i=568, candidate=[{'ANSWER': 'Aug 01, 2007'}]
  # found 0 program(s)
# (t=212.47) fallback i=569, candidate=[{'ANSWER': 'Aug 01, 2008'}]
  # found 0 program(s)
# (t=212.84) fallback i=570, candidate=[{'ANSWER': 'Aug 01, 2009'}]
  # found 0 program(s)
# (t=213.20) fallback i=571, candidate=[{'ANSWER': 'Dec 01, 2000'}]
  # found 0 program(s)
# (t=213.89) fallback i=572, candidate=[{'ANSWER': 'Dec 01, 2001'}]
  # found 0 program(s)
# (t=214.25) fallback i=573, candidate=[{'ANSWER': 'Dec 01, 2002'}]
  # found 0 program(s)
# (t=214.61) fallback i=574, candidate=[{'ANSWER': 'Dec 01, 2003'}]
  # found 0 program(s)
# (t=214.98) fallback i=575, candidate=[{'ANSWER': 'Dec 01, 2004'}]
  # found 0 program(s)
# (t=215.34) fallback i=576, candidate=[{'ANSWER': 'Dec 01, 2005'}]
  # found 0 program(s)
# (t=215.71) fallback i=577, candidate=[{'ANSWER': 'Dec 01, 2006'}]
  # found 0 program(s)
# (t=216.08) fallback i=578, candidate=[{'ANSWER': 'Dec 01, 2007'}]
  # found 0 program(s)
# (t=216.44) fallback i=579, candidate=[{'ANSWER': 'Dec 01, 2008'}]
  # found 0 program(s)
# (t=216.81) fallback i=580, candidate=[{'ANSWER': 'Dec 01, 2009'}]
  # found 0 program(s)
# (t=217.18) fallback i=581, candidate=[{'ANSWER': 'Feb 01, 2000'}]
  # found 0 program(s)
# (t=217.54) fallback i=582, candidate=[{'ANSWER': 'Feb 01, 2001'}]
  # found 0 program(s)
# (t=217.91) fallback i=583, candidate=[{'ANSWER': 'Feb 01, 2002'}]
  # found 0 program(s)
# (t=218.28) fallback i=584, candidate=[{'ANSWER': 'Feb 01, 2003'}]
  # found 0 program(s)
# (t=218.64) fallback i=585, candidate=[{'ANSWER': 'Feb 01, 2004'}]
  # found 0 program(s)
# (t=219.01) fallback i=586, candidate=[{'ANSWER': 'Feb 01, 2005'}]
  # found 0 program(s)
# (t=219.38) fallback i=587, candidate=[{'ANSWER': 'Feb 01, 2006'}]
  # found 0 program(s)
# (t=219.75) fallback i=588, candidate=[{'ANSWER': 'Feb 01, 2007'}]
  # found 0 program(s)
# (t=220.11) fallback i=589, candidate=[{'ANSWER': 'Feb 01, 2008'}]
  # found 0 program(s)
# (t=220.48) fallback i=590, candidate=[{'ANSWER': 'Feb 01, 2009'}]
  # found 0 program(s)
# (t=220.85) fallback i=591, candidate=[{'ANSWER': 'Feb 01, 2010'}]
  # found 0 program(s)
# (t=221.22) fallback i=592, candidate=[{'ANSWER': 'GOOG'}]
  # found 11 program(s)
    # SelectCol(SelectRow0(GroupSum(@param0, ['0'], max, 2), eqmax, 1), ['0'])
      --> ['SelectCol', ['SelectRow0', ['GroupSum', 'input@0', ['symbol'], 'max', 'price'], 'eqmax', 'COL0'], ['symbol']]
    # SelectCol(SelectRow0(GroupSum(@param0, ['0'], max, 2), eqmax, 1), ['-1'])
      --> ['SelectCol', ['SelectRow0', ['GroupSum', 'input@0', ['symbol'], 'max', 'price'], 'eqmax', 'COL0'], ['symbol']]
    # SelectCol(SelectRow0(GroupSum(@param0, ['0', '1'], max, 2), eqmax, 2), ['0'])
      --> ['SelectCol', ['SelectRow0', ['GroupSum', 'input@0', ['symbol', 'date'], 'max', 'price'], 'eqmax', 'COL0'], ['symbol']]
    # SelectCol(SelectRow0(GroupSum(@param0, ['0', '1'], max, 2), eqmax, 2), ['-1', '-2'])
      --> ['SelectCol', ['SelectRow0', ['GroupSum', 'input@0', ['symbol', 'date'], 'max', 'price'], 'eqmax', 'COL0'], ['symbol']]
    # SelectCol(SelectRow0(GroupSum(@param0, ['0', '2'], max, 2), eqmax, 1), ['0'])
      --> ['SelectCol', ['SelectRow0', ['GroupSum', 'input@0', ['symbol', 'price'], 'max', 'price'], 'eqmax', 'price'], ['symbol']]
    # SelectCol(SelectRow0(GroupSum(@param0, ['0', '2'], max, 2), eqmax, 1), ['-1', '-2'])
      --> ['SelectCol', ['SelectRow0', ['GroupSum', 'input@0', ['symbol', 'price'], 'max', 'price'], 'eqmax', 'price'], ['symbol']]
    # SelectCol(SelectRow0(GroupSum(@param0, ['0', '2'], max, 2), eqmax, 2), ['0'])
      --> ['SelectCol', ['SelectRow0', ['GroupSum', 'input@0', ['symbol', 'price'], 'max', 'price'], 'eqmax', 'COL0'], ['symbol']]
    # SelectCol(SelectRow0(GroupSum(@param0, ['0', '2'], max, 2), eqmax, 2), ['-1', '-2'])
      --> ['SelectCol', ['SelectRow0', ['GroupSum', 'input@0', ['symbol', 'price'], 'max', 'price'], 'eqmax', 'COL0'], ['symbol']]
    # SelectCol(SelectRow0(GroupSum(@param0, ['0', '3'], max, 2), eqmax, 2), ['0'])
      --> ['SelectCol', ['SelectRow0', ['GroupSum', 'input@0', ['symbol', 'color'], 'max', 'price'], 'eqmax', 'COL0'], ['symbol']]
    # SelectCol(SelectRow0(GroupSum(@param0, ['0', '3'], max, 2), eqmax, 2), ['-1', '-2'])
      --> ['SelectCol', ['SelectRow0', ['GroupSum', 'input@0', ['symbol', 'color'], 'max', 'price'], 'eqmax', 'COL0'], ['symbol']]
    # SelectCol(SelectRow0(@param0, eqmax, 2), ['0'])
      --> ['SelectCol', ['SelectRow0', 'input@0', 'eqmax', 'price'], ['symbol']]
# (t=221.64) fallback i=593, candidate=[{'ANSWER': 'IBM'}]
  # found 0 program(s)
# (t=222.00) fallback i=594, candidate=[{'ANSWER': 'Jan 01, 2000'}]
  # found 0 program(s)
# (t=222.37) fallback i=595, candidate=[{'ANSWER': 'Jan 01, 2001'}]
  # found 0 program(s)
# (t=222.74) fallback i=596, candidate=[{'ANSWER': 'Jan 01, 2002'}]
  # found 0 program(s)
# (t=223.10) fallback i=597, candidate=[{'ANSWER': 'Jan 01, 2003'}]
  # found 0 program(s)
# (t=223.47) fallback i=598, candidate=[{'ANSWER': 'Jan 01, 2004'}]
  # found 0 program(s)
# (t=223.83) fallback i=599, candidate=[{'ANSWER': 'Jan 01, 2005'}]
  # found 0 program(s)
# (t=224.20) fallback i=600, candidate=[{'ANSWER': 'Jan 01, 2006'}]
  # found 0 program(s)
# (t=224.57) fallback i=601, candidate=[{'ANSWER': 'Jan 01, 2007'}]
  # found 0 program(s)
# (t=224.93) fallback i=602, candidate=[{'ANSWER': 'Jan 01, 2008'}]
  # found 0 program(s)
# (t=225.30) fallback i=603, candidate=[{'ANSWER': 'Jan 01, 2009'}]
  # found 0 program(s)
# (t=225.66) fallback i=604, candidate=[{'ANSWER': 'Jan 01, 2010'}]
  # found 0 program(s)
# (t=226.03) fallback i=605, candidate=[{'ANSWER': 'Jul 01, 2000'}]
  # found 0 program(s)
# (t=226.39) fallback i=606, candidate=[{'ANSWER': 'Jul 01, 2001'}]
  # found 0 program(s)
# (t=226.76) fallback i=607, candidate=[{'ANSWER': 'Jul 01, 2002'}]
  # found 0 program(s)
# (t=227.43) fallback i=608, candidate=[{'ANSWER': 'Jul 01, 2003'}]
  # found 0 program(s)
# (t=227.80) fallback i=609, candidate=[{'ANSWER': 'Jul 01, 2004'}]
  # found 0 program(s)
# (t=228.16) fallback i=610, candidate=[{'ANSWER': 'Jul 01, 2005'}]
  # found 0 program(s)
# (t=228.52) fallback i=611, candidate=[{'ANSWER': 'Jul 01, 2006'}]
  # found 0 program(s)
# (t=228.89) fallback i=612, candidate=[{'ANSWER': 'Jul 01, 2007'}]
  # found 0 program(s)
# (t=229.26) fallback i=613, candidate=[{'ANSWER': 'Jul 01, 2008'}]
  # found 0 program(s)
# (t=229.62) fallback i=614, candidate=[{'ANSWER': 'Jul 01, 2009'}]
  # found 0 program(s)
# (t=229.98) fallback i=615, candidate=[{'ANSWER': 'Jun 01, 2000'}]
  # found 0 program(s)
# (t=230.35) fallback i=616, candidate=[{'ANSWER': 'Jun 01, 2001'}]
  # found 0 program(s)
# (t=230.71) fallback i=617, candidate=[{'ANSWER': 'Jun 01, 2002'}]
  # found 0 program(s)
# (t=231.08) fallback i=618, candidate=[{'ANSWER': 'Jun 01, 2003'}]
  # found 0 program(s)
# (t=231.44) fallback i=619, candidate=[{'ANSWER': 'Jun 01, 2004'}]
  # found 0 program(s)
# (t=231.81) fallback i=620, candidate=[{'ANSWER': 'Jun 01, 2005'}]
  # found 0 program(s)
# (t=232.17) fallback i=621, candidate=[{'ANSWER': 'Jun 01, 2006'}]
  # found 0 program(s)
# (t=232.54) fallback i=622, candidate=[{'ANSWER': 'Jun 01, 2007'}]
  # found 0 program(s)
# (t=232.90) fallback i=623, candidate=[{'ANSWER': 'Jun 01, 2008'}]
  # found 0 program(s)
# (t=233.27) fallback i=624, candidate=[{'ANSWER': 'Jun 01, 2009'}]
  # found 0 program(s)
# (t=233.63) fallback i=625, candidate=[{'ANSWER': 'MSFT'}]
  # found 0 program(s)
# (t=234.00) fallback i=626, candidate=[{'ANSWER': 'Mar 01, 2000'}]
  # found 0 program(s)
# (t=234.36) fallback i=627, candidate=[{'ANSWER': 'Mar 01, 2001'}]
  # found 0 program(s)
# (t=234.73) fallback i=628, candidate=[{'ANSWER': 'Mar 01, 2002'}]
  # found 0 program(s)
# (t=235.09) fallback i=629, candidate=[{'ANSWER': 'Mar 01, 2003'}]
  # found 0 program(s)
# (t=235.45) fallback i=630, candidate=[{'ANSWER': 'Mar 01, 2004'}]
  # found 0 program(s)
# (t=235.81) fallback i=631, candidate=[{'ANSWER': 'Mar 01, 2005'}]
  # found 0 program(s)
# (t=236.18) fallback i=632, candidate=[{'ANSWER': 'Mar 01, 2006'}]
  # found 0 program(s)
# (t=236.54) fallback i=633, candidate=[{'ANSWER': 'Mar 01, 2007'}]
  # found 0 program(s)
# (t=236.91) fallback i=634, candidate=[{'ANSWER': 'Mar 01, 2008'}]
  # found 0 program(s)
# (t=237.27) fallback i=635, candidate=[{'ANSWER': 'Mar 01, 2009'}]
  # found 0 program(s)
# (t=237.64) fallback i=636, candidate=[{'ANSWER': 'Mar 01, 2010'}]
  # found 0 program(s)
# (t=238.00) fallback i=637, candidate=[{'ANSWER': 'May 01, 2000'}]
  # found 0 program(s)
# (t=238.37) fallback i=638, candidate=[{'ANSWER': 'May 01, 2001'}]
  # found 0 program(s)
# (t=238.73) fallback i=639, candidate=[{'ANSWER': 'May 01, 2002'}]
  # found 0 program(s)
# (t=239.09) fallback i=640, candidate=[{'ANSWER': 'May 01, 2003'}]
  # found 0 program(s)
# (t=239.45) fallback i=641, candidate=[{'ANSWER': 'May 01, 2004'}]
  # found 0 program(s)
# (t=239.81) fallback i=642, candidate=[{'ANSWER': 'May 01, 2005'}]
  # found 0 program(s)
# (t=240.18) fallback i=643, candidate=[{'ANSWER': 'May 01, 2006'}]
  # found 0 program(s)
# (t=240.54) fallback i=644, candidate=[{'ANSWER': 'May 01, 2007'}]
  # found 0 program(s)
# (t=241.22) fallback i=645, candidate=[{'ANSWER': 'May 01, 2008'}]
  # found 0 program(s)
# (t=241.58) fallback i=646, candidate=[{'ANSWER': 'May 01, 2009'}]
  # found 0 program(s)
# (t=241.94) fallback i=647, candidate=[{'ANSWER': 'Nov 01, 2000'}]
  # found 0 program(s)
# (t=242.31) fallback i=648, candidate=[{'ANSWER': 'Nov 01, 2001'}]
  # found 0 program(s)
# (t=242.68) fallback i=649, candidate=[{'ANSWER': 'Nov 01, 2002'}]
  # found 0 program(s)
# (t=243.05) fallback i=650, candidate=[{'ANSWER': 'Nov 01, 2003'}]
  # found 0 program(s)
# (t=243.41) fallback i=651, candidate=[{'ANSWER': 'Nov 01, 2004'}]
  # found 0 program(s)
# (t=243.78) fallback i=652, candidate=[{'ANSWER': 'Nov 01, 2005'}]
  # found 0 program(s)
# (t=244.14) fallback i=653, candidate=[{'ANSWER': 'Nov 01, 2006'}]
  # found 0 program(s)
# (t=244.51) fallback i=654, candidate=[{'ANSWER': 'Nov 01, 2007'}]
  # found 0 program(s)
# (t=244.88) fallback i=655, candidate=[{'ANSWER': 'Nov 01, 2008'}]
  # found 0 program(s)
# (t=245.24) fallback i=656, candidate=[{'ANSWER': 'Nov 01, 2009'}]
  # found 0 program(s)
# (t=245.60) fallback i=657, candidate=[{'ANSWER': 'Oct 01, 2000'}]
  # found 0 program(s)
# (t=245.97) fallback i=658, candidate=[{'ANSWER': 'Oct 01, 2001'}]
  # found 0 program(s)
# (t=246.34) fallback i=659, candidate=[{'ANSWER': 'Oct 01, 2002'}]
  # found 0 program(s)
# (t=246.71) fallback i=660, candidate=[{'ANSWER': 'Oct 01, 2003'}]
  # found 0 program(s)
# (t=247.07) fallback i=661, candidate=[{'ANSWER': 'Oct 01, 2004'}]
  # found 0 program(s)
# (t=247.44) fallback i=662, candidate=[{'ANSWER': 'Oct 01, 2005'}]
  # found 0 program(s)
# (t=247.81) fallback i=663, candidate=[{'ANSWER': 'Oct 01, 2006'}]
  # found 0 program(s)
# (t=248.18) fallback i=664, candidate=[{'ANSWER': 'Oct 01, 2007'}]
  # found 11 program(s)
    # SelectCol(SelectRow0(GroupSum(@param0, ['1'], max, 2), eqmax, 1), ['0'])
      --> ['SelectCol', ['SelectRow0', ['GroupSum', 'input@0', ['date'], 'max', 'price'], 'eqmax', 'COL0'], ['date']]
    # SelectCol(SelectRow0(GroupSum(@param0, ['1'], max, 2), eqmax, 1), ['-1'])
      --> ['SelectCol', ['SelectRow0', ['GroupSum', 'input@0', ['date'], 'max', 'price'], 'eqmax', 'COL0'], ['date']]
    # SelectCol(SelectRow0(GroupSum(@param0, ['0', '1'], max, 2), eqmax, 2), ['1'])
      --> ['SelectCol', ['SelectRow0', ['GroupSum', 'input@0', ['symbol', 'date'], 'max', 'price'], 'eqmax', 'COL0'], ['date']]
    # SelectCol(SelectRow0(GroupSum(@param0, ['0', '1'], max, 2), eqmax, 2), ['-99', '-2'])
      --> ['SelectCol', ['SelectRow0', ['GroupSum', 'input@0', ['symbol', 'date'], 'max', 'price'], 'eqmax', 'COL0'], ['date']]
    # SelectCol(SelectRow0(GroupSum(@param0, ['1', '2'], max, 2), eqmax, 1), ['0'])
      --> ['SelectCol', ['SelectRow0', ['GroupSum', 'input@0', ['date', 'price'], 'max', 'price'], 'eqmax', 'price'], ['date']]
    # SelectCol(SelectRow0(GroupSum(@param0, ['1', '2'], max, 2), eqmax, 1), ['-1', '-2'])
      --> ['SelectCol', ['SelectRow0', ['GroupSum', 'input@0', ['date', 'price'], 'max', 'price'], 'eqmax', 'price'], ['date']]
    # SelectCol(SelectRow0(GroupSum(@param0, ['1', '2'], max, 2), eqmax, 2), ['0'])
      --> ['SelectCol', ['SelectRow0', ['GroupSum', 'input@0', ['date', 'price'], 'max', 'price'], 'eqmax', 'COL0'], ['date']]
    # SelectCol(SelectRow0(GroupSum(@param0, ['1', '2'], max, 2), eqmax, 2), ['-1', '-2'])
      --> ['SelectCol', ['SelectRow0', ['GroupSum', 'input@0', ['date', 'price'], 'max', 'price'], 'eqmax', 'COL0'], ['date']]
    # SelectCol(SelectRow0(GroupSum(@param0, ['1', '3'], max, 2), eqmax, 2), ['0'])
      --> ['SelectCol', ['SelectRow0', ['GroupSum', 'input@0', ['date', 'color'], 'max', 'price'], 'eqmax', 'COL0'], ['date']]
    # SelectCol(SelectRow0(GroupSum(@param0, ['1', '3'], max, 2), eqmax, 2), ['-1', '-2'])
      --> ['SelectCol', ['SelectRow0', ['GroupSum', 'input@0', ['date', 'color'], 'max', 'price'], 'eqmax', 'COL0'], ['date']]
    # SelectCol(SelectRow0(@param0, eqmax, 2), ['1'])
      --> ['SelectCol', ['SelectRow0', 'input@0', 'eqmax', 'price'], ['date']]
# (t=248.60) fallback i=665, candidate=[{'ANSWER': 'Oct 01, 2008'}]
  # found 0 program(s)
# (t=248.98) fallback i=666, candidate=[{'ANSWER': 'Oct 01, 2009'}]
  # found 0 program(s)
# (t=249.35) fallback i=667, candidate=[{'ANSWER': 'Sep 01, 2000'}]
  # found 0 program(s)
# (t=249.73) fallback i=668, candidate=[{'ANSWER': 'Sep 01, 2001'}]
  # found 0 program(s)
# (t=250.10) fallback i=669, candidate=[{'ANSWER': 'Sep 01, 2002'}]
  # found 0 program(s)
# (t=250.47) fallback i=670, candidate=[{'ANSWER': 'Sep 01, 2003'}]
  # found 0 program(s)
# (t=250.84) fallback i=671, candidate=[{'ANSWER': 'Sep 01, 2004'}]
  # found 0 program(s)
# (t=251.20) fallback i=672, candidate=[{'ANSWER': 'Sep 01, 2005'}]
  # found 0 program(s)
# (t=251.56) fallback i=673, candidate=[{'ANSWER': 'Sep 01, 2006'}]
  # found 0 program(s)
# (t=251.93) fallback i=674, candidate=[{'ANSWER': 'Sep 01, 2007'}]
  # found 0 program(s)
# (t=252.30) fallback i=675, candidate=[{'ANSWER': 'Sep 01, 2008'}]
  # found 0 program(s)
# (t=252.66) fallback i=676, candidate=[{'ANSWER': 'Sep 01, 2009'}]
  # found 0 program(s)
# (t=253.03) fallback i=677, candidate=[{'ANSWER': 'blue'}]
  # found 0 program(s)
# (t=253.40) fallback i=678, candidate=[{'ANSWER': 'color'}]
  # found 0 program(s)
# (t=253.77) fallback i=679, candidate=[{'ANSWER': 'date'}]
  # found 0 program(s)
# (t=254.14) fallback i=680, candidate=[{'ANSWER': 'green'}]
  # found 0 program(s)
# (t=254.83) fallback i=681, candidate=[{'ANSWER': 'orange'}]
  # found 0 program(s)
# (t=255.19) fallback i=682, candidate=[{'ANSWER': 'price'}]
  # found 0 program(s)
# (t=255.56) fallback i=683, candidate=[{'ANSWER': 'red'}]
  # found 11 program(s)
    # SelectCol(SelectRow0(GroupSum(@param0, ['3'], max, 2), eqmax, 1), ['0'])
      --> ['SelectCol', ['SelectRow0', ['GroupSum', 'input@0', ['color'], 'max', 'price'], 'eqmax', 'COL0'], ['color']]
    # SelectCol(SelectRow0(GroupSum(@param0, ['3'], max, 2), eqmax, 1), ['-1'])
      --> ['SelectCol', ['SelectRow0', ['GroupSum', 'input@0', ['color'], 'max', 'price'], 'eqmax', 'COL0'], ['color']]
    # SelectCol(SelectRow0(GroupSum(@param0, ['0', '3'], max, 2), eqmax, 2), ['1'])
      --> ['SelectCol', ['SelectRow0', ['GroupSum', 'input@0', ['symbol', 'color'], 'max', 'price'], 'eqmax', 'COL0'], ['color']]
    # SelectCol(SelectRow0(GroupSum(@param0, ['0', '3'], max, 2), eqmax, 2), ['-99', '-2'])
      --> ['SelectCol', ['SelectRow0', ['GroupSum', 'input@0', ['symbol', 'color'], 'max', 'price'], 'eqmax', 'COL0'], ['color']]
    # SelectCol(SelectRow0(GroupSum(@param0, ['1', '3'], max, 2), eqmax, 2), ['1'])
      --> ['SelectCol', ['SelectRow0', ['GroupSum', 'input@0', ['date', 'color'], 'max', 'price'], 'eqmax', 'COL0'], ['color']]
    # SelectCol(SelectRow0(GroupSum(@param0, ['1', '3'], max, 2), eqmax, 2), ['-99', '-2'])
      --> ['SelectCol', ['SelectRow0', ['GroupSum', 'input@0', ['date', 'color'], 'max', 'price'], 'eqmax', 'COL0'], ['color']]
    # SelectCol(SelectRow0(GroupSum(@param0, ['2', '3'], max, 2), eqmax, 0), ['1'])
      --> ['SelectCol', ['SelectRow0', ['GroupSum', 'input@0', ['price', 'color'], 'max', 'price'], 'eqmax', 'price'], ['color']]
    # SelectCol(SelectRow0(GroupSum(@param0, ['2', '3'], max, 2), eqmax, 0), ['-99', '-2'])
      --> ['SelectCol', ['SelectRow0', ['GroupSum', 'input@0', ['price', 'color'], 'max', 'price'], 'eqmax', 'price'], ['color']]
    # SelectCol(SelectRow0(GroupSum(@param0, ['2', '3'], max, 2), eqmax, 2), ['1'])
      --> ['SelectCol', ['SelectRow0', ['GroupSum', 'input@0', ['price', 'color'], 'max', 'price'], 'eqmax', 'COL0'], ['color']]
    # SelectCol(SelectRow0(GroupSum(@param0, ['2', '3'], max, 2), eqmax, 2), ['-99', '-2'])
      --> ['SelectCol', ['SelectRow0', ['GroupSum', 'input@0', ['price', 'color'], 'max', 'price'], 'eqmax', 'COL0'], ['color']]
    # SelectCol(SelectRow0(@param0, eqmax, 2), ['3'])
      --> ['SelectCol', ['SelectRow0', 'input@0', 'eqmax', 'price'], ['color']]
# (t=255.98) fallback i=684, candidate=[{'ANSWER': 'symbol'}]
  # found 0 program(s)
# (t=256.34) fallback i=685, candidate=[{'ANSWER': 'teal'}]
  # found 0 program(s)

# ========== review report ========== #
# top-1, score: 1.35, answer: [707.0]
  # tprog: Summarize(@param0, max, 2)
# top-2, score: 1.27, answer: [707.0]
  # tprog: SelectCol(SelectRow0(@param0, eqmax, 2), ['2'])
# top-3, score: 1.27, answer: ['GOOG']
  # tprog: SelectCol(SelectRow0(@param0, eqmax, 2), ['0'])
# top-4, score: 1.27, answer: ['Oct 01, 2007']
  # tprog: SelectCol(SelectRow0(@param0, eqmax, 2), ['1'])
# top-5, score: 1.27, answer: ['red']
  # tprog: SelectCol(SelectRow0(@param0, eqmax, 2), ['3'])
# top-6, score: 1.20, answer: [707.0]
  # tprog: SelectCol(SelectRow0(GroupSum(@param0, ['0'], max, 2), eqmax, 1), ['1'])
# top-7, score: 1.20, answer: [707.0]
  # tprog: SelectCol(SelectRow0(GroupSum(@param0, ['0'], max, 2), eqmax, 1), ['-99'])
# top-8, score: 1.20, answer: [707.0]
  # tprog: SelectCol(SelectRow0(GroupSum(@param0, ['1'], max, 2), eqmax, 1), ['1'])
# top-9, score: 1.20, answer: [707.0]
  # tprog: SelectCol(SelectRow0(GroupSum(@param0, ['1'], max, 2), eqmax, 1), ['-99'])
# top-10, score: 1.20, answer: [707.0]
  # tprog: SelectCol(SelectRow0(GroupSum(@param0, ['2'], max, 2), eqmax, 0), ['0'])
# top-11, score: 1.20, answer: [707.0]
  # tprog: SelectCol(SelectRow0(GroupSum(@param0, ['2'], max, 2), eqmax, 0), ['1'])
# top-12, score: 1.20, answer: [707.0]
  # tprog: SelectCol(SelectRow0(GroupSum(@param0, ['2'], max, 2), eqmax, 0), ['-99'])
# top-13, score: 1.20, answer: [707.0]
  # tprog: SelectCol(SelectRow0(GroupSum(@param0, ['2'], max, 2), eqmax, 0), ['-1'])
# top-14, score: 1.20, answer: [707.0]
  # tprog: SelectCol(SelectRow0(GroupSum(@param0, ['2'], max, 2), eqmax, 1), ['0'])
# top-15, score: 1.20, answer: [707.0]
  # tprog: SelectCol(SelectRow0(GroupSum(@param0, ['2'], max, 2), eqmax, 1), ['1'])
# top-16, score: 1.20, answer: [707.0]
  # tprog: SelectCol(SelectRow0(GroupSum(@param0, ['2'], max, 2), eqmax, 1), ['-99'])
# top-17, score: 1.20, answer: [707.0]
  # tprog: SelectCol(SelectRow0(GroupSum(@param0, ['2'], max, 2), eqmax, 1), ['-1'])
# top-18, score: 1.20, answer: [707.0]
  # tprog: SelectCol(SelectRow0(GroupSum(@param0, ['3'], max, 2), eqmax, 1), ['1'])
# top-19, score: 1.20, answer: [707.0]
  # tprog: SelectCol(SelectRow0(GroupSum(@param0, ['3'], max, 2), eqmax, 1), ['-99'])
# top-20, score: 1.20, answer: ['GOOG']
  # tprog: SelectCol(SelectRow0(GroupSum(@param0, ['0'], max, 2), eqmax, 1), ['0'])
# top-21, score: 1.20, answer: ['GOOG']
  # tprog: SelectCol(SelectRow0(GroupSum(@param0, ['0'], max, 2), eqmax, 1), ['-1'])
# top-22, score: 1.20, answer: ['Oct 01, 2007']
  # tprog: SelectCol(SelectRow0(GroupSum(@param0, ['1'], max, 2), eqmax, 1), ['0'])
# top-23, score: 1.20, answer: ['Oct 01, 2007']
  # tprog: SelectCol(SelectRow0(GroupSum(@param0, ['1'], max, 2), eqmax, 1), ['-1'])
# top-24, score: 1.20, answer: ['red']
  # tprog: SelectCol(SelectRow0(GroupSum(@param0, ['3'], max, 2), eqmax, 1), ['0'])
# top-25, score: 1.20, answer: ['red']
  # tprog: SelectCol(SelectRow0(GroupSum(@param0, ['3'], max, 2), eqmax, 1), ['-1'])
# top-26, score: 1.19, answer: [707.0]
  # tprog: SelectCol(SelectRow0(GroupSum(@param0, ['0', '1'], max, 2), eqmax, 2), ['2'])
# top-27, score: 1.19, answer: [707.0]
  # tprog: SelectCol(SelectRow0(GroupSum(@param0, ['0', '1'], max, 2), eqmax, 2), ['-99', '-1'])
# top-28, score: 1.19, answer: [707.0]
  # tprog: SelectCol(SelectRow0(GroupSum(@param0, ['0', '2'], max, 2), eqmax, 1), ['1'])
# top-29, score: 1.19, answer: [707.0]
  # tprog: SelectCol(SelectRow0(GroupSum(@param0, ['0', '2'], max, 2), eqmax, 1), ['2'])
# top-30, score: 1.19, answer: [707.0]
  # tprog: SelectCol(SelectRow0(GroupSum(@param0, ['0', '2'], max, 2), eqmax, 1), ['-99', '-1'])
# top-31, score: 1.19, answer: [707.0]
  # tprog: SelectCol(SelectRow0(GroupSum(@param0, ['0', '2'], max, 2), eqmax, 1), ['-99', '-2'])
# top-32, score: 1.19, answer: [707.0]
  # tprog: SelectCol(SelectRow0(GroupSum(@param0, ['0', '2'], max, 2), eqmax, 2), ['1'])
# top-33, score: 1.19, answer: [707.0]
  # tprog: SelectCol(SelectRow0(GroupSum(@param0, ['0', '2'], max, 2), eqmax, 2), ['2'])
# top-34, score: 1.19, answer: [707.0]
  # tprog: SelectCol(SelectRow0(GroupSum(@param0, ['0', '2'], max, 2), eqmax, 2), ['-99', '-1'])
# top-35, score: 1.19, answer: [707.0]
  # tprog: SelectCol(SelectRow0(GroupSum(@param0, ['0', '2'], max, 2), eqmax, 2), ['-99', '-2'])
# top-36, score: 1.19, answer: [707.0]
  # tprog: SelectCol(SelectRow0(GroupSum(@param0, ['0', '3'], max, 2), eqmax, 2), ['2'])
# top-37, score: 1.19, answer: [707.0]
  # tprog: SelectCol(SelectRow0(GroupSum(@param0, ['0', '3'], max, 2), eqmax, 2), ['-99', '-1'])
# top-38, score: 1.19, answer: [707.0]
  # tprog: SelectCol(SelectRow0(GroupSum(@param0, ['1', '2'], max, 2), eqmax, 1), ['1'])
# top-39, score: 1.19, answer: [707.0]
  # tprog: SelectCol(SelectRow0(GroupSum(@param0, ['1', '2'], max, 2), eqmax, 1), ['2'])
# top-40, score: 1.19, answer: [707.0]
  # tprog: SelectCol(SelectRow0(GroupSum(@param0, ['1', '2'], max, 2), eqmax, 1), ['-99', '-1'])
# top-41, score: 1.19, answer: [707.0]
  # tprog: SelectCol(SelectRow0(GroupSum(@param0, ['1', '2'], max, 2), eqmax, 1), ['-99', '-2'])
# top-42, score: 1.19, answer: [707.0]
  # tprog: SelectCol(SelectRow0(GroupSum(@param0, ['1', '2'], max, 2), eqmax, 2), ['1'])
# top-43, score: 1.19, answer: [707.0]
  # tprog: SelectCol(SelectRow0(GroupSum(@param0, ['1', '2'], max, 2), eqmax, 2), ['2'])
# top-44, score: 1.19, answer: [707.0]
  # tprog: SelectCol(SelectRow0(GroupSum(@param0, ['1', '2'], max, 2), eqmax, 2), ['-99', '-1'])
# top-45, score: 1.19, answer: [707.0]
  # tprog: SelectCol(SelectRow0(GroupSum(@param0, ['1', '2'], max, 2), eqmax, 2), ['-99', '-2'])
# top-46, score: 1.19, answer: [707.0]
  # tprog: SelectCol(SelectRow0(GroupSum(@param0, ['1', '3'], max, 2), eqmax, 2), ['2'])
# top-47, score: 1.19, answer: [707.0]
  # tprog: SelectCol(SelectRow0(GroupSum(@param0, ['1', '3'], max, 2), eqmax, 2), ['-99', '-1'])
# top-48, score: 1.19, answer: [707.0]
  # tprog: SelectCol(SelectRow0(GroupSum(@param0, ['2', '3'], max, 2), eqmax, 0), ['0'])
# top-49, score: 1.19, answer: [707.0]
  # tprog: SelectCol(SelectRow0(GroupSum(@param0, ['2', '3'], max, 2), eqmax, 0), ['2'])
# top-50, score: 1.19, answer: [707.0]
  # tprog: SelectCol(SelectRow0(GroupSum(@param0, ['2', '3'], max, 2), eqmax, 0), ['-99', '-1'])
# top-51, score: 1.19, answer: [707.0]
  # tprog: SelectCol(SelectRow0(GroupSum(@param0, ['2', '3'], max, 2), eqmax, 0), ['-1', '-2'])
# top-52, score: 1.19, answer: [707.0]
  # tprog: SelectCol(SelectRow0(GroupSum(@param0, ['2', '3'], max, 2), eqmax, 2), ['0'])
# top-53, score: 1.19, answer: [707.0]
  # tprog: SelectCol(SelectRow0(GroupSum(@param0, ['2', '3'], max, 2), eqmax, 2), ['2'])
# top-54, score: 1.19, answer: [707.0]
  # tprog: SelectCol(SelectRow0(GroupSum(@param0, ['2', '3'], max, 2), eqmax, 2), ['-99', '-1'])
# top-55, score: 1.19, answer: [707.0]
  # tprog: SelectCol(SelectRow0(GroupSum(@param0, ['2', '3'], max, 2), eqmax, 2), ['-1', '-2'])
# top-56, score: 1.19, answer: ['GOOG']
  # tprog: SelectCol(SelectRow0(GroupSum(@param0, ['0', '1'], max, 2), eqmax, 2), ['0'])
# top-57, score: 1.19, answer: ['GOOG']
  # tprog: SelectCol(SelectRow0(GroupSum(@param0, ['0', '1'], max, 2), eqmax, 2), ['-1', '-2'])
# top-58, score: 1.19, answer: ['GOOG']
  # tprog: SelectCol(SelectRow0(GroupSum(@param0, ['0', '2'], max, 2), eqmax, 1), ['0'])
# top-59, score: 1.19, answer: ['GOOG']
  # tprog: SelectCol(SelectRow0(GroupSum(@param0, ['0', '2'], max, 2), eqmax, 1), ['-1', '-2'])
# top-60, score: 1.19, answer: ['GOOG']
  # tprog: SelectCol(SelectRow0(GroupSum(@param0, ['0', '2'], max, 2), eqmax, 2), ['0'])
# top-61, score: 1.19, answer: ['GOOG']
  # tprog: SelectCol(SelectRow0(GroupSum(@param0, ['0', '2'], max, 2), eqmax, 2), ['-1', '-2'])
# top-62, score: 1.19, answer: ['GOOG']
  # tprog: SelectCol(SelectRow0(GroupSum(@param0, ['0', '3'], max, 2), eqmax, 2), ['0'])
# top-63, score: 1.19, answer: ['GOOG']
  # tprog: SelectCol(SelectRow0(GroupSum(@param0, ['0', '3'], max, 2), eqmax, 2), ['-1', '-2'])
# top-64, score: 1.19, answer: ['Oct 01, 2007']
  # tprog: SelectCol(SelectRow0(GroupSum(@param0, ['0', '1'], max, 2), eqmax, 2), ['1'])
# top-65, score: 1.19, answer: ['Oct 01, 2007']
  # tprog: SelectCol(SelectRow0(GroupSum(@param0, ['0', '1'], max, 2), eqmax, 2), ['-99', '-2'])
# top-66, score: 1.19, answer: ['Oct 01, 2007']
  # tprog: SelectCol(SelectRow0(GroupSum(@param0, ['1', '2'], max, 2), eqmax, 1), ['0'])
# top-67, score: 1.19, answer: ['Oct 01, 2007']
  # tprog: SelectCol(SelectRow0(GroupSum(@param0, ['1', '2'], max, 2), eqmax, 1), ['-1', '-2'])
# top-68, score: 1.19, answer: ['Oct 01, 2007']
  # tprog: SelectCol(SelectRow0(GroupSum(@param0, ['1', '2'], max, 2), eqmax, 2), ['0'])
# top-69, score: 1.19, answer: ['Oct 01, 2007']
  # tprog: SelectCol(SelectRow0(GroupSum(@param0, ['1', '2'], max, 2), eqmax, 2), ['-1', '-2'])
# top-70, score: 1.19, answer: ['Oct 01, 2007']
  # tprog: SelectCol(SelectRow0(GroupSum(@param0, ['1', '3'], max, 2), eqmax, 2), ['0'])
# top-71, score: 1.19, answer: ['Oct 01, 2007']
  # tprog: SelectCol(SelectRow0(GroupSum(@param0, ['1', '3'], max, 2), eqmax, 2), ['-1', '-2'])
# top-72, score: 1.19, answer: ['red']
  # tprog: SelectCol(SelectRow0(GroupSum(@param0, ['0', '3'], max, 2), eqmax, 2), ['1'])
# top-73, score: 1.19, answer: ['red']
  # tprog: SelectCol(SelectRow0(GroupSum(@param0, ['0', '3'], max, 2), eqmax, 2), ['-99', '-2'])
# top-74, score: 1.19, answer: ['red']
  # tprog: SelectCol(SelectRow0(GroupSum(@param0, ['1', '3'], max, 2), eqmax, 2), ['1'])
# top-75, score: 1.19, answer: ['red']
  # tprog: SelectCol(SelectRow0(GroupSum(@param0, ['1', '3'], max, 2), eqmax, 2), ['-99', '-2'])
# top-76, score: 1.19, answer: ['red']
  # tprog: SelectCol(SelectRow0(GroupSum(@param0, ['2', '3'], max, 2), eqmax, 0), ['1'])
# top-77, score: 1.19, answer: ['red']
  # tprog: SelectCol(SelectRow0(GroupSum(@param0, ['2', '3'], max, 2), eqmax, 0), ['-99', '-2'])
# top-78, score: 1.19, answer: ['red']
  # tprog: SelectCol(SelectRow0(GroupSum(@param0, ['2', '3'], max, 2), eqmax, 2), ['1'])
# top-79, score: 1.19, answer: ['red']
  # tprog: SelectCol(SelectRow0(GroupSum(@param0, ['2', '3'], max, 2), eqmax, 2), ['-99', '-2'])
