# parsed arguments: Namespace(benchmark='Q5179f', dsl='meta_visqa', skeletons='visqa_normal', strategy='TaPas_C', fallback='auto', timeout=300, mode='optimal-only', expected_only=False)
# loading benchmark...
# table keywords: {'rep.', '37', 'u.s.', '16', '24', '47', '50', '28', 'jordan', 'brazil', '45', 'germany', 'greece', 'improve', '12', 'france', '35', 'china', 'orange', '60', 'tunisia', '18', 'same', 'worsen', 'country', '81', 'pakistan', 'opinion', '43', 'spain', 'lebanon', 'remain', 'italy', '33', 'turkey', 'egypt', '40', 'mexico', '34', '15', '31', '44', 'blue', '9', '22', '20', 'percentage', '32', '84', '83', 'czech', '2', 'russia', 'japan', '13', '75', 'red', '23', 'color', '29', '25', '51', '27', '52', 'poland', '49', '10', 'india', 'britain', '5', '26'}
# input type: [dtype('O'), dtype('O'), dtype('int64'), dtype('O')]
# input is:
       Country          opinion  percentage   color
0       Brazil          Improve          84    blue
1       Brazil  Remain the same          12  orange
2       Brazil           Worsen           5     red
3        China          Improve          83    blue
4        China  Remain the same           9  orange
..         ...              ...         ...     ...
58  Czech Rep.  Remain the same          27  orange
59  Czech Rep.           Worsen          60     red
60      Greece          Improve           9    blue
61      Greece  Remain the same          10  orange
62      Greece           Worsen          81     red

[63 rows x 4 columns]
# query is: how many countries' economy will worsen based on the majority people's opinions?
# expected output type:[dtype('int64')]
# expected output is:
   ANSWER
0       2
# inferred DSL terminals:
  # ConstVal: ['Country@Str', 'Worsen@Str', 'opinion@Str', '<NULL>']
     # cmap: [('opinions', 'opinion'), ('countries', 'Country'), ('worsen', 'Worsen')]
  # AggrFunc: ['count', '<NULL>']
     # amap: [('how many', 'count')]
  # NumFunc: ['<NULL>']
     # nmap: []
  # BoolFunc: ['==', '<NULL>']
     # bmap: [(None, '==')]
  # IndFunc: ['<NULL>']
     # imap: []
# loading skeleton list...

# ========== candidate program report ========== #
# (t=0.00) i=0, candidate=[{'ANSWER': 1}]
  # found 0 program(s)
# ====> fallback strategy (retrieval) is triggered because no explanation is found so far
# ====> retrieval_values: [10, 12, 13, 15, 16, 18, 2, 20, 22, 23, 24, 25, 26, 27, 28, 29, 31, 32, 33, 34, 35, 37, 40, 43, 44, 45, 47, 49, 5, 50, 51, 52, 60, 75, 81, 83, 84, 9, 'Brazil', 'Britain', 'China', 'Country', 'Czech Rep.', 'Egypt', 'France', 'Germany', 'Greece', 'Improve', 'India', 'Italy', 'Japan', 'Jordan', 'Lebanon', 'Mexico', 'Pakistan', 'Poland', 'Remain the same', 'Russia', 'Spain', 'Tunisia', 'Turkey', 'U.S.', 'Worsen', 'blue', 'color', 'opinion', 'orange', 'percentage', 'red']
# (t=4.30) fallback i=0, candidate=[{'ANSWER': 10}]
  # found 0 program(s)
# (t=8.80) fallback i=1, candidate=[{'ANSWER': 12}]
  # found 0 program(s)
# (t=13.07) fallback i=2, candidate=[{'ANSWER': 13}]
  # found 0 program(s)
# (t=17.34) fallback i=3, candidate=[{'ANSWER': 15}]
  # found 0 program(s)
# (t=21.98) fallback i=4, candidate=[{'ANSWER': 16}]
  # found 0 program(s)
# (t=26.23) fallback i=5, candidate=[{'ANSWER': 18}]
  # found 0 program(s)
# (t=30.82) fallback i=6, candidate=[{'ANSWER': 2}]
  # found 0 program(s)
# (t=35.11) fallback i=7, candidate=[{'ANSWER': 20}]
  # found 0 program(s)
# (t=39.36) fallback i=8, candidate=[{'ANSWER': 22}]
  # found 0 program(s)
# (t=44.03) fallback i=9, candidate=[{'ANSWER': 23}]
  # found 0 program(s)
# (t=48.28) fallback i=10, candidate=[{'ANSWER': 24}]
  # found 0 program(s)
# (t=52.86) fallback i=11, candidate=[{'ANSWER': 25}]
  # found 0 program(s)
# (t=57.10) fallback i=12, candidate=[{'ANSWER': 26}]
  # found 0 program(s)
# (t=61.41) fallback i=13, candidate=[{'ANSWER': 27}]
  # found 0 program(s)
# (t=66.06) fallback i=14, candidate=[{'ANSWER': 28}]
  # found 0 program(s)
# (t=70.34) fallback i=15, candidate=[{'ANSWER': 29}]
  # found 0 program(s)
# (t=74.94) fallback i=16, candidate=[{'ANSWER': 31}]
  # found 0 program(s)
# (t=79.21) fallback i=17, candidate=[{'ANSWER': 32}]
  # found 0 program(s)
# (t=83.50) fallback i=18, candidate=[{'ANSWER': 33}]
  # found 0 program(s)
# (t=88.16) fallback i=19, candidate=[{'ANSWER': 34}]
  # found 0 program(s)
# (t=92.40) fallback i=20, candidate=[{'ANSWER': 35}]
  # found 0 program(s)
# (t=96.99) fallback i=21, candidate=[{'ANSWER': 37}]
  # found 0 program(s)
# (t=101.27) fallback i=22, candidate=[{'ANSWER': 40}]
  # found 0 program(s)
# (t=105.59) fallback i=23, candidate=[{'ANSWER': 43}]
  # found 0 program(s)
# (t=110.21) fallback i=24, candidate=[{'ANSWER': 44}]
  # found 0 program(s)
# (t=114.48) fallback i=25, candidate=[{'ANSWER': 45}]
  # found 0 program(s)
# (t=119.04) fallback i=26, candidate=[{'ANSWER': 47}]
  # found 0 program(s)
# (t=123.34) fallback i=27, candidate=[{'ANSWER': 49}]
  # found 0 program(s)
# (t=127.59) fallback i=28, candidate=[{'ANSWER': 5}]
  # found 0 program(s)
# (t=132.19) fallback i=29, candidate=[{'ANSWER': 50}]
  # found 0 program(s)
# (t=136.42) fallback i=30, candidate=[{'ANSWER': 51}]
  # found 0 program(s)
# (t=140.98) fallback i=31, candidate=[{'ANSWER': 52}]
  # found 0 program(s)
# (t=145.25) fallback i=32, candidate=[{'ANSWER': 60}]
  # found 0 program(s)
# (t=149.50) fallback i=33, candidate=[{'ANSWER': 75}]
  # found 0 program(s)
# (t=154.12) fallback i=34, candidate=[{'ANSWER': 81}]
  # found 0 program(s)
# (t=158.38) fallback i=35, candidate=[{'ANSWER': 83}]
  # found 0 program(s)
# (t=162.98) fallback i=36, candidate=[{'ANSWER': 84}]
  # found 0 program(s)
# (t=167.22) fallback i=37, candidate=[{'ANSWER': 9}]
  # found 0 program(s)
# (t=171.77) fallback i=38, candidate=[{'ANSWER': 'Brazil'}]
  # found 0 program(s)
# (t=175.99) fallback i=39, candidate=[{'ANSWER': 'Britain'}]
  # found 0 program(s)
# (t=180.26) fallback i=40, candidate=[{'ANSWER': 'China'}]
  # found 0 program(s)
# (t=184.93) fallback i=41, candidate=[{'ANSWER': 'Country'}]
  # found 0 program(s)
# (t=189.24) fallback i=42, candidate=[{'ANSWER': 'Czech Rep.'}]
  # found 0 program(s)
# (t=193.78) fallback i=43, candidate=[{'ANSWER': 'Egypt'}]
  # found 0 program(s)
# (t=198.00) fallback i=44, candidate=[{'ANSWER': 'France'}]
  # found 0 program(s)
# (t=202.23) fallback i=45, candidate=[{'ANSWER': 'Germany'}]
  # found 0 program(s)
# (t=206.83) fallback i=46, candidate=[{'ANSWER': 'Greece'}]
  # found 0 program(s)
# (t=211.09) fallback i=47, candidate=[{'ANSWER': 'Improve'}]
  # found 0 program(s)
# (t=215.70) fallback i=48, candidate=[{'ANSWER': 'India'}]
  # found 0 program(s)
# (t=219.96) fallback i=49, candidate=[{'ANSWER': 'Italy'}]
  # found 0 program(s)
# (t=224.22) fallback i=50, candidate=[{'ANSWER': 'Japan'}]
  # found 0 program(s)
# (t=228.81) fallback i=51, candidate=[{'ANSWER': 'Jordan'}]
  # found 0 program(s)
# (t=233.06) fallback i=52, candidate=[{'ANSWER': 'Lebanon'}]
  # found 0 program(s)
# (t=237.68) fallback i=53, candidate=[{'ANSWER': 'Mexico'}]
  # found 0 program(s)
# (t=242.01) fallback i=54, candidate=[{'ANSWER': 'Pakistan'}]
  # found 0 program(s)
# (t=246.27) fallback i=55, candidate=[{'ANSWER': 'Poland'}]
  # found 0 program(s)
# (t=250.91) fallback i=56, candidate=[{'ANSWER': 'Remain the same'}]
  # found 0 program(s)
# (t=255.14) fallback i=57, candidate=[{'ANSWER': 'Russia'}]
  # found 0 program(s)
# (t=259.72) fallback i=58, candidate=[{'ANSWER': 'Spain'}]
  # found 0 program(s)
# (t=263.98) fallback i=59, candidate=[{'ANSWER': 'Tunisia'}]
  # found 0 program(s)
# (t=268.30) fallback i=60, candidate=[{'ANSWER': 'Turkey'}]
  # found 0 program(s)
# (t=272.94) fallback i=61, candidate=[{'ANSWER': 'U.S.'}]
  # found 0 program(s)
# (t=277.16) fallback i=62, candidate=[{'ANSWER': 'Worsen'}]
  # found 0 program(s)
# (t=281.69) fallback i=63, candidate=[{'ANSWER': 'blue'}]
  # found 0 program(s)
# (t=285.95) fallback i=64, candidate=[{'ANSWER': 'color'}]
  # found 0 program(s)
# (t=290.23) fallback i=65, candidate=[{'ANSWER': 'opinion'}]
  # found 0 program(s)
# (t=294.88) fallback i=66, candidate=[{'ANSWER': 'orange'}]
  # found 0 program(s)
# (t=299.18) fallback i=67, candidate=[{'ANSWER': 'percentage'}]
  # found 0 program(s)
---------- timeout ----------
# ====> fallback strategy (original) is triggered
# ====> use the original TaPas output as answer, which is: [18]

# ========== review report ========== #
