# parsed arguments: Namespace(benchmark='Q55557', dsl='meta_visqa', skeletons='visqa_normal', strategy='TaPas_C', fallback='auto', timeout=300, mode='optimal-only', expected_only=False)
# loading benchmark...
# table keywords: {'costa', 'el', 'salvador', '699', 'honduras', '544', 'birds', 'belize', 'nicaragua', 'rica', '838', 'guatemala', '684', '904', '632', 'panama', 'blue', 'color', '434', 'country'}
# input type: [dtype('O'), dtype('int64'), dtype('O')]
# input is:
       Country  Birds color
0       Belize    544  blue
1   Costa Rica    838  blue
2  El Salvador    434  blue
3    Guatemala    684  blue
4     Honduras    699  blue
5    Nicaragua    632  blue
6       Panama    904  blue
# query is: Does Guatemala or Honduras have more bird species?
# expected output type:[dtype('O')]
# expected output is:
     ANSWER
0  Honduras
# inferred DSL terminals:
  # ConstVal: ['Birds@Str', 'Guatemala@Str', '<NULL>']
     # cmap: [('bird', 'Birds'), ('guatemala', 'Guatemala')]
  # AggrFunc: ['<NULL>']
     # amap: []
  # NumFunc: ['-', '<NULL>']
     # nmap: [('more', '-')]
  # BoolFunc: ['>', '>=', '==', '<NULL>']
     # bmap: [(None, '=='), ('more', '>'), ('more', '>=')]
  # IndFunc: ['<NULL>']
     # imap: []
# ====> fallback strategy (comparison) is triggered
  # [debug] high_values: []
  # [debug] high_values (no dup.): []
  # [debug] filtered low_values (no dup.): [(250, 2), (220, 2), (154, 2), (140, 2), (52, 2), (15, 2), (-15, 2), (-52, 2), (-140, 2), (-154, 2)]
  # [debug] fallback (comparison) answers are added
# ====> fallback strategy (selection) is triggered
  # [debug] fallback (selection) answers: ['Birds', 'Guatemala']
  # [debug] fallback (selection) answers (no dup.): ['Birds']
  # [debug] 1 fallback (selection) answers are added
# loading skeleton list...

# ========== candidate program report ========== #
# (t=0.00) i=0, candidate=[{'ANSWER': 'Guatemala'}]
  # found 4 program(s)
    # SelectCol(SelectRow1(SelectRow1(@param0, ==, 0, Guatemala@Str), ==, 0, Guatemala@Str), ['0'])
      --> ['SelectCol', ['SelectRow1', ['SelectRow1', 'input@0', '==', 'Country', 'Guatemala'], '==', 'Country', 'Guatemala'], ['Country']]
    # SelectCol(SelectRow1(SelectRow1(@param0, ==, 0, Guatemala@Str), ==, 0, Guatemala@Str), ['-1', '-2'])
      --> ['SelectCol', ['SelectRow1', ['SelectRow1', 'input@0', '==', 'Country', 'Guatemala'], '==', 'Country', 'Guatemala'], ['Country']]
    # SelectCol(SelectRow1(@param0, ==, 0, Guatemala@Str), ['0'])
      --> ['SelectCol', ['SelectRow1', 'input@0', '==', 'Country', 'Guatemala'], ['Country']]
    # SelectCol(SelectRow1(@param0, ==, 0, Guatemala@Str), ['-1', '-2'])
      --> ['SelectCol', ['SelectRow1', 'input@0', '==', 'Country', 'Guatemala'], ['Country']]
# (t=1.25) i=1, candidate=[{'ANSWER': 'Guatemala'}, {'ANSWER': 'Honduras'}]
  # found 0 program(s)
# (t=2.50) i=2, candidate=[{'ANSWER': 'Honduras'}]
  # found 0 program(s)
# (t=3.73) i=3, candidate=[{'ANSWER': 'Belize'}, {'ANSWER': 'Guatemala'}, {'ANSWER': 'Honduras'}]
  # found 0 program(s)
# (t=4.96) i=4, candidate=[{'ANSWER': 'El Salvador'}, {'ANSWER': 'Guatemala'}, {'ANSWER': 'Honduras'}]
  # found 0 program(s)
# (t=6.19) i=5, candidate=[{'ANSWER': 'Guatemala'}, {'ANSWER': 'Honduras'}, {'ANSWER': 'Panama'}]
  # found 0 program(s)
# (t=7.43) i=6, candidate=[{'ANSWER': 'Costa Rica'}, {'ANSWER': 'Guatemala'}, {'ANSWER': 'Honduras'}]
  # found 0 program(s)
# (t=8.66) i=7, candidate=[{'ANSWER': 'Guatemala'}, {'ANSWER': 'Honduras'}, {'ANSWER': 'Nicaragua'}]
  # found 0 program(s)
# (t=9.89) i=8, candidate=[{'ANSWER': 'Belize'}, {'ANSWER': 'Guatemala'}]
  # found 0 program(s)
# (t=11.12) i=9, candidate=[{'ANSWER': 'El Salvador'}, {'ANSWER': 'Guatemala'}]
  # found 0 program(s)
# (t=12.61) i=10, candidate=[{'ANSWER': 'Guatemala'}, {'ANSWER': 'Panama'}]
  # found 0 program(s)
# (t=13.83) i=11, candidate=[{'ANSWER': 'Costa Rica'}, {'ANSWER': 'Guatemala'}]
  # found 0 program(s)
# (t=15.06) i=12, candidate=[{'ANSWER': 'Guatemala'}, {'ANSWER': 'Nicaragua'}]
  # found 0 program(s)
# (t=16.28) i=13, candidate=[{'ANSWER': 'Belize'}, {'ANSWER': 'Honduras'}]
  # found 0 program(s)
# (t=17.51) i=14, candidate=[{'ANSWER': 'El Salvador'}, {'ANSWER': 'Honduras'}]
  # found 0 program(s)
# (t=18.72) i=15, candidate=[{'ANSWER': 'Honduras'}, {'ANSWER': 'Panama'}]
  # found 0 program(s)
# (t=19.93) i=16, candidate=[{'ANSWER': 'Costa Rica'}, {'ANSWER': 'Honduras'}]
  # found 0 program(s)
# (t=21.18) i=17, candidate=[{'ANSWER': 'Honduras'}, {'ANSWER': 'Nicaragua'}]
  # found 0 program(s)
# (t=22.44) i=18, candidate=[{'ANSWER': 'Belize'}, {'ANSWER': 'El Salvador'}, {'ANSWER': 'Guatemala'}]
  # found 0 program(s)
# (t=23.68) i=19, candidate=[{'ANSWER': 'Belize'}, {'ANSWER': 'Guatemala'}, {'ANSWER': 'Panama'}]
  # found 0 program(s)
# (t=24.94) i=20, candidate=[{'ANSWER': 'Belize'}, {'ANSWER': 'Costa Rica'}, {'ANSWER': 'Guatemala'}]
  # found 0 program(s)
# (t=26.19) i=21, candidate=[{'ANSWER': 'Belize'}, {'ANSWER': 'Guatemala'}, {'ANSWER': 'Nicaragua'}]
  # found 0 program(s)
# (t=27.75) i=22, candidate=[{'ANSWER': 'El Salvador'}, {'ANSWER': 'Guatemala'}, {'ANSWER': 'Panama'}]
  # found 0 program(s)
# (t=28.98) i=23, candidate=[{'ANSWER': 'Costa Rica'}, {'ANSWER': 'El Salvador'}, {'ANSWER': 'Guatemala'}]
  # found 0 program(s)
# (t=30.20) i=24, candidate=[{'ANSWER': 'El Salvador'}, {'ANSWER': 'Guatemala'}, {'ANSWER': 'Nicaragua'}]
  # found 0 program(s)
# (t=31.43) i=25, candidate=[{'ANSWER': 'Costa Rica'}, {'ANSWER': 'Guatemala'}, {'ANSWER': 'Panama'}]
  # found 0 program(s)
# (t=32.67) i=26, candidate=[{'ANSWER': 'Guatemala'}, {'ANSWER': 'Nicaragua'}, {'ANSWER': 'Panama'}]
  # found 0 program(s)
# (t=33.91) i=27, candidate=[{'ANSWER': 'Costa Rica'}, {'ANSWER': 'Guatemala'}, {'ANSWER': 'Nicaragua'}]
  # found 0 program(s)
# (t=35.13) i=28, candidate=[{'ANSWER': 'Belize'}, {'ANSWER': 'El Salvador'}, {'ANSWER': 'Honduras'}]
  # found 0 program(s)
# (t=36.36) i=29, candidate=[{'ANSWER': 'Belize'}, {'ANSWER': 'Honduras'}, {'ANSWER': 'Panama'}]
  # found 0 program(s)
# (t=37.58) i=30, candidate=[{'ANSWER': 250}]
  # found 0 program(s)
# (t=38.79) i=31, candidate=[{'ANSWER': 220}]
  # found 0 program(s)
# (t=40.01) i=32, candidate=[{'ANSWER': 154}]
  # found 0 program(s)
# (t=41.23) i=33, candidate=[{'ANSWER': 140}]
  # found 0 program(s)
# (t=42.45) i=34, candidate=[{'ANSWER': 52}]
  # found 0 program(s)
# (t=44.01) i=35, candidate=[{'ANSWER': 15}]
  # found 0 program(s)
# (t=45.23) i=36, candidate=[{'ANSWER': -15}]
  # found 0 program(s)
# (t=46.44) i=37, candidate=[{'ANSWER': -52}]
  # found 0 program(s)
# (t=47.67) i=38, candidate=[{'ANSWER': -140}]
  # found 0 program(s)
# (t=48.88) i=39, candidate=[{'ANSWER': -154}]
  # found 0 program(s)
# (t=50.11) i=40, candidate=[{'ANSWER': 'Birds'}]
  # found 0 program(s)

# ========== review report ========== #
# top-1, score: 2.27, answer: ['Guatemala']
  # tprog: SelectCol(SelectRow1(@param0, ==, 0, Guatemala@Str), ['0'])
# top-2, score: 2.27, answer: ['Guatemala']
  # tprog: SelectCol(SelectRow1(@param0, ==, 0, Guatemala@Str), ['-1', '-2'])
# top-3, score: 2.22, answer: ['Guatemala']
  # tprog: SelectCol(SelectRow1(SelectRow1(@param0, ==, 0, Guatemala@Str), ==, 0, Guatemala@Str), ['0'])
# top-4, score: 2.22, answer: ['Guatemala']
  # tprog: SelectCol(SelectRow1(SelectRow1(@param0, ==, 0, Guatemala@Str), ==, 0, Guatemala@Str), ['-1', '-2'])
