# parsed arguments: Namespace(benchmark='Q79447', dsl='meta_visqa', skeletons='visqa_normal', strategy='TaPas_C', fallback='auto', timeout=300, mode='optimal-only', expected_only=False)
# loading benchmark...
# table keywords: {'commission', '1000000', 'japan', 'netherlands', 'country', 'norway', 'us', '2713704', 'belgium', 'germany', 'kuwait', '2000000', 'color', 'finland', '67030000', 'ireland', 'european', '1356852', '5475452', '7033231', '26000000', 'blue', '30033922', 'donations', 'china'}
# input type: [dtype('O'), dtype('int64'), dtype('O')]
# input is:
                Country  Donations color
0                    US   67030000  blue
1   European Commission   30033922  blue
2                 Japan   26000000  blue
3           Netherlands    7033231  blue
4                Norway    5475452  blue
5               Germany    2713704  blue
6                Kuwait    2000000  blue
7               Finland    1356852  blue
8               Belgium    1356852  blue
9               Ireland    1356852  blue
10                China    1000000  blue
# query is: How much donations have Japan given to Syrian refugees?
# expected output type:[dtype('int64')]
# expected output is:
     ANSWER
0  26000000
# inferred DSL terminals:
  # ConstVal: ['Japan@Str', 'Donations@Str', '<NULL>']
     # cmap: [('donations', 'Donations'), ('japan', 'Japan')]
  # AggrFunc: ['<NULL>']
     # amap: []
  # NumFunc: ['<NULL>']
     # nmap: []
  # BoolFunc: ['==', '<NULL>']
     # bmap: [(None, '==')]
  # IndFunc: ['<NULL>']
     # imap: []
# loading skeleton list...

# ========== candidate program report ========== #
# (t=0.00) i=0, candidate=[{'ANSWER': 26000000}]
  # found 4 program(s)
    # SelectCol(SelectRow1(SelectRow1(@param0, ==, 0, Japan@Str), ==, 0, Japan@Str), ['1'])
      --> ['SelectCol', ['SelectRow1', ['SelectRow1', 'input@0', '==', 'Country', 'Japan'], '==', 'Country', 'Japan'], ['Donations']]
    # SelectCol(SelectRow1(SelectRow1(@param0, ==, 0, Japan@Str), ==, 0, Japan@Str), ['-99', '-2'])
      --> ['SelectCol', ['SelectRow1', ['SelectRow1', 'input@0', '==', 'Country', 'Japan'], '==', 'Country', 'Japan'], ['Donations']]
    # SelectCol(SelectRow1(@param0, ==, 0, Japan@Str), ['1'])
      --> ['SelectCol', ['SelectRow1', 'input@0', '==', 'Country', 'Japan'], ['Donations']]
    # SelectCol(SelectRow1(@param0, ==, 0, Japan@Str), ['-99', '-2'])
      --> ['SelectCol', ['SelectRow1', 'input@0', '==', 'Country', 'Japan'], ['Donations']]
# (t=1.07) i=1, candidate=[{'ANSWER': 52000000}]
  # found 0 program(s)
# (t=2.12) i=2, candidate=[{'ANSWER': 78000000}]
  # found 0 program(s)
# (t=3.18) i=3, candidate=[{'ANSWER': 53000000}]
  # found 0 program(s)
# (t=4.23) i=4, candidate=[{'ANSWER': 27000000}]
  # found 0 program(s)
# (t=5.29) i=5, candidate=[{'ANSWER': 28000000}]
  # found 0 program(s)
# (t=6.34) i=6, candidate=[{'ANSWER': 1000000}]
  # found 0 program(s)
# (t=7.39) i=7, candidate=[{'ANSWER': 2000000}]
  # found 0 program(s)
# (t=8.45) i=8, candidate=[{'ANSWER': 3000000}]
  # found 0 program(s)

# ========== review report ========== #
# top-1, score: 2.37, answer: [26000000]
  # tprog: SelectCol(SelectRow1(@param0, ==, 0, Japan@Str), ['1'])
# top-2, score: 2.37, answer: [26000000]
  # tprog: SelectCol(SelectRow1(@param0, ==, 0, Japan@Str), ['-99', '-2'])
# top-3, score: 2.31, answer: [26000000]
  # tprog: SelectCol(SelectRow1(SelectRow1(@param0, ==, 0, Japan@Str), ==, 0, Japan@Str), ['1'])
# top-4, score: 2.31, answer: [26000000]
  # tprog: SelectCol(SelectRow1(SelectRow1(@param0, ==, 0, Japan@Str), ==, 0, Japan@Str), ['-99', '-2'])
