# parsed arguments: Namespace(benchmark='Q8add1', dsl='meta_visqa', skeletons='visqa_normal', strategy='TaPas_C', fallback='auto', timeout=300, mode='optimal-only', expected_only=False)
# loading benchmark...
# table keywords: {'lrt', '954000', 'transportation', '3095000', '180000', 'bus', 'color', 'taxi', '3939000', 'ridership', 'blue', 'mrt'}
# input type: [dtype('int64'), dtype('O'), dtype('O')]
# input is:
   ridership transportation color
0    3939000            Bus  blue
1    3095000            MRT  blue
2     954000           Taxi  blue
3     180000            LRT  blue
# query is: What is number for the bus ridership?
# expected output type:[dtype('int64')]
# expected output is:
    ANSWER
0  3939000
# inferred DSL terminals:
  # ConstVal: ['ridership@Str', 'Bus@Str', '<NULL>']
     # cmap: [('bus', 'Bus'), ('ridership', 'ridership')]
  # AggrFunc: ['count', '<NULL>']
     # amap: [('number', 'count')]
  # NumFunc: ['<NULL>']
     # nmap: []
  # BoolFunc: ['==', '<NULL>']
     # bmap: [(None, '==')]
  # IndFunc: ['<NULL>']
     # imap: []
# loading skeleton list...

# ========== candidate program report ========== #
# (t=0.00) i=0, candidate=[{'ANSWER': 3939000}]
  # found 4 program(s)
    # SelectCol(SelectRow1(SelectRow1(@param0, ==, 1, Bus@Str), ==, 1, Bus@Str), ['0'])
      --> ['SelectCol', ['SelectRow1', ['SelectRow1', 'input@0', '==', 'transportation', 'Bus'], '==', 'transportation', 'Bus'], ['ridership']]
    # SelectCol(SelectRow1(SelectRow1(@param0, ==, 1, Bus@Str), ==, 1, Bus@Str), ['-1', '-2'])
      --> ['SelectCol', ['SelectRow1', ['SelectRow1', 'input@0', '==', 'transportation', 'Bus'], '==', 'transportation', 'Bus'], ['ridership']]
    # SelectCol(SelectRow1(@param0, ==, 1, Bus@Str), ['0'])
      --> ['SelectCol', ['SelectRow1', 'input@0', '==', 'transportation', 'Bus'], ['ridership']]
    # SelectCol(SelectRow1(@param0, ==, 1, Bus@Str), ['-1', '-2'])
      --> ['SelectCol', ['SelectRow1', 'input@0', '==', 'transportation', 'Bus'], ['ridership']]
# (t=1.18) i=1, candidate=[{'ANSWER': 7878000}]
  # found 0 program(s)
# (t=2.33) i=2, candidate=[{'ANSWER': 11817000}]
  # found 0 program(s)
# (t=3.48) i=3, candidate=[{'ANSWER': 15756000}]
  # found 0 program(s)

# ========== review report ========== #
# top-1, score: 2.43, answer: [3939000]
  # tprog: SelectCol(SelectRow1(@param0, ==, 1, Bus@Str), ['0'])
# top-2, score: 2.43, answer: [3939000]
  # tprog: SelectCol(SelectRow1(@param0, ==, 1, Bus@Str), ['-1', '-2'])
# top-3, score: 2.38, answer: [3939000]
  # tprog: SelectCol(SelectRow1(SelectRow1(@param0, ==, 1, Bus@Str), ==, 1, Bus@Str), ['0'])
# top-4, score: 2.38, answer: [3939000]
  # tprog: SelectCol(SelectRow1(SelectRow1(@param0, ==, 1, Bus@Str), ==, 1, Bus@Str), ['-1', '-2'])
