# parsed arguments: Namespace(benchmark='Q8de0c', dsl='meta_visqa', skeletons='visqa_normal', strategy='TaPas_C', fallback='auto', timeout=300, mode='optimal-only', expected_only=False)
# loading benchmark...
# table keywords: {'color', 'w', 'blue', 'hawks', 'x-houston', '16', 'x-san', 'detroit', 'central', '50', 'antonio', '41', 'y-atlanta', 'spurs', 'cavaliers', '37', 'cleveland', 'division', 'pacers', 'indiana', 'rockets', 'pistons'}
# input type: [dtype('O'), dtype('int64'), dtype('O')]
# input is:
      Central Division   W color
0      y-Atlanta Hawks  50  blue
1    x-Houston Rockets  41  blue
2  x-San Antonio Spurs  41  blue
3  Cleveland Cavaliers  37  blue
4       Indiana Pacers  37  blue
5      Detroit Pistons  16  blue
# query is: What basketball team has the most wins in the Central Division?
# expected output type:[dtype('O')]
# expected output is:
            ANSWER
0  y-Atlanta Hawks
# inferred DSL terminals:
  # ConstVal: ['Central Division@Str', '<NULL>']
     # cmap: [('division', 'Central Division'), ('central', 'Central Division')]
  # AggrFunc: ['max', '<NULL>']
     # amap: [('most', 'max')]
  # NumFunc: ['<NULL>']
     # nmap: []
  # BoolFunc: ['==', '<NULL>']
     # bmap: [(None, '==')]
  # IndFunc: ['eqmax', '<NULL>']
     # imap: [('most', 'eqmax')]
# loading skeleton list...

# ========== candidate program report ========== #
# (t=0.00) i=0, candidate=[{'ANSWER': 'y-Atlanta Hawks'}]
  # found 10 program(s)
    # SelectCol(SelectRow0(GroupSum(@param0, ['0'], max, 1), eqmax, 1), ['0'])
      --> ['SelectCol', ['SelectRow0', ['GroupSum', 'input@0', ['Central Division'], 'max', 'W'], 'eqmax', 'COL0'], ['Central Division']]
    # SelectCol(SelectRow0(GroupSum(@param0, ['0'], max, 1), eqmax, 1), ['-1'])
      --> ['SelectCol', ['SelectRow0', ['GroupSum', 'input@0', ['Central Division'], 'max', 'W'], 'eqmax', 'COL0'], ['Central Division']]
    # SelectCol(SelectRow0(GroupSum(@param0, ['0', '1'], max, 1), eqmax, 1), ['0'])
      --> ['SelectCol', ['SelectRow0', ['GroupSum', 'input@0', ['Central Division', 'W'], 'max', 'W'], 'eqmax', 'W'], ['Central Division']]
    # SelectCol(SelectRow0(GroupSum(@param0, ['0', '1'], max, 1), eqmax, 1), ['-1', '-2'])
      --> ['SelectCol', ['SelectRow0', ['GroupSum', 'input@0', ['Central Division', 'W'], 'max', 'W'], 'eqmax', 'W'], ['Central Division']]
    # SelectCol(SelectRow0(GroupSum(@param0, ['0', '1'], max, 1), eqmax, 2), ['0'])
      --> ['SelectCol', ['SelectRow0', ['GroupSum', 'input@0', ['Central Division', 'W'], 'max', 'W'], 'eqmax', 'COL0'], ['Central Division']]
    # SelectCol(SelectRow0(GroupSum(@param0, ['0', '1'], max, 1), eqmax, 2), ['-1', '-2'])
      --> ['SelectCol', ['SelectRow0', ['GroupSum', 'input@0', ['Central Division', 'W'], 'max', 'W'], 'eqmax', 'COL0'], ['Central Division']]
    # SelectCol(SelectRow0(GroupSum(@param0, ['0', '2'], max, 1), eqmax, 2), ['0'])
      --> ['SelectCol', ['SelectRow0', ['GroupSum', 'input@0', ['Central Division', 'color'], 'max', 'W'], 'eqmax', 'COL0'], ['Central Division']]
    # SelectCol(SelectRow0(GroupSum(@param0, ['0', '2'], max, 1), eqmax, 2), ['-1', '-2'])
      --> ['SelectCol', ['SelectRow0', ['GroupSum', 'input@0', ['Central Division', 'color'], 'max', 'W'], 'eqmax', 'COL0'], ['Central Division']]
    # SelectCol(SelectRow0(@param0, eqmax, 1), ['0'])
      --> ['SelectCol', ['SelectRow0', 'input@0', 'eqmax', 'W'], ['Central Division']]
    # SelectCol(SelectRow0(@param0, eqmax, 1), ['-1', '-2'])
      --> ['SelectCol', ['SelectRow0', 'input@0', 'eqmax', 'W'], ['Central Division']]
# (t=0.56) i=1, candidate=[{'ANSWER': 'x-Houston Rockets'}]
  # found 0 program(s)
# (t=1.08) i=2, candidate=[{'ANSWER': 'Cleveland Cavaliers'}]
  # found 0 program(s)
# (t=1.60) i=3, candidate=[{'ANSWER': 'Indiana Pacers'}]
  # found 0 program(s)

# ========== review report ========== #
# top-1, score: 1.44, answer: ['y-Atlanta Hawks']
  # tprog: SelectCol(SelectRow0(@param0, eqmax, 1), ['0'])
# top-2, score: 1.44, answer: ['y-Atlanta Hawks']
  # tprog: SelectCol(SelectRow0(@param0, eqmax, 1), ['-1', '-2'])
# top-3, score: 1.37, answer: ['y-Atlanta Hawks']
  # tprog: SelectCol(SelectRow0(GroupSum(@param0, ['0'], max, 1), eqmax, 1), ['0'])
# top-4, score: 1.37, answer: ['y-Atlanta Hawks']
  # tprog: SelectCol(SelectRow0(GroupSum(@param0, ['0'], max, 1), eqmax, 1), ['-1'])
# top-5, score: 1.36, answer: ['y-Atlanta Hawks']
  # tprog: SelectCol(SelectRow0(GroupSum(@param0, ['0', '1'], max, 1), eqmax, 1), ['0'])
# top-6, score: 1.36, answer: ['y-Atlanta Hawks']
  # tprog: SelectCol(SelectRow0(GroupSum(@param0, ['0', '1'], max, 1), eqmax, 1), ['-1', '-2'])
# top-7, score: 1.36, answer: ['y-Atlanta Hawks']
  # tprog: SelectCol(SelectRow0(GroupSum(@param0, ['0', '1'], max, 1), eqmax, 2), ['0'])
# top-8, score: 1.36, answer: ['y-Atlanta Hawks']
  # tprog: SelectCol(SelectRow0(GroupSum(@param0, ['0', '1'], max, 1), eqmax, 2), ['-1', '-2'])
# top-9, score: 1.36, answer: ['y-Atlanta Hawks']
  # tprog: SelectCol(SelectRow0(GroupSum(@param0, ['0', '2'], max, 1), eqmax, 2), ['0'])
# top-10, score: 1.36, answer: ['y-Atlanta Hawks']
  # tprog: SelectCol(SelectRow0(GroupSum(@param0, ['0', '2'], max, 1), eqmax, 2), ['-1', '-2'])
