# parsed arguments: Namespace(benchmark='Q9aeee', dsl='meta_visqa', skeletons='visqa_normal', strategy='TaPas_C', fallback='auto', timeout=300, mode='optimal-only', expected_only=False)
# loading benchmark...
# table keywords: {'11700.22112', '406.8857207', '3426.840162', '2669.946123', '2651.442018', '774.467161', '5220.856542', '2651.260121', '4743.264112', '2976.137049', '3748.934494', '1775.141291', '2003', '1993', '8628.952841', '362.808414', '1135.44795', '2748.917437', '1992', '2526.596184', '2009', '1997', '450.4151061', '2000', '5793.400957', '703.1207994', '459.5766355', '2069.343631', '3095.08716', '949.1780621', '3041.677796', '1027.906574', 'brazil', '448.0969889', '1994', '4751.065263', '1998', '1126.945129', '2791.968684', '6946.880998', '469.2131942', 'color', '3696.146772', '5109.348611', '1273.640743', '2006', '8391.668592', '2001', '2002', 'year', '2812.334223', '2929.303282', '8615.658757', 'country', '3413.259971', '604.2280606', '558.4416044', '1731.125235', '3413.588661', '2007', '2005', 'china', '1055.136489', 'gdp', '322.243454', '2004', '4108.574488', '3609.875507', '420.9653204', '9146.41636', '731.7417369', '1844.485782', '864.7303144', '351.8848828', '5337.065324', '820.8630768', 'india', 'russia', '480.2069446', '373.8000229', '2663.456988', '1041.637704', '4980.980645', '2375.162934', '3129.755456', 'orange', '7197.031306', '380.0984013', '1995', 'teal', 'red', '1999', '820.2983339', '2008', '2100.743786', '1338.986444', '422.9243667', '1996', '642.556503', 'blue', '1490.380056', '306.1686498'}
# input type: [dtype('int64'), dtype('O'), dtype('float64'), dtype('O')]
# input is:
    year country          GDP   color
0   1992  Brazil  2526.596184    blue
1   1993  Brazil  2791.968684    blue
2   1994  Brazil  3426.840162    blue
3   1995  Brazil  4751.065263    blue
4   1996  Brazil  5109.348611    blue
..   ...     ...          ...     ...
67  2005   China  1731.125235  orange
68  2006   China  2069.343631  orange
69  2007   China  2651.260121  orange
70  2008   China  3413.588661  orange
71  2009   China  3748.934494  orange

[72 rows x 4 columns]
# query is: How many times do Brazil and Russia flip in terms of GDP ranking?
# expected output type:[dtype('int64')]
# expected output is:
   ANSWER
0       2
# inferred DSL terminals:
  # ConstVal: ['GDP@Str', 'Brazil@Str', 'Russia@Str', '<NULL>']
     # cmap: [('russia', 'Russia'), ('brazil', 'Brazil'), ('gdp', 'GDP')]
  # AggrFunc: ['count', '<NULL>']
     # amap: [('how many', 'count')]
  # NumFunc: ['<NULL>']
     # nmap: []
  # BoolFunc: ['==', '<NULL>']
     # bmap: [(None, '==')]
  # IndFunc: ['<NULL>']
     # imap: []
# loading skeleton list...

# ========== candidate program report ========== #
# (t=0.00) i=0, candidate=[{'ANSWER': 1}]
  # found 0 program(s)
# ====> fallback strategy (retrieval) is triggered because no explanation is found so far
# ====> retrieval_values: [1027.906574, 1041.637704, 1055.136489, 1126.945129, 1135.44795, 11700.22112, 1273.640743, 1338.986444, 1490.380056, 1731.125235, 1775.141291, 1844.485782, 1992, 1993, 1994, 1995, 1996, 1997, 1998, 1999, 2000, 2001, 2002, 2003, 2004, 2005, 2006, 2007, 2008, 2009, 2069.343631, 2100.743786, 2375.162934, 2526.596184, 2651.260121, 2651.442018, 2663.456988, 2669.946123, 2748.917437, 2791.968684, 2812.334223, 2929.303282, 2976.137049, 3041.677796, 306.1686498, 3095.08716, 3129.755456, 322.243454, 3413.259971, 3413.588661, 3426.840162, 351.8848828, 3609.875507, 362.808414, 3696.146772, 373.8000229, 3748.934494, 380.0984013, 406.8857207, 4108.574488, 420.9653204, 422.9243667, 448.0969889, 450.4151061, 459.5766355, 469.2131942, 4743.264112, 4751.065263, 480.2069446, 4980.980645, 5109.348611, 5220.856542, 5337.065324, 558.4416044, 5793.400957, 604.2280606, 642.556503, 6946.880998, 703.1207994, 7197.031306, 731.7417369, 774.467161, 820.2983339, 820.8630768, 8391.668592, 8615.658757, 8628.952841, 864.7303144, 9146.41636, 949.1780621, 'Brazil', 'China', 'GDP', 'India', 'Russia', 'blue', 'color', 'country', 'orange', 'red', 'teal', 'year']
# (t=5.71) fallback i=0, candidate=[{'ANSWER': 1027.906574}]
  # found 0 program(s)
# (t=11.67) fallback i=1, candidate=[{'ANSWER': 1041.637704}]
  # found 0 program(s)
# (t=17.38) fallback i=2, candidate=[{'ANSWER': 1055.136489}]
  # found 0 program(s)
# (t=23.07) fallback i=3, candidate=[{'ANSWER': 1126.945129}]
  # found 0 program(s)
# (t=29.13) fallback i=4, candidate=[{'ANSWER': 1135.44795}]
  # found 0 program(s)
# (t=34.85) fallback i=5, candidate=[{'ANSWER': 11700.22112}]
  # found 0 program(s)
# (t=40.88) fallback i=6, candidate=[{'ANSWER': 1273.640743}]
  # found 0 program(s)
# (t=46.59) fallback i=7, candidate=[{'ANSWER': 1338.986444}]
  # found 0 program(s)
# (t=52.64) fallback i=8, candidate=[{'ANSWER': 1490.380056}]
  # found 0 program(s)
# (t=58.33) fallback i=9, candidate=[{'ANSWER': 1731.125235}]
  # found 0 program(s)
# (t=64.37) fallback i=10, candidate=[{'ANSWER': 1775.141291}]
  # found 0 program(s)
# (t=70.04) fallback i=11, candidate=[{'ANSWER': 1844.485782}]
  # found 0 program(s)
# (t=75.77) fallback i=12, candidate=[{'ANSWER': 1992}]
  # found 0 program(s)
# (t=81.83) fallback i=13, candidate=[{'ANSWER': 1993}]
  # found 0 program(s)
# (t=87.50) fallback i=14, candidate=[{'ANSWER': 1994}]
  # found 0 program(s)
# (t=93.54) fallback i=15, candidate=[{'ANSWER': 1995}]
  # found 0 program(s)
# (t=99.23) fallback i=16, candidate=[{'ANSWER': 1996}]
  # found 0 program(s)
# (t=105.25) fallback i=17, candidate=[{'ANSWER': 1997}]
  # found 0 program(s)
# (t=110.95) fallback i=18, candidate=[{'ANSWER': 1998}]
  # found 0 program(s)
# (t=116.64) fallback i=19, candidate=[{'ANSWER': 1999}]
  # found 0 program(s)
# (t=122.72) fallback i=20, candidate=[{'ANSWER': 2000}]
  # found 0 program(s)
# (t=128.44) fallback i=21, candidate=[{'ANSWER': 2001}]
  # found 0 program(s)
# (t=134.48) fallback i=22, candidate=[{'ANSWER': 2002}]
  # found 0 program(s)
# (t=140.19) fallback i=23, candidate=[{'ANSWER': 2003}]
  # found 0 program(s)
# (t=146.23) fallback i=24, candidate=[{'ANSWER': 2004}]
  # found 0 program(s)
# (t=151.91) fallback i=25, candidate=[{'ANSWER': 2005}]
  # found 0 program(s)
# (t=157.62) fallback i=26, candidate=[{'ANSWER': 2006}]
  # found 0 program(s)
# (t=163.71) fallback i=27, candidate=[{'ANSWER': 2007}]
  # found 0 program(s)
# (t=169.42) fallback i=28, candidate=[{'ANSWER': 2008}]
  # found 0 program(s)
# (t=175.42) fallback i=29, candidate=[{'ANSWER': 2009}]
  # found 0 program(s)
# (t=181.07) fallback i=30, candidate=[{'ANSWER': 2069.343631}]
  # found 0 program(s)
# (t=187.08) fallback i=31, candidate=[{'ANSWER': 2100.743786}]
  # found 0 program(s)
# (t=192.77) fallback i=32, candidate=[{'ANSWER': 2375.162934}]
  # found 0 program(s)
# (t=198.81) fallback i=33, candidate=[{'ANSWER': 2526.596184}]
  # found 0 program(s)
# (t=204.49) fallback i=34, candidate=[{'ANSWER': 2651.260121}]
  # found 0 program(s)
# (t=210.16) fallback i=35, candidate=[{'ANSWER': 2651.442018}]
  # found 0 program(s)
# (t=216.29) fallback i=36, candidate=[{'ANSWER': 2663.456988}]
  # found 0 program(s)
# (t=221.97) fallback i=37, candidate=[{'ANSWER': 2669.946123}]
  # found 0 program(s)
# (t=227.99) fallback i=38, candidate=[{'ANSWER': 2748.917437}]
  # found 0 program(s)
# (t=233.67) fallback i=39, candidate=[{'ANSWER': 2791.968684}]
  # found 0 program(s)
# (t=239.36) fallback i=40, candidate=[{'ANSWER': 2812.334223}]
  # found 0 program(s)
# (t=245.44) fallback i=41, candidate=[{'ANSWER': 2929.303282}]
  # found 0 program(s)
# (t=251.12) fallback i=42, candidate=[{'ANSWER': 2976.137049}]
  # found 0 program(s)
# (t=257.14) fallback i=43, candidate=[{'ANSWER': 3041.677796}]
  # found 0 program(s)
# (t=262.84) fallback i=44, candidate=[{'ANSWER': 306.1686498}]
  # found 0 program(s)
# (t=268.84) fallback i=45, candidate=[{'ANSWER': 3095.08716}]
  # found 0 program(s)
# (t=274.51) fallback i=46, candidate=[{'ANSWER': 3129.755456}]
  # found 0 program(s)
# (t=280.55) fallback i=47, candidate=[{'ANSWER': 322.243454}]
  # found 0 program(s)
# (t=286.26) fallback i=48, candidate=[{'ANSWER': 3413.259971}]
  # found 0 program(s)
# (t=291.99) fallback i=49, candidate=[{'ANSWER': 3413.588661}]
  # found 0 program(s)
# (t=298.12) fallback i=50, candidate=[{'ANSWER': 3426.840162}]
  # found 0 program(s)
---------- timeout ----------
# ====> fallback strategy (original) is triggered
# ====> use the original TaPas output as answer, which is: [28]

# ========== review report ========== #
