# parsed arguments: Namespace(benchmark='Qa10f6', dsl='meta_visqa', skeletons='visqa_normal', strategy='TaPas_C', fallback='auto', timeout=300, mode='optimal-only', expected_only=False)
# loading benchmark...
# table keywords: {'transportation', 'bus', 'color', '3095000', 'mrt', '954000', 'taxi', 'blue', 'ridership', '180000', '3939000', 'lrt'}
# input type: [dtype('int64'), dtype('O'), dtype('O')]
# input is:
   ridership transportation color
0    3939000            Bus  blue
1    3095000            MRT  blue
2     954000           Taxi  blue
3     180000            LRT  blue
# query is: Which form of Public Transportation is used the third most?
# expected output type:[dtype('O')]
# expected output is:
  ANSWER
0   Taxi
# inferred DSL terminals:
  # ConstVal: ['transportation@Str', '<NULL>']
     # cmap: [('transportation', 'transportation')]
  # AggrFunc: ['max', '<NULL>']
     # amap: [('most', 'max')]
  # NumFunc: ['<NULL>']
     # nmap: []
  # BoolFunc: ['==', '<NULL>']
     # bmap: [(None, '==')]
  # IndFunc: ['eqmax', '<NULL>']
     # imap: [('most', 'eqmax')]
# loading skeleton list...

# ========== candidate program report ========== #
# (t=0.00) i=0, candidate=[{'ANSWER': 'LRT'}]
  # found 0 program(s)
# (t=0.52) i=1, candidate=[{'ANSWER': 'Bus'}, {'ANSWER': 'LRT'}]
  # found 0 program(s)
# (t=1.04) i=2, candidate=[{'ANSWER': 'Bus'}]
  # found 10 program(s)
    # SelectCol(SelectRow0(GroupSum(@param0, ['1'], max, 0), eqmax, 1), ['0'])
      --> ['SelectCol', ['SelectRow0', ['GroupSum', 'input@0', ['transportation'], 'max', 'ridership'], 'eqmax', 'COL0'], ['transportation']]
    # SelectCol(SelectRow0(GroupSum(@param0, ['1'], max, 0), eqmax, 1), ['-1'])
      --> ['SelectCol', ['SelectRow0', ['GroupSum', 'input@0', ['transportation'], 'max', 'ridership'], 'eqmax', 'COL0'], ['transportation']]
    # SelectCol(SelectRow0(GroupSum(@param0, ['0', '1'], max, 0), eqmax, 0), ['1'])
      --> ['SelectCol', ['SelectRow0', ['GroupSum', 'input@0', ['ridership', 'transportation'], 'max', 'ridership'], 'eqmax', 'ridership'], ['transportation']]
    # SelectCol(SelectRow0(GroupSum(@param0, ['0', '1'], max, 0), eqmax, 0), ['-99', '-2'])
      --> ['SelectCol', ['SelectRow0', ['GroupSum', 'input@0', ['ridership', 'transportation'], 'max', 'ridership'], 'eqmax', 'ridership'], ['transportation']]
    # SelectCol(SelectRow0(GroupSum(@param0, ['0', '1'], max, 0), eqmax, 2), ['1'])
      --> ['SelectCol', ['SelectRow0', ['GroupSum', 'input@0', ['ridership', 'transportation'], 'max', 'ridership'], 'eqmax', 'COL0'], ['transportation']]
    # SelectCol(SelectRow0(GroupSum(@param0, ['0', '1'], max, 0), eqmax, 2), ['-99', '-2'])
      --> ['SelectCol', ['SelectRow0', ['GroupSum', 'input@0', ['ridership', 'transportation'], 'max', 'ridership'], 'eqmax', 'COL0'], ['transportation']]
    # SelectCol(SelectRow0(GroupSum(@param0, ['1', '2'], max, 0), eqmax, 2), ['0'])
      --> ['SelectCol', ['SelectRow0', ['GroupSum', 'input@0', ['transportation', 'color'], 'max', 'ridership'], 'eqmax', 'COL0'], ['transportation']]
    # SelectCol(SelectRow0(GroupSum(@param0, ['1', '2'], max, 0), eqmax, 2), ['-1', '-2'])
      --> ['SelectCol', ['SelectRow0', ['GroupSum', 'input@0', ['transportation', 'color'], 'max', 'ridership'], 'eqmax', 'COL0'], ['transportation']]
    # SelectCol(SelectRow0(@param0, eqmax, 0), ['1'])
      --> ['SelectCol', ['SelectRow0', 'input@0', 'eqmax', 'ridership'], ['transportation']]
    # SelectCol(SelectRow0(@param0, eqmax, 0), ['-99', '-2'])
      --> ['SelectCol', ['SelectRow0', 'input@0', 'eqmax', 'ridership'], ['transportation']]
# (t=1.58) i=3, candidate=[{'ANSWER': 'Bus'}, {'ANSWER': 'LRT'}, {'ANSWER': 'MRT'}]
  # found 0 program(s)
# (t=2.09) i=4, candidate=[{'ANSWER': 'Bus'}, {'ANSWER': 'LRT'}, {'ANSWER': 'Taxi'}]
  # found 0 program(s)
# (t=2.60) i=5, candidate=[{'ANSWER': 'LRT'}, {'ANSWER': 'MRT'}]
  # found 0 program(s)
# (t=3.11) i=6, candidate=[{'ANSWER': 'LRT'}, {'ANSWER': 'Taxi'}]
  # found 0 program(s)
# (t=3.62) i=7, candidate=[{'ANSWER': 'Bus'}, {'ANSWER': 'LRT'}, {'ANSWER': 'MRT'}, {'ANSWER': 'Taxi'}]
  # found 0 program(s)
# (t=4.13) i=8, candidate=[{'ANSWER': 'Bus'}, {'ANSWER': 'MRT'}]
  # found 0 program(s)
# (t=4.64) i=9, candidate=[{'ANSWER': 'Bus'}, {'ANSWER': 'Taxi'}]
  # found 0 program(s)
# (t=5.16) i=10, candidate=[{'ANSWER': 'LRT'}, {'ANSWER': 'MRT'}, {'ANSWER': 'Taxi'}]
  # found 0 program(s)
# (t=5.67) i=11, candidate=[{'ANSWER': 'Bus'}, {'ANSWER': 'MRT'}, {'ANSWER': 'Taxi'}]
  # found 0 program(s)
# (t=6.19) i=12, candidate=[{'ANSWER': 'MRT'}]
  # found 0 program(s)
# (t=6.72) i=13, candidate=[{'ANSWER': 'MRT'}, {'ANSWER': 'Taxi'}]
  # found 0 program(s)
# (t=7.24) i=14, candidate=[{'ANSWER': 'Taxi'}]
  # found 0 program(s)

# ========== review report ========== #
# top-1, score: 1.37, answer: ['Bus']
  # tprog: SelectCol(SelectRow0(@param0, eqmax, 0), ['1'])
# top-2, score: 1.37, answer: ['Bus']
  # tprog: SelectCol(SelectRow0(@param0, eqmax, 0), ['-99', '-2'])
# top-3, score: 1.30, answer: ['Bus']
  # tprog: SelectCol(SelectRow0(GroupSum(@param0, ['1'], max, 0), eqmax, 1), ['0'])
# top-4, score: 1.30, answer: ['Bus']
  # tprog: SelectCol(SelectRow0(GroupSum(@param0, ['1'], max, 0), eqmax, 1), ['-1'])
# top-5, score: 1.29, answer: ['Bus']
  # tprog: SelectCol(SelectRow0(GroupSum(@param0, ['0', '1'], max, 0), eqmax, 0), ['1'])
# top-6, score: 1.29, answer: ['Bus']
  # tprog: SelectCol(SelectRow0(GroupSum(@param0, ['0', '1'], max, 0), eqmax, 0), ['-99', '-2'])
# top-7, score: 1.29, answer: ['Bus']
  # tprog: SelectCol(SelectRow0(GroupSum(@param0, ['0', '1'], max, 0), eqmax, 2), ['1'])
# top-8, score: 1.29, answer: ['Bus']
  # tprog: SelectCol(SelectRow0(GroupSum(@param0, ['0', '1'], max, 0), eqmax, 2), ['-99', '-2'])
# top-9, score: 1.29, answer: ['Bus']
  # tprog: SelectCol(SelectRow0(GroupSum(@param0, ['1', '2'], max, 0), eqmax, 2), ['0'])
# top-10, score: 1.29, answer: ['Bus']
  # tprog: SelectCol(SelectRow0(GroupSum(@param0, ['1', '2'], max, 0), eqmax, 2), ['-1', '-2'])
