# parsed arguments: Namespace(benchmark='Qa367c', dsl='meta_visqa', skeletons='visqa_normal', strategy='TaPas_C', fallback='auto', timeout=300, mode='optimal-only', expected_only=False)
# loading benchmark...
# table keywords: {'53', '82', '69', 'blue', 'strongly', 'agree', 'disagree', 'neither', 'color', 'percentage', 'or'}
# input type: [dtype('O'), dtype('int64'), dtype('O')]
# input is:
                       agree  percentage color
0             Strongly agree          82  blue
1  Neither agree or disagree          69  blue
2          Strongly disagree          53  blue
# query is: Which category of agreement has the highest percentage of "agrees?"
# expected output type:[dtype('O')]
# expected output is:
           ANSWER
0  Strongly agree
# inferred DSL terminals:
  # ConstVal: ['percentage@Str', 'Neither agree or disagree@Str', 'agree@Str', 'Strongly agree@Str', '<NULL>']
     # cmap: [('agrees', 'Strongly agree'), ('agreement', 'Neither agree or disagree'), ('agreement', 'agree'), ('agrees', 'Neither agree or disagree'), ('agreement', 'Strongly agree'), ('percentage', 'percentage'), ('agrees', 'agree')]
  # AggrFunc: ['max', '<NULL>']
     # amap: [('highest', 'max')]
  # NumFunc: ['<NULL>']
     # nmap: []
  # BoolFunc: ['==', '<NULL>']
     # bmap: [(None, '==')]
  # IndFunc: ['eqmax', '<NULL>']
     # imap: [('highest', 'eqmax')]
# loading skeleton list...

# ========== candidate program report ========== #
# (t=0.00) i=0, candidate=[{'ANSWER': 'Strongly agree'}]
  # found 18 program(s)
    # SelectCol(SelectRow0(SelectRow1(@param0, ==, 0, Strongly agree@Str), eqmax, 1), ['0'])
      --> ['SelectCol', ['SelectRow0', ['SelectRow1', 'input@0', '==', 'agree', 'Strongly agree'], 'eqmax', 'percentage'], ['agree']]
    # SelectCol(SelectRow0(SelectRow1(@param0, ==, 0, Strongly agree@Str), eqmax, 1), ['-1', '-2'])
      --> ['SelectCol', ['SelectRow0', ['SelectRow1', 'input@0', '==', 'agree', 'Strongly agree'], 'eqmax', 'percentage'], ['agree']]
    # SelectCol(SelectRow1(SelectRow1(@param0, ==, 0, Strongly agree@Str), ==, 0, Strongly agree@Str), ['0'])
      --> ['SelectCol', ['SelectRow1', ['SelectRow1', 'input@0', '==', 'agree', 'Strongly agree'], '==', 'agree', 'Strongly agree'], ['agree']]
    # SelectCol(SelectRow1(SelectRow1(@param0, ==, 0, Strongly agree@Str), ==, 0, Strongly agree@Str), ['-1', '-2'])
      --> ['SelectCol', ['SelectRow1', ['SelectRow1', 'input@0', '==', 'agree', 'Strongly agree'], '==', 'agree', 'Strongly agree'], ['agree']]
    # SelectCol(SelectRow0(GroupSum(@param0, ['0'], max, 1), eqmax, 1), ['0'])
      --> ['SelectCol', ['SelectRow0', ['GroupSum', 'input@0', ['agree'], 'max', 'percentage'], 'eqmax', 'COL0'], ['agree']]
    # SelectCol(SelectRow0(GroupSum(@param0, ['0'], max, 1), eqmax, 1), ['-1'])
      --> ['SelectCol', ['SelectRow0', ['GroupSum', 'input@0', ['agree'], 'max', 'percentage'], 'eqmax', 'COL0'], ['agree']]
    # SelectCol(SelectRow0(GroupSum(@param0, ['0', '1'], max, 1), eqmax, 1), ['0'])
      --> ['SelectCol', ['SelectRow0', ['GroupSum', 'input@0', ['agree', 'percentage'], 'max', 'percentage'], 'eqmax', 'percentage'], ['agree']]
    # SelectCol(SelectRow0(GroupSum(@param0, ['0', '1'], max, 1), eqmax, 1), ['-1', '-2'])
      --> ['SelectCol', ['SelectRow0', ['GroupSum', 'input@0', ['agree', 'percentage'], 'max', 'percentage'], 'eqmax', 'percentage'], ['agree']]
    # SelectCol(SelectRow0(GroupSum(@param0, ['0', '1'], max, 1), eqmax, 2), ['0'])
      --> ['SelectCol', ['SelectRow0', ['GroupSum', 'input@0', ['agree', 'percentage'], 'max', 'percentage'], 'eqmax', 'COL0'], ['agree']]
    # SelectCol(SelectRow0(GroupSum(@param0, ['0', '1'], max, 1), eqmax, 2), ['-1', '-2'])
      --> ['SelectCol', ['SelectRow0', ['GroupSum', 'input@0', ['agree', 'percentage'], 'max', 'percentage'], 'eqmax', 'COL0'], ['agree']]
    # SelectCol(SelectRow0(GroupSum(@param0, ['0', '2'], max, 1), eqmax, 2), ['0'])
      --> ['SelectCol', ['SelectRow0', ['GroupSum', 'input@0', ['agree', 'color'], 'max', 'percentage'], 'eqmax', 'COL0'], ['agree']]
    # SelectCol(SelectRow0(GroupSum(@param0, ['0', '2'], max, 1), eqmax, 2), ['-1', '-2'])
      --> ['SelectCol', ['SelectRow0', ['GroupSum', 'input@0', ['agree', 'color'], 'max', 'percentage'], 'eqmax', 'COL0'], ['agree']]
    # SelectCol(SelectRow1(@param0, ==, 0, Strongly agree@Str), ['0'])
      --> ['SelectCol', ['SelectRow1', 'input@0', '==', 'agree', 'Strongly agree'], ['agree']]
    # SelectCol(SelectRow1(@param0, ==, 0, Strongly agree@Str), ['-1', '-2'])
      --> ['SelectCol', ['SelectRow1', 'input@0', '==', 'agree', 'Strongly agree'], ['agree']]
    # SelectCol(SelectRow0(@param0, eqmax, 1), ['0'])
      --> ['SelectCol', ['SelectRow0', 'input@0', 'eqmax', 'percentage'], ['agree']]
    # SelectCol(SelectRow0(@param0, eqmax, 1), ['-1', '-2'])
      --> ['SelectCol', ['SelectRow0', 'input@0', 'eqmax', 'percentage'], ['agree']]
    # SelectCol(SelectRow0(SelectRow1(SelectRow1(@param0, ==, 0, Strongly agree@Str), ==, 0, Strongly agree@Str), eqmax, 1), ['0'])
      --> ['SelectCol', ['SelectRow0', ['SelectRow1', ['SelectRow1', 'input@0', '==', 'agree', 'Strongly agree'], '==', 'agree', 'Strongly agree'], 'eqmax', 'percentage'], ['agree']]
    # SelectCol(SelectRow0(SelectRow1(SelectRow1(@param0, ==, 0, Strongly agree@Str), ==, 0, Strongly agree@Str), eqmax, 1), ['-1', '-2'])
      --> ['SelectCol', ['SelectRow0', ['SelectRow1', ['SelectRow1', 'input@0', '==', 'agree', 'Strongly agree'], '==', 'agree', 'Strongly agree'], 'eqmax', 'percentage'], ['agree']]

# ========== review report ========== #
# top-1, score: 1.57, answer: ['Strongly agree']
  # tprog: SelectCol(SelectRow0(@param0, eqmax, 1), ['0'])
# top-2, score: 1.57, answer: ['Strongly agree']
  # tprog: SelectCol(SelectRow0(@param0, eqmax, 1), ['-1', '-2'])
# top-3, score: 1.50, answer: ['Strongly agree']
  # tprog: SelectCol(SelectRow0(SelectRow1(@param0, ==, 0, Strongly agree@Str), eqmax, 1), ['0'])
# top-4, score: 1.50, answer: ['Strongly agree']
  # tprog: SelectCol(SelectRow0(SelectRow1(@param0, ==, 0, Strongly agree@Str), eqmax, 1), ['-1', '-2'])
# top-5, score: 1.50, answer: ['Strongly agree']
  # tprog: SelectCol(SelectRow0(GroupSum(@param0, ['0'], max, 1), eqmax, 1), ['0'])
# top-6, score: 1.50, answer: ['Strongly agree']
  # tprog: SelectCol(SelectRow0(GroupSum(@param0, ['0'], max, 1), eqmax, 1), ['-1'])
# top-7, score: 1.49, answer: ['Strongly agree']
  # tprog: SelectCol(SelectRow0(GroupSum(@param0, ['0', '1'], max, 1), eqmax, 1), ['0'])
# top-8, score: 1.49, answer: ['Strongly agree']
  # tprog: SelectCol(SelectRow0(GroupSum(@param0, ['0', '1'], max, 1), eqmax, 1), ['-1', '-2'])
# top-9, score: 1.49, answer: ['Strongly agree']
  # tprog: SelectCol(SelectRow0(GroupSum(@param0, ['0', '1'], max, 1), eqmax, 2), ['0'])
# top-10, score: 1.49, answer: ['Strongly agree']
  # tprog: SelectCol(SelectRow0(GroupSum(@param0, ['0', '1'], max, 1), eqmax, 2), ['-1', '-2'])
# top-11, score: 1.49, answer: ['Strongly agree']
  # tprog: SelectCol(SelectRow0(GroupSum(@param0, ['0', '2'], max, 1), eqmax, 2), ['0'])
# top-12, score: 1.49, answer: ['Strongly agree']
  # tprog: SelectCol(SelectRow0(GroupSum(@param0, ['0', '2'], max, 1), eqmax, 2), ['-1', '-2'])
# top-13, score: 1.47, answer: ['Strongly agree']
  # tprog: SelectCol(SelectRow0(SelectRow1(SelectRow1(@param0, ==, 0, Strongly agree@Str), ==, 0, Strongly agree@Str), eqmax, 1), ['0'])
# top-14, score: 1.47, answer: ['Strongly agree']
  # tprog: SelectCol(SelectRow0(SelectRow1(SelectRow1(@param0, ==, 0, Strongly agree@Str), ==, 0, Strongly agree@Str), eqmax, 1), ['-1', '-2'])
# top-15, score: 1.34, answer: ['Strongly agree']
  # tprog: SelectCol(SelectRow1(@param0, ==, 0, Strongly agree@Str), ['0'])
# top-16, score: 1.34, answer: ['Strongly agree']
  # tprog: SelectCol(SelectRow1(@param0, ==, 0, Strongly agree@Str), ['-1', '-2'])
# top-17, score: 1.29, answer: ['Strongly agree']
  # tprog: SelectCol(SelectRow1(SelectRow1(@param0, ==, 0, Strongly agree@Str), ==, 0, Strongly agree@Str), ['0'])
# top-18, score: 1.29, answer: ['Strongly agree']
  # tprog: SelectCol(SelectRow1(SelectRow1(@param0, ==, 0, Strongly agree@Str), ==, 0, Strongly agree@Str), ['-1', '-2'])
