# parsed arguments: Namespace(benchmark='Qa8811', dsl='meta_visqa', skeletons='visqa_normal', strategy='TaPas_C', fallback='auto', timeout=300, mode='optimal-only', expected_only=False)
# loading benchmark...
# table keywords: {'indian', 'americans', 'percentage', 'japanese', '30', 'blue', '33', 'population', 'public', 'color', '15', '57', '55', '39', 'chinese'}
# input type: [dtype('O'), dtype('int64'), dtype('O')]
# input is:
           population  percentage color
0    Indian Americans          55  blue
1       Indian public          30  blue
2   Chinese Americans          57  blue
3      Chinese public          39  blue
4  Japanese Americans          33  blue
5     Japanese public          15  blue
# query is: What is percentage for Indian Americans.
# expected output type:[dtype('int64')]
# expected output is:
   ANSWER
0      55
# inferred DSL terminals:
  # ConstVal: ['Indian public@Str', 'percentage@Str', 'Chinese Americans@Str', 'Indian Americans@Str', 'Japanese Americans@Str', '<NULL>']
     # cmap: [('percentage', 'percentage'), ('indian', 'Indian public'), ('americans', 'Chinese Americans'), ('americans', 'Japanese Americans'), ('indian', 'Indian Americans'), ('americans', 'Indian Americans')]
  # AggrFunc: ['<NULL>']
     # amap: []
  # NumFunc: ['<NULL>']
     # nmap: []
  # BoolFunc: ['==', '<NULL>']
     # bmap: [(None, '==')]
  # IndFunc: ['<NULL>']
     # imap: []
# loading skeleton list...

# ========== candidate program report ========== #
# (t=0.00) i=0, candidate=[{'ANSWER': 55}]
  # found 4 program(s)
    # SelectCol(SelectRow1(SelectRow1(@param0, ==, 0, Indian Americans@Str), ==, 0, Indian Americans@Str), ['1'])
      --> ['SelectCol', ['SelectRow1', ['SelectRow1', 'input@0', '==', 'population', 'Indian Americans'], '==', 'population', 'Indian Americans'], ['percentage']]
    # SelectCol(SelectRow1(SelectRow1(@param0, ==, 0, Indian Americans@Str), ==, 0, Indian Americans@Str), ['-99', '-2'])
      --> ['SelectCol', ['SelectRow1', ['SelectRow1', 'input@0', '==', 'population', 'Indian Americans'], '==', 'population', 'Indian Americans'], ['percentage']]
    # SelectCol(SelectRow1(@param0, ==, 0, Indian Americans@Str), ['1'])
      --> ['SelectCol', ['SelectRow1', 'input@0', '==', 'population', 'Indian Americans'], ['percentage']]
    # SelectCol(SelectRow1(@param0, ==, 0, Indian Americans@Str), ['-99', '-2'])
      --> ['SelectCol', ['SelectRow1', 'input@0', '==', 'population', 'Indian Americans'], ['percentage']]
# (t=6.07) i=1, candidate=[{'ANSWER': 33}]
  # found 4 program(s)
    # SelectCol(SelectRow1(SelectRow1(@param0, ==, 0, Japanese Americans@Str), ==, 0, Japanese Americans@Str), ['1'])
      --> ['SelectCol', ['SelectRow1', ['SelectRow1', 'input@0', '==', 'population', 'Japanese Americans'], '==', 'population', 'Japanese Americans'], ['percentage']]
    # SelectCol(SelectRow1(SelectRow1(@param0, ==, 0, Japanese Americans@Str), ==, 0, Japanese Americans@Str), ['-99', '-2'])
      --> ['SelectCol', ['SelectRow1', ['SelectRow1', 'input@0', '==', 'population', 'Japanese Americans'], '==', 'population', 'Japanese Americans'], ['percentage']]
    # SelectCol(SelectRow1(@param0, ==, 0, Japanese Americans@Str), ['1'])
      --> ['SelectCol', ['SelectRow1', 'input@0', '==', 'population', 'Japanese Americans'], ['percentage']]
    # SelectCol(SelectRow1(@param0, ==, 0, Japanese Americans@Str), ['-99', '-2'])
      --> ['SelectCol', ['SelectRow1', 'input@0', '==', 'population', 'Japanese Americans'], ['percentage']]

# ========== review report ========== #
# top-1, score: 2.64, answer: [55]
  # tprog: SelectCol(SelectRow1(@param0, ==, 0, Indian Americans@Str), ['1'])
# top-2, score: 2.64, answer: [55]
  # tprog: SelectCol(SelectRow1(@param0, ==, 0, Indian Americans@Str), ['-99', '-2'])
# top-3, score: 2.59, answer: [55]
  # tprog: SelectCol(SelectRow1(SelectRow1(@param0, ==, 0, Indian Americans@Str), ==, 0, Indian Americans@Str), ['1'])
# top-4, score: 2.59, answer: [55]
  # tprog: SelectCol(SelectRow1(SelectRow1(@param0, ==, 0, Indian Americans@Str), ==, 0, Indian Americans@Str), ['-99', '-2'])
# top-5, score: 1.48, answer: [33]
  # tprog: SelectCol(SelectRow1(@param0, ==, 0, Japanese Americans@Str), ['1'])
# top-6, score: 1.48, answer: [33]
  # tprog: SelectCol(SelectRow1(@param0, ==, 0, Japanese Americans@Str), ['-99', '-2'])
# top-7, score: 1.42, answer: [33]
  # tprog: SelectCol(SelectRow1(SelectRow1(@param0, ==, 0, Japanese Americans@Str), ==, 0, Japanese Americans@Str), ['1'])
# top-8, score: 1.42, answer: [33]
  # tprog: SelectCol(SelectRow1(SelectRow1(@param0, ==, 0, Japanese Americans@Str), ==, 0, Japanese Americans@Str), ['-99', '-2'])
