# parsed arguments: Namespace(benchmark='Qac289', dsl='meta_visqa', skeletons='visqa_normal', strategy='TaPas_C', fallback='auto', timeout=300, mode='optimal-only', expected_only=False)
# loading benchmark...
# table keywords: {'476.39', '292.96', '286.0', '400.52', 'nov', 'price', '316.46', '395.97', '390.0', '404.91', 'may', '707.0', '2009', '181.98', '102.37', '378.53', 'feb', '2008', '337.99', '529.94', 'mar', '2007', '461.67', '440.47', '443.05', '386.6', '348.06', '414.86', '471.18', '338.53', 'jul', '463.29', '2004', '2005', '287.76', '510.0', '460.48', '432.66', '458.16', '526.8', '585.8', '484.81', '497.91', '564.3', '195.62', '190.64', 'apr', '180.51', 'oct', '277.27', '1', '574.29', '421.59', '473.75', '187.99', '495.85', 'color', 'jun', 'dec', '560.19', '294.15', '693.0', '691.48', '401.9', 'sep', '515.25', '526.42', '567.27', '449.45', '220.0', '192.79', '417.23', '471.38', '371.82', '372.14', '536.12', 'jan', '619.98', '419.33', '359.36', '522.7', '2010', '307.65', 'date', '501.5', '2006', '362.62', '583.0', '129.6', 'blue', '417.94', 'aug'}
# input type: [dtype('O'), dtype('float64'), dtype('O')]
# input is:
          date   price color
0   Aug 1 2004  102.37  blue
1   Sep 1 2004  129.60  blue
2   Oct 1 2004  190.64  blue
3   Nov 1 2004  181.98  blue
4   Dec 1 2004  192.79  blue
..         ...     ...   ...
63  Nov 1 2009  583.00  blue
64  Dec 1 2009  619.98  blue
65  Jan 1 2010  529.94  blue
66  Feb 1 2010  526.80  blue
67  Mar 1 2010  560.19  blue

[68 rows x 3 columns]
# query is: What was the highest stock price of Google from 2005-2010?
# expected output type:[dtype('int64')]
# expected output is:
   ANSWER
0     707
# inferred DSL terminals:
  # ConstVal: ['Feb 1 2005@Str', 'Jul 1 2005@Str', 'Sep 1 2005@Str', 'Aug 1 2005@Str', 'Dec 1 2005@Str', 'price@Str', 'Mar 1 2010@Str', 'Jan 1 2005@Str', 'May 1 2005@Str', 'Jun 1 2005@Str', 'Nov 1 2005@Str', 'Mar 1 2005@Str', 'Feb 1 2010@Str', 'Jan 1 2010@Str', 'Oct 1 2005@Str', 'Apr 1 2005@Str', '<NULL>']
     # cmap: [(2005, 'Apr 1 2005'), (2005, 'Aug 1 2005'), (2005, 'Dec 1 2005'), (2005, 'Mar 1 2005'), (2005, 'Jul 1 2005'), (2005, 'May 1 2005'), (2005, 'Nov 1 2005'), (2005, 'Jan 1 2005'), (2005, 'Oct 1 2005'), (2005, 'Sep 1 2005'), (2010, 'Jan 1 2010'), (2005, 'Jun 1 2005'), (2010, 'Mar 1 2010'), (2005, 'Feb 1 2005'), ('price', 'price'), (2010, 'Feb 1 2010')]
  # AggrFunc: ['max', '<NULL>']
     # amap: [('highest', 'max')]
  # NumFunc: ['<NULL>']
     # nmap: []
  # BoolFunc: ['==', '<NULL>']
     # bmap: [(None, '==')]
  # IndFunc: ['eqmax', '<NULL>']
     # imap: [('highest', 'eqmax')]
# loading skeleton list...

# ========== candidate program report ========== #
# (t=0.00) i=0, candidate=[{'ANSWER': 536.12}]
  # found 0 program(s)
# (t=81.83) i=1, candidate=[{'ANSWER': 583.0}]
  # found 0 program(s)
# (t=163.99) i=2, candidate=[{'ANSWER': 619.98}]
  # found 0 program(s)
# (t=245.81) i=3, candidate=[{'ANSWER': 529.94}]
  # found 7 program(s)
    # SelectCol(SelectRow0(SelectRow1(@param0, ==, 0, Jan 1 2010@Str), eqmax, 1), ['1'])
      --> ['SelectCol', ['SelectRow0', ['SelectRow1', 'input@0', '==', 'date', 'Jan 1 2010'], 'eqmax', 'price'], ['price']]
    # SelectCol(SelectRow0(SelectRow1(@param0, ==, 0, Jan 1 2010@Str), eqmax, 1), ['-99', '-2'])
      --> ['SelectCol', ['SelectRow0', ['SelectRow1', 'input@0', '==', 'date', 'Jan 1 2010'], 'eqmax', 'price'], ['price']]
    # SelectCol(SelectRow1(SelectRow1(@param0, ==, 0, Jan 1 2010@Str), ==, 0, Jan 1 2010@Str), ['1'])
      --> ['SelectCol', ['SelectRow1', ['SelectRow1', 'input@0', '==', 'date', 'Jan 1 2010'], '==', 'date', 'Jan 1 2010'], ['price']]
    # SelectCol(SelectRow1(SelectRow1(@param0, ==, 0, Jan 1 2010@Str), ==, 0, Jan 1 2010@Str), ['-99', '-2'])
      --> ['SelectCol', ['SelectRow1', ['SelectRow1', 'input@0', '==', 'date', 'Jan 1 2010'], '==', 'date', 'Jan 1 2010'], ['price']]
    # Summarize(SelectRow1(@param0, ==, 0, Jan 1 2010@Str), max, 1)
      --> ['Summarize', ['SelectRow1', 'input@0', '==', 'date', 'Jan 1 2010'], 'max', 'price']
    # SelectCol(SelectRow1(@param0, ==, 0, Jan 1 2010@Str), ['1'])
      --> ['SelectCol', ['SelectRow1', 'input@0', '==', 'date', 'Jan 1 2010'], ['price']]
    # SelectCol(SelectRow1(@param0, ==, 0, Jan 1 2010@Str), ['-99', '-2'])
      --> ['SelectCol', ['SelectRow1', 'input@0', '==', 'date', 'Jan 1 2010'], ['price']]
---------- timeout ----------

# ========== review report ========== #
# top-1, score: 1.40, answer: [529.94]
  # tprog: Summarize(SelectRow1(@param0, ==, 0, Jan 1 2010@Str), max, 1)
# top-2, score: 1.37, answer: [529.94]
  # tprog: SelectCol(SelectRow0(SelectRow1(@param0, ==, 0, Jan 1 2010@Str), eqmax, 1), ['1'])
# top-3, score: 1.37, answer: [529.94]
  # tprog: SelectCol(SelectRow0(SelectRow1(@param0, ==, 0, Jan 1 2010@Str), eqmax, 1), ['-99', '-2'])
# top-4, score: 1.32, answer: [529.94]
  # tprog: SelectCol(SelectRow1(@param0, ==, 0, Jan 1 2010@Str), ['1'])
# top-5, score: 1.32, answer: [529.94]
  # tprog: SelectCol(SelectRow1(@param0, ==, 0, Jan 1 2010@Str), ['-99', '-2'])
# top-6, score: 1.27, answer: [529.94]
  # tprog: SelectCol(SelectRow1(SelectRow1(@param0, ==, 0, Jan 1 2010@Str), ==, 0, Jan 1 2010@Str), ['1'])
# top-7, score: 1.27, answer: [529.94]
  # tprog: SelectCol(SelectRow1(SelectRow1(@param0, ==, 0, Jan 1 2010@Str), ==, 0, Jan 1 2010@Str), ['-99', '-2'])
