# parsed arguments: Namespace(benchmark='Qaf628', dsl='meta_visqa', skeletons='visqa_normal', strategy='TaPas_C', fallback='auto', timeout=300, mode='optimal-only', expected_only=False)
# loading benchmark...
# table keywords: {'67.0', '50.4', '80.81', '82.15', '23.44', '17.65', '91.9', '7.18', '11.44', '30.83', '19.38', '77.17', '97.58', '14.94', '82.84', '158.95', '449.45', '21.85', '93.36', '10.65', '138.48', '17.79', '102.37', '26.14', '2006', '101.19', '22.46', '63.86', '210.73', '130.32', '33.95', '88.18', '100.76', '497.91', '125.02', '19.34', '14.1', 'oct', 'goog', 'feb', '10.95', '417.23', 'teal', '105.12', '19.66', '33.09', '85.35', '29.11', '76.25', '18.23', '2008', '28.3', '98.33', '40.34', '110.87', '22.69', '55.19', '24.43', '536.12', '36.35', '75.82', '36.31', '35.21', '21.65', '22.93', '348.06', '69.14', '24.53', 'ibm', '501.5', '70.58', '71.89', '84.84', '114.6', '10.54', '14.19', '24.6', '404.91', '204.62', '13.52', '117.0', '92.67', '79.65', '81.62', '99.95', '100.82', '7.51', '195.62', '97.54', '19.76', '28.14', '24.52', '74.7', '121.19', '27.66', '75.12', '83.66', '567.27', '57.27', '134.52', '220.0', '38.44', 'mar', '31.01', '23.02', '118.81', '529.94', '118.4', '86.63', '80.19', '89.31', '135.81', '92.64', '20.71', '35.51', '39.79', '40.86', '188.75', '36.32', '7.75', '90.56', '71.3', '28.4', '22.5', '26.19', '72.15', '14.3', '338.53', '48.5', '90.13', '5.97', '316.46', '23.28', '116.34', '11.84', '47.15', '89.15', '86.95', '28.69', '198.08', '53.61', '23.42', '77.47', '42.65', '70.77', 'apr', '34.13', '86.39', '74.28', '443.05', '10.45', '386.6', '26.89', '10.82', '7.11', '71.57', '113.66', '36.06', '362.62', '22.25', '7.63', '68.52', '143.5', '23.21', '32.2', '10.36', '458.16', '395.97', '85.76', '27.95', '18.89', '88.82', '83.08', '87.15', '26.95', '101.54', '118.16', '21.77', '102.35', '21.57', '23.73', '23.15', '476.39', '10.69', '91.06', '16.27', '23.65', '2000', '32.12', '23.64', 'aapl', '104.85', '440.47', '14.15', '53.01', '11.28', '294.15', '11.96', '24.75', '2004', 'jul', '72.76', '64.47', '22.47', '71.13', '41.64', '307.65', '77.05', '15.93', '19.36', '109.64', '20.93', '21.45', '15.56', '92.11', '118.62', 'nov', '585.8', '2010', '12.88', '185.35', '26.63', '25.36', '135.91', '26.47', '104.5', '99.8', '122.04', '75.04', '28.67', '14.03', '20.46', '54.4', '43.28', '76.47', '85.73', '8.94', '560.19', '77.26', 'jan', 'may', '10.19', '12.36', '25.04', '32.36', '85.78', '181.98', '61.33', '11.03', '100.25', '28.05', '167.44', '12.49', '82.98', '24.29', '42.7', '39.86', '23.83', '173.95', '9.27', '84.66', '9.53', '26.2', '337.99', '2005', '111.54', '23.38', '187.99', '574.29', 'amzn', '169.53', '113.53', '84.12', '85.05', '81.08', '24.69', '96.98', '8.03', '23.18', '25.92', '22.01', '24.13', '9.78', 'price', '75.07', '111.0', '68.49', '93.15', 'symbol', '127.16', '64.56', '45.15', '77.53', '26.93', '526.42', '38.45', '71.76', '25.49', '125.83', '21.56', '7.76', '19.31', '65.31', '23.8', '10.23', '58.82', '10.81', '153.47', '26.35', '45.3', '21.53', '287.76', '18.91', '93.79', '90.25', '11.31', '17.99', '71.22', '27.34', '168.21', '76.73', '25.41', '484.81', '23.35', '460.48', '36.53', 'blue', '38.92', '24.0', '76.35', '21.75', '89.46', '25.45', '192.06', '400.52', '79.16', '67.82', '112.6', '84.61', '27.48', '80.52', '28.04', '471.18', '30.12', '30.47', '73.33', '79.91', '473.75', 'green', '72.97', '707.0', '11.62', 'msft', '7.25', '68.87', '48.46', '81.19', '17.31', '414.86', '95.09', '107.59', '25.94', '70.18', '129.6', '76.34', '33.53', '48.31', '27.56', '121.85', '29.27', '39.14', '28.37', '39.76', '26.03', '59.77', '182.22', '118.55', '87.06', '103.7', '38.68', '94.87', '417.94', '80.91', '277.27', '84.41', '9.12', '44.86', '123.74', '12.74', '28.13', '2002', '82.82', '526.8', '7.16', '192.79', '14.45', '119.54', '16.17', '34.61', '46.89', '15.81', '75.42', '463.29', '57.59', '101.29', '75.09', '37.67', '37.44', '26.36', '67.85', '619.98', '78.63', '43.6', '36.81', '2003', '188.5', '12.89', '73.44', '88.7', '7.44', '21.03', '21.8', '72.7', '31.13', '471.38', '378.53', '8.98', '53.97', '81.04', '96.31', '28.66', '16.69', '52.62', '100.52', 'sep', '28.8', 'dec', '25.78', '16.25', '22.76', '88.5', '128.82', '23.34', '78.17', '125.55', '691.48', '91.66', '19.84', 'jun', 'aug', '7.38', '76.98', '8.78', '22.24', '583.0', '125.79', '102.75', '189.95', '23.46', '163.39', '106.11', '109.36', '125.14', '100.9', '34.27', '10.85', '401.9', '64.79', '27.25', '39.81', '29.07', 'orange', '41.67', '11.32', '21.19', '16.63', '54.43', '515.25', '48.43', '19.97', '27.5', '94.15', '78.54', '359.36', '495.85', '372.14', '90.32', '20.82', '20.09', '286.0', '371.82', '105.4', '8.86', '19.52', '564.3', '131.76', '27.21', '6.98', '421.59', 'color', '26.12', '43.01', '9.98', '20.59', '100.74', '190.64', '390.0', '68.93', '8.25', '199.91', '11.65', '35.89', '419.33', '34.0', '75.89', '38.14', '51.28', '91.16', '68.41', '135.36', '67.96', '20.87', '2009', '21.1', '89.98', '89.44', '223.02', '35.18', '432.66', '44.29', '79.13', '9.4', '30.34', '90.24', '2007', '81.59', 'red', 'date', '77.7', '43.22', '39.46', '57.24', '25.35', '24.11', '01,', '92.91', '292.96', '46.32', '21.26', '2001', '80.48', '17.25', '693.0', '44.82', '81.96', '125.41', '28.02', '15.78', '35.03', '461.67', '7.07', '75.51', '142.43', '522.7', '12.14', '29.7', '32.54', '77.99', '70.39', '38.09', '41.5', '25.71', '180.51', '25.68', '23.82', '32.09', '39.68', '116.23', '36.62', '510.0', '103.01', '26.07', '21.0', '22.51', '26.96', '62.72', '24.84'}
# input type: [dtype('O'), dtype('O'), dtype('float64'), dtype('O')]
# input is:
    symbol          date   price  color
0     MSFT  Jan 01, 2000   39.81  green
1     MSFT  Feb 01, 2000   36.35  green
2     MSFT  Mar 01, 2000   43.22  green
3     MSFT  Apr 01, 2000   28.37  green
4     MSFT  May 01, 2000   25.45  green
..     ...           ...     ...    ...
555   AAPL  Nov 01, 2009  199.91   blue
556   AAPL  Dec 01, 2009  210.73   blue
557   AAPL  Jan 01, 2010  192.06   blue
558   AAPL  Feb 01, 2010  204.62   blue
559   AAPL  Mar 01, 2010  223.02   blue

[560 rows x 4 columns]
# query is: what is the largest value of the red line?
# expected output type:[dtype('int64')]
# expected output is:
   ANSWER
0     707
# inferred DSL terminals:
  # ConstVal: ['red@Str', '<NULL>']
     # cmap: [('red', 'red')]
  # AggrFunc: ['max', '<NULL>']
     # amap: [('largest', 'max')]
  # NumFunc: ['<NULL>']
     # nmap: []
  # BoolFunc: ['==', '<NULL>']
     # bmap: [(None, '==')]
  # IndFunc: ['eqmax', '<NULL>']
     # imap: [('largest', 'eqmax')]
# loading skeleton list...

# ========== candidate program report ========== #
# ====> fallback strategy (retrieval) is triggered because no explanation is found so far
# ====> retrieval_values: [10.19, 10.23, 10.36, 10.45, 10.54, 10.65, 10.69, 10.81, 10.82, 10.85, 10.95, 100.25, 100.52, 100.74, 100.76, 100.82, 100.9, 101.19, 101.29, 101.54, 102.35, 102.37, 102.75, 103.01, 103.7, 104.5, 104.85, 105.12, 105.4, 106.11, 107.59, 109.36, 109.64, 11.03, 11.28, 11.31, 11.32, 11.44, 11.62, 11.65, 11.84, 11.96, 110.87, 111.0, 111.54, 112.6, 113.53, 113.66, 114.6, 116.23, 116.34, 117.0, 118.16, 118.4, 118.55, 118.62, 118.81, 119.54, 12.14, 12.36, 12.49, 12.74, 12.88, 12.89, 121.19, 121.85, 122.04, 123.74, 125.02, 125.14, 125.41, 125.55, 125.79, 125.83, 127.16, 128.82, 129.6, 13.52, 130.32, 131.76, 134.52, 135.36, 135.81, 135.91, 138.48, 14.03, 14.1, 14.15, 14.19, 14.3, 14.45, 14.94, 142.43, 143.5, 15.56, 15.78, 15.81, 15.93, 153.47, 158.95, 16.17, 16.25, 16.27, 16.63, 16.69, 163.39, 167.44, 168.21, 169.53, 17.25, 17.31, 17.65, 17.79, 17.99, 173.95, 18.23, 18.89, 18.91, 180.51, 181.98, 182.22, 185.35, 187.99, 188.5, 188.75, 189.95, 19.31, 19.34, 19.36, 19.38, 19.52, 19.66, 19.76, 19.84, 19.97, 190.64, 192.06, 192.79, 195.62, 198.08, 199.91, 20.09, 20.46, 20.59, 20.71, 20.82, 20.87, 20.93, 204.62, 21.0, 21.03, 21.1, 21.19, 21.26, 21.45, 21.53, 21.56, 21.57, 21.65, 21.75, 21.77, 21.8, 21.85, 210.73, 22.01, 22.24, 22.25, 22.46, 22.47, 22.5, 22.51, 22.69, 22.76, 22.93, 220.0, 223.02, 23.02, 23.15, 23.18, 23.21, 23.28, 23.34, 23.35, 23.38, 23.42, 23.44, 23.46, 23.64, 23.65, 23.73, 23.8, 23.82, 23.83, 24.0, 24.11, 24.13, 24.29, 24.43, 24.52, 24.53, 24.6, 24.69, 24.75, 24.84, 25.04, 25.35, 25.36, 25.41, 25.45, 25.49, 25.68, 25.71, 25.78, 25.92, 25.94, 26.03, 26.07, 26.12, 26.14, 26.19, 26.2, 26.35, 26.36, 26.47, 26.63, 26.89, 26.93, 26.95, 26.96, 27.21, 27.25, 27.34, 27.48, 27.5, 27.56, 27.66, 27.95, 277.27, 28.02, 28.04, 28.05, 28.13, 28.14, 28.3, 28.37, 28.4, 28.66, 28.67, 28.69, 28.8, 286.0, 287.76, 29.07, 29.11, 29.27, 29.7, 292.96, 294.15, 30.12, 30.34, 30.47, 30.83, 307.65, 31.01, 31.13, 316.46, 32.09, 32.12, 32.2, 32.36, 32.54, 33.09, 33.53, 33.95, 337.99, 338.53, 34.0, 34.13, 34.27, 34.61, 348.06, 35.03, 35.18, 35.21, 35.51, 35.89, 359.36, 36.06, 36.31, 36.32, 36.35, 36.53, 36.62, 36.81, 362.62, 37.44, 37.67, 371.82, 372.14, 378.53, 38.09, 38.14, 38.44, 38.45, 38.68, 38.92, 386.6, 39.14, 39.46, 39.68, 39.76, 39.79, 39.81, 39.86, 390.0, 395.97, 40.34, 40.86, 400.52, 401.9, 404.91, 41.5, 41.64, 41.67, 414.86, 417.23, 417.94, 419.33, 42.65, 42.7, 421.59, 43.01, 43.22, 43.28, 43.6, 432.66, 44.29, 44.82, 44.86, 440.47, 443.05, 449.45, 45.15, 45.3, 458.16, 46.32, 46.89, 460.48, 461.67, 463.29, 47.15, 471.18, 471.38, 473.75, 476.39, 48.31, 48.43, 48.46, 48.5, 484.81, 495.85, 497.91, 5.97, 50.4, 501.5, 51.28, 510.0, 515.25, 52.62, 522.7, 526.42, 526.8, 529.94, 53.01, 53.61, 53.97, 536.12, 54.4, 54.43, 55.19, 560.19, 564.3, 567.27, 57.24, 57.27, 57.59, 574.29, 58.82, 583.0, 585.8, 59.77, 6.98, 61.33, 619.98, 62.72, 63.86, 64.47, 64.56, 64.79, 65.31, 67.0, 67.82, 67.85, 67.96, 68.41, 68.49, 68.52, 68.87, 68.93, 69.14, 691.48, 693.0, 7.07, 7.11, 7.16, 7.18, 7.25, 7.38, 7.44, 7.51, 7.63, 7.75, 7.76, 70.18, 70.39, 70.58, 70.77, 707.0, 71.13, 71.22, 71.3, 71.57, 71.76, 71.89, 72.15, 72.7, 72.76, 72.97, 73.33, 73.44, 74.28, 74.7, 75.04, 75.07, 75.09, 75.12, 75.42, 75.51, 75.82, 75.89, 76.25, 76.34, 76.35, 76.47, 76.73, 76.98, 77.05, 77.17, 77.26, 77.47, 77.53, 77.7, 77.99, 78.17, 78.54, 78.63, 79.13, 79.16, 79.65, 79.91, 8.03, 8.25, 8.78, 8.86, 8.94, 8.98, 80.19, 80.48, 80.52, 80.81, 80.91, 81.04, 81.08, 81.19, 81.59, 81.62, 81.96, 82.15, 82.82, 82.84, 82.98, 83.08, 83.66, 84.12, 84.41, 84.61, 84.66, 84.84, 85.05, 85.35, 85.73, 85.76, 85.78, 86.39, 86.63, 86.95, 87.06, 87.15, 88.18, 88.5, 88.7, 88.82, 89.15, 89.31, 89.44, 89.46, 89.98, 9.12, 9.27, 9.4, 9.53, 9.78, 9.98, 90.13, 90.24, 90.25, 90.32, 90.56, 91.06, 91.16, 91.66, 91.9, 92.11, 92.64, 92.67, 92.91, 93.15, 93.36, 93.79, 94.15, 94.87, 95.09, 96.31, 96.98, 97.54, 97.58, 98.33, 99.8, 99.95, 'AAPL', 'AMZN', 'Apr 01, 2000', 'Apr 01, 2001', 'Apr 01, 2002', 'Apr 01, 2003', 'Apr 01, 2004', 'Apr 01, 2005', 'Apr 01, 2006', 'Apr 01, 2007', 'Apr 01, 2008', 'Apr 01, 2009', 'Aug 01, 2000', 'Aug 01, 2001', 'Aug 01, 2002', 'Aug 01, 2003', 'Aug 01, 2004', 'Aug 01, 2005', 'Aug 01, 2006', 'Aug 01, 2007', 'Aug 01, 2008', 'Aug 01, 2009', 'Dec 01, 2000', 'Dec 01, 2001', 'Dec 01, 2002', 'Dec 01, 2003', 'Dec 01, 2004', 'Dec 01, 2005', 'Dec 01, 2006', 'Dec 01, 2007', 'Dec 01, 2008', 'Dec 01, 2009', 'Feb 01, 2000', 'Feb 01, 2001', 'Feb 01, 2002', 'Feb 01, 2003', 'Feb 01, 2004', 'Feb 01, 2005', 'Feb 01, 2006', 'Feb 01, 2007', 'Feb 01, 2008', 'Feb 01, 2009', 'Feb 01, 2010', 'GOOG', 'IBM', 'Jan 01, 2000', 'Jan 01, 2001', 'Jan 01, 2002', 'Jan 01, 2003', 'Jan 01, 2004', 'Jan 01, 2005', 'Jan 01, 2006', 'Jan 01, 2007', 'Jan 01, 2008', 'Jan 01, 2009', 'Jan 01, 2010', 'Jul 01, 2000', 'Jul 01, 2001', 'Jul 01, 2002', 'Jul 01, 2003', 'Jul 01, 2004', 'Jul 01, 2005', 'Jul 01, 2006', 'Jul 01, 2007', 'Jul 01, 2008', 'Jul 01, 2009', 'Jun 01, 2000', 'Jun 01, 2001', 'Jun 01, 2002', 'Jun 01, 2003', 'Jun 01, 2004', 'Jun 01, 2005', 'Jun 01, 2006', 'Jun 01, 2007', 'Jun 01, 2008', 'Jun 01, 2009', 'MSFT', 'Mar 01, 2000', 'Mar 01, 2001', 'Mar 01, 2002', 'Mar 01, 2003', 'Mar 01, 2004', 'Mar 01, 2005', 'Mar 01, 2006', 'Mar 01, 2007', 'Mar 01, 2008', 'Mar 01, 2009', 'Mar 01, 2010', 'May 01, 2000', 'May 01, 2001', 'May 01, 2002', 'May 01, 2003', 'May 01, 2004', 'May 01, 2005', 'May 01, 2006', 'May 01, 2007', 'May 01, 2008', 'May 01, 2009', 'Nov 01, 2000', 'Nov 01, 2001', 'Nov 01, 2002', 'Nov 01, 2003', 'Nov 01, 2004', 'Nov 01, 2005', 'Nov 01, 2006', 'Nov 01, 2007', 'Nov 01, 2008', 'Nov 01, 2009', 'Oct 01, 2000', 'Oct 01, 2001', 'Oct 01, 2002', 'Oct 01, 2003', 'Oct 01, 2004', 'Oct 01, 2005', 'Oct 01, 2006', 'Oct 01, 2007', 'Oct 01, 2008', 'Oct 01, 2009', 'Sep 01, 2000', 'Sep 01, 2001', 'Sep 01, 2002', 'Sep 01, 2003', 'Sep 01, 2004', 'Sep 01, 2005', 'Sep 01, 2006', 'Sep 01, 2007', 'Sep 01, 2008', 'Sep 01, 2009', 'blue', 'color', 'date', 'green', 'orange', 'price', 'red', 'symbol', 'teal']
# (t=0.00) fallback i=0, candidate=[{'ANSWER': 10.19}]
  # found 0 program(s)
# (t=1.07) fallback i=1, candidate=[{'ANSWER': 10.23}]
  # found 0 program(s)
# (t=2.13) fallback i=2, candidate=[{'ANSWER': 10.36}]
  # found 0 program(s)
# (t=3.20) fallback i=3, candidate=[{'ANSWER': 10.45}]
  # found 0 program(s)
# (t=4.26) fallback i=4, candidate=[{'ANSWER': 10.54}]
  # found 0 program(s)
# (t=5.31) fallback i=5, candidate=[{'ANSWER': 10.65}]
  # found 0 program(s)
# (t=6.36) fallback i=6, candidate=[{'ANSWER': 10.69}]
  # found 0 program(s)
# (t=7.42) fallback i=7, candidate=[{'ANSWER': 10.81}]
  # found 0 program(s)
# (t=8.48) fallback i=8, candidate=[{'ANSWER': 10.82}]
  # found 0 program(s)
# (t=9.82) fallback i=9, candidate=[{'ANSWER': 10.85}]
  # found 0 program(s)
# (t=10.88) fallback i=10, candidate=[{'ANSWER': 10.95}]
  # found 0 program(s)
# (t=11.94) fallback i=11, candidate=[{'ANSWER': 100.25}]
  # found 0 program(s)
# (t=12.98) fallback i=12, candidate=[{'ANSWER': 100.52}]
  # found 0 program(s)
# (t=14.04) fallback i=13, candidate=[{'ANSWER': 100.74}]
  # found 0 program(s)
# (t=15.09) fallback i=14, candidate=[{'ANSWER': 100.76}]
  # found 0 program(s)
# (t=16.15) fallback i=15, candidate=[{'ANSWER': 100.82}]
  # found 0 program(s)
# (t=17.21) fallback i=16, candidate=[{'ANSWER': 100.9}]
  # found 0 program(s)
# (t=18.26) fallback i=17, candidate=[{'ANSWER': 101.19}]
  # found 0 program(s)
# (t=19.31) fallback i=18, candidate=[{'ANSWER': 101.29}]
  # found 0 program(s)
# (t=20.36) fallback i=19, candidate=[{'ANSWER': 101.54}]
  # found 0 program(s)
# (t=21.75) fallback i=20, candidate=[{'ANSWER': 102.35}]
  # found 0 program(s)
# (t=22.81) fallback i=21, candidate=[{'ANSWER': 102.37}]
  # found 0 program(s)
# (t=23.86) fallback i=22, candidate=[{'ANSWER': 102.75}]
  # found 0 program(s)
# (t=24.91) fallback i=23, candidate=[{'ANSWER': 103.01}]
  # found 0 program(s)
# (t=25.97) fallback i=24, candidate=[{'ANSWER': 103.7}]
  # found 0 program(s)
# (t=27.02) fallback i=25, candidate=[{'ANSWER': 104.5}]
  # found 0 program(s)
# (t=28.07) fallback i=26, candidate=[{'ANSWER': 104.85}]
  # found 0 program(s)
# (t=29.12) fallback i=27, candidate=[{'ANSWER': 105.12}]
  # found 0 program(s)
# (t=30.18) fallback i=28, candidate=[{'ANSWER': 105.4}]
  # found 0 program(s)
# (t=31.23) fallback i=29, candidate=[{'ANSWER': 106.11}]
  # found 0 program(s)
# (t=32.28) fallback i=30, candidate=[{'ANSWER': 107.59}]
  # found 0 program(s)
# (t=33.66) fallback i=31, candidate=[{'ANSWER': 109.36}]
  # found 0 program(s)
# (t=34.71) fallback i=32, candidate=[{'ANSWER': 109.64}]
  # found 0 program(s)
# (t=35.75) fallback i=33, candidate=[{'ANSWER': 11.03}]
  # found 0 program(s)
# (t=36.79) fallback i=34, candidate=[{'ANSWER': 11.28}]
  # found 0 program(s)
# (t=37.84) fallback i=35, candidate=[{'ANSWER': 11.31}]
  # found 0 program(s)
# (t=38.88) fallback i=36, candidate=[{'ANSWER': 11.32}]
  # found 0 program(s)
# (t=39.94) fallback i=37, candidate=[{'ANSWER': 11.44}]
  # found 0 program(s)
# (t=41.00) fallback i=38, candidate=[{'ANSWER': 11.62}]
  # found 0 program(s)
# (t=42.06) fallback i=39, candidate=[{'ANSWER': 11.65}]
  # found 0 program(s)
# (t=43.11) fallback i=40, candidate=[{'ANSWER': 11.84}]
  # found 0 program(s)
# (t=44.16) fallback i=41, candidate=[{'ANSWER': 11.96}]
  # found 0 program(s)
# (t=45.21) fallback i=42, candidate=[{'ANSWER': 110.87}]
  # found 0 program(s)
# (t=46.61) fallback i=43, candidate=[{'ANSWER': 111.0}]
  # found 0 program(s)
# (t=47.66) fallback i=44, candidate=[{'ANSWER': 111.54}]
  # found 0 program(s)
# (t=48.70) fallback i=45, candidate=[{'ANSWER': 112.6}]
  # found 0 program(s)
# (t=49.74) fallback i=46, candidate=[{'ANSWER': 113.53}]
  # found 0 program(s)
# (t=50.78) fallback i=47, candidate=[{'ANSWER': 113.66}]
  # found 0 program(s)
# (t=51.83) fallback i=48, candidate=[{'ANSWER': 114.6}]
  # found 0 program(s)
# (t=52.89) fallback i=49, candidate=[{'ANSWER': 116.23}]
  # found 0 program(s)
# (t=53.93) fallback i=50, candidate=[{'ANSWER': 116.34}]
  # found 0 program(s)
# (t=54.99) fallback i=51, candidate=[{'ANSWER': 117.0}]
  # found 0 program(s)
# (t=56.04) fallback i=52, candidate=[{'ANSWER': 118.16}]
  # found 0 program(s)
# (t=57.10) fallback i=53, candidate=[{'ANSWER': 118.4}]
  # found 0 program(s)
# (t=58.50) fallback i=54, candidate=[{'ANSWER': 118.55}]
  # found 0 program(s)
# (t=59.56) fallback i=55, candidate=[{'ANSWER': 118.62}]
  # found 0 program(s)
# (t=60.60) fallback i=56, candidate=[{'ANSWER': 118.81}]
  # found 0 program(s)
# (t=61.65) fallback i=57, candidate=[{'ANSWER': 119.54}]
  # found 0 program(s)
# (t=62.71) fallback i=58, candidate=[{'ANSWER': 12.14}]
  # found 0 program(s)
# (t=63.76) fallback i=59, candidate=[{'ANSWER': 12.36}]
  # found 0 program(s)
# (t=64.81) fallback i=60, candidate=[{'ANSWER': 12.49}]
  # found 0 program(s)
# (t=65.87) fallback i=61, candidate=[{'ANSWER': 12.74}]
  # found 0 program(s)
# (t=66.92) fallback i=62, candidate=[{'ANSWER': 12.88}]
  # found 0 program(s)
# (t=67.97) fallback i=63, candidate=[{'ANSWER': 12.89}]
  # found 0 program(s)
# (t=69.02) fallback i=64, candidate=[{'ANSWER': 121.19}]
  # found 0 program(s)
# (t=70.41) fallback i=65, candidate=[{'ANSWER': 121.85}]
  # found 0 program(s)
# (t=71.47) fallback i=66, candidate=[{'ANSWER': 122.04}]
  # found 0 program(s)
# (t=72.51) fallback i=67, candidate=[{'ANSWER': 123.74}]
  # found 0 program(s)
# (t=73.56) fallback i=68, candidate=[{'ANSWER': 125.02}]
  # found 0 program(s)
# (t=74.61) fallback i=69, candidate=[{'ANSWER': 125.14}]
  # found 0 program(s)
# (t=75.66) fallback i=70, candidate=[{'ANSWER': 125.41}]
  # found 0 program(s)
# (t=76.71) fallback i=71, candidate=[{'ANSWER': 125.55}]
  # found 0 program(s)
# (t=77.76) fallback i=72, candidate=[{'ANSWER': 125.79}]
  # found 0 program(s)
# (t=78.81) fallback i=73, candidate=[{'ANSWER': 125.83}]
  # found 0 program(s)
# (t=79.86) fallback i=74, candidate=[{'ANSWER': 127.16}]
  # found 0 program(s)
# (t=80.90) fallback i=75, candidate=[{'ANSWER': 128.82}]
  # found 0 program(s)
# (t=81.95) fallback i=76, candidate=[{'ANSWER': 129.6}]
  # found 0 program(s)
# (t=83.33) fallback i=77, candidate=[{'ANSWER': 13.52}]
  # found 0 program(s)
# (t=84.38) fallback i=78, candidate=[{'ANSWER': 130.32}]
  # found 0 program(s)
# (t=85.42) fallback i=79, candidate=[{'ANSWER': 131.76}]
  # found 0 program(s)
# (t=86.47) fallback i=80, candidate=[{'ANSWER': 134.52}]
  # found 0 program(s)
# (t=87.51) fallback i=81, candidate=[{'ANSWER': 135.36}]
  # found 0 program(s)
# (t=88.56) fallback i=82, candidate=[{'ANSWER': 135.81}]
  # found 0 program(s)
# (t=89.60) fallback i=83, candidate=[{'ANSWER': 135.91}]
  # found 0 program(s)
# (t=90.64) fallback i=84, candidate=[{'ANSWER': 138.48}]
  # found 0 program(s)
# (t=91.69) fallback i=85, candidate=[{'ANSWER': 14.03}]
  # found 0 program(s)
# (t=92.74) fallback i=86, candidate=[{'ANSWER': 14.1}]
  # found 0 program(s)
# (t=93.79) fallback i=87, candidate=[{'ANSWER': 14.15}]
  # found 0 program(s)
# (t=95.18) fallback i=88, candidate=[{'ANSWER': 14.19}]
  # found 0 program(s)
# (t=96.23) fallback i=89, candidate=[{'ANSWER': 14.3}]
  # found 0 program(s)
# (t=97.27) fallback i=90, candidate=[{'ANSWER': 14.45}]
  # found 0 program(s)
# (t=98.33) fallback i=91, candidate=[{'ANSWER': 14.94}]
  # found 0 program(s)
# (t=99.39) fallback i=92, candidate=[{'ANSWER': 142.43}]
  # found 0 program(s)
# (t=100.44) fallback i=93, candidate=[{'ANSWER': 143.5}]
  # found 0 program(s)
# (t=101.49) fallback i=94, candidate=[{'ANSWER': 15.56}]
  # found 0 program(s)
# (t=102.55) fallback i=95, candidate=[{'ANSWER': 15.78}]
  # found 0 program(s)
# (t=103.61) fallback i=96, candidate=[{'ANSWER': 15.81}]
  # found 0 program(s)
# (t=104.65) fallback i=97, candidate=[{'ANSWER': 15.93}]
  # found 0 program(s)
# (t=105.70) fallback i=98, candidate=[{'ANSWER': 153.47}]
  # found 0 program(s)
# (t=107.08) fallback i=99, candidate=[{'ANSWER': 158.95}]
  # found 0 program(s)
# (t=108.13) fallback i=100, candidate=[{'ANSWER': 16.17}]
  # found 0 program(s)
# (t=109.17) fallback i=101, candidate=[{'ANSWER': 16.25}]
  # found 0 program(s)
# (t=110.21) fallback i=102, candidate=[{'ANSWER': 16.27}]
  # found 0 program(s)
# (t=111.26) fallback i=103, candidate=[{'ANSWER': 16.63}]
  # found 0 program(s)
# (t=112.31) fallback i=104, candidate=[{'ANSWER': 16.69}]
  # found 0 program(s)
# (t=113.36) fallback i=105, candidate=[{'ANSWER': 163.39}]
  # found 0 program(s)
# (t=114.41) fallback i=106, candidate=[{'ANSWER': 167.44}]
  # found 0 program(s)
# (t=115.47) fallback i=107, candidate=[{'ANSWER': 168.21}]
  # found 0 program(s)
# (t=116.52) fallback i=108, candidate=[{'ANSWER': 169.53}]
  # found 0 program(s)
# (t=117.58) fallback i=109, candidate=[{'ANSWER': 17.25}]
  # found 0 program(s)
# (t=118.63) fallback i=110, candidate=[{'ANSWER': 17.31}]
  # found 0 program(s)
# (t=120.03) fallback i=111, candidate=[{'ANSWER': 17.65}]
  # found 0 program(s)
# (t=121.08) fallback i=112, candidate=[{'ANSWER': 17.79}]
  # found 0 program(s)
# (t=122.14) fallback i=113, candidate=[{'ANSWER': 17.99}]
  # found 0 program(s)
# (t=123.18) fallback i=114, candidate=[{'ANSWER': 173.95}]
  # found 0 program(s)
# (t=124.23) fallback i=115, candidate=[{'ANSWER': 18.23}]
  # found 0 program(s)
# (t=125.28) fallback i=116, candidate=[{'ANSWER': 18.89}]
  # found 0 program(s)
# (t=126.34) fallback i=117, candidate=[{'ANSWER': 18.91}]
  # found 0 program(s)
# (t=127.39) fallback i=118, candidate=[{'ANSWER': 180.51}]
  # found 0 program(s)
# (t=128.44) fallback i=119, candidate=[{'ANSWER': 181.98}]
  # found 0 program(s)
# (t=129.50) fallback i=120, candidate=[{'ANSWER': 182.22}]
  # found 0 program(s)
# (t=130.56) fallback i=121, candidate=[{'ANSWER': 185.35}]
  # found 0 program(s)
# (t=131.95) fallback i=122, candidate=[{'ANSWER': 187.99}]
  # found 0 program(s)
# (t=132.99) fallback i=123, candidate=[{'ANSWER': 188.5}]
  # found 0 program(s)
# (t=134.04) fallback i=124, candidate=[{'ANSWER': 188.75}]
  # found 0 program(s)
# (t=135.09) fallback i=125, candidate=[{'ANSWER': 189.95}]
  # found 0 program(s)
# (t=136.14) fallback i=126, candidate=[{'ANSWER': 19.31}]
  # found 0 program(s)
# (t=137.19) fallback i=127, candidate=[{'ANSWER': 19.34}]
  # found 0 program(s)
# (t=138.25) fallback i=128, candidate=[{'ANSWER': 19.36}]
  # found 0 program(s)
# (t=139.30) fallback i=129, candidate=[{'ANSWER': 19.38}]
  # found 0 program(s)
# (t=140.35) fallback i=130, candidate=[{'ANSWER': 19.52}]
  # found 0 program(s)
# (t=141.40) fallback i=131, candidate=[{'ANSWER': 19.66}]
  # found 0 program(s)
# (t=142.44) fallback i=132, candidate=[{'ANSWER': 19.76}]
  # found 0 program(s)
# (t=143.82) fallback i=133, candidate=[{'ANSWER': 19.84}]
  # found 0 program(s)
# (t=144.87) fallback i=134, candidate=[{'ANSWER': 19.97}]
  # found 0 program(s)
# (t=145.92) fallback i=135, candidate=[{'ANSWER': 190.64}]
  # found 0 program(s)
# (t=146.99) fallback i=136, candidate=[{'ANSWER': 192.06}]
  # found 0 program(s)
# (t=148.04) fallback i=137, candidate=[{'ANSWER': 192.79}]
  # found 0 program(s)
# (t=149.09) fallback i=138, candidate=[{'ANSWER': 195.62}]
  # found 0 program(s)
# (t=150.14) fallback i=139, candidate=[{'ANSWER': 198.08}]
  # found 0 program(s)
# (t=151.18) fallback i=140, candidate=[{'ANSWER': 199.91}]
  # found 0 program(s)
# (t=152.23) fallback i=141, candidate=[{'ANSWER': 20.09}]
  # found 0 program(s)
# (t=153.28) fallback i=142, candidate=[{'ANSWER': 20.46}]
  # found 0 program(s)
# (t=154.33) fallback i=143, candidate=[{'ANSWER': 20.59}]
  # found 0 program(s)
# (t=155.73) fallback i=144, candidate=[{'ANSWER': 20.71}]
  # found 0 program(s)
# (t=156.79) fallback i=145, candidate=[{'ANSWER': 20.82}]
  # found 0 program(s)
# (t=157.85) fallback i=146, candidate=[{'ANSWER': 20.87}]
  # found 0 program(s)
# (t=158.91) fallback i=147, candidate=[{'ANSWER': 20.93}]
  # found 0 program(s)
# (t=159.97) fallback i=148, candidate=[{'ANSWER': 204.62}]
  # found 0 program(s)
# (t=161.01) fallback i=149, candidate=[{'ANSWER': 21.0}]
  # found 0 program(s)
# (t=162.05) fallback i=150, candidate=[{'ANSWER': 21.03}]
  # found 0 program(s)
# (t=163.10) fallback i=151, candidate=[{'ANSWER': 21.1}]
  # found 0 program(s)
# (t=164.15) fallback i=152, candidate=[{'ANSWER': 21.19}]
  # found 0 program(s)
# (t=165.19) fallback i=153, candidate=[{'ANSWER': 21.26}]
  # found 0 program(s)
# (t=166.24) fallback i=154, candidate=[{'ANSWER': 21.45}]
  # found 0 program(s)
# (t=167.29) fallback i=155, candidate=[{'ANSWER': 21.53}]
  # found 0 program(s)
# (t=168.69) fallback i=156, candidate=[{'ANSWER': 21.56}]
  # found 0 program(s)
# (t=169.77) fallback i=157, candidate=[{'ANSWER': 21.57}]
  # found 0 program(s)
# (t=170.83) fallback i=158, candidate=[{'ANSWER': 21.65}]
  # found 0 program(s)
# (t=171.89) fallback i=159, candidate=[{'ANSWER': 21.75}]
  # found 0 program(s)
# (t=172.94) fallback i=160, candidate=[{'ANSWER': 21.77}]
  # found 0 program(s)
# (t=173.98) fallback i=161, candidate=[{'ANSWER': 21.8}]
  # found 0 program(s)
# (t=175.03) fallback i=162, candidate=[{'ANSWER': 21.85}]
  # found 0 program(s)
# (t=176.10) fallback i=163, candidate=[{'ANSWER': 210.73}]
  # found 0 program(s)
# (t=177.15) fallback i=164, candidate=[{'ANSWER': 22.01}]
  # found 0 program(s)
# (t=178.21) fallback i=165, candidate=[{'ANSWER': 22.24}]
  # found 0 program(s)
# (t=179.26) fallback i=166, candidate=[{'ANSWER': 22.25}]
  # found 0 program(s)
# (t=180.64) fallback i=167, candidate=[{'ANSWER': 22.46}]
  # found 0 program(s)
# (t=181.70) fallback i=168, candidate=[{'ANSWER': 22.47}]
  # found 0 program(s)
# (t=182.75) fallback i=169, candidate=[{'ANSWER': 22.5}]
  # found 0 program(s)
# (t=183.80) fallback i=170, candidate=[{'ANSWER': 22.51}]
  # found 0 program(s)
# (t=184.85) fallback i=171, candidate=[{'ANSWER': 22.69}]
  # found 0 program(s)
# (t=185.90) fallback i=172, candidate=[{'ANSWER': 22.76}]
  # found 0 program(s)
# (t=186.95) fallback i=173, candidate=[{'ANSWER': 22.93}]
  # found 0 program(s)
# (t=188.01) fallback i=174, candidate=[{'ANSWER': 220.0}]
  # found 0 program(s)
# (t=189.06) fallback i=175, candidate=[{'ANSWER': 223.02}]
  # found 0 program(s)
# (t=190.11) fallback i=176, candidate=[{'ANSWER': 23.02}]
  # found 0 program(s)
# (t=191.16) fallback i=177, candidate=[{'ANSWER': 23.15}]
  # found 0 program(s)
# (t=192.57) fallback i=178, candidate=[{'ANSWER': 23.18}]
  # found 0 program(s)
# (t=193.62) fallback i=179, candidate=[{'ANSWER': 23.21}]
  # found 0 program(s)
# (t=194.68) fallback i=180, candidate=[{'ANSWER': 23.28}]
  # found 0 program(s)
# (t=195.73) fallback i=181, candidate=[{'ANSWER': 23.34}]
  # found 0 program(s)
# (t=196.78) fallback i=182, candidate=[{'ANSWER': 23.35}]
  # found 0 program(s)
# (t=197.83) fallback i=183, candidate=[{'ANSWER': 23.38}]
  # found 0 program(s)
# (t=198.89) fallback i=184, candidate=[{'ANSWER': 23.42}]
  # found 0 program(s)
# (t=199.94) fallback i=185, candidate=[{'ANSWER': 23.44}]
  # found 0 program(s)
# (t=200.99) fallback i=186, candidate=[{'ANSWER': 23.46}]
  # found 0 program(s)
# (t=202.05) fallback i=187, candidate=[{'ANSWER': 23.64}]
  # found 0 program(s)
# (t=203.10) fallback i=188, candidate=[{'ANSWER': 23.65}]
  # found 0 program(s)
# (t=204.15) fallback i=189, candidate=[{'ANSWER': 23.73}]
  # found 0 program(s)
# (t=205.55) fallback i=190, candidate=[{'ANSWER': 23.8}]
  # found 0 program(s)
# (t=206.60) fallback i=191, candidate=[{'ANSWER': 23.82}]
  # found 0 program(s)
# (t=207.64) fallback i=192, candidate=[{'ANSWER': 23.83}]
  # found 0 program(s)
# (t=208.69) fallback i=193, candidate=[{'ANSWER': 24.0}]
  # found 0 program(s)
# (t=209.74) fallback i=194, candidate=[{'ANSWER': 24.11}]
  # found 0 program(s)
# (t=210.78) fallback i=195, candidate=[{'ANSWER': 24.13}]
  # found 0 program(s)
# (t=211.83) fallback i=196, candidate=[{'ANSWER': 24.29}]
  # found 0 program(s)
# (t=212.88) fallback i=197, candidate=[{'ANSWER': 24.43}]
  # found 0 program(s)
# (t=213.93) fallback i=198, candidate=[{'ANSWER': 24.52}]
  # found 0 program(s)
# (t=214.98) fallback i=199, candidate=[{'ANSWER': 24.53}]
  # found 0 program(s)
# (t=216.05) fallback i=200, candidate=[{'ANSWER': 24.6}]
  # found 0 program(s)
# (t=217.44) fallback i=201, candidate=[{'ANSWER': 24.69}]
  # found 0 program(s)
# (t=218.50) fallback i=202, candidate=[{'ANSWER': 24.75}]
  # found 0 program(s)
# (t=219.56) fallback i=203, candidate=[{'ANSWER': 24.84}]
  # found 0 program(s)
# (t=220.62) fallback i=204, candidate=[{'ANSWER': 25.04}]
  # found 0 program(s)
# (t=221.67) fallback i=205, candidate=[{'ANSWER': 25.35}]
  # found 0 program(s)
# (t=222.71) fallback i=206, candidate=[{'ANSWER': 25.36}]
  # found 0 program(s)
# (t=223.75) fallback i=207, candidate=[{'ANSWER': 25.41}]
  # found 0 program(s)
# (t=224.80) fallback i=208, candidate=[{'ANSWER': 25.45}]
  # found 0 program(s)
# (t=225.86) fallback i=209, candidate=[{'ANSWER': 25.49}]
  # found 0 program(s)
# (t=226.91) fallback i=210, candidate=[{'ANSWER': 25.68}]
  # found 0 program(s)
# (t=227.96) fallback i=211, candidate=[{'ANSWER': 25.71}]
  # found 0 program(s)
# (t=229.35) fallback i=212, candidate=[{'ANSWER': 25.78}]
  # found 0 program(s)
# (t=230.41) fallback i=213, candidate=[{'ANSWER': 25.92}]
  # found 0 program(s)
# (t=231.47) fallback i=214, candidate=[{'ANSWER': 25.94}]
  # found 0 program(s)
# (t=232.53) fallback i=215, candidate=[{'ANSWER': 26.03}]
  # found 0 program(s)
# (t=233.58) fallback i=216, candidate=[{'ANSWER': 26.07}]
  # found 0 program(s)
# (t=234.63) fallback i=217, candidate=[{'ANSWER': 26.12}]
  # found 0 program(s)
# (t=235.69) fallback i=218, candidate=[{'ANSWER': 26.14}]
  # found 0 program(s)
# (t=236.74) fallback i=219, candidate=[{'ANSWER': 26.19}]
  # found 0 program(s)
# (t=237.79) fallback i=220, candidate=[{'ANSWER': 26.2}]
  # found 0 program(s)
# (t=238.85) fallback i=221, candidate=[{'ANSWER': 26.35}]
  # found 0 program(s)
# (t=239.90) fallback i=222, candidate=[{'ANSWER': 26.36}]
  # found 0 program(s)
# (t=240.96) fallback i=223, candidate=[{'ANSWER': 26.47}]
  # found 0 program(s)
# (t=242.36) fallback i=224, candidate=[{'ANSWER': 26.63}]
  # found 0 program(s)
# (t=243.42) fallback i=225, candidate=[{'ANSWER': 26.89}]
  # found 0 program(s)
# (t=244.48) fallback i=226, candidate=[{'ANSWER': 26.93}]
  # found 0 program(s)
# (t=245.54) fallback i=227, candidate=[{'ANSWER': 26.95}]
  # found 0 program(s)
# (t=246.60) fallback i=228, candidate=[{'ANSWER': 26.96}]
  # found 0 program(s)
# (t=247.66) fallback i=229, candidate=[{'ANSWER': 27.21}]
  # found 0 program(s)
# (t=248.71) fallback i=230, candidate=[{'ANSWER': 27.25}]
  # found 0 program(s)
# (t=249.77) fallback i=231, candidate=[{'ANSWER': 27.34}]
  # found 0 program(s)
# (t=250.82) fallback i=232, candidate=[{'ANSWER': 27.48}]
  # found 0 program(s)
# (t=251.88) fallback i=233, candidate=[{'ANSWER': 27.5}]
  # found 0 program(s)
# (t=252.93) fallback i=234, candidate=[{'ANSWER': 27.56}]
  # found 0 program(s)
# (t=254.32) fallback i=235, candidate=[{'ANSWER': 27.66}]
  # found 0 program(s)
# (t=255.38) fallback i=236, candidate=[{'ANSWER': 27.95}]
  # found 0 program(s)
# (t=256.44) fallback i=237, candidate=[{'ANSWER': 277.27}]
  # found 0 program(s)
# (t=257.49) fallback i=238, candidate=[{'ANSWER': 28.02}]
  # found 0 program(s)
# (t=258.54) fallback i=239, candidate=[{'ANSWER': 28.04}]
  # found 0 program(s)
# (t=259.59) fallback i=240, candidate=[{'ANSWER': 28.05}]
  # found 0 program(s)
# (t=260.66) fallback i=241, candidate=[{'ANSWER': 28.13}]
  # found 0 program(s)
# (t=261.71) fallback i=242, candidate=[{'ANSWER': 28.14}]
  # found 0 program(s)
# (t=262.75) fallback i=243, candidate=[{'ANSWER': 28.3}]
  # found 0 program(s)
# (t=263.80) fallback i=244, candidate=[{'ANSWER': 28.37}]
  # found 0 program(s)
# (t=264.84) fallback i=245, candidate=[{'ANSWER': 28.4}]
  # found 0 program(s)
# (t=266.23) fallback i=246, candidate=[{'ANSWER': 28.66}]
  # found 0 program(s)
# (t=267.28) fallback i=247, candidate=[{'ANSWER': 28.67}]
  # found 0 program(s)
# (t=268.33) fallback i=248, candidate=[{'ANSWER': 28.69}]
  # found 0 program(s)
# (t=269.36) fallback i=249, candidate=[{'ANSWER': 28.8}]
  # found 0 program(s)
# (t=270.40) fallback i=250, candidate=[{'ANSWER': 286.0}]
  # found 0 program(s)
# (t=271.44) fallback i=251, candidate=[{'ANSWER': 287.76}]
  # found 0 program(s)
# (t=272.49) fallback i=252, candidate=[{'ANSWER': 29.07}]
  # found 0 program(s)
# (t=273.53) fallback i=253, candidate=[{'ANSWER': 29.11}]
  # found 0 program(s)
# (t=274.57) fallback i=254, candidate=[{'ANSWER': 29.27}]
  # found 0 program(s)
# (t=275.61) fallback i=255, candidate=[{'ANSWER': 29.7}]
  # found 0 program(s)
# (t=276.65) fallback i=256, candidate=[{'ANSWER': 292.96}]
  # found 0 program(s)
# (t=277.71) fallback i=257, candidate=[{'ANSWER': 294.15}]
  # found 0 program(s)
# (t=279.12) fallback i=258, candidate=[{'ANSWER': 30.12}]
  # found 0 program(s)
# (t=280.18) fallback i=259, candidate=[{'ANSWER': 30.34}]
  # found 0 program(s)
# (t=281.23) fallback i=260, candidate=[{'ANSWER': 30.47}]
  # found 0 program(s)
# (t=282.28) fallback i=261, candidate=[{'ANSWER': 30.83}]
  # found 0 program(s)
# (t=283.32) fallback i=262, candidate=[{'ANSWER': 307.65}]
  # found 0 program(s)
# (t=284.37) fallback i=263, candidate=[{'ANSWER': 31.01}]
  # found 0 program(s)
# (t=285.42) fallback i=264, candidate=[{'ANSWER': 31.13}]
  # found 0 program(s)
# (t=286.47) fallback i=265, candidate=[{'ANSWER': 316.46}]
  # found 0 program(s)
# (t=287.52) fallback i=266, candidate=[{'ANSWER': 32.09}]
  # found 0 program(s)
# (t=288.57) fallback i=267, candidate=[{'ANSWER': 32.12}]
  # found 0 program(s)
# (t=289.61) fallback i=268, candidate=[{'ANSWER': 32.2}]
  # found 0 program(s)
# (t=290.99) fallback i=269, candidate=[{'ANSWER': 32.36}]
  # found 0 program(s)
# (t=292.05) fallback i=270, candidate=[{'ANSWER': 32.54}]
  # found 0 program(s)
# (t=293.10) fallback i=271, candidate=[{'ANSWER': 33.09}]
  # found 0 program(s)
# (t=294.16) fallback i=272, candidate=[{'ANSWER': 33.53}]
  # found 0 program(s)
# (t=295.22) fallback i=273, candidate=[{'ANSWER': 33.95}]
  # found 0 program(s)
# (t=296.27) fallback i=274, candidate=[{'ANSWER': 337.99}]
  # found 0 program(s)
# (t=297.32) fallback i=275, candidate=[{'ANSWER': 338.53}]
  # found 0 program(s)
# (t=298.37) fallback i=276, candidate=[{'ANSWER': 34.0}]
  # found 0 program(s)
# (t=299.41) fallback i=277, candidate=[{'ANSWER': 34.13}]
  # found 0 program(s)
---------- timeout ----------
# ====> fallback strategy (original) is triggered
# ====> use the original TaPas output as answer, which is: ['<tapas exception>']

# ========== review report ========== #
