# parsed arguments: Namespace(benchmark='Qb0248', dsl='meta_visqa', skeletons='visqa_normal', strategy='TaPas_C', fallback='auto', timeout=300, mode='optimal-only', expected_only=False)
# loading benchmark...
# table keywords: {'population', '33', 'indian', '55', '57', 'chinese', 'public', '39', '30', 'japanese', '15', 'americans', 'color', 'percentage', 'blue'}
# input type: [dtype('O'), dtype('int64'), dtype('O')]
# input is:
           population  percentage color
0    Indian Americans          55  blue
1       Indian public          30  blue
2   Chinese Americans          57  blue
3      Chinese public          39  blue
4  Japanese Americans          33  blue
5     Japanese public          15  blue
# query is: what is the percentage of indian americans?
# expected output type:[dtype('int64')]
# expected output is:
   ANSWER
0      55
# inferred DSL terminals:
  # ConstVal: ['Indian public@Str', 'Japanese Americans@Str', 'Indian Americans@Str', 'Chinese Americans@Str', 'percentage@Str', '<NULL>']
     # cmap: [('indian', 'Indian Americans'), ('indian', 'Indian public'), ('americans', 'Indian Americans'), ('percentage', 'percentage'), ('americans', 'Chinese Americans'), ('americans', 'Japanese Americans')]
  # AggrFunc: ['<NULL>']
     # amap: []
  # NumFunc: ['<NULL>']
     # nmap: []
  # BoolFunc: ['==', '<NULL>']
     # bmap: [(None, '==')]
  # IndFunc: ['<NULL>']
     # imap: []
# loading skeleton list...

# ========== candidate program report ========== #
# (t=0.00) i=0, candidate=[{'ANSWER': 55}]
  # found 4 program(s)
    # SelectCol(SelectRow1(SelectRow1(@param0, ==, 0, Indian Americans@Str), ==, 0, Indian Americans@Str), ['1'])
      --> ['SelectCol', ['SelectRow1', ['SelectRow1', 'input@0', '==', 'population', 'Indian Americans'], '==', 'population', 'Indian Americans'], ['percentage']]
    # SelectCol(SelectRow1(SelectRow1(@param0, ==, 0, Indian Americans@Str), ==, 0, Indian Americans@Str), ['-99', '-2'])
      --> ['SelectCol', ['SelectRow1', ['SelectRow1', 'input@0', '==', 'population', 'Indian Americans'], '==', 'population', 'Indian Americans'], ['percentage']]
    # SelectCol(SelectRow1(@param0, ==, 0, Indian Americans@Str), ['1'])
      --> ['SelectCol', ['SelectRow1', 'input@0', '==', 'population', 'Indian Americans'], ['percentage']]
    # SelectCol(SelectRow1(@param0, ==, 0, Indian Americans@Str), ['-99', '-2'])
      --> ['SelectCol', ['SelectRow1', 'input@0', '==', 'population', 'Indian Americans'], ['percentage']]
# (t=6.09) i=1, candidate=[{'ANSWER': 33}]
  # found 4 program(s)
    # SelectCol(SelectRow1(SelectRow1(@param0, ==, 0, Japanese Americans@Str), ==, 0, Japanese Americans@Str), ['1'])
      --> ['SelectCol', ['SelectRow1', ['SelectRow1', 'input@0', '==', 'population', 'Japanese Americans'], '==', 'population', 'Japanese Americans'], ['percentage']]
    # SelectCol(SelectRow1(SelectRow1(@param0, ==, 0, Japanese Americans@Str), ==, 0, Japanese Americans@Str), ['-99', '-2'])
      --> ['SelectCol', ['SelectRow1', ['SelectRow1', 'input@0', '==', 'population', 'Japanese Americans'], '==', 'population', 'Japanese Americans'], ['percentage']]
    # SelectCol(SelectRow1(@param0, ==, 0, Japanese Americans@Str), ['1'])
      --> ['SelectCol', ['SelectRow1', 'input@0', '==', 'population', 'Japanese Americans'], ['percentage']]
    # SelectCol(SelectRow1(@param0, ==, 0, Japanese Americans@Str), ['-99', '-2'])
      --> ['SelectCol', ['SelectRow1', 'input@0', '==', 'population', 'Japanese Americans'], ['percentage']]
# (t=12.16) i=2, candidate=[{'ANSWER': 57}]
  # found 4 program(s)
    # SelectCol(SelectRow1(SelectRow1(@param0, ==, 0, Chinese Americans@Str), ==, 0, Chinese Americans@Str), ['1'])
      --> ['SelectCol', ['SelectRow1', ['SelectRow1', 'input@0', '==', 'population', 'Chinese Americans'], '==', 'population', 'Chinese Americans'], ['percentage']]
    # SelectCol(SelectRow1(SelectRow1(@param0, ==, 0, Chinese Americans@Str), ==, 0, Chinese Americans@Str), ['-99', '-2'])
      --> ['SelectCol', ['SelectRow1', ['SelectRow1', 'input@0', '==', 'population', 'Chinese Americans'], '==', 'population', 'Chinese Americans'], ['percentage']]
    # SelectCol(SelectRow1(@param0, ==, 0, Chinese Americans@Str), ['1'])
      --> ['SelectCol', ['SelectRow1', 'input@0', '==', 'population', 'Chinese Americans'], ['percentage']]
    # SelectCol(SelectRow1(@param0, ==, 0, Chinese Americans@Str), ['-99', '-2'])
      --> ['SelectCol', ['SelectRow1', 'input@0', '==', 'population', 'Chinese Americans'], ['percentage']]

# ========== review report ========== #
# top-1, score: 2.57, answer: [55]
  # tprog: SelectCol(SelectRow1(@param0, ==, 0, Indian Americans@Str), ['1'])
# top-2, score: 2.57, answer: [55]
  # tprog: SelectCol(SelectRow1(@param0, ==, 0, Indian Americans@Str), ['-99', '-2'])
# top-3, score: 2.52, answer: [55]
  # tprog: SelectCol(SelectRow1(SelectRow1(@param0, ==, 0, Indian Americans@Str), ==, 0, Indian Americans@Str), ['1'])
# top-4, score: 2.52, answer: [55]
  # tprog: SelectCol(SelectRow1(SelectRow1(@param0, ==, 0, Indian Americans@Str), ==, 0, Indian Americans@Str), ['-99', '-2'])
# top-5, score: 1.43, answer: [33]
  # tprog: SelectCol(SelectRow1(@param0, ==, 0, Japanese Americans@Str), ['1'])
# top-6, score: 1.43, answer: [33]
  # tprog: SelectCol(SelectRow1(@param0, ==, 0, Japanese Americans@Str), ['-99', '-2'])
# top-7, score: 1.43, answer: [57]
  # tprog: SelectCol(SelectRow1(@param0, ==, 0, Chinese Americans@Str), ['1'])
# top-8, score: 1.43, answer: [57]
  # tprog: SelectCol(SelectRow1(@param0, ==, 0, Chinese Americans@Str), ['-99', '-2'])
# top-9, score: 1.38, answer: [33]
  # tprog: SelectCol(SelectRow1(SelectRow1(@param0, ==, 0, Japanese Americans@Str), ==, 0, Japanese Americans@Str), ['1'])
# top-10, score: 1.38, answer: [33]
  # tprog: SelectCol(SelectRow1(SelectRow1(@param0, ==, 0, Japanese Americans@Str), ==, 0, Japanese Americans@Str), ['-99', '-2'])
# top-11, score: 1.38, answer: [57]
  # tprog: SelectCol(SelectRow1(SelectRow1(@param0, ==, 0, Chinese Americans@Str), ==, 0, Chinese Americans@Str), ['1'])
# top-12, score: 1.38, answer: [57]
  # tprog: SelectCol(SelectRow1(SelectRow1(@param0, ==, 0, Chinese Americans@Str), ==, 0, Chinese Americans@Str), ['-99', '-2'])
