# parsed arguments: Namespace(benchmark='Qb6951', dsl='meta_visqa', skeletons='visqa_normal', strategy='TaPas_C', fallback='auto', timeout=300, mode='optimal-only', expected_only=False)
# loading benchmark...
# table keywords: {'2002', '2006', '2007', '1413', '2010', 'blue', '2003', '4140', '1103', '1459', '884', '2012', '2005', '2011', '771', '2004', '2008', '1115', '1999', '971', '1138', 'year', '1230', '828', 'deaths', '2000', '2001', '1294', '1582', '794', '2009', 'color'}
# input type: [dtype('int64'), dtype('int64'), dtype('O')]
# input is:
    year  deaths color
0   2012     794  blue
1   2011     828  blue
2   2010    1115  blue
3   2009    1103  blue
4   2008     884  blue
5   2007     971  blue
6   2006    1294  blue
7   2005    1459  blue
8   2004     771  blue
9   2003    1230  blue
10  2002    1413  blue
11  2001    4140  blue
12  2000    1582  blue
13  1999    1138  blue
# query is: How many deaths were there in 2002 and 2003 combined?
# expected output type:[dtype('int64')]
# expected output is:
   ANSWER
0    2643
# inferred DSL terminals:
  # ConstVal: ['deaths@Str', '2002@Int', '2003@Int', '<NULL>']
     # cmap: [(2002, 2002), ('deaths', 'deaths'), (2003, 2003)]
  # AggrFunc: ['count', '<NULL>']
     # amap: [('how many', 'count')]
  # NumFunc: ['<NULL>']
     # nmap: []
  # BoolFunc: ['==', '<NULL>']
     # bmap: [(None, '==')]
  # IndFunc: ['<NULL>']
     # imap: []
# loading skeleton list...

# ========== candidate program report ========== #
# (t=0.00) i=0, candidate=[{'ANSWER': 1230}]
  # found 4 program(s)
    # SelectCol(SelectRow1(SelectRow1(@param0, ==, 0, 2003@Int), ==, 0, 2003@Int), ['1'])
      --> ['SelectCol', ['SelectRow1', ['SelectRow1', 'input@0', '==', 'year', 2003], '==', 'year', 2003], ['deaths']]
    # SelectCol(SelectRow1(SelectRow1(@param0, ==, 0, 2003@Int), ==, 0, 2003@Int), ['-99', '-2'])
      --> ['SelectCol', ['SelectRow1', ['SelectRow1', 'input@0', '==', 'year', 2003], '==', 'year', 2003], ['deaths']]
    # SelectCol(SelectRow1(@param0, ==, 0, 2003@Int), ['1'])
      --> ['SelectCol', ['SelectRow1', 'input@0', '==', 'year', 2003], ['deaths']]
    # SelectCol(SelectRow1(@param0, ==, 0, 2003@Int), ['-99', '-2'])
      --> ['SelectCol', ['SelectRow1', 'input@0', '==', 'year', 2003], ['deaths']]
# (t=2.53) i=1, candidate=[{'ANSWER': 1413}]
  # found 4 program(s)
    # SelectCol(SelectRow1(SelectRow1(@param0, ==, 0, 2002@Int), ==, 0, 2002@Int), ['1'])
      --> ['SelectCol', ['SelectRow1', ['SelectRow1', 'input@0', '==', 'year', 2002], '==', 'year', 2002], ['deaths']]
    # SelectCol(SelectRow1(SelectRow1(@param0, ==, 0, 2002@Int), ==, 0, 2002@Int), ['-99', '-2'])
      --> ['SelectCol', ['SelectRow1', ['SelectRow1', 'input@0', '==', 'year', 2002], '==', 'year', 2002], ['deaths']]
    # SelectCol(SelectRow1(@param0, ==, 0, 2002@Int), ['1'])
      --> ['SelectCol', ['SelectRow1', 'input@0', '==', 'year', 2002], ['deaths']]
    # SelectCol(SelectRow1(@param0, ==, 0, 2002@Int), ['-99', '-2'])
      --> ['SelectCol', ['SelectRow1', 'input@0', '==', 'year', 2002], ['deaths']]
# (t=5.05) i=2, candidate=[{'ANSWER': 2460}]
  # found 0 program(s)
# (t=7.53) i=3, candidate=[{'ANSWER': 2643}]
  # found 0 program(s)
# (t=10.07) i=4, candidate=[{'ANSWER': 2826}]
  # found 0 program(s)
# (t=12.91) i=5, candidate=[{'ANSWER': 3873}]
  # found 0 program(s)
# (t=15.39) i=6, candidate=[{'ANSWER': 4056}]
  # found 0 program(s)
# (t=17.86) i=7, candidate=[{'ANSWER': 5286}]
  # found 0 program(s)

# ========== review report ========== #
# top-1, score: 1.34, answer: [1230]
  # tprog: SelectCol(SelectRow1(@param0, ==, 0, 2003@Int), ['1'])
# top-2, score: 1.34, answer: [1230]
  # tprog: SelectCol(SelectRow1(@param0, ==, 0, 2003@Int), ['-99', '-2'])
# top-3, score: 1.34, answer: [1413]
  # tprog: SelectCol(SelectRow1(@param0, ==, 0, 2002@Int), ['1'])
# top-4, score: 1.34, answer: [1413]
  # tprog: SelectCol(SelectRow1(@param0, ==, 0, 2002@Int), ['-99', '-2'])
# top-5, score: 1.29, answer: [1230]
  # tprog: SelectCol(SelectRow1(SelectRow1(@param0, ==, 0, 2003@Int), ==, 0, 2003@Int), ['1'])
# top-6, score: 1.29, answer: [1230]
  # tprog: SelectCol(SelectRow1(SelectRow1(@param0, ==, 0, 2003@Int), ==, 0, 2003@Int), ['-99', '-2'])
# top-7, score: 1.29, answer: [1413]
  # tprog: SelectCol(SelectRow1(SelectRow1(@param0, ==, 0, 2002@Int), ==, 0, 2002@Int), ['1'])
# top-8, score: 1.29, answer: [1413]
  # tprog: SelectCol(SelectRow1(SelectRow1(@param0, ==, 0, 2002@Int), ==, 0, 2002@Int), ['-99', '-2'])
