# parsed arguments: Namespace(benchmark='Qcd528', dsl='meta_visqa', skeletons='visqa_normal', strategy='TaPas_C', fallback='auto', timeout=300, mode='optimal-only', expected_only=False)
# loading benchmark...
# table keywords: {'54.3', '152.5', 'local', '62.1', '7.2', '13.0', 'wales', 'gàidheal', '5.6', '4', 'scotland', 'network', '6.3', 'asian', 'sports', 'radio', '54.2', '2012/13', 'and', '3', '11.8', 'live', '76.0', '23.8', 'blue', 'bbc', 'ulster', 'music', '122.1', '1', '32.7', '17.6', 'nan', 'extra', '18.8', 'cymru', '1xtra', 'cost(£million)', '5', 'total', '6', 'service', 'color', '2', '11.5', 'foyle'}
# input type: [dtype('O'), dtype('float64'), dtype('O')]
# input is:
                                 Service  2012/13 Total Cost(£million) color
0                            BBC Radio 1                          54.2  blue
1                        BBC Radio 1Xtra                          11.8  blue
2                            BBC Radio 2                          62.1  blue
3                            BBC Radio 3                          54.3  blue
4                            BBC Radio 4                         122.1  blue
5                      BBC Radio 4 Extra                           7.2  blue
6                       BBC Radio 5 Live                          76.0  blue
7          BBC Radio 5 Live Sports Extra                           5.6  blue
8                      BBC Radio 6 Music                          11.5  blue
9                      BBC Asian Network                          13.0  blue
10                       BBC Local Radio                         152.5  blue
11                    BBC Radio Scotland                          32.7  blue
12                BBC Radio nan Gàidheal                           6.3  blue
13                       BBC Radio Wales                          18.8  blue
14                       BBC Radio Cymru                          17.6  blue
15  BBC Radio Ulster and BBC Radio Foyle                          23.8  blue
# query is: How many services were included along the x-axis?
# expected output type:[dtype('int64')]
# expected output is:
   ANSWER
0      16
# inferred DSL terminals:
  # ConstVal: ['Service@Str', '<NULL>']
     # cmap: [('services', 'Service')]
  # AggrFunc: ['count', '<NULL>']
     # amap: [('how many', 'count')]
  # NumFunc: ['<NULL>']
     # nmap: []
  # BoolFunc: ['setin', '==', '<NULL>']
     # bmap: [(None, '=='), ('included', 'setin')]
  # IndFunc: ['<NULL>']
     # imap: []
# loading skeleton list...

# ========== candidate program report ========== #
# (t=0.00) i=0, candidate=[{'ANSWER': 1}]
  # found 0 program(s)
# ====> fallback strategy (retrieval) is triggered because no explanation is found so far
# ====> retrieval_values: [11.5, 11.8, 122.1, 13.0, 152.5, 17.6, 18.8, '2012/13 Total Cost(£million)', 23.8, 32.7, 5.6, 54.2, 54.3, 6.3, 62.1, 7.2, 76.0, 'BBC Asian Network', 'BBC Local Radio', 'BBC Radio 1', 'BBC Radio 1Xtra', 'BBC Radio 2', 'BBC Radio 3', 'BBC Radio 4', 'BBC Radio 4 Extra', 'BBC Radio 5 Live', 'BBC Radio 5 Live Sports Extra', 'BBC Radio 6 Music', 'BBC Radio Cymru', 'BBC Radio Scotland', 'BBC Radio Ulster and BBC Radio Foyle', 'BBC Radio Wales', 'BBC Radio nan Gàidheal', 'Service', 'blue', 'color']
# (t=0.50) fallback i=0, candidate=[{'ANSWER': 11.5}]
  # found 0 program(s)
# (t=1.01) fallback i=1, candidate=[{'ANSWER': 11.8}]
  # found 0 program(s)
# (t=1.50) fallback i=2, candidate=[{'ANSWER': 122.1}]
  # found 0 program(s)
# (t=2.00) fallback i=3, candidate=[{'ANSWER': 13.0}]
  # found 0 program(s)
# (t=2.49) fallback i=4, candidate=[{'ANSWER': 152.5}]
  # found 0 program(s)
# (t=2.99) fallback i=5, candidate=[{'ANSWER': 17.6}]
  # found 0 program(s)
# (t=3.48) fallback i=6, candidate=[{'ANSWER': 18.8}]
  # found 0 program(s)
# (t=3.97) fallback i=7, candidate=[{'ANSWER': '2012/13 Total Cost(£million)'}]
  # found 0 program(s)
# (t=4.47) fallback i=8, candidate=[{'ANSWER': 23.8}]
  # found 0 program(s)
# (t=4.96) fallback i=9, candidate=[{'ANSWER': 32.7}]
  # found 0 program(s)
# (t=5.46) fallback i=10, candidate=[{'ANSWER': 5.6}]
  # found 0 program(s)
# (t=5.96) fallback i=11, candidate=[{'ANSWER': 54.2}]
  # found 0 program(s)
# (t=6.45) fallback i=12, candidate=[{'ANSWER': 54.3}]
  # found 0 program(s)
# (t=6.95) fallback i=13, candidate=[{'ANSWER': 6.3}]
  # found 0 program(s)
# (t=7.45) fallback i=14, candidate=[{'ANSWER': 62.1}]
  # found 0 program(s)
# (t=7.95) fallback i=15, candidate=[{'ANSWER': 7.2}]
  # found 0 program(s)
# (t=8.46) fallback i=16, candidate=[{'ANSWER': 76.0}]
  # found 0 program(s)
# (t=8.96) fallback i=17, candidate=[{'ANSWER': 'BBC Asian Network'}]
  # found 0 program(s)
# (t=9.46) fallback i=18, candidate=[{'ANSWER': 'BBC Local Radio'}]
  # found 0 program(s)
# (t=9.97) fallback i=19, candidate=[{'ANSWER': 'BBC Radio 1'}]
  # found 0 program(s)
# (t=10.47) fallback i=20, candidate=[{'ANSWER': 'BBC Radio 1Xtra'}]
  # found 0 program(s)
# (t=10.97) fallback i=21, candidate=[{'ANSWER': 'BBC Radio 2'}]
  # found 0 program(s)
# (t=11.47) fallback i=22, candidate=[{'ANSWER': 'BBC Radio 3'}]
  # found 0 program(s)
# (t=11.96) fallback i=23, candidate=[{'ANSWER': 'BBC Radio 4'}]
  # found 0 program(s)
# (t=12.46) fallback i=24, candidate=[{'ANSWER': 'BBC Radio 4 Extra'}]
  # found 0 program(s)
# (t=13.23) fallback i=25, candidate=[{'ANSWER': 'BBC Radio 5 Live'}]
  # found 0 program(s)
# (t=13.72) fallback i=26, candidate=[{'ANSWER': 'BBC Radio 5 Live Sports Extra'}]
  # found 0 program(s)
# (t=14.21) fallback i=27, candidate=[{'ANSWER': 'BBC Radio 6 Music'}]
  # found 0 program(s)
# (t=14.69) fallback i=28, candidate=[{'ANSWER': 'BBC Radio Cymru'}]
  # found 0 program(s)
# (t=15.19) fallback i=29, candidate=[{'ANSWER': 'BBC Radio Scotland'}]
  # found 0 program(s)
# (t=15.68) fallback i=30, candidate=[{'ANSWER': 'BBC Radio Ulster and BBC Radio Foyle'}]
  # found 0 program(s)
# (t=16.17) fallback i=31, candidate=[{'ANSWER': 'BBC Radio Wales'}]
  # found 0 program(s)
# (t=16.66) fallback i=32, candidate=[{'ANSWER': 'BBC Radio nan Gàidheal'}]
  # found 0 program(s)
# (t=17.16) fallback i=33, candidate=[{'ANSWER': 'Service'}]
  # found 0 program(s)
# (t=17.66) fallback i=34, candidate=[{'ANSWER': 'blue'}]
  # found 0 program(s)
# (t=18.16) fallback i=35, candidate=[{'ANSWER': 'color'}]
  # found 0 program(s)
# ====> fallback strategy (original) is triggered
# ====> use the original TaPas output as answer, which is: [16]

# ========== review report ========== #
