# parsed arguments: Namespace(benchmark='Qd52b6', dsl='meta_visqa', skeletons='visqa_normal', strategy='TaPas_C', fallback='auto', timeout=300, mode='optimal-only', expected_only=False)
# loading benchmark...
# table keywords: {'mormons', '86', '7', 'common', '21', '76', 'unaffiliated', 'spirituality', 'orange', 'at', '92', 'color', 'other', '24', 'not', '79', '14', '19', 'pagan/earth-based', '6', 'native', 'jews', '43', '17', 'very/somewhat', 'all', '39', 'muslims', 'too/not', 'christian', 'am.', '83', '93', 'percentage', '57', 'blue', '81', 'non-christian', 'hindus', 'protestants', 'orthodox', 'religion', 'response', '61', '94', 'buddhists', 'catholics', '8'}
# input type: [dtype('O'), dtype('O'), dtype('int64'), dtype('O')]
# input is:
                   Religion                   response  percentage   color
0                   Muslims       Very/somewhat common          57  orange
1                   Muslims  Not too/not at all common          43    blue
2         Pagan/earth-based       Very/somewhat common          39  orange
3         Pagan/earth-based  Not too/not at all common          61    blue
4               Protestants       Very/somewhat common          24  orange
5               Protestants  Not too/not at all common          76    blue
6       Other non-Christian       Very/somewhat common          21  orange
7       Other non-Christian  Not too/not at all common          79    blue
8   Native Am. spirituality       Very/somewhat common          19  orange
9   Native Am. spirituality  Not too/not at all common          81    blue
10                     Jews       Very/somewhat common          17  orange
11                     Jews  Not too/not at all common          83    blue
12             Unaffiliated       Very/somewhat common          14  orange
13             Unaffiliated  Not too/not at all common          86    blue
14                Catholics       Very/somewhat common           8  orange
15                Catholics  Not too/not at all common          92    blue
16                  Mormons       Very/somewhat common           8  orange
17                  Mormons  Not too/not at all common          92    blue
18       Orthodox Christian       Very/somewhat common           6  orange
19       Orthodox Christian  Not too/not at all common          94    blue
20                Buddhists       Very/somewhat common           7  orange
21                Buddhists  Not too/not at all common          93    blue
22                   Hindus       Very/somewhat common           6  orange
23                   Hindus  Not too/not at all common          94    blue
# query is: Which religions had more than 20% of responses say "Very/somewhat common"?
# expected output type:[dtype('O')]
# expected output is:
                ANSWER
0              Muslims
1  Other non-Christian
2    Pagan/earth-based
3          Protestants
# inferred DSL terminals:
  # ConstVal: ['Not too/not at all common@Str', 'Very/somewhat common@Str', 'Religion@Str', 'response@Str', '<NULL>']
     # cmap: [('responses', 'response'), ('somewhat', 'Very/somewhat common'), ('religions', 'Religion'), ('common', 'Very/somewhat common'), ('common', 'Not too/not at all common')]
  # AggrFunc: ['<NULL>']
     # amap: []
  # NumFunc: ['-', '<NULL>']
     # nmap: [('more', '-')]
  # BoolFunc: ['==', '>', '>=', '<NULL>']
     # bmap: [('more', '>'), ('more', '>='), (None, '==')]
  # IndFunc: ['<NULL>']
     # imap: []
# ====> fallback strategy (comparison) is triggered
  # [debug] high_values: [(51, 9), (51, 9), (50, 9), (49, 9), (49, 9), (43, 9), (40, 9), (38, 9), (36, 9), (33, 9)]
  # [debug] high_values (no dup.): [(51, 9), (51, 9), (50, 9), (49, 9), (49, 9), (43, 9), (40, 9), (38, 9), (36, 9), (33, 9)]
  # [debug] filtered low_values (no dup.): []
# loading skeleton list...

# ========== candidate program report ========== #
# (t=0.00) i=0, candidate=[{'ANSWER': 'Muslims'}]
  # found 0 program(s)
# (t=8.00) i=1, candidate=[{'ANSWER': 'Pagan/earth-based'}]
  # found 0 program(s)
# (t=16.25) i=2, candidate=[{'ANSWER': 'Muslims'}, {'ANSWER': 'Pagan/earth-based'}]
  # found 0 program(s)
# (t=24.53) i=3, candidate=[{'ANSWER': 'Muslims'}, {'ANSWER': 'Protestants'}]
  # found 0 program(s)
# (t=32.84) i=4, candidate=[{'ANSWER': 'Pagan/earth-based'}, {'ANSWER': 'Protestants'}]
  # found 0 program(s)
# (t=40.84) i=5, candidate=[{'ANSWER': 'Protestants'}]
  # found 0 program(s)
# (t=49.23) i=6, candidate=[{'ANSWER': 'Muslims'}, {'ANSWER': 'Other non-Christian'}]
  # found 0 program(s)
# (t=57.55) i=7, candidate=[{'ANSWER': 'Other non-Christian'}, {'ANSWER': 'Pagan/earth-based'}]
  # found 0 program(s)
# (t=65.59) i=8, candidate=[{'ANSWER': 'Other non-Christian'}, {'ANSWER': 'Protestants'}]
  # found 0 program(s)
# (t=73.96) i=9, candidate=[{'ANSWER': 'Other non-Christian'}]
  # found 0 program(s)
# (t=81.97) i=10, candidate=[{'ANSWER': 'Catholics'}, {'ANSWER': 'Muslims'}]
  # found 0 program(s)
# (t=90.40) i=11, candidate=[{'ANSWER': 'Muslims'}, {'ANSWER': 'Native Am. spirituality'}]
  # found 0 program(s)
# (t=98.67) i=12, candidate=[{'ANSWER': 'Mormons'}, {'ANSWER': 'Muslims'}]
  # found 0 program(s)
# (t=106.70) i=13, candidate=[{'ANSWER': 'Hindus'}, {'ANSWER': 'Muslims'}]
  # found 0 program(s)
# (t=115.08) i=14, candidate=[{'ANSWER': 'Muslims'}, {'ANSWER': 'Orthodox Christian'}]
  # found 0 program(s)
# (t=123.31) i=15, candidate=[{'ANSWER': 'Muslims'}, {'ANSWER': 'Unaffiliated'}]
  # found 0 program(s)
# (t=131.64) i=16, candidate=[{'ANSWER': 'Jews'}, {'ANSWER': 'Muslims'}]
  # found 0 program(s)
# (t=139.64) i=17, candidate=[{'ANSWER': 'Catholics'}, {'ANSWER': 'Pagan/earth-based'}]
  # found 0 program(s)
# (t=148.04) i=18, candidate=[{'ANSWER': 'Native Am. spirituality'}, {'ANSWER': 'Pagan/earth-based'}]
  # found 0 program(s)
# (t=156.04) i=19, candidate=[{'ANSWER': 'Mormons'}, {'ANSWER': 'Pagan/earth-based'}]
  # found 0 program(s)
# (t=164.42) i=20, candidate=[{'ANSWER': 'Hindus'}, {'ANSWER': 'Pagan/earth-based'}]
  # found 0 program(s)
# (t=172.63) i=21, candidate=[{'ANSWER': 'Orthodox Christian'}, {'ANSWER': 'Pagan/earth-based'}]
  # found 0 program(s)
# (t=180.93) i=22, candidate=[{'ANSWER': 'Pagan/earth-based'}, {'ANSWER': 'Unaffiliated'}]
  # found 0 program(s)
# (t=188.92) i=23, candidate=[{'ANSWER': 'Jews'}, {'ANSWER': 'Pagan/earth-based'}]
  # found 0 program(s)
# (t=197.33) i=24, candidate=[{'ANSWER': 'Catholics'}, {'ANSWER': 'Protestants'}]
  # found 0 program(s)
# (t=205.65) i=25, candidate=[{'ANSWER': 'Native Am. spirituality'}, {'ANSWER': 'Protestants'}]
  # found 0 program(s)
# (t=213.67) i=26, candidate=[{'ANSWER': 'Mormons'}, {'ANSWER': 'Protestants'}]
  # found 0 program(s)
# (t=222.04) i=27, candidate=[{'ANSWER': 'Hindus'}, {'ANSWER': 'Protestants'}]
  # found 0 program(s)
# (t=230.03) i=28, candidate=[{'ANSWER': 'Orthodox Christian'}, {'ANSWER': 'Protestants'}]
  # found 0 program(s)
# (t=238.43) i=29, candidate=[{'ANSWER': 'Protestants'}, {'ANSWER': 'Unaffiliated'}]
  # found 0 program(s)
# (t=246.71) i=30, candidate=[{'ANSWER': 51}]
  # found 0 program(s)
# (t=254.72) i=31, candidate=[{'ANSWER': 51}]
  # found 0 program(s)
# (t=263.09) i=32, candidate=[{'ANSWER': 50}]
  # found 0 program(s)
# (t=271.39) i=33, candidate=[{'ANSWER': 49}]
  # found 0 program(s)
# (t=279.42) i=34, candidate=[{'ANSWER': 49}]
  # found 0 program(s)
# (t=287.78) i=35, candidate=[{'ANSWER': 43}]
  # found 0 program(s)
# (t=296.05) i=36, candidate=[{'ANSWER': 40}]
  # found 0 program(s)
---------- timeout ----------
# ====> fallback strategy (retrieval) is triggered because no explanation is found so far
# ====> retrieval_values: [14, 17, 19, 21, 24, 39, 43, 57, 6, 61, 7, 76, 79, 8, 81, 83, 86, 92, 93, 94, 'Buddhists', 'Catholics', 'Hindus', 'Jews', 'Mormons', 'Muslims', 'Native Am. spirituality', 'Not too/not at all common', 'Orthodox Christian', 'Other non-Christian', 'Pagan/earth-based', 'Protestants', 'Religion', 'Unaffiliated', 'Very/somewhat common', 'blue', 'color', 'orange', 'percentage', 'response']
# (t=300.00) fallback i=0, candidate=[{'ANSWER': 14}]
  # found 0 program(s)
---------- timeout ----------
# ====> fallback strategy (original) is triggered
# ====> use the original TaPas output as answer, which is: ['Muslims', 'Other non-Christian', 'Pagan/earth-based', 'Protestants']

# ========== review report ========== #
