# parsed arguments: Namespace(benchmark='Qe6efa', dsl='meta_visqa', skeletons='visqa_normal', strategy='TaPas_C', fallback='auto', timeout=300, mode='optimal-only', expected_only=False)
# loading benchmark...
# table keywords: {'to', 'funds', 'lebanon', 'turkey', 'iraq', 'go', '40221893', 'color', 'regional', '15804557', '1700000', 'blue', 'total', '28029721', 'jordan', 'country', '37812334', '22094911', 'egypt'}
# input type: [dtype('O'), dtype('int64'), dtype('O')]
# input is:
    Country  Total funds go to color
0    Jordan           40221893  blue
1   Lebanon           37812334  blue
2  Regional           28029721  blue
3    Turkey           22094911  blue
4      Iraq           15804557  blue
5     Egypt            1700000  blue
# query is: Which country gets the least money?
# expected output type:[dtype('O')]
# expected output is:
  ANSWER
0  Egypt
# inferred DSL terminals:
  # ConstVal: ['Country@Str', '<NULL>']
     # cmap: [('country', 'Country')]
  # AggrFunc: ['min', '<NULL>']
     # amap: [('least', 'min')]
  # NumFunc: ['<NULL>']
     # nmap: []
  # BoolFunc: ['==', '<NULL>']
     # bmap: [(None, '==')]
  # IndFunc: ['eqmin', '<NULL>']
     # imap: [('least', 'eqmin')]
# loading skeleton list...

# ========== candidate program report ========== #
# (t=0.00) i=0, candidate=[{'ANSWER': 'Egypt'}]
  # found 10 program(s)
    # SelectCol(SelectRow0(GroupSum(@param0, ['0'], min, 1), eqmin, 1), ['0'])
      --> ['SelectCol', ['SelectRow0', ['GroupSum', 'input@0', ['Country'], 'min', 'Total funds go to'], 'eqmin', 'COL0'], ['Country']]
    # SelectCol(SelectRow0(GroupSum(@param0, ['0'], min, 1), eqmin, 1), ['-1'])
      --> ['SelectCol', ['SelectRow0', ['GroupSum', 'input@0', ['Country'], 'min', 'Total funds go to'], 'eqmin', 'COL0'], ['Country']]
    # SelectCol(SelectRow0(GroupSum(@param0, ['0', '1'], min, 1), eqmin, 1), ['0'])
      --> ['SelectCol', ['SelectRow0', ['GroupSum', 'input@0', ['Country', 'Total funds go to'], 'min', 'Total funds go to'], 'eqmin', 'Total funds go to'], ['Country']]
    # SelectCol(SelectRow0(GroupSum(@param0, ['0', '1'], min, 1), eqmin, 1), ['-1', '-2'])
      --> ['SelectCol', ['SelectRow0', ['GroupSum', 'input@0', ['Country', 'Total funds go to'], 'min', 'Total funds go to'], 'eqmin', 'Total funds go to'], ['Country']]
    # SelectCol(SelectRow0(GroupSum(@param0, ['0', '1'], min, 1), eqmin, 2), ['0'])
      --> ['SelectCol', ['SelectRow0', ['GroupSum', 'input@0', ['Country', 'Total funds go to'], 'min', 'Total funds go to'], 'eqmin', 'COL0'], ['Country']]
    # SelectCol(SelectRow0(GroupSum(@param0, ['0', '1'], min, 1), eqmin, 2), ['-1', '-2'])
      --> ['SelectCol', ['SelectRow0', ['GroupSum', 'input@0', ['Country', 'Total funds go to'], 'min', 'Total funds go to'], 'eqmin', 'COL0'], ['Country']]
    # SelectCol(SelectRow0(GroupSum(@param0, ['0', '2'], min, 1), eqmin, 2), ['0'])
      --> ['SelectCol', ['SelectRow0', ['GroupSum', 'input@0', ['Country', 'color'], 'min', 'Total funds go to'], 'eqmin', 'COL0'], ['Country']]
    # SelectCol(SelectRow0(GroupSum(@param0, ['0', '2'], min, 1), eqmin, 2), ['-1', '-2'])
      --> ['SelectCol', ['SelectRow0', ['GroupSum', 'input@0', ['Country', 'color'], 'min', 'Total funds go to'], 'eqmin', 'COL0'], ['Country']]
    # SelectCol(SelectRow0(@param0, eqmin, 1), ['0'])
      --> ['SelectCol', ['SelectRow0', 'input@0', 'eqmin', 'Total funds go to'], ['Country']]
    # SelectCol(SelectRow0(@param0, eqmin, 1), ['-1', '-2'])
      --> ['SelectCol', ['SelectRow0', 'input@0', 'eqmin', 'Total funds go to'], ['Country']]

# ========== review report ========== #
# top-1, score: 1.50, answer: ['Egypt']
  # tprog: SelectCol(SelectRow0(@param0, eqmin, 1), ['0'])
# top-2, score: 1.50, answer: ['Egypt']
  # tprog: SelectCol(SelectRow0(@param0, eqmin, 1), ['-1', '-2'])
# top-3, score: 1.43, answer: ['Egypt']
  # tprog: SelectCol(SelectRow0(GroupSum(@param0, ['0'], min, 1), eqmin, 1), ['0'])
# top-4, score: 1.43, answer: ['Egypt']
  # tprog: SelectCol(SelectRow0(GroupSum(@param0, ['0'], min, 1), eqmin, 1), ['-1'])
# top-5, score: 1.42, answer: ['Egypt']
  # tprog: SelectCol(SelectRow0(GroupSum(@param0, ['0', '1'], min, 1), eqmin, 1), ['0'])
# top-6, score: 1.42, answer: ['Egypt']
  # tprog: SelectCol(SelectRow0(GroupSum(@param0, ['0', '1'], min, 1), eqmin, 1), ['-1', '-2'])
# top-7, score: 1.42, answer: ['Egypt']
  # tprog: SelectCol(SelectRow0(GroupSum(@param0, ['0', '1'], min, 1), eqmin, 2), ['0'])
# top-8, score: 1.42, answer: ['Egypt']
  # tprog: SelectCol(SelectRow0(GroupSum(@param0, ['0', '1'], min, 1), eqmin, 2), ['-1', '-2'])
# top-9, score: 1.42, answer: ['Egypt']
  # tprog: SelectCol(SelectRow0(GroupSum(@param0, ['0', '2'], min, 1), eqmin, 2), ['0'])
# top-10, score: 1.42, answer: ['Egypt']
  # tprog: SelectCol(SelectRow0(GroupSum(@param0, ['0', '2'], min, 1), eqmin, 2), ['-1', '-2'])
