# parsed arguments: Namespace(benchmark='Qee11e', dsl='meta_visqa', skeletons='visqa_normal', strategy='TaPas_C', fallback='auto', timeout=300, mode='optimal-only', expected_only=False)
# loading benchmark...
# table keywords: {'inland', 'yoshino', 'gojō,', 'plain', 'highland', '56', '92', 'color', '1282', 'yamato', 'district', 'population', 'blue', 'flat'}
# input type: [dtype('O'), dtype('int64'), dtype('O')]
# input is:
                   District  Population color
0  Yamato flat inland plain        1282  blue
1           Yamato highland          56  blue
2             Gojō, Yoshino          92  blue
# query is: What does the X axis represent?
# expected output type:[dtype('O')]
# expected output is:
     ANSWER
0  District
# inferred DSL terminals:
  # ConstVal: ['<NULL>']
     # cmap: []
  # AggrFunc: ['<NULL>']
     # amap: []
  # NumFunc: ['<NULL>']
     # nmap: []
  # BoolFunc: ['==', '<NULL>']
     # bmap: [(None, '==')]
  # IndFunc: ['<NULL>']
     # imap: []
# loading skeleton list...

# ========== candidate program report ========== #
# (t=0.00) i=0, candidate=[{'ANSWER': 1282}]
  # found 0 program(s)
# (t=0.07) i=1, candidate=[{'ANSWER': 1282}, {'ANSWER': 92}]
  # found 0 program(s)
# (t=0.14) i=2, candidate=[{'ANSWER': 1282}, {'ANSWER': 56}]
  # found 0 program(s)
# (t=0.21) i=3, candidate=[{'ANSWER': 1282}, {'ANSWER': 56}, {'ANSWER': 92}]
  # found 0 program(s)
# (t=0.28) i=4, candidate=[{'ANSWER': 92}]
  # found 0 program(s)
# (t=0.35) i=5, candidate=[{'ANSWER': 56}, {'ANSWER': 92}]
  # found 0 program(s)
# (t=0.42) i=6, candidate=[{'ANSWER': 56}]
  # found 0 program(s)
# ====> fallback strategy (retrieval) is triggered because no explanation is found so far
# ====> retrieval_values: [1282, 56, 92, 'District', 'Gojō, Yoshino', 'Population', 'Yamato flat inland plain', 'Yamato highland', 'blue', 'color']
# (t=0.48) fallback i=0, candidate=[{'ANSWER': 1282}]
  # found 0 program(s)
# (t=0.55) fallback i=1, candidate=[{'ANSWER': 56}]
  # found 0 program(s)
# (t=0.62) fallback i=2, candidate=[{'ANSWER': 92}]
  # found 0 program(s)
# (t=0.69) fallback i=3, candidate=[{'ANSWER': 'District'}]
  # found 0 program(s)
# (t=0.76) fallback i=4, candidate=[{'ANSWER': 'Gojō, Yoshino'}]
  # found 0 program(s)
# (t=0.83) fallback i=5, candidate=[{'ANSWER': 'Population'}]
  # found 0 program(s)
# (t=0.90) fallback i=6, candidate=[{'ANSWER': 'Yamato flat inland plain'}]
  # found 0 program(s)
# (t=0.97) fallback i=7, candidate=[{'ANSWER': 'Yamato highland'}]
  # found 0 program(s)
# (t=1.04) fallback i=8, candidate=[{'ANSWER': 'blue'}]
  # found 0 program(s)
# (t=1.11) fallback i=9, candidate=[{'ANSWER': 'color'}]
  # found 0 program(s)
# ====> fallback strategy (original) is triggered
# ====> use the original TaPas output as answer, which is: ['<no answer>']

# ========== review report ========== #
