# parsed arguments: Namespace(benchmark='Qf0a56', dsl='meta_visqa', skeletons='visqa_normal', strategy='TaPas_C', fallback='auto', timeout=300, mode='optimal-only', expected_only=False)
# loading benchmark...
# table keywords: {'percent', 'american', '27', '25', 'blue', 'white', 'race', '57', 'latino', 'color', 'african'}
# input type: [dtype('O'), dtype('int64'), dtype('O')]
# input is:
               Race  Percent color
0             White       57  blue
1            Latino       27  blue
2  African American       25  blue
# query is: Which race has the second largest amount of income from investments.
# expected output type:[dtype('O')]
# expected output is:
   ANSWER
0  Latino
# inferred DSL terminals:
  # ConstVal: ['Race@Str', '<NULL>']
     # cmap: [('race', 'Race')]
  # AggrFunc: ['max', '<NULL>']
     # amap: [('largest', 'max')]
  # NumFunc: ['<NULL>']
     # nmap: []
  # BoolFunc: ['==', '<NULL>']
     # bmap: [(None, '==')]
  # IndFunc: ['eqmax', '<NULL>']
     # imap: [('largest', 'eqmax')]
# loading skeleton list...

# ========== candidate program report ========== #
# (t=0.00) i=0, candidate=[{'ANSWER': 'Latino'}]
  # found 0 program(s)
# (t=0.42) i=1, candidate=[{'ANSWER': 'African American'}, {'ANSWER': 'Latino'}]
  # found 0 program(s)
# (t=0.83) i=2, candidate=[{'ANSWER': 'African American'}]
  # found 0 program(s)
# (t=1.24) i=3, candidate=[{'ANSWER': 'African American'}, {'ANSWER': 'Latino'}, {'ANSWER': 'White'}]
  # found 0 program(s)
# (t=1.65) i=4, candidate=[{'ANSWER': 'Latino'}, {'ANSWER': 'White'}]
  # found 0 program(s)
# (t=2.06) i=5, candidate=[{'ANSWER': 'African American'}, {'ANSWER': 'White'}]
  # found 0 program(s)
# (t=2.47) i=6, candidate=[{'ANSWER': 'White'}]
  # found 10 program(s)
    # SelectCol(SelectRow0(GroupSum(@param0, ['0'], max, 1), eqmax, 1), ['0'])
      --> ['SelectCol', ['SelectRow0', ['GroupSum', 'input@0', ['Race'], 'max', 'Percent'], 'eqmax', 'COL0'], ['Race']]
    # SelectCol(SelectRow0(GroupSum(@param0, ['0'], max, 1), eqmax, 1), ['-1'])
      --> ['SelectCol', ['SelectRow0', ['GroupSum', 'input@0', ['Race'], 'max', 'Percent'], 'eqmax', 'COL0'], ['Race']]
    # SelectCol(SelectRow0(GroupSum(@param0, ['0', '1'], max, 1), eqmax, 1), ['0'])
      --> ['SelectCol', ['SelectRow0', ['GroupSum', 'input@0', ['Race', 'Percent'], 'max', 'Percent'], 'eqmax', 'Percent'], ['Race']]
    # SelectCol(SelectRow0(GroupSum(@param0, ['0', '1'], max, 1), eqmax, 1), ['-1', '-2'])
      --> ['SelectCol', ['SelectRow0', ['GroupSum', 'input@0', ['Race', 'Percent'], 'max', 'Percent'], 'eqmax', 'Percent'], ['Race']]
    # SelectCol(SelectRow0(GroupSum(@param0, ['0', '1'], max, 1), eqmax, 2), ['0'])
      --> ['SelectCol', ['SelectRow0', ['GroupSum', 'input@0', ['Race', 'Percent'], 'max', 'Percent'], 'eqmax', 'COL0'], ['Race']]
    # SelectCol(SelectRow0(GroupSum(@param0, ['0', '1'], max, 1), eqmax, 2), ['-1', '-2'])
      --> ['SelectCol', ['SelectRow0', ['GroupSum', 'input@0', ['Race', 'Percent'], 'max', 'Percent'], 'eqmax', 'COL0'], ['Race']]
    # SelectCol(SelectRow0(GroupSum(@param0, ['0', '2'], max, 1), eqmax, 2), ['0'])
      --> ['SelectCol', ['SelectRow0', ['GroupSum', 'input@0', ['Race', 'color'], 'max', 'Percent'], 'eqmax', 'COL0'], ['Race']]
    # SelectCol(SelectRow0(GroupSum(@param0, ['0', '2'], max, 1), eqmax, 2), ['-1', '-2'])
      --> ['SelectCol', ['SelectRow0', ['GroupSum', 'input@0', ['Race', 'color'], 'max', 'Percent'], 'eqmax', 'COL0'], ['Race']]
    # SelectCol(SelectRow0(@param0, eqmax, 1), ['0'])
      --> ['SelectCol', ['SelectRow0', 'input@0', 'eqmax', 'Percent'], ['Race']]
    # SelectCol(SelectRow0(@param0, eqmax, 1), ['-1', '-2'])
      --> ['SelectCol', ['SelectRow0', 'input@0', 'eqmax', 'Percent'], ['Race']]

# ========== review report ========== #
# top-1, score: 1.35, answer: ['White']
  # tprog: SelectCol(SelectRow0(@param0, eqmax, 1), ['0'])
# top-2, score: 1.35, answer: ['White']
  # tprog: SelectCol(SelectRow0(@param0, eqmax, 1), ['-1', '-2'])
# top-3, score: 1.28, answer: ['White']
  # tprog: SelectCol(SelectRow0(GroupSum(@param0, ['0'], max, 1), eqmax, 1), ['0'])
# top-4, score: 1.28, answer: ['White']
  # tprog: SelectCol(SelectRow0(GroupSum(@param0, ['0'], max, 1), eqmax, 1), ['-1'])
# top-5, score: 1.27, answer: ['White']
  # tprog: SelectCol(SelectRow0(GroupSum(@param0, ['0', '1'], max, 1), eqmax, 1), ['0'])
# top-6, score: 1.27, answer: ['White']
  # tprog: SelectCol(SelectRow0(GroupSum(@param0, ['0', '1'], max, 1), eqmax, 1), ['-1', '-2'])
# top-7, score: 1.27, answer: ['White']
  # tprog: SelectCol(SelectRow0(GroupSum(@param0, ['0', '1'], max, 1), eqmax, 2), ['0'])
# top-8, score: 1.27, answer: ['White']
  # tprog: SelectCol(SelectRow0(GroupSum(@param0, ['0', '1'], max, 1), eqmax, 2), ['-1', '-2'])
# top-9, score: 1.27, answer: ['White']
  # tprog: SelectCol(SelectRow0(GroupSum(@param0, ['0', '2'], max, 1), eqmax, 2), ['0'])
# top-10, score: 1.27, answer: ['White']
  # tprog: SelectCol(SelectRow0(GroupSum(@param0, ['0', '2'], max, 1), eqmax, 2), ['-1', '-2'])
