# parsed arguments: Namespace(benchmark='Qf3588', dsl='meta_visqa', skeletons='visqa_normal', strategy='TaPas_C', fallback='auto', timeout=300, mode='optimal-only', expected_only=False)
# loading benchmark...
# table keywords: {'cyprus', 'orange', '6.51', '0.616', 'slovenia', 'color', 'latvia', 'bulgaria', '1.408', '14.78', '1.144', '6.246', 'lithuania', 'portugal', '2.375', '0.44', 'luxembourg', 'malta', 'rebate', 'estonia', '11.613', '1.672', 'poland', '0.0', '2.727', 'romania', '25.601', 'hungary', 'finland', '25.249', 'germany', 'sweden', '3.695', 'denmark', '1.232', '16.628', '4.223', 'pre', 'budgetcategory', 'blue', '19.795', '10.821', 'post', '0.176', 'uk', '20.938', 'spain', '5.103', 'greece', 'slovakia', 'austria', 'ireland', '2.551', '2.199', 'budget', '0.88', '5.367', 'netherlands', 'czech', '0.264', '1.76', '2.023', 'italy', '18.651', '0.792', 'belgium', 'france', 'republic', '3.959', 'country', '15.748', '1.496'}
# input type: [dtype('O'), dtype('O'), dtype('float64'), dtype('O')]
# input is:
           country  budgetcategory  budget   color
0      Netherlands   Pre UK rebate   6.246  orange
1      Netherlands  Post UK rebate   6.510    blue
2           Poland   Pre UK rebate   3.959  orange
3           Poland  Post UK rebate   4.223    blue
4   Czech Republic   Pre UK rebate   1.760  orange
5   Czech Republic  Post UK rebate   1.760    blue
6       Luxembourg   Pre UK rebate   0.440  orange
7       Luxembourg  Post UK rebate   0.440    blue
8          Belgium   Pre UK rebate   5.103  orange
9          Belgium  Post UK rebate   5.367    blue
10         Finland   Pre UK rebate   2.023  orange
11         Finland  Post UK rebate   2.199    blue
12       Lithuania   Pre UK rebate   0.440  orange
13       Lithuania  Post UK rebate   0.440    blue
14          Sweden   Pre UK rebate   3.695  orange
15          Sweden  Post UK rebate   3.695    blue
16         Romania   Pre UK rebate   1.408  orange
17         Romania  Post UK rebate   1.496    blue
18           Italy   Pre UK rebate  15.748  orange
19           Italy  Post UK rebate  16.628    blue
20         Estonia   Pre UK rebate   0.176  orange
21         Estonia  Post UK rebate   0.176    blue
22          France   Pre UK rebate  19.795  orange
23          France  Post UK rebate  20.938    blue
24          Cyprus   Pre UK rebate   0.264  orange
25          Cyprus  Post UK rebate   0.264    blue
26         Germany   Pre UK rebate  25.249  orange
27         Germany  Post UK rebate  25.601    blue
28           Spain   Pre UK rebate  10.821  orange
29           Spain  Post UK rebate  11.613    blue
30        Bulgaria   Pre UK rebate   0.616  orange
31        Bulgaria  Post UK rebate   0.616    blue
32        Portugal   Pre UK rebate   1.672  orange
33        Portugal  Post UK rebate   1.760    blue
34           Malta   Pre UK rebate   0.000  orange
35           Malta  Post UK rebate   0.000    blue
36         Austria   Pre UK rebate   2.727  orange
37         Austria  Post UK rebate   2.727    blue
38         Hungary   Pre UK rebate   1.144  orange
39         Hungary  Post UK rebate   1.232    blue
40        Slovakia   Pre UK rebate   0.792  orange
41        Slovakia  Post UK rebate   0.880    blue
42        Slovenia   Pre UK rebate   0.616  orange
43        Slovenia  Post UK rebate   0.616    blue
44          Greece   Pre UK rebate   2.199  orange
45          Greece  Post UK rebate   2.375    blue
46          Latvia   Pre UK rebate   0.176  orange
47          Latvia  Post UK rebate   0.176    blue
48         Denmark   Pre UK rebate   2.551  orange
49         Denmark  Post UK rebate   2.727    blue
50         Ireland   Pre UK rebate   1.408  orange
51         Ireland  Post UK rebate   1.496    blue
52              UK   Pre UK rebate  18.651  orange
53              UK  Post UK rebate  14.780    blue
# query is: What is France's post UK rebate budget?
# expected output type:[dtype('float64')]
# expected output is:
   ANSWER
0  20.938
# inferred DSL terminals:
  # ConstVal: ['France@Str', 'Post UK rebate@Str', 'UK@Str', 'budget@Str', 'Pre UK rebate@Str', '<NULL>']
     # cmap: [('uk', 'Post UK rebate'), ('rebate', 'Post UK rebate'), ('uk', 'UK'), ('rebate', 'Pre UK rebate'), ('post', 'Post UK rebate'), ('uk', 'Pre UK rebate'), ('france', 'France'), ('budget', 'budget')]
  # AggrFunc: ['<NULL>']
     # amap: []
  # NumFunc: ['<NULL>']
     # nmap: []
  # BoolFunc: ['==', '<NULL>']
     # bmap: [(None, '==')]
  # IndFunc: ['<NULL>']
     # imap: []
# loading skeleton list...

# ========== candidate program report ========== #
# (t=0.00) i=0, candidate=[{'ANSWER': 'Post UK rebate'}]
  # found 4 program(s)
    # SelectCol(SelectRow1(SelectRow1(@param0, ==, 0, France@Str), ==, 1, Post UK rebate@Str), ['1'])
      --> ['SelectCol', ['SelectRow1', ['SelectRow1', 'input@0', '==', 'country', 'France'], '==', 'budgetcategory', 'Post UK rebate'], ['budgetcategory']]
    # SelectCol(SelectRow1(SelectRow1(@param0, ==, 0, UK@Str), ==, 1, Post UK rebate@Str), ['1'])
      --> ['SelectCol', ['SelectRow1', ['SelectRow1', 'input@0', '==', 'country', 'UK'], '==', 'budgetcategory', 'Post UK rebate'], ['budgetcategory']]
    # SelectCol(SelectRow1(SelectRow1(@param0, ==, 1, Post UK rebate@Str), ==, 0, France@Str), ['1'])
      --> ['SelectCol', ['SelectRow1', ['SelectRow1', 'input@0', '==', 'budgetcategory', 'Post UK rebate'], '==', 'country', 'France'], ['budgetcategory']]
    # SelectCol(SelectRow1(SelectRow1(@param0, ==, 1, Post UK rebate@Str), ==, 0, UK@Str), ['1'])
      --> ['SelectCol', ['SelectRow1', ['SelectRow1', 'input@0', '==', 'budgetcategory', 'Post UK rebate'], '==', 'country', 'UK'], ['budgetcategory']]
# (t=11.13) i=1, candidate=[{'ANSWER': 'Pre UK rebate'}]
  # found 4 program(s)
    # SelectCol(SelectRow1(SelectRow1(@param0, ==, 0, France@Str), ==, 1, Pre UK rebate@Str), ['1'])
      --> ['SelectCol', ['SelectRow1', ['SelectRow1', 'input@0', '==', 'country', 'France'], '==', 'budgetcategory', 'Pre UK rebate'], ['budgetcategory']]
    # SelectCol(SelectRow1(SelectRow1(@param0, ==, 0, UK@Str), ==, 1, Pre UK rebate@Str), ['1'])
      --> ['SelectCol', ['SelectRow1', ['SelectRow1', 'input@0', '==', 'country', 'UK'], '==', 'budgetcategory', 'Pre UK rebate'], ['budgetcategory']]
    # SelectCol(SelectRow1(SelectRow1(@param0, ==, 1, Pre UK rebate@Str), ==, 0, France@Str), ['1'])
      --> ['SelectCol', ['SelectRow1', ['SelectRow1', 'input@0', '==', 'budgetcategory', 'Pre UK rebate'], '==', 'country', 'France'], ['budgetcategory']]
    # SelectCol(SelectRow1(SelectRow1(@param0, ==, 1, Pre UK rebate@Str), ==, 0, UK@Str), ['1'])
      --> ['SelectCol', ['SelectRow1', ['SelectRow1', 'input@0', '==', 'budgetcategory', 'Pre UK rebate'], '==', 'country', 'UK'], ['budgetcategory']]

# ========== review report ========== #
# top-1, score: 2.59, answer: ['Post UK rebate']
  # tprog: SelectCol(SelectRow1(SelectRow1(@param0, ==, 0, France@Str), ==, 1, Post UK rebate@Str), ['1'])
# top-2, score: 2.59, answer: ['Post UK rebate']
  # tprog: SelectCol(SelectRow1(SelectRow1(@param0, ==, 1, Post UK rebate@Str), ==, 0, France@Str), ['1'])
# top-3, score: 2.47, answer: ['Post UK rebate']
  # tprog: SelectCol(SelectRow1(SelectRow1(@param0, ==, 0, UK@Str), ==, 1, Post UK rebate@Str), ['1'])
# top-4, score: 2.47, answer: ['Post UK rebate']
  # tprog: SelectCol(SelectRow1(SelectRow1(@param0, ==, 1, Post UK rebate@Str), ==, 0, UK@Str), ['1'])
# top-5, score: 2.47, answer: ['Pre UK rebate']
  # tprog: SelectCol(SelectRow1(SelectRow1(@param0, ==, 0, France@Str), ==, 1, Pre UK rebate@Str), ['1'])
# top-6, score: 2.47, answer: ['Pre UK rebate']
  # tprog: SelectCol(SelectRow1(SelectRow1(@param0, ==, 1, Pre UK rebate@Str), ==, 0, France@Str), ['1'])
# top-7, score: 2.34, answer: ['Pre UK rebate']
  # tprog: SelectCol(SelectRow1(SelectRow1(@param0, ==, 0, UK@Str), ==, 1, Pre UK rebate@Str), ['1'])
# top-8, score: 2.34, answer: ['Pre UK rebate']
  # tprog: SelectCol(SelectRow1(SelectRow1(@param0, ==, 1, Pre UK rebate@Str), ==, 0, UK@Str), ['1'])
