# parsed arguments: Namespace(benchmark='Qfc407', dsl='meta_visqa', skeletons='visqa_normal', strategy='TaPas_C', fallback='auto', timeout=300, mode='optimal-only', expected_only=False)
# loading benchmark...
# table keywords: {'3.1', '0.4', 'fox', 'gallup', 'blue', '(robbins', 'surveyusa', '/', 'cnn', 'research)', '-1.3', 'republican', 'news', 'shaw)', '-1.7', '0.8', 'research', 'effect', 'abc', '-1.4', 'quinnipiac', '&', 'reports', 'ipsos', 'pew', 'rasmussen', '(ppp)', 'spread', 'color', 'policy', '2.4', '(opinion', 'polling', 'post', 'pollster', 'marist', 'public', 'orange', 'washington', '3.2', '(nbc/marist)', 'yougov', 'house', '-2.5', 'democratic', '1.9', '-1.5', '2.9'}
# input type: [dtype('O'), dtype('O'), dtype('float64'), dtype('O')]
# input is:
                       Pollster      spread  House Effect   color
0                  Pew Research  Democratic           3.2    blue
1   Public Policy Polling (PPP)  Democratic           3.1    blue
2                         Ipsos  Democratic           2.9    blue
3                     SurveyUSA  Democratic           2.4    blue
4           Marist (NBC/Marist)  Democratic           1.9    blue
5                        YouGov  Democratic           0.8    blue
6        CNN (Opinion Research)  Democratic           0.4    blue
7             Rasmussen Reports  Republican          -1.3  orange
8    Washington Post / ABC News  Republican          -1.4  orange
9     Fox News (Robbins & Shaw)  Republican          -1.5  orange
10                   Quinnipiac  Republican          -1.7  orange
11                       Gallup  Republican          -2.5  orange
# query is: What is the exact value of the bar for Rasmussen Reports?
# expected output type:[dtype('float64')]
# expected output is:
   ANSWER
0    -1.3
# inferred DSL terminals:
  # ConstVal: ['Rasmussen Reports@Str', '<NULL>']
     # cmap: [('reports', 'Rasmussen Reports'), ('rasmussen', 'Rasmussen Reports')]
  # AggrFunc: ['<NULL>']
     # amap: []
  # NumFunc: ['<NULL>']
     # nmap: []
  # BoolFunc: ['==', '<NULL>']
     # bmap: [(None, '==')]
  # IndFunc: ['<NULL>']
     # imap: []
# loading skeleton list...

# ========== candidate program report ========== #
# (t=0.00) i=0, candidate=[{'ANSWER': 1}]
  # found 0 program(s)
# (t=0.57) i=1, candidate=[{'ANSWER': 2}]
  # found 0 program(s)
# ====> fallback strategy (retrieval) is triggered because no explanation is found so far
# ====> retrieval_values: [-1.3, -1.4, -1.5, -1.7, -2.5, 0.4, 0.8, 1.9, 2.4, 2.9, 3.1, 3.2, 'CNN (Opinion Research)', 'Democratic', 'Fox News (Robbins & Shaw)', 'Gallup', 'House Effect', 'Ipsos', 'Marist (NBC/Marist)', 'Pew Research', 'Pollster', 'Public Policy Polling (PPP)', 'Quinnipiac', 'Rasmussen Reports', 'Republican', 'SurveyUSA', 'Washington Post / ABC News', 'YouGov', 'blue', 'color', 'orange', 'spread']
# (t=1.14) fallback i=0, candidate=[{'ANSWER': -1.3}]
  # found 2 program(s)
    # SelectCol(SelectRow1(SelectRow1(@param0, ==, 0, Rasmussen Reports@Str), ==, 0, Rasmussen Reports@Str), ['2'])
      --> ['SelectCol', ['SelectRow1', ['SelectRow1', 'input@0', '==', 'Pollster', 'Rasmussen Reports'], '==', 'Pollster', 'Rasmussen Reports'], ['House Effect']]
    # SelectCol(SelectRow1(@param0, ==, 0, Rasmussen Reports@Str), ['2'])
      --> ['SelectCol', ['SelectRow1', 'input@0', '==', 'Pollster', 'Rasmussen Reports'], ['House Effect']]
# (t=1.70) fallback i=1, candidate=[{'ANSWER': -1.4}]
  # found 0 program(s)
# (t=2.26) fallback i=2, candidate=[{'ANSWER': -1.5}]
  # found 0 program(s)
# (t=2.82) fallback i=3, candidate=[{'ANSWER': -1.7}]
  # found 0 program(s)
# (t=3.38) fallback i=4, candidate=[{'ANSWER': -2.5}]
  # found 0 program(s)
# (t=3.94) fallback i=5, candidate=[{'ANSWER': 0.4}]
  # found 0 program(s)
# (t=4.49) fallback i=6, candidate=[{'ANSWER': 0.8}]
  # found 0 program(s)
# (t=5.05) fallback i=7, candidate=[{'ANSWER': 1.9}]
  # found 0 program(s)
# (t=5.61) fallback i=8, candidate=[{'ANSWER': 2.4}]
  # found 0 program(s)
# (t=6.17) fallback i=9, candidate=[{'ANSWER': 2.9}]
  # found 0 program(s)
# (t=6.73) fallback i=10, candidate=[{'ANSWER': 3.1}]
  # found 0 program(s)
# (t=7.29) fallback i=11, candidate=[{'ANSWER': 3.2}]
  # found 0 program(s)
# (t=8.10) fallback i=12, candidate=[{'ANSWER': 'CNN (Opinion Research)'}]
  # found 0 program(s)
# (t=8.66) fallback i=13, candidate=[{'ANSWER': 'Democratic'}]
  # found 0 program(s)
# (t=9.22) fallback i=14, candidate=[{'ANSWER': 'Fox News (Robbins & Shaw)'}]
  # found 0 program(s)
# (t=9.78) fallback i=15, candidate=[{'ANSWER': 'Gallup'}]
  # found 0 program(s)
# (t=10.34) fallback i=16, candidate=[{'ANSWER': 'House Effect'}]
  # found 0 program(s)
# (t=10.90) fallback i=17, candidate=[{'ANSWER': 'Ipsos'}]
  # found 0 program(s)
# (t=11.46) fallback i=18, candidate=[{'ANSWER': 'Marist (NBC/Marist)'}]
  # found 0 program(s)
# (t=12.01) fallback i=19, candidate=[{'ANSWER': 'Pew Research'}]
  # found 0 program(s)
# (t=12.57) fallback i=20, candidate=[{'ANSWER': 'Pollster'}]
  # found 0 program(s)
# (t=13.12) fallback i=21, candidate=[{'ANSWER': 'Public Policy Polling (PPP)'}]
  # found 0 program(s)
# (t=13.67) fallback i=22, candidate=[{'ANSWER': 'Quinnipiac'}]
  # found 0 program(s)
# (t=14.23) fallback i=23, candidate=[{'ANSWER': 'Rasmussen Reports'}]
  # found 2 program(s)
    # SelectCol(SelectRow1(SelectRow1(@param0, ==, 0, Rasmussen Reports@Str), ==, 0, Rasmussen Reports@Str), ['0'])
      --> ['SelectCol', ['SelectRow1', ['SelectRow1', 'input@0', '==', 'Pollster', 'Rasmussen Reports'], '==', 'Pollster', 'Rasmussen Reports'], ['Pollster']]
    # SelectCol(SelectRow1(@param0, ==, 0, Rasmussen Reports@Str), ['0'])
      --> ['SelectCol', ['SelectRow1', 'input@0', '==', 'Pollster', 'Rasmussen Reports'], ['Pollster']]
# (t=14.79) fallback i=24, candidate=[{'ANSWER': 'Republican'}]
  # found 2 program(s)
    # SelectCol(SelectRow1(SelectRow1(@param0, ==, 0, Rasmussen Reports@Str), ==, 0, Rasmussen Reports@Str), ['1'])
      --> ['SelectCol', ['SelectRow1', ['SelectRow1', 'input@0', '==', 'Pollster', 'Rasmussen Reports'], '==', 'Pollster', 'Rasmussen Reports'], ['spread']]
    # SelectCol(SelectRow1(@param0, ==, 0, Rasmussen Reports@Str), ['1'])
      --> ['SelectCol', ['SelectRow1', 'input@0', '==', 'Pollster', 'Rasmussen Reports'], ['spread']]
# (t=15.35) fallback i=25, candidate=[{'ANSWER': 'SurveyUSA'}]
  # found 0 program(s)
# (t=15.91) fallback i=26, candidate=[{'ANSWER': 'Washington Post / ABC News'}]
  # found 0 program(s)
# (t=16.47) fallback i=27, candidate=[{'ANSWER': 'YouGov'}]
  # found 0 program(s)
# (t=17.34) fallback i=28, candidate=[{'ANSWER': 'blue'}]
  # found 0 program(s)
# (t=17.89) fallback i=29, candidate=[{'ANSWER': 'color'}]
  # found 0 program(s)
# (t=18.45) fallback i=30, candidate=[{'ANSWER': 'orange'}]
  # found 2 program(s)
    # SelectCol(SelectRow1(SelectRow1(@param0, ==, 0, Rasmussen Reports@Str), ==, 0, Rasmussen Reports@Str), ['3'])
      --> ['SelectCol', ['SelectRow1', ['SelectRow1', 'input@0', '==', 'Pollster', 'Rasmussen Reports'], '==', 'Pollster', 'Rasmussen Reports'], ['color']]
    # SelectCol(SelectRow1(@param0, ==, 0, Rasmussen Reports@Str), ['3'])
      --> ['SelectCol', ['SelectRow1', 'input@0', '==', 'Pollster', 'Rasmussen Reports'], ['color']]
# (t=19.01) fallback i=31, candidate=[{'ANSWER': 'spread'}]
  # found 0 program(s)

# ========== review report ========== #
# top-1, score: 2.32, answer: [-1.3]
  # tprog: SelectCol(SelectRow1(@param0, ==, 0, Rasmussen Reports@Str), ['2'])
# top-2, score: 2.32, answer: ['Rasmussen Reports']
  # tprog: SelectCol(SelectRow1(@param0, ==, 0, Rasmussen Reports@Str), ['0'])
# top-3, score: 2.32, answer: ['Republican']
  # tprog: SelectCol(SelectRow1(@param0, ==, 0, Rasmussen Reports@Str), ['1'])
# top-4, score: 2.32, answer: ['orange']
  # tprog: SelectCol(SelectRow1(@param0, ==, 0, Rasmussen Reports@Str), ['3'])
# top-5, score: 2.27, answer: [-1.3]
  # tprog: SelectCol(SelectRow1(SelectRow1(@param0, ==, 0, Rasmussen Reports@Str), ==, 0, Rasmussen Reports@Str), ['2'])
# top-6, score: 2.27, answer: ['Rasmussen Reports']
  # tprog: SelectCol(SelectRow1(SelectRow1(@param0, ==, 0, Rasmussen Reports@Str), ==, 0, Rasmussen Reports@Str), ['0'])
# top-7, score: 2.27, answer: ['Republican']
  # tprog: SelectCol(SelectRow1(SelectRow1(@param0, ==, 0, Rasmussen Reports@Str), ==, 0, Rasmussen Reports@Str), ['1'])
# top-8, score: 2.27, answer: ['orange']
  # tprog: SelectCol(SelectRow1(SelectRow1(@param0, ==, 0, Rasmussen Reports@Str), ==, 0, Rasmussen Reports@Str), ['3'])
