# parsed arguments: Namespace(benchmark='Q01e8d', dsl='meta_visqa', skeletons='visqa_normal', strategy='TaPas_C', fallback='auto', timeout=300, mode='full', expected_only=False)
# loading benchmark...
# table keywords: {'american', 'percent', '48', 'latino', 'color', 'race', '57', 'blue', 'white', '38', 'african'}
# input type: [dtype('O'), dtype('int64'), dtype('O')]
# input is:
               Race  Percent color
0             White       57  blue
1            Latino       48  blue
2  African American       38  blue
# query is: What's the difference between the White and the Latino marriage rate?
# expected output type:[dtype('int64')]
# expected output is:
   ANSWER
0       9
# inferred DSL terminals:
  # ConstVal: ['Latino@Str', 'White@Str', '<NULL>']
     # cmap: [('white', 'White'), ('latino', 'Latino')]
  # AggrFunc: ['<NULL>']
     # amap: []
  # NumFunc: ['diff', '<NULL>']
     # nmap: [('difference', 'diff')]
  # BoolFunc: ['==', '<NULL>']
     # bmap: [(None, '==')]
  # IndFunc: ['<NULL>']
     # imap: []
# ====> fallback strategy (comparison) is triggered
  # [debug] high_values: [(9, 4), (-9, 4)]
  # [debug] high_values (no dup.): [(9, 4), (-9, 4)]
  # [debug] filtered low_values (no dup.): [(19, 2), (10, 2), (-10, 2), (-19, 2)]
  # [debug] fallback (comparison) answers are added
# loading skeleton list...

# ========== candidate program report ========== #
# (t=0.00) i=0, candidate=[{'ANSWER': 1}]
  # found 0 program(s)
# (t=0.63) i=1, candidate=[{'ANSWER': 2}]
  # found 0 program(s)
# (t=1.25) i=2, candidate=[{'ANSWER': 3}]
  # found 0 program(s)
# (t=1.88) i=3, candidate=[{'ANSWER': 9}]
  # found 2 program(s)
    # Contrast(@param0, diff, 0, Latino@Str, White@Str, 1)
      --> ['Contrast', 'input@0', 'diff', 'Race', 'Latino', 'White', 'Percent']
    # Contrast(@param0, diff, 0, White@Str, Latino@Str, 1)
      --> ['Contrast', 'input@0', 'diff', 'Race', 'White', 'Latino', 'Percent']
# (t=2.50) i=4, candidate=[{'ANSWER': -9}]
  # found 0 program(s)
# (t=3.13) i=5, candidate=[{'ANSWER': 19}]
  # found 0 program(s)
# (t=3.76) i=6, candidate=[{'ANSWER': 10}]
  # found 0 program(s)
# (t=4.37) i=7, candidate=[{'ANSWER': -10}]
  # found 0 program(s)
# (t=5.00) i=8, candidate=[{'ANSWER': -19}]
  # found 0 program(s)

# ========== review report ========== #
# top-1, score: 2.39, answer: [9]
  # tprog: Contrast(@param0, diff, 0, Latino@Str, White@Str, 1)
# top-2, score: 2.39, answer: [9]
  # tprog: Contrast(@param0, diff, 0, White@Str, Latino@Str, 1)
