# parsed arguments: Namespace(benchmark='Q02e4c', dsl='meta_visqa', skeletons='visqa_normal', strategy='TaPas_C', fallback='auto', timeout=300, mode='full', expected_only=False)
# loading benchmark...
# table keywords: {'4', '-0.9', '1', 'rank', 'color', '9', '%', '7', '-1.8', 'blue', '3', 'in', '-1.5', '0.2', '2', '-2.1', 'income', '6', '8', '0.1', '5', '10', 'change', '-1.0', '-0.4', '-0.25'}
# input type: [dtype('int64'), dtype('float64'), dtype('O')]
# input is:
   income rank  % change in income color
0            1               -1.80  blue
1            2               -1.50  blue
2            3               -1.00  blue
3            4               -0.90  blue
4            5               -0.40  blue
5            6                0.10  blue
6            7                0.20  blue
7            8                0.10  blue
8            9               -0.25  blue
9           10               -2.10  blue
# query is: What is the value of rank 1
# expected output type:[dtype('float64')]
# expected output is:
   ANSWER
0    -1.8
# inferred DSL terminals:
  # ConstVal: ['1@Int', 'income rank@Str', '<NULL>']
     # cmap: [(1, 1), ('rank', 'income rank')]
  # AggrFunc: ['<NULL>']
     # amap: []
  # NumFunc: ['<NULL>']
     # nmap: []
  # BoolFunc: ['==', '<NULL>']
     # bmap: [(None, '==')]
  # IndFunc: ['<NULL>']
     # imap: []
# loading skeleton list...

# ========== candidate program report ========== #
# (t=0.00) i=0, candidate=[{'ANSWER': 1}]
  # found 2 program(s)
    # SelectCol(SelectRow1(@param0, ==, 0, 1@Int), ['0'])
      --> ['SelectCol', ['SelectRow1', 'input@0', '==', 'income rank', 1], ['income rank']]
    # SelectCol(SelectRow1(@param0, ==, 0, 1@Int), ['-1', '-2'])
      --> ['SelectCol', ['SelectRow1', 'input@0', '==', 'income rank', 1], ['income rank']]
# (t=0.69) i=1, candidate=[{'ANSWER': 2}]
  # found 0 program(s)
# (t=1.36) i=2, candidate=[{'ANSWER': 4}]
  # found 0 program(s)
# (t=2.03) i=3, candidate=[{'ANSWER': 3}]
  # found 0 program(s)
# (t=2.69) i=4, candidate=[{'ANSWER': 5}]
  # found 0 program(s)

# ========== review report ========== #
# top-1, score: 1.43, answer: [1]
  # tprog: SelectCol(SelectRow1(@param0, ==, 0, 1@Int), ['0'])
# top-2, score: 1.43, answer: [1]
  # tprog: SelectCol(SelectRow1(@param0, ==, 0, 1@Int), ['-1', '-2'])
