# parsed arguments: Namespace(benchmark='Q17e7e', dsl='meta_visqa', skeletons='visqa_normal', strategy='TaPas_C', fallback='auto', timeout=300, mode='full', expected_only=False)
# loading benchmark...
# table keywords: {'percent', 'white', 'latino', 'african', 'blue', '27', 'american', '57', 'color', 'race', '25'}
# input type: [dtype('O'), dtype('int64'), dtype('O')]
# input is:
               Race  Percent color
0             White       57  blue
1            Latino       27  blue
2  African American       25  blue
# query is: what color is used for the bars on the chart?
# expected output type:[dtype('O')]
# expected output is:
  ANSWER
0   Blue
# inferred DSL terminals:
  # ConstVal: ['color@Str', '<NULL>']
     # cmap: [('color', 'color')]
  # AggrFunc: ['<NULL>']
     # amap: []
  # NumFunc: ['<NULL>']
     # nmap: []
  # BoolFunc: ['==', '<NULL>']
     # bmap: [(None, '==')]
  # IndFunc: ['<NULL>']
     # imap: []
# loading skeleton list...

# ========== candidate program report ========== #
# (t=0.00) i=0, candidate=[{'ANSWER': '<type error>'}]
  # found 0 program(s)
# ====> fallback strategy (retrieval) is triggered because no explanation is found so far
# ====> retrieval_values: [25, 27, 57, 'African American', 'Latino', 'Percent', 'Race', 'White', 'blue', 'color']
# (t=0.14) fallback i=0, candidate=[{'ANSWER': 25}]
  # found 0 program(s)
# (t=0.33) fallback i=1, candidate=[{'ANSWER': 27}]
  # found 0 program(s)
# (t=0.52) fallback i=2, candidate=[{'ANSWER': 57}]
  # found 0 program(s)
# (t=0.71) fallback i=3, candidate=[{'ANSWER': 'African American'}]
  # found 0 program(s)
# (t=0.90) fallback i=4, candidate=[{'ANSWER': 'Latino'}]
  # found 0 program(s)
# (t=1.09) fallback i=5, candidate=[{'ANSWER': 'Percent'}]
  # found 0 program(s)
# (t=1.23) fallback i=6, candidate=[{'ANSWER': 'Race'}]
  # found 0 program(s)
# (t=1.37) fallback i=7, candidate=[{'ANSWER': 'White'}]
  # found 0 program(s)
# (t=1.55) fallback i=8, candidate=[{'ANSWER': 'blue'}]
  # found 0 program(s)
# (t=1.74) fallback i=9, candidate=[{'ANSWER': 'color'}]
  # found 0 program(s)
# ====> fallback strategy (original) is triggered
# ====> use the original TaPas output as answer, which is: ['<type error>']

# ========== review report ========== #
