# parsed arguments: Namespace(benchmark='Q227b7', dsl='meta_visqa', skeletons='visqa_normal', strategy='TaPas_C', fallback='auto', timeout=300, mode='full', expected_only=False)
# loading benchmark...
# table keywords: {'2704659', '25', '24', '17', 'years', '5', '2159981', 'red', '10604510', '1311479', '3157759', '1938695', '4782119', '1420518', 'fl', '679201', '3414001', '1140516', '2027307', 'purple', '1999120', '5656528', 'color', 'to', 'teal', 'age_range', '7017731', 'under', '894368', '2141490', 'tx', '2607672', '13', 'over', '64', '1575308', '5355235', 'yellow', '3277946', 'population', 'ny', 'pa', 'ca', '2472223', '3187797', 'and', 'state', '5120254', '2454721', '725973', '3239173', 'blue', '925060', '4499890', '18', '1203944', '1058031', '4746856', '3596343', '737462', '3853788', '45', '14', '1607297', '65', '4114496', '44', 'green', 'il', '1558919', 'orange', '1910571', '1345341', '1208495', '8819342'}
# input type: [dtype('O'), dtype('int64'), dtype('O'), dtype('O')]
# input is:
   State  population          age_range   color
0     PA      737462      Under 5 Years  purple
1     PA     1345341      5 to 13 Years   green
2     PA      679201     14 to 17 Years    blue
3     PA     1203944     18 to 24 Years  orange
4     PA     3157759     25 to 44 Years     red
5     PA     3414001     45 to 64 Years    teal
6     PA     1910571  65 Years and Over  yellow
7     IL      894368      Under 5 Years  purple
8     IL     1558919      5 to 13 Years   green
9     IL      725973     14 to 17 Years    blue
10    IL     1311479     18 to 24 Years  orange
11    IL     3596343     25 to 44 Years     red
12    IL     3239173     45 to 64 Years    teal
13    IL     1575308  65 Years and Over  yellow
14    FL     1140516      Under 5 Years  purple
15    FL     1938695      5 to 13 Years   green
16    FL      925060     14 to 17 Years    blue
17    FL     1607297     18 to 24 Years  orange
18    FL     4782119     25 to 44 Years     red
19    FL     4746856     45 to 64 Years    teal
20    FL     3187797  65 Years and Over  yellow
21    NY     1208495      Under 5 Years  purple
22    NY     2141490      5 to 13 Years   green
23    NY     1058031     14 to 17 Years    blue
24    NY     1999120     18 to 24 Years  orange
25    NY     5355235     25 to 44 Years     red
26    NY     5120254     45 to 64 Years    teal
27    NY     2607672  65 Years and Over  yellow
28    CA     2704659      Under 5 Years  purple
29    CA     4499890      5 to 13 Years   green
30    CA     2159981     14 to 17 Years    blue
31    CA     3853788     18 to 24 Years  orange
32    CA    10604510     25 to 44 Years     red
33    CA     8819342     45 to 64 Years    teal
34    CA     4114496  65 Years and Over  yellow
35    TX     2027307      Under 5 Years  purple
36    TX     3277946      5 to 13 Years   green
37    TX     1420518     14 to 17 Years    blue
38    TX     2454721     18 to 24 Years  orange
39    TX     7017731     25 to 44 Years     red
40    TX     5656528     45 to 64 Years    teal
41    TX     2472223  65 Years and Over  yellow
# query is: Which state had the highest population of 25 to 44 year olds?
# expected output type:[dtype('O')]
# expected output is:
  ANSWER
0     CA
# inferred DSL terminals:
  # ConstVal: ['Under 5 Years@Str', 'State@Str', '5 to 13 Years@Str', '14 to 17 Years@Str', '25 to 44 Years@Str', '18 to 24 Years@Str', '65 Years and Over@Str', 'population@Str', '45 to 64 Years@Str', '<NULL>']
     # cmap: [('year', '25 to 44 Years'), ('year', '45 to 64 Years'), ('to', '5 to 13 Years'), ('year', '18 to 24 Years'), ('to', '25 to 44 Years'), ('population', 'population'), ('to', '45 to 64 Years'), ('year', '14 to 17 Years'), ('to', '18 to 24 Years'), ('year', 'Under 5 Years'), (25, '25 to 44 Years'), ('state', 'State'), (44, '25 to 44 Years'), ('year', '65 Years and Over'), ('to', '14 to 17 Years'), ('year', '5 to 13 Years')]
  # AggrFunc: ['max', '<NULL>']
     # amap: [('highest', 'max')]
  # NumFunc: ['<NULL>']
     # nmap: []
  # BoolFunc: ['==', '<NULL>']
     # bmap: [(None, '==')]
  # IndFunc: ['eqmax', '<NULL>']
     # imap: [('highest', 'eqmax')]
# loading skeleton list...

# ========== candidate program report ========== #
# (t=0.00) i=0, candidate=[{'ANSWER': 'PA'}]
  # found 0 program(s)
# (t=27.46) i=1, candidate=[{'ANSWER': 'TX'}]
  # found 0 program(s)
# (t=54.80) i=2, candidate=[{'ANSWER': 'NY'}]
  # found 0 program(s)
# (t=82.12) i=3, candidate=[{'ANSWER': 'IL'}]
  # found 0 program(s)
# (t=109.71) i=4, candidate=[{'ANSWER': 'FL'}]
  # found 0 program(s)
# ====> fallback strategy (retrieval) is triggered because no explanation is found so far
# ====> retrieval_values: [1058031, 10604510, 1140516, 1203944, 1208495, 1311479, 1345341, '14 to 17 Years', 1420518, 1558919, 1575308, 1607297, '18 to 24 Years', 1910571, 1938695, 1999120, 2027307, 2141490, 2159981, 2454721, 2472223, '25 to 44 Years', 2607672, 2704659, 3157759, 3187797, 3239173, 3277946, 3414001, 3596343, 3853788, 4114496, 4499890, '45 to 64 Years', 4746856, 4782119, '5 to 13 Years', 5120254, 5355235, 5656528, '65 Years and Over', 679201, 7017731, 725973, 737462, 8819342, 894368, 925060, 'CA', 'FL', 'IL', 'NY', 'PA', 'State', 'TX', 'Under 5 Years', 'age_range', 'blue', 'color', 'green', 'orange', 'population', 'purple', 'red', 'teal', 'yellow']
# (t=136.91) fallback i=0, candidate=[{'ANSWER': 1058031}]
  # found 0 program(s)
# (t=164.13) fallback i=1, candidate=[{'ANSWER': 10604510}]
  # found 49 program(s)
    # SelectCol(SelectRow0(SelectRow1(@param0, ==, 2, 25 to 44 Years@Str), eqmax, 1), ['1'])
      --> ['SelectCol', ['SelectRow0', ['SelectRow1', 'input@0', '==', 'age_range', '25 to 44 Years'], 'eqmax', 'population'], ['population']]
    # SelectCol(SelectRow0(GroupSum(@param0, ['0'], max, 1), eqmax, 1), ['1'])
      --> ['SelectCol', ['SelectRow0', ['GroupSum', 'input@0', ['State'], 'max', 'population'], 'eqmax', 'COL0'], ['COL0']]
    # SelectCol(SelectRow0(GroupSum(@param0, ['0'], max, 1), eqmax, 1), ['-99'])
      --> ['SelectCol', ['SelectRow0', ['GroupSum', 'input@0', ['State'], 'max', 'population'], 'eqmax', 'COL0'], ['COL0']]
    # SelectCol(SelectRow0(GroupSum(@param0, ['1'], max, 1), eqmax, 0), ['0'])
      --> ['SelectCol', ['SelectRow0', ['GroupSum', 'input@0', ['population'], 'max', 'population'], 'eqmax', 'population'], ['population']]
    # SelectCol(SelectRow0(GroupSum(@param0, ['1'], max, 1), eqmax, 0), ['1'])
      --> ['SelectCol', ['SelectRow0', ['GroupSum', 'input@0', ['population'], 'max', 'population'], 'eqmax', 'population'], ['COL0']]
    # SelectCol(SelectRow0(GroupSum(@param0, ['1'], max, 1), eqmax, 0), ['-99'])
      --> ['SelectCol', ['SelectRow0', ['GroupSum', 'input@0', ['population'], 'max', 'population'], 'eqmax', 'population'], ['COL0']]
    # SelectCol(SelectRow0(GroupSum(@param0, ['1'], max, 1), eqmax, 0), ['-1'])
      --> ['SelectCol', ['SelectRow0', ['GroupSum', 'input@0', ['population'], 'max', 'population'], 'eqmax', 'population'], ['population']]
    # SelectCol(SelectRow0(GroupSum(@param0, ['1'], max, 1), eqmax, 1), ['0'])
      --> ['SelectCol', ['SelectRow0', ['GroupSum', 'input@0', ['population'], 'max', 'population'], 'eqmax', 'COL0'], ['population']]
    # SelectCol(SelectRow0(GroupSum(@param0, ['1'], max, 1), eqmax, 1), ['1'])
      --> ['SelectCol', ['SelectRow0', ['GroupSum', 'input@0', ['population'], 'max', 'population'], 'eqmax', 'COL0'], ['COL0']]
    # SelectCol(SelectRow0(GroupSum(@param0, ['1'], max, 1), eqmax, 1), ['-99'])
      --> ['SelectCol', ['SelectRow0', ['GroupSum', 'input@0', ['population'], 'max', 'population'], 'eqmax', 'COL0'], ['COL0']]
    # SelectCol(SelectRow0(GroupSum(@param0, ['1'], max, 1), eqmax, 1), ['-1'])
      --> ['SelectCol', ['SelectRow0', ['GroupSum', 'input@0', ['population'], 'max', 'population'], 'eqmax', 'COL0'], ['population']]
    # SelectCol(SelectRow0(GroupSum(@param0, ['2'], max, 1), eqmax, 1), ['1'])
      --> ['SelectCol', ['SelectRow0', ['GroupSum', 'input@0', ['age_range'], 'max', 'population'], 'eqmax', 'COL0'], ['COL0']]
    # SelectCol(SelectRow0(GroupSum(@param0, ['2'], max, 1), eqmax, 1), ['-99'])
      --> ['SelectCol', ['SelectRow0', ['GroupSum', 'input@0', ['age_range'], 'max', 'population'], 'eqmax', 'COL0'], ['COL0']]
    # SelectCol(SelectRow0(GroupSum(@param0, ['3'], max, 1), eqmax, 1), ['1'])
      --> ['SelectCol', ['SelectRow0', ['GroupSum', 'input@0', ['color'], 'max', 'population'], 'eqmax', 'COL0'], ['COL0']]
    # SelectCol(SelectRow0(GroupSum(@param0, ['3'], max, 1), eqmax, 1), ['-99'])
      --> ['SelectCol', ['SelectRow0', ['GroupSum', 'input@0', ['color'], 'max', 'population'], 'eqmax', 'COL0'], ['COL0']]
    # SelectCol(SelectRow0(GroupSum(@param0, ['0', '1'], max, 1), eqmax, 1), ['1'])
      --> ['SelectCol', ['SelectRow0', ['GroupSum', 'input@0', ['State', 'population'], 'max', 'population'], 'eqmax', 'population'], ['population']]
    # SelectCol(SelectRow0(GroupSum(@param0, ['0', '1'], max, 1), eqmax, 1), ['2'])
      --> ['SelectCol', ['SelectRow0', ['GroupSum', 'input@0', ['State', 'population'], 'max', 'population'], 'eqmax', 'population'], ['COL0']]
    # SelectCol(SelectRow0(GroupSum(@param0, ['0', '1'], max, 1), eqmax, 1), ['-99', '-1'])
      --> ['SelectCol', ['SelectRow0', ['GroupSum', 'input@0', ['State', 'population'], 'max', 'population'], 'eqmax', 'population'], ['COL0']]
    # SelectCol(SelectRow0(GroupSum(@param0, ['0', '1'], max, 1), eqmax, 1), ['-99', '-2'])
      --> ['SelectCol', ['SelectRow0', ['GroupSum', 'input@0', ['State', 'population'], 'max', 'population'], 'eqmax', 'population'], ['population']]
    # SelectCol(SelectRow0(GroupSum(@param0, ['0', '1'], max, 1), eqmax, 2), ['1'])
      --> ['SelectCol', ['SelectRow0', ['GroupSum', 'input@0', ['State', 'population'], 'max', 'population'], 'eqmax', 'COL0'], ['population']]
    # SelectCol(SelectRow0(GroupSum(@param0, ['0', '1'], max, 1), eqmax, 2), ['2'])
      --> ['SelectCol', ['SelectRow0', ['GroupSum', 'input@0', ['State', 'population'], 'max', 'population'], 'eqmax', 'COL0'], ['COL0']]
    # SelectCol(SelectRow0(GroupSum(@param0, ['0', '1'], max, 1), eqmax, 2), ['-99', '-1'])
      --> ['SelectCol', ['SelectRow0', ['GroupSum', 'input@0', ['State', 'population'], 'max', 'population'], 'eqmax', 'COL0'], ['COL0']]
    # SelectCol(SelectRow0(GroupSum(@param0, ['0', '1'], max, 1), eqmax, 2), ['-99', '-2'])
      --> ['SelectCol', ['SelectRow0', ['GroupSum', 'input@0', ['State', 'population'], 'max', 'population'], 'eqmax', 'COL0'], ['population']]
    # SelectCol(SelectRow0(GroupSum(@param0, ['0', '2'], max, 1), eqmax, 2), ['2'])
      --> ['SelectCol', ['SelectRow0', ['GroupSum', 'input@0', ['State', 'age_range'], 'max', 'population'], 'eqmax', 'COL0'], ['COL0']]
    # SelectCol(SelectRow0(GroupSum(@param0, ['0', '2'], max, 1), eqmax, 2), ['-99', '-1'])
      --> ['SelectCol', ['SelectRow0', ['GroupSum', 'input@0', ['State', 'age_range'], 'max', 'population'], 'eqmax', 'COL0'], ['COL0']]
    # SelectCol(SelectRow0(GroupSum(@param0, ['0', '3'], max, 1), eqmax, 2), ['2'])
      --> ['SelectCol', ['SelectRow0', ['GroupSum', 'input@0', ['State', 'color'], 'max', 'population'], 'eqmax', 'COL0'], ['COL0']]
    # SelectCol(SelectRow0(GroupSum(@param0, ['0', '3'], max, 1), eqmax, 2), ['-99', '-1'])
      --> ['SelectCol', ['SelectRow0', ['GroupSum', 'input@0', ['State', 'color'], 'max', 'population'], 'eqmax', 'COL0'], ['COL0']]
    # SelectCol(SelectRow0(GroupSum(@param0, ['1', '2'], max, 1), eqmax, 0), ['0'])
      --> ['SelectCol', ['SelectRow0', ['GroupSum', 'input@0', ['population', 'age_range'], 'max', 'population'], 'eqmax', 'population'], ['population']]
    # SelectCol(SelectRow0(GroupSum(@param0, ['1', '2'], max, 1), eqmax, 0), ['2'])
      --> ['SelectCol', ['SelectRow0', ['GroupSum', 'input@0', ['population', 'age_range'], 'max', 'population'], 'eqmax', 'population'], ['COL0']]
    # SelectCol(SelectRow0(GroupSum(@param0, ['1', '2'], max, 1), eqmax, 0), ['-99', '-1'])
      --> ['SelectCol', ['SelectRow0', ['GroupSum', 'input@0', ['population', 'age_range'], 'max', 'population'], 'eqmax', 'population'], ['COL0']]
    # SelectCol(SelectRow0(GroupSum(@param0, ['1', '2'], max, 1), eqmax, 0), ['-1', '-2'])
      --> ['SelectCol', ['SelectRow0', ['GroupSum', 'input@0', ['population', 'age_range'], 'max', 'population'], 'eqmax', 'population'], ['population']]
    # SelectCol(SelectRow0(GroupSum(@param0, ['1', '2'], max, 1), eqmax, 2), ['0'])
      --> ['SelectCol', ['SelectRow0', ['GroupSum', 'input@0', ['population', 'age_range'], 'max', 'population'], 'eqmax', 'COL0'], ['population']]
    # SelectCol(SelectRow0(GroupSum(@param0, ['1', '2'], max, 1), eqmax, 2), ['2'])
      --> ['SelectCol', ['SelectRow0', ['GroupSum', 'input@0', ['population', 'age_range'], 'max', 'population'], 'eqmax', 'COL0'], ['COL0']]
    # SelectCol(SelectRow0(GroupSum(@param0, ['1', '2'], max, 1), eqmax, 2), ['-99', '-1'])
      --> ['SelectCol', ['SelectRow0', ['GroupSum', 'input@0', ['population', 'age_range'], 'max', 'population'], 'eqmax', 'COL0'], ['COL0']]
    # SelectCol(SelectRow0(GroupSum(@param0, ['1', '2'], max, 1), eqmax, 2), ['-1', '-2'])
      --> ['SelectCol', ['SelectRow0', ['GroupSum', 'input@0', ['population', 'age_range'], 'max', 'population'], 'eqmax', 'COL0'], ['population']]
    # SelectCol(SelectRow0(GroupSum(@param0, ['1', '3'], max, 1), eqmax, 0), ['0'])
      --> ['SelectCol', ['SelectRow0', ['GroupSum', 'input@0', ['population', 'color'], 'max', 'population'], 'eqmax', 'population'], ['population']]
    # SelectCol(SelectRow0(GroupSum(@param0, ['1', '3'], max, 1), eqmax, 0), ['2'])
      --> ['SelectCol', ['SelectRow0', ['GroupSum', 'input@0', ['population', 'color'], 'max', 'population'], 'eqmax', 'population'], ['COL0']]
    # SelectCol(SelectRow0(GroupSum(@param0, ['1', '3'], max, 1), eqmax, 0), ['-99', '-1'])
      --> ['SelectCol', ['SelectRow0', ['GroupSum', 'input@0', ['population', 'color'], 'max', 'population'], 'eqmax', 'population'], ['COL0']]
    # SelectCol(SelectRow0(GroupSum(@param0, ['1', '3'], max, 1), eqmax, 0), ['-1', '-2'])
      --> ['SelectCol', ['SelectRow0', ['GroupSum', 'input@0', ['population', 'color'], 'max', 'population'], 'eqmax', 'population'], ['population']]
    # SelectCol(SelectRow0(GroupSum(@param0, ['1', '3'], max, 1), eqmax, 2), ['0'])
      --> ['SelectCol', ['SelectRow0', ['GroupSum', 'input@0', ['population', 'color'], 'max', 'population'], 'eqmax', 'COL0'], ['population']]
    # SelectCol(SelectRow0(GroupSum(@param0, ['1', '3'], max, 1), eqmax, 2), ['2'])
      --> ['SelectCol', ['SelectRow0', ['GroupSum', 'input@0', ['population', 'color'], 'max', 'population'], 'eqmax', 'COL0'], ['COL0']]
    # SelectCol(SelectRow0(GroupSum(@param0, ['1', '3'], max, 1), eqmax, 2), ['-99', '-1'])
      --> ['SelectCol', ['SelectRow0', ['GroupSum', 'input@0', ['population', 'color'], 'max', 'population'], 'eqmax', 'COL0'], ['COL0']]
    # SelectCol(SelectRow0(GroupSum(@param0, ['1', '3'], max, 1), eqmax, 2), ['-1', '-2'])
      --> ['SelectCol', ['SelectRow0', ['GroupSum', 'input@0', ['population', 'color'], 'max', 'population'], 'eqmax', 'COL0'], ['population']]
    # SelectCol(SelectRow0(GroupSum(@param0, ['2', '3'], max, 1), eqmax, 2), ['2'])
      --> ['SelectCol', ['SelectRow0', ['GroupSum', 'input@0', ['age_range', 'color'], 'max', 'population'], 'eqmax', 'COL0'], ['COL0']]
    # SelectCol(SelectRow0(GroupSum(@param0, ['2', '3'], max, 1), eqmax, 2), ['-99', '-1'])
      --> ['SelectCol', ['SelectRow0', ['GroupSum', 'input@0', ['age_range', 'color'], 'max', 'population'], 'eqmax', 'COL0'], ['COL0']]
    # Summarize(SelectRow1(@param0, ==, 2, 25 to 44 Years@Str), max, 1)
      --> ['Summarize', ['SelectRow1', 'input@0', '==', 'age_range', '25 to 44 Years'], 'max', 'population']
    # SelectCol(SelectRow0(@param0, eqmax, 1), ['1'])
      --> ['SelectCol', ['SelectRow0', 'input@0', 'eqmax', 'population'], ['population']]
    # Summarize(@param0, max, 1)
      --> ['Summarize', 'input@0', 'max', 'population']
    # SelectCol(SelectRow0(SelectRow1(SelectRow1(@param0, ==, 2, 25 to 44 Years@Str), ==, 2, 25 to 44 Years@Str), eqmax, 1), ['1'])
      --> ['SelectCol', ['SelectRow0', ['SelectRow1', ['SelectRow1', 'input@0', '==', 'age_range', '25 to 44 Years'], '==', 'age_range', '25 to 44 Years'], 'eqmax', 'population'], ['population']]
# (t=191.62) fallback i=2, candidate=[{'ANSWER': 1140516}]
  # found 0 program(s)
# (t=218.87) fallback i=3, candidate=[{'ANSWER': 1203944}]
  # found 0 program(s)
# (t=246.33) fallback i=4, candidate=[{'ANSWER': 1208495}]
  # found 0 program(s)
# (t=273.87) fallback i=5, candidate=[{'ANSWER': 1311479}]
---------- timeout ----------

# ========== review report ========== #
# top-1, score: 1.62, answer: [10604510]
  # tprog: Summarize(SelectRow1(@param0, ==, 2, 25 to 44 Years@Str), max, 1)
# top-2, score: 1.60, answer: [10604510]
  # tprog: SelectCol(SelectRow0(SelectRow1(@param0, ==, 2, 25 to 44 Years@Str), eqmax, 1), ['1'])
# top-3, score: 1.57, answer: [10604510]
  # tprog: SelectCol(SelectRow0(SelectRow1(SelectRow1(@param0, ==, 2, 25 to 44 Years@Str), ==, 2, 25 to 44 Years@Str), eqmax, 1), ['1'])
# top-4, score: 1.42, answer: [10604510]
  # tprog: Summarize(@param0, max, 1)
# top-5, score: 1.35, answer: [10604510]
  # tprog: SelectCol(SelectRow0(GroupSum(@param0, ['0'], max, 1), eqmax, 1), ['1'])
# top-6, score: 1.35, answer: [10604510]
  # tprog: SelectCol(SelectRow0(GroupSum(@param0, ['0'], max, 1), eqmax, 1), ['-99'])
# top-7, score: 1.34, answer: [10604510]
  # tprog: SelectCol(SelectRow0(GroupSum(@param0, ['0', '1'], max, 1), eqmax, 1), ['1'])
# top-8, score: 1.34, answer: [10604510]
  # tprog: SelectCol(SelectRow0(GroupSum(@param0, ['0', '1'], max, 1), eqmax, 1), ['2'])
# top-9, score: 1.34, answer: [10604510]
  # tprog: SelectCol(SelectRow0(GroupSum(@param0, ['0', '1'], max, 1), eqmax, 1), ['-99', '-1'])
# top-10, score: 1.34, answer: [10604510]
  # tprog: SelectCol(SelectRow0(GroupSum(@param0, ['0', '1'], max, 1), eqmax, 1), ['-99', '-2'])
# top-11, score: 1.34, answer: [10604510]
  # tprog: SelectCol(SelectRow0(GroupSum(@param0, ['0', '1'], max, 1), eqmax, 2), ['1'])
# top-12, score: 1.34, answer: [10604510]
  # tprog: SelectCol(SelectRow0(GroupSum(@param0, ['0', '1'], max, 1), eqmax, 2), ['2'])
# top-13, score: 1.34, answer: [10604510]
  # tprog: SelectCol(SelectRow0(GroupSum(@param0, ['0', '1'], max, 1), eqmax, 2), ['-99', '-1'])
# top-14, score: 1.34, answer: [10604510]
  # tprog: SelectCol(SelectRow0(GroupSum(@param0, ['0', '1'], max, 1), eqmax, 2), ['-99', '-2'])
# top-15, score: 1.34, answer: [10604510]
  # tprog: SelectCol(SelectRow0(GroupSum(@param0, ['0', '2'], max, 1), eqmax, 2), ['2'])
# top-16, score: 1.34, answer: [10604510]
  # tprog: SelectCol(SelectRow0(GroupSum(@param0, ['0', '2'], max, 1), eqmax, 2), ['-99', '-1'])
# top-17, score: 1.34, answer: [10604510]
  # tprog: SelectCol(SelectRow0(GroupSum(@param0, ['0', '3'], max, 1), eqmax, 2), ['2'])
# top-18, score: 1.34, answer: [10604510]
  # tprog: SelectCol(SelectRow0(GroupSum(@param0, ['0', '3'], max, 1), eqmax, 2), ['-99', '-1'])
# top-19, score: 1.33, answer: [10604510]
  # tprog: SelectCol(SelectRow0(@param0, eqmax, 1), ['1'])
# top-20, score: 1.27, answer: [10604510]
  # tprog: SelectCol(SelectRow0(GroupSum(@param0, ['1'], max, 1), eqmax, 0), ['0'])
# top-21, score: 1.27, answer: [10604510]
  # tprog: SelectCol(SelectRow0(GroupSum(@param0, ['1'], max, 1), eqmax, 0), ['1'])
# top-22, score: 1.27, answer: [10604510]
  # tprog: SelectCol(SelectRow0(GroupSum(@param0, ['1'], max, 1), eqmax, 0), ['-99'])
# top-23, score: 1.27, answer: [10604510]
  # tprog: SelectCol(SelectRow0(GroupSum(@param0, ['1'], max, 1), eqmax, 0), ['-1'])
# top-24, score: 1.27, answer: [10604510]
  # tprog: SelectCol(SelectRow0(GroupSum(@param0, ['1'], max, 1), eqmax, 1), ['0'])
# top-25, score: 1.27, answer: [10604510]
  # tprog: SelectCol(SelectRow0(GroupSum(@param0, ['1'], max, 1), eqmax, 1), ['1'])
# top-26, score: 1.27, answer: [10604510]
  # tprog: SelectCol(SelectRow0(GroupSum(@param0, ['1'], max, 1), eqmax, 1), ['-99'])
# top-27, score: 1.27, answer: [10604510]
  # tprog: SelectCol(SelectRow0(GroupSum(@param0, ['1'], max, 1), eqmax, 1), ['-1'])
# top-28, score: 1.27, answer: [10604510]
  # tprog: SelectCol(SelectRow0(GroupSum(@param0, ['2'], max, 1), eqmax, 1), ['1'])
# top-29, score: 1.27, answer: [10604510]
  # tprog: SelectCol(SelectRow0(GroupSum(@param0, ['2'], max, 1), eqmax, 1), ['-99'])
# top-30, score: 1.27, answer: [10604510]
  # tprog: SelectCol(SelectRow0(GroupSum(@param0, ['3'], max, 1), eqmax, 1), ['1'])
# top-31, score: 1.27, answer: [10604510]
  # tprog: SelectCol(SelectRow0(GroupSum(@param0, ['3'], max, 1), eqmax, 1), ['-99'])
# top-32, score: 1.26, answer: [10604510]
  # tprog: SelectCol(SelectRow0(GroupSum(@param0, ['1', '2'], max, 1), eqmax, 0), ['0'])
# top-33, score: 1.26, answer: [10604510]
  # tprog: SelectCol(SelectRow0(GroupSum(@param0, ['1', '2'], max, 1), eqmax, 0), ['2'])
# top-34, score: 1.26, answer: [10604510]
  # tprog: SelectCol(SelectRow0(GroupSum(@param0, ['1', '2'], max, 1), eqmax, 0), ['-99', '-1'])
# top-35, score: 1.26, answer: [10604510]
  # tprog: SelectCol(SelectRow0(GroupSum(@param0, ['1', '2'], max, 1), eqmax, 0), ['-1', '-2'])
# top-36, score: 1.26, answer: [10604510]
  # tprog: SelectCol(SelectRow0(GroupSum(@param0, ['1', '2'], max, 1), eqmax, 2), ['0'])
# top-37, score: 1.26, answer: [10604510]
  # tprog: SelectCol(SelectRow0(GroupSum(@param0, ['1', '2'], max, 1), eqmax, 2), ['2'])
# top-38, score: 1.26, answer: [10604510]
  # tprog: SelectCol(SelectRow0(GroupSum(@param0, ['1', '2'], max, 1), eqmax, 2), ['-99', '-1'])
# top-39, score: 1.26, answer: [10604510]
  # tprog: SelectCol(SelectRow0(GroupSum(@param0, ['1', '2'], max, 1), eqmax, 2), ['-1', '-2'])
# top-40, score: 1.26, answer: [10604510]
  # tprog: SelectCol(SelectRow0(GroupSum(@param0, ['1', '3'], max, 1), eqmax, 0), ['0'])
# top-41, score: 1.26, answer: [10604510]
  # tprog: SelectCol(SelectRow0(GroupSum(@param0, ['1', '3'], max, 1), eqmax, 0), ['2'])
# top-42, score: 1.26, answer: [10604510]
  # tprog: SelectCol(SelectRow0(GroupSum(@param0, ['1', '3'], max, 1), eqmax, 0), ['-99', '-1'])
# top-43, score: 1.26, answer: [10604510]
  # tprog: SelectCol(SelectRow0(GroupSum(@param0, ['1', '3'], max, 1), eqmax, 0), ['-1', '-2'])
# top-44, score: 1.26, answer: [10604510]
  # tprog: SelectCol(SelectRow0(GroupSum(@param0, ['1', '3'], max, 1), eqmax, 2), ['0'])
# top-45, score: 1.26, answer: [10604510]
  # tprog: SelectCol(SelectRow0(GroupSum(@param0, ['1', '3'], max, 1), eqmax, 2), ['2'])
# top-46, score: 1.26, answer: [10604510]
  # tprog: SelectCol(SelectRow0(GroupSum(@param0, ['1', '3'], max, 1), eqmax, 2), ['-99', '-1'])
# top-47, score: 1.26, answer: [10604510]
  # tprog: SelectCol(SelectRow0(GroupSum(@param0, ['1', '3'], max, 1), eqmax, 2), ['-1', '-2'])
# top-48, score: 1.26, answer: [10604510]
  # tprog: SelectCol(SelectRow0(GroupSum(@param0, ['2', '3'], max, 1), eqmax, 2), ['2'])
# top-49, score: 1.26, answer: [10604510]
  # tprog: SelectCol(SelectRow0(GroupSum(@param0, ['2', '3'], max, 1), eqmax, 2), ['-99', '-1'])
