# parsed arguments: Namespace(benchmark='Q22854', dsl='meta_visqa', skeletons='visqa_normal', strategy='TaPas_C', fallback='auto', timeout=300, mode='full', expected_only=False)
# loading benchmark...
# table keywords: {'33', 'chinese', 'indian', 'public', '15', 'percentage', '30', '55', 'blue', '39', 'color', '57', 'population', 'japanese', 'americans'}
# input type: [dtype('O'), dtype('int64'), dtype('O')]
# input is:
           population  percentage color
0    Indian Americans          55  blue
1       Indian public          30  blue
2   Chinese Americans          57  blue
3      Chinese public          39  blue
4  Japanese Americans          33  blue
5     Japanese public          15  blue
# query is: what is the percentage of the japanese public?
# expected output type:[dtype('int64')]
# expected output is:
   ANSWER
0      15
# inferred DSL terminals:
  # ConstVal: ['Japanese Americans@Str', 'Japanese public@Str', 'percentage@Str', 'Indian public@Str', 'Chinese public@Str', '<NULL>']
     # cmap: [('percentage', 'percentage'), ('public', 'Chinese public'), ('public', 'Japanese public'), ('public', 'Indian public'), ('japanese', 'Japanese Americans'), ('japanese', 'Japanese public')]
  # AggrFunc: ['<NULL>']
     # amap: []
  # NumFunc: ['<NULL>']
     # nmap: []
  # BoolFunc: ['==', '<NULL>']
     # bmap: [(None, '==')]
  # IndFunc: ['<NULL>']
     # imap: []
# loading skeleton list...

# ========== candidate program report ========== #
# (t=0.00) i=0, candidate=[{'ANSWER': 15}]
  # found 2 program(s)
    # SelectCol(SelectRow1(@param0, ==, 0, Japanese public@Str), ['1'])
      --> ['SelectCol', ['SelectRow1', 'input@0', '==', 'population', 'Japanese public'], ['percentage']]
    # SelectCol(SelectRow1(@param0, ==, 0, Japanese public@Str), ['-99', '-2'])
      --> ['SelectCol', ['SelectRow1', 'input@0', '==', 'population', 'Japanese public'], ['percentage']]
# (t=2.75) i=1, candidate=[{'ANSWER': 33}]
  # found 2 program(s)
    # SelectCol(SelectRow1(@param0, ==, 0, Japanese Americans@Str), ['1'])
      --> ['SelectCol', ['SelectRow1', 'input@0', '==', 'population', 'Japanese Americans'], ['percentage']]
    # SelectCol(SelectRow1(@param0, ==, 0, Japanese Americans@Str), ['-99', '-2'])
      --> ['SelectCol', ['SelectRow1', 'input@0', '==', 'population', 'Japanese Americans'], ['percentage']]
# (t=5.50) i=2, candidate=[{'ANSWER': 39}]
  # found 2 program(s)
    # SelectCol(SelectRow1(@param0, ==, 0, Chinese public@Str), ['1'])
      --> ['SelectCol', ['SelectRow1', 'input@0', '==', 'population', 'Chinese public'], ['percentage']]
    # SelectCol(SelectRow1(@param0, ==, 0, Chinese public@Str), ['-99', '-2'])
      --> ['SelectCol', ['SelectRow1', 'input@0', '==', 'population', 'Chinese public'], ['percentage']]
# (t=8.25) i=3, candidate=[{'ANSWER': 30}]
  # found 2 program(s)
    # SelectCol(SelectRow1(@param0, ==, 0, Indian public@Str), ['1'])
      --> ['SelectCol', ['SelectRow1', 'input@0', '==', 'population', 'Indian public'], ['percentage']]
    # SelectCol(SelectRow1(@param0, ==, 0, Indian public@Str), ['-99', '-2'])
      --> ['SelectCol', ['SelectRow1', 'input@0', '==', 'population', 'Indian public'], ['percentage']]

# ========== review report ========== #
# top-1, score: 2.52, answer: [15]
  # tprog: SelectCol(SelectRow1(@param0, ==, 0, Japanese public@Str), ['1'])
# top-2, score: 2.52, answer: [15]
  # tprog: SelectCol(SelectRow1(@param0, ==, 0, Japanese public@Str), ['-99', '-2'])
# top-3, score: 1.39, answer: [33]
  # tprog: SelectCol(SelectRow1(@param0, ==, 0, Japanese Americans@Str), ['1'])
# top-4, score: 1.39, answer: [33]
  # tprog: SelectCol(SelectRow1(@param0, ==, 0, Japanese Americans@Str), ['-99', '-2'])
# top-5, score: 1.39, answer: [39]
  # tprog: SelectCol(SelectRow1(@param0, ==, 0, Chinese public@Str), ['1'])
# top-6, score: 1.39, answer: [39]
  # tprog: SelectCol(SelectRow1(@param0, ==, 0, Chinese public@Str), ['-99', '-2'])
# top-7, score: 1.39, answer: [30]
  # tprog: SelectCol(SelectRow1(@param0, ==, 0, Indian public@Str), ['1'])
# top-8, score: 1.39, answer: [30]
  # tprog: SelectCol(SelectRow1(@param0, ==, 0, Indian public@Str), ['-99', '-2'])
