# parsed arguments: Namespace(benchmark='Q4c64f', dsl='meta_visqa', skeletons='visqa_normal', strategy='TaPas_C', fallback='auto', timeout=300, mode='full', expected_only=False)
# loading benchmark...
# table keywords: {'belgium', 'blue', 'ireland', '0.0005', '0.0011', 'japan', '0.0001', 'kuwait', 'gdp', 'netherlands', 'norway', 'us', '1e-05', 'germany', '0.0006', 'color', 'finland', 'donations', 'china', 'generous', 'by', '0.0008', 'estonia', '0.0004', 'country', '0.0003'}
# input type: [dtype('O'), dtype('float64'), dtype('O')]
# input is:
        Country  Generous donations by GDP color
0        Norway                    0.00110  blue
1        Kuwait                    0.00110  blue
2   Netherlands                    0.00080  blue
3       Ireland                    0.00060  blue
4       Estonia                    0.00060  blue
5       Finland                    0.00050  blue
6         Japan                    0.00040  blue
7            US                    0.00040  blue
8       Belgium                    0.00030  blue
9       Germany                    0.00010  blue
10        China                    0.00001  blue
# query is: How much Does the Netherlands give out in GDP?
# expected output type:[dtype('float64')]
# expected output is:
   ANSWER
0  0.0008
# inferred DSL terminals:
  # ConstVal: ['Generous donations by GDP@Str', 'Netherlands@Str', '<NULL>']
     # cmap: [('gdp', 'Generous donations by GDP'), ('netherlands', 'Netherlands')]
  # AggrFunc: ['<NULL>']
     # amap: []
  # NumFunc: ['<NULL>']
     # nmap: []
  # BoolFunc: ['==', '<NULL>']
     # bmap: [(None, '==')]
  # IndFunc: ['<NULL>']
     # imap: []
# loading skeleton list...

# ========== candidate program report ========== #
# (t=0.00) i=0, candidate=[{'ANSWER': 0.0008}]
  # found 2 program(s)
    # SelectCol(SelectRow1(@param0, ==, 0, Netherlands@Str), ['1'])
      --> ['SelectCol', ['SelectRow1', 'input@0', '==', 'Country', 'Netherlands'], ['Generous donations by GDP']]
    # SelectCol(SelectRow1(@param0, ==, 0, Netherlands@Str), ['-99', '-2'])
      --> ['SelectCol', ['SelectRow1', 'input@0', '==', 'Country', 'Netherlands'], ['Generous donations by GDP']]
# (t=0.47) i=1, candidate=[{'ANSWER': 0.0016}]
  # found 0 program(s)
# (t=0.82) i=2, candidate=[{'ANSWER': 0.0014}]
  # found 0 program(s)
# (t=1.16) i=3, candidate=[{'ANSWER': 0.0009000000000000001}]
  # found 0 program(s)
# (t=1.51) i=4, candidate=[{'ANSWER': 0.0008100000000000001}]
  # found 0 program(s)
# (t=1.86) i=5, candidate=[{'ANSWER': 0.0019000000000000002}]
  # found 0 program(s)
# (t=2.21) i=6, candidate=[{'ANSWER': 0.0006}]
  # found 0 program(s)
# (t=2.67) i=7, candidate=[{'ANSWER': 0.0012}]
  # found 0 program(s)
# (t=3.02) i=8, candidate=[{'ANSWER': 0.0007}]
  # found 0 program(s)
# (t=3.36) i=9, candidate=[{'ANSWER': 0.00061}]
  # found 0 program(s)
# (t=3.72) i=10, candidate=[{'ANSWER': 0.0017000000000000001}]
  # found 0 program(s)
# (t=4.06) i=11, candidate=[{'ANSWER': 0.0009}]
  # found 0 program(s)
# (t=4.41) i=12, candidate=[{'ANSWER': 0.0001}]
  # found 0 program(s)
# (t=4.87) i=13, candidate=[{'ANSWER': 0.0002}]
  # found 0 program(s)
# (t=5.22) i=14, candidate=[{'ANSWER': 0.00011}]
  # found 0 program(s)
# (t=5.57) i=15, candidate=[{'ANSWER': 0.0012000000000000001}]
  # found 0 program(s)
# (t=5.92) i=16, candidate=[{'ANSWER': 0.00039999999999999996}]
  # found 0 program(s)
# (t=6.27) i=17, candidate=[{'ANSWER': 1e-05}]
  # found 0 program(s)
# (t=6.73) i=18, candidate=[{'ANSWER': 2e-05}]
  # found 0 program(s)
# (t=7.08) i=19, candidate=[{'ANSWER': 0.00111}]
  # found 0 program(s)
# (t=7.43) i=20, candidate=[{'ANSWER': 0.00031}]
  # found 0 program(s)
# (t=7.78) i=21, candidate=[{'ANSWER': 0.0011}]
  # found 0 program(s)
# (t=8.24) i=22, candidate=[{'ANSWER': 0.0022}]
  # found 0 program(s)
# (t=8.59) i=23, candidate=[{'ANSWER': 0.0003}]
  # found 0 program(s)

# ========== review report ========== #
# top-1, score: 2.37, answer: [0.0008]
  # tprog: SelectCol(SelectRow1(@param0, ==, 0, Netherlands@Str), ['1'])
# top-2, score: 2.37, answer: [0.0008]
  # tprog: SelectCol(SelectRow1(@param0, ==, 0, Netherlands@Str), ['-99', '-2'])
