# parsed arguments: Namespace(benchmark='Q55c9b', dsl='meta_visqa', skeletons='visqa_normal', strategy='TaPas_C', fallback='auto', timeout=300, mode='full', expected_only=False)
# loading benchmark...
# table keywords: {'27', 'race', 'blue', 'american', 'african', 'percent', '57', 'color', '25', 'white', 'latino'}
# input type: [dtype('O'), dtype('int64'), dtype('O')]
# input is:
               Race  Percent color
0             White       57  blue
1            Latino       27  blue
2  African American       25  blue
# query is: How much more percentage do Latino's average above African Americans?
# expected output type:[dtype('int64')]
# expected output is:
   ANSWER
0       2
# inferred DSL terminals:
  # ConstVal: ['African American@Str', 'Latino@Str', 'Percent@Str', '<NULL>']
     # cmap: [('african', 'African American'), ('latino', 'Latino'), ('percentage', 'Percent')]
  # AggrFunc: ['mean', '<NULL>']
     # amap: [('average', 'mean')]
  # NumFunc: ['-', '<NULL>']
     # nmap: [('more', '-')]
  # BoolFunc: ['>', '>=', '==', '<NULL>']
     # bmap: [(None, '=='), ('more', '>='), ('more', '>')]
  # IndFunc: ['<NULL>']
     # imap: []
# ====> fallback strategy (comparison) is triggered
  # [debug] high_values: [(2, 4), (-2, 4)]
  # [debug] high_values (no dup.): [(2, 4), (-2, 4)]
  # [debug] filtered low_values (no dup.): [(32, 2), (30, 2), (-30, 2), (-32, 2)]
  # [debug] fallback (comparison) answers are added
# loading skeleton list...

# ========== candidate program report ========== #
# (t=0.00) i=0, candidate=[{'ANSWER': 1}]
  # found 0 program(s)
# (t=1.55) i=1, candidate=[{'ANSWER': 2}]
  # found 1 program(s)
    # Contrast(@param0, -, 0, Latino@Str, African American@Str, 1)
      --> ['Contrast', 'input@0', '-', 'Race', 'Latino', 'African American', 'Percent']
# (t=3.11) i=2, candidate=[{'ANSWER': -2}]
  # found 1 program(s)
    # Contrast(@param0, -, 0, African American@Str, Latino@Str, 1)
      --> ['Contrast', 'input@0', '-', 'Race', 'African American', 'Latino', 'Percent']
# (t=4.66) i=3, candidate=[{'ANSWER': 32}]
  # found 0 program(s)
# (t=6.21) i=4, candidate=[{'ANSWER': 30}]
  # found 0 program(s)
# (t=7.73) i=5, candidate=[{'ANSWER': -30}]
  # found 0 program(s)
# (t=9.25) i=6, candidate=[{'ANSWER': -32}]
  # found 0 program(s)

# ========== review report ========== #
# top-1, score: 2.51, answer: [2]
  # tprog: Contrast(@param0, -, 0, Latino@Str, African American@Str, 1)
# top-2, score: 2.51, answer: [-2]
  # tprog: Contrast(@param0, -, 0, African American@Str, Latino@Str, 1)
