# parsed arguments: Namespace(benchmark='Q586fa', dsl='meta_visqa', skeletons='visqa_normal', strategy='TaPas_C', fallback='auto', timeout=300, mode='full', expected_only=False)
# loading benchmark...
# table keywords: {'46', 'salvador', '61', 'costa', 'nicaragua', '182', 'honduras', 'color', 'amphibians', '101', 'country', '183', '133', 'guatemala', 'el', '30', 'blue', 'panama', 'rica', 'belize'}
# input type: [dtype('O'), dtype('int64'), dtype('O')]
# input is:
       Country  Amphibians color
0       Belize          46  blue
1   Costa Rica         183  blue
2  El Salvador          30  blue
3    Guatemala         133  blue
4     Honduras         101  blue
5    Nicaragua          61  blue
6       Panama         182  blue
# query is: Which country has the highest amount of Amphibians?
# expected output type:[dtype('O')]
# expected output is:
       ANSWER
0  Costa Rica
# inferred DSL terminals:
  # ConstVal: ['Amphibians@Str', 'Country@Str', '<NULL>']
     # cmap: [('amphibians', 'Amphibians'), ('country', 'Country')]
  # AggrFunc: ['max', '<NULL>']
     # amap: [('highest', 'max')]
  # NumFunc: ['<NULL>']
     # nmap: []
  # BoolFunc: ['==', '<NULL>']
     # bmap: [(None, '==')]
  # IndFunc: ['eqmax', '<NULL>']
     # imap: [('highest', 'eqmax')]
# loading skeleton list...

# ========== candidate program report ========== #
# (t=0.00) i=0, candidate=[{'ANSWER': 'Costa Rica'}]
  # found 10 program(s)
    # SelectCol(SelectRow0(GroupSum(@param0, ['0'], max, 1), eqmax, 1), ['0'])
      --> ['SelectCol', ['SelectRow0', ['GroupSum', 'input@0', ['Country'], 'max', 'Amphibians'], 'eqmax', 'COL0'], ['Country']]
    # SelectCol(SelectRow0(GroupSum(@param0, ['0'], max, 1), eqmax, 1), ['-1'])
      --> ['SelectCol', ['SelectRow0', ['GroupSum', 'input@0', ['Country'], 'max', 'Amphibians'], 'eqmax', 'COL0'], ['Country']]
    # SelectCol(SelectRow0(GroupSum(@param0, ['0', '1'], max, 1), eqmax, 1), ['0'])
      --> ['SelectCol', ['SelectRow0', ['GroupSum', 'input@0', ['Country', 'Amphibians'], 'max', 'Amphibians'], 'eqmax', 'Amphibians'], ['Country']]
    # SelectCol(SelectRow0(GroupSum(@param0, ['0', '1'], max, 1), eqmax, 1), ['-1', '-2'])
      --> ['SelectCol', ['SelectRow0', ['GroupSum', 'input@0', ['Country', 'Amphibians'], 'max', 'Amphibians'], 'eqmax', 'Amphibians'], ['Country']]
    # SelectCol(SelectRow0(GroupSum(@param0, ['0', '1'], max, 1), eqmax, 2), ['0'])
      --> ['SelectCol', ['SelectRow0', ['GroupSum', 'input@0', ['Country', 'Amphibians'], 'max', 'Amphibians'], 'eqmax', 'COL0'], ['Country']]
    # SelectCol(SelectRow0(GroupSum(@param0, ['0', '1'], max, 1), eqmax, 2), ['-1', '-2'])
      --> ['SelectCol', ['SelectRow0', ['GroupSum', 'input@0', ['Country', 'Amphibians'], 'max', 'Amphibians'], 'eqmax', 'COL0'], ['Country']]
    # SelectCol(SelectRow0(GroupSum(@param0, ['0', '2'], max, 1), eqmax, 2), ['0'])
      --> ['SelectCol', ['SelectRow0', ['GroupSum', 'input@0', ['Country', 'color'], 'max', 'Amphibians'], 'eqmax', 'COL0'], ['Country']]
    # SelectCol(SelectRow0(GroupSum(@param0, ['0', '2'], max, 1), eqmax, 2), ['-1', '-2'])
      --> ['SelectCol', ['SelectRow0', ['GroupSum', 'input@0', ['Country', 'color'], 'max', 'Amphibians'], 'eqmax', 'COL0'], ['Country']]
    # SelectCol(SelectRow0(@param0, eqmax, 1), ['0'])
      --> ['SelectCol', ['SelectRow0', 'input@0', 'eqmax', 'Amphibians'], ['Country']]
    # SelectCol(SelectRow0(@param0, eqmax, 1), ['-1', '-2'])
      --> ['SelectCol', ['SelectRow0', 'input@0', 'eqmax', 'Amphibians'], ['Country']]

# ========== review report ========== #
# top-1, score: 1.54, answer: ['Costa Rica']
  # tprog: SelectCol(SelectRow0(@param0, eqmax, 1), ['0'])
# top-2, score: 1.54, answer: ['Costa Rica']
  # tprog: SelectCol(SelectRow0(@param0, eqmax, 1), ['-1', '-2'])
# top-3, score: 1.48, answer: ['Costa Rica']
  # tprog: SelectCol(SelectRow0(GroupSum(@param0, ['0'], max, 1), eqmax, 1), ['0'])
# top-4, score: 1.48, answer: ['Costa Rica']
  # tprog: SelectCol(SelectRow0(GroupSum(@param0, ['0'], max, 1), eqmax, 1), ['-1'])
# top-5, score: 1.47, answer: ['Costa Rica']
  # tprog: SelectCol(SelectRow0(GroupSum(@param0, ['0', '1'], max, 1), eqmax, 1), ['0'])
# top-6, score: 1.47, answer: ['Costa Rica']
  # tprog: SelectCol(SelectRow0(GroupSum(@param0, ['0', '1'], max, 1), eqmax, 1), ['-1', '-2'])
# top-7, score: 1.47, answer: ['Costa Rica']
  # tprog: SelectCol(SelectRow0(GroupSum(@param0, ['0', '1'], max, 1), eqmax, 2), ['0'])
# top-8, score: 1.47, answer: ['Costa Rica']
  # tprog: SelectCol(SelectRow0(GroupSum(@param0, ['0', '1'], max, 1), eqmax, 2), ['-1', '-2'])
# top-9, score: 1.47, answer: ['Costa Rica']
  # tprog: SelectCol(SelectRow0(GroupSum(@param0, ['0', '2'], max, 1), eqmax, 2), ['0'])
# top-10, score: 1.47, answer: ['Costa Rica']
  # tprog: SelectCol(SelectRow0(GroupSum(@param0, ['0', '2'], max, 1), eqmax, 2), ['-1', '-2'])
