# parsed arguments: Namespace(benchmark='Q742c0', dsl='meta_visqa', skeletons='visqa_normal', strategy='TaPas_C', fallback='auto', timeout=300, mode='full', expected_only=False)
# loading benchmark...
# table keywords: {'can', '776670000', 'ita', 'usa', 'gbr', '1363080000', 'fra', '799520000', '1890450000', 'bel', 'che', '405800000', 'nld', 'nor', 'fin', '7020280000', 'jpn', '2329560000', '2301450000', '4769530000', 'aut', 'blue', '18014480000', 'country', '672630000', 'irl', 'kor', 'deu', '456310000', 'dnk', '5404860000', 'color', 'prt', '1349570000', 'aus', '458880000', '4870750000', '1802720000', '372190000', 'swe', 'esp', 'donation', '2289930000', '1372000000'}
# input type: [dtype('int64'), dtype('O'), dtype('O')]
# input is:
       donation Country color
0   18014480000     USA  blue
1    7020280000     JPN  blue
2    5404860000     FRA  blue
3    4870750000     DEU  blue
4    4769530000     GBR  blue
5    2329560000     CAN  blue
6    2301450000     AUS  blue
7    2289930000     ESP  blue
8    1890450000     NLD  blue
9    1802720000     NOR  blue
10   1372000000     BEL  blue
11   1363080000     SWE  blue
12   1349570000     DNK  blue
13    799520000     KOR  blue
14    776670000     CHE  blue
15    672630000     ITA  blue
16    458880000     IRL  blue
17    456310000     FIN  blue
18    405800000     AUT  blue
19    372190000     PRT  blue
# query is: What is the donation value of NLD?
# expected output type:[dtype('int64')]
# expected output is:
       ANSWER
0  1890450000
# inferred DSL terminals:
  # ConstVal: ['NLD@Str', 'donation@Str', '<NULL>']
     # cmap: [('nld', 'NLD'), ('donation', 'donation')]
  # AggrFunc: ['<NULL>']
     # amap: []
  # NumFunc: ['<NULL>']
     # nmap: []
  # BoolFunc: ['==', '<NULL>']
     # bmap: [(None, '==')]
  # IndFunc: ['<NULL>']
     # imap: []
# loading skeleton list...

# ========== candidate program report ========== #
# (t=0.00) i=0, candidate=[{'ANSWER': 1890450000}]
  # found 2 program(s)
    # SelectCol(SelectRow1(@param0, ==, 1, NLD@Str), ['0'])
      --> ['SelectCol', ['SelectRow1', 'input@0', '==', 'Country', 'NLD'], ['donation']]
    # SelectCol(SelectRow1(@param0, ==, 1, NLD@Str), ['-1', '-2'])
      --> ['SelectCol', ['SelectRow1', 'input@0', '==', 'Country', 'NLD'], ['donation']]
# (t=0.48) i=1, candidate=[{'ANSWER': 18014480000}]
  # found 0 program(s)
# (t=0.95) i=2, candidate=[{'ANSWER': 458880000}]
  # found 0 program(s)
# (t=1.43) i=3, candidate=[{'ANSWER': 672630000}]
  # found 0 program(s)
# (t=1.90) i=4, candidate=[{'ANSWER': 7020280000}]
  # found 0 program(s)
# (t=2.37) i=5, candidate=[{'ANSWER': 1802720000}]
  # found 0 program(s)

# ========== review report ========== #
# top-1, score: 2.43, answer: [1890450000]
  # tprog: SelectCol(SelectRow1(@param0, ==, 1, NLD@Str), ['0'])
# top-2, score: 2.43, answer: [1890450000]
  # tprog: SelectCol(SelectRow1(@param0, ==, 1, NLD@Str), ['-1', '-2'])
