# parsed arguments: Namespace(benchmark='Q7f06a', dsl='meta_visqa', skeletons='visqa_normal', strategy='TaPas_C', fallback='auto', timeout=300, mode='full', expected_only=False)
# loading benchmark...
# table keywords: {'by', 'color', 'ireland', 'country', 'gdp', '0.0006', '0.0011', 'netherlands', 'blue', '0.0008', 'donations', 'japan', '1e-05', 'kuwait', 'finland', '0.0004', 'china', '0.0001', '0.0005', 'norway', 'generous', 'estonia', 'us', 'belgium', 'germany', '0.0003'}
# input type: [dtype('O'), dtype('float64'), dtype('O')]
# input is:
        Country  Generous donations by GDP color
0        Norway                    0.00110  blue
1        Kuwait                    0.00110  blue
2   Netherlands                    0.00080  blue
3       Ireland                    0.00060  blue
4       Estonia                    0.00060  blue
5       Finland                    0.00050  blue
6         Japan                    0.00040  blue
7            US                    0.00040  blue
8       Belgium                    0.00030  blue
9       Germany                    0.00010  blue
10        China                    0.00001  blue
# query is: What are the donations by GDP for America?
# expected output type:[dtype('float64')]
# expected output is:
   ANSWER
0  0.0004
# inferred DSL terminals:
  # ConstVal: ['Generous donations by GDP@Str', '<NULL>']
     # cmap: [('gdp', 'Generous donations by GDP'), ('by', 'Generous donations by GDP'), ('donations', 'Generous donations by GDP')]
  # AggrFunc: ['<NULL>']
     # amap: []
  # NumFunc: ['<NULL>']
     # nmap: []
  # BoolFunc: ['==', '<NULL>']
     # bmap: [(None, '==')]
  # IndFunc: ['<NULL>']
     # imap: []
# loading skeleton list...

# ========== candidate program report ========== #
# (t=0.00) i=0, candidate=[{'ANSWER': 0.0004}]
  # found 0 program(s)
# (t=0.21) i=1, candidate=[{'ANSWER': 0.0006}]
  # found 0 program(s)
# (t=0.42) i=2, candidate=[{'ANSWER': 0.0008}]
  # found 0 program(s)
# (t=0.62) i=3, candidate=[{'ANSWER': 0.0005}]
  # found 0 program(s)
# (t=0.82) i=4, candidate=[{'ANSWER': 0.0011}]
  # found 0 program(s)
# (t=1.02) i=5, candidate=[{'ANSWER': 1e-05}]
  # found 0 program(s)
# ====> fallback strategy (retrieval) is triggered because no explanation is found so far
# ====> retrieval_values: [0.0001, 0.0003, 0.0004, 0.0005, 0.0006, 0.0008, 0.0011, 1e-05, 'Belgium', 'China', 'Country', 'Estonia', 'Finland', 'Generous donations by GDP', 'Germany', 'Ireland', 'Japan', 'Kuwait', 'Netherlands', 'Norway', 'US', 'blue', 'color']
# (t=1.22) fallback i=0, candidate=[{'ANSWER': 0.0001}]
  # found 0 program(s)
# (t=1.43) fallback i=1, candidate=[{'ANSWER': 0.0003}]
  # found 0 program(s)
# (t=1.63) fallback i=2, candidate=[{'ANSWER': 0.0004}]
  # found 0 program(s)
# (t=1.83) fallback i=3, candidate=[{'ANSWER': 0.0005}]
  # found 0 program(s)
# (t=2.04) fallback i=4, candidate=[{'ANSWER': 0.0006}]
  # found 0 program(s)
# (t=2.25) fallback i=5, candidate=[{'ANSWER': 0.0008}]
  # found 0 program(s)
# (t=2.45) fallback i=6, candidate=[{'ANSWER': 0.0011}]
  # found 0 program(s)
# (t=2.65) fallback i=7, candidate=[{'ANSWER': 1e-05}]
  # found 0 program(s)
# (t=2.85) fallback i=8, candidate=[{'ANSWER': 'Belgium'}]
  # found 0 program(s)
# (t=3.06) fallback i=9, candidate=[{'ANSWER': 'China'}]
  # found 0 program(s)
# (t=3.26) fallback i=10, candidate=[{'ANSWER': 'Country'}]
  # found 0 program(s)
# (t=3.40) fallback i=11, candidate=[{'ANSWER': 'Estonia'}]
  # found 0 program(s)
# (t=3.61) fallback i=12, candidate=[{'ANSWER': 'Finland'}]
  # found 0 program(s)
# (t=3.81) fallback i=13, candidate=[{'ANSWER': 'Generous donations by GDP'}]
  # found 0 program(s)
# (t=3.95) fallback i=14, candidate=[{'ANSWER': 'Germany'}]
  # found 0 program(s)
# (t=4.15) fallback i=15, candidate=[{'ANSWER': 'Ireland'}]
  # found 0 program(s)
# (t=4.36) fallback i=16, candidate=[{'ANSWER': 'Japan'}]
  # found 0 program(s)
# (t=4.56) fallback i=17, candidate=[{'ANSWER': 'Kuwait'}]
  # found 0 program(s)
# (t=4.76) fallback i=18, candidate=[{'ANSWER': 'Netherlands'}]
  # found 0 program(s)
# (t=4.97) fallback i=19, candidate=[{'ANSWER': 'Norway'}]
  # found 0 program(s)
# (t=5.17) fallback i=20, candidate=[{'ANSWER': 'US'}]
  # found 0 program(s)
# (t=5.37) fallback i=21, candidate=[{'ANSWER': 'blue'}]
  # found 0 program(s)
# (t=5.58) fallback i=22, candidate=[{'ANSWER': 'color'}]
  # found 0 program(s)
# ====> fallback strategy (original) is triggered
# ====> use the original TaPas output as answer, which is: [0.0004]

# ========== review report ========== #
