# parsed arguments: Namespace(benchmark='Q8a3ed', dsl='meta_visqa', skeletons='visqa_normal', strategy='TaPas_C', fallback='auto', timeout=300, mode='full', expected_only=False)
# loading benchmark...
# table keywords: {'marist', '-1.4', 'post', 'spread', '/', '3.1', 'democratic', 'washington', '&', '0.4', 'gallup', 'house', 'polling', '(robbins', 'yougov', 'policy', 'reports', 'pollster', 'republican', '-1.3', '-1.7', 'effect', '(opinion', 'abc', 'public', '(ppp)', 'shaw)', 'pew', '-2.5', '-1.5', '(nbc/marist)', 'news', '3.2', 'color', '0.8', '2.9', 'ipsos', 'research)', 'cnn', 'blue', 'research', 'orange', '1.9', '2.4', 'rasmussen', 'quinnipiac', 'fox', 'surveyusa'}
# input type: [dtype('O'), dtype('O'), dtype('float64'), dtype('O')]
# input is:
                       Pollster      spread  House Effect   color
0                  Pew Research  Democratic           3.2    blue
1   Public Policy Polling (PPP)  Democratic           3.1    blue
2                         Ipsos  Democratic           2.9    blue
3                     SurveyUSA  Democratic           2.4    blue
4           Marist (NBC/Marist)  Democratic           1.9    blue
5                        YouGov  Democratic           0.8    blue
6        CNN (Opinion Research)  Democratic           0.4    blue
7             Rasmussen Reports  Republican          -1.3  orange
8    Washington Post / ABC News  Republican          -1.4  orange
9     Fox News (Robbins & Shaw)  Republican          -1.5  orange
10                   Quinnipiac  Republican          -1.7  orange
11                       Gallup  Republican          -2.5  orange
# query is: Is Washington Post / ABC News  Republican or Democratic?
# expected output type:[dtype('O')]
# expected output is:
       ANSWER
0  Republican
# inferred DSL terminals:
  # ConstVal: ['Marist (NBC/Marist)@Str', 'CNN (Opinion Research)@Str', 'Washington Post / ABC News@Str', 'Democratic@Str', 'Republican@Str', 'Public Policy Polling (PPP)@Str', 'Fox News (Robbins & Shaw)@Str', '<NULL>']
     # cmap: [('washington', 'Washington Post / ABC News'), ('democratic', 'Democratic'), ('news', 'Fox News (Robbins & Shaw)'), ('abc', 'Washington Post / ABC News'), ('news', 'Washington Post / ABC News'), ('republican', 'Republican'), ('', 'CNN (Opinion Research)'), ('post', 'Washington Post / ABC News'), ('', 'Public Policy Polling (PPP)'), ('', 'Marist (NBC/Marist)'), ('', 'Fox News (Robbins & Shaw)')]
  # AggrFunc: ['<NULL>']
     # amap: []
  # NumFunc: ['<NULL>']
     # nmap: []
  # BoolFunc: ['==', '<NULL>']
     # bmap: [(None, '==')]
  # IndFunc: ['<NULL>']
     # imap: []
# ====> fallback strategy (selection) is triggered
  # [debug] fallback (selection) answers: ['Marist (NBC/Marist)', 'Republican', 'Democratic', 'Washington Post / ABC News', 'CNN (Opinion Research)', 'Public Policy Polling (PPP)', 'Fox News (Robbins & Shaw)']
  # [debug] fallback (selection) answers (no dup.): ['Marist (NBC/Marist)', 'Democratic', 'Washington Post / ABC News', 'CNN (Opinion Research)', 'Public Policy Polling (PPP)', 'Fox News (Robbins & Shaw)']
  # [debug] 6 fallback (selection) answers are added
# loading skeleton list...

# ========== candidate program report ========== #
# (t=0.00) i=0, candidate=[{'ANSWER': 'Republican'}]
  # found 4 program(s)
    # SelectCol(SelectRow1(SelectRow1(@param0, ==, 1, Republican@Str), ==, 0, Washington Post / ABC News@Str), ['1'])
      --> ['SelectCol', ['SelectRow1', ['SelectRow1', 'input@0', '==', 'spread', 'Republican'], '==', 'Pollster', 'Washington Post / ABC News'], ['spread']]
    # SelectCol(SelectRow1(SelectRow1(@param0, ==, 1, Republican@Str), ==, 0, Fox News (Robbins & Shaw)@Str), ['1'])
      --> ['SelectCol', ['SelectRow1', ['SelectRow1', 'input@0', '==', 'spread', 'Republican'], '==', 'Pollster', 'Fox News (Robbins & Shaw)'], ['spread']]
    # SelectCol(SelectRow1(@param0, ==, 0, Washington Post / ABC News@Str), ['1'])
      --> ['SelectCol', ['SelectRow1', 'input@0', '==', 'Pollster', 'Washington Post / ABC News'], ['spread']]
    # SelectCol(SelectRow1(@param0, ==, 0, Fox News (Robbins & Shaw)@Str), ['1'])
      --> ['SelectCol', ['SelectRow1', 'input@0', '==', 'Pollster', 'Fox News (Robbins & Shaw)'], ['spread']]
# (t=12.34) i=1, candidate=[{'ANSWER': 'Marist (NBC/Marist)'}]
  # found 2 program(s)
    # SelectCol(SelectRow1(SelectRow1(@param0, ==, 1, Democratic@Str), ==, 0, Marist (NBC/Marist)@Str), ['0'])
      --> ['SelectCol', ['SelectRow1', ['SelectRow1', 'input@0', '==', 'spread', 'Democratic'], '==', 'Pollster', 'Marist (NBC/Marist)'], ['Pollster']]
    # SelectCol(SelectRow1(@param0, ==, 0, Marist (NBC/Marist)@Str), ['0'])
      --> ['SelectCol', ['SelectRow1', 'input@0', '==', 'Pollster', 'Marist (NBC/Marist)'], ['Pollster']]
# (t=24.54) i=2, candidate=[{'ANSWER': 'Democratic'}]
  # found 6 program(s)
    # SelectCol(SelectRow1(SelectRow1(@param0, ==, 1, Democratic@Str), ==, 0, Marist (NBC/Marist)@Str), ['1'])
      --> ['SelectCol', ['SelectRow1', ['SelectRow1', 'input@0', '==', 'spread', 'Democratic'], '==', 'Pollster', 'Marist (NBC/Marist)'], ['spread']]
    # SelectCol(SelectRow1(SelectRow1(@param0, ==, 1, Democratic@Str), ==, 0, CNN (Opinion Research)@Str), ['1'])
      --> ['SelectCol', ['SelectRow1', ['SelectRow1', 'input@0', '==', 'spread', 'Democratic'], '==', 'Pollster', 'CNN (Opinion Research)'], ['spread']]
    # SelectCol(SelectRow1(SelectRow1(@param0, ==, 1, Democratic@Str), ==, 0, Public Policy Polling (PPP)@Str), ['1'])
      --> ['SelectCol', ['SelectRow1', ['SelectRow1', 'input@0', '==', 'spread', 'Democratic'], '==', 'Pollster', 'Public Policy Polling (PPP)'], ['spread']]
    # SelectCol(SelectRow1(@param0, ==, 0, Marist (NBC/Marist)@Str), ['1'])
      --> ['SelectCol', ['SelectRow1', 'input@0', '==', 'Pollster', 'Marist (NBC/Marist)'], ['spread']]
    # SelectCol(SelectRow1(@param0, ==, 0, CNN (Opinion Research)@Str), ['1'])
      --> ['SelectCol', ['SelectRow1', 'input@0', '==', 'Pollster', 'CNN (Opinion Research)'], ['spread']]
    # SelectCol(SelectRow1(@param0, ==, 0, Public Policy Polling (PPP)@Str), ['1'])
      --> ['SelectCol', ['SelectRow1', 'input@0', '==', 'Pollster', 'Public Policy Polling (PPP)'], ['spread']]
# (t=36.76) i=3, candidate=[{'ANSWER': 'Washington Post / ABC News'}]
  # found 2 program(s)
    # SelectCol(SelectRow1(SelectRow1(@param0, ==, 1, Republican@Str), ==, 0, Washington Post / ABC News@Str), ['0'])
      --> ['SelectCol', ['SelectRow1', ['SelectRow1', 'input@0', '==', 'spread', 'Republican'], '==', 'Pollster', 'Washington Post / ABC News'], ['Pollster']]
    # SelectCol(SelectRow1(@param0, ==, 0, Washington Post / ABC News@Str), ['0'])
      --> ['SelectCol', ['SelectRow1', 'input@0', '==', 'Pollster', 'Washington Post / ABC News'], ['Pollster']]
# (t=49.06) i=4, candidate=[{'ANSWER': 'CNN (Opinion Research)'}]
  # found 2 program(s)
    # SelectCol(SelectRow1(SelectRow1(@param0, ==, 1, Democratic@Str), ==, 0, CNN (Opinion Research)@Str), ['0'])
      --> ['SelectCol', ['SelectRow1', ['SelectRow1', 'input@0', '==', 'spread', 'Democratic'], '==', 'Pollster', 'CNN (Opinion Research)'], ['Pollster']]
    # SelectCol(SelectRow1(@param0, ==, 0, CNN (Opinion Research)@Str), ['0'])
      --> ['SelectCol', ['SelectRow1', 'input@0', '==', 'Pollster', 'CNN (Opinion Research)'], ['Pollster']]
# (t=61.36) i=5, candidate=[{'ANSWER': 'Public Policy Polling (PPP)'}]
  # found 2 program(s)
    # SelectCol(SelectRow1(SelectRow1(@param0, ==, 1, Democratic@Str), ==, 0, Public Policy Polling (PPP)@Str), ['0'])
      --> ['SelectCol', ['SelectRow1', ['SelectRow1', 'input@0', '==', 'spread', 'Democratic'], '==', 'Pollster', 'Public Policy Polling (PPP)'], ['Pollster']]
    # SelectCol(SelectRow1(@param0, ==, 0, Public Policy Polling (PPP)@Str), ['0'])
      --> ['SelectCol', ['SelectRow1', 'input@0', '==', 'Pollster', 'Public Policy Polling (PPP)'], ['Pollster']]
# (t=73.59) i=6, candidate=[{'ANSWER': 'Fox News (Robbins & Shaw)'}]
  # found 2 program(s)
    # SelectCol(SelectRow1(SelectRow1(@param0, ==, 1, Republican@Str), ==, 0, Fox News (Robbins & Shaw)@Str), ['0'])
      --> ['SelectCol', ['SelectRow1', ['SelectRow1', 'input@0', '==', 'spread', 'Republican'], '==', 'Pollster', 'Fox News (Robbins & Shaw)'], ['Pollster']]
    # SelectCol(SelectRow1(@param0, ==, 0, Fox News (Robbins & Shaw)@Str), ['0'])
      --> ['SelectCol', ['SelectRow1', 'input@0', '==', 'Pollster', 'Fox News (Robbins & Shaw)'], ['Pollster']]

# ========== review report ========== #
# top-1, score: 2.65, answer: ['Republican']
  # tprog: SelectCol(SelectRow1(SelectRow1(@param0, ==, 1, Republican@Str), ==, 0, Washington Post / ABC News@Str), ['1'])
# top-2, score: 2.65, answer: ['Washington Post / ABC News']
  # tprog: SelectCol(SelectRow1(SelectRow1(@param0, ==, 1, Republican@Str), ==, 0, Washington Post / ABC News@Str), ['0'])
# top-3, score: 2.42, answer: ['Republican']
  # tprog: SelectCol(SelectRow1(SelectRow1(@param0, ==, 1, Republican@Str), ==, 0, Fox News (Robbins & Shaw)@Str), ['1'])
# top-4, score: 2.42, answer: ['Fox News (Robbins & Shaw)']
  # tprog: SelectCol(SelectRow1(SelectRow1(@param0, ==, 1, Republican@Str), ==, 0, Fox News (Robbins & Shaw)@Str), ['0'])
# top-5, score: 2.31, answer: ['Marist (NBC/Marist)']
  # tprog: SelectCol(SelectRow1(SelectRow1(@param0, ==, 1, Democratic@Str), ==, 0, Marist (NBC/Marist)@Str), ['0'])
# top-6, score: 2.31, answer: ['Democratic']
  # tprog: SelectCol(SelectRow1(SelectRow1(@param0, ==, 1, Democratic@Str), ==, 0, Marist (NBC/Marist)@Str), ['1'])
# top-7, score: 2.31, answer: ['Democratic']
  # tprog: SelectCol(SelectRow1(SelectRow1(@param0, ==, 1, Democratic@Str), ==, 0, CNN (Opinion Research)@Str), ['1'])
# top-8, score: 2.31, answer: ['Democratic']
  # tprog: SelectCol(SelectRow1(SelectRow1(@param0, ==, 1, Democratic@Str), ==, 0, Public Policy Polling (PPP)@Str), ['1'])
# top-9, score: 2.31, answer: ['CNN (Opinion Research)']
  # tprog: SelectCol(SelectRow1(SelectRow1(@param0, ==, 1, Democratic@Str), ==, 0, CNN (Opinion Research)@Str), ['0'])
# top-10, score: 2.31, answer: ['Public Policy Polling (PPP)']
  # tprog: SelectCol(SelectRow1(SelectRow1(@param0, ==, 1, Democratic@Str), ==, 0, Public Policy Polling (PPP)@Str), ['0'])
# top-11, score: 1.59, answer: ['Republican']
  # tprog: SelectCol(SelectRow1(@param0, ==, 0, Washington Post / ABC News@Str), ['1'])
# top-12, score: 1.59, answer: ['Washington Post / ABC News']
  # tprog: SelectCol(SelectRow1(@param0, ==, 0, Washington Post / ABC News@Str), ['0'])
# top-13, score: 1.37, answer: ['Republican']
  # tprog: SelectCol(SelectRow1(@param0, ==, 0, Fox News (Robbins & Shaw)@Str), ['1'])
# top-14, score: 1.37, answer: ['Fox News (Robbins & Shaw)']
  # tprog: SelectCol(SelectRow1(@param0, ==, 0, Fox News (Robbins & Shaw)@Str), ['0'])
# top-15, score: 1.25, answer: ['Marist (NBC/Marist)']
  # tprog: SelectCol(SelectRow1(@param0, ==, 0, Marist (NBC/Marist)@Str), ['0'])
# top-16, score: 1.25, answer: ['Democratic']
  # tprog: SelectCol(SelectRow1(@param0, ==, 0, Marist (NBC/Marist)@Str), ['1'])
# top-17, score: 1.25, answer: ['Democratic']
  # tprog: SelectCol(SelectRow1(@param0, ==, 0, CNN (Opinion Research)@Str), ['1'])
# top-18, score: 1.25, answer: ['Democratic']
  # tprog: SelectCol(SelectRow1(@param0, ==, 0, Public Policy Polling (PPP)@Str), ['1'])
# top-19, score: 1.25, answer: ['CNN (Opinion Research)']
  # tprog: SelectCol(SelectRow1(@param0, ==, 0, CNN (Opinion Research)@Str), ['0'])
# top-20, score: 1.25, answer: ['Public Policy Polling (PPP)']
  # tprog: SelectCol(SelectRow1(@param0, ==, 0, Public Policy Polling (PPP)@Str), ['0'])
