# parsed arguments: Namespace(benchmark='Q9006c', dsl='meta_visqa', skeletons='visqa_normal', strategy='TaPas_C', fallback='auto', timeout=300, mode='full', expected_only=False)
# loading benchmark...
# table keywords: {'age', '11635647', '10', '9659493', 'color', '5184855', '1902638', '9518507', '9692669', '1981156', '85', '11320252', '9324244', '4453623', '30', '9925006', '35', '8911133', '10022524', '45', '10205879', '55', 'pink', '25', '5123399', '4804784', 'male', 'gray', '5668961', '11475182', '9731315', '5', 'people', '10563233', 'sum', '65', '90', '0', '9310714', '20', '3792145', '40', '10261253', '3221898', '1064581', '11488578', '70', '8507934', 'female', '2912655', '50', '10552146', '336303', '75', '4355644', 'gender', '10237419', '15', '10119296', '60', '6459082', '80', '6921268', '9735380', '970357', '10069564'}
# input type: [dtype('int64'), dtype('int64'), dtype('O'), dtype('O')]
# input is:
    age  Sum of people  gender color
0     0        9735380    Male  gray
1     0        9310714  Female  pink
2     5       10552146    Male  gray
3     5       10069564  Female  pink
4    10       10563233    Male  gray
5    10       10022524  Female  pink
6    15       10237419    Male  gray
7    15        9692669  Female  pink
8    20        9731315    Male  gray
9    20        9324244  Female  pink
10   25        9659493    Male  gray
11   25        9518507  Female  pink
12   30       10205879    Male  gray
13   30       10119296  Female  pink
14   35       11475182    Male  gray
15   35       11635647  Female  pink
16   40       11320252    Male  gray
17   40       11488578  Female  pink
18   45        9925006    Male  gray
19   45       10261253  Female  pink
20   50        8507934    Male  gray
21   50        8911133  Female  pink
22   55        6459082    Male  gray
23   55        6921268  Female  pink
24   60        5123399    Male  gray
25   60        5668961  Female  pink
26   65        4453623    Male  gray
27   65        4804784  Female  pink
28   70        3792145    Male  gray
29   70        5184855  Female  pink
30   75        2912655    Male  gray
31   75        4355644  Female  pink
32   80        1902638    Male  gray
33   80        3221898  Female  pink
34   85         970357    Male  gray
35   85        1981156  Female  pink
36   90         336303    Male  gray
37   90        1064581  Female  pink
# query is: What is the population of males in the 90 year bracket?
# expected output type:[dtype('int64')]
# expected output is:
   ANSWER
0  336303
# inferred DSL terminals:
  # ConstVal: ['90@Int', 'Male@Str', '<NULL>']
     # cmap: [('males', 'Male'), (90, 90)]
  # AggrFunc: ['<NULL>']
     # amap: []
  # NumFunc: ['<NULL>']
     # nmap: []
  # BoolFunc: ['==', '<NULL>']
     # bmap: [(None, '==')]
  # IndFunc: ['<NULL>']
     # imap: []
# loading skeleton list...

# ========== candidate program report ========== #
# (t=0.00) i=0, candidate=[{'ANSWER': '<type error>'}]
  # found 0 program(s)
# ====> fallback strategy (retrieval) is triggered because no explanation is found so far
# ====> retrieval_values: [0, 10, 10022524, 10069564, 10119296, 10205879, 10237419, 10261253, 10552146, 10563233, 1064581, 11320252, 11475182, 11488578, 11635647, 15, 1902638, 1981156, 20, 25, 2912655, 30, 3221898, 336303, 35, 3792145, 40, 4355644, 4453623, 45, 4804784, 5, 50, 5123399, 5184855, 55, 5668961, 60, 6459082, 65, 6921268, 70, 75, 80, 85, 8507934, 8911133, 90, 9310714, 9324244, 9518507, 9659493, 9692669, 970357, 9731315, 9735380, 9925006, 'Female', 'Male', 'Sum of people', 'age', 'color', 'gender', 'gray', 'pink']
# (t=0.94) fallback i=0, candidate=[{'ANSWER': 0}]
  # found 0 program(s)
# (t=2.30) fallback i=1, candidate=[{'ANSWER': 10}]
  # found 0 program(s)
# (t=3.65) fallback i=2, candidate=[{'ANSWER': 10022524}]
  # found 0 program(s)
# (t=5.02) fallback i=3, candidate=[{'ANSWER': 10069564}]
  # found 0 program(s)
# (t=6.38) fallback i=4, candidate=[{'ANSWER': 10119296}]
  # found 0 program(s)
# (t=7.74) fallback i=5, candidate=[{'ANSWER': 10205879}]
  # found 0 program(s)
# (t=9.10) fallback i=6, candidate=[{'ANSWER': 10237419}]
  # found 0 program(s)
# (t=10.47) fallback i=7, candidate=[{'ANSWER': 10261253}]
  # found 0 program(s)
# (t=11.83) fallback i=8, candidate=[{'ANSWER': 10552146}]
  # found 0 program(s)
# (t=13.19) fallback i=9, candidate=[{'ANSWER': 10563233}]
  # found 0 program(s)
# (t=14.56) fallback i=10, candidate=[{'ANSWER': 1064581}]
  # found 0 program(s)
# (t=15.91) fallback i=11, candidate=[{'ANSWER': 11320252}]
  # found 0 program(s)
# (t=17.28) fallback i=12, candidate=[{'ANSWER': 11475182}]
  # found 0 program(s)
# (t=18.64) fallback i=13, candidate=[{'ANSWER': 11488578}]
  # found 0 program(s)
# (t=20.02) fallback i=14, candidate=[{'ANSWER': 11635647}]
  # found 0 program(s)
# (t=21.40) fallback i=15, candidate=[{'ANSWER': 15}]
  # found 0 program(s)
# (t=22.77) fallback i=16, candidate=[{'ANSWER': 1902638}]
  # found 0 program(s)
# (t=24.15) fallback i=17, candidate=[{'ANSWER': 1981156}]
  # found 0 program(s)
# (t=25.52) fallback i=18, candidate=[{'ANSWER': 20}]
  # found 0 program(s)
# (t=26.89) fallback i=19, candidate=[{'ANSWER': 25}]
  # found 0 program(s)
# (t=28.26) fallback i=20, candidate=[{'ANSWER': 2912655}]
  # found 0 program(s)
# (t=29.64) fallback i=21, candidate=[{'ANSWER': 30}]
  # found 0 program(s)
# (t=31.01) fallback i=22, candidate=[{'ANSWER': 3221898}]
  # found 0 program(s)
# (t=32.38) fallback i=23, candidate=[{'ANSWER': 336303}]
  # found 2 program(s)
    # SelectCol(SelectRow1(SelectRow1(@param0, ==, 0, 90@Int), ==, 2, Male@Str), ['1'])
      --> ['SelectCol', ['SelectRow1', ['SelectRow1', 'input@0', '==', 'age', 90], '==', 'gender', 'Male'], ['Sum of people']]
    # SelectCol(SelectRow1(SelectRow1(@param0, ==, 2, Male@Str), ==, 0, 90@Int), ['1'])
      --> ['SelectCol', ['SelectRow1', ['SelectRow1', 'input@0', '==', 'gender', 'Male'], '==', 'age', 90], ['Sum of people']]
# (t=33.75) fallback i=24, candidate=[{'ANSWER': 35}]
  # found 0 program(s)
# (t=35.12) fallback i=25, candidate=[{'ANSWER': 3792145}]
  # found 0 program(s)
# (t=36.48) fallback i=26, candidate=[{'ANSWER': 40}]
  # found 0 program(s)
# (t=37.84) fallback i=27, candidate=[{'ANSWER': 4355644}]
  # found 0 program(s)
# (t=39.21) fallback i=28, candidate=[{'ANSWER': 4453623}]
  # found 0 program(s)
# (t=40.58) fallback i=29, candidate=[{'ANSWER': 45}]
  # found 0 program(s)
# (t=41.94) fallback i=30, candidate=[{'ANSWER': 4804784}]
  # found 0 program(s)
# (t=43.31) fallback i=31, candidate=[{'ANSWER': 5}]
  # found 0 program(s)
# (t=44.69) fallback i=32, candidate=[{'ANSWER': 50}]
  # found 0 program(s)
# (t=46.05) fallback i=33, candidate=[{'ANSWER': 5123399}]
  # found 0 program(s)
# (t=47.41) fallback i=34, candidate=[{'ANSWER': 5184855}]
  # found 0 program(s)
# (t=48.77) fallback i=35, candidate=[{'ANSWER': 55}]
  # found 0 program(s)
# (t=50.13) fallback i=36, candidate=[{'ANSWER': 5668961}]
  # found 0 program(s)
# (t=51.48) fallback i=37, candidate=[{'ANSWER': 60}]
  # found 0 program(s)
# (t=52.84) fallback i=38, candidate=[{'ANSWER': 6459082}]
  # found 0 program(s)
# (t=54.20) fallback i=39, candidate=[{'ANSWER': 65}]
  # found 0 program(s)
# (t=55.83) fallback i=40, candidate=[{'ANSWER': 6921268}]
  # found 0 program(s)
# (t=57.18) fallback i=41, candidate=[{'ANSWER': 70}]
  # found 0 program(s)
# (t=58.53) fallback i=42, candidate=[{'ANSWER': 75}]
  # found 0 program(s)
# (t=59.90) fallback i=43, candidate=[{'ANSWER': 80}]
  # found 0 program(s)
# (t=61.26) fallback i=44, candidate=[{'ANSWER': 85}]
  # found 0 program(s)
# (t=62.63) fallback i=45, candidate=[{'ANSWER': 8507934}]
  # found 0 program(s)
# (t=63.99) fallback i=46, candidate=[{'ANSWER': 8911133}]
  # found 0 program(s)
# (t=65.36) fallback i=47, candidate=[{'ANSWER': 90}]
  # found 2 program(s)
    # SelectCol(SelectRow1(SelectRow1(@param0, ==, 0, 90@Int), ==, 2, Male@Str), ['0'])
      --> ['SelectCol', ['SelectRow1', ['SelectRow1', 'input@0', '==', 'age', 90], '==', 'gender', 'Male'], ['age']]
    # SelectCol(SelectRow1(SelectRow1(@param0, ==, 2, Male@Str), ==, 0, 90@Int), ['0'])
      --> ['SelectCol', ['SelectRow1', ['SelectRow1', 'input@0', '==', 'gender', 'Male'], '==', 'age', 90], ['age']]
# (t=66.73) fallback i=48, candidate=[{'ANSWER': 9310714}]
  # found 0 program(s)
# (t=68.08) fallback i=49, candidate=[{'ANSWER': 9324244}]
  # found 0 program(s)
# (t=69.45) fallback i=50, candidate=[{'ANSWER': 9518507}]
  # found 0 program(s)
# (t=70.81) fallback i=51, candidate=[{'ANSWER': 9659493}]
  # found 0 program(s)
# (t=72.18) fallback i=52, candidate=[{'ANSWER': 9692669}]
  # found 0 program(s)
# (t=73.55) fallback i=53, candidate=[{'ANSWER': 970357}]
  # found 0 program(s)
# (t=74.92) fallback i=54, candidate=[{'ANSWER': 9731315}]
  # found 0 program(s)
# (t=76.29) fallback i=55, candidate=[{'ANSWER': 9735380}]
  # found 0 program(s)
# (t=77.66) fallback i=56, candidate=[{'ANSWER': 9925006}]
  # found 0 program(s)
# (t=79.03) fallback i=57, candidate=[{'ANSWER': 'Female'}]
  # found 0 program(s)
# (t=80.41) fallback i=58, candidate=[{'ANSWER': 'Male'}]
  # found 2 program(s)
    # SelectCol(SelectRow1(SelectRow1(@param0, ==, 0, 90@Int), ==, 2, Male@Str), ['2'])
      --> ['SelectCol', ['SelectRow1', ['SelectRow1', 'input@0', '==', 'age', 90], '==', 'gender', 'Male'], ['gender']]
    # SelectCol(SelectRow1(SelectRow1(@param0, ==, 2, Male@Str), ==, 0, 90@Int), ['2'])
      --> ['SelectCol', ['SelectRow1', ['SelectRow1', 'input@0', '==', 'gender', 'Male'], '==', 'age', 90], ['gender']]
# (t=81.77) fallback i=59, candidate=[{'ANSWER': 'Sum of people'}]
  # found 0 program(s)
# (t=82.70) fallback i=60, candidate=[{'ANSWER': 'age'}]
  # found 0 program(s)
# (t=83.62) fallback i=61, candidate=[{'ANSWER': 'color'}]
  # found 0 program(s)
# (t=84.55) fallback i=62, candidate=[{'ANSWER': 'gender'}]
  # found 0 program(s)
# (t=85.47) fallback i=63, candidate=[{'ANSWER': 'gray'}]
  # found 2 program(s)
    # SelectCol(SelectRow1(SelectRow1(@param0, ==, 0, 90@Int), ==, 2, Male@Str), ['3'])
      --> ['SelectCol', ['SelectRow1', ['SelectRow1', 'input@0', '==', 'age', 90], '==', 'gender', 'Male'], ['color']]
    # SelectCol(SelectRow1(SelectRow1(@param0, ==, 2, Male@Str), ==, 0, 90@Int), ['3'])
      --> ['SelectCol', ['SelectRow1', ['SelectRow1', 'input@0', '==', 'gender', 'Male'], '==', 'age', 90], ['color']]
# (t=86.85) fallback i=64, candidate=[{'ANSWER': 'pink'}]
  # found 0 program(s)

# ========== review report ========== #
# top-1, score: 2.27, answer: [336303]
  # tprog: SelectCol(SelectRow1(SelectRow1(@param0, ==, 0, 90@Int), ==, 2, Male@Str), ['1'])
# top-2, score: 2.27, answer: [336303]
  # tprog: SelectCol(SelectRow1(SelectRow1(@param0, ==, 2, Male@Str), ==, 0, 90@Int), ['1'])
# top-3, score: 2.27, answer: [90]
  # tprog: SelectCol(SelectRow1(SelectRow1(@param0, ==, 0, 90@Int), ==, 2, Male@Str), ['0'])
# top-4, score: 2.27, answer: [90]
  # tprog: SelectCol(SelectRow1(SelectRow1(@param0, ==, 2, Male@Str), ==, 0, 90@Int), ['0'])
# top-5, score: 2.27, answer: ['Male']
  # tprog: SelectCol(SelectRow1(SelectRow1(@param0, ==, 0, 90@Int), ==, 2, Male@Str), ['2'])
# top-6, score: 2.27, answer: ['Male']
  # tprog: SelectCol(SelectRow1(SelectRow1(@param0, ==, 2, Male@Str), ==, 0, 90@Int), ['2'])
# top-7, score: 2.27, answer: ['gray']
  # tprog: SelectCol(SelectRow1(SelectRow1(@param0, ==, 0, 90@Int), ==, 2, Male@Str), ['3'])
# top-8, score: 2.27, answer: ['gray']
  # tprog: SelectCol(SelectRow1(SelectRow1(@param0, ==, 2, Male@Str), ==, 0, 90@Int), ['3'])
