# parsed arguments: Namespace(benchmark='Q91761', dsl='meta_visqa', skeletons='visqa_normal', strategy='TaPas_C', fallback='auto', timeout=300, mode='full', expected_only=False)
# loading benchmark...
# table keywords: {'2656.3', '2492.26', '8526.5', '6042.83', '7448.5', 'color', '756.8', 'year', '3404.66', '6339.09', '1174.98', '7565.8', '2104.56', '6489.0', '4582.21', '997.93', '4061.9', 'research_and_development_expenditure', '3009.52', '3424.47', 'blue', '7128.11', 'dec', '3232.68', '1366.56', '7244.7', '1792.14', '949.54', '5009.7', '571.7', '31,', '1969'}
# input type: [dtype('O'), dtype('float64'), dtype('O')]
# input is:
            year  research_and_development_expenditure color
0   Dec 31, 1969                                571.70  blue
1   Dec 31, 1969                                756.80  blue
2   Dec 31, 1969                                949.54  blue
3   Dec 31, 1969                                997.93  blue
4   Dec 31, 1969                               1174.98  blue
5   Dec 31, 1969                               1366.56  blue
6   Dec 31, 1969                               1792.14  blue
7   Dec 31, 1969                               2104.56  blue
8   Dec 31, 1969                               2492.26  blue
9   Dec 31, 1969                               2656.30  blue
10  Dec 31, 1969                               3009.52  blue
11  Dec 31, 1969                               3232.68  blue
12  Dec 31, 1969                               3404.66  blue
13  Dec 31, 1969                               3424.47  blue
14  Dec 31, 1969                               4061.90  blue
15  Dec 31, 1969                               4582.21  blue
16  Dec 31, 1969                               5009.70  blue
17  Dec 31, 1969                               6339.09  blue
18  Dec 31, 1969                               7128.11  blue
19  Dec 31, 1969                               6042.83  blue
20  Dec 31, 1969                               6489.00  blue
21  Dec 31, 1969                               7448.50  blue
22  Dec 31, 1969                               7244.70  blue
23  Dec 31, 1969                               7565.80  blue
24  Dec 31, 1969                               8526.50  blue
# query is: What was the research and development expenditure for 1993?
# expected output type:[dtype('float64')]
# expected output is:
   ANSWER
0  997.93
# inferred DSL terminals:
  # ConstVal: ['<NULL>']
     # cmap: []
  # AggrFunc: ['<NULL>']
     # amap: []
  # NumFunc: ['<NULL>']
     # nmap: []
  # BoolFunc: ['==', '<NULL>']
     # bmap: [(None, '==')]
  # IndFunc: ['<NULL>']
     # imap: []
# loading skeleton list...

# ========== candidate program report ========== #
# (t=0.00) i=0, candidate=[{'ANSWER': 6042.83}]
  # found 0 program(s)
# (t=0.13) i=1, candidate=[{'ANSWER': 571.7}]
  # found 0 program(s)
# (t=0.25) i=2, candidate=[{'ANSWER': 3424.47}]
  # found 0 program(s)
# (t=0.37) i=3, candidate=[{'ANSWER': 7565.8}]
  # found 0 program(s)
# (t=0.50) i=4, candidate=[{'ANSWER': 997.93}]
  # found 0 program(s)
# (t=0.62) i=5, candidate=[{'ANSWER': 5009.7}]
  # found 0 program(s)
# (t=0.74) i=6, candidate=[{'ANSWER': 4061.9}]
  # found 0 program(s)
# (t=0.86) i=7, candidate=[{'ANSWER': 7128.11}]
  # found 0 program(s)
# (t=0.98) i=8, candidate=[{'ANSWER': 8526.5}]
  # found 0 program(s)
# (t=1.10) i=9, candidate=[{'ANSWER': 756.8}]
  # found 0 program(s)
# (t=1.23) i=10, candidate=[{'ANSWER': 1366.56}]
  # found 0 program(s)
# (t=1.35) i=11, candidate=[{'ANSWER': 7244.7}]
  # found 0 program(s)
# (t=1.48) i=12, candidate=[{'ANSWER': 6339.09}]
  # found 0 program(s)
# (t=1.60) i=13, candidate=[{'ANSWER': 7448.5}]
  # found 0 program(s)
# (t=1.72) i=14, candidate=[{'ANSWER': 1174.98}]
  # found 0 program(s)
# ====> fallback strategy (retrieval) is triggered because no explanation is found so far
# ====> retrieval_values: [1174.98, 1366.56, 1792.14, 2104.56, 2492.26, 2656.3, 3009.52, 3232.68, 3404.66, 3424.47, 4061.9, 4582.21, 5009.7, 571.7, 6042.83, 6339.09, 6489.0, 7128.11, 7244.7, 7448.5, 756.8, 7565.8, 8526.5, 949.54, 997.93, 'Dec 31, 1969', 'blue', 'color', 'research_and_development_expenditure', 'year']
# (t=1.85) fallback i=0, candidate=[{'ANSWER': 1174.98}]
  # found 0 program(s)
# (t=1.97) fallback i=1, candidate=[{'ANSWER': 1366.56}]
  # found 0 program(s)
# (t=2.09) fallback i=2, candidate=[{'ANSWER': 1792.14}]
  # found 0 program(s)
# (t=2.22) fallback i=3, candidate=[{'ANSWER': 2104.56}]
  # found 0 program(s)
# (t=2.35) fallback i=4, candidate=[{'ANSWER': 2492.26}]
  # found 0 program(s)
# (t=2.47) fallback i=5, candidate=[{'ANSWER': 2656.3}]
  # found 0 program(s)
# (t=2.60) fallback i=6, candidate=[{'ANSWER': 3009.52}]
  # found 0 program(s)
# (t=2.72) fallback i=7, candidate=[{'ANSWER': 3232.68}]
  # found 0 program(s)
# (t=2.85) fallback i=8, candidate=[{'ANSWER': 3404.66}]
  # found 0 program(s)
# (t=2.97) fallback i=9, candidate=[{'ANSWER': 3424.47}]
  # found 0 program(s)
# (t=3.10) fallback i=10, candidate=[{'ANSWER': 4061.9}]
  # found 0 program(s)
# (t=3.22) fallback i=11, candidate=[{'ANSWER': 4582.21}]
  # found 0 program(s)
# (t=3.35) fallback i=12, candidate=[{'ANSWER': 5009.7}]
  # found 0 program(s)
# (t=3.47) fallback i=13, candidate=[{'ANSWER': 571.7}]
  # found 0 program(s)
# (t=3.60) fallback i=14, candidate=[{'ANSWER': 6042.83}]
  # found 0 program(s)
# (t=3.72) fallback i=15, candidate=[{'ANSWER': 6339.09}]
  # found 0 program(s)
# (t=3.85) fallback i=16, candidate=[{'ANSWER': 6489.0}]
  # found 0 program(s)
# (t=3.97) fallback i=17, candidate=[{'ANSWER': 7128.11}]
  # found 0 program(s)
# (t=4.09) fallback i=18, candidate=[{'ANSWER': 7244.7}]
  # found 0 program(s)
# (t=4.22) fallback i=19, candidate=[{'ANSWER': 7448.5}]
  # found 0 program(s)
# (t=4.35) fallback i=20, candidate=[{'ANSWER': 756.8}]
  # found 0 program(s)
# (t=4.47) fallback i=21, candidate=[{'ANSWER': 7565.8}]
  # found 0 program(s)
# (t=4.60) fallback i=22, candidate=[{'ANSWER': 8526.5}]
  # found 0 program(s)
# (t=4.72) fallback i=23, candidate=[{'ANSWER': 949.54}]
  # found 0 program(s)
# (t=4.85) fallback i=24, candidate=[{'ANSWER': 997.93}]
  # found 0 program(s)
# (t=4.97) fallback i=25, candidate=[{'ANSWER': 'Dec 31, 1969'}]
  # found 0 program(s)
# (t=5.10) fallback i=26, candidate=[{'ANSWER': 'blue'}]
  # found 0 program(s)
# (t=5.22) fallback i=27, candidate=[{'ANSWER': 'color'}]
  # found 0 program(s)
# (t=5.30) fallback i=28, candidate=[{'ANSWER': 'research_and_development_expenditure'}]
  # found 0 program(s)
# (t=5.38) fallback i=29, candidate=[{'ANSWER': 'year'}]
  # found 0 program(s)
# ====> fallback strategy (original) is triggered
# ====> use the original TaPas output as answer, which is: [6042.83]

# ========== review report ========== #
