# parsed arguments: Namespace(benchmark='Q988ba', dsl='meta_visqa', skeletons='visqa_normal', strategy='TaPas_C', fallback='auto', timeout=300, mode='full', expected_only=False)
# loading benchmark...
# table keywords: {'-1.4', '(ppp)', 'spread', 'polling', '-2.5', '2.9', 'reports', 'policy', '(robbins', 'marist', '-1.5', '-1.3', '0.4', '2.4', 'democratic', '/', 'blue', 'washington', 'orange', 'news', 'ipsos', 'effect', 'color', 'surveyusa', 'yougov', '3.2', 'cnn', 'abc', 'shaw)', '(opinion', '&', '0.8', 'post', 'gallup', 'rasmussen', 'pollster', '1.9', '-1.7', 'republican', 'pew', 'fox', 'house', 'public', 'research)', '(nbc/marist)', 'research', '3.1', 'quinnipiac'}
# input type: [dtype('O'), dtype('O'), dtype('float64'), dtype('O')]
# input is:
                       Pollster      spread  House Effect   color
0                  Pew Research  Democratic           3.2    blue
1   Public Policy Polling (PPP)  Democratic           3.1    blue
2                         Ipsos  Democratic           2.9    blue
3                     SurveyUSA  Democratic           2.4    blue
4           Marist (NBC/Marist)  Democratic           1.9    blue
5                        YouGov  Democratic           0.8    blue
6        CNN (Opinion Research)  Democratic           0.4    blue
7             Rasmussen Reports  Republican          -1.3  orange
8    Washington Post / ABC News  Republican          -1.4  orange
9     Fox News (Robbins & Shaw)  Republican          -1.5  orange
10                   Quinnipiac  Republican          -1.7  orange
11                       Gallup  Republican          -2.5  orange
# query is: What is the exact value of the bar for Gallup?
# expected output type:[dtype('float64')]
# expected output is:
   ANSWER
0    -2.5
# inferred DSL terminals:
  # ConstVal: ['Gallup@Str', '<NULL>']
     # cmap: [('gallup', 'Gallup')]
  # AggrFunc: ['<NULL>']
     # amap: []
  # NumFunc: ['<NULL>']
     # nmap: []
  # BoolFunc: ['==', '<NULL>']
     # bmap: [(None, '==')]
  # IndFunc: ['<NULL>']
     # imap: []
# loading skeleton list...

# ========== candidate program report ========== #
# (t=0.00) i=0, candidate=[{'ANSWER': 1}]
  # found 0 program(s)
# (t=0.24) i=1, candidate=[{'ANSWER': 2}]
  # found 0 program(s)
# (t=0.46) i=2, candidate=[{'ANSWER': 3}]
  # found 0 program(s)
# ====> fallback strategy (retrieval) is triggered because no explanation is found so far
# ====> retrieval_values: [-1.3, -1.4, -1.5, -1.7, -2.5, 0.4, 0.8, 1.9, 2.4, 2.9, 3.1, 3.2, 'CNN (Opinion Research)', 'Democratic', 'Fox News (Robbins & Shaw)', 'Gallup', 'House Effect', 'Ipsos', 'Marist (NBC/Marist)', 'Pew Research', 'Pollster', 'Public Policy Polling (PPP)', 'Quinnipiac', 'Rasmussen Reports', 'Republican', 'SurveyUSA', 'Washington Post / ABC News', 'YouGov', 'blue', 'color', 'orange', 'spread']
# (t=0.69) fallback i=0, candidate=[{'ANSWER': -1.3}]
  # found 0 program(s)
# (t=1.04) fallback i=1, candidate=[{'ANSWER': -1.4}]
  # found 0 program(s)
# (t=1.39) fallback i=2, candidate=[{'ANSWER': -1.5}]
  # found 0 program(s)
# (t=1.73) fallback i=3, candidate=[{'ANSWER': -1.7}]
  # found 0 program(s)
# (t=2.08) fallback i=4, candidate=[{'ANSWER': -2.5}]
  # found 1 program(s)
    # SelectCol(SelectRow1(@param0, ==, 0, Gallup@Str), ['2'])
      --> ['SelectCol', ['SelectRow1', 'input@0', '==', 'Pollster', 'Gallup'], ['House Effect']]
# (t=2.43) fallback i=5, candidate=[{'ANSWER': 0.4}]
  # found 0 program(s)
# (t=2.78) fallback i=6, candidate=[{'ANSWER': 0.8}]
  # found 0 program(s)
# (t=3.14) fallback i=7, candidate=[{'ANSWER': 1.9}]
  # found 0 program(s)
# (t=3.50) fallback i=8, candidate=[{'ANSWER': 2.4}]
  # found 0 program(s)
# (t=3.85) fallback i=9, candidate=[{'ANSWER': 2.9}]
  # found 0 program(s)
# (t=4.20) fallback i=10, candidate=[{'ANSWER': 3.1}]
  # found 0 program(s)
# (t=4.55) fallback i=11, candidate=[{'ANSWER': 3.2}]
  # found 0 program(s)
# (t=4.91) fallback i=12, candidate=[{'ANSWER': 'CNN (Opinion Research)'}]
  # found 0 program(s)
# (t=5.26) fallback i=13, candidate=[{'ANSWER': 'Democratic'}]
  # found 0 program(s)
# (t=5.61) fallback i=14, candidate=[{'ANSWER': 'Fox News (Robbins & Shaw)'}]
  # found 0 program(s)
# (t=5.97) fallback i=15, candidate=[{'ANSWER': 'Gallup'}]
  # found 1 program(s)
    # SelectCol(SelectRow1(@param0, ==, 0, Gallup@Str), ['0'])
      --> ['SelectCol', ['SelectRow1', 'input@0', '==', 'Pollster', 'Gallup'], ['Pollster']]
# (t=6.32) fallback i=16, candidate=[{'ANSWER': 'House Effect'}]
  # found 0 program(s)
# (t=6.56) fallback i=17, candidate=[{'ANSWER': 'Ipsos'}]
  # found 0 program(s)
# (t=6.91) fallback i=18, candidate=[{'ANSWER': 'Marist (NBC/Marist)'}]
  # found 0 program(s)
# (t=7.26) fallback i=19, candidate=[{'ANSWER': 'Pew Research'}]
  # found 0 program(s)
# (t=7.61) fallback i=20, candidate=[{'ANSWER': 'Pollster'}]
  # found 0 program(s)
# (t=7.85) fallback i=21, candidate=[{'ANSWER': 'Public Policy Polling (PPP)'}]
  # found 0 program(s)
# (t=8.20) fallback i=22, candidate=[{'ANSWER': 'Quinnipiac'}]
  # found 0 program(s)
# (t=8.55) fallback i=23, candidate=[{'ANSWER': 'Rasmussen Reports'}]
  # found 0 program(s)
# (t=8.90) fallback i=24, candidate=[{'ANSWER': 'Republican'}]
  # found 1 program(s)
    # SelectCol(SelectRow1(@param0, ==, 0, Gallup@Str), ['1'])
      --> ['SelectCol', ['SelectRow1', 'input@0', '==', 'Pollster', 'Gallup'], ['spread']]
# (t=9.25) fallback i=25, candidate=[{'ANSWER': 'SurveyUSA'}]
  # found 0 program(s)
# (t=9.60) fallback i=26, candidate=[{'ANSWER': 'Washington Post / ABC News'}]
  # found 0 program(s)
# (t=9.95) fallback i=27, candidate=[{'ANSWER': 'YouGov'}]
  # found 0 program(s)
# (t=10.30) fallback i=28, candidate=[{'ANSWER': 'blue'}]
  # found 0 program(s)
# (t=10.65) fallback i=29, candidate=[{'ANSWER': 'color'}]
  # found 0 program(s)
# (t=10.88) fallback i=30, candidate=[{'ANSWER': 'orange'}]
  # found 1 program(s)
    # SelectCol(SelectRow1(@param0, ==, 0, Gallup@Str), ['3'])
      --> ['SelectCol', ['SelectRow1', 'input@0', '==', 'Pollster', 'Gallup'], ['color']]
# (t=11.23) fallback i=31, candidate=[{'ANSWER': 'spread'}]
  # found 0 program(s)

# ========== review report ========== #
# top-1, score: 2.24, answer: [-2.5]
  # tprog: SelectCol(SelectRow1(@param0, ==, 0, Gallup@Str), ['2'])
# top-2, score: 2.24, answer: ['Gallup']
  # tprog: SelectCol(SelectRow1(@param0, ==, 0, Gallup@Str), ['0'])
# top-3, score: 2.24, answer: ['Republican']
  # tprog: SelectCol(SelectRow1(@param0, ==, 0, Gallup@Str), ['1'])
# top-4, score: 2.24, answer: ['orange']
  # tprog: SelectCol(SelectRow1(@param0, ==, 0, Gallup@Str), ['3'])
