# parsed arguments: Namespace(benchmark='Q9e157', dsl='meta_visqa', skeletons='visqa_normal', strategy='TaPas_C', fallback='auto', timeout=300, mode='full', expected_only=False)
# loading benchmark...
# table keywords: {'w', 'division', 'spurs', 'antonio', 'rockets', 'pistons', 'cavaliers', 'hawks', '16', 'central', 'indiana', '37', 'pacers', '41', '50', 'detroit', 'blue', 'x-houston', 'x-san', 'y-atlanta', 'color', 'cleveland'}
# input type: [dtype('O'), dtype('int64'), dtype('O')]
# input is:
      Central Division   W color
0      y-Atlanta Hawks  50  blue
1    x-Houston Rockets  41  blue
2  x-San Antonio Spurs  41  blue
3  Cleveland Cavaliers  37  blue
4       Indiana Pacers  37  blue
5      Detroit Pistons  16  blue
# query is: What team had the least wins?
# expected output type:[dtype('O')]
# expected output is:
            ANSWER
0  Detroit Pistons
# inferred DSL terminals:
  # ConstVal: ['<NULL>']
     # cmap: []
  # AggrFunc: ['min', '<NULL>']
     # amap: [('least', 'min')]
  # NumFunc: ['<NULL>']
     # nmap: []
  # BoolFunc: ['==', '<NULL>']
     # bmap: [(None, '==')]
  # IndFunc: ['eqmin', '<NULL>']
     # imap: [('least', 'eqmin')]
# loading skeleton list...

# ========== candidate program report ========== #
# (t=0.00) i=0, candidate=[{'ANSWER': 'Detroit Pistons'}]
  # found 10 program(s)
    # SelectCol(SelectRow0(GroupSum(@param0, ['0'], min, 1), eqmin, 1), ['0'])
      --> ['SelectCol', ['SelectRow0', ['GroupSum', 'input@0', ['Central Division'], 'min', 'W'], 'eqmin', 'COL0'], ['Central Division']]
    # SelectCol(SelectRow0(GroupSum(@param0, ['0'], min, 1), eqmin, 1), ['-1'])
      --> ['SelectCol', ['SelectRow0', ['GroupSum', 'input@0', ['Central Division'], 'min', 'W'], 'eqmin', 'COL0'], ['Central Division']]
    # SelectCol(SelectRow0(GroupSum(@param0, ['0', '1'], min, 1), eqmin, 1), ['0'])
      --> ['SelectCol', ['SelectRow0', ['GroupSum', 'input@0', ['Central Division', 'W'], 'min', 'W'], 'eqmin', 'W'], ['Central Division']]
    # SelectCol(SelectRow0(GroupSum(@param0, ['0', '1'], min, 1), eqmin, 1), ['-1', '-2'])
      --> ['SelectCol', ['SelectRow0', ['GroupSum', 'input@0', ['Central Division', 'W'], 'min', 'W'], 'eqmin', 'W'], ['Central Division']]
    # SelectCol(SelectRow0(GroupSum(@param0, ['0', '1'], min, 1), eqmin, 2), ['0'])
      --> ['SelectCol', ['SelectRow0', ['GroupSum', 'input@0', ['Central Division', 'W'], 'min', 'W'], 'eqmin', 'COL0'], ['Central Division']]
    # SelectCol(SelectRow0(GroupSum(@param0, ['0', '1'], min, 1), eqmin, 2), ['-1', '-2'])
      --> ['SelectCol', ['SelectRow0', ['GroupSum', 'input@0', ['Central Division', 'W'], 'min', 'W'], 'eqmin', 'COL0'], ['Central Division']]
    # SelectCol(SelectRow0(GroupSum(@param0, ['0', '2'], min, 1), eqmin, 2), ['0'])
      --> ['SelectCol', ['SelectRow0', ['GroupSum', 'input@0', ['Central Division', 'color'], 'min', 'W'], 'eqmin', 'COL0'], ['Central Division']]
    # SelectCol(SelectRow0(GroupSum(@param0, ['0', '2'], min, 1), eqmin, 2), ['-1', '-2'])
      --> ['SelectCol', ['SelectRow0', ['GroupSum', 'input@0', ['Central Division', 'color'], 'min', 'W'], 'eqmin', 'COL0'], ['Central Division']]
    # SelectCol(SelectRow0(@param0, eqmin, 1), ['0'])
      --> ['SelectCol', ['SelectRow0', 'input@0', 'eqmin', 'W'], ['Central Division']]
    # SelectCol(SelectRow0(@param0, eqmin, 1), ['-1', '-2'])
      --> ['SelectCol', ['SelectRow0', 'input@0', 'eqmin', 'W'], ['Central Division']]
# (t=0.49) i=1, candidate=[{'ANSWER': 'Indiana Pacers'}]
  # found 0 program(s)
# (t=0.95) i=2, candidate=[{'ANSWER': 'Cleveland Cavaliers'}]
  # found 0 program(s)
# (t=1.40) i=3, candidate=[{'ANSWER': 'y-Atlanta Hawks'}]
  # found 0 program(s)

# ========== review report ========== #
# top-1, score: 1.33, answer: ['Detroit Pistons']
  # tprog: SelectCol(SelectRow0(@param0, eqmin, 1), ['0'])
# top-2, score: 1.33, answer: ['Detroit Pistons']
  # tprog: SelectCol(SelectRow0(@param0, eqmin, 1), ['-1', '-2'])
# top-3, score: 1.27, answer: ['Detroit Pistons']
  # tprog: SelectCol(SelectRow0(GroupSum(@param0, ['0'], min, 1), eqmin, 1), ['0'])
# top-4, score: 1.27, answer: ['Detroit Pistons']
  # tprog: SelectCol(SelectRow0(GroupSum(@param0, ['0'], min, 1), eqmin, 1), ['-1'])
# top-5, score: 1.26, answer: ['Detroit Pistons']
  # tprog: SelectCol(SelectRow0(GroupSum(@param0, ['0', '1'], min, 1), eqmin, 1), ['0'])
# top-6, score: 1.26, answer: ['Detroit Pistons']
  # tprog: SelectCol(SelectRow0(GroupSum(@param0, ['0', '1'], min, 1), eqmin, 1), ['-1', '-2'])
# top-7, score: 1.26, answer: ['Detroit Pistons']
  # tprog: SelectCol(SelectRow0(GroupSum(@param0, ['0', '1'], min, 1), eqmin, 2), ['0'])
# top-8, score: 1.26, answer: ['Detroit Pistons']
  # tprog: SelectCol(SelectRow0(GroupSum(@param0, ['0', '1'], min, 1), eqmin, 2), ['-1', '-2'])
# top-9, score: 1.26, answer: ['Detroit Pistons']
  # tprog: SelectCol(SelectRow0(GroupSum(@param0, ['0', '2'], min, 1), eqmin, 2), ['0'])
# top-10, score: 1.26, answer: ['Detroit Pistons']
  # tprog: SelectCol(SelectRow0(GroupSum(@param0, ['0', '2'], min, 1), eqmin, 2), ['-1', '-2'])
