# parsed arguments: Namespace(benchmark='Qb9608', dsl='meta_visqa', skeletons='visqa_normal', strategy='TaPas_C', fallback='auto', timeout=300, mode='full', expected_only=False)
# loading benchmark...
# table keywords: {'0.0004', '0.0006', 'estonia', '0.0001', 'japan', 'gdp', 'ireland', 'germany', 'us', 'donations', 'country', '0.0005', 'blue', '0.0011', '0.0003', 'china', 'by', '0.0008', 'kuwait', 'color', 'norway', 'generous', 'netherlands', 'belgium', '1e-05', 'finland'}
# input type: [dtype('O'), dtype('float64'), dtype('O')]
# input is:
        Country  Generous donations by GDP color
0        Norway                    0.00110  blue
1        Kuwait                    0.00110  blue
2   Netherlands                    0.00080  blue
3       Ireland                    0.00060  blue
4       Estonia                    0.00060  blue
5       Finland                    0.00050  blue
6         Japan                    0.00040  blue
7            US                    0.00040  blue
8       Belgium                    0.00030  blue
9       Germany                    0.00010  blue
10        China                    0.00001  blue
# query is: How much of a different in donations has Norway have over China?
# expected output type:[dtype('float64')]
# expected output is:
    ANSWER
0  0.00109
# inferred DSL terminals:
  # ConstVal: ['Generous donations by GDP@Str', 'Norway@Str', 'China@Str', '<NULL>']
     # cmap: [('china', 'China'), ('norway', 'Norway'), ('donations', 'Generous donations by GDP')]
  # AggrFunc: ['<NULL>']
     # amap: []
  # NumFunc: ['diff', '-', '<NULL>']
     # nmap: [('different', 'diff'), ('different', '-')]
  # BoolFunc: ['==', '<NULL>']
     # bmap: [(None, '==')]
  # IndFunc: ['<NULL>']
     # imap: []
# ====> fallback strategy (comparison) is triggered
  # [debug] high_values: [(0.00109, 4), (-0.00109, 4)]
  # [debug] high_values (no dup.): [(0.00109, 4), (-0.00109, 4)]
  # [debug] filtered low_values (no dup.): [(0.00109, 2), (0.001, 2), (0.0008000000000000001, 2), (0.00079, 2), (0.0007000000000000001, 2), (0.0007000000000000001, 2), (0.0006000000000000001, 2), (0.0005899999999999999, 2), (0.0005899999999999999, 2), (0.0005000000000000001, 2)]
  # [debug] fallback (comparison) answers are added
# loading skeleton list...

# ========== candidate program report ========== #
# (t=0.00) i=0, candidate=[{'ANSWER': 1}]
  # found 0 program(s)
# (t=2.14) i=1, candidate=[{'ANSWER': 0.00109}]
  # found 3 program(s)
    # Contrast(@param0, diff, 0, Norway@Str, China@Str, 1)
      --> ['Contrast', 'input@0', 'diff', 'Country', 'Norway', 'China', 'Generous donations by GDP']
    # Contrast(@param0, diff, 0, China@Str, Norway@Str, 1)
      --> ['Contrast', 'input@0', 'diff', 'Country', 'China', 'Norway', 'Generous donations by GDP']
    # Contrast(@param0, -, 0, Norway@Str, China@Str, 1)
      --> ['Contrast', 'input@0', '-', 'Country', 'Norway', 'China', 'Generous donations by GDP']
# (t=4.29) i=2, candidate=[{'ANSWER': -0.00109}]
  # found 1 program(s)
    # Contrast(@param0, -, 0, China@Str, Norway@Str, 1)
      --> ['Contrast', 'input@0', '-', 'Country', 'China', 'Norway', 'Generous donations by GDP']
# (t=6.45) i=3, candidate=[{'ANSWER': 0.00109}]
  # found 3 program(s)
    # Contrast(@param0, diff, 0, Norway@Str, China@Str, 1)
      --> ['Contrast', 'input@0', 'diff', 'Country', 'Norway', 'China', 'Generous donations by GDP']
    # Contrast(@param0, diff, 0, China@Str, Norway@Str, 1)
      --> ['Contrast', 'input@0', 'diff', 'Country', 'China', 'Norway', 'Generous donations by GDP']
    # Contrast(@param0, -, 0, Norway@Str, China@Str, 1)
      --> ['Contrast', 'input@0', '-', 'Country', 'Norway', 'China', 'Generous donations by GDP']
# (t=8.59) i=4, candidate=[{'ANSWER': 0.001}]
  # found 0 program(s)
# (t=10.73) i=5, candidate=[{'ANSWER': 0.0008000000000000001}]
  # found 0 program(s)
# (t=12.87) i=6, candidate=[{'ANSWER': 0.00079}]
  # found 0 program(s)
# (t=15.01) i=7, candidate=[{'ANSWER': 0.0007000000000000001}]
  # found 0 program(s)
# (t=17.15) i=8, candidate=[{'ANSWER': 0.0007000000000000001}]
  # found 0 program(s)
# (t=19.32) i=9, candidate=[{'ANSWER': 0.0006000000000000001}]
  # found 0 program(s)
# (t=21.49) i=10, candidate=[{'ANSWER': 0.0005899999999999999}]
  # found 0 program(s)
# (t=23.66) i=11, candidate=[{'ANSWER': 0.0005899999999999999}]
  # found 0 program(s)
# (t=25.81) i=12, candidate=[{'ANSWER': 0.0005000000000000001}]
  # found 0 program(s)

# ========== review report ========== #
# top-1, score: 2.48, answer: [0.00109]
  # tprog: Contrast(@param0, diff, 0, Norway@Str, China@Str, 1)
# top-2, score: 2.48, answer: [0.00109]
  # tprog: Contrast(@param0, diff, 0, China@Str, Norway@Str, 1)
# top-3, score: 2.48, answer: [0.00109]
  # tprog: Contrast(@param0, -, 0, Norway@Str, China@Str, 1)
# top-4, score: 2.48, answer: [-0.00109]
  # tprog: Contrast(@param0, -, 0, China@Str, Norway@Str, 1)
# top-5, score: 2.48, answer: [0.00109]
  # tprog: Contrast(@param0, diff, 0, Norway@Str, China@Str, 1)
# top-6, score: 2.48, answer: [0.00109]
  # tprog: Contrast(@param0, diff, 0, China@Str, Norway@Str, 1)
# top-7, score: 2.48, answer: [0.00109]
  # tprog: Contrast(@param0, -, 0, Norway@Str, China@Str, 1)
