# parsed arguments: Namespace(benchmark='Qc219b', dsl='meta_visqa', skeletons='visqa_normal', strategy='TaPas_C', fallback='auto', timeout=300, mode='full', expected_only=False)
# loading benchmark...
# table keywords: {'19258', '28608', '27180', 'blue', 'party', 'parties', 'unaffiliated', 'color', 'democratic', 'republican', 'voters', 'minor', '140', 'total'}
# input type: [dtype('O'), dtype('int64'), dtype('O')]
# input is:
           Party  Total voters color
0     Republican         19258  blue
1     Democratic         28608  blue
2   Unaffiliated         27180  blue
3  Minor parties           140  blue
# query is: How many voters identify as Unaffiliated?
# expected output type:[dtype('int64')]
# expected output is:
   ANSWER
0   27180
# inferred DSL terminals:
  # ConstVal: ['Unaffiliated@Str', 'Total voters@Str', '<NULL>']
     # cmap: [('unaffiliated', 'Unaffiliated'), ('voters', 'Total voters')]
  # AggrFunc: ['count', '<NULL>']
     # amap: [('how many', 'count')]
  # NumFunc: ['<NULL>']
     # nmap: []
  # BoolFunc: ['==', '<NULL>']
     # bmap: [(None, '==')]
  # IndFunc: ['<NULL>']
     # imap: []
# loading skeleton list...

# ========== candidate program report ========== #
# (t=0.00) i=0, candidate=[{'ANSWER': 27180}]
  # found 2 program(s)
    # SelectCol(SelectRow1(@param0, ==, 0, Unaffiliated@Str), ['1'])
      --> ['SelectCol', ['SelectRow1', 'input@0', '==', 'Party', 'Unaffiliated'], ['Total voters']]
    # SelectCol(SelectRow1(@param0, ==, 0, Unaffiliated@Str), ['-99', '-2'])
      --> ['SelectCol', ['SelectRow1', 'input@0', '==', 'Party', 'Unaffiliated'], ['Total voters']]
# (t=0.69) i=1, candidate=[{'ANSWER': 54360}]
  # found 0 program(s)

# ========== review report ========== #
# top-1, score: 2.48, answer: [27180]
  # tprog: SelectCol(SelectRow1(@param0, ==, 0, Unaffiliated@Str), ['1'])
# top-2, score: 2.48, answer: [27180]
  # tprog: SelectCol(SelectRow1(@param0, ==, 0, Unaffiliated@Str), ['-99', '-2'])
