# parsed arguments: Namespace(benchmark='Qd6a57', dsl='meta_visqa', skeletons='visqa_normal', strategy='TaPas_C', fallback='auto', timeout=300, mode='full', expected_only=False)
# loading benchmark...
# table keywords: {'christian', 'color', '83', 'muslims', '57', 'other', '6', '61', '93', 'too/not', '81', 'pagan/earth-based', 'percentage', '17', 'spirituality', 'buddhists', '86', '14', 'catholics', '92', 'mormons', 'am.', 'orange', '79', 'jews', 'unaffiliated', 'not', '39', 'very/somewhat', 'all', 'non-christian', 'native', 'hindus', 'response', '94', '7', 'orthodox', '8', 'at', '43', '76', 'common', '19', 'religion', '24', '21', 'blue', 'protestants'}
# input type: [dtype('O'), dtype('O'), dtype('int64'), dtype('O')]
# input is:
                   Religion                   response  percentage   color
0                   Muslims       Very/somewhat common          57  orange
1                   Muslims  Not too/not at all common          43    blue
2         Pagan/earth-based       Very/somewhat common          39  orange
3         Pagan/earth-based  Not too/not at all common          61    blue
4               Protestants       Very/somewhat common          24  orange
5               Protestants  Not too/not at all common          76    blue
6       Other non-Christian       Very/somewhat common          21  orange
7       Other non-Christian  Not too/not at all common          79    blue
8   Native Am. spirituality       Very/somewhat common          19  orange
9   Native Am. spirituality  Not too/not at all common          81    blue
10                     Jews       Very/somewhat common          17  orange
11                     Jews  Not too/not at all common          83    blue
12             Unaffiliated       Very/somewhat common          14  orange
13             Unaffiliated  Not too/not at all common          86    blue
14                Catholics       Very/somewhat common           8  orange
15                Catholics  Not too/not at all common          92    blue
16                  Mormons       Very/somewhat common           8  orange
17                  Mormons  Not too/not at all common          92    blue
18       Orthodox Christian       Very/somewhat common           6  orange
19       Orthodox Christian  Not too/not at all common          94    blue
20                Buddhists       Very/somewhat common           7  orange
21                Buddhists  Not too/not at all common          93    blue
22                   Hindus       Very/somewhat common           6  orange
23                   Hindus  Not too/not at all common          94    blue
# query is: Which religion had the lowest percentage of responses say "Very/somewhat common"?
# expected output type:[dtype('O')]
# expected output is:
               ANSWER
0              Hindus
1  Orthodox Christian
# inferred DSL terminals:
  # ConstVal: ['Very/somewhat common@Str', 'Religion@Str', 'response@Str', 'percentage@Str', 'Not too/not at all common@Str', '<NULL>']
     # cmap: [('common', 'Very/somewhat common'), ('somewhat', 'Very/somewhat common'), ('religion', 'Religion'), ('percentage', 'percentage'), ('common', 'Not too/not at all common'), ('responses', 'response')]
  # AggrFunc: ['min', '<NULL>']
     # amap: [('lowest', 'min')]
  # NumFunc: ['<NULL>']
     # nmap: []
  # BoolFunc: ['==', '<NULL>']
     # bmap: [(None, '==')]
  # IndFunc: ['eqmin', '<NULL>']
     # imap: [('lowest', 'eqmin')]
# loading skeleton list...

# ========== candidate program report ========== #
# (t=0.00) i=0, candidate=[{'ANSWER': 'Muslims'}]
  # found 2 program(s)
    # SelectCol(SelectRow0(SelectRow1(@param0, ==, 1, Not too/not at all common@Str), eqmin, 2), ['0'])
      --> ['SelectCol', ['SelectRow0', ['SelectRow1', 'input@0', '==', 'response', 'Not too/not at all common'], 'eqmin', 'percentage'], ['Religion']]
    # SelectCol(SelectRow0(SelectRow1(SelectRow1(@param0, ==, 1, Not too/not at all common@Str), ==, 1, Not too/not at all common@Str), eqmin, 2), ['0'])
      --> ['SelectCol', ['SelectRow0', ['SelectRow1', ['SelectRow1', 'input@0', '==', 'response', 'Not too/not at all common'], '==', 'response', 'Not too/not at all common'], 'eqmin', 'percentage'], ['Religion']]
# (t=6.15) i=1, candidate=[{'ANSWER': 'Other non-Christian'}]
  # found 0 program(s)
# (t=12.27) i=2, candidate=[{'ANSWER': 'Orthodox Christian'}]
  # found 0 program(s)
# (t=18.36) i=3, candidate=[{'ANSWER': 'Protestants'}]
  # found 0 program(s)
# (t=24.43) i=4, candidate=[{'ANSWER': 'Pagan/earth-based'}]
  # found 0 program(s)
# (t=30.49) i=5, candidate=[{'ANSWER': 'Hindus'}]
  # found 0 program(s)
# (t=36.52) i=6, candidate=[{'ANSWER': 'Buddhists'}]
  # found 0 program(s)
# (t=42.59) i=7, candidate=[{'ANSWER': 'Catholics'}]
  # found 0 program(s)
# (t=48.71) i=8, candidate=[{'ANSWER': 'Jews'}]
  # found 0 program(s)
# (t=54.78) i=9, candidate=[{'ANSWER': 'Mormons'}]
  # found 0 program(s)
# (t=60.88) i=10, candidate=[{'ANSWER': 'Native Am. spirituality'}]
  # found 0 program(s)
# (t=66.93) i=11, candidate=[{'ANSWER': 'Unaffiliated'}]
  # found 0 program(s)

# ========== review report ========== #
# top-1, score: 1.52, answer: ['Muslims']
  # tprog: SelectCol(SelectRow0(SelectRow1(@param0, ==, 1, Not too/not at all common@Str), eqmin, 2), ['0'])
# top-2, score: 1.49, answer: ['Muslims']
  # tprog: SelectCol(SelectRow0(SelectRow1(SelectRow1(@param0, ==, 1, Not too/not at all common@Str), ==, 1, Not too/not at all common@Str), eqmin, 2), ['0'])
