# parsed arguments: Namespace(benchmark='Qfed33', dsl='meta_visqa', skeletons='visqa_normal', strategy='TaPas_C', fallback='auto', timeout=300, mode='full', expected_only=False)
# loading benchmark...
# table keywords: {'101', 'country', 'salvador', 'guatemala', 'el', '133', 'rica', 'panama', 'costa', '30', '46', '182', 'honduras', 'blue', 'belize', '183', '61', 'color', 'amphibians', 'nicaragua'}
# input type: [dtype('O'), dtype('int64'), dtype('O')]
# input is:
       Country  Amphibians color
0       Belize          46  blue
1   Costa Rica         183  blue
2  El Salvador          30  blue
3    Guatemala         133  blue
4     Honduras         101  blue
5    Nicaragua          61  blue
6       Panama         182  blue
# query is: How many amphibians species have Belize, Honduras, and Nicaragua together?
# expected output type:[dtype('int64')]
# expected output is:
   ANSWER
0     208
# inferred DSL terminals:
  # ConstVal: ['Nicaragua@Str', 'Belize@Str', 'Amphibians@Str', '<NULL>']
     # cmap: [('belize', 'Belize'), ('amphibians', 'Amphibians'), ('nicaragua', 'Nicaragua')]
  # AggrFunc: ['count', '<NULL>']
     # amap: [('how many', 'count')]
  # NumFunc: ['<NULL>']
     # nmap: []
  # BoolFunc: ['==', '<NULL>']
     # bmap: [(None, '==')]
  # IndFunc: ['<NULL>']
     # imap: []
# loading skeleton list...

# ========== candidate program report ========== #
# (t=0.00) i=0, candidate=[{'ANSWER': 46}]
  # found 2 program(s)
    # SelectCol(SelectRow1(@param0, ==, 0, Belize@Str), ['1'])
      --> ['SelectCol', ['SelectRow1', 'input@0', '==', 'Country', 'Belize'], ['Amphibians']]
    # SelectCol(SelectRow1(@param0, ==, 0, Belize@Str), ['-99', '-2'])
      --> ['SelectCol', ['SelectRow1', 'input@0', '==', 'Country', 'Belize'], ['Amphibians']]
# (t=1.18) i=1, candidate=[{'ANSWER': 133}]
  # found 0 program(s)
# (t=2.36) i=2, candidate=[{'ANSWER': 101}]
  # found 0 program(s)
# (t=3.51) i=3, candidate=[{'ANSWER': 61}]
  # found 2 program(s)
    # SelectCol(SelectRow1(@param0, ==, 0, Nicaragua@Str), ['1'])
      --> ['SelectCol', ['SelectRow1', 'input@0', '==', 'Country', 'Nicaragua'], ['Amphibians']]
    # SelectCol(SelectRow1(@param0, ==, 0, Nicaragua@Str), ['-99', '-2'])
      --> ['SelectCol', ['SelectRow1', 'input@0', '==', 'Country', 'Nicaragua'], ['Amphibians']]
# (t=4.67) i=4, candidate=[{'ANSWER': 179}]
  # found 0 program(s)
# (t=5.67) i=5, candidate=[{'ANSWER': 147}]
  # found 0 program(s)
# (t=6.65) i=6, candidate=[{'ANSWER': 107}]
  # found 0 program(s)
# (t=7.64) i=7, candidate=[{'ANSWER': 234}]
  # found 0 program(s)
# (t=8.64) i=8, candidate=[{'ANSWER': 194}]
  # found 0 program(s)
# (t=9.63) i=9, candidate=[{'ANSWER': 162}]
  # found 0 program(s)
# (t=10.63) i=10, candidate=[{'ANSWER': 280}]
  # found 0 program(s)
# (t=11.62) i=11, candidate=[{'ANSWER': 240}]
  # found 0 program(s)
# (t=12.62) i=12, candidate=[{'ANSWER': 208}]
  # found 0 program(s)
# (t=13.60) i=13, candidate=[{'ANSWER': 295}]
  # found 0 program(s)
# (t=14.58) i=14, candidate=[{'ANSWER': 341}]
  # found 0 program(s)
# (t=15.57) i=15, candidate=[{'ANSWER': 310}]
  # found 0 program(s)
# (t=16.56) i=16, candidate=[{'ANSWER': 270}]
  # found 0 program(s)
# (t=17.55) i=17, candidate=[{'ANSWER': 238}]
  # found 0 program(s)
# (t=18.53) i=18, candidate=[{'ANSWER': 325}]
  # found 0 program(s)
# (t=19.53) i=19, candidate=[{'ANSWER': 209}]
  # found 0 program(s)
# (t=20.53) i=20, candidate=[{'ANSWER': 177}]
  # found 0 program(s)
# (t=21.52) i=21, candidate=[{'ANSWER': 137}]
  # found 0 program(s)
# (t=22.51) i=22, candidate=[{'ANSWER': 264}]
  # found 0 program(s)
# (t=23.50) i=23, candidate=[{'ANSWER': 224}]
  # found 0 program(s)
# (t=24.50) i=24, candidate=[{'ANSWER': 192}]
  # found 0 program(s)
# (t=25.47) i=25, candidate=[{'ANSWER': 76}]
  # found 0 program(s)
# (t=26.46) i=26, candidate=[{'ANSWER': 163}]
  # found 0 program(s)
# (t=27.44) i=27, candidate=[{'ANSWER': 131}]
  # found 0 program(s)
# (t=28.43) i=28, candidate=[{'ANSWER': 91}]
  # found 0 program(s)
# (t=29.42) i=29, candidate=[{'ANSWER': 30}]
  # found 0 program(s)

# ========== review report ========== #
# top-1, score: 2.34, answer: [46]
  # tprog: SelectCol(SelectRow1(@param0, ==, 0, Belize@Str), ['1'])
# top-2, score: 2.34, answer: [46]
  # tprog: SelectCol(SelectRow1(@param0, ==, 0, Belize@Str), ['-99', '-2'])
# top-3, score: 2.34, answer: [61]
  # tprog: SelectCol(SelectRow1(@param0, ==, 0, Nicaragua@Str), ['1'])
# top-4, score: 2.34, answer: [61]
  # tprog: SelectCol(SelectRow1(@param0, ==, 0, Nicaragua@Str), ['-99', '-2'])
