# parsed arguments: Namespace(benchmark='Qff1c3', dsl='meta_visqa', skeletons='visqa_normal', strategy='TaPas_C', fallback='auto', timeout=300, mode='full', expected_only=False)
# loading benchmark...
# table keywords: {'mexico', '39', 'country', '77', 'u.s.', 'india', '43', '65', '50', 'czech', 'greece', 'pakistan', 'response', '51', 'lebanon', 'brazil', 'work', 'france', '64', 'blue', '30', 'color', '57', 'hard', 'most', '27', 'japan', '67', 'italy', 'egypt', 'poland', '53', '33', '15', '48', 'guarantee', '41', '40', 'rep.', '69', '54', '20', 'tunisia', '42', 'russia', '31', 'succeed', 'spain', '24', 'percentage', 'britain', '35', 'germany', 'china', 'jordan', 'turkey', '46', 'orange', '37', '73', '45', '59', '32', '56', '81', 'if', 'no'}
# input type: [dtype('O'), dtype('O'), dtype('int64'), dtype('O')]
# input is:
       country                   response  percentage   color
0         U.S.     Hard work no guarantee          20    blue
1         U.S.  Most succeed if work hard          77  orange
2      Britain     Hard work no guarantee          41    blue
3      Britain  Most succeed if work hard          57  orange
4        Spain     Hard work no guarantee          43    blue
5        Spain  Most succeed if work hard          56  orange
6   Czech Rep.     Hard work no guarantee          43    blue
7   Czech Rep.  Most succeed if work hard          54  orange
8      Germany     Hard work no guarantee          48    blue
9      Germany  Most succeed if work hard          51  orange
10      Poland     Hard work no guarantee          43    blue
11      Poland  Most succeed if work hard          48  orange
12      France     Hard work no guarantee          54    blue
13      France  Most succeed if work hard          46  orange
14       Italy     Hard work no guarantee          46    blue
15       Italy  Most succeed if work hard          43  orange
16      Greece     Hard work no guarantee          51    blue
17      Greece  Most succeed if work hard          43  orange
18      Russia     Hard work no guarantee          53    blue
19      Russia  Most succeed if work hard          35  orange
20    Pakistan     Hard work no guarantee          15    blue
21    Pakistan  Most succeed if work hard          81  orange
22     Tunisia     Hard work no guarantee          24    blue
23     Tunisia  Most succeed if work hard          73  orange
24      Jordan     Hard work no guarantee          37    blue
25      Jordan  Most succeed if work hard          57  orange
26       Egypt     Hard work no guarantee          42    blue
27       Egypt  Most succeed if work hard          53  orange
28      Turkey     Hard work no guarantee          39    blue
29      Turkey  Most succeed if work hard          50  orange
30     Lebanon     Hard work no guarantee          64    blue
31     Lebanon  Most succeed if work hard          32  orange
32       India     Hard work no guarantee          27    blue
33       India  Most succeed if work hard          67  orange
34       China     Hard work no guarantee          33    blue
35       China  Most succeed if work hard          45  orange
36       Japan     Hard work no guarantee          59    blue
37       Japan  Most succeed if work hard          40  orange
38      Brazil     Hard work no guarantee          30    blue
39      Brazil  Most succeed if work hard          69  orange
40      Mexico     Hard work no guarantee          31    blue
41      Mexico  Most succeed if work hard          65  orange
# query is: Is the percentage of "Most succeed if work hard" higher in Italy than Greece?
# expected output type:[dtype('O')]
# expected output is:
  ANSWER
0     No
# inferred DSL terminals:
  # ConstVal: ['percentage@Str', 'Hard work no guarantee@Str', 'Italy@Str', 'Most succeed if work hard@Str', 'Greece@Str', '<NULL>']
     # cmap: [('italy', 'Italy'), ('hard', 'Hard work no guarantee'), ('percentage', 'percentage'), ('work', 'Hard work no guarantee'), ('most', 'Most succeed if work hard'), ('hard', 'Most succeed if work hard'), ('succeed', 'Most succeed if work hard'), ('if', 'Most succeed if work hard'), ('work', 'Most succeed if work hard'), ('greece', 'Greece')]
  # AggrFunc: ['max', '<NULL>']
     # amap: [('most', 'max')]
  # NumFunc: ['-', '<NULL>']
     # nmap: [('higher', '-')]
  # BoolFunc: ['==', '<NULL>']
     # bmap: [(None, '==')]
  # IndFunc: ['eqmax', '<NULL>']
     # imap: [('most', 'eqmax')]
# ====> fallback strategy (comparison) is triggered
  # [debug] high_values: [(0, 49), (38, 42), (38, 42), (34, 42), (34, 42), (30, 42), (30, 42), (26, 42), (26, 42), (24, 42)]
  # [debug] high_values (no dup.): [(0, 49), (38, 42), (38, 42), (34, 42), (34, 42), (30, 42), (30, 42), (26, 42), (26, 42), (24, 42)]
  # [debug] filtered low_values (no dup.): []
# loading skeleton list...

# ========== candidate program report ========== #
# (t=0.00) i=0, candidate=[{'ANSWER': 1}]
  # found 0 program(s)
# (t=10.05) i=1, candidate=[{'ANSWER': 2}]
  # found 0 program(s)
# (t=20.13) i=2, candidate=[{'ANSWER': 0}]
  # found 26 program(s)
    # Summarize(SelectRow1(@param0, ==, 0, percentage@Str), max, 2)
      --> ['Summarize', ['SelectRow1', 'input@0', '==', 'country', 'percentage'], 'max', 'percentage']
    # Summarize(SelectRow1(@param0, ==, 0, Hard work no guarantee@Str), max, 2)
      --> ['Summarize', ['SelectRow1', 'input@0', '==', 'country', 'Hard work no guarantee'], 'max', 'percentage']
    # Summarize(SelectRow1(@param0, ==, 0, Most succeed if work hard@Str), max, 2)
      --> ['Summarize', ['SelectRow1', 'input@0', '==', 'country', 'Most succeed if work hard'], 'max', 'percentage']
    # Summarize(SelectRow1(@param0, ==, 1, percentage@Str), max, 2)
      --> ['Summarize', ['SelectRow1', 'input@0', '==', 'response', 'percentage'], 'max', 'percentage']
    # Summarize(SelectRow1(@param0, ==, 1, Italy@Str), max, 2)
      --> ['Summarize', ['SelectRow1', 'input@0', '==', 'response', 'Italy'], 'max', 'percentage']
    # Summarize(SelectRow1(@param0, ==, 1, Greece@Str), max, 2)
      --> ['Summarize', ['SelectRow1', 'input@0', '==', 'response', 'Greece'], 'max', 'percentage']
    # Summarize(SelectRow1(@param0, ==, 2, percentage@Str), max, 2)
      --> ['Summarize', ['SelectRow1', 'input@0', '==', 'percentage', 'percentage'], 'max', 'percentage']
    # Summarize(SelectRow1(@param0, ==, 2, Hard work no guarantee@Str), max, 2)
      --> ['Summarize', ['SelectRow1', 'input@0', '==', 'percentage', 'Hard work no guarantee'], 'max', 'percentage']
    # Summarize(SelectRow1(@param0, ==, 2, Italy@Str), max, 2)
      --> ['Summarize', ['SelectRow1', 'input@0', '==', 'percentage', 'Italy'], 'max', 'percentage']
    # Summarize(SelectRow1(@param0, ==, 2, Most succeed if work hard@Str), max, 2)
      --> ['Summarize', ['SelectRow1', 'input@0', '==', 'percentage', 'Most succeed if work hard'], 'max', 'percentage']
    # Summarize(SelectRow1(@param0, ==, 2, Greece@Str), max, 2)
      --> ['Summarize', ['SelectRow1', 'input@0', '==', 'percentage', 'Greece'], 'max', 'percentage']
    # Summarize(SelectRow1(@param0, ==, 3, percentage@Str), max, 2)
      --> ['Summarize', ['SelectRow1', 'input@0', '==', 'color', 'percentage'], 'max', 'percentage']
    # Summarize(SelectRow1(@param0, ==, 3, Hard work no guarantee@Str), max, 2)
      --> ['Summarize', ['SelectRow1', 'input@0', '==', 'color', 'Hard work no guarantee'], 'max', 'percentage']
    # Summarize(SelectRow1(@param0, ==, 3, Italy@Str), max, 2)
      --> ['Summarize', ['SelectRow1', 'input@0', '==', 'color', 'Italy'], 'max', 'percentage']
    # Summarize(SelectRow1(@param0, ==, 3, Most succeed if work hard@Str), max, 2)
      --> ['Summarize', ['SelectRow1', 'input@0', '==', 'color', 'Most succeed if work hard'], 'max', 'percentage']
    # Summarize(SelectRow1(@param0, ==, 3, Greece@Str), max, 2)
      --> ['Summarize', ['SelectRow1', 'input@0', '==', 'color', 'Greece'], 'max', 'percentage']
    # Contrast(SelectRow1(@param0, ==, 0, Italy@Str), -, 1, Hard work no guarantee@Str, Hard work no guarantee@Str, 2)
      --> ['Contrast', ['SelectRow1', 'input@0', '==', 'country', 'Italy'], '-', 'response', 'Hard work no guarantee', 'Hard work no guarantee', 'percentage']
    # Contrast(SelectRow1(@param0, ==, 0, Italy@Str), -, 1, Most succeed if work hard@Str, Most succeed if work hard@Str, 2)
      --> ['Contrast', ['SelectRow1', 'input@0', '==', 'country', 'Italy'], '-', 'response', 'Most succeed if work hard', 'Most succeed if work hard', 'percentage']
    # Contrast(SelectRow1(@param0, ==, 0, Greece@Str), -, 1, Hard work no guarantee@Str, Hard work no guarantee@Str, 2)
      --> ['Contrast', ['SelectRow1', 'input@0', '==', 'country', 'Greece'], '-', 'response', 'Hard work no guarantee', 'Hard work no guarantee', 'percentage']
    # Contrast(SelectRow1(@param0, ==, 0, Greece@Str), -, 1, Most succeed if work hard@Str, Most succeed if work hard@Str, 2)
      --> ['Contrast', ['SelectRow1', 'input@0', '==', 'country', 'Greece'], '-', 'response', 'Most succeed if work hard', 'Most succeed if work hard', 'percentage']
    # Contrast(SelectRow1(@param0, ==, 1, Hard work no guarantee@Str), -, 0, Italy@Str, Italy@Str, 2)
      --> ['Contrast', ['SelectRow1', 'input@0', '==', 'response', 'Hard work no guarantee'], '-', 'country', 'Italy', 'Italy', 'percentage']
    # Contrast(SelectRow1(@param0, ==, 1, Hard work no guarantee@Str), -, 0, Greece@Str, Greece@Str, 2)
      --> ['Contrast', ['SelectRow1', 'input@0', '==', 'response', 'Hard work no guarantee'], '-', 'country', 'Greece', 'Greece', 'percentage']
    # Contrast(SelectRow1(@param0, ==, 1, Most succeed if work hard@Str), -, 0, Italy@Str, Italy@Str, 2)
      --> ['Contrast', ['SelectRow1', 'input@0', '==', 'response', 'Most succeed if work hard'], '-', 'country', 'Italy', 'Italy', 'percentage']
    # Contrast(SelectRow1(@param0, ==, 1, Most succeed if work hard@Str), -, 0, Italy@Str, Greece@Str, 2)
      --> ['Contrast', ['SelectRow1', 'input@0', '==', 'response', 'Most succeed if work hard'], '-', 'country', 'Italy', 'Greece', 'percentage']
    # Contrast(SelectRow1(@param0, ==, 1, Most succeed if work hard@Str), -, 0, Greece@Str, Italy@Str, 2)
      --> ['Contrast', ['SelectRow1', 'input@0', '==', 'response', 'Most succeed if work hard'], '-', 'country', 'Greece', 'Italy', 'percentage']
    # Contrast(SelectRow1(@param0, ==, 1, Most succeed if work hard@Str), -, 0, Greece@Str, Greece@Str, 2)
      --> ['Contrast', ['SelectRow1', 'input@0', '==', 'response', 'Most succeed if work hard'], '-', 'country', 'Greece', 'Greece', 'percentage']
# (t=30.10) i=3, candidate=[{'ANSWER': 38}]
  # found 0 program(s)
# (t=40.04) i=4, candidate=[{'ANSWER': 38}]
  # found 0 program(s)
# (t=50.12) i=5, candidate=[{'ANSWER': 34}]
  # found 0 program(s)
# (t=60.17) i=6, candidate=[{'ANSWER': 34}]
  # found 0 program(s)
# (t=70.35) i=7, candidate=[{'ANSWER': 30}]
  # found 0 program(s)
# (t=83.20) i=8, candidate=[{'ANSWER': 30}]
  # found 0 program(s)
# (t=95.68) i=9, candidate=[{'ANSWER': 26}]
  # found 0 program(s)
# (t=105.74) i=10, candidate=[{'ANSWER': 26}]
  # found 0 program(s)
# (t=115.69) i=11, candidate=[{'ANSWER': 24}]
  # found 0 program(s)

# ========== review report ========== #
# top-1, score: 2.73, answer: [0]
  # tprog: Contrast(SelectRow1(@param0, ==, 1, Most succeed if work hard@Str), -, 0, Italy@Str, Greece@Str, 2)
# top-2, score: 2.73, answer: [0]
  # tprog: Contrast(SelectRow1(@param0, ==, 1, Most succeed if work hard@Str), -, 0, Greece@Str, Italy@Str, 2)
# top-3, score: 2.66, answer: [0]
  # tprog: Contrast(SelectRow1(@param0, ==, 0, Italy@Str), -, 1, Most succeed if work hard@Str, Most succeed if work hard@Str, 2)
# top-4, score: 2.66, answer: [0]
  # tprog: Contrast(SelectRow1(@param0, ==, 0, Greece@Str), -, 1, Most succeed if work hard@Str, Most succeed if work hard@Str, 2)
# top-5, score: 2.66, answer: [0]
  # tprog: Contrast(SelectRow1(@param0, ==, 1, Most succeed if work hard@Str), -, 0, Italy@Str, Italy@Str, 2)
# top-6, score: 2.66, answer: [0]
  # tprog: Contrast(SelectRow1(@param0, ==, 1, Most succeed if work hard@Str), -, 0, Greece@Str, Greece@Str, 2)
# top-7, score: 2.55, answer: [0]
  # tprog: Summarize(SelectRow1(@param0, ==, 0, Most succeed if work hard@Str), max, 2)
# top-8, score: 2.55, answer: [0]
  # tprog: Summarize(SelectRow1(@param0, ==, 2, Most succeed if work hard@Str), max, 2)
# top-9, score: 2.55, answer: [0]
  # tprog: Summarize(SelectRow1(@param0, ==, 3, Most succeed if work hard@Str), max, 2)
# top-10, score: 2.45, answer: [0]
  # tprog: Contrast(SelectRow1(@param0, ==, 1, Hard work no guarantee@Str), -, 0, Italy@Str, Italy@Str, 2)
# top-11, score: 2.45, answer: [0]
  # tprog: Contrast(SelectRow1(@param0, ==, 1, Hard work no guarantee@Str), -, 0, Greece@Str, Greece@Str, 2)
# top-12, score: 2.34, answer: [0]
  # tprog: Summarize(SelectRow1(@param0, ==, 1, Italy@Str), max, 2)
# top-13, score: 2.34, answer: [0]
  # tprog: Summarize(SelectRow1(@param0, ==, 1, Greece@Str), max, 2)
# top-14, score: 2.34, answer: [0]
  # tprog: Summarize(SelectRow1(@param0, ==, 2, Italy@Str), max, 2)
# top-15, score: 2.34, answer: [0]
  # tprog: Summarize(SelectRow1(@param0, ==, 2, Greece@Str), max, 2)
# top-16, score: 2.34, answer: [0]
  # tprog: Summarize(SelectRow1(@param0, ==, 3, Italy@Str), max, 2)
# top-17, score: 2.34, answer: [0]
  # tprog: Summarize(SelectRow1(@param0, ==, 3, Greece@Str), max, 2)
# top-18, score: 2.27, answer: [0]
  # tprog: Summarize(SelectRow1(@param0, ==, 0, percentage@Str), max, 2)
# top-19, score: 2.27, answer: [0]
  # tprog: Summarize(SelectRow1(@param0, ==, 1, percentage@Str), max, 2)
# top-20, score: 2.27, answer: [0]
  # tprog: Summarize(SelectRow1(@param0, ==, 2, percentage@Str), max, 2)
# top-21, score: 2.27, answer: [0]
  # tprog: Summarize(SelectRow1(@param0, ==, 3, percentage@Str), max, 2)
# top-22, score: 1.95, answer: [0]
  # tprog: Contrast(SelectRow1(@param0, ==, 0, Italy@Str), -, 1, Hard work no guarantee@Str, Hard work no guarantee@Str, 2)
# top-23, score: 1.95, answer: [0]
  # tprog: Contrast(SelectRow1(@param0, ==, 0, Greece@Str), -, 1, Hard work no guarantee@Str, Hard work no guarantee@Str, 2)
# top-24, score: 1.41, answer: [0]
  # tprog: Summarize(SelectRow1(@param0, ==, 0, Hard work no guarantee@Str), max, 2)
# top-25, score: 1.41, answer: [0]
  # tprog: Summarize(SelectRow1(@param0, ==, 2, Hard work no guarantee@Str), max, 2)
# top-26, score: 1.41, answer: [0]
  # tprog: Summarize(SelectRow1(@param0, ==, 3, Hard work no guarantee@Str), max, 2)
