# parsed arguments: Namespace(benchmark='Q48a8c', dsl='meta_visqa', skeletons='visqa_normal', strategy='TaPas_C', fallback='auto', timeout=300, mode='abstract-only', expected_only=False)
# loading benchmark...
# table keywords: {'pakistan', 'spain', '56', '48', 'greece', '46', 'italy', 'czech', 'jordan', '35', '31', '50', '67', 'blue', 'work', '20', 'france', 'color', 'russia', '24', '42', '57', 'poland', 'turkey', 'response', '43', '51', '73', 'britain', '39', '15', 'hard', 'if', 'egypt', 'lebanon', 'no', 'succeed', 'germany', '65', 'orange', '77', 'u.s.', '30', 'percentage', '33', '45', '64', 'rep.', '40', 'country', '69', '54', '27', '37', '32', 'most', 'tunisia', 'china', 'india', '59', '53', 'japan', 'brazil', '81', 'guarantee', '41', 'mexico'}
# input type: [dtype('O'), dtype('O'), dtype('int64'), dtype('O')]
# input is:
       country                   response  percentage   color
0         U.S.     Hard work no guarantee          20    blue
1         U.S.  Most succeed if work hard          77  orange
2      Britain     Hard work no guarantee          41    blue
3      Britain  Most succeed if work hard          57  orange
4        Spain     Hard work no guarantee          43    blue
5        Spain  Most succeed if work hard          56  orange
6   Czech Rep.     Hard work no guarantee          43    blue
7   Czech Rep.  Most succeed if work hard          54  orange
8      Germany     Hard work no guarantee          48    blue
9      Germany  Most succeed if work hard          51  orange
10      Poland     Hard work no guarantee          43    blue
11      Poland  Most succeed if work hard          48  orange
12      France     Hard work no guarantee          54    blue
13      France  Most succeed if work hard          46  orange
14       Italy     Hard work no guarantee          46    blue
15       Italy  Most succeed if work hard          43  orange
16      Greece     Hard work no guarantee          51    blue
17      Greece  Most succeed if work hard          43  orange
18      Russia     Hard work no guarantee          53    blue
19      Russia  Most succeed if work hard          35  orange
20    Pakistan     Hard work no guarantee          15    blue
21    Pakistan  Most succeed if work hard          81  orange
22     Tunisia     Hard work no guarantee          24    blue
23     Tunisia  Most succeed if work hard          73  orange
24      Jordan     Hard work no guarantee          37    blue
25      Jordan  Most succeed if work hard          57  orange
26       Egypt     Hard work no guarantee          42    blue
27       Egypt  Most succeed if work hard          53  orange
28      Turkey     Hard work no guarantee          39    blue
29      Turkey  Most succeed if work hard          50  orange
30     Lebanon     Hard work no guarantee          64    blue
31     Lebanon  Most succeed if work hard          32  orange
32       India     Hard work no guarantee          27    blue
33       India  Most succeed if work hard          67  orange
34       China     Hard work no guarantee          33    blue
35       China  Most succeed if work hard          45  orange
36       Japan     Hard work no guarantee          59    blue
37       Japan  Most succeed if work hard          40  orange
38      Brazil     Hard work no guarantee          30    blue
39      Brazil  Most succeed if work hard          69  orange
40      Mexico     Hard work no guarantee          31    blue
41      Mexico  Most succeed if work hard          65  orange
# query is: What is the difference between the largest orange percentage to that of the U.S.A.?
# expected output type:[dtype('int64')]
# expected output is:
   ANSWER
0       4
# inferred DSL terminals:
  # ConstVal: ['Lebanon@Str', 'Japan@Str', 'Spain@Str', '15@Int', 'Jordan@Str', 'orange@Str', '20@Int', '24@Int', 'Egypt@Str', '27@Int', '30@Int', 'Mexico@Str', 'Tunisia@Str', '32@Int', '33@Int', '35@Int', '31@Int', '37@Int', 'Pakistan@Str', '39@Int', 'Greece@Str', '41@Int', '42@Int', '43@Int', 'China@Str', '45@Int', '46@Int', 'Czech Rep.@Str', '48@Int', '40@Int', '50@Int', '51@Int', '53@Int', '54@Int', 'Hard work no guarantee@Str', '57@Int', '56@Int', '59@Int', 'France@Str', '64@Int', '65@Int', 'country@Str', '67@Int', '69@Int', 'India@Str', 'Most succeed if work hard@Str', 'Britain@Str', 'U.S.@Str', '73@Int', 'blue@Str', '77@Int', 'Brazil@Str', '81@Int', 'color@Str', 'Russia@Str', 'Germany@Str', 'percentage@Str', 'Poland@Str', 'Italy@Str', 'Turkey@Str', 'response@Str']
     # cmap: [(None, 'Lebanon'), (None, 'Japan'), (None, 'Spain'), (None, 15), (None, 'Jordan'), (None, 'orange'), (None, 20), (None, 24), (None, 'Egypt'), (None, 27), (None, 30), (None, 'Mexico'), (None, 'Tunisia'), (None, 32), (None, 33), (None, 35), (None, 31), (None, 37), (None, 'Pakistan'), (None, 39), (None, 'Greece'), (None, 41), (None, 42), (None, 43), (None, 'China'), (None, 45), (None, 46), (None, 'Czech Rep.'), (None, 48), (None, 40), (None, 50), (None, 51), (None, 53), (None, 54), (None, 'Hard work no guarantee'), (None, 57), (None, 56), (None, 59), (None, 'France'), (None, 64), (None, 65), (None, 'country'), (None, 67), (None, 69), (None, 'India'), (None, 'Most succeed if work hard'), (None, 'Britain'), (None, 'U.S.'), (None, 73), (None, 'blue'), (None, 77), (None, 'Brazil'), (None, 81), (None, 'color'), (None, 'Russia'), (None, 'Germany'), (None, 'percentage'), (None, 'Poland'), (None, 'Italy'), (None, 'Turkey'), (None, 'response')]
# loading skeleton list...

# ========== candidate program report ========== #
# (t=0.00) i=0, candidate=[{'ANSWER': 1}]
  # found 185 program(s)
    # SelectCol(SelectRow0(GroupSum(@param0, ['2'], count, 0), eqmin, 0), ['1'])
      --> ['SelectCol', ['SelectRow0', ['GroupSum', 'input@0', ['percentage'], 'count', 'country'], 'eqmin', 'percentage'], ['COL0']]
    # SelectCol(SelectRow0(GroupSum(@param0, ['2'], count, 0), eqmin, 0), ['-99'])
      --> ['SelectCol', ['SelectRow0', ['GroupSum', 'input@0', ['percentage'], 'count', 'country'], 'eqmin', 'percentage'], ['COL0']]
    # SelectCol(SelectRow0(GroupSum(@param0, ['2'], count, 0), eqmax, 0), ['1'])
      --> ['SelectCol', ['SelectRow0', ['GroupSum', 'input@0', ['percentage'], 'count', 'country'], 'eqmax', 'percentage'], ['COL0']]
    # SelectCol(SelectRow0(GroupSum(@param0, ['2'], count, 0), eqmax, 0), ['-99'])
      --> ['SelectCol', ['SelectRow0', ['GroupSum', 'input@0', ['percentage'], 'count', 'country'], 'eqmax', 'percentage'], ['COL0']]
    # SelectCol(SelectRow0(GroupSum(@param0, ['2'], count, 1), eqmin, 0), ['1'])
      --> ['SelectCol', ['SelectRow0', ['GroupSum', 'input@0', ['percentage'], 'count', 'response'], 'eqmin', 'percentage'], ['COL0']]
    # SelectCol(SelectRow0(GroupSum(@param0, ['2'], count, 1), eqmin, 0), ['-99'])
      --> ['SelectCol', ['SelectRow0', ['GroupSum', 'input@0', ['percentage'], 'count', 'response'], 'eqmin', 'percentage'], ['COL0']]
    # SelectCol(SelectRow0(GroupSum(@param0, ['2'], count, 1), eqmax, 0), ['1'])
      --> ['SelectCol', ['SelectRow0', ['GroupSum', 'input@0', ['percentage'], 'count', 'response'], 'eqmax', 'percentage'], ['COL0']]
    # SelectCol(SelectRow0(GroupSum(@param0, ['2'], count, 1), eqmax, 0), ['-99'])
      --> ['SelectCol', ['SelectRow0', ['GroupSum', 'input@0', ['percentage'], 'count', 'response'], 'eqmax', 'percentage'], ['COL0']]
    # SelectCol(SelectRow0(GroupSum(@param0, ['2'], count, 2), eqmin, 0), ['1'])
      --> ['SelectCol', ['SelectRow0', ['GroupSum', 'input@0', ['percentage'], 'count', 'percentage'], 'eqmin', 'percentage'], ['COL0']]
    # SelectCol(SelectRow0(GroupSum(@param0, ['2'], count, 2), eqmin, 0), ['-99'])
      --> ['SelectCol', ['SelectRow0', ['GroupSum', 'input@0', ['percentage'], 'count', 'percentage'], 'eqmin', 'percentage'], ['COL0']]
    # SelectCol(SelectRow0(GroupSum(@param0, ['2'], count, 2), eqmax, 0), ['1'])
      --> ['SelectCol', ['SelectRow0', ['GroupSum', 'input@0', ['percentage'], 'count', 'percentage'], 'eqmax', 'percentage'], ['COL0']]
    # SelectCol(SelectRow0(GroupSum(@param0, ['2'], count, 2), eqmax, 0), ['-99'])
      --> ['SelectCol', ['SelectRow0', ['GroupSum', 'input@0', ['percentage'], 'count', 'percentage'], 'eqmax', 'percentage'], ['COL0']]
    # SelectCol(SelectRow0(GroupSum(@param0, ['2'], count, 3), eqmin, 0), ['1'])
      --> ['SelectCol', ['SelectRow0', ['GroupSum', 'input@0', ['percentage'], 'count', 'color'], 'eqmin', 'percentage'], ['COL0']]
    # SelectCol(SelectRow0(GroupSum(@param0, ['2'], count, 3), eqmin, 0), ['-99'])
      --> ['SelectCol', ['SelectRow0', ['GroupSum', 'input@0', ['percentage'], 'count', 'color'], 'eqmin', 'percentage'], ['COL0']]
    # SelectCol(SelectRow0(GroupSum(@param0, ['2'], count, 3), eqmax, 0), ['1'])
      --> ['SelectCol', ['SelectRow0', ['GroupSum', 'input@0', ['percentage'], 'count', 'color'], 'eqmax', 'percentage'], ['COL0']]
    # SelectCol(SelectRow0(GroupSum(@param0, ['2'], count, 3), eqmax, 0), ['-99'])
      --> ['SelectCol', ['SelectRow0', ['GroupSum', 'input@0', ['percentage'], 'count', 'color'], 'eqmax', 'percentage'], ['COL0']]
    # SelectCol(SelectRow0(GroupSum(@param0, ['0', '2'], count, 0), eqmin, 1), ['2'])
      --> ['SelectCol', ['SelectRow0', ['GroupSum', 'input@0', ['country', 'percentage'], 'count', 'country'], 'eqmin', 'percentage'], ['COL0']]
    # SelectCol(SelectRow0(GroupSum(@param0, ['0', '2'], count, 0), eqmin, 1), ['-99', '-1'])
      --> ['SelectCol', ['SelectRow0', ['GroupSum', 'input@0', ['country', 'percentage'], 'count', 'country'], 'eqmin', 'percentage'], ['COL0']]
    # SelectCol(SelectRow0(GroupSum(@param0, ['0', '2'], count, 0), eqmax, 1), ['2'])
      --> ['SelectCol', ['SelectRow0', ['GroupSum', 'input@0', ['country', 'percentage'], 'count', 'country'], 'eqmax', 'percentage'], ['COL0']]
    # SelectCol(SelectRow0(GroupSum(@param0, ['0', '2'], count, 0), eqmax, 1), ['-99', '-1'])
      --> ['SelectCol', ['SelectRow0', ['GroupSum', 'input@0', ['country', 'percentage'], 'count', 'country'], 'eqmax', 'percentage'], ['COL0']]
    # SelectCol(SelectRow0(GroupSum(@param0, ['0', '2'], count, 1), eqmin, 1), ['2'])
      --> ['SelectCol', ['SelectRow0', ['GroupSum', 'input@0', ['country', 'percentage'], 'count', 'response'], 'eqmin', 'percentage'], ['COL0']]
    # SelectCol(SelectRow0(GroupSum(@param0, ['0', '2'], count, 1), eqmin, 1), ['-99', '-1'])
      --> ['SelectCol', ['SelectRow0', ['GroupSum', 'input@0', ['country', 'percentage'], 'count', 'response'], 'eqmin', 'percentage'], ['COL0']]
    # SelectCol(SelectRow0(GroupSum(@param0, ['0', '2'], count, 1), eqmax, 1), ['2'])
      --> ['SelectCol', ['SelectRow0', ['GroupSum', 'input@0', ['country', 'percentage'], 'count', 'response'], 'eqmax', 'percentage'], ['COL0']]
    # SelectCol(SelectRow0(GroupSum(@param0, ['0', '2'], count, 1), eqmax, 1), ['-99', '-1'])
      --> ['SelectCol', ['SelectRow0', ['GroupSum', 'input@0', ['country', 'percentage'], 'count', 'response'], 'eqmax', 'percentage'], ['COL0']]
    # SelectCol(SelectRow0(GroupSum(@param0, ['0', '2'], count, 2), eqmin, 1), ['2'])
      --> ['SelectCol', ['SelectRow0', ['GroupSum', 'input@0', ['country', 'percentage'], 'count', 'percentage'], 'eqmin', 'percentage'], ['COL0']]
    # SelectCol(SelectRow0(GroupSum(@param0, ['0', '2'], count, 2), eqmin, 1), ['-99', '-1'])
      --> ['SelectCol', ['SelectRow0', ['GroupSum', 'input@0', ['country', 'percentage'], 'count', 'percentage'], 'eqmin', 'percentage'], ['COL0']]
    # SelectCol(SelectRow0(GroupSum(@param0, ['0', '2'], count, 2), eqmax, 1), ['2'])
      --> ['SelectCol', ['SelectRow0', ['GroupSum', 'input@0', ['country', 'percentage'], 'count', 'percentage'], 'eqmax', 'percentage'], ['COL0']]
    # SelectCol(SelectRow0(GroupSum(@param0, ['0', '2'], count, 2), eqmax, 1), ['-99', '-1'])
      --> ['SelectCol', ['SelectRow0', ['GroupSum', 'input@0', ['country', 'percentage'], 'count', 'percentage'], 'eqmax', 'percentage'], ['COL0']]
    # SelectCol(SelectRow0(GroupSum(@param0, ['0', '2'], count, 3), eqmin, 1), ['2'])
      --> ['SelectCol', ['SelectRow0', ['GroupSum', 'input@0', ['country', 'percentage'], 'count', 'color'], 'eqmin', 'percentage'], ['COL0']]
    # SelectCol(SelectRow0(GroupSum(@param0, ['0', '2'], count, 3), eqmin, 1), ['-99', '-1'])
      --> ['SelectCol', ['SelectRow0', ['GroupSum', 'input@0', ['country', 'percentage'], 'count', 'color'], 'eqmin', 'percentage'], ['COL0']]
    # SelectCol(SelectRow0(GroupSum(@param0, ['0', '2'], count, 3), eqmax, 1), ['2'])
      --> ['SelectCol', ['SelectRow0', ['GroupSum', 'input@0', ['country', 'percentage'], 'count', 'color'], 'eqmax', 'percentage'], ['COL0']]
    # SelectCol(SelectRow0(GroupSum(@param0, ['0', '2'], count, 3), eqmax, 1), ['-99', '-1'])
      --> ['SelectCol', ['SelectRow0', ['GroupSum', 'input@0', ['country', 'percentage'], 'count', 'color'], 'eqmax', 'percentage'], ['COL0']]
    # SelectCol(SelectRow0(GroupSum(@param0, ['1', '2'], count, 0), eqmin, 1), ['2'])
      --> ['SelectCol', ['SelectRow0', ['GroupSum', 'input@0', ['response', 'percentage'], 'count', 'country'], 'eqmin', 'percentage'], ['COL0']]
    # SelectCol(SelectRow0(GroupSum(@param0, ['1', '2'], count, 0), eqmin, 1), ['-99', '-1'])
      --> ['SelectCol', ['SelectRow0', ['GroupSum', 'input@0', ['response', 'percentage'], 'count', 'country'], 'eqmin', 'percentage'], ['COL0']]
    # SelectCol(SelectRow0(GroupSum(@param0, ['1', '2'], count, 0), eqmax, 1), ['2'])
      --> ['SelectCol', ['SelectRow0', ['GroupSum', 'input@0', ['response', 'percentage'], 'count', 'country'], 'eqmax', 'percentage'], ['COL0']]
    # SelectCol(SelectRow0(GroupSum(@param0, ['1', '2'], count, 0), eqmax, 1), ['-99', '-1'])
      --> ['SelectCol', ['SelectRow0', ['GroupSum', 'input@0', ['response', 'percentage'], 'count', 'country'], 'eqmax', 'percentage'], ['COL0']]
    # SelectCol(SelectRow0(GroupSum(@param0, ['1', '2'], count, 1), eqmin, 1), ['2'])
      --> ['SelectCol', ['SelectRow0', ['GroupSum', 'input@0', ['response', 'percentage'], 'count', 'response'], 'eqmin', 'percentage'], ['COL0']]
    # SelectCol(SelectRow0(GroupSum(@param0, ['1', '2'], count, 1), eqmin, 1), ['-99', '-1'])
      --> ['SelectCol', ['SelectRow0', ['GroupSum', 'input@0', ['response', 'percentage'], 'count', 'response'], 'eqmin', 'percentage'], ['COL0']]
    # SelectCol(SelectRow0(GroupSum(@param0, ['1', '2'], count, 1), eqmax, 1), ['2'])
      --> ['SelectCol', ['SelectRow0', ['GroupSum', 'input@0', ['response', 'percentage'], 'count', 'response'], 'eqmax', 'percentage'], ['COL0']]
    # SelectCol(SelectRow0(GroupSum(@param0, ['1', '2'], count, 1), eqmax, 1), ['-99', '-1'])
      --> ['SelectCol', ['SelectRow0', ['GroupSum', 'input@0', ['response', 'percentage'], 'count', 'response'], 'eqmax', 'percentage'], ['COL0']]
    # SelectCol(SelectRow0(GroupSum(@param0, ['1', '2'], count, 2), eqmin, 1), ['2'])
      --> ['SelectCol', ['SelectRow0', ['GroupSum', 'input@0', ['response', 'percentage'], 'count', 'percentage'], 'eqmin', 'percentage'], ['COL0']]
    # SelectCol(SelectRow0(GroupSum(@param0, ['1', '2'], count, 2), eqmin, 1), ['-99', '-1'])
      --> ['SelectCol', ['SelectRow0', ['GroupSum', 'input@0', ['response', 'percentage'], 'count', 'percentage'], 'eqmin', 'percentage'], ['COL0']]
    # SelectCol(SelectRow0(GroupSum(@param0, ['1', '2'], count, 2), eqmax, 1), ['2'])
      --> ['SelectCol', ['SelectRow0', ['GroupSum', 'input@0', ['response', 'percentage'], 'count', 'percentage'], 'eqmax', 'percentage'], ['COL0']]
    # SelectCol(SelectRow0(GroupSum(@param0, ['1', '2'], count, 2), eqmax, 1), ['-99', '-1'])
      --> ['SelectCol', ['SelectRow0', ['GroupSum', 'input@0', ['response', 'percentage'], 'count', 'percentage'], 'eqmax', 'percentage'], ['COL0']]
    # SelectCol(SelectRow0(GroupSum(@param0, ['1', '2'], count, 3), eqmin, 1), ['2'])
      --> ['SelectCol', ['SelectRow0', ['GroupSum', 'input@0', ['response', 'percentage'], 'count', 'color'], 'eqmin', 'percentage'], ['COL0']]
    # SelectCol(SelectRow0(GroupSum(@param0, ['1', '2'], count, 3), eqmin, 1), ['-99', '-1'])
      --> ['SelectCol', ['SelectRow0', ['GroupSum', 'input@0', ['response', 'percentage'], 'count', 'color'], 'eqmin', 'percentage'], ['COL0']]
    # SelectCol(SelectRow0(GroupSum(@param0, ['1', '2'], count, 3), eqmax, 1), ['2'])
      --> ['SelectCol', ['SelectRow0', ['GroupSum', 'input@0', ['response', 'percentage'], 'count', 'color'], 'eqmax', 'percentage'], ['COL0']]
    # SelectCol(SelectRow0(GroupSum(@param0, ['1', '2'], count, 3), eqmax, 1), ['-99', '-1'])
      --> ['SelectCol', ['SelectRow0', ['GroupSum', 'input@0', ['response', 'percentage'], 'count', 'color'], 'eqmax', 'percentage'], ['COL0']]
    # SelectCol(SelectRow0(GroupSum(@param0, ['2', '3'], count, 0), eqmin, 0), ['2'])
      --> ['SelectCol', ['SelectRow0', ['GroupSum', 'input@0', ['percentage', 'color'], 'count', 'country'], 'eqmin', 'percentage'], ['COL0']]
    # SelectCol(SelectRow0(GroupSum(@param0, ['2', '3'], count, 0), eqmin, 0), ['-99', '-1'])
      --> ['SelectCol', ['SelectRow0', ['GroupSum', 'input@0', ['percentage', 'color'], 'count', 'country'], 'eqmin', 'percentage'], ['COL0']]
    # SelectCol(SelectRow0(GroupSum(@param0, ['2', '3'], count, 0), eqmax, 0), ['2'])
      --> ['SelectCol', ['SelectRow0', ['GroupSum', 'input@0', ['percentage', 'color'], 'count', 'country'], 'eqmax', 'percentage'], ['COL0']]
    # SelectCol(SelectRow0(GroupSum(@param0, ['2', '3'], count, 0), eqmax, 0), ['-99', '-1'])
      --> ['SelectCol', ['SelectRow0', ['GroupSum', 'input@0', ['percentage', 'color'], 'count', 'country'], 'eqmax', 'percentage'], ['COL0']]
    # SelectCol(SelectRow0(GroupSum(@param0, ['2', '3'], count, 1), eqmin, 0), ['2'])
      --> ['SelectCol', ['SelectRow0', ['GroupSum', 'input@0', ['percentage', 'color'], 'count', 'response'], 'eqmin', 'percentage'], ['COL0']]
    # SelectCol(SelectRow0(GroupSum(@param0, ['2', '3'], count, 1), eqmin, 0), ['-99', '-1'])
      --> ['SelectCol', ['SelectRow0', ['GroupSum', 'input@0', ['percentage', 'color'], 'count', 'response'], 'eqmin', 'percentage'], ['COL0']]
    # SelectCol(SelectRow0(GroupSum(@param0, ['2', '3'], count, 1), eqmax, 0), ['2'])
      --> ['SelectCol', ['SelectRow0', ['GroupSum', 'input@0', ['percentage', 'color'], 'count', 'response'], 'eqmax', 'percentage'], ['COL0']]
    # SelectCol(SelectRow0(GroupSum(@param0, ['2', '3'], count, 1), eqmax, 0), ['-99', '-1'])
      --> ['SelectCol', ['SelectRow0', ['GroupSum', 'input@0', ['percentage', 'color'], 'count', 'response'], 'eqmax', 'percentage'], ['COL0']]
    # SelectCol(SelectRow0(GroupSum(@param0, ['2', '3'], count, 2), eqmin, 0), ['2'])
      --> ['SelectCol', ['SelectRow0', ['GroupSum', 'input@0', ['percentage', 'color'], 'count', 'percentage'], 'eqmin', 'percentage'], ['COL0']]
    # SelectCol(SelectRow0(GroupSum(@param0, ['2', '3'], count, 2), eqmin, 0), ['-99', '-1'])
      --> ['SelectCol', ['SelectRow0', ['GroupSum', 'input@0', ['percentage', 'color'], 'count', 'percentage'], 'eqmin', 'percentage'], ['COL0']]
    # SelectCol(SelectRow0(GroupSum(@param0, ['2', '3'], count, 2), eqmax, 0), ['2'])
      --> ['SelectCol', ['SelectRow0', ['GroupSum', 'input@0', ['percentage', 'color'], 'count', 'percentage'], 'eqmax', 'percentage'], ['COL0']]
    # SelectCol(SelectRow0(GroupSum(@param0, ['2', '3'], count, 2), eqmax, 0), ['-99', '-1'])
      --> ['SelectCol', ['SelectRow0', ['GroupSum', 'input@0', ['percentage', 'color'], 'count', 'percentage'], 'eqmax', 'percentage'], ['COL0']]
    # SelectCol(SelectRow0(GroupSum(@param0, ['2', '3'], count, 3), eqmin, 0), ['2'])
      --> ['SelectCol', ['SelectRow0', ['GroupSum', 'input@0', ['percentage', 'color'], 'count', 'color'], 'eqmin', 'percentage'], ['COL0']]
    # SelectCol(SelectRow0(GroupSum(@param0, ['2', '3'], count, 3), eqmin, 0), ['-99', '-1'])
      --> ['SelectCol', ['SelectRow0', ['GroupSum', 'input@0', ['percentage', 'color'], 'count', 'color'], 'eqmin', 'percentage'], ['COL0']]
    # SelectCol(SelectRow0(GroupSum(@param0, ['2', '3'], count, 3), eqmax, 0), ['2'])
      --> ['SelectCol', ['SelectRow0', ['GroupSum', 'input@0', ['percentage', 'color'], 'count', 'color'], 'eqmax', 'percentage'], ['COL0']]
    # SelectCol(SelectRow0(GroupSum(@param0, ['2', '3'], count, 3), eqmax, 0), ['-99', '-1'])
      --> ['SelectCol', ['SelectRow0', ['GroupSum', 'input@0', ['percentage', 'color'], 'count', 'color'], 'eqmax', 'percentage'], ['COL0']]
    # Summarize(SelectRow1(@param0, <, 2, 20@Int), count, 0)
      --> ['Summarize', ['SelectRow1', 'input@0', '<', 'percentage', 20], 'count', 'country']
    # Summarize(SelectRow1(@param0, <, 2, 20@Int), count, 1)
      --> ['Summarize', ['SelectRow1', 'input@0', '<', 'percentage', 20], 'count', 'response']
    # Summarize(SelectRow1(@param0, <, 2, 20@Int), count, 2)
      --> ['Summarize', ['SelectRow1', 'input@0', '<', 'percentage', 20], 'count', 'percentage']
    # Summarize(SelectRow1(@param0, <, 2, 20@Int), count, 3)
      --> ['Summarize', ['SelectRow1', 'input@0', '<', 'percentage', 20], 'count', 'color']
    # Summarize(SelectRow1(@param0, <=, 2, 15@Int), count, 0)
      --> ['Summarize', ['SelectRow1', 'input@0', '<=', 'percentage', 15], 'count', 'country']
    # Summarize(SelectRow1(@param0, <=, 2, 15@Int), count, 1)
      --> ['Summarize', ['SelectRow1', 'input@0', '<=', 'percentage', 15], 'count', 'response']
    # Summarize(SelectRow1(@param0, <=, 2, 15@Int), count, 2)
      --> ['Summarize', ['SelectRow1', 'input@0', '<=', 'percentage', 15], 'count', 'percentage']
    # Summarize(SelectRow1(@param0, <=, 2, 15@Int), count, 3)
      --> ['Summarize', ['SelectRow1', 'input@0', '<=', 'percentage', 15], 'count', 'color']
    # Summarize(SelectRow1(@param0, ==, 2, 15@Int), count, 0)
      --> ['Summarize', ['SelectRow1', 'input@0', '==', 'percentage', 15], 'count', 'country']
    # Summarize(SelectRow1(@param0, ==, 2, 15@Int), count, 1)
      --> ['Summarize', ['SelectRow1', 'input@0', '==', 'percentage', 15], 'count', 'response']
    # Summarize(SelectRow1(@param0, ==, 2, 15@Int), count, 2)
      --> ['Summarize', ['SelectRow1', 'input@0', '==', 'percentage', 15], 'count', 'percentage']
    # Summarize(SelectRow1(@param0, ==, 2, 15@Int), count, 3)
      --> ['Summarize', ['SelectRow1', 'input@0', '==', 'percentage', 15], 'count', 'color']
    # Summarize(SelectRow1(@param0, ==, 2, 20@Int), count, 0)
      --> ['Summarize', ['SelectRow1', 'input@0', '==', 'percentage', 20], 'count', 'country']
    # Summarize(SelectRow1(@param0, ==, 2, 20@Int), count, 1)
      --> ['Summarize', ['SelectRow1', 'input@0', '==', 'percentage', 20], 'count', 'response']
    # Summarize(SelectRow1(@param0, ==, 2, 20@Int), count, 2)
      --> ['Summarize', ['SelectRow1', 'input@0', '==', 'percentage', 20], 'count', 'percentage']
    # Summarize(SelectRow1(@param0, ==, 2, 20@Int), count, 3)
      --> ['Summarize', ['SelectRow1', 'input@0', '==', 'percentage', 20], 'count', 'color']
    # Summarize(SelectRow1(@param0, ==, 2, 24@Int), count, 0)
      --> ['Summarize', ['SelectRow1', 'input@0', '==', 'percentage', 24], 'count', 'country']
    # Summarize(SelectRow1(@param0, ==, 2, 24@Int), count, 1)
      --> ['Summarize', ['SelectRow1', 'input@0', '==', 'percentage', 24], 'count', 'response']
    # Summarize(SelectRow1(@param0, ==, 2, 24@Int), count, 2)
      --> ['Summarize', ['SelectRow1', 'input@0', '==', 'percentage', 24], 'count', 'percentage']
    # Summarize(SelectRow1(@param0, ==, 2, 24@Int), count, 3)
      --> ['Summarize', ['SelectRow1', 'input@0', '==', 'percentage', 24], 'count', 'color']
    # Summarize(SelectRow1(@param0, ==, 2, 27@Int), count, 0)
      --> ['Summarize', ['SelectRow1', 'input@0', '==', 'percentage', 27], 'count', 'country']
    # Summarize(SelectRow1(@param0, ==, 2, 27@Int), count, 1)
      --> ['Summarize', ['SelectRow1', 'input@0', '==', 'percentage', 27], 'count', 'response']
    # Summarize(SelectRow1(@param0, ==, 2, 27@Int), count, 2)
      --> ['Summarize', ['SelectRow1', 'input@0', '==', 'percentage', 27], 'count', 'percentage']
    # Summarize(SelectRow1(@param0, ==, 2, 27@Int), count, 3)
      --> ['Summarize', ['SelectRow1', 'input@0', '==', 'percentage', 27], 'count', 'color']
    # Summarize(SelectRow1(@param0, ==, 2, 30@Int), count, 0)
      --> ['Summarize', ['SelectRow1', 'input@0', '==', 'percentage', 30], 'count', 'country']
    # Summarize(SelectRow1(@param0, ==, 2, 30@Int), count, 1)
      --> ['Summarize', ['SelectRow1', 'input@0', '==', 'percentage', 30], 'count', 'response']
    # Summarize(SelectRow1(@param0, ==, 2, 30@Int), count, 2)
      --> ['Summarize', ['SelectRow1', 'input@0', '==', 'percentage', 30], 'count', 'percentage']
    # Summarize(SelectRow1(@param0, ==, 2, 30@Int), count, 3)
      --> ['Summarize', ['SelectRow1', 'input@0', '==', 'percentage', 30], 'count', 'color']
    # Summarize(SelectRow1(@param0, ==, 2, 32@Int), count, 0)
      --> ['Summarize', ['SelectRow1', 'input@0', '==', 'percentage', 32], 'count', 'country']
    # Summarize(SelectRow1(@param0, ==, 2, 32@Int), count, 1)
      --> ['Summarize', ['SelectRow1', 'input@0', '==', 'percentage', 32], 'count', 'response']
    # Summarize(SelectRow1(@param0, ==, 2, 32@Int), count, 2)
      --> ['Summarize', ['SelectRow1', 'input@0', '==', 'percentage', 32], 'count', 'percentage']
    # Summarize(SelectRow1(@param0, ==, 2, 32@Int), count, 3)
      --> ['Summarize', ['SelectRow1', 'input@0', '==', 'percentage', 32], 'count', 'color']
    # Summarize(SelectRow1(@param0, ==, 2, 33@Int), count, 0)
      --> ['Summarize', ['SelectRow1', 'input@0', '==', 'percentage', 33], 'count', 'country']
    # Summarize(SelectRow1(@param0, ==, 2, 33@Int), count, 1)
      --> ['Summarize', ['SelectRow1', 'input@0', '==', 'percentage', 33], 'count', 'response']
    # Summarize(SelectRow1(@param0, ==, 2, 33@Int), count, 2)
      --> ['Summarize', ['SelectRow1', 'input@0', '==', 'percentage', 33], 'count', 'percentage']
    # Summarize(SelectRow1(@param0, ==, 2, 33@Int), count, 3)
      --> ['Summarize', ['SelectRow1', 'input@0', '==', 'percentage', 33], 'count', 'color']
    # Summarize(SelectRow1(@param0, ==, 2, 35@Int), count, 0)
      --> ['Summarize', ['SelectRow1', 'input@0', '==', 'percentage', 35], 'count', 'country']
    # Summarize(SelectRow1(@param0, ==, 2, 35@Int), count, 1)
      --> ['Summarize', ['SelectRow1', 'input@0', '==', 'percentage', 35], 'count', 'response']
    # Summarize(SelectRow1(@param0, ==, 2, 35@Int), count, 2)
      --> ['Summarize', ['SelectRow1', 'input@0', '==', 'percentage', 35], 'count', 'percentage']
    # Summarize(SelectRow1(@param0, ==, 2, 35@Int), count, 3)
      --> ['Summarize', ['SelectRow1', 'input@0', '==', 'percentage', 35], 'count', 'color']
    # Summarize(SelectRow1(@param0, ==, 2, 31@Int), count, 0)
      --> ['Summarize', ['SelectRow1', 'input@0', '==', 'percentage', 31], 'count', 'country']
    # Summarize(SelectRow1(@param0, ==, 2, 31@Int), count, 1)
      --> ['Summarize', ['SelectRow1', 'input@0', '==', 'percentage', 31], 'count', 'response']
    # Summarize(SelectRow1(@param0, ==, 2, 31@Int), count, 2)
      --> ['Summarize', ['SelectRow1', 'input@0', '==', 'percentage', 31], 'count', 'percentage']
    # Summarize(SelectRow1(@param0, ==, 2, 31@Int), count, 3)
      --> ['Summarize', ['SelectRow1', 'input@0', '==', 'percentage', 31], 'count', 'color']
    # Summarize(SelectRow1(@param0, ==, 2, 37@Int), count, 0)
      --> ['Summarize', ['SelectRow1', 'input@0', '==', 'percentage', 37], 'count', 'country']
    # Summarize(SelectRow1(@param0, ==, 2, 37@Int), count, 1)
      --> ['Summarize', ['SelectRow1', 'input@0', '==', 'percentage', 37], 'count', 'response']
    # Summarize(SelectRow1(@param0, ==, 2, 37@Int), count, 2)
      --> ['Summarize', ['SelectRow1', 'input@0', '==', 'percentage', 37], 'count', 'percentage']
    # Summarize(SelectRow1(@param0, ==, 2, 37@Int), count, 3)
      --> ['Summarize', ['SelectRow1', 'input@0', '==', 'percentage', 37], 'count', 'color']
    # Summarize(SelectRow1(@param0, ==, 2, 39@Int), count, 0)
      --> ['Summarize', ['SelectRow1', 'input@0', '==', 'percentage', 39], 'count', 'country']
    # Summarize(SelectRow1(@param0, ==, 2, 39@Int), count, 1)
      --> ['Summarize', ['SelectRow1', 'input@0', '==', 'percentage', 39], 'count', 'response']
    # Summarize(SelectRow1(@param0, ==, 2, 39@Int), count, 2)
      --> ['Summarize', ['SelectRow1', 'input@0', '==', 'percentage', 39], 'count', 'percentage']
    # Summarize(SelectRow1(@param0, ==, 2, 39@Int), count, 3)
      --> ['Summarize', ['SelectRow1', 'input@0', '==', 'percentage', 39], 'count', 'color']
    # Summarize(SelectRow1(@param0, ==, 2, 41@Int), count, 0)
      --> ['Summarize', ['SelectRow1', 'input@0', '==', 'percentage', 41], 'count', 'country']
    # Summarize(SelectRow1(@param0, ==, 2, 41@Int), count, 1)
      --> ['Summarize', ['SelectRow1', 'input@0', '==', 'percentage', 41], 'count', 'response']
    # Summarize(SelectRow1(@param0, ==, 2, 41@Int), count, 2)
      --> ['Summarize', ['SelectRow1', 'input@0', '==', 'percentage', 41], 'count', 'percentage']
    # Summarize(SelectRow1(@param0, ==, 2, 41@Int), count, 3)
      --> ['Summarize', ['SelectRow1', 'input@0', '==', 'percentage', 41], 'count', 'color']
    # Summarize(SelectRow1(@param0, ==, 2, 42@Int), count, 0)
      --> ['Summarize', ['SelectRow1', 'input@0', '==', 'percentage', 42], 'count', 'country']
    # Summarize(SelectRow1(@param0, ==, 2, 42@Int), count, 1)
      --> ['Summarize', ['SelectRow1', 'input@0', '==', 'percentage', 42], 'count', 'response']
    # Summarize(SelectRow1(@param0, ==, 2, 42@Int), count, 2)
      --> ['Summarize', ['SelectRow1', 'input@0', '==', 'percentage', 42], 'count', 'percentage']
    # Summarize(SelectRow1(@param0, ==, 2, 42@Int), count, 3)
      --> ['Summarize', ['SelectRow1', 'input@0', '==', 'percentage', 42], 'count', 'color']
    # Summarize(SelectRow1(@param0, ==, 2, 45@Int), count, 0)
      --> ['Summarize', ['SelectRow1', 'input@0', '==', 'percentage', 45], 'count', 'country']
    # Summarize(SelectRow1(@param0, ==, 2, 45@Int), count, 1)
      --> ['Summarize', ['SelectRow1', 'input@0', '==', 'percentage', 45], 'count', 'response']
    # Summarize(SelectRow1(@param0, ==, 2, 45@Int), count, 2)
      --> ['Summarize', ['SelectRow1', 'input@0', '==', 'percentage', 45], 'count', 'percentage']
    # Summarize(SelectRow1(@param0, ==, 2, 45@Int), count, 3)
      --> ['Summarize', ['SelectRow1', 'input@0', '==', 'percentage', 45], 'count', 'color']
    # Summarize(SelectRow1(@param0, ==, 2, 40@Int), count, 0)
      --> ['Summarize', ['SelectRow1', 'input@0', '==', 'percentage', 40], 'count', 'country']
    # Summarize(SelectRow1(@param0, ==, 2, 40@Int), count, 1)
      --> ['Summarize', ['SelectRow1', 'input@0', '==', 'percentage', 40], 'count', 'response']
    # Summarize(SelectRow1(@param0, ==, 2, 40@Int), count, 2)
      --> ['Summarize', ['SelectRow1', 'input@0', '==', 'percentage', 40], 'count', 'percentage']
    # Summarize(SelectRow1(@param0, ==, 2, 40@Int), count, 3)
      --> ['Summarize', ['SelectRow1', 'input@0', '==', 'percentage', 40], 'count', 'color']
    # Summarize(SelectRow1(@param0, ==, 2, 50@Int), count, 0)
      --> ['Summarize', ['SelectRow1', 'input@0', '==', 'percentage', 50], 'count', 'country']
    # Summarize(SelectRow1(@param0, ==, 2, 50@Int), count, 1)
      --> ['Summarize', ['SelectRow1', 'input@0', '==', 'percentage', 50], 'count', 'response']
    # Summarize(SelectRow1(@param0, ==, 2, 50@Int), count, 2)
      --> ['Summarize', ['SelectRow1', 'input@0', '==', 'percentage', 50], 'count', 'percentage']
    # Summarize(SelectRow1(@param0, ==, 2, 50@Int), count, 3)
      --> ['Summarize', ['SelectRow1', 'input@0', '==', 'percentage', 50], 'count', 'color']
    # Summarize(SelectRow1(@param0, ==, 2, 56@Int), count, 0)
      --> ['Summarize', ['SelectRow1', 'input@0', '==', 'percentage', 56], 'count', 'country']
    # Summarize(SelectRow1(@param0, ==, 2, 56@Int), count, 1)
      --> ['Summarize', ['SelectRow1', 'input@0', '==', 'percentage', 56], 'count', 'response']
    # Summarize(SelectRow1(@param0, ==, 2, 56@Int), count, 2)
      --> ['Summarize', ['SelectRow1', 'input@0', '==', 'percentage', 56], 'count', 'percentage']
    # Summarize(SelectRow1(@param0, ==, 2, 56@Int), count, 3)
      --> ['Summarize', ['SelectRow1', 'input@0', '==', 'percentage', 56], 'count', 'color']
    # Summarize(SelectRow1(@param0, ==, 2, 59@Int), count, 0)
      --> ['Summarize', ['SelectRow1', 'input@0', '==', 'percentage', 59], 'count', 'country']
    # Summarize(SelectRow1(@param0, ==, 2, 59@Int), count, 1)
      --> ['Summarize', ['SelectRow1', 'input@0', '==', 'percentage', 59], 'count', 'response']
    # Summarize(SelectRow1(@param0, ==, 2, 59@Int), count, 2)
      --> ['Summarize', ['SelectRow1', 'input@0', '==', 'percentage', 59], 'count', 'percentage']
    # Summarize(SelectRow1(@param0, ==, 2, 59@Int), count, 3)
      --> ['Summarize', ['SelectRow1', 'input@0', '==', 'percentage', 59], 'count', 'color']
    # Summarize(SelectRow1(@param0, ==, 2, 64@Int), count, 0)
      --> ['Summarize', ['SelectRow1', 'input@0', '==', 'percentage', 64], 'count', 'country']
    # Summarize(SelectRow1(@param0, ==, 2, 64@Int), count, 1)
      --> ['Summarize', ['SelectRow1', 'input@0', '==', 'percentage', 64], 'count', 'response']
    # Summarize(SelectRow1(@param0, ==, 2, 64@Int), count, 2)
      --> ['Summarize', ['SelectRow1', 'input@0', '==', 'percentage', 64], 'count', 'percentage']
    # Summarize(SelectRow1(@param0, ==, 2, 64@Int), count, 3)
      --> ['Summarize', ['SelectRow1', 'input@0', '==', 'percentage', 64], 'count', 'color']
    # Summarize(SelectRow1(@param0, ==, 2, 65@Int), count, 0)
      --> ['Summarize', ['SelectRow1', 'input@0', '==', 'percentage', 65], 'count', 'country']
    # Summarize(SelectRow1(@param0, ==, 2, 65@Int), count, 1)
      --> ['Summarize', ['SelectRow1', 'input@0', '==', 'percentage', 65], 'count', 'response']
    # Summarize(SelectRow1(@param0, ==, 2, 65@Int), count, 2)
      --> ['Summarize', ['SelectRow1', 'input@0', '==', 'percentage', 65], 'count', 'percentage']
    # Summarize(SelectRow1(@param0, ==, 2, 65@Int), count, 3)
      --> ['Summarize', ['SelectRow1', 'input@0', '==', 'percentage', 65], 'count', 'color']
    # Summarize(SelectRow1(@param0, ==, 2, 67@Int), count, 0)
      --> ['Summarize', ['SelectRow1', 'input@0', '==', 'percentage', 67], 'count', 'country']
    # Summarize(SelectRow1(@param0, ==, 2, 67@Int), count, 1)
      --> ['Summarize', ['SelectRow1', 'input@0', '==', 'percentage', 67], 'count', 'response']
    # Summarize(SelectRow1(@param0, ==, 2, 67@Int), count, 2)
      --> ['Summarize', ['SelectRow1', 'input@0', '==', 'percentage', 67], 'count', 'percentage']
    # Summarize(SelectRow1(@param0, ==, 2, 67@Int), count, 3)
      --> ['Summarize', ['SelectRow1', 'input@0', '==', 'percentage', 67], 'count', 'color']
    # Summarize(SelectRow1(@param0, ==, 2, 69@Int), count, 0)
      --> ['Summarize', ['SelectRow1', 'input@0', '==', 'percentage', 69], 'count', 'country']
    # Summarize(SelectRow1(@param0, ==, 2, 69@Int), count, 1)
      --> ['Summarize', ['SelectRow1', 'input@0', '==', 'percentage', 69], 'count', 'response']
    # Summarize(SelectRow1(@param0, ==, 2, 69@Int), count, 2)
      --> ['Summarize', ['SelectRow1', 'input@0', '==', 'percentage', 69], 'count', 'percentage']
    # Summarize(SelectRow1(@param0, ==, 2, 69@Int), count, 3)
      --> ['Summarize', ['SelectRow1', 'input@0', '==', 'percentage', 69], 'count', 'color']
    # Summarize(SelectRow1(@param0, ==, 2, 73@Int), count, 0)
      --> ['Summarize', ['SelectRow1', 'input@0', '==', 'percentage', 73], 'count', 'country']
    # Summarize(SelectRow1(@param0, ==, 2, 73@Int), count, 1)
      --> ['Summarize', ['SelectRow1', 'input@0', '==', 'percentage', 73], 'count', 'response']
    # Summarize(SelectRow1(@param0, ==, 2, 73@Int), count, 2)
      --> ['Summarize', ['SelectRow1', 'input@0', '==', 'percentage', 73], 'count', 'percentage']
    # Summarize(SelectRow1(@param0, ==, 2, 73@Int), count, 3)
      --> ['Summarize', ['SelectRow1', 'input@0', '==', 'percentage', 73], 'count', 'color']
    # Summarize(SelectRow1(@param0, ==, 2, 77@Int), count, 0)
      --> ['Summarize', ['SelectRow1', 'input@0', '==', 'percentage', 77], 'count', 'country']
    # Summarize(SelectRow1(@param0, ==, 2, 77@Int), count, 1)
      --> ['Summarize', ['SelectRow1', 'input@0', '==', 'percentage', 77], 'count', 'response']
    # Summarize(SelectRow1(@param0, ==, 2, 77@Int), count, 2)
      --> ['Summarize', ['SelectRow1', 'input@0', '==', 'percentage', 77], 'count', 'percentage']
    # Summarize(SelectRow1(@param0, ==, 2, 77@Int), count, 3)
      --> ['Summarize', ['SelectRow1', 'input@0', '==', 'percentage', 77], 'count', 'color']
    # Summarize(SelectRow1(@param0, ==, 2, 81@Int), count, 0)
      --> ['Summarize', ['SelectRow1', 'input@0', '==', 'percentage', 81], 'count', 'country']
    # Summarize(SelectRow1(@param0, ==, 2, 81@Int), count, 1)
      --> ['Summarize', ['SelectRow1', 'input@0', '==', 'percentage', 81], 'count', 'response']
    # Summarize(SelectRow1(@param0, ==, 2, 81@Int), count, 2)
      --> ['Summarize', ['SelectRow1', 'input@0', '==', 'percentage', 81], 'count', 'percentage']
    # Summarize(SelectRow1(@param0, ==, 2, 81@Int), count, 3)
      --> ['Summarize', ['SelectRow1', 'input@0', '==', 'percentage', 81], 'count', 'color']
    # Summarize(SelectRow1(@param0, >=, 2, 81@Int), count, 0)
      --> ['Summarize', ['SelectRow1', 'input@0', '>=', 'percentage', 81], 'count', 'country']
    # Summarize(SelectRow1(@param0, >=, 2, 81@Int), count, 1)
      --> ['Summarize', ['SelectRow1', 'input@0', '>=', 'percentage', 81], 'count', 'response']
    # Summarize(SelectRow1(@param0, >=, 2, 81@Int), count, 2)
      --> ['Summarize', ['SelectRow1', 'input@0', '>=', 'percentage', 81], 'count', 'percentage']
    # Summarize(SelectRow1(@param0, >=, 2, 81@Int), count, 3)
      --> ['Summarize', ['SelectRow1', 'input@0', '>=', 'percentage', 81], 'count', 'color']
    # Summarize(SelectRow1(@param0, >, 2, 77@Int), count, 0)
      --> ['Summarize', ['SelectRow1', 'input@0', '>', 'percentage', 77], 'count', 'country']
    # Summarize(SelectRow1(@param0, >, 2, 77@Int), count, 1)
      --> ['Summarize', ['SelectRow1', 'input@0', '>', 'percentage', 77], 'count', 'response']
    # Summarize(SelectRow1(@param0, >, 2, 77@Int), count, 2)
      --> ['Summarize', ['SelectRow1', 'input@0', '>', 'percentage', 77], 'count', 'percentage']
    # Summarize(SelectRow1(@param0, >, 2, 77@Int), count, 3)
      --> ['Summarize', ['SelectRow1', 'input@0', '>', 'percentage', 77], 'count', 'color']
    # Contrast(SelectRow1(@param0, <, 2, 20@Int), /, 0, Pakistan@Str, Pakistan@Str, 2)
      --> ['Contrast', ['SelectRow1', 'input@0', '<', 'percentage', 20], '/', 'country', 'Pakistan', 'Pakistan', 'percentage']
    # Contrast(SelectRow1(@param0, <, 2, 20@Int), /, 1, Hard work no guarantee@Str, Hard work no guarantee@Str, 2)
      --> ['Contrast', ['SelectRow1', 'input@0', '<', 'percentage', 20], '/', 'response', 'Hard work no guarantee', 'Hard work no guarantee', 'percentage']
    # Contrast(SelectRow1(@param0, <, 2, 20@Int), /, 3, blue@Str, blue@Str, 2)
      --> ['Contrast', ['SelectRow1', 'input@0', '<', 'percentage', 20], '/', 'color', 'blue', 'blue', 'percentage']
    # Contrast(SelectRow1(@param0, <, 2, 24@Int), /, 0, Pakistan@Str, Pakistan@Str, 2)
      --> ['Contrast', ['SelectRow1', 'input@0', '<', 'percentage', 24], '/', 'country', 'Pakistan', 'Pakistan', 'percentage']
    # Contrast(SelectRow1(@param0, <, 2, 24@Int), /, 0, U.S.@Str, U.S.@Str, 2)
      --> ['Contrast', ['SelectRow1', 'input@0', '<', 'percentage', 24], '/', 'country', 'U.S.', 'U.S.', 'percentage']
---------- timeout ----------

# ========== review report ========== #
# top-1, score: 0.00, answer: [1]
  # tprog: SelectCol(SelectRow0(GroupSum(@param0, ['2'], count, 0), eqmin, 0), ['1'])
# top-2, score: 0.00, answer: [1]
  # tprog: SelectCol(SelectRow0(GroupSum(@param0, ['2'], count, 0), eqmin, 0), ['-99'])
# top-3, score: 0.00, answer: [1]
  # tprog: SelectCol(SelectRow0(GroupSum(@param0, ['2'], count, 0), eqmax, 0), ['1'])
# top-4, score: 0.00, answer: [1]
  # tprog: SelectCol(SelectRow0(GroupSum(@param0, ['2'], count, 0), eqmax, 0), ['-99'])
# top-5, score: 0.00, answer: [1]
  # tprog: SelectCol(SelectRow0(GroupSum(@param0, ['2'], count, 1), eqmin, 0), ['1'])
# top-6, score: 0.00, answer: [1]
  # tprog: SelectCol(SelectRow0(GroupSum(@param0, ['2'], count, 1), eqmin, 0), ['-99'])
# top-7, score: 0.00, answer: [1]
  # tprog: SelectCol(SelectRow0(GroupSum(@param0, ['2'], count, 1), eqmax, 0), ['1'])
# top-8, score: 0.00, answer: [1]
  # tprog: SelectCol(SelectRow0(GroupSum(@param0, ['2'], count, 1), eqmax, 0), ['-99'])
# top-9, score: 0.00, answer: [1]
  # tprog: SelectCol(SelectRow0(GroupSum(@param0, ['2'], count, 2), eqmin, 0), ['1'])
# top-10, score: 0.00, answer: [1]
  # tprog: SelectCol(SelectRow0(GroupSum(@param0, ['2'], count, 2), eqmin, 0), ['-99'])
# top-11, score: 0.00, answer: [1]
  # tprog: SelectCol(SelectRow0(GroupSum(@param0, ['2'], count, 2), eqmax, 0), ['1'])
# top-12, score: 0.00, answer: [1]
  # tprog: SelectCol(SelectRow0(GroupSum(@param0, ['2'], count, 2), eqmax, 0), ['-99'])
# top-13, score: 0.00, answer: [1]
  # tprog: SelectCol(SelectRow0(GroupSum(@param0, ['2'], count, 3), eqmin, 0), ['1'])
# top-14, score: 0.00, answer: [1]
  # tprog: SelectCol(SelectRow0(GroupSum(@param0, ['2'], count, 3), eqmin, 0), ['-99'])
# top-15, score: 0.00, answer: [1]
  # tprog: SelectCol(SelectRow0(GroupSum(@param0, ['2'], count, 3), eqmax, 0), ['1'])
# top-16, score: 0.00, answer: [1]
  # tprog: SelectCol(SelectRow0(GroupSum(@param0, ['2'], count, 3), eqmax, 0), ['-99'])
# top-17, score: 0.00, answer: [1]
  # tprog: SelectCol(SelectRow0(GroupSum(@param0, ['0', '2'], count, 0), eqmin, 1), ['2'])
# top-18, score: 0.00, answer: [1]
  # tprog: SelectCol(SelectRow0(GroupSum(@param0, ['0', '2'], count, 0), eqmin, 1), ['-99', '-1'])
# top-19, score: 0.00, answer: [1]
  # tprog: SelectCol(SelectRow0(GroupSum(@param0, ['0', '2'], count, 0), eqmax, 1), ['2'])
# top-20, score: 0.00, answer: [1]
  # tprog: SelectCol(SelectRow0(GroupSum(@param0, ['0', '2'], count, 0), eqmax, 1), ['-99', '-1'])
# top-21, score: 0.00, answer: [1]
  # tprog: SelectCol(SelectRow0(GroupSum(@param0, ['0', '2'], count, 1), eqmin, 1), ['2'])
# top-22, score: 0.00, answer: [1]
  # tprog: SelectCol(SelectRow0(GroupSum(@param0, ['0', '2'], count, 1), eqmin, 1), ['-99', '-1'])
# top-23, score: 0.00, answer: [1]
  # tprog: SelectCol(SelectRow0(GroupSum(@param0, ['0', '2'], count, 1), eqmax, 1), ['2'])
# top-24, score: 0.00, answer: [1]
  # tprog: SelectCol(SelectRow0(GroupSum(@param0, ['0', '2'], count, 1), eqmax, 1), ['-99', '-1'])
# top-25, score: 0.00, answer: [1]
  # tprog: SelectCol(SelectRow0(GroupSum(@param0, ['0', '2'], count, 2), eqmin, 1), ['2'])
# top-26, score: 0.00, answer: [1]
  # tprog: SelectCol(SelectRow0(GroupSum(@param0, ['0', '2'], count, 2), eqmin, 1), ['-99', '-1'])
# top-27, score: 0.00, answer: [1]
  # tprog: SelectCol(SelectRow0(GroupSum(@param0, ['0', '2'], count, 2), eqmax, 1), ['2'])
# top-28, score: 0.00, answer: [1]
  # tprog: SelectCol(SelectRow0(GroupSum(@param0, ['0', '2'], count, 2), eqmax, 1), ['-99', '-1'])
# top-29, score: 0.00, answer: [1]
  # tprog: SelectCol(SelectRow0(GroupSum(@param0, ['0', '2'], count, 3), eqmin, 1), ['2'])
# top-30, score: 0.00, answer: [1]
  # tprog: SelectCol(SelectRow0(GroupSum(@param0, ['0', '2'], count, 3), eqmin, 1), ['-99', '-1'])
# top-31, score: 0.00, answer: [1]
  # tprog: SelectCol(SelectRow0(GroupSum(@param0, ['0', '2'], count, 3), eqmax, 1), ['2'])
# top-32, score: 0.00, answer: [1]
  # tprog: SelectCol(SelectRow0(GroupSum(@param0, ['0', '2'], count, 3), eqmax, 1), ['-99', '-1'])
# top-33, score: 0.00, answer: [1]
  # tprog: SelectCol(SelectRow0(GroupSum(@param0, ['1', '2'], count, 0), eqmin, 1), ['2'])
# top-34, score: 0.00, answer: [1]
  # tprog: SelectCol(SelectRow0(GroupSum(@param0, ['1', '2'], count, 0), eqmin, 1), ['-99', '-1'])
# top-35, score: 0.00, answer: [1]
  # tprog: SelectCol(SelectRow0(GroupSum(@param0, ['1', '2'], count, 0), eqmax, 1), ['2'])
# top-36, score: 0.00, answer: [1]
  # tprog: SelectCol(SelectRow0(GroupSum(@param0, ['1', '2'], count, 0), eqmax, 1), ['-99', '-1'])
# top-37, score: 0.00, answer: [1]
  # tprog: SelectCol(SelectRow0(GroupSum(@param0, ['1', '2'], count, 1), eqmin, 1), ['2'])
# top-38, score: 0.00, answer: [1]
  # tprog: SelectCol(SelectRow0(GroupSum(@param0, ['1', '2'], count, 1), eqmin, 1), ['-99', '-1'])
# top-39, score: 0.00, answer: [1]
  # tprog: SelectCol(SelectRow0(GroupSum(@param0, ['1', '2'], count, 1), eqmax, 1), ['2'])
# top-40, score: 0.00, answer: [1]
  # tprog: SelectCol(SelectRow0(GroupSum(@param0, ['1', '2'], count, 1), eqmax, 1), ['-99', '-1'])
# top-41, score: 0.00, answer: [1]
  # tprog: SelectCol(SelectRow0(GroupSum(@param0, ['1', '2'], count, 2), eqmin, 1), ['2'])
# top-42, score: 0.00, answer: [1]
  # tprog: SelectCol(SelectRow0(GroupSum(@param0, ['1', '2'], count, 2), eqmin, 1), ['-99', '-1'])
# top-43, score: 0.00, answer: [1]
  # tprog: SelectCol(SelectRow0(GroupSum(@param0, ['1', '2'], count, 2), eqmax, 1), ['2'])
# top-44, score: 0.00, answer: [1]
  # tprog: SelectCol(SelectRow0(GroupSum(@param0, ['1', '2'], count, 2), eqmax, 1), ['-99', '-1'])
# top-45, score: 0.00, answer: [1]
  # tprog: SelectCol(SelectRow0(GroupSum(@param0, ['1', '2'], count, 3), eqmin, 1), ['2'])
# top-46, score: 0.00, answer: [1]
  # tprog: SelectCol(SelectRow0(GroupSum(@param0, ['1', '2'], count, 3), eqmin, 1), ['-99', '-1'])
# top-47, score: 0.00, answer: [1]
  # tprog: SelectCol(SelectRow0(GroupSum(@param0, ['1', '2'], count, 3), eqmax, 1), ['2'])
# top-48, score: 0.00, answer: [1]
  # tprog: SelectCol(SelectRow0(GroupSum(@param0, ['1', '2'], count, 3), eqmax, 1), ['-99', '-1'])
# top-49, score: 0.00, answer: [1]
  # tprog: SelectCol(SelectRow0(GroupSum(@param0, ['2', '3'], count, 0), eqmin, 0), ['2'])
# top-50, score: 0.00, answer: [1]
  # tprog: SelectCol(SelectRow0(GroupSum(@param0, ['2', '3'], count, 0), eqmin, 0), ['-99', '-1'])
# top-51, score: 0.00, answer: [1]
  # tprog: SelectCol(SelectRow0(GroupSum(@param0, ['2', '3'], count, 0), eqmax, 0), ['2'])
# top-52, score: 0.00, answer: [1]
  # tprog: SelectCol(SelectRow0(GroupSum(@param0, ['2', '3'], count, 0), eqmax, 0), ['-99', '-1'])
# top-53, score: 0.00, answer: [1]
  # tprog: SelectCol(SelectRow0(GroupSum(@param0, ['2', '3'], count, 1), eqmin, 0), ['2'])
# top-54, score: 0.00, answer: [1]
  # tprog: SelectCol(SelectRow0(GroupSum(@param0, ['2', '3'], count, 1), eqmin, 0), ['-99', '-1'])
# top-55, score: 0.00, answer: [1]
  # tprog: SelectCol(SelectRow0(GroupSum(@param0, ['2', '3'], count, 1), eqmax, 0), ['2'])
# top-56, score: 0.00, answer: [1]
  # tprog: SelectCol(SelectRow0(GroupSum(@param0, ['2', '3'], count, 1), eqmax, 0), ['-99', '-1'])
# top-57, score: 0.00, answer: [1]
  # tprog: SelectCol(SelectRow0(GroupSum(@param0, ['2', '3'], count, 2), eqmin, 0), ['2'])
# top-58, score: 0.00, answer: [1]
  # tprog: SelectCol(SelectRow0(GroupSum(@param0, ['2', '3'], count, 2), eqmin, 0), ['-99', '-1'])
# top-59, score: 0.00, answer: [1]
  # tprog: SelectCol(SelectRow0(GroupSum(@param0, ['2', '3'], count, 2), eqmax, 0), ['2'])
# top-60, score: 0.00, answer: [1]
  # tprog: SelectCol(SelectRow0(GroupSum(@param0, ['2', '3'], count, 2), eqmax, 0), ['-99', '-1'])
# top-61, score: 0.00, answer: [1]
  # tprog: SelectCol(SelectRow0(GroupSum(@param0, ['2', '3'], count, 3), eqmin, 0), ['2'])
# top-62, score: 0.00, answer: [1]
  # tprog: SelectCol(SelectRow0(GroupSum(@param0, ['2', '3'], count, 3), eqmin, 0), ['-99', '-1'])
# top-63, score: 0.00, answer: [1]
  # tprog: SelectCol(SelectRow0(GroupSum(@param0, ['2', '3'], count, 3), eqmax, 0), ['2'])
# top-64, score: 0.00, answer: [1]
  # tprog: SelectCol(SelectRow0(GroupSum(@param0, ['2', '3'], count, 3), eqmax, 0), ['-99', '-1'])
# top-65, score: 0.00, answer: [1]
  # tprog: Summarize(SelectRow1(@param0, <, 2, 20@Int), count, 0)
# top-66, score: 0.00, answer: [1]
  # tprog: Summarize(SelectRow1(@param0, <, 2, 20@Int), count, 1)
# top-67, score: 0.00, answer: [1]
  # tprog: Summarize(SelectRow1(@param0, <, 2, 20@Int), count, 2)
# top-68, score: 0.00, answer: [1]
  # tprog: Summarize(SelectRow1(@param0, <, 2, 20@Int), count, 3)
# top-69, score: 0.00, answer: [1]
  # tprog: Summarize(SelectRow1(@param0, <=, 2, 15@Int), count, 0)
# top-70, score: 0.00, answer: [1]
  # tprog: Summarize(SelectRow1(@param0, <=, 2, 15@Int), count, 1)
# top-71, score: 0.00, answer: [1]
  # tprog: Summarize(SelectRow1(@param0, <=, 2, 15@Int), count, 2)
# top-72, score: 0.00, answer: [1]
  # tprog: Summarize(SelectRow1(@param0, <=, 2, 15@Int), count, 3)
# top-73, score: 0.00, answer: [1]
  # tprog: Summarize(SelectRow1(@param0, ==, 2, 15@Int), count, 0)
# top-74, score: 0.00, answer: [1]
  # tprog: Summarize(SelectRow1(@param0, ==, 2, 15@Int), count, 1)
# top-75, score: 0.00, answer: [1]
  # tprog: Summarize(SelectRow1(@param0, ==, 2, 15@Int), count, 2)
# top-76, score: 0.00, answer: [1]
  # tprog: Summarize(SelectRow1(@param0, ==, 2, 15@Int), count, 3)
# top-77, score: 0.00, answer: [1]
  # tprog: Summarize(SelectRow1(@param0, ==, 2, 20@Int), count, 0)
# top-78, score: 0.00, answer: [1]
  # tprog: Summarize(SelectRow1(@param0, ==, 2, 20@Int), count, 1)
# top-79, score: 0.00, answer: [1]
  # tprog: Summarize(SelectRow1(@param0, ==, 2, 20@Int), count, 2)
# top-80, score: 0.00, answer: [1]
  # tprog: Summarize(SelectRow1(@param0, ==, 2, 20@Int), count, 3)
# top-81, score: 0.00, answer: [1]
  # tprog: Summarize(SelectRow1(@param0, ==, 2, 24@Int), count, 0)
# top-82, score: 0.00, answer: [1]
  # tprog: Summarize(SelectRow1(@param0, ==, 2, 24@Int), count, 1)
# top-83, score: 0.00, answer: [1]
  # tprog: Summarize(SelectRow1(@param0, ==, 2, 24@Int), count, 2)
# top-84, score: 0.00, answer: [1]
  # tprog: Summarize(SelectRow1(@param0, ==, 2, 24@Int), count, 3)
# top-85, score: 0.00, answer: [1]
  # tprog: Summarize(SelectRow1(@param0, ==, 2, 27@Int), count, 0)
# top-86, score: 0.00, answer: [1]
  # tprog: Summarize(SelectRow1(@param0, ==, 2, 27@Int), count, 1)
# top-87, score: 0.00, answer: [1]
  # tprog: Summarize(SelectRow1(@param0, ==, 2, 27@Int), count, 2)
# top-88, score: 0.00, answer: [1]
  # tprog: Summarize(SelectRow1(@param0, ==, 2, 27@Int), count, 3)
# top-89, score: 0.00, answer: [1]
  # tprog: Summarize(SelectRow1(@param0, ==, 2, 30@Int), count, 0)
# top-90, score: 0.00, answer: [1]
  # tprog: Summarize(SelectRow1(@param0, ==, 2, 30@Int), count, 1)
# top-91, score: 0.00, answer: [1]
  # tprog: Summarize(SelectRow1(@param0, ==, 2, 30@Int), count, 2)
# top-92, score: 0.00, answer: [1]
  # tprog: Summarize(SelectRow1(@param0, ==, 2, 30@Int), count, 3)
# top-93, score: 0.00, answer: [1]
  # tprog: Summarize(SelectRow1(@param0, ==, 2, 32@Int), count, 0)
# top-94, score: 0.00, answer: [1]
  # tprog: Summarize(SelectRow1(@param0, ==, 2, 32@Int), count, 1)
# top-95, score: 0.00, answer: [1]
  # tprog: Summarize(SelectRow1(@param0, ==, 2, 32@Int), count, 2)
# top-96, score: 0.00, answer: [1]
  # tprog: Summarize(SelectRow1(@param0, ==, 2, 32@Int), count, 3)
# top-97, score: 0.00, answer: [1]
  # tprog: Summarize(SelectRow1(@param0, ==, 2, 33@Int), count, 0)
# top-98, score: 0.00, answer: [1]
  # tprog: Summarize(SelectRow1(@param0, ==, 2, 33@Int), count, 1)
# top-99, score: 0.00, answer: [1]
  # tprog: Summarize(SelectRow1(@param0, ==, 2, 33@Int), count, 2)
# top-100, score: 0.00, answer: [1]
  # tprog: Summarize(SelectRow1(@param0, ==, 2, 33@Int), count, 3)
# top-101, score: 0.00, answer: [1]
  # tprog: Summarize(SelectRow1(@param0, ==, 2, 35@Int), count, 0)
# top-102, score: 0.00, answer: [1]
  # tprog: Summarize(SelectRow1(@param0, ==, 2, 35@Int), count, 1)
# top-103, score: 0.00, answer: [1]
  # tprog: Summarize(SelectRow1(@param0, ==, 2, 35@Int), count, 2)
# top-104, score: 0.00, answer: [1]
  # tprog: Summarize(SelectRow1(@param0, ==, 2, 35@Int), count, 3)
# top-105, score: 0.00, answer: [1]
  # tprog: Summarize(SelectRow1(@param0, ==, 2, 31@Int), count, 0)
# top-106, score: 0.00, answer: [1]
  # tprog: Summarize(SelectRow1(@param0, ==, 2, 31@Int), count, 1)
# top-107, score: 0.00, answer: [1]
  # tprog: Summarize(SelectRow1(@param0, ==, 2, 31@Int), count, 2)
# top-108, score: 0.00, answer: [1]
  # tprog: Summarize(SelectRow1(@param0, ==, 2, 31@Int), count, 3)
# top-109, score: 0.00, answer: [1]
  # tprog: Summarize(SelectRow1(@param0, ==, 2, 37@Int), count, 0)
# top-110, score: 0.00, answer: [1]
  # tprog: Summarize(SelectRow1(@param0, ==, 2, 37@Int), count, 1)
# top-111, score: 0.00, answer: [1]
  # tprog: Summarize(SelectRow1(@param0, ==, 2, 37@Int), count, 2)
# top-112, score: 0.00, answer: [1]
  # tprog: Summarize(SelectRow1(@param0, ==, 2, 37@Int), count, 3)
# top-113, score: 0.00, answer: [1]
  # tprog: Summarize(SelectRow1(@param0, ==, 2, 39@Int), count, 0)
# top-114, score: 0.00, answer: [1]
  # tprog: Summarize(SelectRow1(@param0, ==, 2, 39@Int), count, 1)
# top-115, score: 0.00, answer: [1]
  # tprog: Summarize(SelectRow1(@param0, ==, 2, 39@Int), count, 2)
# top-116, score: 0.00, answer: [1]
  # tprog: Summarize(SelectRow1(@param0, ==, 2, 39@Int), count, 3)
# top-117, score: 0.00, answer: [1]
  # tprog: Summarize(SelectRow1(@param0, ==, 2, 41@Int), count, 0)
# top-118, score: 0.00, answer: [1]
  # tprog: Summarize(SelectRow1(@param0, ==, 2, 41@Int), count, 1)
# top-119, score: 0.00, answer: [1]
  # tprog: Summarize(SelectRow1(@param0, ==, 2, 41@Int), count, 2)
# top-120, score: 0.00, answer: [1]
  # tprog: Summarize(SelectRow1(@param0, ==, 2, 41@Int), count, 3)
# top-121, score: 0.00, answer: [1]
  # tprog: Summarize(SelectRow1(@param0, ==, 2, 42@Int), count, 0)
# top-122, score: 0.00, answer: [1]
  # tprog: Summarize(SelectRow1(@param0, ==, 2, 42@Int), count, 1)
# top-123, score: 0.00, answer: [1]
  # tprog: Summarize(SelectRow1(@param0, ==, 2, 42@Int), count, 2)
# top-124, score: 0.00, answer: [1]
  # tprog: Summarize(SelectRow1(@param0, ==, 2, 42@Int), count, 3)
# top-125, score: 0.00, answer: [1]
  # tprog: Summarize(SelectRow1(@param0, ==, 2, 45@Int), count, 0)
# top-126, score: 0.00, answer: [1]
  # tprog: Summarize(SelectRow1(@param0, ==, 2, 45@Int), count, 1)
# top-127, score: 0.00, answer: [1]
  # tprog: Summarize(SelectRow1(@param0, ==, 2, 45@Int), count, 2)
# top-128, score: 0.00, answer: [1]
  # tprog: Summarize(SelectRow1(@param0, ==, 2, 45@Int), count, 3)
# top-129, score: 0.00, answer: [1]
  # tprog: Summarize(SelectRow1(@param0, ==, 2, 40@Int), count, 0)
# top-130, score: 0.00, answer: [1]
  # tprog: Summarize(SelectRow1(@param0, ==, 2, 40@Int), count, 1)
# top-131, score: 0.00, answer: [1]
  # tprog: Summarize(SelectRow1(@param0, ==, 2, 40@Int), count, 2)
# top-132, score: 0.00, answer: [1]
  # tprog: Summarize(SelectRow1(@param0, ==, 2, 40@Int), count, 3)
# top-133, score: 0.00, answer: [1]
  # tprog: Summarize(SelectRow1(@param0, ==, 2, 50@Int), count, 0)
# top-134, score: 0.00, answer: [1]
  # tprog: Summarize(SelectRow1(@param0, ==, 2, 50@Int), count, 1)
# top-135, score: 0.00, answer: [1]
  # tprog: Summarize(SelectRow1(@param0, ==, 2, 50@Int), count, 2)
# top-136, score: 0.00, answer: [1]
  # tprog: Summarize(SelectRow1(@param0, ==, 2, 50@Int), count, 3)
# top-137, score: 0.00, answer: [1]
  # tprog: Summarize(SelectRow1(@param0, ==, 2, 56@Int), count, 0)
# top-138, score: 0.00, answer: [1]
  # tprog: Summarize(SelectRow1(@param0, ==, 2, 56@Int), count, 1)
# top-139, score: 0.00, answer: [1]
  # tprog: Summarize(SelectRow1(@param0, ==, 2, 56@Int), count, 2)
# top-140, score: 0.00, answer: [1]
  # tprog: Summarize(SelectRow1(@param0, ==, 2, 56@Int), count, 3)
# top-141, score: 0.00, answer: [1]
  # tprog: Summarize(SelectRow1(@param0, ==, 2, 59@Int), count, 0)
# top-142, score: 0.00, answer: [1]
  # tprog: Summarize(SelectRow1(@param0, ==, 2, 59@Int), count, 1)
# top-143, score: 0.00, answer: [1]
  # tprog: Summarize(SelectRow1(@param0, ==, 2, 59@Int), count, 2)
# top-144, score: 0.00, answer: [1]
  # tprog: Summarize(SelectRow1(@param0, ==, 2, 59@Int), count, 3)
# top-145, score: 0.00, answer: [1]
  # tprog: Summarize(SelectRow1(@param0, ==, 2, 64@Int), count, 0)
# top-146, score: 0.00, answer: [1]
  # tprog: Summarize(SelectRow1(@param0, ==, 2, 64@Int), count, 1)
# top-147, score: 0.00, answer: [1]
  # tprog: Summarize(SelectRow1(@param0, ==, 2, 64@Int), count, 2)
# top-148, score: 0.00, answer: [1]
  # tprog: Summarize(SelectRow1(@param0, ==, 2, 64@Int), count, 3)
# top-149, score: 0.00, answer: [1]
  # tprog: Summarize(SelectRow1(@param0, ==, 2, 65@Int), count, 0)
# top-150, score: 0.00, answer: [1]
  # tprog: Summarize(SelectRow1(@param0, ==, 2, 65@Int), count, 1)
# top-151, score: 0.00, answer: [1]
  # tprog: Summarize(SelectRow1(@param0, ==, 2, 65@Int), count, 2)
# top-152, score: 0.00, answer: [1]
  # tprog: Summarize(SelectRow1(@param0, ==, 2, 65@Int), count, 3)
# top-153, score: 0.00, answer: [1]
  # tprog: Summarize(SelectRow1(@param0, ==, 2, 67@Int), count, 0)
# top-154, score: 0.00, answer: [1]
  # tprog: Summarize(SelectRow1(@param0, ==, 2, 67@Int), count, 1)
# top-155, score: 0.00, answer: [1]
  # tprog: Summarize(SelectRow1(@param0, ==, 2, 67@Int), count, 2)
# top-156, score: 0.00, answer: [1]
  # tprog: Summarize(SelectRow1(@param0, ==, 2, 67@Int), count, 3)
# top-157, score: 0.00, answer: [1]
  # tprog: Summarize(SelectRow1(@param0, ==, 2, 69@Int), count, 0)
# top-158, score: 0.00, answer: [1]
  # tprog: Summarize(SelectRow1(@param0, ==, 2, 69@Int), count, 1)
# top-159, score: 0.00, answer: [1]
  # tprog: Summarize(SelectRow1(@param0, ==, 2, 69@Int), count, 2)
# top-160, score: 0.00, answer: [1]
  # tprog: Summarize(SelectRow1(@param0, ==, 2, 69@Int), count, 3)
# top-161, score: 0.00, answer: [1]
  # tprog: Summarize(SelectRow1(@param0, ==, 2, 73@Int), count, 0)
# top-162, score: 0.00, answer: [1]
  # tprog: Summarize(SelectRow1(@param0, ==, 2, 73@Int), count, 1)
# top-163, score: 0.00, answer: [1]
  # tprog: Summarize(SelectRow1(@param0, ==, 2, 73@Int), count, 2)
# top-164, score: 0.00, answer: [1]
  # tprog: Summarize(SelectRow1(@param0, ==, 2, 73@Int), count, 3)
# top-165, score: 0.00, answer: [1]
  # tprog: Summarize(SelectRow1(@param0, ==, 2, 77@Int), count, 0)
# top-166, score: 0.00, answer: [1]
  # tprog: Summarize(SelectRow1(@param0, ==, 2, 77@Int), count, 1)
# top-167, score: 0.00, answer: [1]
  # tprog: Summarize(SelectRow1(@param0, ==, 2, 77@Int), count, 2)
# top-168, score: 0.00, answer: [1]
  # tprog: Summarize(SelectRow1(@param0, ==, 2, 77@Int), count, 3)
# top-169, score: 0.00, answer: [1]
  # tprog: Summarize(SelectRow1(@param0, ==, 2, 81@Int), count, 0)
# top-170, score: 0.00, answer: [1]
  # tprog: Summarize(SelectRow1(@param0, ==, 2, 81@Int), count, 1)
# top-171, score: 0.00, answer: [1]
  # tprog: Summarize(SelectRow1(@param0, ==, 2, 81@Int), count, 2)
# top-172, score: 0.00, answer: [1]
  # tprog: Summarize(SelectRow1(@param0, ==, 2, 81@Int), count, 3)
# top-173, score: 0.00, answer: [1]
  # tprog: Summarize(SelectRow1(@param0, >=, 2, 81@Int), count, 0)
# top-174, score: 0.00, answer: [1]
  # tprog: Summarize(SelectRow1(@param0, >=, 2, 81@Int), count, 1)
# top-175, score: 0.00, answer: [1]
  # tprog: Summarize(SelectRow1(@param0, >=, 2, 81@Int), count, 2)
# top-176, score: 0.00, answer: [1]
  # tprog: Summarize(SelectRow1(@param0, >=, 2, 81@Int), count, 3)
# top-177, score: 0.00, answer: [1]
  # tprog: Summarize(SelectRow1(@param0, >, 2, 77@Int), count, 0)
# top-178, score: 0.00, answer: [1]
  # tprog: Summarize(SelectRow1(@param0, >, 2, 77@Int), count, 1)
# top-179, score: 0.00, answer: [1]
  # tprog: Summarize(SelectRow1(@param0, >, 2, 77@Int), count, 2)
# top-180, score: 0.00, answer: [1]
  # tprog: Summarize(SelectRow1(@param0, >, 2, 77@Int), count, 3)
# top-181, score: 0.00, answer: [1]
  # tprog: Contrast(SelectRow1(@param0, <, 2, 20@Int), /, 0, Pakistan@Str, Pakistan@Str, 2)
# top-182, score: 0.00, answer: [1]
  # tprog: Contrast(SelectRow1(@param0, <, 2, 20@Int), /, 1, Hard work no guarantee@Str, Hard work no guarantee@Str, 2)
# top-183, score: 0.00, answer: [1]
  # tprog: Contrast(SelectRow1(@param0, <, 2, 20@Int), /, 3, blue@Str, blue@Str, 2)
# top-184, score: 0.00, answer: [1]
  # tprog: Contrast(SelectRow1(@param0, <, 2, 24@Int), /, 0, Pakistan@Str, Pakistan@Str, 2)
# top-185, score: 0.00, answer: [1]
  # tprog: Contrast(SelectRow1(@param0, <, 2, 24@Int), /, 0, U.S.@Str, U.S.@Str, 2)
