# parsed arguments: Namespace(benchmark='Q499d1', dsl='meta_visqa', skeletons='visqa_normal', strategy='TaPas_C', fallback='auto', timeout=300, mode='abstract-only', expected_only=False)
# loading benchmark...
# table keywords: {'lrt', 'bus', '3939000', 'blue', '954000', '3095000', 'mrt', 'taxi', '180000', 'transportation', 'color', 'ridership'}
# input type: [dtype('int64'), dtype('O'), dtype('O')]
# input is:
   ridership transportation color
0    3939000            Bus  blue
1    3095000            MRT  blue
2     954000           Taxi  blue
3     180000            LRT  blue
# query is: What is the approximate difference in average daily users between Taxi and Bus?
# expected output type:[dtype('int64')]
# expected output is:
    ANSWER
0  2985000
# inferred DSL terminals:
  # ConstVal: ['180000@Int', 'blue@Str', '3095000@Int', 'Bus@Str', 'LRT@Str', '954000@Int', 'transportation@Str', 'color@Str', 'MRT@Str', 'ridership@Str', '3939000@Int', 'Taxi@Str']
     # cmap: [(None, 180000), (None, 'blue'), (None, 3095000), (None, 'Bus'), (None, 'LRT'), (None, 954000), (None, 'transportation'), (None, 'color'), (None, 'MRT'), (None, 'ridership'), (None, 3939000), (None, 'Taxi')]
# loading skeleton list...

# ========== candidate program report ========== #
# (t=0.00) i=0, candidate=[{'ANSWER': 1}]
  # found 264 program(s)
    # SelectCol(SelectRow0(GroupSum(@param0, ['0'], count, 0), eqmin, 0), ['1'])
      --> ['SelectCol', ['SelectRow0', ['GroupSum', 'input@0', ['ridership'], 'count', 'ridership'], 'eqmin', 'ridership'], ['COL0']]
    # SelectCol(SelectRow0(GroupSum(@param0, ['0'], count, 0), eqmin, 0), ['-99'])
      --> ['SelectCol', ['SelectRow0', ['GroupSum', 'input@0', ['ridership'], 'count', 'ridership'], 'eqmin', 'ridership'], ['COL0']]
    # SelectCol(SelectRow0(GroupSum(@param0, ['0'], count, 0), eqmax, 0), ['1'])
      --> ['SelectCol', ['SelectRow0', ['GroupSum', 'input@0', ['ridership'], 'count', 'ridership'], 'eqmax', 'ridership'], ['COL0']]
    # SelectCol(SelectRow0(GroupSum(@param0, ['0'], count, 0), eqmax, 0), ['-99'])
      --> ['SelectCol', ['SelectRow0', ['GroupSum', 'input@0', ['ridership'], 'count', 'ridership'], 'eqmax', 'ridership'], ['COL0']]
    # SelectCol(SelectRow0(GroupSum(@param0, ['0'], count, 1), eqmin, 0), ['1'])
      --> ['SelectCol', ['SelectRow0', ['GroupSum', 'input@0', ['ridership'], 'count', 'transportation'], 'eqmin', 'ridership'], ['COL0']]
    # SelectCol(SelectRow0(GroupSum(@param0, ['0'], count, 1), eqmin, 0), ['-99'])
      --> ['SelectCol', ['SelectRow0', ['GroupSum', 'input@0', ['ridership'], 'count', 'transportation'], 'eqmin', 'ridership'], ['COL0']]
    # SelectCol(SelectRow0(GroupSum(@param0, ['0'], count, 1), eqmax, 0), ['1'])
      --> ['SelectCol', ['SelectRow0', ['GroupSum', 'input@0', ['ridership'], 'count', 'transportation'], 'eqmax', 'ridership'], ['COL0']]
    # SelectCol(SelectRow0(GroupSum(@param0, ['0'], count, 1), eqmax, 0), ['-99'])
      --> ['SelectCol', ['SelectRow0', ['GroupSum', 'input@0', ['ridership'], 'count', 'transportation'], 'eqmax', 'ridership'], ['COL0']]
    # SelectCol(SelectRow0(GroupSum(@param0, ['0'], count, 2), eqmin, 0), ['1'])
      --> ['SelectCol', ['SelectRow0', ['GroupSum', 'input@0', ['ridership'], 'count', 'color'], 'eqmin', 'ridership'], ['COL0']]
    # SelectCol(SelectRow0(GroupSum(@param0, ['0'], count, 2), eqmin, 0), ['-99'])
      --> ['SelectCol', ['SelectRow0', ['GroupSum', 'input@0', ['ridership'], 'count', 'color'], 'eqmin', 'ridership'], ['COL0']]
    # SelectCol(SelectRow0(GroupSum(@param0, ['0'], count, 2), eqmax, 0), ['1'])
      --> ['SelectCol', ['SelectRow0', ['GroupSum', 'input@0', ['ridership'], 'count', 'color'], 'eqmax', 'ridership'], ['COL0']]
    # SelectCol(SelectRow0(GroupSum(@param0, ['0'], count, 2), eqmax, 0), ['-99'])
      --> ['SelectCol', ['SelectRow0', ['GroupSum', 'input@0', ['ridership'], 'count', 'color'], 'eqmax', 'ridership'], ['COL0']]
    # SelectCol(SelectRow0(GroupSum(@param0, ['0', '1'], count, 0), eqmin, 0), ['2'])
      --> ['SelectCol', ['SelectRow0', ['GroupSum', 'input@0', ['ridership', 'transportation'], 'count', 'ridership'], 'eqmin', 'ridership'], ['COL0']]
    # SelectCol(SelectRow0(GroupSum(@param0, ['0', '1'], count, 0), eqmin, 0), ['-99', '-1'])
      --> ['SelectCol', ['SelectRow0', ['GroupSum', 'input@0', ['ridership', 'transportation'], 'count', 'ridership'], 'eqmin', 'ridership'], ['COL0']]
    # SelectCol(SelectRow0(GroupSum(@param0, ['0', '1'], count, 0), eqmax, 0), ['2'])
      --> ['SelectCol', ['SelectRow0', ['GroupSum', 'input@0', ['ridership', 'transportation'], 'count', 'ridership'], 'eqmax', 'ridership'], ['COL0']]
    # SelectCol(SelectRow0(GroupSum(@param0, ['0', '1'], count, 0), eqmax, 0), ['-99', '-1'])
      --> ['SelectCol', ['SelectRow0', ['GroupSum', 'input@0', ['ridership', 'transportation'], 'count', 'ridership'], 'eqmax', 'ridership'], ['COL0']]
    # SelectCol(SelectRow0(GroupSum(@param0, ['0', '1'], count, 1), eqmin, 0), ['2'])
      --> ['SelectCol', ['SelectRow0', ['GroupSum', 'input@0', ['ridership', 'transportation'], 'count', 'transportation'], 'eqmin', 'ridership'], ['COL0']]
    # SelectCol(SelectRow0(GroupSum(@param0, ['0', '1'], count, 1), eqmin, 0), ['-99', '-1'])
      --> ['SelectCol', ['SelectRow0', ['GroupSum', 'input@0', ['ridership', 'transportation'], 'count', 'transportation'], 'eqmin', 'ridership'], ['COL0']]
    # SelectCol(SelectRow0(GroupSum(@param0, ['0', '1'], count, 1), eqmax, 0), ['2'])
      --> ['SelectCol', ['SelectRow0', ['GroupSum', 'input@0', ['ridership', 'transportation'], 'count', 'transportation'], 'eqmax', 'ridership'], ['COL0']]
    # SelectCol(SelectRow0(GroupSum(@param0, ['0', '1'], count, 1), eqmax, 0), ['-99', '-1'])
      --> ['SelectCol', ['SelectRow0', ['GroupSum', 'input@0', ['ridership', 'transportation'], 'count', 'transportation'], 'eqmax', 'ridership'], ['COL0']]
    # SelectCol(SelectRow0(GroupSum(@param0, ['0', '1'], count, 2), eqmin, 0), ['2'])
      --> ['SelectCol', ['SelectRow0', ['GroupSum', 'input@0', ['ridership', 'transportation'], 'count', 'color'], 'eqmin', 'ridership'], ['COL0']]
    # SelectCol(SelectRow0(GroupSum(@param0, ['0', '1'], count, 2), eqmin, 0), ['-99', '-1'])
      --> ['SelectCol', ['SelectRow0', ['GroupSum', 'input@0', ['ridership', 'transportation'], 'count', 'color'], 'eqmin', 'ridership'], ['COL0']]
    # SelectCol(SelectRow0(GroupSum(@param0, ['0', '1'], count, 2), eqmax, 0), ['2'])
      --> ['SelectCol', ['SelectRow0', ['GroupSum', 'input@0', ['ridership', 'transportation'], 'count', 'color'], 'eqmax', 'ridership'], ['COL0']]
    # SelectCol(SelectRow0(GroupSum(@param0, ['0', '1'], count, 2), eqmax, 0), ['-99', '-1'])
      --> ['SelectCol', ['SelectRow0', ['GroupSum', 'input@0', ['ridership', 'transportation'], 'count', 'color'], 'eqmax', 'ridership'], ['COL0']]
    # SelectCol(SelectRow0(GroupSum(@param0, ['0', '2'], count, 0), eqmin, 0), ['2'])
      --> ['SelectCol', ['SelectRow0', ['GroupSum', 'input@0', ['ridership', 'color'], 'count', 'ridership'], 'eqmin', 'ridership'], ['COL0']]
    # SelectCol(SelectRow0(GroupSum(@param0, ['0', '2'], count, 0), eqmin, 0), ['-99', '-1'])
      --> ['SelectCol', ['SelectRow0', ['GroupSum', 'input@0', ['ridership', 'color'], 'count', 'ridership'], 'eqmin', 'ridership'], ['COL0']]
    # SelectCol(SelectRow0(GroupSum(@param0, ['0', '2'], count, 0), eqmax, 0), ['2'])
      --> ['SelectCol', ['SelectRow0', ['GroupSum', 'input@0', ['ridership', 'color'], 'count', 'ridership'], 'eqmax', 'ridership'], ['COL0']]
    # SelectCol(SelectRow0(GroupSum(@param0, ['0', '2'], count, 0), eqmax, 0), ['-99', '-1'])
      --> ['SelectCol', ['SelectRow0', ['GroupSum', 'input@0', ['ridership', 'color'], 'count', 'ridership'], 'eqmax', 'ridership'], ['COL0']]
    # SelectCol(SelectRow0(GroupSum(@param0, ['0', '2'], count, 1), eqmin, 0), ['2'])
      --> ['SelectCol', ['SelectRow0', ['GroupSum', 'input@0', ['ridership', 'color'], 'count', 'transportation'], 'eqmin', 'ridership'], ['COL0']]
    # SelectCol(SelectRow0(GroupSum(@param0, ['0', '2'], count, 1), eqmin, 0), ['-99', '-1'])
      --> ['SelectCol', ['SelectRow0', ['GroupSum', 'input@0', ['ridership', 'color'], 'count', 'transportation'], 'eqmin', 'ridership'], ['COL0']]
    # SelectCol(SelectRow0(GroupSum(@param0, ['0', '2'], count, 1), eqmax, 0), ['2'])
      --> ['SelectCol', ['SelectRow0', ['GroupSum', 'input@0', ['ridership', 'color'], 'count', 'transportation'], 'eqmax', 'ridership'], ['COL0']]
    # SelectCol(SelectRow0(GroupSum(@param0, ['0', '2'], count, 1), eqmax, 0), ['-99', '-1'])
      --> ['SelectCol', ['SelectRow0', ['GroupSum', 'input@0', ['ridership', 'color'], 'count', 'transportation'], 'eqmax', 'ridership'], ['COL0']]
    # SelectCol(SelectRow0(GroupSum(@param0, ['0', '2'], count, 2), eqmin, 0), ['2'])
      --> ['SelectCol', ['SelectRow0', ['GroupSum', 'input@0', ['ridership', 'color'], 'count', 'color'], 'eqmin', 'ridership'], ['COL0']]
    # SelectCol(SelectRow0(GroupSum(@param0, ['0', '2'], count, 2), eqmin, 0), ['-99', '-1'])
      --> ['SelectCol', ['SelectRow0', ['GroupSum', 'input@0', ['ridership', 'color'], 'count', 'color'], 'eqmin', 'ridership'], ['COL0']]
    # SelectCol(SelectRow0(GroupSum(@param0, ['0', '2'], count, 2), eqmax, 0), ['2'])
      --> ['SelectCol', ['SelectRow0', ['GroupSum', 'input@0', ['ridership', 'color'], 'count', 'color'], 'eqmax', 'ridership'], ['COL0']]
    # SelectCol(SelectRow0(GroupSum(@param0, ['0', '2'], count, 2), eqmax, 0), ['-99', '-1'])
      --> ['SelectCol', ['SelectRow0', ['GroupSum', 'input@0', ['ridership', 'color'], 'count', 'color'], 'eqmax', 'ridership'], ['COL0']]
    # Summarize(SelectRow1(@param0, <, 0, 954000@Int), count, 0)
      --> ['Summarize', ['SelectRow1', 'input@0', '<', 'ridership', 954000], 'count', 'ridership']
    # Summarize(SelectRow1(@param0, <, 0, 954000@Int), count, 1)
      --> ['Summarize', ['SelectRow1', 'input@0', '<', 'ridership', 954000], 'count', 'transportation']
    # Summarize(SelectRow1(@param0, <, 0, 954000@Int), count, 2)
      --> ['Summarize', ['SelectRow1', 'input@0', '<', 'ridership', 954000], 'count', 'color']
    # Summarize(SelectRow1(@param0, <=, 0, 180000@Int), count, 0)
      --> ['Summarize', ['SelectRow1', 'input@0', '<=', 'ridership', 180000], 'count', 'ridership']
    # Summarize(SelectRow1(@param0, <=, 0, 180000@Int), count, 1)
      --> ['Summarize', ['SelectRow1', 'input@0', '<=', 'ridership', 180000], 'count', 'transportation']
    # Summarize(SelectRow1(@param0, <=, 0, 180000@Int), count, 2)
      --> ['Summarize', ['SelectRow1', 'input@0', '<=', 'ridership', 180000], 'count', 'color']
    # Summarize(SelectRow1(@param0, ==, 0, 180000@Int), count, 0)
      --> ['Summarize', ['SelectRow1', 'input@0', '==', 'ridership', 180000], 'count', 'ridership']
    # Summarize(SelectRow1(@param0, ==, 0, 180000@Int), count, 1)
      --> ['Summarize', ['SelectRow1', 'input@0', '==', 'ridership', 180000], 'count', 'transportation']
    # Summarize(SelectRow1(@param0, ==, 0, 180000@Int), count, 2)
      --> ['Summarize', ['SelectRow1', 'input@0', '==', 'ridership', 180000], 'count', 'color']
    # Summarize(SelectRow1(@param0, ==, 0, 3095000@Int), count, 0)
      --> ['Summarize', ['SelectRow1', 'input@0', '==', 'ridership', 3095000], 'count', 'ridership']
    # Summarize(SelectRow1(@param0, ==, 0, 3095000@Int), count, 1)
      --> ['Summarize', ['SelectRow1', 'input@0', '==', 'ridership', 3095000], 'count', 'transportation']
    # Summarize(SelectRow1(@param0, ==, 0, 3095000@Int), count, 2)
      --> ['Summarize', ['SelectRow1', 'input@0', '==', 'ridership', 3095000], 'count', 'color']
    # Summarize(SelectRow1(@param0, ==, 0, 954000@Int), count, 0)
      --> ['Summarize', ['SelectRow1', 'input@0', '==', 'ridership', 954000], 'count', 'ridership']
    # Summarize(SelectRow1(@param0, ==, 0, 954000@Int), count, 1)
      --> ['Summarize', ['SelectRow1', 'input@0', '==', 'ridership', 954000], 'count', 'transportation']
    # Summarize(SelectRow1(@param0, ==, 0, 954000@Int), count, 2)
      --> ['Summarize', ['SelectRow1', 'input@0', '==', 'ridership', 954000], 'count', 'color']
    # Summarize(SelectRow1(@param0, ==, 0, 3939000@Int), count, 0)
      --> ['Summarize', ['SelectRow1', 'input@0', '==', 'ridership', 3939000], 'count', 'ridership']
    # Summarize(SelectRow1(@param0, ==, 0, 3939000@Int), count, 1)
      --> ['Summarize', ['SelectRow1', 'input@0', '==', 'ridership', 3939000], 'count', 'transportation']
    # Summarize(SelectRow1(@param0, ==, 0, 3939000@Int), count, 2)
      --> ['Summarize', ['SelectRow1', 'input@0', '==', 'ridership', 3939000], 'count', 'color']
    # Summarize(SelectRow1(@param0, ==, 1, Bus@Str), count, 0)
      --> ['Summarize', ['SelectRow1', 'input@0', '==', 'transportation', 'Bus'], 'count', 'ridership']
    # Summarize(SelectRow1(@param0, ==, 1, Bus@Str), count, 1)
      --> ['Summarize', ['SelectRow1', 'input@0', '==', 'transportation', 'Bus'], 'count', 'transportation']
    # Summarize(SelectRow1(@param0, ==, 1, Bus@Str), count, 2)
      --> ['Summarize', ['SelectRow1', 'input@0', '==', 'transportation', 'Bus'], 'count', 'color']
    # Summarize(SelectRow1(@param0, ==, 1, LRT@Str), count, 0)
      --> ['Summarize', ['SelectRow1', 'input@0', '==', 'transportation', 'LRT'], 'count', 'ridership']
    # Summarize(SelectRow1(@param0, ==, 1, LRT@Str), count, 1)
      --> ['Summarize', ['SelectRow1', 'input@0', '==', 'transportation', 'LRT'], 'count', 'transportation']
    # Summarize(SelectRow1(@param0, ==, 1, LRT@Str), count, 2)
      --> ['Summarize', ['SelectRow1', 'input@0', '==', 'transportation', 'LRT'], 'count', 'color']
    # Summarize(SelectRow1(@param0, ==, 1, MRT@Str), count, 0)
      --> ['Summarize', ['SelectRow1', 'input@0', '==', 'transportation', 'MRT'], 'count', 'ridership']
    # Summarize(SelectRow1(@param0, ==, 1, MRT@Str), count, 1)
      --> ['Summarize', ['SelectRow1', 'input@0', '==', 'transportation', 'MRT'], 'count', 'transportation']
    # Summarize(SelectRow1(@param0, ==, 1, MRT@Str), count, 2)
      --> ['Summarize', ['SelectRow1', 'input@0', '==', 'transportation', 'MRT'], 'count', 'color']
    # Summarize(SelectRow1(@param0, ==, 1, Taxi@Str), count, 0)
      --> ['Summarize', ['SelectRow1', 'input@0', '==', 'transportation', 'Taxi'], 'count', 'ridership']
    # Summarize(SelectRow1(@param0, ==, 1, Taxi@Str), count, 1)
      --> ['Summarize', ['SelectRow1', 'input@0', '==', 'transportation', 'Taxi'], 'count', 'transportation']
    # Summarize(SelectRow1(@param0, ==, 1, Taxi@Str), count, 2)
      --> ['Summarize', ['SelectRow1', 'input@0', '==', 'transportation', 'Taxi'], 'count', 'color']
    # Summarize(SelectRow1(@param0, >=, 0, 3939000@Int), count, 0)
      --> ['Summarize', ['SelectRow1', 'input@0', '>=', 'ridership', 3939000], 'count', 'ridership']
    # Summarize(SelectRow1(@param0, >=, 0, 3939000@Int), count, 1)
      --> ['Summarize', ['SelectRow1', 'input@0', '>=', 'ridership', 3939000], 'count', 'transportation']
    # Summarize(SelectRow1(@param0, >=, 0, 3939000@Int), count, 2)
      --> ['Summarize', ['SelectRow1', 'input@0', '>=', 'ridership', 3939000], 'count', 'color']
    # Summarize(SelectRow1(@param0, >, 0, 3095000@Int), count, 0)
      --> ['Summarize', ['SelectRow1', 'input@0', '>', 'ridership', 3095000], 'count', 'ridership']
    # Summarize(SelectRow1(@param0, >, 0, 3095000@Int), count, 1)
      --> ['Summarize', ['SelectRow1', 'input@0', '>', 'ridership', 3095000], 'count', 'transportation']
    # Summarize(SelectRow1(@param0, >, 0, 3095000@Int), count, 2)
      --> ['Summarize', ['SelectRow1', 'input@0', '>', 'ridership', 3095000], 'count', 'color']
    # Contrast(SelectRow1(@param0, <, 0, 3095000@Int), /, 1, LRT@Str, LRT@Str, 0)
      --> ['Contrast', ['SelectRow1', 'input@0', '<', 'ridership', 3095000], '/', 'transportation', 'LRT', 'LRT', 'ridership']
    # Contrast(SelectRow1(@param0, <, 0, 3095000@Int), /, 1, Taxi@Str, Taxi@Str, 0)
      --> ['Contrast', ['SelectRow1', 'input@0', '<', 'ridership', 3095000], '/', 'transportation', 'Taxi', 'Taxi', 'ridership']
    # Contrast(SelectRow1(@param0, <, 0, 954000@Int), /, 1, LRT@Str, LRT@Str, 0)
      --> ['Contrast', ['SelectRow1', 'input@0', '<', 'ridership', 954000], '/', 'transportation', 'LRT', 'LRT', 'ridership']
    # Contrast(SelectRow1(@param0, <, 0, 954000@Int), /, 2, blue@Str, blue@Str, 0)
      --> ['Contrast', ['SelectRow1', 'input@0', '<', 'ridership', 954000], '/', 'color', 'blue', 'blue', 'ridership']
    # Contrast(SelectRow1(@param0, <, 0, 3939000@Int), /, 1, LRT@Str, LRT@Str, 0)
      --> ['Contrast', ['SelectRow1', 'input@0', '<', 'ridership', 3939000], '/', 'transportation', 'LRT', 'LRT', 'ridership']
    # Contrast(SelectRow1(@param0, <, 0, 3939000@Int), /, 1, MRT@Str, MRT@Str, 0)
      --> ['Contrast', ['SelectRow1', 'input@0', '<', 'ridership', 3939000], '/', 'transportation', 'MRT', 'MRT', 'ridership']
    # Contrast(SelectRow1(@param0, <, 0, 3939000@Int), /, 1, Taxi@Str, Taxi@Str, 0)
      --> ['Contrast', ['SelectRow1', 'input@0', '<', 'ridership', 3939000], '/', 'transportation', 'Taxi', 'Taxi', 'ridership']
    # Contrast(SelectRow1(@param0, <=, 0, 180000@Int), /, 1, LRT@Str, LRT@Str, 0)
      --> ['Contrast', ['SelectRow1', 'input@0', '<=', 'ridership', 180000], '/', 'transportation', 'LRT', 'LRT', 'ridership']
    # Contrast(SelectRow1(@param0, <=, 0, 180000@Int), /, 2, blue@Str, blue@Str, 0)
      --> ['Contrast', ['SelectRow1', 'input@0', '<=', 'ridership', 180000], '/', 'color', 'blue', 'blue', 'ridership']
    # Contrast(SelectRow1(@param0, <=, 0, 3095000@Int), /, 1, LRT@Str, LRT@Str, 0)
      --> ['Contrast', ['SelectRow1', 'input@0', '<=', 'ridership', 3095000], '/', 'transportation', 'LRT', 'LRT', 'ridership']
    # Contrast(SelectRow1(@param0, <=, 0, 3095000@Int), /, 1, MRT@Str, MRT@Str, 0)
      --> ['Contrast', ['SelectRow1', 'input@0', '<=', 'ridership', 3095000], '/', 'transportation', 'MRT', 'MRT', 'ridership']
    # Contrast(SelectRow1(@param0, <=, 0, 3095000@Int), /, 1, Taxi@Str, Taxi@Str, 0)
      --> ['Contrast', ['SelectRow1', 'input@0', '<=', 'ridership', 3095000], '/', 'transportation', 'Taxi', 'Taxi', 'ridership']
    # Contrast(SelectRow1(@param0, <=, 0, 954000@Int), /, 1, LRT@Str, LRT@Str, 0)
      --> ['Contrast', ['SelectRow1', 'input@0', '<=', 'ridership', 954000], '/', 'transportation', 'LRT', 'LRT', 'ridership']
    # Contrast(SelectRow1(@param0, <=, 0, 954000@Int), /, 1, Taxi@Str, Taxi@Str, 0)
      --> ['Contrast', ['SelectRow1', 'input@0', '<=', 'ridership', 954000], '/', 'transportation', 'Taxi', 'Taxi', 'ridership']
    # Contrast(SelectRow1(@param0, <=, 0, 3939000@Int), /, 1, Bus@Str, Bus@Str, 0)
      --> ['Contrast', ['SelectRow1', 'input@0', '<=', 'ridership', 3939000], '/', 'transportation', 'Bus', 'Bus', 'ridership']
    # Contrast(SelectRow1(@param0, <=, 0, 3939000@Int), /, 1, LRT@Str, LRT@Str, 0)
      --> ['Contrast', ['SelectRow1', 'input@0', '<=', 'ridership', 3939000], '/', 'transportation', 'LRT', 'LRT', 'ridership']
    # Contrast(SelectRow1(@param0, <=, 0, 3939000@Int), /, 1, MRT@Str, MRT@Str, 0)
      --> ['Contrast', ['SelectRow1', 'input@0', '<=', 'ridership', 3939000], '/', 'transportation', 'MRT', 'MRT', 'ridership']
    # Contrast(SelectRow1(@param0, <=, 0, 3939000@Int), /, 1, Taxi@Str, Taxi@Str, 0)
      --> ['Contrast', ['SelectRow1', 'input@0', '<=', 'ridership', 3939000], '/', 'transportation', 'Taxi', 'Taxi', 'ridership']
    # Contrast(SelectRow1(@param0, ==, 0, 180000@Int), /, 1, LRT@Str, LRT@Str, 0)
      --> ['Contrast', ['SelectRow1', 'input@0', '==', 'ridership', 180000], '/', 'transportation', 'LRT', 'LRT', 'ridership']
    # Contrast(SelectRow1(@param0, ==, 0, 180000@Int), /, 2, blue@Str, blue@Str, 0)
      --> ['Contrast', ['SelectRow1', 'input@0', '==', 'ridership', 180000], '/', 'color', 'blue', 'blue', 'ridership']
    # Contrast(SelectRow1(@param0, ==, 0, 3095000@Int), /, 1, MRT@Str, MRT@Str, 0)
      --> ['Contrast', ['SelectRow1', 'input@0', '==', 'ridership', 3095000], '/', 'transportation', 'MRT', 'MRT', 'ridership']
    # Contrast(SelectRow1(@param0, ==, 0, 3095000@Int), /, 2, blue@Str, blue@Str, 0)
      --> ['Contrast', ['SelectRow1', 'input@0', '==', 'ridership', 3095000], '/', 'color', 'blue', 'blue', 'ridership']
    # Contrast(SelectRow1(@param0, ==, 0, 954000@Int), /, 1, Taxi@Str, Taxi@Str, 0)
      --> ['Contrast', ['SelectRow1', 'input@0', '==', 'ridership', 954000], '/', 'transportation', 'Taxi', 'Taxi', 'ridership']
    # Contrast(SelectRow1(@param0, ==, 0, 954000@Int), /, 2, blue@Str, blue@Str, 0)
      --> ['Contrast', ['SelectRow1', 'input@0', '==', 'ridership', 954000], '/', 'color', 'blue', 'blue', 'ridership']
    # Contrast(SelectRow1(@param0, ==, 0, 3939000@Int), /, 1, Bus@Str, Bus@Str, 0)
      --> ['Contrast', ['SelectRow1', 'input@0', '==', 'ridership', 3939000], '/', 'transportation', 'Bus', 'Bus', 'ridership']
    # Contrast(SelectRow1(@param0, ==, 0, 3939000@Int), /, 2, blue@Str, blue@Str, 0)
      --> ['Contrast', ['SelectRow1', 'input@0', '==', 'ridership', 3939000], '/', 'color', 'blue', 'blue', 'ridership']
    # Contrast(SelectRow1(@param0, ==, 1, Bus@Str), /, 1, Bus@Str, Bus@Str, 0)
      --> ['Contrast', ['SelectRow1', 'input@0', '==', 'transportation', 'Bus'], '/', 'transportation', 'Bus', 'Bus', 'ridership']
    # Contrast(SelectRow1(@param0, ==, 1, Bus@Str), /, 2, blue@Str, blue@Str, 0)
      --> ['Contrast', ['SelectRow1', 'input@0', '==', 'transportation', 'Bus'], '/', 'color', 'blue', 'blue', 'ridership']
    # Contrast(SelectRow1(@param0, ==, 1, LRT@Str), /, 1, LRT@Str, LRT@Str, 0)
      --> ['Contrast', ['SelectRow1', 'input@0', '==', 'transportation', 'LRT'], '/', 'transportation', 'LRT', 'LRT', 'ridership']
    # Contrast(SelectRow1(@param0, ==, 1, LRT@Str), /, 2, blue@Str, blue@Str, 0)
      --> ['Contrast', ['SelectRow1', 'input@0', '==', 'transportation', 'LRT'], '/', 'color', 'blue', 'blue', 'ridership']
    # Contrast(SelectRow1(@param0, ==, 1, MRT@Str), /, 1, MRT@Str, MRT@Str, 0)
      --> ['Contrast', ['SelectRow1', 'input@0', '==', 'transportation', 'MRT'], '/', 'transportation', 'MRT', 'MRT', 'ridership']
    # Contrast(SelectRow1(@param0, ==, 1, MRT@Str), /, 2, blue@Str, blue@Str, 0)
      --> ['Contrast', ['SelectRow1', 'input@0', '==', 'transportation', 'MRT'], '/', 'color', 'blue', 'blue', 'ridership']
    # Contrast(SelectRow1(@param0, ==, 1, Taxi@Str), /, 1, Taxi@Str, Taxi@Str, 0)
      --> ['Contrast', ['SelectRow1', 'input@0', '==', 'transportation', 'Taxi'], '/', 'transportation', 'Taxi', 'Taxi', 'ridership']
    # Contrast(SelectRow1(@param0, ==, 1, Taxi@Str), /, 2, blue@Str, blue@Str, 0)
      --> ['Contrast', ['SelectRow1', 'input@0', '==', 'transportation', 'Taxi'], '/', 'color', 'blue', 'blue', 'ridership']
    # Contrast(SelectRow1(@param0, ==, 2, blue@Str), /, 1, Bus@Str, Bus@Str, 0)
      --> ['Contrast', ['SelectRow1', 'input@0', '==', 'color', 'blue'], '/', 'transportation', 'Bus', 'Bus', 'ridership']
    # Contrast(SelectRow1(@param0, ==, 2, blue@Str), /, 1, LRT@Str, LRT@Str, 0)
      --> ['Contrast', ['SelectRow1', 'input@0', '==', 'color', 'blue'], '/', 'transportation', 'LRT', 'LRT', 'ridership']
    # Contrast(SelectRow1(@param0, ==, 2, blue@Str), /, 1, MRT@Str, MRT@Str, 0)
      --> ['Contrast', ['SelectRow1', 'input@0', '==', 'color', 'blue'], '/', 'transportation', 'MRT', 'MRT', 'ridership']
    # Contrast(SelectRow1(@param0, ==, 2, blue@Str), /, 1, Taxi@Str, Taxi@Str, 0)
      --> ['Contrast', ['SelectRow1', 'input@0', '==', 'color', 'blue'], '/', 'transportation', 'Taxi', 'Taxi', 'ridership']
    # Contrast(SelectRow1(@param0, >=, 0, 180000@Int), /, 1, Bus@Str, Bus@Str, 0)
      --> ['Contrast', ['SelectRow1', 'input@0', '>=', 'ridership', 180000], '/', 'transportation', 'Bus', 'Bus', 'ridership']
    # Contrast(SelectRow1(@param0, >=, 0, 180000@Int), /, 1, LRT@Str, LRT@Str, 0)
      --> ['Contrast', ['SelectRow1', 'input@0', '>=', 'ridership', 180000], '/', 'transportation', 'LRT', 'LRT', 'ridership']
    # Contrast(SelectRow1(@param0, >=, 0, 180000@Int), /, 1, MRT@Str, MRT@Str, 0)
      --> ['Contrast', ['SelectRow1', 'input@0', '>=', 'ridership', 180000], '/', 'transportation', 'MRT', 'MRT', 'ridership']
    # Contrast(SelectRow1(@param0, >=, 0, 180000@Int), /, 1, Taxi@Str, Taxi@Str, 0)
      --> ['Contrast', ['SelectRow1', 'input@0', '>=', 'ridership', 180000], '/', 'transportation', 'Taxi', 'Taxi', 'ridership']
    # Contrast(SelectRow1(@param0, >=, 0, 3095000@Int), /, 1, Bus@Str, Bus@Str, 0)
      --> ['Contrast', ['SelectRow1', 'input@0', '>=', 'ridership', 3095000], '/', 'transportation', 'Bus', 'Bus', 'ridership']
    # Contrast(SelectRow1(@param0, >=, 0, 3095000@Int), /, 1, MRT@Str, MRT@Str, 0)
      --> ['Contrast', ['SelectRow1', 'input@0', '>=', 'ridership', 3095000], '/', 'transportation', 'MRT', 'MRT', 'ridership']
    # Contrast(SelectRow1(@param0, >=, 0, 954000@Int), /, 1, Bus@Str, Bus@Str, 0)
      --> ['Contrast', ['SelectRow1', 'input@0', '>=', 'ridership', 954000], '/', 'transportation', 'Bus', 'Bus', 'ridership']
    # Contrast(SelectRow1(@param0, >=, 0, 954000@Int), /, 1, MRT@Str, MRT@Str, 0)
      --> ['Contrast', ['SelectRow1', 'input@0', '>=', 'ridership', 954000], '/', 'transportation', 'MRT', 'MRT', 'ridership']
    # Contrast(SelectRow1(@param0, >=, 0, 954000@Int), /, 1, Taxi@Str, Taxi@Str, 0)
      --> ['Contrast', ['SelectRow1', 'input@0', '>=', 'ridership', 954000], '/', 'transportation', 'Taxi', 'Taxi', 'ridership']
    # Contrast(SelectRow1(@param0, >=, 0, 3939000@Int), /, 1, Bus@Str, Bus@Str, 0)
      --> ['Contrast', ['SelectRow1', 'input@0', '>=', 'ridership', 3939000], '/', 'transportation', 'Bus', 'Bus', 'ridership']
    # Contrast(SelectRow1(@param0, >=, 0, 3939000@Int), /, 2, blue@Str, blue@Str, 0)
      --> ['Contrast', ['SelectRow1', 'input@0', '>=', 'ridership', 3939000], '/', 'color', 'blue', 'blue', 'ridership']
    # Contrast(SelectRow1(@param0, >, 0, 180000@Int), /, 1, Bus@Str, Bus@Str, 0)
      --> ['Contrast', ['SelectRow1', 'input@0', '>', 'ridership', 180000], '/', 'transportation', 'Bus', 'Bus', 'ridership']
    # Contrast(SelectRow1(@param0, >, 0, 180000@Int), /, 1, MRT@Str, MRT@Str, 0)
      --> ['Contrast', ['SelectRow1', 'input@0', '>', 'ridership', 180000], '/', 'transportation', 'MRT', 'MRT', 'ridership']
    # Contrast(SelectRow1(@param0, >, 0, 180000@Int), /, 1, Taxi@Str, Taxi@Str, 0)
      --> ['Contrast', ['SelectRow1', 'input@0', '>', 'ridership', 180000], '/', 'transportation', 'Taxi', 'Taxi', 'ridership']
    # Contrast(SelectRow1(@param0, >, 0, 3095000@Int), /, 1, Bus@Str, Bus@Str, 0)
      --> ['Contrast', ['SelectRow1', 'input@0', '>', 'ridership', 3095000], '/', 'transportation', 'Bus', 'Bus', 'ridership']
    # Contrast(SelectRow1(@param0, >, 0, 3095000@Int), /, 2, blue@Str, blue@Str, 0)
      --> ['Contrast', ['SelectRow1', 'input@0', '>', 'ridership', 3095000], '/', 'color', 'blue', 'blue', 'ridership']
    # Contrast(SelectRow1(@param0, >, 0, 954000@Int), /, 1, Bus@Str, Bus@Str, 0)
      --> ['Contrast', ['SelectRow1', 'input@0', '>', 'ridership', 954000], '/', 'transportation', 'Bus', 'Bus', 'ridership']
    # Contrast(SelectRow1(@param0, >, 0, 954000@Int), /, 1, MRT@Str, MRT@Str, 0)
      --> ['Contrast', ['SelectRow1', 'input@0', '>', 'ridership', 954000], '/', 'transportation', 'MRT', 'MRT', 'ridership']
    # Contrast(SelectRow1(@param0, !=, 0, 180000@Int), /, 1, Bus@Str, Bus@Str, 0)
      --> ['Contrast', ['SelectRow1', 'input@0', '!=', 'ridership', 180000], '/', 'transportation', 'Bus', 'Bus', 'ridership']
    # Contrast(SelectRow1(@param0, !=, 0, 180000@Int), /, 1, MRT@Str, MRT@Str, 0)
      --> ['Contrast', ['SelectRow1', 'input@0', '!=', 'ridership', 180000], '/', 'transportation', 'MRT', 'MRT', 'ridership']
    # Contrast(SelectRow1(@param0, !=, 0, 180000@Int), /, 1, Taxi@Str, Taxi@Str, 0)
      --> ['Contrast', ['SelectRow1', 'input@0', '!=', 'ridership', 180000], '/', 'transportation', 'Taxi', 'Taxi', 'ridership']
    # Contrast(SelectRow1(@param0, !=, 0, blue@Str), /, 1, Bus@Str, Bus@Str, 0)
      --> ['Contrast', ['SelectRow1', 'input@0', '!=', 'ridership', 'blue'], '/', 'transportation', 'Bus', 'Bus', 'ridership']
    # Contrast(SelectRow1(@param0, !=, 0, blue@Str), /, 1, LRT@Str, LRT@Str, 0)
      --> ['Contrast', ['SelectRow1', 'input@0', '!=', 'ridership', 'blue'], '/', 'transportation', 'LRT', 'LRT', 'ridership']
    # Contrast(SelectRow1(@param0, !=, 0, blue@Str), /, 1, MRT@Str, MRT@Str, 0)
      --> ['Contrast', ['SelectRow1', 'input@0', '!=', 'ridership', 'blue'], '/', 'transportation', 'MRT', 'MRT', 'ridership']
    # Contrast(SelectRow1(@param0, !=, 0, blue@Str), /, 1, Taxi@Str, Taxi@Str, 0)
      --> ['Contrast', ['SelectRow1', 'input@0', '!=', 'ridership', 'blue'], '/', 'transportation', 'Taxi', 'Taxi', 'ridership']
    # Contrast(SelectRow1(@param0, !=, 0, 3095000@Int), /, 1, Bus@Str, Bus@Str, 0)
      --> ['Contrast', ['SelectRow1', 'input@0', '!=', 'ridership', 3095000], '/', 'transportation', 'Bus', 'Bus', 'ridership']
    # Contrast(SelectRow1(@param0, !=, 0, 3095000@Int), /, 1, LRT@Str, LRT@Str, 0)
      --> ['Contrast', ['SelectRow1', 'input@0', '!=', 'ridership', 3095000], '/', 'transportation', 'LRT', 'LRT', 'ridership']
    # Contrast(SelectRow1(@param0, !=, 0, 3095000@Int), /, 1, Taxi@Str, Taxi@Str, 0)
      --> ['Contrast', ['SelectRow1', 'input@0', '!=', 'ridership', 3095000], '/', 'transportation', 'Taxi', 'Taxi', 'ridership']
    # Contrast(SelectRow1(@param0, !=, 0, Bus@Str), /, 1, Bus@Str, Bus@Str, 0)
      --> ['Contrast', ['SelectRow1', 'input@0', '!=', 'ridership', 'Bus'], '/', 'transportation', 'Bus', 'Bus', 'ridership']
    # Contrast(SelectRow1(@param0, !=, 0, Bus@Str), /, 1, LRT@Str, LRT@Str, 0)
      --> ['Contrast', ['SelectRow1', 'input@0', '!=', 'ridership', 'Bus'], '/', 'transportation', 'LRT', 'LRT', 'ridership']
    # Contrast(SelectRow1(@param0, !=, 0, Bus@Str), /, 1, MRT@Str, MRT@Str, 0)
      --> ['Contrast', ['SelectRow1', 'input@0', '!=', 'ridership', 'Bus'], '/', 'transportation', 'MRT', 'MRT', 'ridership']
    # Contrast(SelectRow1(@param0, !=, 0, Bus@Str), /, 1, Taxi@Str, Taxi@Str, 0)
      --> ['Contrast', ['SelectRow1', 'input@0', '!=', 'ridership', 'Bus'], '/', 'transportation', 'Taxi', 'Taxi', 'ridership']
    # Contrast(SelectRow1(@param0, !=, 0, LRT@Str), /, 1, Bus@Str, Bus@Str, 0)
      --> ['Contrast', ['SelectRow1', 'input@0', '!=', 'ridership', 'LRT'], '/', 'transportation', 'Bus', 'Bus', 'ridership']
    # Contrast(SelectRow1(@param0, !=, 0, LRT@Str), /, 1, LRT@Str, LRT@Str, 0)
      --> ['Contrast', ['SelectRow1', 'input@0', '!=', 'ridership', 'LRT'], '/', 'transportation', 'LRT', 'LRT', 'ridership']
    # Contrast(SelectRow1(@param0, !=, 0, LRT@Str), /, 1, MRT@Str, MRT@Str, 0)
      --> ['Contrast', ['SelectRow1', 'input@0', '!=', 'ridership', 'LRT'], '/', 'transportation', 'MRT', 'MRT', 'ridership']
    # Contrast(SelectRow1(@param0, !=, 0, LRT@Str), /, 1, Taxi@Str, Taxi@Str, 0)
      --> ['Contrast', ['SelectRow1', 'input@0', '!=', 'ridership', 'LRT'], '/', 'transportation', 'Taxi', 'Taxi', 'ridership']
    # Contrast(SelectRow1(@param0, !=, 0, 954000@Int), /, 1, Bus@Str, Bus@Str, 0)
      --> ['Contrast', ['SelectRow1', 'input@0', '!=', 'ridership', 954000], '/', 'transportation', 'Bus', 'Bus', 'ridership']
    # Contrast(SelectRow1(@param0, !=, 0, 954000@Int), /, 1, LRT@Str, LRT@Str, 0)
      --> ['Contrast', ['SelectRow1', 'input@0', '!=', 'ridership', 954000], '/', 'transportation', 'LRT', 'LRT', 'ridership']
    # Contrast(SelectRow1(@param0, !=, 0, 954000@Int), /, 1, MRT@Str, MRT@Str, 0)
      --> ['Contrast', ['SelectRow1', 'input@0', '!=', 'ridership', 954000], '/', 'transportation', 'MRT', 'MRT', 'ridership']
    # Contrast(SelectRow1(@param0, !=, 0, transportation@Str), /, 1, Bus@Str, Bus@Str, 0)
      --> ['Contrast', ['SelectRow1', 'input@0', '!=', 'ridership', 'transportation'], '/', 'transportation', 'Bus', 'Bus', 'ridership']
    # Contrast(SelectRow1(@param0, !=, 0, transportation@Str), /, 1, LRT@Str, LRT@Str, 0)
      --> ['Contrast', ['SelectRow1', 'input@0', '!=', 'ridership', 'transportation'], '/', 'transportation', 'LRT', 'LRT', 'ridership']
    # Contrast(SelectRow1(@param0, !=, 0, transportation@Str), /, 1, MRT@Str, MRT@Str, 0)
      --> ['Contrast', ['SelectRow1', 'input@0', '!=', 'ridership', 'transportation'], '/', 'transportation', 'MRT', 'MRT', 'ridership']
    # Contrast(SelectRow1(@param0, !=, 0, transportation@Str), /, 1, Taxi@Str, Taxi@Str, 0)
      --> ['Contrast', ['SelectRow1', 'input@0', '!=', 'ridership', 'transportation'], '/', 'transportation', 'Taxi', 'Taxi', 'ridership']
    # Contrast(SelectRow1(@param0, !=, 0, color@Str), /, 1, Bus@Str, Bus@Str, 0)
      --> ['Contrast', ['SelectRow1', 'input@0', '!=', 'ridership', 'color'], '/', 'transportation', 'Bus', 'Bus', 'ridership']
    # Contrast(SelectRow1(@param0, !=, 0, color@Str), /, 1, LRT@Str, LRT@Str, 0)
      --> ['Contrast', ['SelectRow1', 'input@0', '!=', 'ridership', 'color'], '/', 'transportation', 'LRT', 'LRT', 'ridership']
    # Contrast(SelectRow1(@param0, !=, 0, color@Str), /, 1, MRT@Str, MRT@Str, 0)
      --> ['Contrast', ['SelectRow1', 'input@0', '!=', 'ridership', 'color'], '/', 'transportation', 'MRT', 'MRT', 'ridership']
    # Contrast(SelectRow1(@param0, !=, 0, color@Str), /, 1, Taxi@Str, Taxi@Str, 0)
      --> ['Contrast', ['SelectRow1', 'input@0', '!=', 'ridership', 'color'], '/', 'transportation', 'Taxi', 'Taxi', 'ridership']
    # Contrast(SelectRow1(@param0, !=, 0, MRT@Str), /, 1, Bus@Str, Bus@Str, 0)
      --> ['Contrast', ['SelectRow1', 'input@0', '!=', 'ridership', 'MRT'], '/', 'transportation', 'Bus', 'Bus', 'ridership']
    # Contrast(SelectRow1(@param0, !=, 0, MRT@Str), /, 1, LRT@Str, LRT@Str, 0)
      --> ['Contrast', ['SelectRow1', 'input@0', '!=', 'ridership', 'MRT'], '/', 'transportation', 'LRT', 'LRT', 'ridership']
    # Contrast(SelectRow1(@param0, !=, 0, MRT@Str), /, 1, MRT@Str, MRT@Str, 0)
      --> ['Contrast', ['SelectRow1', 'input@0', '!=', 'ridership', 'MRT'], '/', 'transportation', 'MRT', 'MRT', 'ridership']
    # Contrast(SelectRow1(@param0, !=, 0, MRT@Str), /, 1, Taxi@Str, Taxi@Str, 0)
      --> ['Contrast', ['SelectRow1', 'input@0', '!=', 'ridership', 'MRT'], '/', 'transportation', 'Taxi', 'Taxi', 'ridership']
    # Contrast(SelectRow1(@param0, !=, 0, ridership@Str), /, 1, Bus@Str, Bus@Str, 0)
      --> ['Contrast', ['SelectRow1', 'input@0', '!=', 'ridership', 'ridership'], '/', 'transportation', 'Bus', 'Bus', 'ridership']
    # Contrast(SelectRow1(@param0, !=, 0, ridership@Str), /, 1, LRT@Str, LRT@Str, 0)
      --> ['Contrast', ['SelectRow1', 'input@0', '!=', 'ridership', 'ridership'], '/', 'transportation', 'LRT', 'LRT', 'ridership']
    # Contrast(SelectRow1(@param0, !=, 0, ridership@Str), /, 1, MRT@Str, MRT@Str, 0)
      --> ['Contrast', ['SelectRow1', 'input@0', '!=', 'ridership', 'ridership'], '/', 'transportation', 'MRT', 'MRT', 'ridership']
    # Contrast(SelectRow1(@param0, !=, 0, ridership@Str), /, 1, Taxi@Str, Taxi@Str, 0)
      --> ['Contrast', ['SelectRow1', 'input@0', '!=', 'ridership', 'ridership'], '/', 'transportation', 'Taxi', 'Taxi', 'ridership']
    # Contrast(SelectRow1(@param0, !=, 0, 3939000@Int), /, 1, LRT@Str, LRT@Str, 0)
      --> ['Contrast', ['SelectRow1', 'input@0', '!=', 'ridership', 3939000], '/', 'transportation', 'LRT', 'LRT', 'ridership']
    # Contrast(SelectRow1(@param0, !=, 0, 3939000@Int), /, 1, MRT@Str, MRT@Str, 0)
      --> ['Contrast', ['SelectRow1', 'input@0', '!=', 'ridership', 3939000], '/', 'transportation', 'MRT', 'MRT', 'ridership']
    # Contrast(SelectRow1(@param0, !=, 0, 3939000@Int), /, 1, Taxi@Str, Taxi@Str, 0)
      --> ['Contrast', ['SelectRow1', 'input@0', '!=', 'ridership', 3939000], '/', 'transportation', 'Taxi', 'Taxi', 'ridership']
    # Contrast(SelectRow1(@param0, !=, 0, Taxi@Str), /, 1, Bus@Str, Bus@Str, 0)
      --> ['Contrast', ['SelectRow1', 'input@0', '!=', 'ridership', 'Taxi'], '/', 'transportation', 'Bus', 'Bus', 'ridership']
    # Contrast(SelectRow1(@param0, !=, 0, Taxi@Str), /, 1, LRT@Str, LRT@Str, 0)
      --> ['Contrast', ['SelectRow1', 'input@0', '!=', 'ridership', 'Taxi'], '/', 'transportation', 'LRT', 'LRT', 'ridership']
    # Contrast(SelectRow1(@param0, !=, 0, Taxi@Str), /, 1, MRT@Str, MRT@Str, 0)
      --> ['Contrast', ['SelectRow1', 'input@0', '!=', 'ridership', 'Taxi'], '/', 'transportation', 'MRT', 'MRT', 'ridership']
    # Contrast(SelectRow1(@param0, !=, 0, Taxi@Str), /, 1, Taxi@Str, Taxi@Str, 0)
      --> ['Contrast', ['SelectRow1', 'input@0', '!=', 'ridership', 'Taxi'], '/', 'transportation', 'Taxi', 'Taxi', 'ridership']
    # Contrast(SelectRow1(@param0, !=, 1, 180000@Int), /, 1, Bus@Str, Bus@Str, 0)
      --> ['Contrast', ['SelectRow1', 'input@0', '!=', 'transportation', 180000], '/', 'transportation', 'Bus', 'Bus', 'ridership']
    # Contrast(SelectRow1(@param0, !=, 1, 180000@Int), /, 1, LRT@Str, LRT@Str, 0)
      --> ['Contrast', ['SelectRow1', 'input@0', '!=', 'transportation', 180000], '/', 'transportation', 'LRT', 'LRT', 'ridership']
    # Contrast(SelectRow1(@param0, !=, 1, 180000@Int), /, 1, MRT@Str, MRT@Str, 0)
      --> ['Contrast', ['SelectRow1', 'input@0', '!=', 'transportation', 180000], '/', 'transportation', 'MRT', 'MRT', 'ridership']
    # Contrast(SelectRow1(@param0, !=, 1, 180000@Int), /, 1, Taxi@Str, Taxi@Str, 0)
      --> ['Contrast', ['SelectRow1', 'input@0', '!=', 'transportation', 180000], '/', 'transportation', 'Taxi', 'Taxi', 'ridership']
    # Contrast(SelectRow1(@param0, !=, 1, blue@Str), /, 1, Bus@Str, Bus@Str, 0)
      --> ['Contrast', ['SelectRow1', 'input@0', '!=', 'transportation', 'blue'], '/', 'transportation', 'Bus', 'Bus', 'ridership']
    # Contrast(SelectRow1(@param0, !=, 1, blue@Str), /, 1, LRT@Str, LRT@Str, 0)
      --> ['Contrast', ['SelectRow1', 'input@0', '!=', 'transportation', 'blue'], '/', 'transportation', 'LRT', 'LRT', 'ridership']
    # Contrast(SelectRow1(@param0, !=, 1, blue@Str), /, 1, MRT@Str, MRT@Str, 0)
      --> ['Contrast', ['SelectRow1', 'input@0', '!=', 'transportation', 'blue'], '/', 'transportation', 'MRT', 'MRT', 'ridership']
    # Contrast(SelectRow1(@param0, !=, 1, blue@Str), /, 1, Taxi@Str, Taxi@Str, 0)
      --> ['Contrast', ['SelectRow1', 'input@0', '!=', 'transportation', 'blue'], '/', 'transportation', 'Taxi', 'Taxi', 'ridership']
    # Contrast(SelectRow1(@param0, !=, 1, 3095000@Int), /, 1, Bus@Str, Bus@Str, 0)
      --> ['Contrast', ['SelectRow1', 'input@0', '!=', 'transportation', 3095000], '/', 'transportation', 'Bus', 'Bus', 'ridership']
    # Contrast(SelectRow1(@param0, !=, 1, 3095000@Int), /, 1, LRT@Str, LRT@Str, 0)
      --> ['Contrast', ['SelectRow1', 'input@0', '!=', 'transportation', 3095000], '/', 'transportation', 'LRT', 'LRT', 'ridership']
    # Contrast(SelectRow1(@param0, !=, 1, 3095000@Int), /, 1, MRT@Str, MRT@Str, 0)
      --> ['Contrast', ['SelectRow1', 'input@0', '!=', 'transportation', 3095000], '/', 'transportation', 'MRT', 'MRT', 'ridership']
    # Contrast(SelectRow1(@param0, !=, 1, 3095000@Int), /, 1, Taxi@Str, Taxi@Str, 0)
      --> ['Contrast', ['SelectRow1', 'input@0', '!=', 'transportation', 3095000], '/', 'transportation', 'Taxi', 'Taxi', 'ridership']
    # Contrast(SelectRow1(@param0, !=, 1, Bus@Str), /, 1, LRT@Str, LRT@Str, 0)
      --> ['Contrast', ['SelectRow1', 'input@0', '!=', 'transportation', 'Bus'], '/', 'transportation', 'LRT', 'LRT', 'ridership']
    # Contrast(SelectRow1(@param0, !=, 1, Bus@Str), /, 1, MRT@Str, MRT@Str, 0)
      --> ['Contrast', ['SelectRow1', 'input@0', '!=', 'transportation', 'Bus'], '/', 'transportation', 'MRT', 'MRT', 'ridership']
    # Contrast(SelectRow1(@param0, !=, 1, Bus@Str), /, 1, Taxi@Str, Taxi@Str, 0)
      --> ['Contrast', ['SelectRow1', 'input@0', '!=', 'transportation', 'Bus'], '/', 'transportation', 'Taxi', 'Taxi', 'ridership']
    # Contrast(SelectRow1(@param0, !=, 1, LRT@Str), /, 1, Bus@Str, Bus@Str, 0)
      --> ['Contrast', ['SelectRow1', 'input@0', '!=', 'transportation', 'LRT'], '/', 'transportation', 'Bus', 'Bus', 'ridership']
    # Contrast(SelectRow1(@param0, !=, 1, LRT@Str), /, 1, MRT@Str, MRT@Str, 0)
      --> ['Contrast', ['SelectRow1', 'input@0', '!=', 'transportation', 'LRT'], '/', 'transportation', 'MRT', 'MRT', 'ridership']
    # Contrast(SelectRow1(@param0, !=, 1, LRT@Str), /, 1, Taxi@Str, Taxi@Str, 0)
      --> ['Contrast', ['SelectRow1', 'input@0', '!=', 'transportation', 'LRT'], '/', 'transportation', 'Taxi', 'Taxi', 'ridership']
    # Contrast(SelectRow1(@param0, !=, 1, 954000@Int), /, 1, Bus@Str, Bus@Str, 0)
      --> ['Contrast', ['SelectRow1', 'input@0', '!=', 'transportation', 954000], '/', 'transportation', 'Bus', 'Bus', 'ridership']
    # Contrast(SelectRow1(@param0, !=, 1, 954000@Int), /, 1, LRT@Str, LRT@Str, 0)
      --> ['Contrast', ['SelectRow1', 'input@0', '!=', 'transportation', 954000], '/', 'transportation', 'LRT', 'LRT', 'ridership']
    # Contrast(SelectRow1(@param0, !=, 1, 954000@Int), /, 1, MRT@Str, MRT@Str, 0)
      --> ['Contrast', ['SelectRow1', 'input@0', '!=', 'transportation', 954000], '/', 'transportation', 'MRT', 'MRT', 'ridership']
    # Contrast(SelectRow1(@param0, !=, 1, 954000@Int), /, 1, Taxi@Str, Taxi@Str, 0)
      --> ['Contrast', ['SelectRow1', 'input@0', '!=', 'transportation', 954000], '/', 'transportation', 'Taxi', 'Taxi', 'ridership']
    # Contrast(SelectRow1(@param0, !=, 1, transportation@Str), /, 1, Bus@Str, Bus@Str, 0)
      --> ['Contrast', ['SelectRow1', 'input@0', '!=', 'transportation', 'transportation'], '/', 'transportation', 'Bus', 'Bus', 'ridership']
    # Contrast(SelectRow1(@param0, !=, 1, transportation@Str), /, 1, LRT@Str, LRT@Str, 0)
      --> ['Contrast', ['SelectRow1', 'input@0', '!=', 'transportation', 'transportation'], '/', 'transportation', 'LRT', 'LRT', 'ridership']
    # Contrast(SelectRow1(@param0, !=, 1, transportation@Str), /, 1, MRT@Str, MRT@Str, 0)
      --> ['Contrast', ['SelectRow1', 'input@0', '!=', 'transportation', 'transportation'], '/', 'transportation', 'MRT', 'MRT', 'ridership']
    # Contrast(SelectRow1(@param0, !=, 1, transportation@Str), /, 1, Taxi@Str, Taxi@Str, 0)
      --> ['Contrast', ['SelectRow1', 'input@0', '!=', 'transportation', 'transportation'], '/', 'transportation', 'Taxi', 'Taxi', 'ridership']
    # Contrast(SelectRow1(@param0, !=, 1, color@Str), /, 1, Bus@Str, Bus@Str, 0)
      --> ['Contrast', ['SelectRow1', 'input@0', '!=', 'transportation', 'color'], '/', 'transportation', 'Bus', 'Bus', 'ridership']
    # Contrast(SelectRow1(@param0, !=, 1, color@Str), /, 1, LRT@Str, LRT@Str, 0)
      --> ['Contrast', ['SelectRow1', 'input@0', '!=', 'transportation', 'color'], '/', 'transportation', 'LRT', 'LRT', 'ridership']
    # Contrast(SelectRow1(@param0, !=, 1, color@Str), /, 1, MRT@Str, MRT@Str, 0)
      --> ['Contrast', ['SelectRow1', 'input@0', '!=', 'transportation', 'color'], '/', 'transportation', 'MRT', 'MRT', 'ridership']
    # Contrast(SelectRow1(@param0, !=, 1, color@Str), /, 1, Taxi@Str, Taxi@Str, 0)
      --> ['Contrast', ['SelectRow1', 'input@0', '!=', 'transportation', 'color'], '/', 'transportation', 'Taxi', 'Taxi', 'ridership']
    # Contrast(SelectRow1(@param0, !=, 1, MRT@Str), /, 1, Bus@Str, Bus@Str, 0)
      --> ['Contrast', ['SelectRow1', 'input@0', '!=', 'transportation', 'MRT'], '/', 'transportation', 'Bus', 'Bus', 'ridership']
    # Contrast(SelectRow1(@param0, !=, 1, MRT@Str), /, 1, LRT@Str, LRT@Str, 0)
      --> ['Contrast', ['SelectRow1', 'input@0', '!=', 'transportation', 'MRT'], '/', 'transportation', 'LRT', 'LRT', 'ridership']
    # Contrast(SelectRow1(@param0, !=, 1, MRT@Str), /, 1, Taxi@Str, Taxi@Str, 0)
      --> ['Contrast', ['SelectRow1', 'input@0', '!=', 'transportation', 'MRT'], '/', 'transportation', 'Taxi', 'Taxi', 'ridership']
    # Contrast(SelectRow1(@param0, !=, 1, ridership@Str), /, 1, Bus@Str, Bus@Str, 0)
      --> ['Contrast', ['SelectRow1', 'input@0', '!=', 'transportation', 'ridership'], '/', 'transportation', 'Bus', 'Bus', 'ridership']
    # Contrast(SelectRow1(@param0, !=, 1, ridership@Str), /, 1, LRT@Str, LRT@Str, 0)
      --> ['Contrast', ['SelectRow1', 'input@0', '!=', 'transportation', 'ridership'], '/', 'transportation', 'LRT', 'LRT', 'ridership']
    # Contrast(SelectRow1(@param0, !=, 1, ridership@Str), /, 1, MRT@Str, MRT@Str, 0)
      --> ['Contrast', ['SelectRow1', 'input@0', '!=', 'transportation', 'ridership'], '/', 'transportation', 'MRT', 'MRT', 'ridership']
    # Contrast(SelectRow1(@param0, !=, 1, ridership@Str), /, 1, Taxi@Str, Taxi@Str, 0)
      --> ['Contrast', ['SelectRow1', 'input@0', '!=', 'transportation', 'ridership'], '/', 'transportation', 'Taxi', 'Taxi', 'ridership']
    # Contrast(SelectRow1(@param0, !=, 1, 3939000@Int), /, 1, Bus@Str, Bus@Str, 0)
      --> ['Contrast', ['SelectRow1', 'input@0', '!=', 'transportation', 3939000], '/', 'transportation', 'Bus', 'Bus', 'ridership']
    # Contrast(SelectRow1(@param0, !=, 1, 3939000@Int), /, 1, LRT@Str, LRT@Str, 0)
      --> ['Contrast', ['SelectRow1', 'input@0', '!=', 'transportation', 3939000], '/', 'transportation', 'LRT', 'LRT', 'ridership']
    # Contrast(SelectRow1(@param0, !=, 1, 3939000@Int), /, 1, MRT@Str, MRT@Str, 0)
      --> ['Contrast', ['SelectRow1', 'input@0', '!=', 'transportation', 3939000], '/', 'transportation', 'MRT', 'MRT', 'ridership']
    # Contrast(SelectRow1(@param0, !=, 1, 3939000@Int), /, 1, Taxi@Str, Taxi@Str, 0)
      --> ['Contrast', ['SelectRow1', 'input@0', '!=', 'transportation', 3939000], '/', 'transportation', 'Taxi', 'Taxi', 'ridership']
    # Contrast(SelectRow1(@param0, !=, 1, Taxi@Str), /, 1, Bus@Str, Bus@Str, 0)
      --> ['Contrast', ['SelectRow1', 'input@0', '!=', 'transportation', 'Taxi'], '/', 'transportation', 'Bus', 'Bus', 'ridership']
    # Contrast(SelectRow1(@param0, !=, 1, Taxi@Str), /, 1, LRT@Str, LRT@Str, 0)
      --> ['Contrast', ['SelectRow1', 'input@0', '!=', 'transportation', 'Taxi'], '/', 'transportation', 'LRT', 'LRT', 'ridership']
    # Contrast(SelectRow1(@param0, !=, 1, Taxi@Str), /, 1, MRT@Str, MRT@Str, 0)
      --> ['Contrast', ['SelectRow1', 'input@0', '!=', 'transportation', 'Taxi'], '/', 'transportation', 'MRT', 'MRT', 'ridership']
    # Contrast(SelectRow1(@param0, !=, 2, 180000@Int), /, 1, Bus@Str, Bus@Str, 0)
      --> ['Contrast', ['SelectRow1', 'input@0', '!=', 'color', 180000], '/', 'transportation', 'Bus', 'Bus', 'ridership']
    # Contrast(SelectRow1(@param0, !=, 2, 180000@Int), /, 1, LRT@Str, LRT@Str, 0)
      --> ['Contrast', ['SelectRow1', 'input@0', '!=', 'color', 180000], '/', 'transportation', 'LRT', 'LRT', 'ridership']
    # Contrast(SelectRow1(@param0, !=, 2, 180000@Int), /, 1, MRT@Str, MRT@Str, 0)
      --> ['Contrast', ['SelectRow1', 'input@0', '!=', 'color', 180000], '/', 'transportation', 'MRT', 'MRT', 'ridership']
    # Contrast(SelectRow1(@param0, !=, 2, 180000@Int), /, 1, Taxi@Str, Taxi@Str, 0)
      --> ['Contrast', ['SelectRow1', 'input@0', '!=', 'color', 180000], '/', 'transportation', 'Taxi', 'Taxi', 'ridership']
    # Contrast(SelectRow1(@param0, !=, 2, 3095000@Int), /, 1, Bus@Str, Bus@Str, 0)
      --> ['Contrast', ['SelectRow1', 'input@0', '!=', 'color', 3095000], '/', 'transportation', 'Bus', 'Bus', 'ridership']
    # Contrast(SelectRow1(@param0, !=, 2, 3095000@Int), /, 1, LRT@Str, LRT@Str, 0)
      --> ['Contrast', ['SelectRow1', 'input@0', '!=', 'color', 3095000], '/', 'transportation', 'LRT', 'LRT', 'ridership']
    # Contrast(SelectRow1(@param0, !=, 2, 3095000@Int), /, 1, MRT@Str, MRT@Str, 0)
      --> ['Contrast', ['SelectRow1', 'input@0', '!=', 'color', 3095000], '/', 'transportation', 'MRT', 'MRT', 'ridership']
    # Contrast(SelectRow1(@param0, !=, 2, 3095000@Int), /, 1, Taxi@Str, Taxi@Str, 0)
      --> ['Contrast', ['SelectRow1', 'input@0', '!=', 'color', 3095000], '/', 'transportation', 'Taxi', 'Taxi', 'ridership']
    # Contrast(SelectRow1(@param0, !=, 2, Bus@Str), /, 1, Bus@Str, Bus@Str, 0)
      --> ['Contrast', ['SelectRow1', 'input@0', '!=', 'color', 'Bus'], '/', 'transportation', 'Bus', 'Bus', 'ridership']
    # Contrast(SelectRow1(@param0, !=, 2, Bus@Str), /, 1, LRT@Str, LRT@Str, 0)
      --> ['Contrast', ['SelectRow1', 'input@0', '!=', 'color', 'Bus'], '/', 'transportation', 'LRT', 'LRT', 'ridership']
    # Contrast(SelectRow1(@param0, !=, 2, Bus@Str), /, 1, MRT@Str, MRT@Str, 0)
      --> ['Contrast', ['SelectRow1', 'input@0', '!=', 'color', 'Bus'], '/', 'transportation', 'MRT', 'MRT', 'ridership']
    # Contrast(SelectRow1(@param0, !=, 2, Bus@Str), /, 1, Taxi@Str, Taxi@Str, 0)
      --> ['Contrast', ['SelectRow1', 'input@0', '!=', 'color', 'Bus'], '/', 'transportation', 'Taxi', 'Taxi', 'ridership']
    # Contrast(SelectRow1(@param0, !=, 2, LRT@Str), /, 1, Bus@Str, Bus@Str, 0)
      --> ['Contrast', ['SelectRow1', 'input@0', '!=', 'color', 'LRT'], '/', 'transportation', 'Bus', 'Bus', 'ridership']
    # Contrast(SelectRow1(@param0, !=, 2, LRT@Str), /, 1, LRT@Str, LRT@Str, 0)
      --> ['Contrast', ['SelectRow1', 'input@0', '!=', 'color', 'LRT'], '/', 'transportation', 'LRT', 'LRT', 'ridership']
    # Contrast(SelectRow1(@param0, !=, 2, LRT@Str), /, 1, MRT@Str, MRT@Str, 0)
      --> ['Contrast', ['SelectRow1', 'input@0', '!=', 'color', 'LRT'], '/', 'transportation', 'MRT', 'MRT', 'ridership']
    # Contrast(SelectRow1(@param0, !=, 2, LRT@Str), /, 1, Taxi@Str, Taxi@Str, 0)
      --> ['Contrast', ['SelectRow1', 'input@0', '!=', 'color', 'LRT'], '/', 'transportation', 'Taxi', 'Taxi', 'ridership']
    # Contrast(SelectRow1(@param0, !=, 2, 954000@Int), /, 1, Bus@Str, Bus@Str, 0)
      --> ['Contrast', ['SelectRow1', 'input@0', '!=', 'color', 954000], '/', 'transportation', 'Bus', 'Bus', 'ridership']
    # Contrast(SelectRow1(@param0, !=, 2, 954000@Int), /, 1, LRT@Str, LRT@Str, 0)
      --> ['Contrast', ['SelectRow1', 'input@0', '!=', 'color', 954000], '/', 'transportation', 'LRT', 'LRT', 'ridership']
    # Contrast(SelectRow1(@param0, !=, 2, 954000@Int), /, 1, MRT@Str, MRT@Str, 0)
      --> ['Contrast', ['SelectRow1', 'input@0', '!=', 'color', 954000], '/', 'transportation', 'MRT', 'MRT', 'ridership']
    # Contrast(SelectRow1(@param0, !=, 2, 954000@Int), /, 1, Taxi@Str, Taxi@Str, 0)
      --> ['Contrast', ['SelectRow1', 'input@0', '!=', 'color', 954000], '/', 'transportation', 'Taxi', 'Taxi', 'ridership']
    # Contrast(SelectRow1(@param0, !=, 2, transportation@Str), /, 1, Bus@Str, Bus@Str, 0)
      --> ['Contrast', ['SelectRow1', 'input@0', '!=', 'color', 'transportation'], '/', 'transportation', 'Bus', 'Bus', 'ridership']
    # Contrast(SelectRow1(@param0, !=, 2, transportation@Str), /, 1, LRT@Str, LRT@Str, 0)
      --> ['Contrast', ['SelectRow1', 'input@0', '!=', 'color', 'transportation'], '/', 'transportation', 'LRT', 'LRT', 'ridership']
    # Contrast(SelectRow1(@param0, !=, 2, transportation@Str), /, 1, MRT@Str, MRT@Str, 0)
      --> ['Contrast', ['SelectRow1', 'input@0', '!=', 'color', 'transportation'], '/', 'transportation', 'MRT', 'MRT', 'ridership']
    # Contrast(SelectRow1(@param0, !=, 2, transportation@Str), /, 1, Taxi@Str, Taxi@Str, 0)
      --> ['Contrast', ['SelectRow1', 'input@0', '!=', 'color', 'transportation'], '/', 'transportation', 'Taxi', 'Taxi', 'ridership']
    # Contrast(SelectRow1(@param0, !=, 2, color@Str), /, 1, Bus@Str, Bus@Str, 0)
      --> ['Contrast', ['SelectRow1', 'input@0', '!=', 'color', 'color'], '/', 'transportation', 'Bus', 'Bus', 'ridership']
    # Contrast(SelectRow1(@param0, !=, 2, color@Str), /, 1, LRT@Str, LRT@Str, 0)
      --> ['Contrast', ['SelectRow1', 'input@0', '!=', 'color', 'color'], '/', 'transportation', 'LRT', 'LRT', 'ridership']
    # Contrast(SelectRow1(@param0, !=, 2, color@Str), /, 1, MRT@Str, MRT@Str, 0)
      --> ['Contrast', ['SelectRow1', 'input@0', '!=', 'color', 'color'], '/', 'transportation', 'MRT', 'MRT', 'ridership']
    # Contrast(SelectRow1(@param0, !=, 2, color@Str), /, 1, Taxi@Str, Taxi@Str, 0)
      --> ['Contrast', ['SelectRow1', 'input@0', '!=', 'color', 'color'], '/', 'transportation', 'Taxi', 'Taxi', 'ridership']
    # Contrast(SelectRow1(@param0, !=, 2, MRT@Str), /, 1, Bus@Str, Bus@Str, 0)
      --> ['Contrast', ['SelectRow1', 'input@0', '!=', 'color', 'MRT'], '/', 'transportation', 'Bus', 'Bus', 'ridership']
    # Contrast(SelectRow1(@param0, !=, 2, MRT@Str), /, 1, LRT@Str, LRT@Str, 0)
      --> ['Contrast', ['SelectRow1', 'input@0', '!=', 'color', 'MRT'], '/', 'transportation', 'LRT', 'LRT', 'ridership']
    # Contrast(SelectRow1(@param0, !=, 2, MRT@Str), /, 1, MRT@Str, MRT@Str, 0)
      --> ['Contrast', ['SelectRow1', 'input@0', '!=', 'color', 'MRT'], '/', 'transportation', 'MRT', 'MRT', 'ridership']
    # Contrast(SelectRow1(@param0, !=, 2, MRT@Str), /, 1, Taxi@Str, Taxi@Str, 0)
      --> ['Contrast', ['SelectRow1', 'input@0', '!=', 'color', 'MRT'], '/', 'transportation', 'Taxi', 'Taxi', 'ridership']
    # Contrast(SelectRow1(@param0, !=, 2, ridership@Str), /, 1, Bus@Str, Bus@Str, 0)
      --> ['Contrast', ['SelectRow1', 'input@0', '!=', 'color', 'ridership'], '/', 'transportation', 'Bus', 'Bus', 'ridership']
    # Contrast(SelectRow1(@param0, !=, 2, ridership@Str), /, 1, LRT@Str, LRT@Str, 0)
      --> ['Contrast', ['SelectRow1', 'input@0', '!=', 'color', 'ridership'], '/', 'transportation', 'LRT', 'LRT', 'ridership']
    # Contrast(SelectRow1(@param0, !=, 2, ridership@Str), /, 1, MRT@Str, MRT@Str, 0)
      --> ['Contrast', ['SelectRow1', 'input@0', '!=', 'color', 'ridership'], '/', 'transportation', 'MRT', 'MRT', 'ridership']
    # Contrast(SelectRow1(@param0, !=, 2, ridership@Str), /, 1, Taxi@Str, Taxi@Str, 0)
      --> ['Contrast', ['SelectRow1', 'input@0', '!=', 'color', 'ridership'], '/', 'transportation', 'Taxi', 'Taxi', 'ridership']
    # Contrast(SelectRow1(@param0, !=, 2, 3939000@Int), /, 1, Bus@Str, Bus@Str, 0)
      --> ['Contrast', ['SelectRow1', 'input@0', '!=', 'color', 3939000], '/', 'transportation', 'Bus', 'Bus', 'ridership']
    # Contrast(SelectRow1(@param0, !=, 2, 3939000@Int), /, 1, LRT@Str, LRT@Str, 0)
      --> ['Contrast', ['SelectRow1', 'input@0', '!=', 'color', 3939000], '/', 'transportation', 'LRT', 'LRT', 'ridership']
    # Contrast(SelectRow1(@param0, !=, 2, 3939000@Int), /, 1, MRT@Str, MRT@Str, 0)
      --> ['Contrast', ['SelectRow1', 'input@0', '!=', 'color', 3939000], '/', 'transportation', 'MRT', 'MRT', 'ridership']
    # Contrast(SelectRow1(@param0, !=, 2, 3939000@Int), /, 1, Taxi@Str, Taxi@Str, 0)
      --> ['Contrast', ['SelectRow1', 'input@0', '!=', 'color', 3939000], '/', 'transportation', 'Taxi', 'Taxi', 'ridership']
    # Contrast(SelectRow1(@param0, !=, 2, Taxi@Str), /, 1, Bus@Str, Bus@Str, 0)
      --> ['Contrast', ['SelectRow1', 'input@0', '!=', 'color', 'Taxi'], '/', 'transportation', 'Bus', 'Bus', 'ridership']
    # Contrast(SelectRow1(@param0, !=, 2, Taxi@Str), /, 1, LRT@Str, LRT@Str, 0)
      --> ['Contrast', ['SelectRow1', 'input@0', '!=', 'color', 'Taxi'], '/', 'transportation', 'LRT', 'LRT', 'ridership']
    # Contrast(SelectRow1(@param0, !=, 2, Taxi@Str), /, 1, MRT@Str, MRT@Str, 0)
      --> ['Contrast', ['SelectRow1', 'input@0', '!=', 'color', 'Taxi'], '/', 'transportation', 'MRT', 'MRT', 'ridership']
    # Contrast(SelectRow1(@param0, !=, 2, Taxi@Str), /, 1, Taxi@Str, Taxi@Str, 0)
      --> ['Contrast', ['SelectRow1', 'input@0', '!=', 'color', 'Taxi'], '/', 'transportation', 'Taxi', 'Taxi', 'ridership']
    # Contrast(@param0, /, 1, Bus@Str, Bus@Str, 0)
      --> ['Contrast', 'input@0', '/', 'transportation', 'Bus', 'Bus', 'ridership']
    # Contrast(@param0, /, 1, LRT@Str, LRT@Str, 0)
      --> ['Contrast', 'input@0', '/', 'transportation', 'LRT', 'LRT', 'ridership']
    # Contrast(@param0, /, 1, MRT@Str, MRT@Str, 0)
      --> ['Contrast', 'input@0', '/', 'transportation', 'MRT', 'MRT', 'ridership']
    # Contrast(@param0, /, 1, Taxi@Str, Taxi@Str, 0)
      --> ['Contrast', 'input@0', '/', 'transportation', 'Taxi', 'Taxi', 'ridership']
# (t=245.17) i=1, candidate=[{'ANSWER': 2}]
  # found 12 program(s)
    # Summarize(SelectRow1(@param0, <, 0, 3095000@Int), count, 0)
      --> ['Summarize', ['SelectRow1', 'input@0', '<', 'ridership', 3095000], 'count', 'ridership']
    # Summarize(SelectRow1(@param0, <, 0, 3095000@Int), count, 1)
      --> ['Summarize', ['SelectRow1', 'input@0', '<', 'ridership', 3095000], 'count', 'transportation']
    # Summarize(SelectRow1(@param0, <, 0, 3095000@Int), count, 2)
      --> ['Summarize', ['SelectRow1', 'input@0', '<', 'ridership', 3095000], 'count', 'color']
    # Summarize(SelectRow1(@param0, <=, 0, 954000@Int), count, 0)
      --> ['Summarize', ['SelectRow1', 'input@0', '<=', 'ridership', 954000], 'count', 'ridership']
    # Summarize(SelectRow1(@param0, <=, 0, 954000@Int), count, 1)
      --> ['Summarize', ['SelectRow1', 'input@0', '<=', 'ridership', 954000], 'count', 'transportation']
    # Summarize(SelectRow1(@param0, <=, 0, 954000@Int), count, 2)
      --> ['Summarize', ['SelectRow1', 'input@0', '<=', 'ridership', 954000], 'count', 'color']
    # Summarize(SelectRow1(@param0, >=, 0, 3095000@Int), count, 0)
      --> ['Summarize', ['SelectRow1', 'input@0', '>=', 'ridership', 3095000], 'count', 'ridership']
    # Summarize(SelectRow1(@param0, >=, 0, 3095000@Int), count, 1)
      --> ['Summarize', ['SelectRow1', 'input@0', '>=', 'ridership', 3095000], 'count', 'transportation']
    # Summarize(SelectRow1(@param0, >=, 0, 3095000@Int), count, 2)
      --> ['Summarize', ['SelectRow1', 'input@0', '>=', 'ridership', 3095000], 'count', 'color']
    # Summarize(SelectRow1(@param0, >, 0, 954000@Int), count, 0)
      --> ['Summarize', ['SelectRow1', 'input@0', '>', 'ridership', 954000], 'count', 'ridership']
    # Summarize(SelectRow1(@param0, >, 0, 954000@Int), count, 1)
      --> ['Summarize', ['SelectRow1', 'input@0', '>', 'ridership', 954000], 'count', 'transportation']
    # Summarize(SelectRow1(@param0, >, 0, 954000@Int), count, 2)
      --> ['Summarize', ['SelectRow1', 'input@0', '>', 'ridership', 954000], 'count', 'color']
---------- timeout ----------

# ========== review report ========== #
# top-1, score: 0.00, answer: [1]
  # tprog: SelectCol(SelectRow0(GroupSum(@param0, ['0'], count, 0), eqmin, 0), ['1'])
# top-2, score: 0.00, answer: [1]
  # tprog: SelectCol(SelectRow0(GroupSum(@param0, ['0'], count, 0), eqmin, 0), ['-99'])
# top-3, score: 0.00, answer: [1]
  # tprog: SelectCol(SelectRow0(GroupSum(@param0, ['0'], count, 0), eqmax, 0), ['1'])
# top-4, score: 0.00, answer: [1]
  # tprog: SelectCol(SelectRow0(GroupSum(@param0, ['0'], count, 0), eqmax, 0), ['-99'])
# top-5, score: 0.00, answer: [1]
  # tprog: SelectCol(SelectRow0(GroupSum(@param0, ['0'], count, 1), eqmin, 0), ['1'])
# top-6, score: 0.00, answer: [1]
  # tprog: SelectCol(SelectRow0(GroupSum(@param0, ['0'], count, 1), eqmin, 0), ['-99'])
# top-7, score: 0.00, answer: [1]
  # tprog: SelectCol(SelectRow0(GroupSum(@param0, ['0'], count, 1), eqmax, 0), ['1'])
# top-8, score: 0.00, answer: [1]
  # tprog: SelectCol(SelectRow0(GroupSum(@param0, ['0'], count, 1), eqmax, 0), ['-99'])
# top-9, score: 0.00, answer: [1]
  # tprog: SelectCol(SelectRow0(GroupSum(@param0, ['0'], count, 2), eqmin, 0), ['1'])
# top-10, score: 0.00, answer: [1]
  # tprog: SelectCol(SelectRow0(GroupSum(@param0, ['0'], count, 2), eqmin, 0), ['-99'])
# top-11, score: 0.00, answer: [1]
  # tprog: SelectCol(SelectRow0(GroupSum(@param0, ['0'], count, 2), eqmax, 0), ['1'])
# top-12, score: 0.00, answer: [1]
  # tprog: SelectCol(SelectRow0(GroupSum(@param0, ['0'], count, 2), eqmax, 0), ['-99'])
# top-13, score: 0.00, answer: [1]
  # tprog: SelectCol(SelectRow0(GroupSum(@param0, ['0', '1'], count, 0), eqmin, 0), ['2'])
# top-14, score: 0.00, answer: [1]
  # tprog: SelectCol(SelectRow0(GroupSum(@param0, ['0', '1'], count, 0), eqmin, 0), ['-99', '-1'])
# top-15, score: 0.00, answer: [1]
  # tprog: SelectCol(SelectRow0(GroupSum(@param0, ['0', '1'], count, 0), eqmax, 0), ['2'])
# top-16, score: 0.00, answer: [1]
  # tprog: SelectCol(SelectRow0(GroupSum(@param0, ['0', '1'], count, 0), eqmax, 0), ['-99', '-1'])
# top-17, score: 0.00, answer: [1]
  # tprog: SelectCol(SelectRow0(GroupSum(@param0, ['0', '1'], count, 1), eqmin, 0), ['2'])
# top-18, score: 0.00, answer: [1]
  # tprog: SelectCol(SelectRow0(GroupSum(@param0, ['0', '1'], count, 1), eqmin, 0), ['-99', '-1'])
# top-19, score: 0.00, answer: [1]
  # tprog: SelectCol(SelectRow0(GroupSum(@param0, ['0', '1'], count, 1), eqmax, 0), ['2'])
# top-20, score: 0.00, answer: [1]
  # tprog: SelectCol(SelectRow0(GroupSum(@param0, ['0', '1'], count, 1), eqmax, 0), ['-99', '-1'])
# top-21, score: 0.00, answer: [1]
  # tprog: SelectCol(SelectRow0(GroupSum(@param0, ['0', '1'], count, 2), eqmin, 0), ['2'])
# top-22, score: 0.00, answer: [1]
  # tprog: SelectCol(SelectRow0(GroupSum(@param0, ['0', '1'], count, 2), eqmin, 0), ['-99', '-1'])
# top-23, score: 0.00, answer: [1]
  # tprog: SelectCol(SelectRow0(GroupSum(@param0, ['0', '1'], count, 2), eqmax, 0), ['2'])
# top-24, score: 0.00, answer: [1]
  # tprog: SelectCol(SelectRow0(GroupSum(@param0, ['0', '1'], count, 2), eqmax, 0), ['-99', '-1'])
# top-25, score: 0.00, answer: [1]
  # tprog: SelectCol(SelectRow0(GroupSum(@param0, ['0', '2'], count, 0), eqmin, 0), ['2'])
# top-26, score: 0.00, answer: [1]
  # tprog: SelectCol(SelectRow0(GroupSum(@param0, ['0', '2'], count, 0), eqmin, 0), ['-99', '-1'])
# top-27, score: 0.00, answer: [1]
  # tprog: SelectCol(SelectRow0(GroupSum(@param0, ['0', '2'], count, 0), eqmax, 0), ['2'])
# top-28, score: 0.00, answer: [1]
  # tprog: SelectCol(SelectRow0(GroupSum(@param0, ['0', '2'], count, 0), eqmax, 0), ['-99', '-1'])
# top-29, score: 0.00, answer: [1]
  # tprog: SelectCol(SelectRow0(GroupSum(@param0, ['0', '2'], count, 1), eqmin, 0), ['2'])
# top-30, score: 0.00, answer: [1]
  # tprog: SelectCol(SelectRow0(GroupSum(@param0, ['0', '2'], count, 1), eqmin, 0), ['-99', '-1'])
# top-31, score: 0.00, answer: [1]
  # tprog: SelectCol(SelectRow0(GroupSum(@param0, ['0', '2'], count, 1), eqmax, 0), ['2'])
# top-32, score: 0.00, answer: [1]
  # tprog: SelectCol(SelectRow0(GroupSum(@param0, ['0', '2'], count, 1), eqmax, 0), ['-99', '-1'])
# top-33, score: 0.00, answer: [1]
  # tprog: SelectCol(SelectRow0(GroupSum(@param0, ['0', '2'], count, 2), eqmin, 0), ['2'])
# top-34, score: 0.00, answer: [1]
  # tprog: SelectCol(SelectRow0(GroupSum(@param0, ['0', '2'], count, 2), eqmin, 0), ['-99', '-1'])
# top-35, score: 0.00, answer: [1]
  # tprog: SelectCol(SelectRow0(GroupSum(@param0, ['0', '2'], count, 2), eqmax, 0), ['2'])
# top-36, score: 0.00, answer: [1]
  # tprog: SelectCol(SelectRow0(GroupSum(@param0, ['0', '2'], count, 2), eqmax, 0), ['-99', '-1'])
# top-37, score: 0.00, answer: [1]
  # tprog: Summarize(SelectRow1(@param0, <, 0, 954000@Int), count, 0)
# top-38, score: 0.00, answer: [1]
  # tprog: Summarize(SelectRow1(@param0, <, 0, 954000@Int), count, 1)
# top-39, score: 0.00, answer: [1]
  # tprog: Summarize(SelectRow1(@param0, <, 0, 954000@Int), count, 2)
# top-40, score: 0.00, answer: [1]
  # tprog: Summarize(SelectRow1(@param0, <=, 0, 180000@Int), count, 0)
# top-41, score: 0.00, answer: [1]
  # tprog: Summarize(SelectRow1(@param0, <=, 0, 180000@Int), count, 1)
# top-42, score: 0.00, answer: [1]
  # tprog: Summarize(SelectRow1(@param0, <=, 0, 180000@Int), count, 2)
# top-43, score: 0.00, answer: [1]
  # tprog: Summarize(SelectRow1(@param0, ==, 0, 180000@Int), count, 0)
# top-44, score: 0.00, answer: [1]
  # tprog: Summarize(SelectRow1(@param0, ==, 0, 180000@Int), count, 1)
# top-45, score: 0.00, answer: [1]
  # tprog: Summarize(SelectRow1(@param0, ==, 0, 180000@Int), count, 2)
# top-46, score: 0.00, answer: [1]
  # tprog: Summarize(SelectRow1(@param0, ==, 0, 3095000@Int), count, 0)
# top-47, score: 0.00, answer: [1]
  # tprog: Summarize(SelectRow1(@param0, ==, 0, 3095000@Int), count, 1)
# top-48, score: 0.00, answer: [1]
  # tprog: Summarize(SelectRow1(@param0, ==, 0, 3095000@Int), count, 2)
# top-49, score: 0.00, answer: [1]
  # tprog: Summarize(SelectRow1(@param0, ==, 0, 954000@Int), count, 0)
# top-50, score: 0.00, answer: [1]
  # tprog: Summarize(SelectRow1(@param0, ==, 0, 954000@Int), count, 1)
# top-51, score: 0.00, answer: [1]
  # tprog: Summarize(SelectRow1(@param0, ==, 0, 954000@Int), count, 2)
# top-52, score: 0.00, answer: [1]
  # tprog: Summarize(SelectRow1(@param0, ==, 0, 3939000@Int), count, 0)
# top-53, score: 0.00, answer: [1]
  # tprog: Summarize(SelectRow1(@param0, ==, 0, 3939000@Int), count, 1)
# top-54, score: 0.00, answer: [1]
  # tprog: Summarize(SelectRow1(@param0, ==, 0, 3939000@Int), count, 2)
# top-55, score: 0.00, answer: [1]
  # tprog: Summarize(SelectRow1(@param0, ==, 1, Bus@Str), count, 0)
# top-56, score: 0.00, answer: [1]
  # tprog: Summarize(SelectRow1(@param0, ==, 1, Bus@Str), count, 1)
# top-57, score: 0.00, answer: [1]
  # tprog: Summarize(SelectRow1(@param0, ==, 1, Bus@Str), count, 2)
# top-58, score: 0.00, answer: [1]
  # tprog: Summarize(SelectRow1(@param0, ==, 1, LRT@Str), count, 0)
# top-59, score: 0.00, answer: [1]
  # tprog: Summarize(SelectRow1(@param0, ==, 1, LRT@Str), count, 1)
# top-60, score: 0.00, answer: [1]
  # tprog: Summarize(SelectRow1(@param0, ==, 1, LRT@Str), count, 2)
# top-61, score: 0.00, answer: [1]
  # tprog: Summarize(SelectRow1(@param0, ==, 1, MRT@Str), count, 0)
# top-62, score: 0.00, answer: [1]
  # tprog: Summarize(SelectRow1(@param0, ==, 1, MRT@Str), count, 1)
# top-63, score: 0.00, answer: [1]
  # tprog: Summarize(SelectRow1(@param0, ==, 1, MRT@Str), count, 2)
# top-64, score: 0.00, answer: [1]
  # tprog: Summarize(SelectRow1(@param0, ==, 1, Taxi@Str), count, 0)
# top-65, score: 0.00, answer: [1]
  # tprog: Summarize(SelectRow1(@param0, ==, 1, Taxi@Str), count, 1)
# top-66, score: 0.00, answer: [1]
  # tprog: Summarize(SelectRow1(@param0, ==, 1, Taxi@Str), count, 2)
# top-67, score: 0.00, answer: [1]
  # tprog: Summarize(SelectRow1(@param0, >=, 0, 3939000@Int), count, 0)
# top-68, score: 0.00, answer: [1]
  # tprog: Summarize(SelectRow1(@param0, >=, 0, 3939000@Int), count, 1)
# top-69, score: 0.00, answer: [1]
  # tprog: Summarize(SelectRow1(@param0, >=, 0, 3939000@Int), count, 2)
# top-70, score: 0.00, answer: [1]
  # tprog: Summarize(SelectRow1(@param0, >, 0, 3095000@Int), count, 0)
# top-71, score: 0.00, answer: [1]
  # tprog: Summarize(SelectRow1(@param0, >, 0, 3095000@Int), count, 1)
# top-72, score: 0.00, answer: [1]
  # tprog: Summarize(SelectRow1(@param0, >, 0, 3095000@Int), count, 2)
# top-73, score: 0.00, answer: [1]
  # tprog: Contrast(SelectRow1(@param0, <, 0, 3095000@Int), /, 1, LRT@Str, LRT@Str, 0)
# top-74, score: 0.00, answer: [1]
  # tprog: Contrast(SelectRow1(@param0, <, 0, 3095000@Int), /, 1, Taxi@Str, Taxi@Str, 0)
# top-75, score: 0.00, answer: [1]
  # tprog: Contrast(SelectRow1(@param0, <, 0, 954000@Int), /, 1, LRT@Str, LRT@Str, 0)
# top-76, score: 0.00, answer: [1]
  # tprog: Contrast(SelectRow1(@param0, <, 0, 954000@Int), /, 2, blue@Str, blue@Str, 0)
# top-77, score: 0.00, answer: [1]
  # tprog: Contrast(SelectRow1(@param0, <, 0, 3939000@Int), /, 1, LRT@Str, LRT@Str, 0)
# top-78, score: 0.00, answer: [1]
  # tprog: Contrast(SelectRow1(@param0, <, 0, 3939000@Int), /, 1, MRT@Str, MRT@Str, 0)
# top-79, score: 0.00, answer: [1]
  # tprog: Contrast(SelectRow1(@param0, <, 0, 3939000@Int), /, 1, Taxi@Str, Taxi@Str, 0)
# top-80, score: 0.00, answer: [1]
  # tprog: Contrast(SelectRow1(@param0, <=, 0, 180000@Int), /, 1, LRT@Str, LRT@Str, 0)
# top-81, score: 0.00, answer: [1]
  # tprog: Contrast(SelectRow1(@param0, <=, 0, 180000@Int), /, 2, blue@Str, blue@Str, 0)
# top-82, score: 0.00, answer: [1]
  # tprog: Contrast(SelectRow1(@param0, <=, 0, 3095000@Int), /, 1, LRT@Str, LRT@Str, 0)
# top-83, score: 0.00, answer: [1]
  # tprog: Contrast(SelectRow1(@param0, <=, 0, 3095000@Int), /, 1, MRT@Str, MRT@Str, 0)
# top-84, score: 0.00, answer: [1]
  # tprog: Contrast(SelectRow1(@param0, <=, 0, 3095000@Int), /, 1, Taxi@Str, Taxi@Str, 0)
# top-85, score: 0.00, answer: [1]
  # tprog: Contrast(SelectRow1(@param0, <=, 0, 954000@Int), /, 1, LRT@Str, LRT@Str, 0)
# top-86, score: 0.00, answer: [1]
  # tprog: Contrast(SelectRow1(@param0, <=, 0, 954000@Int), /, 1, Taxi@Str, Taxi@Str, 0)
# top-87, score: 0.00, answer: [1]
  # tprog: Contrast(SelectRow1(@param0, <=, 0, 3939000@Int), /, 1, Bus@Str, Bus@Str, 0)
# top-88, score: 0.00, answer: [1]
  # tprog: Contrast(SelectRow1(@param0, <=, 0, 3939000@Int), /, 1, LRT@Str, LRT@Str, 0)
# top-89, score: 0.00, answer: [1]
  # tprog: Contrast(SelectRow1(@param0, <=, 0, 3939000@Int), /, 1, MRT@Str, MRT@Str, 0)
# top-90, score: 0.00, answer: [1]
  # tprog: Contrast(SelectRow1(@param0, <=, 0, 3939000@Int), /, 1, Taxi@Str, Taxi@Str, 0)
# top-91, score: 0.00, answer: [1]
  # tprog: Contrast(SelectRow1(@param0, ==, 0, 180000@Int), /, 1, LRT@Str, LRT@Str, 0)
# top-92, score: 0.00, answer: [1]
  # tprog: Contrast(SelectRow1(@param0, ==, 0, 180000@Int), /, 2, blue@Str, blue@Str, 0)
# top-93, score: 0.00, answer: [1]
  # tprog: Contrast(SelectRow1(@param0, ==, 0, 3095000@Int), /, 1, MRT@Str, MRT@Str, 0)
# top-94, score: 0.00, answer: [1]
  # tprog: Contrast(SelectRow1(@param0, ==, 0, 3095000@Int), /, 2, blue@Str, blue@Str, 0)
# top-95, score: 0.00, answer: [1]
  # tprog: Contrast(SelectRow1(@param0, ==, 0, 954000@Int), /, 1, Taxi@Str, Taxi@Str, 0)
# top-96, score: 0.00, answer: [1]
  # tprog: Contrast(SelectRow1(@param0, ==, 0, 954000@Int), /, 2, blue@Str, blue@Str, 0)
# top-97, score: 0.00, answer: [1]
  # tprog: Contrast(SelectRow1(@param0, ==, 0, 3939000@Int), /, 1, Bus@Str, Bus@Str, 0)
# top-98, score: 0.00, answer: [1]
  # tprog: Contrast(SelectRow1(@param0, ==, 0, 3939000@Int), /, 2, blue@Str, blue@Str, 0)
# top-99, score: 0.00, answer: [1]
  # tprog: Contrast(SelectRow1(@param0, ==, 1, Bus@Str), /, 1, Bus@Str, Bus@Str, 0)
# top-100, score: 0.00, answer: [1]
  # tprog: Contrast(SelectRow1(@param0, ==, 1, Bus@Str), /, 2, blue@Str, blue@Str, 0)
# top-101, score: 0.00, answer: [1]
  # tprog: Contrast(SelectRow1(@param0, ==, 1, LRT@Str), /, 1, LRT@Str, LRT@Str, 0)
# top-102, score: 0.00, answer: [1]
  # tprog: Contrast(SelectRow1(@param0, ==, 1, LRT@Str), /, 2, blue@Str, blue@Str, 0)
# top-103, score: 0.00, answer: [1]
  # tprog: Contrast(SelectRow1(@param0, ==, 1, MRT@Str), /, 1, MRT@Str, MRT@Str, 0)
# top-104, score: 0.00, answer: [1]
  # tprog: Contrast(SelectRow1(@param0, ==, 1, MRT@Str), /, 2, blue@Str, blue@Str, 0)
# top-105, score: 0.00, answer: [1]
  # tprog: Contrast(SelectRow1(@param0, ==, 1, Taxi@Str), /, 1, Taxi@Str, Taxi@Str, 0)
# top-106, score: 0.00, answer: [1]
  # tprog: Contrast(SelectRow1(@param0, ==, 1, Taxi@Str), /, 2, blue@Str, blue@Str, 0)
# top-107, score: 0.00, answer: [1]
  # tprog: Contrast(SelectRow1(@param0, ==, 2, blue@Str), /, 1, Bus@Str, Bus@Str, 0)
# top-108, score: 0.00, answer: [1]
  # tprog: Contrast(SelectRow1(@param0, ==, 2, blue@Str), /, 1, LRT@Str, LRT@Str, 0)
# top-109, score: 0.00, answer: [1]
  # tprog: Contrast(SelectRow1(@param0, ==, 2, blue@Str), /, 1, MRT@Str, MRT@Str, 0)
# top-110, score: 0.00, answer: [1]
  # tprog: Contrast(SelectRow1(@param0, ==, 2, blue@Str), /, 1, Taxi@Str, Taxi@Str, 0)
# top-111, score: 0.00, answer: [1]
  # tprog: Contrast(SelectRow1(@param0, >=, 0, 180000@Int), /, 1, Bus@Str, Bus@Str, 0)
# top-112, score: 0.00, answer: [1]
  # tprog: Contrast(SelectRow1(@param0, >=, 0, 180000@Int), /, 1, LRT@Str, LRT@Str, 0)
# top-113, score: 0.00, answer: [1]
  # tprog: Contrast(SelectRow1(@param0, >=, 0, 180000@Int), /, 1, MRT@Str, MRT@Str, 0)
# top-114, score: 0.00, answer: [1]
  # tprog: Contrast(SelectRow1(@param0, >=, 0, 180000@Int), /, 1, Taxi@Str, Taxi@Str, 0)
# top-115, score: 0.00, answer: [1]
  # tprog: Contrast(SelectRow1(@param0, >=, 0, 3095000@Int), /, 1, Bus@Str, Bus@Str, 0)
# top-116, score: 0.00, answer: [1]
  # tprog: Contrast(SelectRow1(@param0, >=, 0, 3095000@Int), /, 1, MRT@Str, MRT@Str, 0)
# top-117, score: 0.00, answer: [1]
  # tprog: Contrast(SelectRow1(@param0, >=, 0, 954000@Int), /, 1, Bus@Str, Bus@Str, 0)
# top-118, score: 0.00, answer: [1]
  # tprog: Contrast(SelectRow1(@param0, >=, 0, 954000@Int), /, 1, MRT@Str, MRT@Str, 0)
# top-119, score: 0.00, answer: [1]
  # tprog: Contrast(SelectRow1(@param0, >=, 0, 954000@Int), /, 1, Taxi@Str, Taxi@Str, 0)
# top-120, score: 0.00, answer: [1]
  # tprog: Contrast(SelectRow1(@param0, >=, 0, 3939000@Int), /, 1, Bus@Str, Bus@Str, 0)
# top-121, score: 0.00, answer: [1]
  # tprog: Contrast(SelectRow1(@param0, >=, 0, 3939000@Int), /, 2, blue@Str, blue@Str, 0)
# top-122, score: 0.00, answer: [1]
  # tprog: Contrast(SelectRow1(@param0, >, 0, 180000@Int), /, 1, Bus@Str, Bus@Str, 0)
# top-123, score: 0.00, answer: [1]
  # tprog: Contrast(SelectRow1(@param0, >, 0, 180000@Int), /, 1, MRT@Str, MRT@Str, 0)
# top-124, score: 0.00, answer: [1]
  # tprog: Contrast(SelectRow1(@param0, >, 0, 180000@Int), /, 1, Taxi@Str, Taxi@Str, 0)
# top-125, score: 0.00, answer: [1]
  # tprog: Contrast(SelectRow1(@param0, >, 0, 3095000@Int), /, 1, Bus@Str, Bus@Str, 0)
# top-126, score: 0.00, answer: [1]
  # tprog: Contrast(SelectRow1(@param0, >, 0, 3095000@Int), /, 2, blue@Str, blue@Str, 0)
# top-127, score: 0.00, answer: [1]
  # tprog: Contrast(SelectRow1(@param0, >, 0, 954000@Int), /, 1, Bus@Str, Bus@Str, 0)
# top-128, score: 0.00, answer: [1]
  # tprog: Contrast(SelectRow1(@param0, >, 0, 954000@Int), /, 1, MRT@Str, MRT@Str, 0)
# top-129, score: 0.00, answer: [1]
  # tprog: Contrast(SelectRow1(@param0, !=, 0, 180000@Int), /, 1, Bus@Str, Bus@Str, 0)
# top-130, score: 0.00, answer: [1]
  # tprog: Contrast(SelectRow1(@param0, !=, 0, 180000@Int), /, 1, MRT@Str, MRT@Str, 0)
# top-131, score: 0.00, answer: [1]
  # tprog: Contrast(SelectRow1(@param0, !=, 0, 180000@Int), /, 1, Taxi@Str, Taxi@Str, 0)
# top-132, score: 0.00, answer: [1]
  # tprog: Contrast(SelectRow1(@param0, !=, 0, blue@Str), /, 1, Bus@Str, Bus@Str, 0)
# top-133, score: 0.00, answer: [1]
  # tprog: Contrast(SelectRow1(@param0, !=, 0, blue@Str), /, 1, LRT@Str, LRT@Str, 0)
# top-134, score: 0.00, answer: [1]
  # tprog: Contrast(SelectRow1(@param0, !=, 0, blue@Str), /, 1, MRT@Str, MRT@Str, 0)
# top-135, score: 0.00, answer: [1]
  # tprog: Contrast(SelectRow1(@param0, !=, 0, blue@Str), /, 1, Taxi@Str, Taxi@Str, 0)
# top-136, score: 0.00, answer: [1]
  # tprog: Contrast(SelectRow1(@param0, !=, 0, 3095000@Int), /, 1, Bus@Str, Bus@Str, 0)
# top-137, score: 0.00, answer: [1]
  # tprog: Contrast(SelectRow1(@param0, !=, 0, 3095000@Int), /, 1, LRT@Str, LRT@Str, 0)
# top-138, score: 0.00, answer: [1]
  # tprog: Contrast(SelectRow1(@param0, !=, 0, 3095000@Int), /, 1, Taxi@Str, Taxi@Str, 0)
# top-139, score: 0.00, answer: [1]
  # tprog: Contrast(SelectRow1(@param0, !=, 0, Bus@Str), /, 1, Bus@Str, Bus@Str, 0)
# top-140, score: 0.00, answer: [1]
  # tprog: Contrast(SelectRow1(@param0, !=, 0, Bus@Str), /, 1, LRT@Str, LRT@Str, 0)
# top-141, score: 0.00, answer: [1]
  # tprog: Contrast(SelectRow1(@param0, !=, 0, Bus@Str), /, 1, MRT@Str, MRT@Str, 0)
# top-142, score: 0.00, answer: [1]
  # tprog: Contrast(SelectRow1(@param0, !=, 0, Bus@Str), /, 1, Taxi@Str, Taxi@Str, 0)
# top-143, score: 0.00, answer: [1]
  # tprog: Contrast(SelectRow1(@param0, !=, 0, LRT@Str), /, 1, Bus@Str, Bus@Str, 0)
# top-144, score: 0.00, answer: [1]
  # tprog: Contrast(SelectRow1(@param0, !=, 0, LRT@Str), /, 1, LRT@Str, LRT@Str, 0)
# top-145, score: 0.00, answer: [1]
  # tprog: Contrast(SelectRow1(@param0, !=, 0, LRT@Str), /, 1, MRT@Str, MRT@Str, 0)
# top-146, score: 0.00, answer: [1]
  # tprog: Contrast(SelectRow1(@param0, !=, 0, LRT@Str), /, 1, Taxi@Str, Taxi@Str, 0)
# top-147, score: 0.00, answer: [1]
  # tprog: Contrast(SelectRow1(@param0, !=, 0, 954000@Int), /, 1, Bus@Str, Bus@Str, 0)
# top-148, score: 0.00, answer: [1]
  # tprog: Contrast(SelectRow1(@param0, !=, 0, 954000@Int), /, 1, LRT@Str, LRT@Str, 0)
# top-149, score: 0.00, answer: [1]
  # tprog: Contrast(SelectRow1(@param0, !=, 0, 954000@Int), /, 1, MRT@Str, MRT@Str, 0)
# top-150, score: 0.00, answer: [1]
  # tprog: Contrast(SelectRow1(@param0, !=, 0, transportation@Str), /, 1, Bus@Str, Bus@Str, 0)
# top-151, score: 0.00, answer: [1]
  # tprog: Contrast(SelectRow1(@param0, !=, 0, transportation@Str), /, 1, LRT@Str, LRT@Str, 0)
# top-152, score: 0.00, answer: [1]
  # tprog: Contrast(SelectRow1(@param0, !=, 0, transportation@Str), /, 1, MRT@Str, MRT@Str, 0)
# top-153, score: 0.00, answer: [1]
  # tprog: Contrast(SelectRow1(@param0, !=, 0, transportation@Str), /, 1, Taxi@Str, Taxi@Str, 0)
# top-154, score: 0.00, answer: [1]
  # tprog: Contrast(SelectRow1(@param0, !=, 0, color@Str), /, 1, Bus@Str, Bus@Str, 0)
# top-155, score: 0.00, answer: [1]
  # tprog: Contrast(SelectRow1(@param0, !=, 0, color@Str), /, 1, LRT@Str, LRT@Str, 0)
# top-156, score: 0.00, answer: [1]
  # tprog: Contrast(SelectRow1(@param0, !=, 0, color@Str), /, 1, MRT@Str, MRT@Str, 0)
# top-157, score: 0.00, answer: [1]
  # tprog: Contrast(SelectRow1(@param0, !=, 0, color@Str), /, 1, Taxi@Str, Taxi@Str, 0)
# top-158, score: 0.00, answer: [1]
  # tprog: Contrast(SelectRow1(@param0, !=, 0, MRT@Str), /, 1, Bus@Str, Bus@Str, 0)
# top-159, score: 0.00, answer: [1]
  # tprog: Contrast(SelectRow1(@param0, !=, 0, MRT@Str), /, 1, LRT@Str, LRT@Str, 0)
# top-160, score: 0.00, answer: [1]
  # tprog: Contrast(SelectRow1(@param0, !=, 0, MRT@Str), /, 1, MRT@Str, MRT@Str, 0)
# top-161, score: 0.00, answer: [1]
  # tprog: Contrast(SelectRow1(@param0, !=, 0, MRT@Str), /, 1, Taxi@Str, Taxi@Str, 0)
# top-162, score: 0.00, answer: [1]
  # tprog: Contrast(SelectRow1(@param0, !=, 0, ridership@Str), /, 1, Bus@Str, Bus@Str, 0)
# top-163, score: 0.00, answer: [1]
  # tprog: Contrast(SelectRow1(@param0, !=, 0, ridership@Str), /, 1, LRT@Str, LRT@Str, 0)
# top-164, score: 0.00, answer: [1]
  # tprog: Contrast(SelectRow1(@param0, !=, 0, ridership@Str), /, 1, MRT@Str, MRT@Str, 0)
# top-165, score: 0.00, answer: [1]
  # tprog: Contrast(SelectRow1(@param0, !=, 0, ridership@Str), /, 1, Taxi@Str, Taxi@Str, 0)
# top-166, score: 0.00, answer: [1]
  # tprog: Contrast(SelectRow1(@param0, !=, 0, 3939000@Int), /, 1, LRT@Str, LRT@Str, 0)
# top-167, score: 0.00, answer: [1]
  # tprog: Contrast(SelectRow1(@param0, !=, 0, 3939000@Int), /, 1, MRT@Str, MRT@Str, 0)
# top-168, score: 0.00, answer: [1]
  # tprog: Contrast(SelectRow1(@param0, !=, 0, 3939000@Int), /, 1, Taxi@Str, Taxi@Str, 0)
# top-169, score: 0.00, answer: [1]
  # tprog: Contrast(SelectRow1(@param0, !=, 0, Taxi@Str), /, 1, Bus@Str, Bus@Str, 0)
# top-170, score: 0.00, answer: [1]
  # tprog: Contrast(SelectRow1(@param0, !=, 0, Taxi@Str), /, 1, LRT@Str, LRT@Str, 0)
# top-171, score: 0.00, answer: [1]
  # tprog: Contrast(SelectRow1(@param0, !=, 0, Taxi@Str), /, 1, MRT@Str, MRT@Str, 0)
# top-172, score: 0.00, answer: [1]
  # tprog: Contrast(SelectRow1(@param0, !=, 0, Taxi@Str), /, 1, Taxi@Str, Taxi@Str, 0)
# top-173, score: 0.00, answer: [1]
  # tprog: Contrast(SelectRow1(@param0, !=, 1, 180000@Int), /, 1, Bus@Str, Bus@Str, 0)
# top-174, score: 0.00, answer: [1]
  # tprog: Contrast(SelectRow1(@param0, !=, 1, 180000@Int), /, 1, LRT@Str, LRT@Str, 0)
# top-175, score: 0.00, answer: [1]
  # tprog: Contrast(SelectRow1(@param0, !=, 1, 180000@Int), /, 1, MRT@Str, MRT@Str, 0)
# top-176, score: 0.00, answer: [1]
  # tprog: Contrast(SelectRow1(@param0, !=, 1, 180000@Int), /, 1, Taxi@Str, Taxi@Str, 0)
# top-177, score: 0.00, answer: [1]
  # tprog: Contrast(SelectRow1(@param0, !=, 1, blue@Str), /, 1, Bus@Str, Bus@Str, 0)
# top-178, score: 0.00, answer: [1]
  # tprog: Contrast(SelectRow1(@param0, !=, 1, blue@Str), /, 1, LRT@Str, LRT@Str, 0)
# top-179, score: 0.00, answer: [1]
  # tprog: Contrast(SelectRow1(@param0, !=, 1, blue@Str), /, 1, MRT@Str, MRT@Str, 0)
# top-180, score: 0.00, answer: [1]
  # tprog: Contrast(SelectRow1(@param0, !=, 1, blue@Str), /, 1, Taxi@Str, Taxi@Str, 0)
# top-181, score: 0.00, answer: [1]
  # tprog: Contrast(SelectRow1(@param0, !=, 1, 3095000@Int), /, 1, Bus@Str, Bus@Str, 0)
# top-182, score: 0.00, answer: [1]
  # tprog: Contrast(SelectRow1(@param0, !=, 1, 3095000@Int), /, 1, LRT@Str, LRT@Str, 0)
# top-183, score: 0.00, answer: [1]
  # tprog: Contrast(SelectRow1(@param0, !=, 1, 3095000@Int), /, 1, MRT@Str, MRT@Str, 0)
# top-184, score: 0.00, answer: [1]
  # tprog: Contrast(SelectRow1(@param0, !=, 1, 3095000@Int), /, 1, Taxi@Str, Taxi@Str, 0)
# top-185, score: 0.00, answer: [1]
  # tprog: Contrast(SelectRow1(@param0, !=, 1, Bus@Str), /, 1, LRT@Str, LRT@Str, 0)
# top-186, score: 0.00, answer: [1]
  # tprog: Contrast(SelectRow1(@param0, !=, 1, Bus@Str), /, 1, MRT@Str, MRT@Str, 0)
# top-187, score: 0.00, answer: [1]
  # tprog: Contrast(SelectRow1(@param0, !=, 1, Bus@Str), /, 1, Taxi@Str, Taxi@Str, 0)
# top-188, score: 0.00, answer: [1]
  # tprog: Contrast(SelectRow1(@param0, !=, 1, LRT@Str), /, 1, Bus@Str, Bus@Str, 0)
# top-189, score: 0.00, answer: [1]
  # tprog: Contrast(SelectRow1(@param0, !=, 1, LRT@Str), /, 1, MRT@Str, MRT@Str, 0)
# top-190, score: 0.00, answer: [1]
  # tprog: Contrast(SelectRow1(@param0, !=, 1, LRT@Str), /, 1, Taxi@Str, Taxi@Str, 0)
# top-191, score: 0.00, answer: [1]
  # tprog: Contrast(SelectRow1(@param0, !=, 1, 954000@Int), /, 1, Bus@Str, Bus@Str, 0)
# top-192, score: 0.00, answer: [1]
  # tprog: Contrast(SelectRow1(@param0, !=, 1, 954000@Int), /, 1, LRT@Str, LRT@Str, 0)
# top-193, score: 0.00, answer: [1]
  # tprog: Contrast(SelectRow1(@param0, !=, 1, 954000@Int), /, 1, MRT@Str, MRT@Str, 0)
# top-194, score: 0.00, answer: [1]
  # tprog: Contrast(SelectRow1(@param0, !=, 1, 954000@Int), /, 1, Taxi@Str, Taxi@Str, 0)
# top-195, score: 0.00, answer: [1]
  # tprog: Contrast(SelectRow1(@param0, !=, 1, transportation@Str), /, 1, Bus@Str, Bus@Str, 0)
# top-196, score: 0.00, answer: [1]
  # tprog: Contrast(SelectRow1(@param0, !=, 1, transportation@Str), /, 1, LRT@Str, LRT@Str, 0)
# top-197, score: 0.00, answer: [1]
  # tprog: Contrast(SelectRow1(@param0, !=, 1, transportation@Str), /, 1, MRT@Str, MRT@Str, 0)
# top-198, score: 0.00, answer: [1]
  # tprog: Contrast(SelectRow1(@param0, !=, 1, transportation@Str), /, 1, Taxi@Str, Taxi@Str, 0)
# top-199, score: 0.00, answer: [1]
  # tprog: Contrast(SelectRow1(@param0, !=, 1, color@Str), /, 1, Bus@Str, Bus@Str, 0)
# top-200, score: 0.00, answer: [1]
  # tprog: Contrast(SelectRow1(@param0, !=, 1, color@Str), /, 1, LRT@Str, LRT@Str, 0)
# top-201, score: 0.00, answer: [1]
  # tprog: Contrast(SelectRow1(@param0, !=, 1, color@Str), /, 1, MRT@Str, MRT@Str, 0)
# top-202, score: 0.00, answer: [1]
  # tprog: Contrast(SelectRow1(@param0, !=, 1, color@Str), /, 1, Taxi@Str, Taxi@Str, 0)
# top-203, score: 0.00, answer: [1]
  # tprog: Contrast(SelectRow1(@param0, !=, 1, MRT@Str), /, 1, Bus@Str, Bus@Str, 0)
# top-204, score: 0.00, answer: [1]
  # tprog: Contrast(SelectRow1(@param0, !=, 1, MRT@Str), /, 1, LRT@Str, LRT@Str, 0)
# top-205, score: 0.00, answer: [1]
  # tprog: Contrast(SelectRow1(@param0, !=, 1, MRT@Str), /, 1, Taxi@Str, Taxi@Str, 0)
# top-206, score: 0.00, answer: [1]
  # tprog: Contrast(SelectRow1(@param0, !=, 1, ridership@Str), /, 1, Bus@Str, Bus@Str, 0)
# top-207, score: 0.00, answer: [1]
  # tprog: Contrast(SelectRow1(@param0, !=, 1, ridership@Str), /, 1, LRT@Str, LRT@Str, 0)
# top-208, score: 0.00, answer: [1]
  # tprog: Contrast(SelectRow1(@param0, !=, 1, ridership@Str), /, 1, MRT@Str, MRT@Str, 0)
# top-209, score: 0.00, answer: [1]
  # tprog: Contrast(SelectRow1(@param0, !=, 1, ridership@Str), /, 1, Taxi@Str, Taxi@Str, 0)
# top-210, score: 0.00, answer: [1]
  # tprog: Contrast(SelectRow1(@param0, !=, 1, 3939000@Int), /, 1, Bus@Str, Bus@Str, 0)
# top-211, score: 0.00, answer: [1]
  # tprog: Contrast(SelectRow1(@param0, !=, 1, 3939000@Int), /, 1, LRT@Str, LRT@Str, 0)
# top-212, score: 0.00, answer: [1]
  # tprog: Contrast(SelectRow1(@param0, !=, 1, 3939000@Int), /, 1, MRT@Str, MRT@Str, 0)
# top-213, score: 0.00, answer: [1]
  # tprog: Contrast(SelectRow1(@param0, !=, 1, 3939000@Int), /, 1, Taxi@Str, Taxi@Str, 0)
# top-214, score: 0.00, answer: [1]
  # tprog: Contrast(SelectRow1(@param0, !=, 1, Taxi@Str), /, 1, Bus@Str, Bus@Str, 0)
# top-215, score: 0.00, answer: [1]
  # tprog: Contrast(SelectRow1(@param0, !=, 1, Taxi@Str), /, 1, LRT@Str, LRT@Str, 0)
# top-216, score: 0.00, answer: [1]
  # tprog: Contrast(SelectRow1(@param0, !=, 1, Taxi@Str), /, 1, MRT@Str, MRT@Str, 0)
# top-217, score: 0.00, answer: [1]
  # tprog: Contrast(SelectRow1(@param0, !=, 2, 180000@Int), /, 1, Bus@Str, Bus@Str, 0)
# top-218, score: 0.00, answer: [1]
  # tprog: Contrast(SelectRow1(@param0, !=, 2, 180000@Int), /, 1, LRT@Str, LRT@Str, 0)
# top-219, score: 0.00, answer: [1]
  # tprog: Contrast(SelectRow1(@param0, !=, 2, 180000@Int), /, 1, MRT@Str, MRT@Str, 0)
# top-220, score: 0.00, answer: [1]
  # tprog: Contrast(SelectRow1(@param0, !=, 2, 180000@Int), /, 1, Taxi@Str, Taxi@Str, 0)
# top-221, score: 0.00, answer: [1]
  # tprog: Contrast(SelectRow1(@param0, !=, 2, 3095000@Int), /, 1, Bus@Str, Bus@Str, 0)
# top-222, score: 0.00, answer: [1]
  # tprog: Contrast(SelectRow1(@param0, !=, 2, 3095000@Int), /, 1, LRT@Str, LRT@Str, 0)
# top-223, score: 0.00, answer: [1]
  # tprog: Contrast(SelectRow1(@param0, !=, 2, 3095000@Int), /, 1, MRT@Str, MRT@Str, 0)
# top-224, score: 0.00, answer: [1]
  # tprog: Contrast(SelectRow1(@param0, !=, 2, 3095000@Int), /, 1, Taxi@Str, Taxi@Str, 0)
# top-225, score: 0.00, answer: [1]
  # tprog: Contrast(SelectRow1(@param0, !=, 2, Bus@Str), /, 1, Bus@Str, Bus@Str, 0)
# top-226, score: 0.00, answer: [1]
  # tprog: Contrast(SelectRow1(@param0, !=, 2, Bus@Str), /, 1, LRT@Str, LRT@Str, 0)
# top-227, score: 0.00, answer: [1]
  # tprog: Contrast(SelectRow1(@param0, !=, 2, Bus@Str), /, 1, MRT@Str, MRT@Str, 0)
# top-228, score: 0.00, answer: [1]
  # tprog: Contrast(SelectRow1(@param0, !=, 2, Bus@Str), /, 1, Taxi@Str, Taxi@Str, 0)
# top-229, score: 0.00, answer: [1]
  # tprog: Contrast(SelectRow1(@param0, !=, 2, LRT@Str), /, 1, Bus@Str, Bus@Str, 0)
# top-230, score: 0.00, answer: [1]
  # tprog: Contrast(SelectRow1(@param0, !=, 2, LRT@Str), /, 1, LRT@Str, LRT@Str, 0)
# top-231, score: 0.00, answer: [1]
  # tprog: Contrast(SelectRow1(@param0, !=, 2, LRT@Str), /, 1, MRT@Str, MRT@Str, 0)
# top-232, score: 0.00, answer: [1]
  # tprog: Contrast(SelectRow1(@param0, !=, 2, LRT@Str), /, 1, Taxi@Str, Taxi@Str, 0)
# top-233, score: 0.00, answer: [1]
  # tprog: Contrast(SelectRow1(@param0, !=, 2, 954000@Int), /, 1, Bus@Str, Bus@Str, 0)
# top-234, score: 0.00, answer: [1]
  # tprog: Contrast(SelectRow1(@param0, !=, 2, 954000@Int), /, 1, LRT@Str, LRT@Str, 0)
# top-235, score: 0.00, answer: [1]
  # tprog: Contrast(SelectRow1(@param0, !=, 2, 954000@Int), /, 1, MRT@Str, MRT@Str, 0)
# top-236, score: 0.00, answer: [1]
  # tprog: Contrast(SelectRow1(@param0, !=, 2, 954000@Int), /, 1, Taxi@Str, Taxi@Str, 0)
# top-237, score: 0.00, answer: [1]
  # tprog: Contrast(SelectRow1(@param0, !=, 2, transportation@Str), /, 1, Bus@Str, Bus@Str, 0)
# top-238, score: 0.00, answer: [1]
  # tprog: Contrast(SelectRow1(@param0, !=, 2, transportation@Str), /, 1, LRT@Str, LRT@Str, 0)
# top-239, score: 0.00, answer: [1]
  # tprog: Contrast(SelectRow1(@param0, !=, 2, transportation@Str), /, 1, MRT@Str, MRT@Str, 0)
# top-240, score: 0.00, answer: [1]
  # tprog: Contrast(SelectRow1(@param0, !=, 2, transportation@Str), /, 1, Taxi@Str, Taxi@Str, 0)
# top-241, score: 0.00, answer: [1]
  # tprog: Contrast(SelectRow1(@param0, !=, 2, color@Str), /, 1, Bus@Str, Bus@Str, 0)
# top-242, score: 0.00, answer: [1]
  # tprog: Contrast(SelectRow1(@param0, !=, 2, color@Str), /, 1, LRT@Str, LRT@Str, 0)
# top-243, score: 0.00, answer: [1]
  # tprog: Contrast(SelectRow1(@param0, !=, 2, color@Str), /, 1, MRT@Str, MRT@Str, 0)
# top-244, score: 0.00, answer: [1]
  # tprog: Contrast(SelectRow1(@param0, !=, 2, color@Str), /, 1, Taxi@Str, Taxi@Str, 0)
# top-245, score: 0.00, answer: [1]
  # tprog: Contrast(SelectRow1(@param0, !=, 2, MRT@Str), /, 1, Bus@Str, Bus@Str, 0)
# top-246, score: 0.00, answer: [1]
  # tprog: Contrast(SelectRow1(@param0, !=, 2, MRT@Str), /, 1, LRT@Str, LRT@Str, 0)
# top-247, score: 0.00, answer: [1]
  # tprog: Contrast(SelectRow1(@param0, !=, 2, MRT@Str), /, 1, MRT@Str, MRT@Str, 0)
# top-248, score: 0.00, answer: [1]
  # tprog: Contrast(SelectRow1(@param0, !=, 2, MRT@Str), /, 1, Taxi@Str, Taxi@Str, 0)
# top-249, score: 0.00, answer: [1]
  # tprog: Contrast(SelectRow1(@param0, !=, 2, ridership@Str), /, 1, Bus@Str, Bus@Str, 0)
# top-250, score: 0.00, answer: [1]
  # tprog: Contrast(SelectRow1(@param0, !=, 2, ridership@Str), /, 1, LRT@Str, LRT@Str, 0)
# top-251, score: 0.00, answer: [1]
  # tprog: Contrast(SelectRow1(@param0, !=, 2, ridership@Str), /, 1, MRT@Str, MRT@Str, 0)
# top-252, score: 0.00, answer: [1]
  # tprog: Contrast(SelectRow1(@param0, !=, 2, ridership@Str), /, 1, Taxi@Str, Taxi@Str, 0)
# top-253, score: 0.00, answer: [1]
  # tprog: Contrast(SelectRow1(@param0, !=, 2, 3939000@Int), /, 1, Bus@Str, Bus@Str, 0)
# top-254, score: 0.00, answer: [1]
  # tprog: Contrast(SelectRow1(@param0, !=, 2, 3939000@Int), /, 1, LRT@Str, LRT@Str, 0)
# top-255, score: 0.00, answer: [1]
  # tprog: Contrast(SelectRow1(@param0, !=, 2, 3939000@Int), /, 1, MRT@Str, MRT@Str, 0)
# top-256, score: 0.00, answer: [1]
  # tprog: Contrast(SelectRow1(@param0, !=, 2, 3939000@Int), /, 1, Taxi@Str, Taxi@Str, 0)
# top-257, score: 0.00, answer: [1]
  # tprog: Contrast(SelectRow1(@param0, !=, 2, Taxi@Str), /, 1, Bus@Str, Bus@Str, 0)
# top-258, score: 0.00, answer: [1]
  # tprog: Contrast(SelectRow1(@param0, !=, 2, Taxi@Str), /, 1, LRT@Str, LRT@Str, 0)
# top-259, score: 0.00, answer: [1]
  # tprog: Contrast(SelectRow1(@param0, !=, 2, Taxi@Str), /, 1, MRT@Str, MRT@Str, 0)
# top-260, score: 0.00, answer: [1]
  # tprog: Contrast(SelectRow1(@param0, !=, 2, Taxi@Str), /, 1, Taxi@Str, Taxi@Str, 0)
# top-261, score: 0.00, answer: [1]
  # tprog: Contrast(@param0, /, 1, Bus@Str, Bus@Str, 0)
# top-262, score: 0.00, answer: [1]
  # tprog: Contrast(@param0, /, 1, LRT@Str, LRT@Str, 0)
# top-263, score: 0.00, answer: [1]
  # tprog: Contrast(@param0, /, 1, MRT@Str, MRT@Str, 0)
# top-264, score: 0.00, answer: [1]
  # tprog: Contrast(@param0, /, 1, Taxi@Str, Taxi@Str, 0)
# top-265, score: 0.00, answer: [2]
  # tprog: Summarize(SelectRow1(@param0, <, 0, 3095000@Int), count, 0)
# top-266, score: 0.00, answer: [2]
  # tprog: Summarize(SelectRow1(@param0, <, 0, 3095000@Int), count, 1)
# top-267, score: 0.00, answer: [2]
  # tprog: Summarize(SelectRow1(@param0, <, 0, 3095000@Int), count, 2)
# top-268, score: 0.00, answer: [2]
  # tprog: Summarize(SelectRow1(@param0, <=, 0, 954000@Int), count, 0)
# top-269, score: 0.00, answer: [2]
  # tprog: Summarize(SelectRow1(@param0, <=, 0, 954000@Int), count, 1)
# top-270, score: 0.00, answer: [2]
  # tprog: Summarize(SelectRow1(@param0, <=, 0, 954000@Int), count, 2)
# top-271, score: 0.00, answer: [2]
  # tprog: Summarize(SelectRow1(@param0, >=, 0, 3095000@Int), count, 0)
# top-272, score: 0.00, answer: [2]
  # tprog: Summarize(SelectRow1(@param0, >=, 0, 3095000@Int), count, 1)
# top-273, score: 0.00, answer: [2]
  # tprog: Summarize(SelectRow1(@param0, >=, 0, 3095000@Int), count, 2)
# top-274, score: 0.00, answer: [2]
  # tprog: Summarize(SelectRow1(@param0, >, 0, 954000@Int), count, 0)
# top-275, score: 0.00, answer: [2]
  # tprog: Summarize(SelectRow1(@param0, >, 0, 954000@Int), count, 1)
# top-276, score: 0.00, answer: [2]
  # tprog: Summarize(SelectRow1(@param0, >, 0, 954000@Int), count, 2)
