# parsed arguments: Namespace(benchmark='Q527b9', dsl='meta_visqa', skeletons='visqa_normal', strategy='TaPas_C', fallback='auto', timeout=300, mode='abstract-only', expected_only=False)
# loading benchmark...
# table keywords: {'183', '133', '30', 'nicaragua', 'color', '182', 'panama', 'el', 'country', 'belize', 'blue', 'rica', 'costa', '61', '101', 'amphibians', 'honduras', '46', 'salvador', 'guatemala'}
# input type: [dtype('O'), dtype('int64'), dtype('O')]
# input is:
       Country  Amphibians color
0       Belize          46  blue
1   Costa Rica         183  blue
2  El Salvador          30  blue
3    Guatemala         133  blue
4     Honduras         101  blue
5    Nicaragua          61  blue
6       Panama         182  blue
# query is: How many amphibians species have Belize and El Salvador together?
# expected output type:[dtype('int64')]
# expected output is:
   ANSWER
0      76
# inferred DSL terminals:
  # ConstVal: ['blue@Str', 'Guatemala@Str', '133@Int', '101@Int', 'Nicaragua@Str', 'El Salvador@Str', 'Country@Str', 'Honduras@Str', 'Amphibians@Str', 'Belize@Str', '46@Int', 'color@Str', '182@Int', '183@Int', 'Costa Rica@Str', 'Panama@Str', '61@Int', '30@Int']
     # cmap: [(None, 'blue'), (None, 'Guatemala'), (None, 133), (None, 101), (None, 'Nicaragua'), (None, 'El Salvador'), (None, 'Country'), (None, 'Honduras'), (None, 'Amphibians'), (None, 'Belize'), (None, 46), (None, 'color'), (None, 182), (None, 183), (None, 'Costa Rica'), (None, 'Panama'), (None, 61), (None, 30)]
# loading skeleton list...

# ========== candidate program report ========== #
# (t=0.00) i=0, candidate=[{'ANSWER': 1}]
  # found 168 program(s)
    # SelectCol(SelectRow0(GroupSum(@param0, ['1'], count, 0), eqmin, 0), ['1'])
      --> ['SelectCol', ['SelectRow0', ['GroupSum', 'input@0', ['Amphibians'], 'count', 'Country'], 'eqmin', 'Amphibians'], ['COL0']]
    # SelectCol(SelectRow0(GroupSum(@param0, ['1'], count, 0), eqmin, 0), ['-99'])
      --> ['SelectCol', ['SelectRow0', ['GroupSum', 'input@0', ['Amphibians'], 'count', 'Country'], 'eqmin', 'Amphibians'], ['COL0']]
    # SelectCol(SelectRow0(GroupSum(@param0, ['1'], count, 0), eqmax, 0), ['1'])
      --> ['SelectCol', ['SelectRow0', ['GroupSum', 'input@0', ['Amphibians'], 'count', 'Country'], 'eqmax', 'Amphibians'], ['COL0']]
    # SelectCol(SelectRow0(GroupSum(@param0, ['1'], count, 0), eqmax, 0), ['-99'])
      --> ['SelectCol', ['SelectRow0', ['GroupSum', 'input@0', ['Amphibians'], 'count', 'Country'], 'eqmax', 'Amphibians'], ['COL0']]
    # SelectCol(SelectRow0(GroupSum(@param0, ['1'], count, 1), eqmin, 0), ['1'])
      --> ['SelectCol', ['SelectRow0', ['GroupSum', 'input@0', ['Amphibians'], 'count', 'Amphibians'], 'eqmin', 'Amphibians'], ['COL0']]
    # SelectCol(SelectRow0(GroupSum(@param0, ['1'], count, 1), eqmin, 0), ['-99'])
      --> ['SelectCol', ['SelectRow0', ['GroupSum', 'input@0', ['Amphibians'], 'count', 'Amphibians'], 'eqmin', 'Amphibians'], ['COL0']]
    # SelectCol(SelectRow0(GroupSum(@param0, ['1'], count, 1), eqmax, 0), ['1'])
      --> ['SelectCol', ['SelectRow0', ['GroupSum', 'input@0', ['Amphibians'], 'count', 'Amphibians'], 'eqmax', 'Amphibians'], ['COL0']]
    # SelectCol(SelectRow0(GroupSum(@param0, ['1'], count, 1), eqmax, 0), ['-99'])
      --> ['SelectCol', ['SelectRow0', ['GroupSum', 'input@0', ['Amphibians'], 'count', 'Amphibians'], 'eqmax', 'Amphibians'], ['COL0']]
    # SelectCol(SelectRow0(GroupSum(@param0, ['1'], count, 2), eqmin, 0), ['1'])
      --> ['SelectCol', ['SelectRow0', ['GroupSum', 'input@0', ['Amphibians'], 'count', 'color'], 'eqmin', 'Amphibians'], ['COL0']]
    # SelectCol(SelectRow0(GroupSum(@param0, ['1'], count, 2), eqmin, 0), ['-99'])
      --> ['SelectCol', ['SelectRow0', ['GroupSum', 'input@0', ['Amphibians'], 'count', 'color'], 'eqmin', 'Amphibians'], ['COL0']]
    # SelectCol(SelectRow0(GroupSum(@param0, ['1'], count, 2), eqmax, 0), ['1'])
      --> ['SelectCol', ['SelectRow0', ['GroupSum', 'input@0', ['Amphibians'], 'count', 'color'], 'eqmax', 'Amphibians'], ['COL0']]
    # SelectCol(SelectRow0(GroupSum(@param0, ['1'], count, 2), eqmax, 0), ['-99'])
      --> ['SelectCol', ['SelectRow0', ['GroupSum', 'input@0', ['Amphibians'], 'count', 'color'], 'eqmax', 'Amphibians'], ['COL0']]
    # SelectCol(SelectRow0(GroupSum(@param0, ['0', '1'], count, 0), eqmin, 1), ['2'])
      --> ['SelectCol', ['SelectRow0', ['GroupSum', 'input@0', ['Country', 'Amphibians'], 'count', 'Country'], 'eqmin', 'Amphibians'], ['COL0']]
    # SelectCol(SelectRow0(GroupSum(@param0, ['0', '1'], count, 0), eqmin, 1), ['-99', '-1'])
      --> ['SelectCol', ['SelectRow0', ['GroupSum', 'input@0', ['Country', 'Amphibians'], 'count', 'Country'], 'eqmin', 'Amphibians'], ['COL0']]
    # SelectCol(SelectRow0(GroupSum(@param0, ['0', '1'], count, 0), eqmax, 1), ['2'])
      --> ['SelectCol', ['SelectRow0', ['GroupSum', 'input@0', ['Country', 'Amphibians'], 'count', 'Country'], 'eqmax', 'Amphibians'], ['COL0']]
    # SelectCol(SelectRow0(GroupSum(@param0, ['0', '1'], count, 0), eqmax, 1), ['-99', '-1'])
      --> ['SelectCol', ['SelectRow0', ['GroupSum', 'input@0', ['Country', 'Amphibians'], 'count', 'Country'], 'eqmax', 'Amphibians'], ['COL0']]
    # SelectCol(SelectRow0(GroupSum(@param0, ['0', '1'], count, 1), eqmin, 1), ['2'])
      --> ['SelectCol', ['SelectRow0', ['GroupSum', 'input@0', ['Country', 'Amphibians'], 'count', 'Amphibians'], 'eqmin', 'Amphibians'], ['COL0']]
    # SelectCol(SelectRow0(GroupSum(@param0, ['0', '1'], count, 1), eqmin, 1), ['-99', '-1'])
      --> ['SelectCol', ['SelectRow0', ['GroupSum', 'input@0', ['Country', 'Amphibians'], 'count', 'Amphibians'], 'eqmin', 'Amphibians'], ['COL0']]
    # SelectCol(SelectRow0(GroupSum(@param0, ['0', '1'], count, 1), eqmax, 1), ['2'])
      --> ['SelectCol', ['SelectRow0', ['GroupSum', 'input@0', ['Country', 'Amphibians'], 'count', 'Amphibians'], 'eqmax', 'Amphibians'], ['COL0']]
    # SelectCol(SelectRow0(GroupSum(@param0, ['0', '1'], count, 1), eqmax, 1), ['-99', '-1'])
      --> ['SelectCol', ['SelectRow0', ['GroupSum', 'input@0', ['Country', 'Amphibians'], 'count', 'Amphibians'], 'eqmax', 'Amphibians'], ['COL0']]
    # SelectCol(SelectRow0(GroupSum(@param0, ['0', '1'], count, 2), eqmin, 1), ['2'])
      --> ['SelectCol', ['SelectRow0', ['GroupSum', 'input@0', ['Country', 'Amphibians'], 'count', 'color'], 'eqmin', 'Amphibians'], ['COL0']]
    # SelectCol(SelectRow0(GroupSum(@param0, ['0', '1'], count, 2), eqmin, 1), ['-99', '-1'])
      --> ['SelectCol', ['SelectRow0', ['GroupSum', 'input@0', ['Country', 'Amphibians'], 'count', 'color'], 'eqmin', 'Amphibians'], ['COL0']]
    # SelectCol(SelectRow0(GroupSum(@param0, ['0', '1'], count, 2), eqmax, 1), ['2'])
      --> ['SelectCol', ['SelectRow0', ['GroupSum', 'input@0', ['Country', 'Amphibians'], 'count', 'color'], 'eqmax', 'Amphibians'], ['COL0']]
    # SelectCol(SelectRow0(GroupSum(@param0, ['0', '1'], count, 2), eqmax, 1), ['-99', '-1'])
      --> ['SelectCol', ['SelectRow0', ['GroupSum', 'input@0', ['Country', 'Amphibians'], 'count', 'color'], 'eqmax', 'Amphibians'], ['COL0']]
    # SelectCol(SelectRow0(GroupSum(@param0, ['1', '2'], count, 0), eqmin, 0), ['2'])
      --> ['SelectCol', ['SelectRow0', ['GroupSum', 'input@0', ['Amphibians', 'color'], 'count', 'Country'], 'eqmin', 'Amphibians'], ['COL0']]
    # SelectCol(SelectRow0(GroupSum(@param0, ['1', '2'], count, 0), eqmin, 0), ['-99', '-1'])
      --> ['SelectCol', ['SelectRow0', ['GroupSum', 'input@0', ['Amphibians', 'color'], 'count', 'Country'], 'eqmin', 'Amphibians'], ['COL0']]
    # SelectCol(SelectRow0(GroupSum(@param0, ['1', '2'], count, 0), eqmax, 0), ['2'])
      --> ['SelectCol', ['SelectRow0', ['GroupSum', 'input@0', ['Amphibians', 'color'], 'count', 'Country'], 'eqmax', 'Amphibians'], ['COL0']]
    # SelectCol(SelectRow0(GroupSum(@param0, ['1', '2'], count, 0), eqmax, 0), ['-99', '-1'])
      --> ['SelectCol', ['SelectRow0', ['GroupSum', 'input@0', ['Amphibians', 'color'], 'count', 'Country'], 'eqmax', 'Amphibians'], ['COL0']]
    # SelectCol(SelectRow0(GroupSum(@param0, ['1', '2'], count, 1), eqmin, 0), ['2'])
      --> ['SelectCol', ['SelectRow0', ['GroupSum', 'input@0', ['Amphibians', 'color'], 'count', 'Amphibians'], 'eqmin', 'Amphibians'], ['COL0']]
    # SelectCol(SelectRow0(GroupSum(@param0, ['1', '2'], count, 1), eqmin, 0), ['-99', '-1'])
      --> ['SelectCol', ['SelectRow0', ['GroupSum', 'input@0', ['Amphibians', 'color'], 'count', 'Amphibians'], 'eqmin', 'Amphibians'], ['COL0']]
    # SelectCol(SelectRow0(GroupSum(@param0, ['1', '2'], count, 1), eqmax, 0), ['2'])
      --> ['SelectCol', ['SelectRow0', ['GroupSum', 'input@0', ['Amphibians', 'color'], 'count', 'Amphibians'], 'eqmax', 'Amphibians'], ['COL0']]
    # SelectCol(SelectRow0(GroupSum(@param0, ['1', '2'], count, 1), eqmax, 0), ['-99', '-1'])
      --> ['SelectCol', ['SelectRow0', ['GroupSum', 'input@0', ['Amphibians', 'color'], 'count', 'Amphibians'], 'eqmax', 'Amphibians'], ['COL0']]
    # SelectCol(SelectRow0(GroupSum(@param0, ['1', '2'], count, 2), eqmin, 0), ['2'])
      --> ['SelectCol', ['SelectRow0', ['GroupSum', 'input@0', ['Amphibians', 'color'], 'count', 'color'], 'eqmin', 'Amphibians'], ['COL0']]
    # SelectCol(SelectRow0(GroupSum(@param0, ['1', '2'], count, 2), eqmin, 0), ['-99', '-1'])
      --> ['SelectCol', ['SelectRow0', ['GroupSum', 'input@0', ['Amphibians', 'color'], 'count', 'color'], 'eqmin', 'Amphibians'], ['COL0']]
    # SelectCol(SelectRow0(GroupSum(@param0, ['1', '2'], count, 2), eqmax, 0), ['2'])
      --> ['SelectCol', ['SelectRow0', ['GroupSum', 'input@0', ['Amphibians', 'color'], 'count', 'color'], 'eqmax', 'Amphibians'], ['COL0']]
    # SelectCol(SelectRow0(GroupSum(@param0, ['1', '2'], count, 2), eqmax, 0), ['-99', '-1'])
      --> ['SelectCol', ['SelectRow0', ['GroupSum', 'input@0', ['Amphibians', 'color'], 'count', 'color'], 'eqmax', 'Amphibians'], ['COL0']]
    # Summarize(SelectRow1(@param0, <, 1, 46@Int), count, 0)
      --> ['Summarize', ['SelectRow1', 'input@0', '<', 'Amphibians', 46], 'count', 'Country']
    # Summarize(SelectRow1(@param0, <, 1, 46@Int), count, 1)
      --> ['Summarize', ['SelectRow1', 'input@0', '<', 'Amphibians', 46], 'count', 'Amphibians']
    # Summarize(SelectRow1(@param0, <, 1, 46@Int), count, 2)
      --> ['Summarize', ['SelectRow1', 'input@0', '<', 'Amphibians', 46], 'count', 'color']
    # Summarize(SelectRow1(@param0, <=, 1, 30@Int), count, 0)
      --> ['Summarize', ['SelectRow1', 'input@0', '<=', 'Amphibians', 30], 'count', 'Country']
    # Summarize(SelectRow1(@param0, <=, 1, 30@Int), count, 1)
      --> ['Summarize', ['SelectRow1', 'input@0', '<=', 'Amphibians', 30], 'count', 'Amphibians']
    # Summarize(SelectRow1(@param0, <=, 1, 30@Int), count, 2)
      --> ['Summarize', ['SelectRow1', 'input@0', '<=', 'Amphibians', 30], 'count', 'color']
    # Summarize(SelectRow1(@param0, ==, 0, Guatemala@Str), count, 0)
      --> ['Summarize', ['SelectRow1', 'input@0', '==', 'Country', 'Guatemala'], 'count', 'Country']
    # Summarize(SelectRow1(@param0, ==, 0, Guatemala@Str), count, 1)
      --> ['Summarize', ['SelectRow1', 'input@0', '==', 'Country', 'Guatemala'], 'count', 'Amphibians']
    # Summarize(SelectRow1(@param0, ==, 0, Guatemala@Str), count, 2)
      --> ['Summarize', ['SelectRow1', 'input@0', '==', 'Country', 'Guatemala'], 'count', 'color']
    # Summarize(SelectRow1(@param0, ==, 0, Nicaragua@Str), count, 0)
      --> ['Summarize', ['SelectRow1', 'input@0', '==', 'Country', 'Nicaragua'], 'count', 'Country']
    # Summarize(SelectRow1(@param0, ==, 0, Nicaragua@Str), count, 1)
      --> ['Summarize', ['SelectRow1', 'input@0', '==', 'Country', 'Nicaragua'], 'count', 'Amphibians']
    # Summarize(SelectRow1(@param0, ==, 0, Nicaragua@Str), count, 2)
      --> ['Summarize', ['SelectRow1', 'input@0', '==', 'Country', 'Nicaragua'], 'count', 'color']
    # Summarize(SelectRow1(@param0, ==, 0, El Salvador@Str), count, 0)
      --> ['Summarize', ['SelectRow1', 'input@0', '==', 'Country', 'El Salvador'], 'count', 'Country']
    # Summarize(SelectRow1(@param0, ==, 0, El Salvador@Str), count, 1)
      --> ['Summarize', ['SelectRow1', 'input@0', '==', 'Country', 'El Salvador'], 'count', 'Amphibians']
    # Summarize(SelectRow1(@param0, ==, 0, El Salvador@Str), count, 2)
      --> ['Summarize', ['SelectRow1', 'input@0', '==', 'Country', 'El Salvador'], 'count', 'color']
    # Summarize(SelectRow1(@param0, ==, 0, Honduras@Str), count, 0)
      --> ['Summarize', ['SelectRow1', 'input@0', '==', 'Country', 'Honduras'], 'count', 'Country']
    # Summarize(SelectRow1(@param0, ==, 0, Honduras@Str), count, 1)
      --> ['Summarize', ['SelectRow1', 'input@0', '==', 'Country', 'Honduras'], 'count', 'Amphibians']
    # Summarize(SelectRow1(@param0, ==, 0, Honduras@Str), count, 2)
      --> ['Summarize', ['SelectRow1', 'input@0', '==', 'Country', 'Honduras'], 'count', 'color']
    # Summarize(SelectRow1(@param0, ==, 0, Belize@Str), count, 0)
      --> ['Summarize', ['SelectRow1', 'input@0', '==', 'Country', 'Belize'], 'count', 'Country']
    # Summarize(SelectRow1(@param0, ==, 0, Belize@Str), count, 1)
      --> ['Summarize', ['SelectRow1', 'input@0', '==', 'Country', 'Belize'], 'count', 'Amphibians']
    # Summarize(SelectRow1(@param0, ==, 0, Belize@Str), count, 2)
      --> ['Summarize', ['SelectRow1', 'input@0', '==', 'Country', 'Belize'], 'count', 'color']
    # Summarize(SelectRow1(@param0, ==, 0, Costa Rica@Str), count, 0)
      --> ['Summarize', ['SelectRow1', 'input@0', '==', 'Country', 'Costa Rica'], 'count', 'Country']
    # Summarize(SelectRow1(@param0, ==, 0, Costa Rica@Str), count, 1)
      --> ['Summarize', ['SelectRow1', 'input@0', '==', 'Country', 'Costa Rica'], 'count', 'Amphibians']
    # Summarize(SelectRow1(@param0, ==, 0, Costa Rica@Str), count, 2)
      --> ['Summarize', ['SelectRow1', 'input@0', '==', 'Country', 'Costa Rica'], 'count', 'color']
    # Summarize(SelectRow1(@param0, ==, 0, Panama@Str), count, 0)
      --> ['Summarize', ['SelectRow1', 'input@0', '==', 'Country', 'Panama'], 'count', 'Country']
    # Summarize(SelectRow1(@param0, ==, 0, Panama@Str), count, 1)
      --> ['Summarize', ['SelectRow1', 'input@0', '==', 'Country', 'Panama'], 'count', 'Amphibians']
    # Summarize(SelectRow1(@param0, ==, 0, Panama@Str), count, 2)
      --> ['Summarize', ['SelectRow1', 'input@0', '==', 'Country', 'Panama'], 'count', 'color']
    # Summarize(SelectRow1(@param0, ==, 1, 133@Int), count, 0)
      --> ['Summarize', ['SelectRow1', 'input@0', '==', 'Amphibians', 133], 'count', 'Country']
    # Summarize(SelectRow1(@param0, ==, 1, 133@Int), count, 1)
      --> ['Summarize', ['SelectRow1', 'input@0', '==', 'Amphibians', 133], 'count', 'Amphibians']
    # Summarize(SelectRow1(@param0, ==, 1, 133@Int), count, 2)
      --> ['Summarize', ['SelectRow1', 'input@0', '==', 'Amphibians', 133], 'count', 'color']
    # Summarize(SelectRow1(@param0, ==, 1, 101@Int), count, 0)
      --> ['Summarize', ['SelectRow1', 'input@0', '==', 'Amphibians', 101], 'count', 'Country']
    # Summarize(SelectRow1(@param0, ==, 1, 101@Int), count, 1)
      --> ['Summarize', ['SelectRow1', 'input@0', '==', 'Amphibians', 101], 'count', 'Amphibians']
    # Summarize(SelectRow1(@param0, ==, 1, 101@Int), count, 2)
      --> ['Summarize', ['SelectRow1', 'input@0', '==', 'Amphibians', 101], 'count', 'color']
    # Summarize(SelectRow1(@param0, ==, 1, 46@Int), count, 0)
      --> ['Summarize', ['SelectRow1', 'input@0', '==', 'Amphibians', 46], 'count', 'Country']
    # Summarize(SelectRow1(@param0, ==, 1, 46@Int), count, 1)
      --> ['Summarize', ['SelectRow1', 'input@0', '==', 'Amphibians', 46], 'count', 'Amphibians']
    # Summarize(SelectRow1(@param0, ==, 1, 46@Int), count, 2)
      --> ['Summarize', ['SelectRow1', 'input@0', '==', 'Amphibians', 46], 'count', 'color']
    # Summarize(SelectRow1(@param0, ==, 1, 182@Int), count, 0)
      --> ['Summarize', ['SelectRow1', 'input@0', '==', 'Amphibians', 182], 'count', 'Country']
    # Summarize(SelectRow1(@param0, ==, 1, 182@Int), count, 1)
      --> ['Summarize', ['SelectRow1', 'input@0', '==', 'Amphibians', 182], 'count', 'Amphibians']
    # Summarize(SelectRow1(@param0, ==, 1, 182@Int), count, 2)
      --> ['Summarize', ['SelectRow1', 'input@0', '==', 'Amphibians', 182], 'count', 'color']
    # Summarize(SelectRow1(@param0, ==, 1, 183@Int), count, 0)
      --> ['Summarize', ['SelectRow1', 'input@0', '==', 'Amphibians', 183], 'count', 'Country']
    # Summarize(SelectRow1(@param0, ==, 1, 183@Int), count, 1)
      --> ['Summarize', ['SelectRow1', 'input@0', '==', 'Amphibians', 183], 'count', 'Amphibians']
    # Summarize(SelectRow1(@param0, ==, 1, 183@Int), count, 2)
      --> ['Summarize', ['SelectRow1', 'input@0', '==', 'Amphibians', 183], 'count', 'color']
    # Summarize(SelectRow1(@param0, ==, 1, 61@Int), count, 0)
      --> ['Summarize', ['SelectRow1', 'input@0', '==', 'Amphibians', 61], 'count', 'Country']
    # Summarize(SelectRow1(@param0, ==, 1, 61@Int), count, 1)
      --> ['Summarize', ['SelectRow1', 'input@0', '==', 'Amphibians', 61], 'count', 'Amphibians']
    # Summarize(SelectRow1(@param0, ==, 1, 61@Int), count, 2)
      --> ['Summarize', ['SelectRow1', 'input@0', '==', 'Amphibians', 61], 'count', 'color']
    # Summarize(SelectRow1(@param0, ==, 1, 30@Int), count, 0)
      --> ['Summarize', ['SelectRow1', 'input@0', '==', 'Amphibians', 30], 'count', 'Country']
    # Summarize(SelectRow1(@param0, ==, 1, 30@Int), count, 1)
      --> ['Summarize', ['SelectRow1', 'input@0', '==', 'Amphibians', 30], 'count', 'Amphibians']
    # Summarize(SelectRow1(@param0, ==, 1, 30@Int), count, 2)
      --> ['Summarize', ['SelectRow1', 'input@0', '==', 'Amphibians', 30], 'count', 'color']
    # Summarize(SelectRow1(@param0, >=, 1, 183@Int), count, 0)
      --> ['Summarize', ['SelectRow1', 'input@0', '>=', 'Amphibians', 183], 'count', 'Country']
    # Summarize(SelectRow1(@param0, >=, 1, 183@Int), count, 1)
      --> ['Summarize', ['SelectRow1', 'input@0', '>=', 'Amphibians', 183], 'count', 'Amphibians']
    # Summarize(SelectRow1(@param0, >=, 1, 183@Int), count, 2)
      --> ['Summarize', ['SelectRow1', 'input@0', '>=', 'Amphibians', 183], 'count', 'color']
    # Summarize(SelectRow1(@param0, >, 1, 182@Int), count, 0)
      --> ['Summarize', ['SelectRow1', 'input@0', '>', 'Amphibians', 182], 'count', 'Country']
    # Summarize(SelectRow1(@param0, >, 1, 182@Int), count, 1)
      --> ['Summarize', ['SelectRow1', 'input@0', '>', 'Amphibians', 182], 'count', 'Amphibians']
    # Summarize(SelectRow1(@param0, >, 1, 182@Int), count, 2)
      --> ['Summarize', ['SelectRow1', 'input@0', '>', 'Amphibians', 182], 'count', 'color']
    # Contrast(SelectRow1(@param0, <, 1, 133@Int), /, 0, Nicaragua@Str, Nicaragua@Str, 1)
      --> ['Contrast', ['SelectRow1', 'input@0', '<', 'Amphibians', 133], '/', 'Country', 'Nicaragua', 'Nicaragua', 'Amphibians']
    # Contrast(SelectRow1(@param0, <, 1, 133@Int), /, 0, El Salvador@Str, El Salvador@Str, 1)
      --> ['Contrast', ['SelectRow1', 'input@0', '<', 'Amphibians', 133], '/', 'Country', 'El Salvador', 'El Salvador', 'Amphibians']
    # Contrast(SelectRow1(@param0, <, 1, 133@Int), /, 0, Honduras@Str, Honduras@Str, 1)
      --> ['Contrast', ['SelectRow1', 'input@0', '<', 'Amphibians', 133], '/', 'Country', 'Honduras', 'Honduras', 'Amphibians']
    # Contrast(SelectRow1(@param0, <, 1, 133@Int), /, 0, Belize@Str, Belize@Str, 1)
      --> ['Contrast', ['SelectRow1', 'input@0', '<', 'Amphibians', 133], '/', 'Country', 'Belize', 'Belize', 'Amphibians']
    # Contrast(SelectRow1(@param0, <, 1, 101@Int), /, 0, Nicaragua@Str, Nicaragua@Str, 1)
      --> ['Contrast', ['SelectRow1', 'input@0', '<', 'Amphibians', 101], '/', 'Country', 'Nicaragua', 'Nicaragua', 'Amphibians']
    # Contrast(SelectRow1(@param0, <, 1, 101@Int), /, 0, El Salvador@Str, El Salvador@Str, 1)
      --> ['Contrast', ['SelectRow1', 'input@0', '<', 'Amphibians', 101], '/', 'Country', 'El Salvador', 'El Salvador', 'Amphibians']
    # Contrast(SelectRow1(@param0, <, 1, 101@Int), /, 0, Belize@Str, Belize@Str, 1)
      --> ['Contrast', ['SelectRow1', 'input@0', '<', 'Amphibians', 101], '/', 'Country', 'Belize', 'Belize', 'Amphibians']
    # Contrast(SelectRow1(@param0, <, 1, 46@Int), /, 0, El Salvador@Str, El Salvador@Str, 1)
      --> ['Contrast', ['SelectRow1', 'input@0', '<', 'Amphibians', 46], '/', 'Country', 'El Salvador', 'El Salvador', 'Amphibians']
    # Contrast(SelectRow1(@param0, <, 1, 46@Int), /, 2, blue@Str, blue@Str, 1)
      --> ['Contrast', ['SelectRow1', 'input@0', '<', 'Amphibians', 46], '/', 'color', 'blue', 'blue', 'Amphibians']
    # Contrast(SelectRow1(@param0, <, 1, 182@Int), /, 0, Guatemala@Str, Guatemala@Str, 1)
      --> ['Contrast', ['SelectRow1', 'input@0', '<', 'Amphibians', 182], '/', 'Country', 'Guatemala', 'Guatemala', 'Amphibians']
    # Contrast(SelectRow1(@param0, <, 1, 182@Int), /, 0, Nicaragua@Str, Nicaragua@Str, 1)
      --> ['Contrast', ['SelectRow1', 'input@0', '<', 'Amphibians', 182], '/', 'Country', 'Nicaragua', 'Nicaragua', 'Amphibians']
    # Contrast(SelectRow1(@param0, <, 1, 182@Int), /, 0, El Salvador@Str, El Salvador@Str, 1)
      --> ['Contrast', ['SelectRow1', 'input@0', '<', 'Amphibians', 182], '/', 'Country', 'El Salvador', 'El Salvador', 'Amphibians']
    # Contrast(SelectRow1(@param0, <, 1, 182@Int), /, 0, Honduras@Str, Honduras@Str, 1)
      --> ['Contrast', ['SelectRow1', 'input@0', '<', 'Amphibians', 182], '/', 'Country', 'Honduras', 'Honduras', 'Amphibians']
    # Contrast(SelectRow1(@param0, <, 1, 182@Int), /, 0, Belize@Str, Belize@Str, 1)
      --> ['Contrast', ['SelectRow1', 'input@0', '<', 'Amphibians', 182], '/', 'Country', 'Belize', 'Belize', 'Amphibians']
    # Contrast(SelectRow1(@param0, <, 1, 183@Int), /, 0, Guatemala@Str, Guatemala@Str, 1)
      --> ['Contrast', ['SelectRow1', 'input@0', '<', 'Amphibians', 183], '/', 'Country', 'Guatemala', 'Guatemala', 'Amphibians']
    # Contrast(SelectRow1(@param0, <, 1, 183@Int), /, 0, Nicaragua@Str, Nicaragua@Str, 1)
      --> ['Contrast', ['SelectRow1', 'input@0', '<', 'Amphibians', 183], '/', 'Country', 'Nicaragua', 'Nicaragua', 'Amphibians']
    # Contrast(SelectRow1(@param0, <, 1, 183@Int), /, 0, El Salvador@Str, El Salvador@Str, 1)
      --> ['Contrast', ['SelectRow1', 'input@0', '<', 'Amphibians', 183], '/', 'Country', 'El Salvador', 'El Salvador', 'Amphibians']
    # Contrast(SelectRow1(@param0, <, 1, 183@Int), /, 0, Honduras@Str, Honduras@Str, 1)
      --> ['Contrast', ['SelectRow1', 'input@0', '<', 'Amphibians', 183], '/', 'Country', 'Honduras', 'Honduras', 'Amphibians']
    # Contrast(SelectRow1(@param0, <, 1, 183@Int), /, 0, Belize@Str, Belize@Str, 1)
      --> ['Contrast', ['SelectRow1', 'input@0', '<', 'Amphibians', 183], '/', 'Country', 'Belize', 'Belize', 'Amphibians']
    # Contrast(SelectRow1(@param0, <, 1, 183@Int), /, 0, Panama@Str, Panama@Str, 1)
      --> ['Contrast', ['SelectRow1', 'input@0', '<', 'Amphibians', 183], '/', 'Country', 'Panama', 'Panama', 'Amphibians']
    # Contrast(SelectRow1(@param0, <, 1, 61@Int), /, 0, El Salvador@Str, El Salvador@Str, 1)
      --> ['Contrast', ['SelectRow1', 'input@0', '<', 'Amphibians', 61], '/', 'Country', 'El Salvador', 'El Salvador', 'Amphibians']
    # Contrast(SelectRow1(@param0, <, 1, 61@Int), /, 0, Belize@Str, Belize@Str, 1)
      --> ['Contrast', ['SelectRow1', 'input@0', '<', 'Amphibians', 61], '/', 'Country', 'Belize', 'Belize', 'Amphibians']
    # Contrast(SelectRow1(@param0, <=, 1, 133@Int), /, 0, Guatemala@Str, Guatemala@Str, 1)
      --> ['Contrast', ['SelectRow1', 'input@0', '<=', 'Amphibians', 133], '/', 'Country', 'Guatemala', 'Guatemala', 'Amphibians']
    # Contrast(SelectRow1(@param0, <=, 1, 133@Int), /, 0, Nicaragua@Str, Nicaragua@Str, 1)
      --> ['Contrast', ['SelectRow1', 'input@0', '<=', 'Amphibians', 133], '/', 'Country', 'Nicaragua', 'Nicaragua', 'Amphibians']
    # Contrast(SelectRow1(@param0, <=, 1, 133@Int), /, 0, El Salvador@Str, El Salvador@Str, 1)
      --> ['Contrast', ['SelectRow1', 'input@0', '<=', 'Amphibians', 133], '/', 'Country', 'El Salvador', 'El Salvador', 'Amphibians']
    # Contrast(SelectRow1(@param0, <=, 1, 133@Int), /, 0, Honduras@Str, Honduras@Str, 1)
      --> ['Contrast', ['SelectRow1', 'input@0', '<=', 'Amphibians', 133], '/', 'Country', 'Honduras', 'Honduras', 'Amphibians']
    # Contrast(SelectRow1(@param0, <=, 1, 133@Int), /, 0, Belize@Str, Belize@Str, 1)
      --> ['Contrast', ['SelectRow1', 'input@0', '<=', 'Amphibians', 133], '/', 'Country', 'Belize', 'Belize', 'Amphibians']
    # Contrast(SelectRow1(@param0, <=, 1, 101@Int), /, 0, Nicaragua@Str, Nicaragua@Str, 1)
      --> ['Contrast', ['SelectRow1', 'input@0', '<=', 'Amphibians', 101], '/', 'Country', 'Nicaragua', 'Nicaragua', 'Amphibians']
    # Contrast(SelectRow1(@param0, <=, 1, 101@Int), /, 0, El Salvador@Str, El Salvador@Str, 1)
      --> ['Contrast', ['SelectRow1', 'input@0', '<=', 'Amphibians', 101], '/', 'Country', 'El Salvador', 'El Salvador', 'Amphibians']
    # Contrast(SelectRow1(@param0, <=, 1, 101@Int), /, 0, Honduras@Str, Honduras@Str, 1)
      --> ['Contrast', ['SelectRow1', 'input@0', '<=', 'Amphibians', 101], '/', 'Country', 'Honduras', 'Honduras', 'Amphibians']
    # Contrast(SelectRow1(@param0, <=, 1, 101@Int), /, 0, Belize@Str, Belize@Str, 1)
      --> ['Contrast', ['SelectRow1', 'input@0', '<=', 'Amphibians', 101], '/', 'Country', 'Belize', 'Belize', 'Amphibians']
    # Contrast(SelectRow1(@param0, <=, 1, 46@Int), /, 0, El Salvador@Str, El Salvador@Str, 1)
      --> ['Contrast', ['SelectRow1', 'input@0', '<=', 'Amphibians', 46], '/', 'Country', 'El Salvador', 'El Salvador', 'Amphibians']
    # Contrast(SelectRow1(@param0, <=, 1, 46@Int), /, 0, Belize@Str, Belize@Str, 1)
      --> ['Contrast', ['SelectRow1', 'input@0', '<=', 'Amphibians', 46], '/', 'Country', 'Belize', 'Belize', 'Amphibians']
    # Contrast(SelectRow1(@param0, <=, 1, 182@Int), /, 0, Guatemala@Str, Guatemala@Str, 1)
      --> ['Contrast', ['SelectRow1', 'input@0', '<=', 'Amphibians', 182], '/', 'Country', 'Guatemala', 'Guatemala', 'Amphibians']
    # Contrast(SelectRow1(@param0, <=, 1, 182@Int), /, 0, Nicaragua@Str, Nicaragua@Str, 1)
      --> ['Contrast', ['SelectRow1', 'input@0', '<=', 'Amphibians', 182], '/', 'Country', 'Nicaragua', 'Nicaragua', 'Amphibians']
    # Contrast(SelectRow1(@param0, <=, 1, 182@Int), /, 0, El Salvador@Str, El Salvador@Str, 1)
      --> ['Contrast', ['SelectRow1', 'input@0', '<=', 'Amphibians', 182], '/', 'Country', 'El Salvador', 'El Salvador', 'Amphibians']
    # Contrast(SelectRow1(@param0, <=, 1, 182@Int), /, 0, Honduras@Str, Honduras@Str, 1)
      --> ['Contrast', ['SelectRow1', 'input@0', '<=', 'Amphibians', 182], '/', 'Country', 'Honduras', 'Honduras', 'Amphibians']
    # Contrast(SelectRow1(@param0, <=, 1, 182@Int), /, 0, Belize@Str, Belize@Str, 1)
      --> ['Contrast', ['SelectRow1', 'input@0', '<=', 'Amphibians', 182], '/', 'Country', 'Belize', 'Belize', 'Amphibians']
    # Contrast(SelectRow1(@param0, <=, 1, 182@Int), /, 0, Panama@Str, Panama@Str, 1)
      --> ['Contrast', ['SelectRow1', 'input@0', '<=', 'Amphibians', 182], '/', 'Country', 'Panama', 'Panama', 'Amphibians']
    # Contrast(SelectRow1(@param0, <=, 1, 183@Int), -, 0, Costa Rica@Str, Panama@Str, 1)
      --> ['Contrast', ['SelectRow1', 'input@0', '<=', 'Amphibians', 183], '-', 'Country', 'Costa Rica', 'Panama', 'Amphibians']
    # Contrast(SelectRow1(@param0, <=, 1, 183@Int), /, 0, Guatemala@Str, Guatemala@Str, 1)
      --> ['Contrast', ['SelectRow1', 'input@0', '<=', 'Amphibians', 183], '/', 'Country', 'Guatemala', 'Guatemala', 'Amphibians']
    # Contrast(SelectRow1(@param0, <=, 1, 183@Int), /, 0, Nicaragua@Str, Nicaragua@Str, 1)
      --> ['Contrast', ['SelectRow1', 'input@0', '<=', 'Amphibians', 183], '/', 'Country', 'Nicaragua', 'Nicaragua', 'Amphibians']
    # Contrast(SelectRow1(@param0, <=, 1, 183@Int), /, 0, El Salvador@Str, El Salvador@Str, 1)
      --> ['Contrast', ['SelectRow1', 'input@0', '<=', 'Amphibians', 183], '/', 'Country', 'El Salvador', 'El Salvador', 'Amphibians']
    # Contrast(SelectRow1(@param0, <=, 1, 183@Int), /, 0, Honduras@Str, Honduras@Str, 1)
      --> ['Contrast', ['SelectRow1', 'input@0', '<=', 'Amphibians', 183], '/', 'Country', 'Honduras', 'Honduras', 'Amphibians']
    # Contrast(SelectRow1(@param0, <=, 1, 183@Int), /, 0, Belize@Str, Belize@Str, 1)
      --> ['Contrast', ['SelectRow1', 'input@0', '<=', 'Amphibians', 183], '/', 'Country', 'Belize', 'Belize', 'Amphibians']
    # Contrast(SelectRow1(@param0, <=, 1, 183@Int), /, 0, Costa Rica@Str, Costa Rica@Str, 1)
      --> ['Contrast', ['SelectRow1', 'input@0', '<=', 'Amphibians', 183], '/', 'Country', 'Costa Rica', 'Costa Rica', 'Amphibians']
    # Contrast(SelectRow1(@param0, <=, 1, 183@Int), /, 0, Panama@Str, Panama@Str, 1)
      --> ['Contrast', ['SelectRow1', 'input@0', '<=', 'Amphibians', 183], '/', 'Country', 'Panama', 'Panama', 'Amphibians']
    # Contrast(SelectRow1(@param0, <=, 1, 183@Int), diff, 0, Costa Rica@Str, Panama@Str, 1)
      --> ['Contrast', ['SelectRow1', 'input@0', '<=', 'Amphibians', 183], 'diff', 'Country', 'Costa Rica', 'Panama', 'Amphibians']
    # Contrast(SelectRow1(@param0, <=, 1, 183@Int), diff, 0, Panama@Str, Costa Rica@Str, 1)
      --> ['Contrast', ['SelectRow1', 'input@0', '<=', 'Amphibians', 183], 'diff', 'Country', 'Panama', 'Costa Rica', 'Amphibians']
    # Contrast(SelectRow1(@param0, <=, 1, 61@Int), /, 0, Nicaragua@Str, Nicaragua@Str, 1)
      --> ['Contrast', ['SelectRow1', 'input@0', '<=', 'Amphibians', 61], '/', 'Country', 'Nicaragua', 'Nicaragua', 'Amphibians']
    # Contrast(SelectRow1(@param0, <=, 1, 61@Int), /, 0, El Salvador@Str, El Salvador@Str, 1)
      --> ['Contrast', ['SelectRow1', 'input@0', '<=', 'Amphibians', 61], '/', 'Country', 'El Salvador', 'El Salvador', 'Amphibians']
    # Contrast(SelectRow1(@param0, <=, 1, 61@Int), /, 0, Belize@Str, Belize@Str, 1)
      --> ['Contrast', ['SelectRow1', 'input@0', '<=', 'Amphibians', 61], '/', 'Country', 'Belize', 'Belize', 'Amphibians']
    # Contrast(SelectRow1(@param0, <=, 1, 30@Int), /, 0, El Salvador@Str, El Salvador@Str, 1)
      --> ['Contrast', ['SelectRow1', 'input@0', '<=', 'Amphibians', 30], '/', 'Country', 'El Salvador', 'El Salvador', 'Amphibians']
    # Contrast(SelectRow1(@param0, <=, 1, 30@Int), /, 2, blue@Str, blue@Str, 1)
      --> ['Contrast', ['SelectRow1', 'input@0', '<=', 'Amphibians', 30], '/', 'color', 'blue', 'blue', 'Amphibians']
    # Contrast(SelectRow1(@param0, ==, 0, Guatemala@Str), /, 0, Guatemala@Str, Guatemala@Str, 1)
      --> ['Contrast', ['SelectRow1', 'input@0', '==', 'Country', 'Guatemala'], '/', 'Country', 'Guatemala', 'Guatemala', 'Amphibians']
    # Contrast(SelectRow1(@param0, ==, 0, Guatemala@Str), /, 2, blue@Str, blue@Str, 1)
      --> ['Contrast', ['SelectRow1', 'input@0', '==', 'Country', 'Guatemala'], '/', 'color', 'blue', 'blue', 'Amphibians']
    # Contrast(SelectRow1(@param0, ==, 0, Nicaragua@Str), /, 0, Nicaragua@Str, Nicaragua@Str, 1)
      --> ['Contrast', ['SelectRow1', 'input@0', '==', 'Country', 'Nicaragua'], '/', 'Country', 'Nicaragua', 'Nicaragua', 'Amphibians']
    # Contrast(SelectRow1(@param0, ==, 0, Nicaragua@Str), /, 2, blue@Str, blue@Str, 1)
      --> ['Contrast', ['SelectRow1', 'input@0', '==', 'Country', 'Nicaragua'], '/', 'color', 'blue', 'blue', 'Amphibians']
    # Contrast(SelectRow1(@param0, ==, 0, El Salvador@Str), /, 0, El Salvador@Str, El Salvador@Str, 1)
      --> ['Contrast', ['SelectRow1', 'input@0', '==', 'Country', 'El Salvador'], '/', 'Country', 'El Salvador', 'El Salvador', 'Amphibians']
    # Contrast(SelectRow1(@param0, ==, 0, El Salvador@Str), /, 2, blue@Str, blue@Str, 1)
      --> ['Contrast', ['SelectRow1', 'input@0', '==', 'Country', 'El Salvador'], '/', 'color', 'blue', 'blue', 'Amphibians']
    # Contrast(SelectRow1(@param0, ==, 0, Honduras@Str), /, 0, Honduras@Str, Honduras@Str, 1)
      --> ['Contrast', ['SelectRow1', 'input@0', '==', 'Country', 'Honduras'], '/', 'Country', 'Honduras', 'Honduras', 'Amphibians']
    # Contrast(SelectRow1(@param0, ==, 0, Honduras@Str), /, 2, blue@Str, blue@Str, 1)
      --> ['Contrast', ['SelectRow1', 'input@0', '==', 'Country', 'Honduras'], '/', 'color', 'blue', 'blue', 'Amphibians']
    # Contrast(SelectRow1(@param0, ==, 0, Belize@Str), /, 0, Belize@Str, Belize@Str, 1)
      --> ['Contrast', ['SelectRow1', 'input@0', '==', 'Country', 'Belize'], '/', 'Country', 'Belize', 'Belize', 'Amphibians']
    # Contrast(SelectRow1(@param0, ==, 0, Belize@Str), /, 2, blue@Str, blue@Str, 1)
      --> ['Contrast', ['SelectRow1', 'input@0', '==', 'Country', 'Belize'], '/', 'color', 'blue', 'blue', 'Amphibians']
    # Contrast(SelectRow1(@param0, ==, 0, Costa Rica@Str), /, 0, Costa Rica@Str, Costa Rica@Str, 1)
      --> ['Contrast', ['SelectRow1', 'input@0', '==', 'Country', 'Costa Rica'], '/', 'Country', 'Costa Rica', 'Costa Rica', 'Amphibians']
    # Contrast(SelectRow1(@param0, ==, 0, Costa Rica@Str), /, 2, blue@Str, blue@Str, 1)
      --> ['Contrast', ['SelectRow1', 'input@0', '==', 'Country', 'Costa Rica'], '/', 'color', 'blue', 'blue', 'Amphibians']
    # Contrast(SelectRow1(@param0, ==, 0, Panama@Str), /, 0, Panama@Str, Panama@Str, 1)
      --> ['Contrast', ['SelectRow1', 'input@0', '==', 'Country', 'Panama'], '/', 'Country', 'Panama', 'Panama', 'Amphibians']
    # Contrast(SelectRow1(@param0, ==, 0, Panama@Str), /, 2, blue@Str, blue@Str, 1)
      --> ['Contrast', ['SelectRow1', 'input@0', '==', 'Country', 'Panama'], '/', 'color', 'blue', 'blue', 'Amphibians']
    # Contrast(SelectRow1(@param0, ==, 1, 133@Int), /, 0, Guatemala@Str, Guatemala@Str, 1)
      --> ['Contrast', ['SelectRow1', 'input@0', '==', 'Amphibians', 133], '/', 'Country', 'Guatemala', 'Guatemala', 'Amphibians']
    # Contrast(SelectRow1(@param0, ==, 1, 133@Int), /, 2, blue@Str, blue@Str, 1)
      --> ['Contrast', ['SelectRow1', 'input@0', '==', 'Amphibians', 133], '/', 'color', 'blue', 'blue', 'Amphibians']
    # Contrast(SelectRow1(@param0, ==, 1, 101@Int), /, 0, Honduras@Str, Honduras@Str, 1)
      --> ['Contrast', ['SelectRow1', 'input@0', '==', 'Amphibians', 101], '/', 'Country', 'Honduras', 'Honduras', 'Amphibians']
    # Contrast(SelectRow1(@param0, ==, 1, 101@Int), /, 2, blue@Str, blue@Str, 1)
      --> ['Contrast', ['SelectRow1', 'input@0', '==', 'Amphibians', 101], '/', 'color', 'blue', 'blue', 'Amphibians']
    # Contrast(SelectRow1(@param0, ==, 1, 46@Int), /, 0, Belize@Str, Belize@Str, 1)
      --> ['Contrast', ['SelectRow1', 'input@0', '==', 'Amphibians', 46], '/', 'Country', 'Belize', 'Belize', 'Amphibians']
    # Contrast(SelectRow1(@param0, ==, 1, 46@Int), /, 2, blue@Str, blue@Str, 1)
      --> ['Contrast', ['SelectRow1', 'input@0', '==', 'Amphibians', 46], '/', 'color', 'blue', 'blue', 'Amphibians']
    # Contrast(SelectRow1(@param0, ==, 1, 182@Int), /, 0, Panama@Str, Panama@Str, 1)
      --> ['Contrast', ['SelectRow1', 'input@0', '==', 'Amphibians', 182], '/', 'Country', 'Panama', 'Panama', 'Amphibians']
    # Contrast(SelectRow1(@param0, ==, 1, 182@Int), /, 2, blue@Str, blue@Str, 1)
      --> ['Contrast', ['SelectRow1', 'input@0', '==', 'Amphibians', 182], '/', 'color', 'blue', 'blue', 'Amphibians']
    # Contrast(SelectRow1(@param0, ==, 1, 183@Int), /, 0, Costa Rica@Str, Costa Rica@Str, 1)
      --> ['Contrast', ['SelectRow1', 'input@0', '==', 'Amphibians', 183], '/', 'Country', 'Costa Rica', 'Costa Rica', 'Amphibians']
    # Contrast(SelectRow1(@param0, ==, 1, 183@Int), /, 2, blue@Str, blue@Str, 1)
      --> ['Contrast', ['SelectRow1', 'input@0', '==', 'Amphibians', 183], '/', 'color', 'blue', 'blue', 'Amphibians']
---------- timeout ----------

# ========== review report ========== #
# top-1, score: 0.00, answer: [1]
  # tprog: SelectCol(SelectRow0(GroupSum(@param0, ['1'], count, 0), eqmin, 0), ['1'])
# top-2, score: 0.00, answer: [1]
  # tprog: SelectCol(SelectRow0(GroupSum(@param0, ['1'], count, 0), eqmin, 0), ['-99'])
# top-3, score: 0.00, answer: [1]
  # tprog: SelectCol(SelectRow0(GroupSum(@param0, ['1'], count, 0), eqmax, 0), ['1'])
# top-4, score: 0.00, answer: [1]
  # tprog: SelectCol(SelectRow0(GroupSum(@param0, ['1'], count, 0), eqmax, 0), ['-99'])
# top-5, score: 0.00, answer: [1]
  # tprog: SelectCol(SelectRow0(GroupSum(@param0, ['1'], count, 1), eqmin, 0), ['1'])
# top-6, score: 0.00, answer: [1]
  # tprog: SelectCol(SelectRow0(GroupSum(@param0, ['1'], count, 1), eqmin, 0), ['-99'])
# top-7, score: 0.00, answer: [1]
  # tprog: SelectCol(SelectRow0(GroupSum(@param0, ['1'], count, 1), eqmax, 0), ['1'])
# top-8, score: 0.00, answer: [1]
  # tprog: SelectCol(SelectRow0(GroupSum(@param0, ['1'], count, 1), eqmax, 0), ['-99'])
# top-9, score: 0.00, answer: [1]
  # tprog: SelectCol(SelectRow0(GroupSum(@param0, ['1'], count, 2), eqmin, 0), ['1'])
# top-10, score: 0.00, answer: [1]
  # tprog: SelectCol(SelectRow0(GroupSum(@param0, ['1'], count, 2), eqmin, 0), ['-99'])
# top-11, score: 0.00, answer: [1]
  # tprog: SelectCol(SelectRow0(GroupSum(@param0, ['1'], count, 2), eqmax, 0), ['1'])
# top-12, score: 0.00, answer: [1]
  # tprog: SelectCol(SelectRow0(GroupSum(@param0, ['1'], count, 2), eqmax, 0), ['-99'])
# top-13, score: 0.00, answer: [1]
  # tprog: SelectCol(SelectRow0(GroupSum(@param0, ['0', '1'], count, 0), eqmin, 1), ['2'])
# top-14, score: 0.00, answer: [1]
  # tprog: SelectCol(SelectRow0(GroupSum(@param0, ['0', '1'], count, 0), eqmin, 1), ['-99', '-1'])
# top-15, score: 0.00, answer: [1]
  # tprog: SelectCol(SelectRow0(GroupSum(@param0, ['0', '1'], count, 0), eqmax, 1), ['2'])
# top-16, score: 0.00, answer: [1]
  # tprog: SelectCol(SelectRow0(GroupSum(@param0, ['0', '1'], count, 0), eqmax, 1), ['-99', '-1'])
# top-17, score: 0.00, answer: [1]
  # tprog: SelectCol(SelectRow0(GroupSum(@param0, ['0', '1'], count, 1), eqmin, 1), ['2'])
# top-18, score: 0.00, answer: [1]
  # tprog: SelectCol(SelectRow0(GroupSum(@param0, ['0', '1'], count, 1), eqmin, 1), ['-99', '-1'])
# top-19, score: 0.00, answer: [1]
  # tprog: SelectCol(SelectRow0(GroupSum(@param0, ['0', '1'], count, 1), eqmax, 1), ['2'])
# top-20, score: 0.00, answer: [1]
  # tprog: SelectCol(SelectRow0(GroupSum(@param0, ['0', '1'], count, 1), eqmax, 1), ['-99', '-1'])
# top-21, score: 0.00, answer: [1]
  # tprog: SelectCol(SelectRow0(GroupSum(@param0, ['0', '1'], count, 2), eqmin, 1), ['2'])
# top-22, score: 0.00, answer: [1]
  # tprog: SelectCol(SelectRow0(GroupSum(@param0, ['0', '1'], count, 2), eqmin, 1), ['-99', '-1'])
# top-23, score: 0.00, answer: [1]
  # tprog: SelectCol(SelectRow0(GroupSum(@param0, ['0', '1'], count, 2), eqmax, 1), ['2'])
# top-24, score: 0.00, answer: [1]
  # tprog: SelectCol(SelectRow0(GroupSum(@param0, ['0', '1'], count, 2), eqmax, 1), ['-99', '-1'])
# top-25, score: 0.00, answer: [1]
  # tprog: SelectCol(SelectRow0(GroupSum(@param0, ['1', '2'], count, 0), eqmin, 0), ['2'])
# top-26, score: 0.00, answer: [1]
  # tprog: SelectCol(SelectRow0(GroupSum(@param0, ['1', '2'], count, 0), eqmin, 0), ['-99', '-1'])
# top-27, score: 0.00, answer: [1]
  # tprog: SelectCol(SelectRow0(GroupSum(@param0, ['1', '2'], count, 0), eqmax, 0), ['2'])
# top-28, score: 0.00, answer: [1]
  # tprog: SelectCol(SelectRow0(GroupSum(@param0, ['1', '2'], count, 0), eqmax, 0), ['-99', '-1'])
# top-29, score: 0.00, answer: [1]
  # tprog: SelectCol(SelectRow0(GroupSum(@param0, ['1', '2'], count, 1), eqmin, 0), ['2'])
# top-30, score: 0.00, answer: [1]
  # tprog: SelectCol(SelectRow0(GroupSum(@param0, ['1', '2'], count, 1), eqmin, 0), ['-99', '-1'])
# top-31, score: 0.00, answer: [1]
  # tprog: SelectCol(SelectRow0(GroupSum(@param0, ['1', '2'], count, 1), eqmax, 0), ['2'])
# top-32, score: 0.00, answer: [1]
  # tprog: SelectCol(SelectRow0(GroupSum(@param0, ['1', '2'], count, 1), eqmax, 0), ['-99', '-1'])
# top-33, score: 0.00, answer: [1]
  # tprog: SelectCol(SelectRow0(GroupSum(@param0, ['1', '2'], count, 2), eqmin, 0), ['2'])
# top-34, score: 0.00, answer: [1]
  # tprog: SelectCol(SelectRow0(GroupSum(@param0, ['1', '2'], count, 2), eqmin, 0), ['-99', '-1'])
# top-35, score: 0.00, answer: [1]
  # tprog: SelectCol(SelectRow0(GroupSum(@param0, ['1', '2'], count, 2), eqmax, 0), ['2'])
# top-36, score: 0.00, answer: [1]
  # tprog: SelectCol(SelectRow0(GroupSum(@param0, ['1', '2'], count, 2), eqmax, 0), ['-99', '-1'])
# top-37, score: 0.00, answer: [1]
  # tprog: Summarize(SelectRow1(@param0, <, 1, 46@Int), count, 0)
# top-38, score: 0.00, answer: [1]
  # tprog: Summarize(SelectRow1(@param0, <, 1, 46@Int), count, 1)
# top-39, score: 0.00, answer: [1]
  # tprog: Summarize(SelectRow1(@param0, <, 1, 46@Int), count, 2)
# top-40, score: 0.00, answer: [1]
  # tprog: Summarize(SelectRow1(@param0, <=, 1, 30@Int), count, 0)
# top-41, score: 0.00, answer: [1]
  # tprog: Summarize(SelectRow1(@param0, <=, 1, 30@Int), count, 1)
# top-42, score: 0.00, answer: [1]
  # tprog: Summarize(SelectRow1(@param0, <=, 1, 30@Int), count, 2)
# top-43, score: 0.00, answer: [1]
  # tprog: Summarize(SelectRow1(@param0, ==, 0, Guatemala@Str), count, 0)
# top-44, score: 0.00, answer: [1]
  # tprog: Summarize(SelectRow1(@param0, ==, 0, Guatemala@Str), count, 1)
# top-45, score: 0.00, answer: [1]
  # tprog: Summarize(SelectRow1(@param0, ==, 0, Guatemala@Str), count, 2)
# top-46, score: 0.00, answer: [1]
  # tprog: Summarize(SelectRow1(@param0, ==, 0, Nicaragua@Str), count, 0)
# top-47, score: 0.00, answer: [1]
  # tprog: Summarize(SelectRow1(@param0, ==, 0, Nicaragua@Str), count, 1)
# top-48, score: 0.00, answer: [1]
  # tprog: Summarize(SelectRow1(@param0, ==, 0, Nicaragua@Str), count, 2)
# top-49, score: 0.00, answer: [1]
  # tprog: Summarize(SelectRow1(@param0, ==, 0, El Salvador@Str), count, 0)
# top-50, score: 0.00, answer: [1]
  # tprog: Summarize(SelectRow1(@param0, ==, 0, El Salvador@Str), count, 1)
# top-51, score: 0.00, answer: [1]
  # tprog: Summarize(SelectRow1(@param0, ==, 0, El Salvador@Str), count, 2)
# top-52, score: 0.00, answer: [1]
  # tprog: Summarize(SelectRow1(@param0, ==, 0, Honduras@Str), count, 0)
# top-53, score: 0.00, answer: [1]
  # tprog: Summarize(SelectRow1(@param0, ==, 0, Honduras@Str), count, 1)
# top-54, score: 0.00, answer: [1]
  # tprog: Summarize(SelectRow1(@param0, ==, 0, Honduras@Str), count, 2)
# top-55, score: 0.00, answer: [1]
  # tprog: Summarize(SelectRow1(@param0, ==, 0, Belize@Str), count, 0)
# top-56, score: 0.00, answer: [1]
  # tprog: Summarize(SelectRow1(@param0, ==, 0, Belize@Str), count, 1)
# top-57, score: 0.00, answer: [1]
  # tprog: Summarize(SelectRow1(@param0, ==, 0, Belize@Str), count, 2)
# top-58, score: 0.00, answer: [1]
  # tprog: Summarize(SelectRow1(@param0, ==, 0, Costa Rica@Str), count, 0)
# top-59, score: 0.00, answer: [1]
  # tprog: Summarize(SelectRow1(@param0, ==, 0, Costa Rica@Str), count, 1)
# top-60, score: 0.00, answer: [1]
  # tprog: Summarize(SelectRow1(@param0, ==, 0, Costa Rica@Str), count, 2)
# top-61, score: 0.00, answer: [1]
  # tprog: Summarize(SelectRow1(@param0, ==, 0, Panama@Str), count, 0)
# top-62, score: 0.00, answer: [1]
  # tprog: Summarize(SelectRow1(@param0, ==, 0, Panama@Str), count, 1)
# top-63, score: 0.00, answer: [1]
  # tprog: Summarize(SelectRow1(@param0, ==, 0, Panama@Str), count, 2)
# top-64, score: 0.00, answer: [1]
  # tprog: Summarize(SelectRow1(@param0, ==, 1, 133@Int), count, 0)
# top-65, score: 0.00, answer: [1]
  # tprog: Summarize(SelectRow1(@param0, ==, 1, 133@Int), count, 1)
# top-66, score: 0.00, answer: [1]
  # tprog: Summarize(SelectRow1(@param0, ==, 1, 133@Int), count, 2)
# top-67, score: 0.00, answer: [1]
  # tprog: Summarize(SelectRow1(@param0, ==, 1, 101@Int), count, 0)
# top-68, score: 0.00, answer: [1]
  # tprog: Summarize(SelectRow1(@param0, ==, 1, 101@Int), count, 1)
# top-69, score: 0.00, answer: [1]
  # tprog: Summarize(SelectRow1(@param0, ==, 1, 101@Int), count, 2)
# top-70, score: 0.00, answer: [1]
  # tprog: Summarize(SelectRow1(@param0, ==, 1, 46@Int), count, 0)
# top-71, score: 0.00, answer: [1]
  # tprog: Summarize(SelectRow1(@param0, ==, 1, 46@Int), count, 1)
# top-72, score: 0.00, answer: [1]
  # tprog: Summarize(SelectRow1(@param0, ==, 1, 46@Int), count, 2)
# top-73, score: 0.00, answer: [1]
  # tprog: Summarize(SelectRow1(@param0, ==, 1, 182@Int), count, 0)
# top-74, score: 0.00, answer: [1]
  # tprog: Summarize(SelectRow1(@param0, ==, 1, 182@Int), count, 1)
# top-75, score: 0.00, answer: [1]
  # tprog: Summarize(SelectRow1(@param0, ==, 1, 182@Int), count, 2)
# top-76, score: 0.00, answer: [1]
  # tprog: Summarize(SelectRow1(@param0, ==, 1, 183@Int), count, 0)
# top-77, score: 0.00, answer: [1]
  # tprog: Summarize(SelectRow1(@param0, ==, 1, 183@Int), count, 1)
# top-78, score: 0.00, answer: [1]
  # tprog: Summarize(SelectRow1(@param0, ==, 1, 183@Int), count, 2)
# top-79, score: 0.00, answer: [1]
  # tprog: Summarize(SelectRow1(@param0, ==, 1, 61@Int), count, 0)
# top-80, score: 0.00, answer: [1]
  # tprog: Summarize(SelectRow1(@param0, ==, 1, 61@Int), count, 1)
# top-81, score: 0.00, answer: [1]
  # tprog: Summarize(SelectRow1(@param0, ==, 1, 61@Int), count, 2)
# top-82, score: 0.00, answer: [1]
  # tprog: Summarize(SelectRow1(@param0, ==, 1, 30@Int), count, 0)
# top-83, score: 0.00, answer: [1]
  # tprog: Summarize(SelectRow1(@param0, ==, 1, 30@Int), count, 1)
# top-84, score: 0.00, answer: [1]
  # tprog: Summarize(SelectRow1(@param0, ==, 1, 30@Int), count, 2)
# top-85, score: 0.00, answer: [1]
  # tprog: Summarize(SelectRow1(@param0, >=, 1, 183@Int), count, 0)
# top-86, score: 0.00, answer: [1]
  # tprog: Summarize(SelectRow1(@param0, >=, 1, 183@Int), count, 1)
# top-87, score: 0.00, answer: [1]
  # tprog: Summarize(SelectRow1(@param0, >=, 1, 183@Int), count, 2)
# top-88, score: 0.00, answer: [1]
  # tprog: Summarize(SelectRow1(@param0, >, 1, 182@Int), count, 0)
# top-89, score: 0.00, answer: [1]
  # tprog: Summarize(SelectRow1(@param0, >, 1, 182@Int), count, 1)
# top-90, score: 0.00, answer: [1]
  # tprog: Summarize(SelectRow1(@param0, >, 1, 182@Int), count, 2)
# top-91, score: 0.00, answer: [1]
  # tprog: Contrast(SelectRow1(@param0, <, 1, 133@Int), /, 0, Nicaragua@Str, Nicaragua@Str, 1)
# top-92, score: 0.00, answer: [1]
  # tprog: Contrast(SelectRow1(@param0, <, 1, 133@Int), /, 0, El Salvador@Str, El Salvador@Str, 1)
# top-93, score: 0.00, answer: [1]
  # tprog: Contrast(SelectRow1(@param0, <, 1, 133@Int), /, 0, Honduras@Str, Honduras@Str, 1)
# top-94, score: 0.00, answer: [1]
  # tprog: Contrast(SelectRow1(@param0, <, 1, 133@Int), /, 0, Belize@Str, Belize@Str, 1)
# top-95, score: 0.00, answer: [1]
  # tprog: Contrast(SelectRow1(@param0, <, 1, 101@Int), /, 0, Nicaragua@Str, Nicaragua@Str, 1)
# top-96, score: 0.00, answer: [1]
  # tprog: Contrast(SelectRow1(@param0, <, 1, 101@Int), /, 0, El Salvador@Str, El Salvador@Str, 1)
# top-97, score: 0.00, answer: [1]
  # tprog: Contrast(SelectRow1(@param0, <, 1, 101@Int), /, 0, Belize@Str, Belize@Str, 1)
# top-98, score: 0.00, answer: [1]
  # tprog: Contrast(SelectRow1(@param0, <, 1, 46@Int), /, 0, El Salvador@Str, El Salvador@Str, 1)
# top-99, score: 0.00, answer: [1]
  # tprog: Contrast(SelectRow1(@param0, <, 1, 46@Int), /, 2, blue@Str, blue@Str, 1)
# top-100, score: 0.00, answer: [1]
  # tprog: Contrast(SelectRow1(@param0, <, 1, 182@Int), /, 0, Guatemala@Str, Guatemala@Str, 1)
# top-101, score: 0.00, answer: [1]
  # tprog: Contrast(SelectRow1(@param0, <, 1, 182@Int), /, 0, Nicaragua@Str, Nicaragua@Str, 1)
# top-102, score: 0.00, answer: [1]
  # tprog: Contrast(SelectRow1(@param0, <, 1, 182@Int), /, 0, El Salvador@Str, El Salvador@Str, 1)
# top-103, score: 0.00, answer: [1]
  # tprog: Contrast(SelectRow1(@param0, <, 1, 182@Int), /, 0, Honduras@Str, Honduras@Str, 1)
# top-104, score: 0.00, answer: [1]
  # tprog: Contrast(SelectRow1(@param0, <, 1, 182@Int), /, 0, Belize@Str, Belize@Str, 1)
# top-105, score: 0.00, answer: [1]
  # tprog: Contrast(SelectRow1(@param0, <, 1, 183@Int), /, 0, Guatemala@Str, Guatemala@Str, 1)
# top-106, score: 0.00, answer: [1]
  # tprog: Contrast(SelectRow1(@param0, <, 1, 183@Int), /, 0, Nicaragua@Str, Nicaragua@Str, 1)
# top-107, score: 0.00, answer: [1]
  # tprog: Contrast(SelectRow1(@param0, <, 1, 183@Int), /, 0, El Salvador@Str, El Salvador@Str, 1)
# top-108, score: 0.00, answer: [1]
  # tprog: Contrast(SelectRow1(@param0, <, 1, 183@Int), /, 0, Honduras@Str, Honduras@Str, 1)
# top-109, score: 0.00, answer: [1]
  # tprog: Contrast(SelectRow1(@param0, <, 1, 183@Int), /, 0, Belize@Str, Belize@Str, 1)
# top-110, score: 0.00, answer: [1]
  # tprog: Contrast(SelectRow1(@param0, <, 1, 183@Int), /, 0, Panama@Str, Panama@Str, 1)
# top-111, score: 0.00, answer: [1]
  # tprog: Contrast(SelectRow1(@param0, <, 1, 61@Int), /, 0, El Salvador@Str, El Salvador@Str, 1)
# top-112, score: 0.00, answer: [1]
  # tprog: Contrast(SelectRow1(@param0, <, 1, 61@Int), /, 0, Belize@Str, Belize@Str, 1)
# top-113, score: 0.00, answer: [1]
  # tprog: Contrast(SelectRow1(@param0, <=, 1, 133@Int), /, 0, Guatemala@Str, Guatemala@Str, 1)
# top-114, score: 0.00, answer: [1]
  # tprog: Contrast(SelectRow1(@param0, <=, 1, 133@Int), /, 0, Nicaragua@Str, Nicaragua@Str, 1)
# top-115, score: 0.00, answer: [1]
  # tprog: Contrast(SelectRow1(@param0, <=, 1, 133@Int), /, 0, El Salvador@Str, El Salvador@Str, 1)
# top-116, score: 0.00, answer: [1]
  # tprog: Contrast(SelectRow1(@param0, <=, 1, 133@Int), /, 0, Honduras@Str, Honduras@Str, 1)
# top-117, score: 0.00, answer: [1]
  # tprog: Contrast(SelectRow1(@param0, <=, 1, 133@Int), /, 0, Belize@Str, Belize@Str, 1)
# top-118, score: 0.00, answer: [1]
  # tprog: Contrast(SelectRow1(@param0, <=, 1, 101@Int), /, 0, Nicaragua@Str, Nicaragua@Str, 1)
# top-119, score: 0.00, answer: [1]
  # tprog: Contrast(SelectRow1(@param0, <=, 1, 101@Int), /, 0, El Salvador@Str, El Salvador@Str, 1)
# top-120, score: 0.00, answer: [1]
  # tprog: Contrast(SelectRow1(@param0, <=, 1, 101@Int), /, 0, Honduras@Str, Honduras@Str, 1)
# top-121, score: 0.00, answer: [1]
  # tprog: Contrast(SelectRow1(@param0, <=, 1, 101@Int), /, 0, Belize@Str, Belize@Str, 1)
# top-122, score: 0.00, answer: [1]
  # tprog: Contrast(SelectRow1(@param0, <=, 1, 46@Int), /, 0, El Salvador@Str, El Salvador@Str, 1)
# top-123, score: 0.00, answer: [1]
  # tprog: Contrast(SelectRow1(@param0, <=, 1, 46@Int), /, 0, Belize@Str, Belize@Str, 1)
# top-124, score: 0.00, answer: [1]
  # tprog: Contrast(SelectRow1(@param0, <=, 1, 182@Int), /, 0, Guatemala@Str, Guatemala@Str, 1)
# top-125, score: 0.00, answer: [1]
  # tprog: Contrast(SelectRow1(@param0, <=, 1, 182@Int), /, 0, Nicaragua@Str, Nicaragua@Str, 1)
# top-126, score: 0.00, answer: [1]
  # tprog: Contrast(SelectRow1(@param0, <=, 1, 182@Int), /, 0, El Salvador@Str, El Salvador@Str, 1)
# top-127, score: 0.00, answer: [1]
  # tprog: Contrast(SelectRow1(@param0, <=, 1, 182@Int), /, 0, Honduras@Str, Honduras@Str, 1)
# top-128, score: 0.00, answer: [1]
  # tprog: Contrast(SelectRow1(@param0, <=, 1, 182@Int), /, 0, Belize@Str, Belize@Str, 1)
# top-129, score: 0.00, answer: [1]
  # tprog: Contrast(SelectRow1(@param0, <=, 1, 182@Int), /, 0, Panama@Str, Panama@Str, 1)
# top-130, score: 0.00, answer: [1]
  # tprog: Contrast(SelectRow1(@param0, <=, 1, 183@Int), -, 0, Costa Rica@Str, Panama@Str, 1)
# top-131, score: 0.00, answer: [1]
  # tprog: Contrast(SelectRow1(@param0, <=, 1, 183@Int), /, 0, Guatemala@Str, Guatemala@Str, 1)
# top-132, score: 0.00, answer: [1]
  # tprog: Contrast(SelectRow1(@param0, <=, 1, 183@Int), /, 0, Nicaragua@Str, Nicaragua@Str, 1)
# top-133, score: 0.00, answer: [1]
  # tprog: Contrast(SelectRow1(@param0, <=, 1, 183@Int), /, 0, El Salvador@Str, El Salvador@Str, 1)
# top-134, score: 0.00, answer: [1]
  # tprog: Contrast(SelectRow1(@param0, <=, 1, 183@Int), /, 0, Honduras@Str, Honduras@Str, 1)
# top-135, score: 0.00, answer: [1]
  # tprog: Contrast(SelectRow1(@param0, <=, 1, 183@Int), /, 0, Belize@Str, Belize@Str, 1)
# top-136, score: 0.00, answer: [1]
  # tprog: Contrast(SelectRow1(@param0, <=, 1, 183@Int), /, 0, Costa Rica@Str, Costa Rica@Str, 1)
# top-137, score: 0.00, answer: [1]
  # tprog: Contrast(SelectRow1(@param0, <=, 1, 183@Int), /, 0, Panama@Str, Panama@Str, 1)
# top-138, score: 0.00, answer: [1]
  # tprog: Contrast(SelectRow1(@param0, <=, 1, 183@Int), diff, 0, Costa Rica@Str, Panama@Str, 1)
# top-139, score: 0.00, answer: [1]
  # tprog: Contrast(SelectRow1(@param0, <=, 1, 183@Int), diff, 0, Panama@Str, Costa Rica@Str, 1)
# top-140, score: 0.00, answer: [1]
  # tprog: Contrast(SelectRow1(@param0, <=, 1, 61@Int), /, 0, Nicaragua@Str, Nicaragua@Str, 1)
# top-141, score: 0.00, answer: [1]
  # tprog: Contrast(SelectRow1(@param0, <=, 1, 61@Int), /, 0, El Salvador@Str, El Salvador@Str, 1)
# top-142, score: 0.00, answer: [1]
  # tprog: Contrast(SelectRow1(@param0, <=, 1, 61@Int), /, 0, Belize@Str, Belize@Str, 1)
# top-143, score: 0.00, answer: [1]
  # tprog: Contrast(SelectRow1(@param0, <=, 1, 30@Int), /, 0, El Salvador@Str, El Salvador@Str, 1)
# top-144, score: 0.00, answer: [1]
  # tprog: Contrast(SelectRow1(@param0, <=, 1, 30@Int), /, 2, blue@Str, blue@Str, 1)
# top-145, score: 0.00, answer: [1]
  # tprog: Contrast(SelectRow1(@param0, ==, 0, Guatemala@Str), /, 0, Guatemala@Str, Guatemala@Str, 1)
# top-146, score: 0.00, answer: [1]
  # tprog: Contrast(SelectRow1(@param0, ==, 0, Guatemala@Str), /, 2, blue@Str, blue@Str, 1)
# top-147, score: 0.00, answer: [1]
  # tprog: Contrast(SelectRow1(@param0, ==, 0, Nicaragua@Str), /, 0, Nicaragua@Str, Nicaragua@Str, 1)
# top-148, score: 0.00, answer: [1]
  # tprog: Contrast(SelectRow1(@param0, ==, 0, Nicaragua@Str), /, 2, blue@Str, blue@Str, 1)
# top-149, score: 0.00, answer: [1]
  # tprog: Contrast(SelectRow1(@param0, ==, 0, El Salvador@Str), /, 0, El Salvador@Str, El Salvador@Str, 1)
# top-150, score: 0.00, answer: [1]
  # tprog: Contrast(SelectRow1(@param0, ==, 0, El Salvador@Str), /, 2, blue@Str, blue@Str, 1)
# top-151, score: 0.00, answer: [1]
  # tprog: Contrast(SelectRow1(@param0, ==, 0, Honduras@Str), /, 0, Honduras@Str, Honduras@Str, 1)
# top-152, score: 0.00, answer: [1]
  # tprog: Contrast(SelectRow1(@param0, ==, 0, Honduras@Str), /, 2, blue@Str, blue@Str, 1)
# top-153, score: 0.00, answer: [1]
  # tprog: Contrast(SelectRow1(@param0, ==, 0, Belize@Str), /, 0, Belize@Str, Belize@Str, 1)
# top-154, score: 0.00, answer: [1]
  # tprog: Contrast(SelectRow1(@param0, ==, 0, Belize@Str), /, 2, blue@Str, blue@Str, 1)
# top-155, score: 0.00, answer: [1]
  # tprog: Contrast(SelectRow1(@param0, ==, 0, Costa Rica@Str), /, 0, Costa Rica@Str, Costa Rica@Str, 1)
# top-156, score: 0.00, answer: [1]
  # tprog: Contrast(SelectRow1(@param0, ==, 0, Costa Rica@Str), /, 2, blue@Str, blue@Str, 1)
# top-157, score: 0.00, answer: [1]
  # tprog: Contrast(SelectRow1(@param0, ==, 0, Panama@Str), /, 0, Panama@Str, Panama@Str, 1)
# top-158, score: 0.00, answer: [1]
  # tprog: Contrast(SelectRow1(@param0, ==, 0, Panama@Str), /, 2, blue@Str, blue@Str, 1)
# top-159, score: 0.00, answer: [1]
  # tprog: Contrast(SelectRow1(@param0, ==, 1, 133@Int), /, 0, Guatemala@Str, Guatemala@Str, 1)
# top-160, score: 0.00, answer: [1]
  # tprog: Contrast(SelectRow1(@param0, ==, 1, 133@Int), /, 2, blue@Str, blue@Str, 1)
# top-161, score: 0.00, answer: [1]
  # tprog: Contrast(SelectRow1(@param0, ==, 1, 101@Int), /, 0, Honduras@Str, Honduras@Str, 1)
# top-162, score: 0.00, answer: [1]
  # tprog: Contrast(SelectRow1(@param0, ==, 1, 101@Int), /, 2, blue@Str, blue@Str, 1)
# top-163, score: 0.00, answer: [1]
  # tprog: Contrast(SelectRow1(@param0, ==, 1, 46@Int), /, 0, Belize@Str, Belize@Str, 1)
# top-164, score: 0.00, answer: [1]
  # tprog: Contrast(SelectRow1(@param0, ==, 1, 46@Int), /, 2, blue@Str, blue@Str, 1)
# top-165, score: 0.00, answer: [1]
  # tprog: Contrast(SelectRow1(@param0, ==, 1, 182@Int), /, 0, Panama@Str, Panama@Str, 1)
# top-166, score: 0.00, answer: [1]
  # tprog: Contrast(SelectRow1(@param0, ==, 1, 182@Int), /, 2, blue@Str, blue@Str, 1)
# top-167, score: 0.00, answer: [1]
  # tprog: Contrast(SelectRow1(@param0, ==, 1, 183@Int), /, 0, Costa Rica@Str, Costa Rica@Str, 1)
# top-168, score: 0.00, answer: [1]
  # tprog: Contrast(SelectRow1(@param0, ==, 1, 183@Int), /, 2, blue@Str, blue@Str, 1)
