# parsed arguments: Namespace(benchmark='Q528ea', dsl='meta_visqa', skeletons='visqa_normal', strategy='TaPas_C', fallback='auto', timeout=300, mode='abstract-only', expected_only=False)
# loading benchmark...
# table keywords: {'disagree', 'blue', '82', 'color', 'neither', 'or', '53', 'agree', '69', 'percentage', 'strongly'}
# input type: [dtype('O'), dtype('int64'), dtype('O')]
# input is:
                       agree  percentage color
0             Strongly agree          82  blue
1  Neither agree or disagree          69  blue
2          Strongly disagree          53  blue
# query is: How many strongly agree
# expected output type:[dtype('int64')]
# expected output is:
   ANSWER
0      82
# inferred DSL terminals:
  # ConstVal: ['blue@Str', '69@Int', 'Neither agree or disagree@Str', 'color@Str', 'Strongly agree@Str', '82@Int', 'Strongly disagree@Str', '53@Int', 'agree@Str', 'percentage@Str']
     # cmap: [(None, 'blue'), (None, 69), (None, 'Neither agree or disagree'), (None, 'color'), (None, 'Strongly agree'), (None, 82), (None, 'Strongly disagree'), (None, 53), (None, 'agree'), (None, 'percentage')]
# loading skeleton list...

# ========== candidate program report ========== #
# (t=0.00) i=0, candidate=[{'ANSWER': 1}]
  # found 187 program(s)
    # SelectCol(SelectRow0(GroupSum(@param0, ['1'], count, 0), eqmin, 0), ['1'])
      --> ['SelectCol', ['SelectRow0', ['GroupSum', 'input@0', ['percentage'], 'count', 'agree'], 'eqmin', 'percentage'], ['COL0']]
    # SelectCol(SelectRow0(GroupSum(@param0, ['1'], count, 0), eqmin, 0), ['-99'])
      --> ['SelectCol', ['SelectRow0', ['GroupSum', 'input@0', ['percentage'], 'count', 'agree'], 'eqmin', 'percentage'], ['COL0']]
    # SelectCol(SelectRow0(GroupSum(@param0, ['1'], count, 0), eqmax, 0), ['1'])
      --> ['SelectCol', ['SelectRow0', ['GroupSum', 'input@0', ['percentage'], 'count', 'agree'], 'eqmax', 'percentage'], ['COL0']]
    # SelectCol(SelectRow0(GroupSum(@param0, ['1'], count, 0), eqmax, 0), ['-99'])
      --> ['SelectCol', ['SelectRow0', ['GroupSum', 'input@0', ['percentage'], 'count', 'agree'], 'eqmax', 'percentage'], ['COL0']]
    # SelectCol(SelectRow0(GroupSum(@param0, ['1'], count, 1), eqmin, 0), ['1'])
      --> ['SelectCol', ['SelectRow0', ['GroupSum', 'input@0', ['percentage'], 'count', 'percentage'], 'eqmin', 'percentage'], ['COL0']]
    # SelectCol(SelectRow0(GroupSum(@param0, ['1'], count, 1), eqmin, 0), ['-99'])
      --> ['SelectCol', ['SelectRow0', ['GroupSum', 'input@0', ['percentage'], 'count', 'percentage'], 'eqmin', 'percentage'], ['COL0']]
    # SelectCol(SelectRow0(GroupSum(@param0, ['1'], count, 1), eqmax, 0), ['1'])
      --> ['SelectCol', ['SelectRow0', ['GroupSum', 'input@0', ['percentage'], 'count', 'percentage'], 'eqmax', 'percentage'], ['COL0']]
    # SelectCol(SelectRow0(GroupSum(@param0, ['1'], count, 1), eqmax, 0), ['-99'])
      --> ['SelectCol', ['SelectRow0', ['GroupSum', 'input@0', ['percentage'], 'count', 'percentage'], 'eqmax', 'percentage'], ['COL0']]
    # SelectCol(SelectRow0(GroupSum(@param0, ['1'], count, 2), eqmin, 0), ['1'])
      --> ['SelectCol', ['SelectRow0', ['GroupSum', 'input@0', ['percentage'], 'count', 'color'], 'eqmin', 'percentage'], ['COL0']]
    # SelectCol(SelectRow0(GroupSum(@param0, ['1'], count, 2), eqmin, 0), ['-99'])
      --> ['SelectCol', ['SelectRow0', ['GroupSum', 'input@0', ['percentage'], 'count', 'color'], 'eqmin', 'percentage'], ['COL0']]
    # SelectCol(SelectRow0(GroupSum(@param0, ['1'], count, 2), eqmax, 0), ['1'])
      --> ['SelectCol', ['SelectRow0', ['GroupSum', 'input@0', ['percentage'], 'count', 'color'], 'eqmax', 'percentage'], ['COL0']]
    # SelectCol(SelectRow0(GroupSum(@param0, ['1'], count, 2), eqmax, 0), ['-99'])
      --> ['SelectCol', ['SelectRow0', ['GroupSum', 'input@0', ['percentage'], 'count', 'color'], 'eqmax', 'percentage'], ['COL0']]
    # SelectCol(SelectRow0(GroupSum(@param0, ['0', '1'], count, 0), eqmin, 1), ['2'])
      --> ['SelectCol', ['SelectRow0', ['GroupSum', 'input@0', ['agree', 'percentage'], 'count', 'agree'], 'eqmin', 'percentage'], ['COL0']]
    # SelectCol(SelectRow0(GroupSum(@param0, ['0', '1'], count, 0), eqmin, 1), ['-99', '-1'])
      --> ['SelectCol', ['SelectRow0', ['GroupSum', 'input@0', ['agree', 'percentage'], 'count', 'agree'], 'eqmin', 'percentage'], ['COL0']]
    # SelectCol(SelectRow0(GroupSum(@param0, ['0', '1'], count, 0), eqmax, 1), ['2'])
      --> ['SelectCol', ['SelectRow0', ['GroupSum', 'input@0', ['agree', 'percentage'], 'count', 'agree'], 'eqmax', 'percentage'], ['COL0']]
    # SelectCol(SelectRow0(GroupSum(@param0, ['0', '1'], count, 0), eqmax, 1), ['-99', '-1'])
      --> ['SelectCol', ['SelectRow0', ['GroupSum', 'input@0', ['agree', 'percentage'], 'count', 'agree'], 'eqmax', 'percentage'], ['COL0']]
    # SelectCol(SelectRow0(GroupSum(@param0, ['0', '1'], count, 1), eqmin, 1), ['2'])
      --> ['SelectCol', ['SelectRow0', ['GroupSum', 'input@0', ['agree', 'percentage'], 'count', 'percentage'], 'eqmin', 'percentage'], ['COL0']]
    # SelectCol(SelectRow0(GroupSum(@param0, ['0', '1'], count, 1), eqmin, 1), ['-99', '-1'])
      --> ['SelectCol', ['SelectRow0', ['GroupSum', 'input@0', ['agree', 'percentage'], 'count', 'percentage'], 'eqmin', 'percentage'], ['COL0']]
    # SelectCol(SelectRow0(GroupSum(@param0, ['0', '1'], count, 1), eqmax, 1), ['2'])
      --> ['SelectCol', ['SelectRow0', ['GroupSum', 'input@0', ['agree', 'percentage'], 'count', 'percentage'], 'eqmax', 'percentage'], ['COL0']]
    # SelectCol(SelectRow0(GroupSum(@param0, ['0', '1'], count, 1), eqmax, 1), ['-99', '-1'])
      --> ['SelectCol', ['SelectRow0', ['GroupSum', 'input@0', ['agree', 'percentage'], 'count', 'percentage'], 'eqmax', 'percentage'], ['COL0']]
    # SelectCol(SelectRow0(GroupSum(@param0, ['0', '1'], count, 2), eqmin, 1), ['2'])
      --> ['SelectCol', ['SelectRow0', ['GroupSum', 'input@0', ['agree', 'percentage'], 'count', 'color'], 'eqmin', 'percentage'], ['COL0']]
    # SelectCol(SelectRow0(GroupSum(@param0, ['0', '1'], count, 2), eqmin, 1), ['-99', '-1'])
      --> ['SelectCol', ['SelectRow0', ['GroupSum', 'input@0', ['agree', 'percentage'], 'count', 'color'], 'eqmin', 'percentage'], ['COL0']]
    # SelectCol(SelectRow0(GroupSum(@param0, ['0', '1'], count, 2), eqmax, 1), ['2'])
      --> ['SelectCol', ['SelectRow0', ['GroupSum', 'input@0', ['agree', 'percentage'], 'count', 'color'], 'eqmax', 'percentage'], ['COL0']]
    # SelectCol(SelectRow0(GroupSum(@param0, ['0', '1'], count, 2), eqmax, 1), ['-99', '-1'])
      --> ['SelectCol', ['SelectRow0', ['GroupSum', 'input@0', ['agree', 'percentage'], 'count', 'color'], 'eqmax', 'percentage'], ['COL0']]
    # SelectCol(SelectRow0(GroupSum(@param0, ['1', '2'], count, 0), eqmin, 0), ['2'])
      --> ['SelectCol', ['SelectRow0', ['GroupSum', 'input@0', ['percentage', 'color'], 'count', 'agree'], 'eqmin', 'percentage'], ['COL0']]
    # SelectCol(SelectRow0(GroupSum(@param0, ['1', '2'], count, 0), eqmin, 0), ['-99', '-1'])
      --> ['SelectCol', ['SelectRow0', ['GroupSum', 'input@0', ['percentage', 'color'], 'count', 'agree'], 'eqmin', 'percentage'], ['COL0']]
    # SelectCol(SelectRow0(GroupSum(@param0, ['1', '2'], count, 0), eqmax, 0), ['2'])
      --> ['SelectCol', ['SelectRow0', ['GroupSum', 'input@0', ['percentage', 'color'], 'count', 'agree'], 'eqmax', 'percentage'], ['COL0']]
    # SelectCol(SelectRow0(GroupSum(@param0, ['1', '2'], count, 0), eqmax, 0), ['-99', '-1'])
      --> ['SelectCol', ['SelectRow0', ['GroupSum', 'input@0', ['percentage', 'color'], 'count', 'agree'], 'eqmax', 'percentage'], ['COL0']]
    # SelectCol(SelectRow0(GroupSum(@param0, ['1', '2'], count, 1), eqmin, 0), ['2'])
      --> ['SelectCol', ['SelectRow0', ['GroupSum', 'input@0', ['percentage', 'color'], 'count', 'percentage'], 'eqmin', 'percentage'], ['COL0']]
    # SelectCol(SelectRow0(GroupSum(@param0, ['1', '2'], count, 1), eqmin, 0), ['-99', '-1'])
      --> ['SelectCol', ['SelectRow0', ['GroupSum', 'input@0', ['percentage', 'color'], 'count', 'percentage'], 'eqmin', 'percentage'], ['COL0']]
    # SelectCol(SelectRow0(GroupSum(@param0, ['1', '2'], count, 1), eqmax, 0), ['2'])
      --> ['SelectCol', ['SelectRow0', ['GroupSum', 'input@0', ['percentage', 'color'], 'count', 'percentage'], 'eqmax', 'percentage'], ['COL0']]
    # SelectCol(SelectRow0(GroupSum(@param0, ['1', '2'], count, 1), eqmax, 0), ['-99', '-1'])
      --> ['SelectCol', ['SelectRow0', ['GroupSum', 'input@0', ['percentage', 'color'], 'count', 'percentage'], 'eqmax', 'percentage'], ['COL0']]
    # SelectCol(SelectRow0(GroupSum(@param0, ['1', '2'], count, 2), eqmin, 0), ['2'])
      --> ['SelectCol', ['SelectRow0', ['GroupSum', 'input@0', ['percentage', 'color'], 'count', 'color'], 'eqmin', 'percentage'], ['COL0']]
    # SelectCol(SelectRow0(GroupSum(@param0, ['1', '2'], count, 2), eqmin, 0), ['-99', '-1'])
      --> ['SelectCol', ['SelectRow0', ['GroupSum', 'input@0', ['percentage', 'color'], 'count', 'color'], 'eqmin', 'percentage'], ['COL0']]
    # SelectCol(SelectRow0(GroupSum(@param0, ['1', '2'], count, 2), eqmax, 0), ['2'])
      --> ['SelectCol', ['SelectRow0', ['GroupSum', 'input@0', ['percentage', 'color'], 'count', 'color'], 'eqmax', 'percentage'], ['COL0']]
    # SelectCol(SelectRow0(GroupSum(@param0, ['1', '2'], count, 2), eqmax, 0), ['-99', '-1'])
      --> ['SelectCol', ['SelectRow0', ['GroupSum', 'input@0', ['percentage', 'color'], 'count', 'color'], 'eqmax', 'percentage'], ['COL0']]
    # Summarize(SelectRow1(@param0, <, 1, 69@Int), count, 0)
      --> ['Summarize', ['SelectRow1', 'input@0', '<', 'percentage', 69], 'count', 'agree']
    # Summarize(SelectRow1(@param0, <, 1, 69@Int), count, 1)
      --> ['Summarize', ['SelectRow1', 'input@0', '<', 'percentage', 69], 'count', 'percentage']
    # Summarize(SelectRow1(@param0, <, 1, 69@Int), count, 2)
      --> ['Summarize', ['SelectRow1', 'input@0', '<', 'percentage', 69], 'count', 'color']
    # Summarize(SelectRow1(@param0, <=, 1, 53@Int), count, 0)
      --> ['Summarize', ['SelectRow1', 'input@0', '<=', 'percentage', 53], 'count', 'agree']
    # Summarize(SelectRow1(@param0, <=, 1, 53@Int), count, 1)
      --> ['Summarize', ['SelectRow1', 'input@0', '<=', 'percentage', 53], 'count', 'percentage']
    # Summarize(SelectRow1(@param0, <=, 1, 53@Int), count, 2)
      --> ['Summarize', ['SelectRow1', 'input@0', '<=', 'percentage', 53], 'count', 'color']
    # Summarize(SelectRow1(@param0, ==, 0, Neither agree or disagree@Str), count, 0)
      --> ['Summarize', ['SelectRow1', 'input@0', '==', 'agree', 'Neither agree or disagree'], 'count', 'agree']
    # Summarize(SelectRow1(@param0, ==, 0, Neither agree or disagree@Str), count, 1)
      --> ['Summarize', ['SelectRow1', 'input@0', '==', 'agree', 'Neither agree or disagree'], 'count', 'percentage']
    # Summarize(SelectRow1(@param0, ==, 0, Neither agree or disagree@Str), count, 2)
      --> ['Summarize', ['SelectRow1', 'input@0', '==', 'agree', 'Neither agree or disagree'], 'count', 'color']
    # Summarize(SelectRow1(@param0, ==, 0, Strongly agree@Str), count, 0)
      --> ['Summarize', ['SelectRow1', 'input@0', '==', 'agree', 'Strongly agree'], 'count', 'agree']
    # Summarize(SelectRow1(@param0, ==, 0, Strongly agree@Str), count, 1)
      --> ['Summarize', ['SelectRow1', 'input@0', '==', 'agree', 'Strongly agree'], 'count', 'percentage']
    # Summarize(SelectRow1(@param0, ==, 0, Strongly agree@Str), count, 2)
      --> ['Summarize', ['SelectRow1', 'input@0', '==', 'agree', 'Strongly agree'], 'count', 'color']
    # Summarize(SelectRow1(@param0, ==, 0, Strongly disagree@Str), count, 0)
      --> ['Summarize', ['SelectRow1', 'input@0', '==', 'agree', 'Strongly disagree'], 'count', 'agree']
    # Summarize(SelectRow1(@param0, ==, 0, Strongly disagree@Str), count, 1)
      --> ['Summarize', ['SelectRow1', 'input@0', '==', 'agree', 'Strongly disagree'], 'count', 'percentage']
    # Summarize(SelectRow1(@param0, ==, 0, Strongly disagree@Str), count, 2)
      --> ['Summarize', ['SelectRow1', 'input@0', '==', 'agree', 'Strongly disagree'], 'count', 'color']
    # Summarize(SelectRow1(@param0, ==, 1, 69@Int), count, 0)
      --> ['Summarize', ['SelectRow1', 'input@0', '==', 'percentage', 69], 'count', 'agree']
    # Summarize(SelectRow1(@param0, ==, 1, 69@Int), count, 1)
      --> ['Summarize', ['SelectRow1', 'input@0', '==', 'percentage', 69], 'count', 'percentage']
    # Summarize(SelectRow1(@param0, ==, 1, 69@Int), count, 2)
      --> ['Summarize', ['SelectRow1', 'input@0', '==', 'percentage', 69], 'count', 'color']
    # Summarize(SelectRow1(@param0, ==, 1, 82@Int), count, 0)
      --> ['Summarize', ['SelectRow1', 'input@0', '==', 'percentage', 82], 'count', 'agree']
    # Summarize(SelectRow1(@param0, ==, 1, 82@Int), count, 1)
      --> ['Summarize', ['SelectRow1', 'input@0', '==', 'percentage', 82], 'count', 'percentage']
    # Summarize(SelectRow1(@param0, ==, 1, 82@Int), count, 2)
      --> ['Summarize', ['SelectRow1', 'input@0', '==', 'percentage', 82], 'count', 'color']
    # Summarize(SelectRow1(@param0, ==, 1, 53@Int), count, 0)
      --> ['Summarize', ['SelectRow1', 'input@0', '==', 'percentage', 53], 'count', 'agree']
    # Summarize(SelectRow1(@param0, ==, 1, 53@Int), count, 1)
      --> ['Summarize', ['SelectRow1', 'input@0', '==', 'percentage', 53], 'count', 'percentage']
    # Summarize(SelectRow1(@param0, ==, 1, 53@Int), count, 2)
      --> ['Summarize', ['SelectRow1', 'input@0', '==', 'percentage', 53], 'count', 'color']
    # Summarize(SelectRow1(@param0, >=, 1, 82@Int), count, 0)
      --> ['Summarize', ['SelectRow1', 'input@0', '>=', 'percentage', 82], 'count', 'agree']
    # Summarize(SelectRow1(@param0, >=, 1, 82@Int), count, 1)
      --> ['Summarize', ['SelectRow1', 'input@0', '>=', 'percentage', 82], 'count', 'percentage']
    # Summarize(SelectRow1(@param0, >=, 1, 82@Int), count, 2)
      --> ['Summarize', ['SelectRow1', 'input@0', '>=', 'percentage', 82], 'count', 'color']
    # Summarize(SelectRow1(@param0, >, 1, 69@Int), count, 0)
      --> ['Summarize', ['SelectRow1', 'input@0', '>', 'percentage', 69], 'count', 'agree']
    # Summarize(SelectRow1(@param0, >, 1, 69@Int), count, 1)
      --> ['Summarize', ['SelectRow1', 'input@0', '>', 'percentage', 69], 'count', 'percentage']
    # Summarize(SelectRow1(@param0, >, 1, 69@Int), count, 2)
      --> ['Summarize', ['SelectRow1', 'input@0', '>', 'percentage', 69], 'count', 'color']
    # Contrast(SelectRow1(@param0, <, 1, 69@Int), /, 0, Strongly disagree@Str, Strongly disagree@Str, 1)
      --> ['Contrast', ['SelectRow1', 'input@0', '<', 'percentage', 69], '/', 'agree', 'Strongly disagree', 'Strongly disagree', 'percentage']
    # Contrast(SelectRow1(@param0, <, 1, 69@Int), /, 2, blue@Str, blue@Str, 1)
      --> ['Contrast', ['SelectRow1', 'input@0', '<', 'percentage', 69], '/', 'color', 'blue', 'blue', 'percentage']
    # Contrast(SelectRow1(@param0, <, 1, 82@Int), /, 0, Neither agree or disagree@Str, Neither agree or disagree@Str, 1)
      --> ['Contrast', ['SelectRow1', 'input@0', '<', 'percentage', 82], '/', 'agree', 'Neither agree or disagree', 'Neither agree or disagree', 'percentage']
    # Contrast(SelectRow1(@param0, <, 1, 82@Int), /, 0, Strongly disagree@Str, Strongly disagree@Str, 1)
      --> ['Contrast', ['SelectRow1', 'input@0', '<', 'percentage', 82], '/', 'agree', 'Strongly disagree', 'Strongly disagree', 'percentage']
    # Contrast(SelectRow1(@param0, <=, 1, 69@Int), /, 0, Neither agree or disagree@Str, Neither agree or disagree@Str, 1)
      --> ['Contrast', ['SelectRow1', 'input@0', '<=', 'percentage', 69], '/', 'agree', 'Neither agree or disagree', 'Neither agree or disagree', 'percentage']
    # Contrast(SelectRow1(@param0, <=, 1, 69@Int), /, 0, Strongly disagree@Str, Strongly disagree@Str, 1)
      --> ['Contrast', ['SelectRow1', 'input@0', '<=', 'percentage', 69], '/', 'agree', 'Strongly disagree', 'Strongly disagree', 'percentage']
    # Contrast(SelectRow1(@param0, <=, 1, 82@Int), /, 0, Neither agree or disagree@Str, Neither agree or disagree@Str, 1)
      --> ['Contrast', ['SelectRow1', 'input@0', '<=', 'percentage', 82], '/', 'agree', 'Neither agree or disagree', 'Neither agree or disagree', 'percentage']
    # Contrast(SelectRow1(@param0, <=, 1, 82@Int), /, 0, Strongly agree@Str, Strongly agree@Str, 1)
      --> ['Contrast', ['SelectRow1', 'input@0', '<=', 'percentage', 82], '/', 'agree', 'Strongly agree', 'Strongly agree', 'percentage']
    # Contrast(SelectRow1(@param0, <=, 1, 82@Int), /, 0, Strongly disagree@Str, Strongly disagree@Str, 1)
      --> ['Contrast', ['SelectRow1', 'input@0', '<=', 'percentage', 82], '/', 'agree', 'Strongly disagree', 'Strongly disagree', 'percentage']
    # Contrast(SelectRow1(@param0, <=, 1, 53@Int), /, 0, Strongly disagree@Str, Strongly disagree@Str, 1)
      --> ['Contrast', ['SelectRow1', 'input@0', '<=', 'percentage', 53], '/', 'agree', 'Strongly disagree', 'Strongly disagree', 'percentage']
    # Contrast(SelectRow1(@param0, <=, 1, 53@Int), /, 2, blue@Str, blue@Str, 1)
      --> ['Contrast', ['SelectRow1', 'input@0', '<=', 'percentage', 53], '/', 'color', 'blue', 'blue', 'percentage']
    # Contrast(SelectRow1(@param0, ==, 0, Neither agree or disagree@Str), /, 0, Neither agree or disagree@Str, Neither agree or disagree@Str, 1)
      --> ['Contrast', ['SelectRow1', 'input@0', '==', 'agree', 'Neither agree or disagree'], '/', 'agree', 'Neither agree or disagree', 'Neither agree or disagree', 'percentage']
    # Contrast(SelectRow1(@param0, ==, 0, Neither agree or disagree@Str), /, 2, blue@Str, blue@Str, 1)
      --> ['Contrast', ['SelectRow1', 'input@0', '==', 'agree', 'Neither agree or disagree'], '/', 'color', 'blue', 'blue', 'percentage']
    # Contrast(SelectRow1(@param0, ==, 0, Strongly agree@Str), /, 0, Strongly agree@Str, Strongly agree@Str, 1)
      --> ['Contrast', ['SelectRow1', 'input@0', '==', 'agree', 'Strongly agree'], '/', 'agree', 'Strongly agree', 'Strongly agree', 'percentage']
    # Contrast(SelectRow1(@param0, ==, 0, Strongly agree@Str), /, 2, blue@Str, blue@Str, 1)
      --> ['Contrast', ['SelectRow1', 'input@0', '==', 'agree', 'Strongly agree'], '/', 'color', 'blue', 'blue', 'percentage']
    # Contrast(SelectRow1(@param0, ==, 0, Strongly disagree@Str), /, 0, Strongly disagree@Str, Strongly disagree@Str, 1)
      --> ['Contrast', ['SelectRow1', 'input@0', '==', 'agree', 'Strongly disagree'], '/', 'agree', 'Strongly disagree', 'Strongly disagree', 'percentage']
    # Contrast(SelectRow1(@param0, ==, 0, Strongly disagree@Str), /, 2, blue@Str, blue@Str, 1)
      --> ['Contrast', ['SelectRow1', 'input@0', '==', 'agree', 'Strongly disagree'], '/', 'color', 'blue', 'blue', 'percentage']
    # Contrast(SelectRow1(@param0, ==, 1, 69@Int), /, 0, Neither agree or disagree@Str, Neither agree or disagree@Str, 1)
      --> ['Contrast', ['SelectRow1', 'input@0', '==', 'percentage', 69], '/', 'agree', 'Neither agree or disagree', 'Neither agree or disagree', 'percentage']
    # Contrast(SelectRow1(@param0, ==, 1, 69@Int), /, 2, blue@Str, blue@Str, 1)
      --> ['Contrast', ['SelectRow1', 'input@0', '==', 'percentage', 69], '/', 'color', 'blue', 'blue', 'percentage']
    # Contrast(SelectRow1(@param0, ==, 1, 82@Int), /, 0, Strongly agree@Str, Strongly agree@Str, 1)
      --> ['Contrast', ['SelectRow1', 'input@0', '==', 'percentage', 82], '/', 'agree', 'Strongly agree', 'Strongly agree', 'percentage']
    # Contrast(SelectRow1(@param0, ==, 1, 82@Int), /, 2, blue@Str, blue@Str, 1)
      --> ['Contrast', ['SelectRow1', 'input@0', '==', 'percentage', 82], '/', 'color', 'blue', 'blue', 'percentage']
    # Contrast(SelectRow1(@param0, ==, 1, 53@Int), /, 0, Strongly disagree@Str, Strongly disagree@Str, 1)
      --> ['Contrast', ['SelectRow1', 'input@0', '==', 'percentage', 53], '/', 'agree', 'Strongly disagree', 'Strongly disagree', 'percentage']
    # Contrast(SelectRow1(@param0, ==, 1, 53@Int), /, 2, blue@Str, blue@Str, 1)
      --> ['Contrast', ['SelectRow1', 'input@0', '==', 'percentage', 53], '/', 'color', 'blue', 'blue', 'percentage']
    # Contrast(SelectRow1(@param0, ==, 2, blue@Str), /, 0, Neither agree or disagree@Str, Neither agree or disagree@Str, 1)
      --> ['Contrast', ['SelectRow1', 'input@0', '==', 'color', 'blue'], '/', 'agree', 'Neither agree or disagree', 'Neither agree or disagree', 'percentage']
    # Contrast(SelectRow1(@param0, ==, 2, blue@Str), /, 0, Strongly agree@Str, Strongly agree@Str, 1)
      --> ['Contrast', ['SelectRow1', 'input@0', '==', 'color', 'blue'], '/', 'agree', 'Strongly agree', 'Strongly agree', 'percentage']
    # Contrast(SelectRow1(@param0, ==, 2, blue@Str), /, 0, Strongly disagree@Str, Strongly disagree@Str, 1)
      --> ['Contrast', ['SelectRow1', 'input@0', '==', 'color', 'blue'], '/', 'agree', 'Strongly disagree', 'Strongly disagree', 'percentage']
    # Contrast(SelectRow1(@param0, >=, 1, 69@Int), /, 0, Neither agree or disagree@Str, Neither agree or disagree@Str, 1)
      --> ['Contrast', ['SelectRow1', 'input@0', '>=', 'percentage', 69], '/', 'agree', 'Neither agree or disagree', 'Neither agree or disagree', 'percentage']
    # Contrast(SelectRow1(@param0, >=, 1, 69@Int), /, 0, Strongly agree@Str, Strongly agree@Str, 1)
      --> ['Contrast', ['SelectRow1', 'input@0', '>=', 'percentage', 69], '/', 'agree', 'Strongly agree', 'Strongly agree', 'percentage']
    # Contrast(SelectRow1(@param0, >=, 1, 82@Int), /, 0, Strongly agree@Str, Strongly agree@Str, 1)
      --> ['Contrast', ['SelectRow1', 'input@0', '>=', 'percentage', 82], '/', 'agree', 'Strongly agree', 'Strongly agree', 'percentage']
    # Contrast(SelectRow1(@param0, >=, 1, 82@Int), /, 2, blue@Str, blue@Str, 1)
      --> ['Contrast', ['SelectRow1', 'input@0', '>=', 'percentage', 82], '/', 'color', 'blue', 'blue', 'percentage']
    # Contrast(SelectRow1(@param0, >=, 1, 53@Int), /, 0, Neither agree or disagree@Str, Neither agree or disagree@Str, 1)
      --> ['Contrast', ['SelectRow1', 'input@0', '>=', 'percentage', 53], '/', 'agree', 'Neither agree or disagree', 'Neither agree or disagree', 'percentage']
    # Contrast(SelectRow1(@param0, >=, 1, 53@Int), /, 0, Strongly agree@Str, Strongly agree@Str, 1)
      --> ['Contrast', ['SelectRow1', 'input@0', '>=', 'percentage', 53], '/', 'agree', 'Strongly agree', 'Strongly agree', 'percentage']
    # Contrast(SelectRow1(@param0, >=, 1, 53@Int), /, 0, Strongly disagree@Str, Strongly disagree@Str, 1)
      --> ['Contrast', ['SelectRow1', 'input@0', '>=', 'percentage', 53], '/', 'agree', 'Strongly disagree', 'Strongly disagree', 'percentage']
    # Contrast(SelectRow1(@param0, >, 1, 69@Int), /, 0, Strongly agree@Str, Strongly agree@Str, 1)
      --> ['Contrast', ['SelectRow1', 'input@0', '>', 'percentage', 69], '/', 'agree', 'Strongly agree', 'Strongly agree', 'percentage']
    # Contrast(SelectRow1(@param0, >, 1, 69@Int), /, 2, blue@Str, blue@Str, 1)
      --> ['Contrast', ['SelectRow1', 'input@0', '>', 'percentage', 69], '/', 'color', 'blue', 'blue', 'percentage']
    # Contrast(SelectRow1(@param0, >, 1, 53@Int), /, 0, Neither agree or disagree@Str, Neither agree or disagree@Str, 1)
      --> ['Contrast', ['SelectRow1', 'input@0', '>', 'percentage', 53], '/', 'agree', 'Neither agree or disagree', 'Neither agree or disagree', 'percentage']
    # Contrast(SelectRow1(@param0, >, 1, 53@Int), /, 0, Strongly agree@Str, Strongly agree@Str, 1)
      --> ['Contrast', ['SelectRow1', 'input@0', '>', 'percentage', 53], '/', 'agree', 'Strongly agree', 'Strongly agree', 'percentage']
    # Contrast(SelectRow1(@param0, !=, 0, blue@Str), /, 0, Neither agree or disagree@Str, Neither agree or disagree@Str, 1)
      --> ['Contrast', ['SelectRow1', 'input@0', '!=', 'agree', 'blue'], '/', 'agree', 'Neither agree or disagree', 'Neither agree or disagree', 'percentage']
    # Contrast(SelectRow1(@param0, !=, 0, blue@Str), /, 0, Strongly agree@Str, Strongly agree@Str, 1)
      --> ['Contrast', ['SelectRow1', 'input@0', '!=', 'agree', 'blue'], '/', 'agree', 'Strongly agree', 'Strongly agree', 'percentage']
    # Contrast(SelectRow1(@param0, !=, 0, blue@Str), /, 0, Strongly disagree@Str, Strongly disagree@Str, 1)
      --> ['Contrast', ['SelectRow1', 'input@0', '!=', 'agree', 'blue'], '/', 'agree', 'Strongly disagree', 'Strongly disagree', 'percentage']
    # Contrast(SelectRow1(@param0, !=, 0, 69@Int), /, 0, Neither agree or disagree@Str, Neither agree or disagree@Str, 1)
      --> ['Contrast', ['SelectRow1', 'input@0', '!=', 'agree', 69], '/', 'agree', 'Neither agree or disagree', 'Neither agree or disagree', 'percentage']
    # Contrast(SelectRow1(@param0, !=, 0, 69@Int), /, 0, Strongly agree@Str, Strongly agree@Str, 1)
      --> ['Contrast', ['SelectRow1', 'input@0', '!=', 'agree', 69], '/', 'agree', 'Strongly agree', 'Strongly agree', 'percentage']
    # Contrast(SelectRow1(@param0, !=, 0, 69@Int), /, 0, Strongly disagree@Str, Strongly disagree@Str, 1)
      --> ['Contrast', ['SelectRow1', 'input@0', '!=', 'agree', 69], '/', 'agree', 'Strongly disagree', 'Strongly disagree', 'percentage']
    # Contrast(SelectRow1(@param0, !=, 0, Neither agree or disagree@Str), /, 0, Strongly agree@Str, Strongly agree@Str, 1)
      --> ['Contrast', ['SelectRow1', 'input@0', '!=', 'agree', 'Neither agree or disagree'], '/', 'agree', 'Strongly agree', 'Strongly agree', 'percentage']
    # Contrast(SelectRow1(@param0, !=, 0, Neither agree or disagree@Str), /, 0, Strongly disagree@Str, Strongly disagree@Str, 1)
      --> ['Contrast', ['SelectRow1', 'input@0', '!=', 'agree', 'Neither agree or disagree'], '/', 'agree', 'Strongly disagree', 'Strongly disagree', 'percentage']
    # Contrast(SelectRow1(@param0, !=, 0, color@Str), /, 0, Neither agree or disagree@Str, Neither agree or disagree@Str, 1)
      --> ['Contrast', ['SelectRow1', 'input@0', '!=', 'agree', 'color'], '/', 'agree', 'Neither agree or disagree', 'Neither agree or disagree', 'percentage']
    # Contrast(SelectRow1(@param0, !=, 0, color@Str), /, 0, Strongly agree@Str, Strongly agree@Str, 1)
      --> ['Contrast', ['SelectRow1', 'input@0', '!=', 'agree', 'color'], '/', 'agree', 'Strongly agree', 'Strongly agree', 'percentage']
    # Contrast(SelectRow1(@param0, !=, 0, color@Str), /, 0, Strongly disagree@Str, Strongly disagree@Str, 1)
      --> ['Contrast', ['SelectRow1', 'input@0', '!=', 'agree', 'color'], '/', 'agree', 'Strongly disagree', 'Strongly disagree', 'percentage']
    # Contrast(SelectRow1(@param0, !=, 0, Strongly agree@Str), /, 0, Neither agree or disagree@Str, Neither agree or disagree@Str, 1)
      --> ['Contrast', ['SelectRow1', 'input@0', '!=', 'agree', 'Strongly agree'], '/', 'agree', 'Neither agree or disagree', 'Neither agree or disagree', 'percentage']
    # Contrast(SelectRow1(@param0, !=, 0, Strongly agree@Str), /, 0, Strongly disagree@Str, Strongly disagree@Str, 1)
      --> ['Contrast', ['SelectRow1', 'input@0', '!=', 'agree', 'Strongly agree'], '/', 'agree', 'Strongly disagree', 'Strongly disagree', 'percentage']
    # Contrast(SelectRow1(@param0, !=, 0, 82@Int), /, 0, Neither agree or disagree@Str, Neither agree or disagree@Str, 1)
      --> ['Contrast', ['SelectRow1', 'input@0', '!=', 'agree', 82], '/', 'agree', 'Neither agree or disagree', 'Neither agree or disagree', 'percentage']
    # Contrast(SelectRow1(@param0, !=, 0, 82@Int), /, 0, Strongly agree@Str, Strongly agree@Str, 1)
      --> ['Contrast', ['SelectRow1', 'input@0', '!=', 'agree', 82], '/', 'agree', 'Strongly agree', 'Strongly agree', 'percentage']
    # Contrast(SelectRow1(@param0, !=, 0, 82@Int), /, 0, Strongly disagree@Str, Strongly disagree@Str, 1)
      --> ['Contrast', ['SelectRow1', 'input@0', '!=', 'agree', 82], '/', 'agree', 'Strongly disagree', 'Strongly disagree', 'percentage']
    # Contrast(SelectRow1(@param0, !=, 0, Strongly disagree@Str), /, 0, Neither agree or disagree@Str, Neither agree or disagree@Str, 1)
      --> ['Contrast', ['SelectRow1', 'input@0', '!=', 'agree', 'Strongly disagree'], '/', 'agree', 'Neither agree or disagree', 'Neither agree or disagree', 'percentage']
    # Contrast(SelectRow1(@param0, !=, 0, Strongly disagree@Str), /, 0, Strongly agree@Str, Strongly agree@Str, 1)
      --> ['Contrast', ['SelectRow1', 'input@0', '!=', 'agree', 'Strongly disagree'], '/', 'agree', 'Strongly agree', 'Strongly agree', 'percentage']
    # Contrast(SelectRow1(@param0, !=, 0, 53@Int), /, 0, Neither agree or disagree@Str, Neither agree or disagree@Str, 1)
      --> ['Contrast', ['SelectRow1', 'input@0', '!=', 'agree', 53], '/', 'agree', 'Neither agree or disagree', 'Neither agree or disagree', 'percentage']
    # Contrast(SelectRow1(@param0, !=, 0, 53@Int), /, 0, Strongly agree@Str, Strongly agree@Str, 1)
      --> ['Contrast', ['SelectRow1', 'input@0', '!=', 'agree', 53], '/', 'agree', 'Strongly agree', 'Strongly agree', 'percentage']
    # Contrast(SelectRow1(@param0, !=, 0, 53@Int), /, 0, Strongly disagree@Str, Strongly disagree@Str, 1)
      --> ['Contrast', ['SelectRow1', 'input@0', '!=', 'agree', 53], '/', 'agree', 'Strongly disagree', 'Strongly disagree', 'percentage']
    # Contrast(SelectRow1(@param0, !=, 0, agree@Str), /, 0, Neither agree or disagree@Str, Neither agree or disagree@Str, 1)
      --> ['Contrast', ['SelectRow1', 'input@0', '!=', 'agree', 'agree'], '/', 'agree', 'Neither agree or disagree', 'Neither agree or disagree', 'percentage']
    # Contrast(SelectRow1(@param0, !=, 0, agree@Str), /, 0, Strongly agree@Str, Strongly agree@Str, 1)
      --> ['Contrast', ['SelectRow1', 'input@0', '!=', 'agree', 'agree'], '/', 'agree', 'Strongly agree', 'Strongly agree', 'percentage']
    # Contrast(SelectRow1(@param0, !=, 0, agree@Str), /, 0, Strongly disagree@Str, Strongly disagree@Str, 1)
      --> ['Contrast', ['SelectRow1', 'input@0', '!=', 'agree', 'agree'], '/', 'agree', 'Strongly disagree', 'Strongly disagree', 'percentage']
    # Contrast(SelectRow1(@param0, !=, 0, percentage@Str), /, 0, Neither agree or disagree@Str, Neither agree or disagree@Str, 1)
      --> ['Contrast', ['SelectRow1', 'input@0', '!=', 'agree', 'percentage'], '/', 'agree', 'Neither agree or disagree', 'Neither agree or disagree', 'percentage']
    # Contrast(SelectRow1(@param0, !=, 0, percentage@Str), /, 0, Strongly agree@Str, Strongly agree@Str, 1)
      --> ['Contrast', ['SelectRow1', 'input@0', '!=', 'agree', 'percentage'], '/', 'agree', 'Strongly agree', 'Strongly agree', 'percentage']
    # Contrast(SelectRow1(@param0, !=, 0, percentage@Str), /, 0, Strongly disagree@Str, Strongly disagree@Str, 1)
      --> ['Contrast', ['SelectRow1', 'input@0', '!=', 'agree', 'percentage'], '/', 'agree', 'Strongly disagree', 'Strongly disagree', 'percentage']
    # Contrast(SelectRow1(@param0, !=, 1, blue@Str), /, 0, Neither agree or disagree@Str, Neither agree or disagree@Str, 1)
      --> ['Contrast', ['SelectRow1', 'input@0', '!=', 'percentage', 'blue'], '/', 'agree', 'Neither agree or disagree', 'Neither agree or disagree', 'percentage']
    # Contrast(SelectRow1(@param0, !=, 1, blue@Str), /, 0, Strongly agree@Str, Strongly agree@Str, 1)
      --> ['Contrast', ['SelectRow1', 'input@0', '!=', 'percentage', 'blue'], '/', 'agree', 'Strongly agree', 'Strongly agree', 'percentage']
    # Contrast(SelectRow1(@param0, !=, 1, blue@Str), /, 0, Strongly disagree@Str, Strongly disagree@Str, 1)
      --> ['Contrast', ['SelectRow1', 'input@0', '!=', 'percentage', 'blue'], '/', 'agree', 'Strongly disagree', 'Strongly disagree', 'percentage']
    # Contrast(SelectRow1(@param0, !=, 1, 69@Int), /, 0, Strongly agree@Str, Strongly agree@Str, 1)
      --> ['Contrast', ['SelectRow1', 'input@0', '!=', 'percentage', 69], '/', 'agree', 'Strongly agree', 'Strongly agree', 'percentage']
    # Contrast(SelectRow1(@param0, !=, 1, 69@Int), /, 0, Strongly disagree@Str, Strongly disagree@Str, 1)
      --> ['Contrast', ['SelectRow1', 'input@0', '!=', 'percentage', 69], '/', 'agree', 'Strongly disagree', 'Strongly disagree', 'percentage']
    # Contrast(SelectRow1(@param0, !=, 1, Neither agree or disagree@Str), /, 0, Neither agree or disagree@Str, Neither agree or disagree@Str, 1)
      --> ['Contrast', ['SelectRow1', 'input@0', '!=', 'percentage', 'Neither agree or disagree'], '/', 'agree', 'Neither agree or disagree', 'Neither agree or disagree', 'percentage']
    # Contrast(SelectRow1(@param0, !=, 1, Neither agree or disagree@Str), /, 0, Strongly agree@Str, Strongly agree@Str, 1)
      --> ['Contrast', ['SelectRow1', 'input@0', '!=', 'percentage', 'Neither agree or disagree'], '/', 'agree', 'Strongly agree', 'Strongly agree', 'percentage']
    # Contrast(SelectRow1(@param0, !=, 1, Neither agree or disagree@Str), /, 0, Strongly disagree@Str, Strongly disagree@Str, 1)
      --> ['Contrast', ['SelectRow1', 'input@0', '!=', 'percentage', 'Neither agree or disagree'], '/', 'agree', 'Strongly disagree', 'Strongly disagree', 'percentage']
    # Contrast(SelectRow1(@param0, !=, 1, color@Str), /, 0, Neither agree or disagree@Str, Neither agree or disagree@Str, 1)
      --> ['Contrast', ['SelectRow1', 'input@0', '!=', 'percentage', 'color'], '/', 'agree', 'Neither agree or disagree', 'Neither agree or disagree', 'percentage']
    # Contrast(SelectRow1(@param0, !=, 1, color@Str), /, 0, Strongly agree@Str, Strongly agree@Str, 1)
      --> ['Contrast', ['SelectRow1', 'input@0', '!=', 'percentage', 'color'], '/', 'agree', 'Strongly agree', 'Strongly agree', 'percentage']
    # Contrast(SelectRow1(@param0, !=, 1, color@Str), /, 0, Strongly disagree@Str, Strongly disagree@Str, 1)
      --> ['Contrast', ['SelectRow1', 'input@0', '!=', 'percentage', 'color'], '/', 'agree', 'Strongly disagree', 'Strongly disagree', 'percentage']
    # Contrast(SelectRow1(@param0, !=, 1, Strongly agree@Str), /, 0, Neither agree or disagree@Str, Neither agree or disagree@Str, 1)
      --> ['Contrast', ['SelectRow1', 'input@0', '!=', 'percentage', 'Strongly agree'], '/', 'agree', 'Neither agree or disagree', 'Neither agree or disagree', 'percentage']
    # Contrast(SelectRow1(@param0, !=, 1, Strongly agree@Str), /, 0, Strongly agree@Str, Strongly agree@Str, 1)
      --> ['Contrast', ['SelectRow1', 'input@0', '!=', 'percentage', 'Strongly agree'], '/', 'agree', 'Strongly agree', 'Strongly agree', 'percentage']
    # Contrast(SelectRow1(@param0, !=, 1, Strongly agree@Str), /, 0, Strongly disagree@Str, Strongly disagree@Str, 1)
      --> ['Contrast', ['SelectRow1', 'input@0', '!=', 'percentage', 'Strongly agree'], '/', 'agree', 'Strongly disagree', 'Strongly disagree', 'percentage']
    # Contrast(SelectRow1(@param0, !=, 1, 82@Int), /, 0, Neither agree or disagree@Str, Neither agree or disagree@Str, 1)
      --> ['Contrast', ['SelectRow1', 'input@0', '!=', 'percentage', 82], '/', 'agree', 'Neither agree or disagree', 'Neither agree or disagree', 'percentage']
    # Contrast(SelectRow1(@param0, !=, 1, 82@Int), /, 0, Strongly disagree@Str, Strongly disagree@Str, 1)
      --> ['Contrast', ['SelectRow1', 'input@0', '!=', 'percentage', 82], '/', 'agree', 'Strongly disagree', 'Strongly disagree', 'percentage']
    # Contrast(SelectRow1(@param0, !=, 1, Strongly disagree@Str), /, 0, Neither agree or disagree@Str, Neither agree or disagree@Str, 1)
      --> ['Contrast', ['SelectRow1', 'input@0', '!=', 'percentage', 'Strongly disagree'], '/', 'agree', 'Neither agree or disagree', 'Neither agree or disagree', 'percentage']
    # Contrast(SelectRow1(@param0, !=, 1, Strongly disagree@Str), /, 0, Strongly agree@Str, Strongly agree@Str, 1)
      --> ['Contrast', ['SelectRow1', 'input@0', '!=', 'percentage', 'Strongly disagree'], '/', 'agree', 'Strongly agree', 'Strongly agree', 'percentage']
    # Contrast(SelectRow1(@param0, !=, 1, Strongly disagree@Str), /, 0, Strongly disagree@Str, Strongly disagree@Str, 1)
      --> ['Contrast', ['SelectRow1', 'input@0', '!=', 'percentage', 'Strongly disagree'], '/', 'agree', 'Strongly disagree', 'Strongly disagree', 'percentage']
    # Contrast(SelectRow1(@param0, !=, 1, 53@Int), /, 0, Neither agree or disagree@Str, Neither agree or disagree@Str, 1)
      --> ['Contrast', ['SelectRow1', 'input@0', '!=', 'percentage', 53], '/', 'agree', 'Neither agree or disagree', 'Neither agree or disagree', 'percentage']
    # Contrast(SelectRow1(@param0, !=, 1, 53@Int), /, 0, Strongly agree@Str, Strongly agree@Str, 1)
      --> ['Contrast', ['SelectRow1', 'input@0', '!=', 'percentage', 53], '/', 'agree', 'Strongly agree', 'Strongly agree', 'percentage']
    # Contrast(SelectRow1(@param0, !=, 1, agree@Str), /, 0, Neither agree or disagree@Str, Neither agree or disagree@Str, 1)
      --> ['Contrast', ['SelectRow1', 'input@0', '!=', 'percentage', 'agree'], '/', 'agree', 'Neither agree or disagree', 'Neither agree or disagree', 'percentage']
    # Contrast(SelectRow1(@param0, !=, 1, agree@Str), /, 0, Strongly agree@Str, Strongly agree@Str, 1)
      --> ['Contrast', ['SelectRow1', 'input@0', '!=', 'percentage', 'agree'], '/', 'agree', 'Strongly agree', 'Strongly agree', 'percentage']
    # Contrast(SelectRow1(@param0, !=, 1, agree@Str), /, 0, Strongly disagree@Str, Strongly disagree@Str, 1)
      --> ['Contrast', ['SelectRow1', 'input@0', '!=', 'percentage', 'agree'], '/', 'agree', 'Strongly disagree', 'Strongly disagree', 'percentage']
    # Contrast(SelectRow1(@param0, !=, 1, percentage@Str), /, 0, Neither agree or disagree@Str, Neither agree or disagree@Str, 1)
      --> ['Contrast', ['SelectRow1', 'input@0', '!=', 'percentage', 'percentage'], '/', 'agree', 'Neither agree or disagree', 'Neither agree or disagree', 'percentage']
    # Contrast(SelectRow1(@param0, !=, 1, percentage@Str), /, 0, Strongly agree@Str, Strongly agree@Str, 1)
      --> ['Contrast', ['SelectRow1', 'input@0', '!=', 'percentage', 'percentage'], '/', 'agree', 'Strongly agree', 'Strongly agree', 'percentage']
    # Contrast(SelectRow1(@param0, !=, 1, percentage@Str), /, 0, Strongly disagree@Str, Strongly disagree@Str, 1)
      --> ['Contrast', ['SelectRow1', 'input@0', '!=', 'percentage', 'percentage'], '/', 'agree', 'Strongly disagree', 'Strongly disagree', 'percentage']
    # Contrast(SelectRow1(@param0, !=, 2, 69@Int), /, 0, Neither agree or disagree@Str, Neither agree or disagree@Str, 1)
      --> ['Contrast', ['SelectRow1', 'input@0', '!=', 'color', 69], '/', 'agree', 'Neither agree or disagree', 'Neither agree or disagree', 'percentage']
    # Contrast(SelectRow1(@param0, !=, 2, 69@Int), /, 0, Strongly agree@Str, Strongly agree@Str, 1)
      --> ['Contrast', ['SelectRow1', 'input@0', '!=', 'color', 69], '/', 'agree', 'Strongly agree', 'Strongly agree', 'percentage']
    # Contrast(SelectRow1(@param0, !=, 2, 69@Int), /, 0, Strongly disagree@Str, Strongly disagree@Str, 1)
      --> ['Contrast', ['SelectRow1', 'input@0', '!=', 'color', 69], '/', 'agree', 'Strongly disagree', 'Strongly disagree', 'percentage']
    # Contrast(SelectRow1(@param0, !=, 2, Neither agree or disagree@Str), /, 0, Neither agree or disagree@Str, Neither agree or disagree@Str, 1)
      --> ['Contrast', ['SelectRow1', 'input@0', '!=', 'color', 'Neither agree or disagree'], '/', 'agree', 'Neither agree or disagree', 'Neither agree or disagree', 'percentage']
    # Contrast(SelectRow1(@param0, !=, 2, Neither agree or disagree@Str), /, 0, Strongly agree@Str, Strongly agree@Str, 1)
      --> ['Contrast', ['SelectRow1', 'input@0', '!=', 'color', 'Neither agree or disagree'], '/', 'agree', 'Strongly agree', 'Strongly agree', 'percentage']
    # Contrast(SelectRow1(@param0, !=, 2, Neither agree or disagree@Str), /, 0, Strongly disagree@Str, Strongly disagree@Str, 1)
      --> ['Contrast', ['SelectRow1', 'input@0', '!=', 'color', 'Neither agree or disagree'], '/', 'agree', 'Strongly disagree', 'Strongly disagree', 'percentage']
    # Contrast(SelectRow1(@param0, !=, 2, color@Str), /, 0, Neither agree or disagree@Str, Neither agree or disagree@Str, 1)
      --> ['Contrast', ['SelectRow1', 'input@0', '!=', 'color', 'color'], '/', 'agree', 'Neither agree or disagree', 'Neither agree or disagree', 'percentage']
    # Contrast(SelectRow1(@param0, !=, 2, color@Str), /, 0, Strongly agree@Str, Strongly agree@Str, 1)
      --> ['Contrast', ['SelectRow1', 'input@0', '!=', 'color', 'color'], '/', 'agree', 'Strongly agree', 'Strongly agree', 'percentage']
    # Contrast(SelectRow1(@param0, !=, 2, color@Str), /, 0, Strongly disagree@Str, Strongly disagree@Str, 1)
      --> ['Contrast', ['SelectRow1', 'input@0', '!=', 'color', 'color'], '/', 'agree', 'Strongly disagree', 'Strongly disagree', 'percentage']
    # Contrast(SelectRow1(@param0, !=, 2, Strongly agree@Str), /, 0, Neither agree or disagree@Str, Neither agree or disagree@Str, 1)
      --> ['Contrast', ['SelectRow1', 'input@0', '!=', 'color', 'Strongly agree'], '/', 'agree', 'Neither agree or disagree', 'Neither agree or disagree', 'percentage']
    # Contrast(SelectRow1(@param0, !=, 2, Strongly agree@Str), /, 0, Strongly agree@Str, Strongly agree@Str, 1)
      --> ['Contrast', ['SelectRow1', 'input@0', '!=', 'color', 'Strongly agree'], '/', 'agree', 'Strongly agree', 'Strongly agree', 'percentage']
    # Contrast(SelectRow1(@param0, !=, 2, Strongly agree@Str), /, 0, Strongly disagree@Str, Strongly disagree@Str, 1)
      --> ['Contrast', ['SelectRow1', 'input@0', '!=', 'color', 'Strongly agree'], '/', 'agree', 'Strongly disagree', 'Strongly disagree', 'percentage']
    # Contrast(SelectRow1(@param0, !=, 2, 82@Int), /, 0, Neither agree or disagree@Str, Neither agree or disagree@Str, 1)
      --> ['Contrast', ['SelectRow1', 'input@0', '!=', 'color', 82], '/', 'agree', 'Neither agree or disagree', 'Neither agree or disagree', 'percentage']
    # Contrast(SelectRow1(@param0, !=, 2, 82@Int), /, 0, Strongly agree@Str, Strongly agree@Str, 1)
      --> ['Contrast', ['SelectRow1', 'input@0', '!=', 'color', 82], '/', 'agree', 'Strongly agree', 'Strongly agree', 'percentage']
    # Contrast(SelectRow1(@param0, !=, 2, 82@Int), /, 0, Strongly disagree@Str, Strongly disagree@Str, 1)
      --> ['Contrast', ['SelectRow1', 'input@0', '!=', 'color', 82], '/', 'agree', 'Strongly disagree', 'Strongly disagree', 'percentage']
    # Contrast(SelectRow1(@param0, !=, 2, Strongly disagree@Str), /, 0, Neither agree or disagree@Str, Neither agree or disagree@Str, 1)
      --> ['Contrast', ['SelectRow1', 'input@0', '!=', 'color', 'Strongly disagree'], '/', 'agree', 'Neither agree or disagree', 'Neither agree or disagree', 'percentage']
    # Contrast(SelectRow1(@param0, !=, 2, Strongly disagree@Str), /, 0, Strongly agree@Str, Strongly agree@Str, 1)
      --> ['Contrast', ['SelectRow1', 'input@0', '!=', 'color', 'Strongly disagree'], '/', 'agree', 'Strongly agree', 'Strongly agree', 'percentage']
    # Contrast(SelectRow1(@param0, !=, 2, Strongly disagree@Str), /, 0, Strongly disagree@Str, Strongly disagree@Str, 1)
      --> ['Contrast', ['SelectRow1', 'input@0', '!=', 'color', 'Strongly disagree'], '/', 'agree', 'Strongly disagree', 'Strongly disagree', 'percentage']
    # Contrast(SelectRow1(@param0, !=, 2, 53@Int), /, 0, Neither agree or disagree@Str, Neither agree or disagree@Str, 1)
      --> ['Contrast', ['SelectRow1', 'input@0', '!=', 'color', 53], '/', 'agree', 'Neither agree or disagree', 'Neither agree or disagree', 'percentage']
    # Contrast(SelectRow1(@param0, !=, 2, 53@Int), /, 0, Strongly agree@Str, Strongly agree@Str, 1)
      --> ['Contrast', ['SelectRow1', 'input@0', '!=', 'color', 53], '/', 'agree', 'Strongly agree', 'Strongly agree', 'percentage']
    # Contrast(SelectRow1(@param0, !=, 2, 53@Int), /, 0, Strongly disagree@Str, Strongly disagree@Str, 1)
      --> ['Contrast', ['SelectRow1', 'input@0', '!=', 'color', 53], '/', 'agree', 'Strongly disagree', 'Strongly disagree', 'percentage']
    # Contrast(SelectRow1(@param0, !=, 2, agree@Str), /, 0, Neither agree or disagree@Str, Neither agree or disagree@Str, 1)
      --> ['Contrast', ['SelectRow1', 'input@0', '!=', 'color', 'agree'], '/', 'agree', 'Neither agree or disagree', 'Neither agree or disagree', 'percentage']
    # Contrast(SelectRow1(@param0, !=, 2, agree@Str), /, 0, Strongly agree@Str, Strongly agree@Str, 1)
      --> ['Contrast', ['SelectRow1', 'input@0', '!=', 'color', 'agree'], '/', 'agree', 'Strongly agree', 'Strongly agree', 'percentage']
    # Contrast(SelectRow1(@param0, !=, 2, agree@Str), /, 0, Strongly disagree@Str, Strongly disagree@Str, 1)
      --> ['Contrast', ['SelectRow1', 'input@0', '!=', 'color', 'agree'], '/', 'agree', 'Strongly disagree', 'Strongly disagree', 'percentage']
    # Contrast(SelectRow1(@param0, !=, 2, percentage@Str), /, 0, Neither agree or disagree@Str, Neither agree or disagree@Str, 1)
      --> ['Contrast', ['SelectRow1', 'input@0', '!=', 'color', 'percentage'], '/', 'agree', 'Neither agree or disagree', 'Neither agree or disagree', 'percentage']
    # Contrast(SelectRow1(@param0, !=, 2, percentage@Str), /, 0, Strongly agree@Str, Strongly agree@Str, 1)
      --> ['Contrast', ['SelectRow1', 'input@0', '!=', 'color', 'percentage'], '/', 'agree', 'Strongly agree', 'Strongly agree', 'percentage']
    # Contrast(SelectRow1(@param0, !=, 2, percentage@Str), /, 0, Strongly disagree@Str, Strongly disagree@Str, 1)
      --> ['Contrast', ['SelectRow1', 'input@0', '!=', 'color', 'percentage'], '/', 'agree', 'Strongly disagree', 'Strongly disagree', 'percentage']
    # Contrast(@param0, /, 0, Neither agree or disagree@Str, Neither agree or disagree@Str, 1)
      --> ['Contrast', 'input@0', '/', 'agree', 'Neither agree or disagree', 'Neither agree or disagree', 'percentage']
    # Contrast(@param0, /, 0, Strongly agree@Str, Strongly agree@Str, 1)
      --> ['Contrast', 'input@0', '/', 'agree', 'Strongly agree', 'Strongly agree', 'percentage']
    # Contrast(@param0, /, 0, Strongly disagree@Str, Strongly disagree@Str, 1)
      --> ['Contrast', 'input@0', '/', 'agree', 'Strongly disagree', 'Strongly disagree', 'percentage']
# (t=159.42) i=1, candidate=[{'ANSWER': 2}]
  # found 30 program(s)
    # Summarize(SelectRow1(@param0, <, 1, 82@Int), count, 0)
      --> ['Summarize', ['SelectRow1', 'input@0', '<', 'percentage', 82], 'count', 'agree']
    # Summarize(SelectRow1(@param0, <, 1, 82@Int), count, 1)
      --> ['Summarize', ['SelectRow1', 'input@0', '<', 'percentage', 82], 'count', 'percentage']
    # Summarize(SelectRow1(@param0, <, 1, 82@Int), count, 2)
      --> ['Summarize', ['SelectRow1', 'input@0', '<', 'percentage', 82], 'count', 'color']
    # Summarize(SelectRow1(@param0, <=, 1, 69@Int), count, 0)
      --> ['Summarize', ['SelectRow1', 'input@0', '<=', 'percentage', 69], 'count', 'agree']
    # Summarize(SelectRow1(@param0, <=, 1, 69@Int), count, 1)
      --> ['Summarize', ['SelectRow1', 'input@0', '<=', 'percentage', 69], 'count', 'percentage']
    # Summarize(SelectRow1(@param0, <=, 1, 69@Int), count, 2)
      --> ['Summarize', ['SelectRow1', 'input@0', '<=', 'percentage', 69], 'count', 'color']
    # Summarize(SelectRow1(@param0, >=, 1, 69@Int), count, 0)
      --> ['Summarize', ['SelectRow1', 'input@0', '>=', 'percentage', 69], 'count', 'agree']
    # Summarize(SelectRow1(@param0, >=, 1, 69@Int), count, 1)
      --> ['Summarize', ['SelectRow1', 'input@0', '>=', 'percentage', 69], 'count', 'percentage']
    # Summarize(SelectRow1(@param0, >=, 1, 69@Int), count, 2)
      --> ['Summarize', ['SelectRow1', 'input@0', '>=', 'percentage', 69], 'count', 'color']
    # Summarize(SelectRow1(@param0, >, 1, 53@Int), count, 0)
      --> ['Summarize', ['SelectRow1', 'input@0', '>', 'percentage', 53], 'count', 'agree']
    # Summarize(SelectRow1(@param0, >, 1, 53@Int), count, 1)
      --> ['Summarize', ['SelectRow1', 'input@0', '>', 'percentage', 53], 'count', 'percentage']
    # Summarize(SelectRow1(@param0, >, 1, 53@Int), count, 2)
      --> ['Summarize', ['SelectRow1', 'input@0', '>', 'percentage', 53], 'count', 'color']
    # Summarize(SelectRow1(@param0, !=, 0, Neither agree or disagree@Str), count, 0)
      --> ['Summarize', ['SelectRow1', 'input@0', '!=', 'agree', 'Neither agree or disagree'], 'count', 'agree']
    # Summarize(SelectRow1(@param0, !=, 0, Neither agree or disagree@Str), count, 1)
      --> ['Summarize', ['SelectRow1', 'input@0', '!=', 'agree', 'Neither agree or disagree'], 'count', 'percentage']
    # Summarize(SelectRow1(@param0, !=, 0, Neither agree or disagree@Str), count, 2)
      --> ['Summarize', ['SelectRow1', 'input@0', '!=', 'agree', 'Neither agree or disagree'], 'count', 'color']
    # Summarize(SelectRow1(@param0, !=, 0, Strongly agree@Str), count, 0)
      --> ['Summarize', ['SelectRow1', 'input@0', '!=', 'agree', 'Strongly agree'], 'count', 'agree']
    # Summarize(SelectRow1(@param0, !=, 0, Strongly agree@Str), count, 1)
      --> ['Summarize', ['SelectRow1', 'input@0', '!=', 'agree', 'Strongly agree'], 'count', 'percentage']
    # Summarize(SelectRow1(@param0, !=, 0, Strongly agree@Str), count, 2)
      --> ['Summarize', ['SelectRow1', 'input@0', '!=', 'agree', 'Strongly agree'], 'count', 'color']
    # Summarize(SelectRow1(@param0, !=, 0, Strongly disagree@Str), count, 0)
      --> ['Summarize', ['SelectRow1', 'input@0', '!=', 'agree', 'Strongly disagree'], 'count', 'agree']
    # Summarize(SelectRow1(@param0, !=, 0, Strongly disagree@Str), count, 1)
      --> ['Summarize', ['SelectRow1', 'input@0', '!=', 'agree', 'Strongly disagree'], 'count', 'percentage']
    # Summarize(SelectRow1(@param0, !=, 0, Strongly disagree@Str), count, 2)
      --> ['Summarize', ['SelectRow1', 'input@0', '!=', 'agree', 'Strongly disagree'], 'count', 'color']
    # Summarize(SelectRow1(@param0, !=, 1, 69@Int), count, 0)
      --> ['Summarize', ['SelectRow1', 'input@0', '!=', 'percentage', 69], 'count', 'agree']
    # Summarize(SelectRow1(@param0, !=, 1, 69@Int), count, 1)
      --> ['Summarize', ['SelectRow1', 'input@0', '!=', 'percentage', 69], 'count', 'percentage']
    # Summarize(SelectRow1(@param0, !=, 1, 69@Int), count, 2)
      --> ['Summarize', ['SelectRow1', 'input@0', '!=', 'percentage', 69], 'count', 'color']
    # Summarize(SelectRow1(@param0, !=, 1, 82@Int), count, 0)
      --> ['Summarize', ['SelectRow1', 'input@0', '!=', 'percentage', 82], 'count', 'agree']
    # Summarize(SelectRow1(@param0, !=, 1, 82@Int), count, 1)
      --> ['Summarize', ['SelectRow1', 'input@0', '!=', 'percentage', 82], 'count', 'percentage']
    # Summarize(SelectRow1(@param0, !=, 1, 82@Int), count, 2)
      --> ['Summarize', ['SelectRow1', 'input@0', '!=', 'percentage', 82], 'count', 'color']
    # Summarize(SelectRow1(@param0, !=, 1, 53@Int), count, 0)
      --> ['Summarize', ['SelectRow1', 'input@0', '!=', 'percentage', 53], 'count', 'agree']
    # Summarize(SelectRow1(@param0, !=, 1, 53@Int), count, 1)
      --> ['Summarize', ['SelectRow1', 'input@0', '!=', 'percentage', 53], 'count', 'percentage']
    # Summarize(SelectRow1(@param0, !=, 1, 53@Int), count, 2)
      --> ['Summarize', ['SelectRow1', 'input@0', '!=', 'percentage', 53], 'count', 'color']

# ========== review report ========== #
# top-1, score: 0.00, answer: [1]
  # tprog: SelectCol(SelectRow0(GroupSum(@param0, ['1'], count, 0), eqmin, 0), ['1'])
# top-2, score: 0.00, answer: [1]
  # tprog: SelectCol(SelectRow0(GroupSum(@param0, ['1'], count, 0), eqmin, 0), ['-99'])
# top-3, score: 0.00, answer: [1]
  # tprog: SelectCol(SelectRow0(GroupSum(@param0, ['1'], count, 0), eqmax, 0), ['1'])
# top-4, score: 0.00, answer: [1]
  # tprog: SelectCol(SelectRow0(GroupSum(@param0, ['1'], count, 0), eqmax, 0), ['-99'])
# top-5, score: 0.00, answer: [1]
  # tprog: SelectCol(SelectRow0(GroupSum(@param0, ['1'], count, 1), eqmin, 0), ['1'])
# top-6, score: 0.00, answer: [1]
  # tprog: SelectCol(SelectRow0(GroupSum(@param0, ['1'], count, 1), eqmin, 0), ['-99'])
# top-7, score: 0.00, answer: [1]
  # tprog: SelectCol(SelectRow0(GroupSum(@param0, ['1'], count, 1), eqmax, 0), ['1'])
# top-8, score: 0.00, answer: [1]
  # tprog: SelectCol(SelectRow0(GroupSum(@param0, ['1'], count, 1), eqmax, 0), ['-99'])
# top-9, score: 0.00, answer: [1]
  # tprog: SelectCol(SelectRow0(GroupSum(@param0, ['1'], count, 2), eqmin, 0), ['1'])
# top-10, score: 0.00, answer: [1]
  # tprog: SelectCol(SelectRow0(GroupSum(@param0, ['1'], count, 2), eqmin, 0), ['-99'])
# top-11, score: 0.00, answer: [1]
  # tprog: SelectCol(SelectRow0(GroupSum(@param0, ['1'], count, 2), eqmax, 0), ['1'])
# top-12, score: 0.00, answer: [1]
  # tprog: SelectCol(SelectRow0(GroupSum(@param0, ['1'], count, 2), eqmax, 0), ['-99'])
# top-13, score: 0.00, answer: [1]
  # tprog: SelectCol(SelectRow0(GroupSum(@param0, ['0', '1'], count, 0), eqmin, 1), ['2'])
# top-14, score: 0.00, answer: [1]
  # tprog: SelectCol(SelectRow0(GroupSum(@param0, ['0', '1'], count, 0), eqmin, 1), ['-99', '-1'])
# top-15, score: 0.00, answer: [1]
  # tprog: SelectCol(SelectRow0(GroupSum(@param0, ['0', '1'], count, 0), eqmax, 1), ['2'])
# top-16, score: 0.00, answer: [1]
  # tprog: SelectCol(SelectRow0(GroupSum(@param0, ['0', '1'], count, 0), eqmax, 1), ['-99', '-1'])
# top-17, score: 0.00, answer: [1]
  # tprog: SelectCol(SelectRow0(GroupSum(@param0, ['0', '1'], count, 1), eqmin, 1), ['2'])
# top-18, score: 0.00, answer: [1]
  # tprog: SelectCol(SelectRow0(GroupSum(@param0, ['0', '1'], count, 1), eqmin, 1), ['-99', '-1'])
# top-19, score: 0.00, answer: [1]
  # tprog: SelectCol(SelectRow0(GroupSum(@param0, ['0', '1'], count, 1), eqmax, 1), ['2'])
# top-20, score: 0.00, answer: [1]
  # tprog: SelectCol(SelectRow0(GroupSum(@param0, ['0', '1'], count, 1), eqmax, 1), ['-99', '-1'])
# top-21, score: 0.00, answer: [1]
  # tprog: SelectCol(SelectRow0(GroupSum(@param0, ['0', '1'], count, 2), eqmin, 1), ['2'])
# top-22, score: 0.00, answer: [1]
  # tprog: SelectCol(SelectRow0(GroupSum(@param0, ['0', '1'], count, 2), eqmin, 1), ['-99', '-1'])
# top-23, score: 0.00, answer: [1]
  # tprog: SelectCol(SelectRow0(GroupSum(@param0, ['0', '1'], count, 2), eqmax, 1), ['2'])
# top-24, score: 0.00, answer: [1]
  # tprog: SelectCol(SelectRow0(GroupSum(@param0, ['0', '1'], count, 2), eqmax, 1), ['-99', '-1'])
# top-25, score: 0.00, answer: [1]
  # tprog: SelectCol(SelectRow0(GroupSum(@param0, ['1', '2'], count, 0), eqmin, 0), ['2'])
# top-26, score: 0.00, answer: [1]
  # tprog: SelectCol(SelectRow0(GroupSum(@param0, ['1', '2'], count, 0), eqmin, 0), ['-99', '-1'])
# top-27, score: 0.00, answer: [1]
  # tprog: SelectCol(SelectRow0(GroupSum(@param0, ['1', '2'], count, 0), eqmax, 0), ['2'])
# top-28, score: 0.00, answer: [1]
  # tprog: SelectCol(SelectRow0(GroupSum(@param0, ['1', '2'], count, 0), eqmax, 0), ['-99', '-1'])
# top-29, score: 0.00, answer: [1]
  # tprog: SelectCol(SelectRow0(GroupSum(@param0, ['1', '2'], count, 1), eqmin, 0), ['2'])
# top-30, score: 0.00, answer: [1]
  # tprog: SelectCol(SelectRow0(GroupSum(@param0, ['1', '2'], count, 1), eqmin, 0), ['-99', '-1'])
# top-31, score: 0.00, answer: [1]
  # tprog: SelectCol(SelectRow0(GroupSum(@param0, ['1', '2'], count, 1), eqmax, 0), ['2'])
# top-32, score: 0.00, answer: [1]
  # tprog: SelectCol(SelectRow0(GroupSum(@param0, ['1', '2'], count, 1), eqmax, 0), ['-99', '-1'])
# top-33, score: 0.00, answer: [1]
  # tprog: SelectCol(SelectRow0(GroupSum(@param0, ['1', '2'], count, 2), eqmin, 0), ['2'])
# top-34, score: 0.00, answer: [1]
  # tprog: SelectCol(SelectRow0(GroupSum(@param0, ['1', '2'], count, 2), eqmin, 0), ['-99', '-1'])
# top-35, score: 0.00, answer: [1]
  # tprog: SelectCol(SelectRow0(GroupSum(@param0, ['1', '2'], count, 2), eqmax, 0), ['2'])
# top-36, score: 0.00, answer: [1]
  # tprog: SelectCol(SelectRow0(GroupSum(@param0, ['1', '2'], count, 2), eqmax, 0), ['-99', '-1'])
# top-37, score: 0.00, answer: [1]
  # tprog: Summarize(SelectRow1(@param0, <, 1, 69@Int), count, 0)
# top-38, score: 0.00, answer: [1]
  # tprog: Summarize(SelectRow1(@param0, <, 1, 69@Int), count, 1)
# top-39, score: 0.00, answer: [1]
  # tprog: Summarize(SelectRow1(@param0, <, 1, 69@Int), count, 2)
# top-40, score: 0.00, answer: [1]
  # tprog: Summarize(SelectRow1(@param0, <=, 1, 53@Int), count, 0)
# top-41, score: 0.00, answer: [1]
  # tprog: Summarize(SelectRow1(@param0, <=, 1, 53@Int), count, 1)
# top-42, score: 0.00, answer: [1]
  # tprog: Summarize(SelectRow1(@param0, <=, 1, 53@Int), count, 2)
# top-43, score: 0.00, answer: [1]
  # tprog: Summarize(SelectRow1(@param0, ==, 0, Neither agree or disagree@Str), count, 0)
# top-44, score: 0.00, answer: [1]
  # tprog: Summarize(SelectRow1(@param0, ==, 0, Neither agree or disagree@Str), count, 1)
# top-45, score: 0.00, answer: [1]
  # tprog: Summarize(SelectRow1(@param0, ==, 0, Neither agree or disagree@Str), count, 2)
# top-46, score: 0.00, answer: [1]
  # tprog: Summarize(SelectRow1(@param0, ==, 0, Strongly agree@Str), count, 0)
# top-47, score: 0.00, answer: [1]
  # tprog: Summarize(SelectRow1(@param0, ==, 0, Strongly agree@Str), count, 1)
# top-48, score: 0.00, answer: [1]
  # tprog: Summarize(SelectRow1(@param0, ==, 0, Strongly agree@Str), count, 2)
# top-49, score: 0.00, answer: [1]
  # tprog: Summarize(SelectRow1(@param0, ==, 0, Strongly disagree@Str), count, 0)
# top-50, score: 0.00, answer: [1]
  # tprog: Summarize(SelectRow1(@param0, ==, 0, Strongly disagree@Str), count, 1)
# top-51, score: 0.00, answer: [1]
  # tprog: Summarize(SelectRow1(@param0, ==, 0, Strongly disagree@Str), count, 2)
# top-52, score: 0.00, answer: [1]
  # tprog: Summarize(SelectRow1(@param0, ==, 1, 69@Int), count, 0)
# top-53, score: 0.00, answer: [1]
  # tprog: Summarize(SelectRow1(@param0, ==, 1, 69@Int), count, 1)
# top-54, score: 0.00, answer: [1]
  # tprog: Summarize(SelectRow1(@param0, ==, 1, 69@Int), count, 2)
# top-55, score: 0.00, answer: [1]
  # tprog: Summarize(SelectRow1(@param0, ==, 1, 82@Int), count, 0)
# top-56, score: 0.00, answer: [1]
  # tprog: Summarize(SelectRow1(@param0, ==, 1, 82@Int), count, 1)
# top-57, score: 0.00, answer: [1]
  # tprog: Summarize(SelectRow1(@param0, ==, 1, 82@Int), count, 2)
# top-58, score: 0.00, answer: [1]
  # tprog: Summarize(SelectRow1(@param0, ==, 1, 53@Int), count, 0)
# top-59, score: 0.00, answer: [1]
  # tprog: Summarize(SelectRow1(@param0, ==, 1, 53@Int), count, 1)
# top-60, score: 0.00, answer: [1]
  # tprog: Summarize(SelectRow1(@param0, ==, 1, 53@Int), count, 2)
# top-61, score: 0.00, answer: [1]
  # tprog: Summarize(SelectRow1(@param0, >=, 1, 82@Int), count, 0)
# top-62, score: 0.00, answer: [1]
  # tprog: Summarize(SelectRow1(@param0, >=, 1, 82@Int), count, 1)
# top-63, score: 0.00, answer: [1]
  # tprog: Summarize(SelectRow1(@param0, >=, 1, 82@Int), count, 2)
# top-64, score: 0.00, answer: [1]
  # tprog: Summarize(SelectRow1(@param0, >, 1, 69@Int), count, 0)
# top-65, score: 0.00, answer: [1]
  # tprog: Summarize(SelectRow1(@param0, >, 1, 69@Int), count, 1)
# top-66, score: 0.00, answer: [1]
  # tprog: Summarize(SelectRow1(@param0, >, 1, 69@Int), count, 2)
# top-67, score: 0.00, answer: [1]
  # tprog: Contrast(SelectRow1(@param0, <, 1, 69@Int), /, 0, Strongly disagree@Str, Strongly disagree@Str, 1)
# top-68, score: 0.00, answer: [1]
  # tprog: Contrast(SelectRow1(@param0, <, 1, 69@Int), /, 2, blue@Str, blue@Str, 1)
# top-69, score: 0.00, answer: [1]
  # tprog: Contrast(SelectRow1(@param0, <, 1, 82@Int), /, 0, Neither agree or disagree@Str, Neither agree or disagree@Str, 1)
# top-70, score: 0.00, answer: [1]
  # tprog: Contrast(SelectRow1(@param0, <, 1, 82@Int), /, 0, Strongly disagree@Str, Strongly disagree@Str, 1)
# top-71, score: 0.00, answer: [1]
  # tprog: Contrast(SelectRow1(@param0, <=, 1, 69@Int), /, 0, Neither agree or disagree@Str, Neither agree or disagree@Str, 1)
# top-72, score: 0.00, answer: [1]
  # tprog: Contrast(SelectRow1(@param0, <=, 1, 69@Int), /, 0, Strongly disagree@Str, Strongly disagree@Str, 1)
# top-73, score: 0.00, answer: [1]
  # tprog: Contrast(SelectRow1(@param0, <=, 1, 82@Int), /, 0, Neither agree or disagree@Str, Neither agree or disagree@Str, 1)
# top-74, score: 0.00, answer: [1]
  # tprog: Contrast(SelectRow1(@param0, <=, 1, 82@Int), /, 0, Strongly agree@Str, Strongly agree@Str, 1)
# top-75, score: 0.00, answer: [1]
  # tprog: Contrast(SelectRow1(@param0, <=, 1, 82@Int), /, 0, Strongly disagree@Str, Strongly disagree@Str, 1)
# top-76, score: 0.00, answer: [1]
  # tprog: Contrast(SelectRow1(@param0, <=, 1, 53@Int), /, 0, Strongly disagree@Str, Strongly disagree@Str, 1)
# top-77, score: 0.00, answer: [1]
  # tprog: Contrast(SelectRow1(@param0, <=, 1, 53@Int), /, 2, blue@Str, blue@Str, 1)
# top-78, score: 0.00, answer: [1]
  # tprog: Contrast(SelectRow1(@param0, ==, 0, Neither agree or disagree@Str), /, 0, Neither agree or disagree@Str, Neither agree or disagree@Str, 1)
# top-79, score: 0.00, answer: [1]
  # tprog: Contrast(SelectRow1(@param0, ==, 0, Neither agree or disagree@Str), /, 2, blue@Str, blue@Str, 1)
# top-80, score: 0.00, answer: [1]
  # tprog: Contrast(SelectRow1(@param0, ==, 0, Strongly agree@Str), /, 0, Strongly agree@Str, Strongly agree@Str, 1)
# top-81, score: 0.00, answer: [1]
  # tprog: Contrast(SelectRow1(@param0, ==, 0, Strongly agree@Str), /, 2, blue@Str, blue@Str, 1)
# top-82, score: 0.00, answer: [1]
  # tprog: Contrast(SelectRow1(@param0, ==, 0, Strongly disagree@Str), /, 0, Strongly disagree@Str, Strongly disagree@Str, 1)
# top-83, score: 0.00, answer: [1]
  # tprog: Contrast(SelectRow1(@param0, ==, 0, Strongly disagree@Str), /, 2, blue@Str, blue@Str, 1)
# top-84, score: 0.00, answer: [1]
  # tprog: Contrast(SelectRow1(@param0, ==, 1, 69@Int), /, 0, Neither agree or disagree@Str, Neither agree or disagree@Str, 1)
# top-85, score: 0.00, answer: [1]
  # tprog: Contrast(SelectRow1(@param0, ==, 1, 69@Int), /, 2, blue@Str, blue@Str, 1)
# top-86, score: 0.00, answer: [1]
  # tprog: Contrast(SelectRow1(@param0, ==, 1, 82@Int), /, 0, Strongly agree@Str, Strongly agree@Str, 1)
# top-87, score: 0.00, answer: [1]
  # tprog: Contrast(SelectRow1(@param0, ==, 1, 82@Int), /, 2, blue@Str, blue@Str, 1)
# top-88, score: 0.00, answer: [1]
  # tprog: Contrast(SelectRow1(@param0, ==, 1, 53@Int), /, 0, Strongly disagree@Str, Strongly disagree@Str, 1)
# top-89, score: 0.00, answer: [1]
  # tprog: Contrast(SelectRow1(@param0, ==, 1, 53@Int), /, 2, blue@Str, blue@Str, 1)
# top-90, score: 0.00, answer: [1]
  # tprog: Contrast(SelectRow1(@param0, ==, 2, blue@Str), /, 0, Neither agree or disagree@Str, Neither agree or disagree@Str, 1)
# top-91, score: 0.00, answer: [1]
  # tprog: Contrast(SelectRow1(@param0, ==, 2, blue@Str), /, 0, Strongly agree@Str, Strongly agree@Str, 1)
# top-92, score: 0.00, answer: [1]
  # tprog: Contrast(SelectRow1(@param0, ==, 2, blue@Str), /, 0, Strongly disagree@Str, Strongly disagree@Str, 1)
# top-93, score: 0.00, answer: [1]
  # tprog: Contrast(SelectRow1(@param0, >=, 1, 69@Int), /, 0, Neither agree or disagree@Str, Neither agree or disagree@Str, 1)
# top-94, score: 0.00, answer: [1]
  # tprog: Contrast(SelectRow1(@param0, >=, 1, 69@Int), /, 0, Strongly agree@Str, Strongly agree@Str, 1)
# top-95, score: 0.00, answer: [1]
  # tprog: Contrast(SelectRow1(@param0, >=, 1, 82@Int), /, 0, Strongly agree@Str, Strongly agree@Str, 1)
# top-96, score: 0.00, answer: [1]
  # tprog: Contrast(SelectRow1(@param0, >=, 1, 82@Int), /, 2, blue@Str, blue@Str, 1)
# top-97, score: 0.00, answer: [1]
  # tprog: Contrast(SelectRow1(@param0, >=, 1, 53@Int), /, 0, Neither agree or disagree@Str, Neither agree or disagree@Str, 1)
# top-98, score: 0.00, answer: [1]
  # tprog: Contrast(SelectRow1(@param0, >=, 1, 53@Int), /, 0, Strongly agree@Str, Strongly agree@Str, 1)
# top-99, score: 0.00, answer: [1]
  # tprog: Contrast(SelectRow1(@param0, >=, 1, 53@Int), /, 0, Strongly disagree@Str, Strongly disagree@Str, 1)
# top-100, score: 0.00, answer: [1]
  # tprog: Contrast(SelectRow1(@param0, >, 1, 69@Int), /, 0, Strongly agree@Str, Strongly agree@Str, 1)
# top-101, score: 0.00, answer: [1]
  # tprog: Contrast(SelectRow1(@param0, >, 1, 69@Int), /, 2, blue@Str, blue@Str, 1)
# top-102, score: 0.00, answer: [1]
  # tprog: Contrast(SelectRow1(@param0, >, 1, 53@Int), /, 0, Neither agree or disagree@Str, Neither agree or disagree@Str, 1)
# top-103, score: 0.00, answer: [1]
  # tprog: Contrast(SelectRow1(@param0, >, 1, 53@Int), /, 0, Strongly agree@Str, Strongly agree@Str, 1)
# top-104, score: 0.00, answer: [1]
  # tprog: Contrast(SelectRow1(@param0, !=, 0, blue@Str), /, 0, Neither agree or disagree@Str, Neither agree or disagree@Str, 1)
# top-105, score: 0.00, answer: [1]
  # tprog: Contrast(SelectRow1(@param0, !=, 0, blue@Str), /, 0, Strongly agree@Str, Strongly agree@Str, 1)
# top-106, score: 0.00, answer: [1]
  # tprog: Contrast(SelectRow1(@param0, !=, 0, blue@Str), /, 0, Strongly disagree@Str, Strongly disagree@Str, 1)
# top-107, score: 0.00, answer: [1]
  # tprog: Contrast(SelectRow1(@param0, !=, 0, 69@Int), /, 0, Neither agree or disagree@Str, Neither agree or disagree@Str, 1)
# top-108, score: 0.00, answer: [1]
  # tprog: Contrast(SelectRow1(@param0, !=, 0, 69@Int), /, 0, Strongly agree@Str, Strongly agree@Str, 1)
# top-109, score: 0.00, answer: [1]
  # tprog: Contrast(SelectRow1(@param0, !=, 0, 69@Int), /, 0, Strongly disagree@Str, Strongly disagree@Str, 1)
# top-110, score: 0.00, answer: [1]
  # tprog: Contrast(SelectRow1(@param0, !=, 0, Neither agree or disagree@Str), /, 0, Strongly agree@Str, Strongly agree@Str, 1)
# top-111, score: 0.00, answer: [1]
  # tprog: Contrast(SelectRow1(@param0, !=, 0, Neither agree or disagree@Str), /, 0, Strongly disagree@Str, Strongly disagree@Str, 1)
# top-112, score: 0.00, answer: [1]
  # tprog: Contrast(SelectRow1(@param0, !=, 0, color@Str), /, 0, Neither agree or disagree@Str, Neither agree or disagree@Str, 1)
# top-113, score: 0.00, answer: [1]
  # tprog: Contrast(SelectRow1(@param0, !=, 0, color@Str), /, 0, Strongly agree@Str, Strongly agree@Str, 1)
# top-114, score: 0.00, answer: [1]
  # tprog: Contrast(SelectRow1(@param0, !=, 0, color@Str), /, 0, Strongly disagree@Str, Strongly disagree@Str, 1)
# top-115, score: 0.00, answer: [1]
  # tprog: Contrast(SelectRow1(@param0, !=, 0, Strongly agree@Str), /, 0, Neither agree or disagree@Str, Neither agree or disagree@Str, 1)
# top-116, score: 0.00, answer: [1]
  # tprog: Contrast(SelectRow1(@param0, !=, 0, Strongly agree@Str), /, 0, Strongly disagree@Str, Strongly disagree@Str, 1)
# top-117, score: 0.00, answer: [1]
  # tprog: Contrast(SelectRow1(@param0, !=, 0, 82@Int), /, 0, Neither agree or disagree@Str, Neither agree or disagree@Str, 1)
# top-118, score: 0.00, answer: [1]
  # tprog: Contrast(SelectRow1(@param0, !=, 0, 82@Int), /, 0, Strongly agree@Str, Strongly agree@Str, 1)
# top-119, score: 0.00, answer: [1]
  # tprog: Contrast(SelectRow1(@param0, !=, 0, 82@Int), /, 0, Strongly disagree@Str, Strongly disagree@Str, 1)
# top-120, score: 0.00, answer: [1]
  # tprog: Contrast(SelectRow1(@param0, !=, 0, Strongly disagree@Str), /, 0, Neither agree or disagree@Str, Neither agree or disagree@Str, 1)
# top-121, score: 0.00, answer: [1]
  # tprog: Contrast(SelectRow1(@param0, !=, 0, Strongly disagree@Str), /, 0, Strongly agree@Str, Strongly agree@Str, 1)
# top-122, score: 0.00, answer: [1]
  # tprog: Contrast(SelectRow1(@param0, !=, 0, 53@Int), /, 0, Neither agree or disagree@Str, Neither agree or disagree@Str, 1)
# top-123, score: 0.00, answer: [1]
  # tprog: Contrast(SelectRow1(@param0, !=, 0, 53@Int), /, 0, Strongly agree@Str, Strongly agree@Str, 1)
# top-124, score: 0.00, answer: [1]
  # tprog: Contrast(SelectRow1(@param0, !=, 0, 53@Int), /, 0, Strongly disagree@Str, Strongly disagree@Str, 1)
# top-125, score: 0.00, answer: [1]
  # tprog: Contrast(SelectRow1(@param0, !=, 0, agree@Str), /, 0, Neither agree or disagree@Str, Neither agree or disagree@Str, 1)
# top-126, score: 0.00, answer: [1]
  # tprog: Contrast(SelectRow1(@param0, !=, 0, agree@Str), /, 0, Strongly agree@Str, Strongly agree@Str, 1)
# top-127, score: 0.00, answer: [1]
  # tprog: Contrast(SelectRow1(@param0, !=, 0, agree@Str), /, 0, Strongly disagree@Str, Strongly disagree@Str, 1)
# top-128, score: 0.00, answer: [1]
  # tprog: Contrast(SelectRow1(@param0, !=, 0, percentage@Str), /, 0, Neither agree or disagree@Str, Neither agree or disagree@Str, 1)
# top-129, score: 0.00, answer: [1]
  # tprog: Contrast(SelectRow1(@param0, !=, 0, percentage@Str), /, 0, Strongly agree@Str, Strongly agree@Str, 1)
# top-130, score: 0.00, answer: [1]
  # tprog: Contrast(SelectRow1(@param0, !=, 0, percentage@Str), /, 0, Strongly disagree@Str, Strongly disagree@Str, 1)
# top-131, score: 0.00, answer: [1]
  # tprog: Contrast(SelectRow1(@param0, !=, 1, blue@Str), /, 0, Neither agree or disagree@Str, Neither agree or disagree@Str, 1)
# top-132, score: 0.00, answer: [1]
  # tprog: Contrast(SelectRow1(@param0, !=, 1, blue@Str), /, 0, Strongly agree@Str, Strongly agree@Str, 1)
# top-133, score: 0.00, answer: [1]
  # tprog: Contrast(SelectRow1(@param0, !=, 1, blue@Str), /, 0, Strongly disagree@Str, Strongly disagree@Str, 1)
# top-134, score: 0.00, answer: [1]
  # tprog: Contrast(SelectRow1(@param0, !=, 1, 69@Int), /, 0, Strongly agree@Str, Strongly agree@Str, 1)
# top-135, score: 0.00, answer: [1]
  # tprog: Contrast(SelectRow1(@param0, !=, 1, 69@Int), /, 0, Strongly disagree@Str, Strongly disagree@Str, 1)
# top-136, score: 0.00, answer: [1]
  # tprog: Contrast(SelectRow1(@param0, !=, 1, Neither agree or disagree@Str), /, 0, Neither agree or disagree@Str, Neither agree or disagree@Str, 1)
# top-137, score: 0.00, answer: [1]
  # tprog: Contrast(SelectRow1(@param0, !=, 1, Neither agree or disagree@Str), /, 0, Strongly agree@Str, Strongly agree@Str, 1)
# top-138, score: 0.00, answer: [1]
  # tprog: Contrast(SelectRow1(@param0, !=, 1, Neither agree or disagree@Str), /, 0, Strongly disagree@Str, Strongly disagree@Str, 1)
# top-139, score: 0.00, answer: [1]
  # tprog: Contrast(SelectRow1(@param0, !=, 1, color@Str), /, 0, Neither agree or disagree@Str, Neither agree or disagree@Str, 1)
# top-140, score: 0.00, answer: [1]
  # tprog: Contrast(SelectRow1(@param0, !=, 1, color@Str), /, 0, Strongly agree@Str, Strongly agree@Str, 1)
# top-141, score: 0.00, answer: [1]
  # tprog: Contrast(SelectRow1(@param0, !=, 1, color@Str), /, 0, Strongly disagree@Str, Strongly disagree@Str, 1)
# top-142, score: 0.00, answer: [1]
  # tprog: Contrast(SelectRow1(@param0, !=, 1, Strongly agree@Str), /, 0, Neither agree or disagree@Str, Neither agree or disagree@Str, 1)
# top-143, score: 0.00, answer: [1]
  # tprog: Contrast(SelectRow1(@param0, !=, 1, Strongly agree@Str), /, 0, Strongly agree@Str, Strongly agree@Str, 1)
# top-144, score: 0.00, answer: [1]
  # tprog: Contrast(SelectRow1(@param0, !=, 1, Strongly agree@Str), /, 0, Strongly disagree@Str, Strongly disagree@Str, 1)
# top-145, score: 0.00, answer: [1]
  # tprog: Contrast(SelectRow1(@param0, !=, 1, 82@Int), /, 0, Neither agree or disagree@Str, Neither agree or disagree@Str, 1)
# top-146, score: 0.00, answer: [1]
  # tprog: Contrast(SelectRow1(@param0, !=, 1, 82@Int), /, 0, Strongly disagree@Str, Strongly disagree@Str, 1)
# top-147, score: 0.00, answer: [1]
  # tprog: Contrast(SelectRow1(@param0, !=, 1, Strongly disagree@Str), /, 0, Neither agree or disagree@Str, Neither agree or disagree@Str, 1)
# top-148, score: 0.00, answer: [1]
  # tprog: Contrast(SelectRow1(@param0, !=, 1, Strongly disagree@Str), /, 0, Strongly agree@Str, Strongly agree@Str, 1)
# top-149, score: 0.00, answer: [1]
  # tprog: Contrast(SelectRow1(@param0, !=, 1, Strongly disagree@Str), /, 0, Strongly disagree@Str, Strongly disagree@Str, 1)
# top-150, score: 0.00, answer: [1]
  # tprog: Contrast(SelectRow1(@param0, !=, 1, 53@Int), /, 0, Neither agree or disagree@Str, Neither agree or disagree@Str, 1)
# top-151, score: 0.00, answer: [1]
  # tprog: Contrast(SelectRow1(@param0, !=, 1, 53@Int), /, 0, Strongly agree@Str, Strongly agree@Str, 1)
# top-152, score: 0.00, answer: [1]
  # tprog: Contrast(SelectRow1(@param0, !=, 1, agree@Str), /, 0, Neither agree or disagree@Str, Neither agree or disagree@Str, 1)
# top-153, score: 0.00, answer: [1]
  # tprog: Contrast(SelectRow1(@param0, !=, 1, agree@Str), /, 0, Strongly agree@Str, Strongly agree@Str, 1)
# top-154, score: 0.00, answer: [1]
  # tprog: Contrast(SelectRow1(@param0, !=, 1, agree@Str), /, 0, Strongly disagree@Str, Strongly disagree@Str, 1)
# top-155, score: 0.00, answer: [1]
  # tprog: Contrast(SelectRow1(@param0, !=, 1, percentage@Str), /, 0, Neither agree or disagree@Str, Neither agree or disagree@Str, 1)
# top-156, score: 0.00, answer: [1]
  # tprog: Contrast(SelectRow1(@param0, !=, 1, percentage@Str), /, 0, Strongly agree@Str, Strongly agree@Str, 1)
# top-157, score: 0.00, answer: [1]
  # tprog: Contrast(SelectRow1(@param0, !=, 1, percentage@Str), /, 0, Strongly disagree@Str, Strongly disagree@Str, 1)
# top-158, score: 0.00, answer: [1]
  # tprog: Contrast(SelectRow1(@param0, !=, 2, 69@Int), /, 0, Neither agree or disagree@Str, Neither agree or disagree@Str, 1)
# top-159, score: 0.00, answer: [1]
  # tprog: Contrast(SelectRow1(@param0, !=, 2, 69@Int), /, 0, Strongly agree@Str, Strongly agree@Str, 1)
# top-160, score: 0.00, answer: [1]
  # tprog: Contrast(SelectRow1(@param0, !=, 2, 69@Int), /, 0, Strongly disagree@Str, Strongly disagree@Str, 1)
# top-161, score: 0.00, answer: [1]
  # tprog: Contrast(SelectRow1(@param0, !=, 2, Neither agree or disagree@Str), /, 0, Neither agree or disagree@Str, Neither agree or disagree@Str, 1)
# top-162, score: 0.00, answer: [1]
  # tprog: Contrast(SelectRow1(@param0, !=, 2, Neither agree or disagree@Str), /, 0, Strongly agree@Str, Strongly agree@Str, 1)
# top-163, score: 0.00, answer: [1]
  # tprog: Contrast(SelectRow1(@param0, !=, 2, Neither agree or disagree@Str), /, 0, Strongly disagree@Str, Strongly disagree@Str, 1)
# top-164, score: 0.00, answer: [1]
  # tprog: Contrast(SelectRow1(@param0, !=, 2, color@Str), /, 0, Neither agree or disagree@Str, Neither agree or disagree@Str, 1)
# top-165, score: 0.00, answer: [1]
  # tprog: Contrast(SelectRow1(@param0, !=, 2, color@Str), /, 0, Strongly agree@Str, Strongly agree@Str, 1)
# top-166, score: 0.00, answer: [1]
  # tprog: Contrast(SelectRow1(@param0, !=, 2, color@Str), /, 0, Strongly disagree@Str, Strongly disagree@Str, 1)
# top-167, score: 0.00, answer: [1]
  # tprog: Contrast(SelectRow1(@param0, !=, 2, Strongly agree@Str), /, 0, Neither agree or disagree@Str, Neither agree or disagree@Str, 1)
# top-168, score: 0.00, answer: [1]
  # tprog: Contrast(SelectRow1(@param0, !=, 2, Strongly agree@Str), /, 0, Strongly agree@Str, Strongly agree@Str, 1)
# top-169, score: 0.00, answer: [1]
  # tprog: Contrast(SelectRow1(@param0, !=, 2, Strongly agree@Str), /, 0, Strongly disagree@Str, Strongly disagree@Str, 1)
# top-170, score: 0.00, answer: [1]
  # tprog: Contrast(SelectRow1(@param0, !=, 2, 82@Int), /, 0, Neither agree or disagree@Str, Neither agree or disagree@Str, 1)
# top-171, score: 0.00, answer: [1]
  # tprog: Contrast(SelectRow1(@param0, !=, 2, 82@Int), /, 0, Strongly agree@Str, Strongly agree@Str, 1)
# top-172, score: 0.00, answer: [1]
  # tprog: Contrast(SelectRow1(@param0, !=, 2, 82@Int), /, 0, Strongly disagree@Str, Strongly disagree@Str, 1)
# top-173, score: 0.00, answer: [1]
  # tprog: Contrast(SelectRow1(@param0, !=, 2, Strongly disagree@Str), /, 0, Neither agree or disagree@Str, Neither agree or disagree@Str, 1)
# top-174, score: 0.00, answer: [1]
  # tprog: Contrast(SelectRow1(@param0, !=, 2, Strongly disagree@Str), /, 0, Strongly agree@Str, Strongly agree@Str, 1)
# top-175, score: 0.00, answer: [1]
  # tprog: Contrast(SelectRow1(@param0, !=, 2, Strongly disagree@Str), /, 0, Strongly disagree@Str, Strongly disagree@Str, 1)
# top-176, score: 0.00, answer: [1]
  # tprog: Contrast(SelectRow1(@param0, !=, 2, 53@Int), /, 0, Neither agree or disagree@Str, Neither agree or disagree@Str, 1)
# top-177, score: 0.00, answer: [1]
  # tprog: Contrast(SelectRow1(@param0, !=, 2, 53@Int), /, 0, Strongly agree@Str, Strongly agree@Str, 1)
# top-178, score: 0.00, answer: [1]
  # tprog: Contrast(SelectRow1(@param0, !=, 2, 53@Int), /, 0, Strongly disagree@Str, Strongly disagree@Str, 1)
# top-179, score: 0.00, answer: [1]
  # tprog: Contrast(SelectRow1(@param0, !=, 2, agree@Str), /, 0, Neither agree or disagree@Str, Neither agree or disagree@Str, 1)
# top-180, score: 0.00, answer: [1]
  # tprog: Contrast(SelectRow1(@param0, !=, 2, agree@Str), /, 0, Strongly agree@Str, Strongly agree@Str, 1)
# top-181, score: 0.00, answer: [1]
  # tprog: Contrast(SelectRow1(@param0, !=, 2, agree@Str), /, 0, Strongly disagree@Str, Strongly disagree@Str, 1)
# top-182, score: 0.00, answer: [1]
  # tprog: Contrast(SelectRow1(@param0, !=, 2, percentage@Str), /, 0, Neither agree or disagree@Str, Neither agree or disagree@Str, 1)
# top-183, score: 0.00, answer: [1]
  # tprog: Contrast(SelectRow1(@param0, !=, 2, percentage@Str), /, 0, Strongly agree@Str, Strongly agree@Str, 1)
# top-184, score: 0.00, answer: [1]
  # tprog: Contrast(SelectRow1(@param0, !=, 2, percentage@Str), /, 0, Strongly disagree@Str, Strongly disagree@Str, 1)
# top-185, score: 0.00, answer: [1]
  # tprog: Contrast(@param0, /, 0, Neither agree or disagree@Str, Neither agree or disagree@Str, 1)
# top-186, score: 0.00, answer: [1]
  # tprog: Contrast(@param0, /, 0, Strongly agree@Str, Strongly agree@Str, 1)
# top-187, score: 0.00, answer: [1]
  # tprog: Contrast(@param0, /, 0, Strongly disagree@Str, Strongly disagree@Str, 1)
# top-188, score: 0.00, answer: [2]
  # tprog: Summarize(SelectRow1(@param0, <, 1, 82@Int), count, 0)
# top-189, score: 0.00, answer: [2]
  # tprog: Summarize(SelectRow1(@param0, <, 1, 82@Int), count, 1)
# top-190, score: 0.00, answer: [2]
  # tprog: Summarize(SelectRow1(@param0, <, 1, 82@Int), count, 2)
# top-191, score: 0.00, answer: [2]
  # tprog: Summarize(SelectRow1(@param0, <=, 1, 69@Int), count, 0)
# top-192, score: 0.00, answer: [2]
  # tprog: Summarize(SelectRow1(@param0, <=, 1, 69@Int), count, 1)
# top-193, score: 0.00, answer: [2]
  # tprog: Summarize(SelectRow1(@param0, <=, 1, 69@Int), count, 2)
# top-194, score: 0.00, answer: [2]
  # tprog: Summarize(SelectRow1(@param0, >=, 1, 69@Int), count, 0)
# top-195, score: 0.00, answer: [2]
  # tprog: Summarize(SelectRow1(@param0, >=, 1, 69@Int), count, 1)
# top-196, score: 0.00, answer: [2]
  # tprog: Summarize(SelectRow1(@param0, >=, 1, 69@Int), count, 2)
# top-197, score: 0.00, answer: [2]
  # tprog: Summarize(SelectRow1(@param0, >, 1, 53@Int), count, 0)
# top-198, score: 0.00, answer: [2]
  # tprog: Summarize(SelectRow1(@param0, >, 1, 53@Int), count, 1)
# top-199, score: 0.00, answer: [2]
  # tprog: Summarize(SelectRow1(@param0, >, 1, 53@Int), count, 2)
# top-200, score: 0.00, answer: [2]
  # tprog: Summarize(SelectRow1(@param0, !=, 0, Neither agree or disagree@Str), count, 0)
# top-201, score: 0.00, answer: [2]
  # tprog: Summarize(SelectRow1(@param0, !=, 0, Neither agree or disagree@Str), count, 1)
# top-202, score: 0.00, answer: [2]
  # tprog: Summarize(SelectRow1(@param0, !=, 0, Neither agree or disagree@Str), count, 2)
# top-203, score: 0.00, answer: [2]
  # tprog: Summarize(SelectRow1(@param0, !=, 0, Strongly agree@Str), count, 0)
# top-204, score: 0.00, answer: [2]
  # tprog: Summarize(SelectRow1(@param0, !=, 0, Strongly agree@Str), count, 1)
# top-205, score: 0.00, answer: [2]
  # tprog: Summarize(SelectRow1(@param0, !=, 0, Strongly agree@Str), count, 2)
# top-206, score: 0.00, answer: [2]
  # tprog: Summarize(SelectRow1(@param0, !=, 0, Strongly disagree@Str), count, 0)
# top-207, score: 0.00, answer: [2]
  # tprog: Summarize(SelectRow1(@param0, !=, 0, Strongly disagree@Str), count, 1)
# top-208, score: 0.00, answer: [2]
  # tprog: Summarize(SelectRow1(@param0, !=, 0, Strongly disagree@Str), count, 2)
# top-209, score: 0.00, answer: [2]
  # tprog: Summarize(SelectRow1(@param0, !=, 1, 69@Int), count, 0)
# top-210, score: 0.00, answer: [2]
  # tprog: Summarize(SelectRow1(@param0, !=, 1, 69@Int), count, 1)
# top-211, score: 0.00, answer: [2]
  # tprog: Summarize(SelectRow1(@param0, !=, 1, 69@Int), count, 2)
# top-212, score: 0.00, answer: [2]
  # tprog: Summarize(SelectRow1(@param0, !=, 1, 82@Int), count, 0)
# top-213, score: 0.00, answer: [2]
  # tprog: Summarize(SelectRow1(@param0, !=, 1, 82@Int), count, 1)
# top-214, score: 0.00, answer: [2]
  # tprog: Summarize(SelectRow1(@param0, !=, 1, 82@Int), count, 2)
# top-215, score: 0.00, answer: [2]
  # tprog: Summarize(SelectRow1(@param0, !=, 1, 53@Int), count, 0)
# top-216, score: 0.00, answer: [2]
  # tprog: Summarize(SelectRow1(@param0, !=, 1, 53@Int), count, 1)
# top-217, score: 0.00, answer: [2]
  # tprog: Summarize(SelectRow1(@param0, !=, 1, 53@Int), count, 2)
