# parsed arguments: Namespace(benchmark='Q9559d', dsl='meta_visqa', skeletons='visqa_normal', strategy='TaPas_C', fallback='auto', timeout=300, mode='abstract-only', expected_only=False)
# loading benchmark...
# table keywords: {'31', 'race', 'percent', 'african', 'blue', '44', '23', 'american', 'latino', 'white', 'color'}
# input type: [dtype('O'), dtype('int64'), dtype('O')]
# input is:
               race  percent color
0             White       44  blue
1  African American       31  blue
2            Latino       23  blue
# query is: What percent of african americans have employer pensions?
# expected output type:[dtype('int64')]
# expected output is:
   ANSWER
0      31
# inferred DSL terminals:
  # ConstVal: ['race@Str', 'White@Str', 'percent@Str', '44@Int', 'blue@Str', 'African American@Str', '23@Int', 'color@Str', 'Latino@Str', '31@Int']
     # cmap: [(None, 'race'), (None, 'White'), (None, 'percent'), (None, 44), (None, 'blue'), (None, 'African American'), (None, 23), (None, 'color'), (None, 'Latino'), (None, 31)]
# loading skeleton list...

# ========== candidate program report ========== #
# (t=0.00) i=0, candidate=[{'ANSWER': 31}]
  # found 236 program(s)
    # SelectCol(SelectRow0(SelectRow1(@param0, <, 1, 44@Int), eqmax, 1), ['1'])
      --> ['SelectCol', ['SelectRow0', ['SelectRow1', 'input@0', '<', 'percent', 44], 'eqmax', 'percent'], ['percent']]
    # SelectCol(SelectRow0(SelectRow1(@param0, <, 1, 44@Int), eqmax, 1), ['-99', '-2'])
      --> ['SelectCol', ['SelectRow0', ['SelectRow1', 'input@0', '<', 'percent', 44], 'eqmax', 'percent'], ['percent']]
    # SelectCol(SelectRow0(SelectRow1(@param0, <=, 1, 31@Int), eqmax, 1), ['1'])
      --> ['SelectCol', ['SelectRow0', ['SelectRow1', 'input@0', '<=', 'percent', 31], 'eqmax', 'percent'], ['percent']]
    # SelectCol(SelectRow0(SelectRow1(@param0, <=, 1, 31@Int), eqmax, 1), ['-99', '-2'])
      --> ['SelectCol', ['SelectRow0', ['SelectRow1', 'input@0', '<=', 'percent', 31], 'eqmax', 'percent'], ['percent']]
    # SelectCol(SelectRow0(SelectRow1(@param0, >=, 1, 31@Int), eqmin, 1), ['1'])
      --> ['SelectCol', ['SelectRow0', ['SelectRow1', 'input@0', '>=', 'percent', 31], 'eqmin', 'percent'], ['percent']]
    # SelectCol(SelectRow0(SelectRow1(@param0, >=, 1, 31@Int), eqmin, 1), ['-99', '-2'])
      --> ['SelectCol', ['SelectRow0', ['SelectRow1', 'input@0', '>=', 'percent', 31], 'eqmin', 'percent'], ['percent']]
    # SelectCol(SelectRow0(SelectRow1(@param0, >, 1, 23@Int), eqmin, 1), ['1'])
      --> ['SelectCol', ['SelectRow0', ['SelectRow1', 'input@0', '>', 'percent', 23], 'eqmin', 'percent'], ['percent']]
    # SelectCol(SelectRow0(SelectRow1(@param0, >, 1, 23@Int), eqmin, 1), ['-99', '-2'])
      --> ['SelectCol', ['SelectRow0', ['SelectRow1', 'input@0', '>', 'percent', 23], 'eqmin', 'percent'], ['percent']]
    # SelectCol(SelectRow0(SelectRow1(@param0, !=, 0, White@Str), eqmax, 1), ['1'])
      --> ['SelectCol', ['SelectRow0', ['SelectRow1', 'input@0', '!=', 'race', 'White'], 'eqmax', 'percent'], ['percent']]
    # SelectCol(SelectRow0(SelectRow1(@param0, !=, 0, White@Str), eqmax, 1), ['-99', '-2'])
      --> ['SelectCol', ['SelectRow0', ['SelectRow1', 'input@0', '!=', 'race', 'White'], 'eqmax', 'percent'], ['percent']]
    # SelectCol(SelectRow0(SelectRow1(@param0, !=, 0, Latino@Str), eqmin, 1), ['1'])
      --> ['SelectCol', ['SelectRow0', ['SelectRow1', 'input@0', '!=', 'race', 'Latino'], 'eqmin', 'percent'], ['percent']]
    # SelectCol(SelectRow0(SelectRow1(@param0, !=, 0, Latino@Str), eqmin, 1), ['-99', '-2'])
      --> ['SelectCol', ['SelectRow0', ['SelectRow1', 'input@0', '!=', 'race', 'Latino'], 'eqmin', 'percent'], ['percent']]
    # SelectCol(SelectRow0(SelectRow1(@param0, !=, 1, 44@Int), eqmax, 1), ['1'])
      --> ['SelectCol', ['SelectRow0', ['SelectRow1', 'input@0', '!=', 'percent', 44], 'eqmax', 'percent'], ['percent']]
    # SelectCol(SelectRow0(SelectRow1(@param0, !=, 1, 44@Int), eqmax, 1), ['-99', '-2'])
      --> ['SelectCol', ['SelectRow0', ['SelectRow1', 'input@0', '!=', 'percent', 44], 'eqmax', 'percent'], ['percent']]
    # SelectCol(SelectRow0(SelectRow1(@param0, !=, 1, 23@Int), eqmin, 1), ['1'])
      --> ['SelectCol', ['SelectRow0', ['SelectRow1', 'input@0', '!=', 'percent', 23], 'eqmin', 'percent'], ['percent']]
    # SelectCol(SelectRow0(SelectRow1(@param0, !=, 1, 23@Int), eqmin, 1), ['-99', '-2'])
      --> ['SelectCol', ['SelectRow0', ['SelectRow1', 'input@0', '!=', 'percent', 23], 'eqmin', 'percent'], ['percent']]
    # SelectCol(SelectRow1(SelectRow1(@param0, <, 1, 44@Int), ==, 0, African American@Str), ['1'])
      --> ['SelectCol', ['SelectRow1', ['SelectRow1', 'input@0', '<', 'percent', 44], '==', 'race', 'African American'], ['percent']]
    # SelectCol(SelectRow1(SelectRow1(@param0, <, 1, 44@Int), ==, 0, African American@Str), ['-99', '-2'])
      --> ['SelectCol', ['SelectRow1', ['SelectRow1', 'input@0', '<', 'percent', 44], '==', 'race', 'African American'], ['percent']]
    # SelectCol(SelectRow1(SelectRow1(@param0, <, 1, 44@Int), ==, 1, 31@Int), ['1'])
      --> ['SelectCol', ['SelectRow1', ['SelectRow1', 'input@0', '<', 'percent', 44], '==', 'percent', 31], ['percent']]
    # SelectCol(SelectRow1(SelectRow1(@param0, <, 1, 44@Int), ==, 1, 31@Int), ['-99', '-2'])
      --> ['SelectCol', ['SelectRow1', ['SelectRow1', 'input@0', '<', 'percent', 44], '==', 'percent', 31], ['percent']]
    # SelectCol(SelectRow1(SelectRow1(@param0, <, 1, 44@Int), >=, 1, 31@Int), ['1'])
      --> ['SelectCol', ['SelectRow1', ['SelectRow1', 'input@0', '<', 'percent', 44], '>=', 'percent', 31], ['percent']]
    # SelectCol(SelectRow1(SelectRow1(@param0, <, 1, 44@Int), >=, 1, 31@Int), ['-99', '-2'])
      --> ['SelectCol', ['SelectRow1', ['SelectRow1', 'input@0', '<', 'percent', 44], '>=', 'percent', 31], ['percent']]
    # SelectCol(SelectRow1(SelectRow1(@param0, <, 1, 44@Int), >, 1, 23@Int), ['1'])
      --> ['SelectCol', ['SelectRow1', ['SelectRow1', 'input@0', '<', 'percent', 44], '>', 'percent', 23], ['percent']]
    # SelectCol(SelectRow1(SelectRow1(@param0, <, 1, 44@Int), >, 1, 23@Int), ['-99', '-2'])
      --> ['SelectCol', ['SelectRow1', ['SelectRow1', 'input@0', '<', 'percent', 44], '>', 'percent', 23], ['percent']]
    # SelectCol(SelectRow1(SelectRow1(@param0, <, 1, 44@Int), !=, 0, Latino@Str), ['1'])
      --> ['SelectCol', ['SelectRow1', ['SelectRow1', 'input@0', '<', 'percent', 44], '!=', 'race', 'Latino'], ['percent']]
    # SelectCol(SelectRow1(SelectRow1(@param0, <, 1, 44@Int), !=, 0, Latino@Str), ['-99', '-2'])
      --> ['SelectCol', ['SelectRow1', ['SelectRow1', 'input@0', '<', 'percent', 44], '!=', 'race', 'Latino'], ['percent']]
    # SelectCol(SelectRow1(SelectRow1(@param0, <, 1, 44@Int), !=, 1, 23@Int), ['1'])
      --> ['SelectCol', ['SelectRow1', ['SelectRow1', 'input@0', '<', 'percent', 44], '!=', 'percent', 23], ['percent']]
    # SelectCol(SelectRow1(SelectRow1(@param0, <, 1, 44@Int), !=, 1, 23@Int), ['-99', '-2'])
      --> ['SelectCol', ['SelectRow1', ['SelectRow1', 'input@0', '<', 'percent', 44], '!=', 'percent', 23], ['percent']]
    # SelectCol(SelectRow1(SelectRow1(@param0, <=, 1, 44@Int), ==, 0, African American@Str), ['1'])
      --> ['SelectCol', ['SelectRow1', ['SelectRow1', 'input@0', '<=', 'percent', 44], '==', 'race', 'African American'], ['percent']]
    # SelectCol(SelectRow1(SelectRow1(@param0, <=, 1, 44@Int), ==, 0, African American@Str), ['-99', '-2'])
      --> ['SelectCol', ['SelectRow1', ['SelectRow1', 'input@0', '<=', 'percent', 44], '==', 'race', 'African American'], ['percent']]
    # SelectCol(SelectRow1(SelectRow1(@param0, <=, 1, 44@Int), ==, 1, 31@Int), ['1'])
      --> ['SelectCol', ['SelectRow1', ['SelectRow1', 'input@0', '<=', 'percent', 44], '==', 'percent', 31], ['percent']]
    # SelectCol(SelectRow1(SelectRow1(@param0, <=, 1, 44@Int), ==, 1, 31@Int), ['-99', '-2'])
      --> ['SelectCol', ['SelectRow1', ['SelectRow1', 'input@0', '<=', 'percent', 44], '==', 'percent', 31], ['percent']]
    # SelectCol(SelectRow1(SelectRow1(@param0, <=, 1, 31@Int), ==, 0, African American@Str), ['1'])
      --> ['SelectCol', ['SelectRow1', ['SelectRow1', 'input@0', '<=', 'percent', 31], '==', 'race', 'African American'], ['percent']]
    # SelectCol(SelectRow1(SelectRow1(@param0, <=, 1, 31@Int), ==, 0, African American@Str), ['-99', '-2'])
      --> ['SelectCol', ['SelectRow1', ['SelectRow1', 'input@0', '<=', 'percent', 31], '==', 'race', 'African American'], ['percent']]
    # SelectCol(SelectRow1(SelectRow1(@param0, <=, 1, 31@Int), ==, 1, 31@Int), ['1'])
      --> ['SelectCol', ['SelectRow1', ['SelectRow1', 'input@0', '<=', 'percent', 31], '==', 'percent', 31], ['percent']]
    # SelectCol(SelectRow1(SelectRow1(@param0, <=, 1, 31@Int), ==, 1, 31@Int), ['-99', '-2'])
      --> ['SelectCol', ['SelectRow1', ['SelectRow1', 'input@0', '<=', 'percent', 31], '==', 'percent', 31], ['percent']]
    # SelectCol(SelectRow1(SelectRow1(@param0, <=, 1, 31@Int), >=, 1, 31@Int), ['1'])
      --> ['SelectCol', ['SelectRow1', ['SelectRow1', 'input@0', '<=', 'percent', 31], '>=', 'percent', 31], ['percent']]
    # SelectCol(SelectRow1(SelectRow1(@param0, <=, 1, 31@Int), >=, 1, 31@Int), ['-99', '-2'])
      --> ['SelectCol', ['SelectRow1', ['SelectRow1', 'input@0', '<=', 'percent', 31], '>=', 'percent', 31], ['percent']]
    # SelectCol(SelectRow1(SelectRow1(@param0, <=, 1, 31@Int), >, 1, 23@Int), ['1'])
      --> ['SelectCol', ['SelectRow1', ['SelectRow1', 'input@0', '<=', 'percent', 31], '>', 'percent', 23], ['percent']]
    # SelectCol(SelectRow1(SelectRow1(@param0, <=, 1, 31@Int), >, 1, 23@Int), ['-99', '-2'])
      --> ['SelectCol', ['SelectRow1', ['SelectRow1', 'input@0', '<=', 'percent', 31], '>', 'percent', 23], ['percent']]
    # SelectCol(SelectRow1(SelectRow1(@param0, <=, 1, 31@Int), !=, 0, Latino@Str), ['1'])
      --> ['SelectCol', ['SelectRow1', ['SelectRow1', 'input@0', '<=', 'percent', 31], '!=', 'race', 'Latino'], ['percent']]
    # SelectCol(SelectRow1(SelectRow1(@param0, <=, 1, 31@Int), !=, 0, Latino@Str), ['-99', '-2'])
      --> ['SelectCol', ['SelectRow1', ['SelectRow1', 'input@0', '<=', 'percent', 31], '!=', 'race', 'Latino'], ['percent']]
    # SelectCol(SelectRow1(SelectRow1(@param0, <=, 1, 31@Int), !=, 1, 23@Int), ['1'])
      --> ['SelectCol', ['SelectRow1', ['SelectRow1', 'input@0', '<=', 'percent', 31], '!=', 'percent', 23], ['percent']]
    # SelectCol(SelectRow1(SelectRow1(@param0, <=, 1, 31@Int), !=, 1, 23@Int), ['-99', '-2'])
      --> ['SelectCol', ['SelectRow1', ['SelectRow1', 'input@0', '<=', 'percent', 31], '!=', 'percent', 23], ['percent']]
    # SelectCol(SelectRow1(SelectRow1(@param0, ==, 2, blue@Str), ==, 0, African American@Str), ['1'])
      --> ['SelectCol', ['SelectRow1', ['SelectRow1', 'input@0', '==', 'color', 'blue'], '==', 'race', 'African American'], ['percent']]
    # SelectCol(SelectRow1(SelectRow1(@param0, ==, 2, blue@Str), ==, 0, African American@Str), ['-99', '-2'])
      --> ['SelectCol', ['SelectRow1', ['SelectRow1', 'input@0', '==', 'color', 'blue'], '==', 'race', 'African American'], ['percent']]
    # SelectCol(SelectRow1(SelectRow1(@param0, ==, 2, blue@Str), ==, 1, 31@Int), ['1'])
      --> ['SelectCol', ['SelectRow1', ['SelectRow1', 'input@0', '==', 'color', 'blue'], '==', 'percent', 31], ['percent']]
    # SelectCol(SelectRow1(SelectRow1(@param0, ==, 2, blue@Str), ==, 1, 31@Int), ['-99', '-2'])
      --> ['SelectCol', ['SelectRow1', ['SelectRow1', 'input@0', '==', 'color', 'blue'], '==', 'percent', 31], ['percent']]
    # SelectCol(SelectRow1(SelectRow1(@param0, >=, 1, 23@Int), ==, 0, African American@Str), ['1'])
      --> ['SelectCol', ['SelectRow1', ['SelectRow1', 'input@0', '>=', 'percent', 23], '==', 'race', 'African American'], ['percent']]
    # SelectCol(SelectRow1(SelectRow1(@param0, >=, 1, 23@Int), ==, 0, African American@Str), ['-99', '-2'])
      --> ['SelectCol', ['SelectRow1', ['SelectRow1', 'input@0', '>=', 'percent', 23], '==', 'race', 'African American'], ['percent']]
    # SelectCol(SelectRow1(SelectRow1(@param0, >=, 1, 23@Int), ==, 1, 31@Int), ['1'])
      --> ['SelectCol', ['SelectRow1', ['SelectRow1', 'input@0', '>=', 'percent', 23], '==', 'percent', 31], ['percent']]
    # SelectCol(SelectRow1(SelectRow1(@param0, >=, 1, 23@Int), ==, 1, 31@Int), ['-99', '-2'])
      --> ['SelectCol', ['SelectRow1', ['SelectRow1', 'input@0', '>=', 'percent', 23], '==', 'percent', 31], ['percent']]
    # SelectCol(SelectRow1(SelectRow1(@param0, >=, 1, 31@Int), <, 1, 44@Int), ['1'])
      --> ['SelectCol', ['SelectRow1', ['SelectRow1', 'input@0', '>=', 'percent', 31], '<', 'percent', 44], ['percent']]
    # SelectCol(SelectRow1(SelectRow1(@param0, >=, 1, 31@Int), <, 1, 44@Int), ['-99', '-2'])
      --> ['SelectCol', ['SelectRow1', ['SelectRow1', 'input@0', '>=', 'percent', 31], '<', 'percent', 44], ['percent']]
    # SelectCol(SelectRow1(SelectRow1(@param0, >=, 1, 31@Int), <=, 1, 31@Int), ['1'])
      --> ['SelectCol', ['SelectRow1', ['SelectRow1', 'input@0', '>=', 'percent', 31], '<=', 'percent', 31], ['percent']]
    # SelectCol(SelectRow1(SelectRow1(@param0, >=, 1, 31@Int), <=, 1, 31@Int), ['-99', '-2'])
      --> ['SelectCol', ['SelectRow1', ['SelectRow1', 'input@0', '>=', 'percent', 31], '<=', 'percent', 31], ['percent']]
    # SelectCol(SelectRow1(SelectRow1(@param0, >=, 1, 31@Int), ==, 0, African American@Str), ['1'])
      --> ['SelectCol', ['SelectRow1', ['SelectRow1', 'input@0', '>=', 'percent', 31], '==', 'race', 'African American'], ['percent']]
    # SelectCol(SelectRow1(SelectRow1(@param0, >=, 1, 31@Int), ==, 0, African American@Str), ['-99', '-2'])
      --> ['SelectCol', ['SelectRow1', ['SelectRow1', 'input@0', '>=', 'percent', 31], '==', 'race', 'African American'], ['percent']]
    # SelectCol(SelectRow1(SelectRow1(@param0, >=, 1, 31@Int), ==, 1, 31@Int), ['1'])
      --> ['SelectCol', ['SelectRow1', ['SelectRow1', 'input@0', '>=', 'percent', 31], '==', 'percent', 31], ['percent']]
    # SelectCol(SelectRow1(SelectRow1(@param0, >=, 1, 31@Int), ==, 1, 31@Int), ['-99', '-2'])
      --> ['SelectCol', ['SelectRow1', ['SelectRow1', 'input@0', '>=', 'percent', 31], '==', 'percent', 31], ['percent']]
    # SelectCol(SelectRow1(SelectRow1(@param0, >=, 1, 31@Int), !=, 0, White@Str), ['1'])
      --> ['SelectCol', ['SelectRow1', ['SelectRow1', 'input@0', '>=', 'percent', 31], '!=', 'race', 'White'], ['percent']]
    # SelectCol(SelectRow1(SelectRow1(@param0, >=, 1, 31@Int), !=, 0, White@Str), ['-99', '-2'])
      --> ['SelectCol', ['SelectRow1', ['SelectRow1', 'input@0', '>=', 'percent', 31], '!=', 'race', 'White'], ['percent']]
    # SelectCol(SelectRow1(SelectRow1(@param0, >=, 1, 31@Int), !=, 1, 44@Int), ['1'])
      --> ['SelectCol', ['SelectRow1', ['SelectRow1', 'input@0', '>=', 'percent', 31], '!=', 'percent', 44], ['percent']]
    # SelectCol(SelectRow1(SelectRow1(@param0, >=, 1, 31@Int), !=, 1, 44@Int), ['-99', '-2'])
      --> ['SelectCol', ['SelectRow1', ['SelectRow1', 'input@0', '>=', 'percent', 31], '!=', 'percent', 44], ['percent']]
    # SelectCol(SelectRow1(SelectRow1(@param0, >, 1, 23@Int), <, 1, 44@Int), ['1'])
      --> ['SelectCol', ['SelectRow1', ['SelectRow1', 'input@0', '>', 'percent', 23], '<', 'percent', 44], ['percent']]
    # SelectCol(SelectRow1(SelectRow1(@param0, >, 1, 23@Int), <, 1, 44@Int), ['-99', '-2'])
      --> ['SelectCol', ['SelectRow1', ['SelectRow1', 'input@0', '>', 'percent', 23], '<', 'percent', 44], ['percent']]
    # SelectCol(SelectRow1(SelectRow1(@param0, >, 1, 23@Int), <=, 1, 31@Int), ['1'])
      --> ['SelectCol', ['SelectRow1', ['SelectRow1', 'input@0', '>', 'percent', 23], '<=', 'percent', 31], ['percent']]
    # SelectCol(SelectRow1(SelectRow1(@param0, >, 1, 23@Int), <=, 1, 31@Int), ['-99', '-2'])
      --> ['SelectCol', ['SelectRow1', ['SelectRow1', 'input@0', '>', 'percent', 23], '<=', 'percent', 31], ['percent']]
    # SelectCol(SelectRow1(SelectRow1(@param0, >, 1, 23@Int), ==, 0, African American@Str), ['1'])
      --> ['SelectCol', ['SelectRow1', ['SelectRow1', 'input@0', '>', 'percent', 23], '==', 'race', 'African American'], ['percent']]
    # SelectCol(SelectRow1(SelectRow1(@param0, >, 1, 23@Int), ==, 0, African American@Str), ['-99', '-2'])
      --> ['SelectCol', ['SelectRow1', ['SelectRow1', 'input@0', '>', 'percent', 23], '==', 'race', 'African American'], ['percent']]
    # SelectCol(SelectRow1(SelectRow1(@param0, >, 1, 23@Int), ==, 1, 31@Int), ['1'])
      --> ['SelectCol', ['SelectRow1', ['SelectRow1', 'input@0', '>', 'percent', 23], '==', 'percent', 31], ['percent']]
    # SelectCol(SelectRow1(SelectRow1(@param0, >, 1, 23@Int), ==, 1, 31@Int), ['-99', '-2'])
      --> ['SelectCol', ['SelectRow1', ['SelectRow1', 'input@0', '>', 'percent', 23], '==', 'percent', 31], ['percent']]
    # SelectCol(SelectRow1(SelectRow1(@param0, >, 1, 23@Int), !=, 0, White@Str), ['1'])
      --> ['SelectCol', ['SelectRow1', ['SelectRow1', 'input@0', '>', 'percent', 23], '!=', 'race', 'White'], ['percent']]
    # SelectCol(SelectRow1(SelectRow1(@param0, >, 1, 23@Int), !=, 0, White@Str), ['-99', '-2'])
      --> ['SelectCol', ['SelectRow1', ['SelectRow1', 'input@0', '>', 'percent', 23], '!=', 'race', 'White'], ['percent']]
    # SelectCol(SelectRow1(SelectRow1(@param0, >, 1, 23@Int), !=, 1, 44@Int), ['1'])
      --> ['SelectCol', ['SelectRow1', ['SelectRow1', 'input@0', '>', 'percent', 23], '!=', 'percent', 44], ['percent']]
    # SelectCol(SelectRow1(SelectRow1(@param0, >, 1, 23@Int), !=, 1, 44@Int), ['-99', '-2'])
      --> ['SelectCol', ['SelectRow1', ['SelectRow1', 'input@0', '>', 'percent', 23], '!=', 'percent', 44], ['percent']]
    # SelectCol(SelectRow1(SelectRow1(@param0, !=, 0, race@Str), ==, 0, African American@Str), ['1'])
      --> ['SelectCol', ['SelectRow1', ['SelectRow1', 'input@0', '!=', 'race', 'race'], '==', 'race', 'African American'], ['percent']]
    # SelectCol(SelectRow1(SelectRow1(@param0, !=, 0, race@Str), ==, 0, African American@Str), ['-99', '-2'])
      --> ['SelectCol', ['SelectRow1', ['SelectRow1', 'input@0', '!=', 'race', 'race'], '==', 'race', 'African American'], ['percent']]
    # SelectCol(SelectRow1(SelectRow1(@param0, !=, 0, race@Str), ==, 1, 31@Int), ['1'])
      --> ['SelectCol', ['SelectRow1', ['SelectRow1', 'input@0', '!=', 'race', 'race'], '==', 'percent', 31], ['percent']]
    # SelectCol(SelectRow1(SelectRow1(@param0, !=, 0, race@Str), ==, 1, 31@Int), ['-99', '-2'])
      --> ['SelectCol', ['SelectRow1', ['SelectRow1', 'input@0', '!=', 'race', 'race'], '==', 'percent', 31], ['percent']]
    # SelectCol(SelectRow1(SelectRow1(@param0, !=, 0, White@Str), ==, 0, African American@Str), ['1'])
      --> ['SelectCol', ['SelectRow1', ['SelectRow1', 'input@0', '!=', 'race', 'White'], '==', 'race', 'African American'], ['percent']]
    # SelectCol(SelectRow1(SelectRow1(@param0, !=, 0, White@Str), ==, 0, African American@Str), ['-99', '-2'])
      --> ['SelectCol', ['SelectRow1', ['SelectRow1', 'input@0', '!=', 'race', 'White'], '==', 'race', 'African American'], ['percent']]
    # SelectCol(SelectRow1(SelectRow1(@param0, !=, 0, White@Str), ==, 1, 31@Int), ['1'])
      --> ['SelectCol', ['SelectRow1', ['SelectRow1', 'input@0', '!=', 'race', 'White'], '==', 'percent', 31], ['percent']]
    # SelectCol(SelectRow1(SelectRow1(@param0, !=, 0, White@Str), ==, 1, 31@Int), ['-99', '-2'])
      --> ['SelectCol', ['SelectRow1', ['SelectRow1', 'input@0', '!=', 'race', 'White'], '==', 'percent', 31], ['percent']]
    # SelectCol(SelectRow1(SelectRow1(@param0, !=, 0, White@Str), >=, 1, 31@Int), ['1'])
      --> ['SelectCol', ['SelectRow1', ['SelectRow1', 'input@0', '!=', 'race', 'White'], '>=', 'percent', 31], ['percent']]
    # SelectCol(SelectRow1(SelectRow1(@param0, !=, 0, White@Str), >=, 1, 31@Int), ['-99', '-2'])
      --> ['SelectCol', ['SelectRow1', ['SelectRow1', 'input@0', '!=', 'race', 'White'], '>=', 'percent', 31], ['percent']]
    # SelectCol(SelectRow1(SelectRow1(@param0, !=, 0, White@Str), >, 1, 23@Int), ['1'])
      --> ['SelectCol', ['SelectRow1', ['SelectRow1', 'input@0', '!=', 'race', 'White'], '>', 'percent', 23], ['percent']]
    # SelectCol(SelectRow1(SelectRow1(@param0, !=, 0, White@Str), >, 1, 23@Int), ['-99', '-2'])
      --> ['SelectCol', ['SelectRow1', ['SelectRow1', 'input@0', '!=', 'race', 'White'], '>', 'percent', 23], ['percent']]
    # SelectCol(SelectRow1(SelectRow1(@param0, !=, 0, White@Str), !=, 0, Latino@Str), ['1'])
      --> ['SelectCol', ['SelectRow1', ['SelectRow1', 'input@0', '!=', 'race', 'White'], '!=', 'race', 'Latino'], ['percent']]
    # SelectCol(SelectRow1(SelectRow1(@param0, !=, 0, White@Str), !=, 0, Latino@Str), ['-99', '-2'])
      --> ['SelectCol', ['SelectRow1', ['SelectRow1', 'input@0', '!=', 'race', 'White'], '!=', 'race', 'Latino'], ['percent']]
    # SelectCol(SelectRow1(SelectRow1(@param0, !=, 0, White@Str), !=, 1, 23@Int), ['1'])
      --> ['SelectCol', ['SelectRow1', ['SelectRow1', 'input@0', '!=', 'race', 'White'], '!=', 'percent', 23], ['percent']]
    # SelectCol(SelectRow1(SelectRow1(@param0, !=, 0, White@Str), !=, 1, 23@Int), ['-99', '-2'])
      --> ['SelectCol', ['SelectRow1', ['SelectRow1', 'input@0', '!=', 'race', 'White'], '!=', 'percent', 23], ['percent']]
    # SelectCol(SelectRow1(SelectRow1(@param0, !=, 0, percent@Str), ==, 0, African American@Str), ['1'])
      --> ['SelectCol', ['SelectRow1', ['SelectRow1', 'input@0', '!=', 'race', 'percent'], '==', 'race', 'African American'], ['percent']]
    # SelectCol(SelectRow1(SelectRow1(@param0, !=, 0, percent@Str), ==, 0, African American@Str), ['-99', '-2'])
      --> ['SelectCol', ['SelectRow1', ['SelectRow1', 'input@0', '!=', 'race', 'percent'], '==', 'race', 'African American'], ['percent']]
    # SelectCol(SelectRow1(SelectRow1(@param0, !=, 0, percent@Str), ==, 1, 31@Int), ['1'])
      --> ['SelectCol', ['SelectRow1', ['SelectRow1', 'input@0', '!=', 'race', 'percent'], '==', 'percent', 31], ['percent']]
    # SelectCol(SelectRow1(SelectRow1(@param0, !=, 0, percent@Str), ==, 1, 31@Int), ['-99', '-2'])
      --> ['SelectCol', ['SelectRow1', ['SelectRow1', 'input@0', '!=', 'race', 'percent'], '==', 'percent', 31], ['percent']]
    # SelectCol(SelectRow1(SelectRow1(@param0, !=, 0, 44@Int), ==, 0, African American@Str), ['1'])
      --> ['SelectCol', ['SelectRow1', ['SelectRow1', 'input@0', '!=', 'race', 44], '==', 'race', 'African American'], ['percent']]
    # SelectCol(SelectRow1(SelectRow1(@param0, !=, 0, 44@Int), ==, 0, African American@Str), ['-99', '-2'])
      --> ['SelectCol', ['SelectRow1', ['SelectRow1', 'input@0', '!=', 'race', 44], '==', 'race', 'African American'], ['percent']]
    # SelectCol(SelectRow1(SelectRow1(@param0, !=, 0, 44@Int), ==, 1, 31@Int), ['1'])
      --> ['SelectCol', ['SelectRow1', ['SelectRow1', 'input@0', '!=', 'race', 44], '==', 'percent', 31], ['percent']]
    # SelectCol(SelectRow1(SelectRow1(@param0, !=, 0, 44@Int), ==, 1, 31@Int), ['-99', '-2'])
      --> ['SelectCol', ['SelectRow1', ['SelectRow1', 'input@0', '!=', 'race', 44], '==', 'percent', 31], ['percent']]
    # SelectCol(SelectRow1(SelectRow1(@param0, !=, 0, blue@Str), ==, 0, African American@Str), ['1'])
      --> ['SelectCol', ['SelectRow1', ['SelectRow1', 'input@0', '!=', 'race', 'blue'], '==', 'race', 'African American'], ['percent']]
    # SelectCol(SelectRow1(SelectRow1(@param0, !=, 0, blue@Str), ==, 0, African American@Str), ['-99', '-2'])
      --> ['SelectCol', ['SelectRow1', ['SelectRow1', 'input@0', '!=', 'race', 'blue'], '==', 'race', 'African American'], ['percent']]
    # SelectCol(SelectRow1(SelectRow1(@param0, !=, 0, blue@Str), ==, 1, 31@Int), ['1'])
      --> ['SelectCol', ['SelectRow1', ['SelectRow1', 'input@0', '!=', 'race', 'blue'], '==', 'percent', 31], ['percent']]
    # SelectCol(SelectRow1(SelectRow1(@param0, !=, 0, blue@Str), ==, 1, 31@Int), ['-99', '-2'])
      --> ['SelectCol', ['SelectRow1', ['SelectRow1', 'input@0', '!=', 'race', 'blue'], '==', 'percent', 31], ['percent']]
    # SelectCol(SelectRow1(SelectRow1(@param0, !=, 0, 23@Int), ==, 0, African American@Str), ['1'])
      --> ['SelectCol', ['SelectRow1', ['SelectRow1', 'input@0', '!=', 'race', 23], '==', 'race', 'African American'], ['percent']]
    # SelectCol(SelectRow1(SelectRow1(@param0, !=, 0, 23@Int), ==, 0, African American@Str), ['-99', '-2'])
      --> ['SelectCol', ['SelectRow1', ['SelectRow1', 'input@0', '!=', 'race', 23], '==', 'race', 'African American'], ['percent']]
    # SelectCol(SelectRow1(SelectRow1(@param0, !=, 0, 23@Int), ==, 1, 31@Int), ['1'])
      --> ['SelectCol', ['SelectRow1', ['SelectRow1', 'input@0', '!=', 'race', 23], '==', 'percent', 31], ['percent']]
    # SelectCol(SelectRow1(SelectRow1(@param0, !=, 0, 23@Int), ==, 1, 31@Int), ['-99', '-2'])
      --> ['SelectCol', ['SelectRow1', ['SelectRow1', 'input@0', '!=', 'race', 23], '==', 'percent', 31], ['percent']]
    # SelectCol(SelectRow1(SelectRow1(@param0, !=, 0, color@Str), ==, 0, African American@Str), ['1'])
      --> ['SelectCol', ['SelectRow1', ['SelectRow1', 'input@0', '!=', 'race', 'color'], '==', 'race', 'African American'], ['percent']]
    # SelectCol(SelectRow1(SelectRow1(@param0, !=, 0, color@Str), ==, 0, African American@Str), ['-99', '-2'])
      --> ['SelectCol', ['SelectRow1', ['SelectRow1', 'input@0', '!=', 'race', 'color'], '==', 'race', 'African American'], ['percent']]
    # SelectCol(SelectRow1(SelectRow1(@param0, !=, 0, color@Str), ==, 1, 31@Int), ['1'])
      --> ['SelectCol', ['SelectRow1', ['SelectRow1', 'input@0', '!=', 'race', 'color'], '==', 'percent', 31], ['percent']]
    # SelectCol(SelectRow1(SelectRow1(@param0, !=, 0, color@Str), ==, 1, 31@Int), ['-99', '-2'])
      --> ['SelectCol', ['SelectRow1', ['SelectRow1', 'input@0', '!=', 'race', 'color'], '==', 'percent', 31], ['percent']]
    # SelectCol(SelectRow1(SelectRow1(@param0, !=, 0, Latino@Str), <, 1, 44@Int), ['1'])
      --> ['SelectCol', ['SelectRow1', ['SelectRow1', 'input@0', '!=', 'race', 'Latino'], '<', 'percent', 44], ['percent']]
    # SelectCol(SelectRow1(SelectRow1(@param0, !=, 0, Latino@Str), <, 1, 44@Int), ['-99', '-2'])
      --> ['SelectCol', ['SelectRow1', ['SelectRow1', 'input@0', '!=', 'race', 'Latino'], '<', 'percent', 44], ['percent']]
    # SelectCol(SelectRow1(SelectRow1(@param0, !=, 0, Latino@Str), <=, 1, 31@Int), ['1'])
      --> ['SelectCol', ['SelectRow1', ['SelectRow1', 'input@0', '!=', 'race', 'Latino'], '<=', 'percent', 31], ['percent']]
    # SelectCol(SelectRow1(SelectRow1(@param0, !=, 0, Latino@Str), <=, 1, 31@Int), ['-99', '-2'])
      --> ['SelectCol', ['SelectRow1', ['SelectRow1', 'input@0', '!=', 'race', 'Latino'], '<=', 'percent', 31], ['percent']]
    # SelectCol(SelectRow1(SelectRow1(@param0, !=, 0, Latino@Str), ==, 0, African American@Str), ['1'])
      --> ['SelectCol', ['SelectRow1', ['SelectRow1', 'input@0', '!=', 'race', 'Latino'], '==', 'race', 'African American'], ['percent']]
    # SelectCol(SelectRow1(SelectRow1(@param0, !=, 0, Latino@Str), ==, 0, African American@Str), ['-99', '-2'])
      --> ['SelectCol', ['SelectRow1', ['SelectRow1', 'input@0', '!=', 'race', 'Latino'], '==', 'race', 'African American'], ['percent']]
    # SelectCol(SelectRow1(SelectRow1(@param0, !=, 0, Latino@Str), ==, 1, 31@Int), ['1'])
      --> ['SelectCol', ['SelectRow1', ['SelectRow1', 'input@0', '!=', 'race', 'Latino'], '==', 'percent', 31], ['percent']]
    # SelectCol(SelectRow1(SelectRow1(@param0, !=, 0, Latino@Str), ==, 1, 31@Int), ['-99', '-2'])
      --> ['SelectCol', ['SelectRow1', ['SelectRow1', 'input@0', '!=', 'race', 'Latino'], '==', 'percent', 31], ['percent']]
    # SelectCol(SelectRow1(SelectRow1(@param0, !=, 0, Latino@Str), !=, 0, White@Str), ['1'])
      --> ['SelectCol', ['SelectRow1', ['SelectRow1', 'input@0', '!=', 'race', 'Latino'], '!=', 'race', 'White'], ['percent']]
    # SelectCol(SelectRow1(SelectRow1(@param0, !=, 0, Latino@Str), !=, 0, White@Str), ['-99', '-2'])
      --> ['SelectCol', ['SelectRow1', ['SelectRow1', 'input@0', '!=', 'race', 'Latino'], '!=', 'race', 'White'], ['percent']]
    # SelectCol(SelectRow1(SelectRow1(@param0, !=, 0, Latino@Str), !=, 1, 44@Int), ['1'])
      --> ['SelectCol', ['SelectRow1', ['SelectRow1', 'input@0', '!=', 'race', 'Latino'], '!=', 'percent', 44], ['percent']]
    # SelectCol(SelectRow1(SelectRow1(@param0, !=, 0, Latino@Str), !=, 1, 44@Int), ['-99', '-2'])
      --> ['SelectCol', ['SelectRow1', ['SelectRow1', 'input@0', '!=', 'race', 'Latino'], '!=', 'percent', 44], ['percent']]
    # SelectCol(SelectRow1(SelectRow1(@param0, !=, 0, 31@Int), ==, 0, African American@Str), ['1'])
      --> ['SelectCol', ['SelectRow1', ['SelectRow1', 'input@0', '!=', 'race', 31], '==', 'race', 'African American'], ['percent']]
    # SelectCol(SelectRow1(SelectRow1(@param0, !=, 0, 31@Int), ==, 0, African American@Str), ['-99', '-2'])
      --> ['SelectCol', ['SelectRow1', ['SelectRow1', 'input@0', '!=', 'race', 31], '==', 'race', 'African American'], ['percent']]
    # SelectCol(SelectRow1(SelectRow1(@param0, !=, 0, 31@Int), ==, 1, 31@Int), ['1'])
      --> ['SelectCol', ['SelectRow1', ['SelectRow1', 'input@0', '!=', 'race', 31], '==', 'percent', 31], ['percent']]
    # SelectCol(SelectRow1(SelectRow1(@param0, !=, 0, 31@Int), ==, 1, 31@Int), ['-99', '-2'])
      --> ['SelectCol', ['SelectRow1', ['SelectRow1', 'input@0', '!=', 'race', 31], '==', 'percent', 31], ['percent']]
    # SelectCol(SelectRow1(SelectRow1(@param0, !=, 1, race@Str), ==, 0, African American@Str), ['1'])
      --> ['SelectCol', ['SelectRow1', ['SelectRow1', 'input@0', '!=', 'percent', 'race'], '==', 'race', 'African American'], ['percent']]
    # SelectCol(SelectRow1(SelectRow1(@param0, !=, 1, race@Str), ==, 0, African American@Str), ['-99', '-2'])
      --> ['SelectCol', ['SelectRow1', ['SelectRow1', 'input@0', '!=', 'percent', 'race'], '==', 'race', 'African American'], ['percent']]
    # SelectCol(SelectRow1(SelectRow1(@param0, !=, 1, race@Str), ==, 1, 31@Int), ['1'])
      --> ['SelectCol', ['SelectRow1', ['SelectRow1', 'input@0', '!=', 'percent', 'race'], '==', 'percent', 31], ['percent']]
    # SelectCol(SelectRow1(SelectRow1(@param0, !=, 1, race@Str), ==, 1, 31@Int), ['-99', '-2'])
      --> ['SelectCol', ['SelectRow1', ['SelectRow1', 'input@0', '!=', 'percent', 'race'], '==', 'percent', 31], ['percent']]
    # SelectCol(SelectRow1(SelectRow1(@param0, !=, 1, White@Str), ==, 0, African American@Str), ['1'])
      --> ['SelectCol', ['SelectRow1', ['SelectRow1', 'input@0', '!=', 'percent', 'White'], '==', 'race', 'African American'], ['percent']]
    # SelectCol(SelectRow1(SelectRow1(@param0, !=, 1, White@Str), ==, 0, African American@Str), ['-99', '-2'])
      --> ['SelectCol', ['SelectRow1', ['SelectRow1', 'input@0', '!=', 'percent', 'White'], '==', 'race', 'African American'], ['percent']]
    # SelectCol(SelectRow1(SelectRow1(@param0, !=, 1, White@Str), ==, 1, 31@Int), ['1'])
      --> ['SelectCol', ['SelectRow1', ['SelectRow1', 'input@0', '!=', 'percent', 'White'], '==', 'percent', 31], ['percent']]
    # SelectCol(SelectRow1(SelectRow1(@param0, !=, 1, White@Str), ==, 1, 31@Int), ['-99', '-2'])
      --> ['SelectCol', ['SelectRow1', ['SelectRow1', 'input@0', '!=', 'percent', 'White'], '==', 'percent', 31], ['percent']]
    # SelectCol(SelectRow1(SelectRow1(@param0, !=, 1, percent@Str), ==, 0, African American@Str), ['1'])
      --> ['SelectCol', ['SelectRow1', ['SelectRow1', 'input@0', '!=', 'percent', 'percent'], '==', 'race', 'African American'], ['percent']]
    # SelectCol(SelectRow1(SelectRow1(@param0, !=, 1, percent@Str), ==, 0, African American@Str), ['-99', '-2'])
      --> ['SelectCol', ['SelectRow1', ['SelectRow1', 'input@0', '!=', 'percent', 'percent'], '==', 'race', 'African American'], ['percent']]
    # SelectCol(SelectRow1(SelectRow1(@param0, !=, 1, percent@Str), ==, 1, 31@Int), ['1'])
      --> ['SelectCol', ['SelectRow1', ['SelectRow1', 'input@0', '!=', 'percent', 'percent'], '==', 'percent', 31], ['percent']]
    # SelectCol(SelectRow1(SelectRow1(@param0, !=, 1, percent@Str), ==, 1, 31@Int), ['-99', '-2'])
      --> ['SelectCol', ['SelectRow1', ['SelectRow1', 'input@0', '!=', 'percent', 'percent'], '==', 'percent', 31], ['percent']]
    # SelectCol(SelectRow1(SelectRow1(@param0, !=, 1, 44@Int), ==, 0, African American@Str), ['1'])
      --> ['SelectCol', ['SelectRow1', ['SelectRow1', 'input@0', '!=', 'percent', 44], '==', 'race', 'African American'], ['percent']]
    # SelectCol(SelectRow1(SelectRow1(@param0, !=, 1, 44@Int), ==, 0, African American@Str), ['-99', '-2'])
      --> ['SelectCol', ['SelectRow1', ['SelectRow1', 'input@0', '!=', 'percent', 44], '==', 'race', 'African American'], ['percent']]
    # SelectCol(SelectRow1(SelectRow1(@param0, !=, 1, 44@Int), ==, 1, 31@Int), ['1'])
      --> ['SelectCol', ['SelectRow1', ['SelectRow1', 'input@0', '!=', 'percent', 44], '==', 'percent', 31], ['percent']]
    # SelectCol(SelectRow1(SelectRow1(@param0, !=, 1, 44@Int), ==, 1, 31@Int), ['-99', '-2'])
      --> ['SelectCol', ['SelectRow1', ['SelectRow1', 'input@0', '!=', 'percent', 44], '==', 'percent', 31], ['percent']]
    # SelectCol(SelectRow1(SelectRow1(@param0, !=, 1, 44@Int), >=, 1, 31@Int), ['1'])
      --> ['SelectCol', ['SelectRow1', ['SelectRow1', 'input@0', '!=', 'percent', 44], '>=', 'percent', 31], ['percent']]
    # SelectCol(SelectRow1(SelectRow1(@param0, !=, 1, 44@Int), >=, 1, 31@Int), ['-99', '-2'])
      --> ['SelectCol', ['SelectRow1', ['SelectRow1', 'input@0', '!=', 'percent', 44], '>=', 'percent', 31], ['percent']]
    # SelectCol(SelectRow1(SelectRow1(@param0, !=, 1, 44@Int), >, 1, 23@Int), ['1'])
      --> ['SelectCol', ['SelectRow1', ['SelectRow1', 'input@0', '!=', 'percent', 44], '>', 'percent', 23], ['percent']]
    # SelectCol(SelectRow1(SelectRow1(@param0, !=, 1, 44@Int), >, 1, 23@Int), ['-99', '-2'])
      --> ['SelectCol', ['SelectRow1', ['SelectRow1', 'input@0', '!=', 'percent', 44], '>', 'percent', 23], ['percent']]
    # SelectCol(SelectRow1(SelectRow1(@param0, !=, 1, 44@Int), !=, 0, Latino@Str), ['1'])
      --> ['SelectCol', ['SelectRow1', ['SelectRow1', 'input@0', '!=', 'percent', 44], '!=', 'race', 'Latino'], ['percent']]
    # SelectCol(SelectRow1(SelectRow1(@param0, !=, 1, 44@Int), !=, 0, Latino@Str), ['-99', '-2'])
      --> ['SelectCol', ['SelectRow1', ['SelectRow1', 'input@0', '!=', 'percent', 44], '!=', 'race', 'Latino'], ['percent']]
    # SelectCol(SelectRow1(SelectRow1(@param0, !=, 1, 44@Int), !=, 1, 23@Int), ['1'])
      --> ['SelectCol', ['SelectRow1', ['SelectRow1', 'input@0', '!=', 'percent', 44], '!=', 'percent', 23], ['percent']]
    # SelectCol(SelectRow1(SelectRow1(@param0, !=, 1, 44@Int), !=, 1, 23@Int), ['-99', '-2'])
      --> ['SelectCol', ['SelectRow1', ['SelectRow1', 'input@0', '!=', 'percent', 44], '!=', 'percent', 23], ['percent']]
    # SelectCol(SelectRow1(SelectRow1(@param0, !=, 1, blue@Str), ==, 0, African American@Str), ['1'])
      --> ['SelectCol', ['SelectRow1', ['SelectRow1', 'input@0', '!=', 'percent', 'blue'], '==', 'race', 'African American'], ['percent']]
    # SelectCol(SelectRow1(SelectRow1(@param0, !=, 1, blue@Str), ==, 0, African American@Str), ['-99', '-2'])
      --> ['SelectCol', ['SelectRow1', ['SelectRow1', 'input@0', '!=', 'percent', 'blue'], '==', 'race', 'African American'], ['percent']]
    # SelectCol(SelectRow1(SelectRow1(@param0, !=, 1, blue@Str), ==, 1, 31@Int), ['1'])
      --> ['SelectCol', ['SelectRow1', ['SelectRow1', 'input@0', '!=', 'percent', 'blue'], '==', 'percent', 31], ['percent']]
    # SelectCol(SelectRow1(SelectRow1(@param0, !=, 1, blue@Str), ==, 1, 31@Int), ['-99', '-2'])
      --> ['SelectCol', ['SelectRow1', ['SelectRow1', 'input@0', '!=', 'percent', 'blue'], '==', 'percent', 31], ['percent']]
    # SelectCol(SelectRow1(SelectRow1(@param0, !=, 1, African American@Str), ==, 0, African American@Str), ['1'])
      --> ['SelectCol', ['SelectRow1', ['SelectRow1', 'input@0', '!=', 'percent', 'African American'], '==', 'race', 'African American'], ['percent']]
    # SelectCol(SelectRow1(SelectRow1(@param0, !=, 1, African American@Str), ==, 0, African American@Str), ['-99', '-2'])
      --> ['SelectCol', ['SelectRow1', ['SelectRow1', 'input@0', '!=', 'percent', 'African American'], '==', 'race', 'African American'], ['percent']]
    # SelectCol(SelectRow1(SelectRow1(@param0, !=, 1, African American@Str), ==, 1, 31@Int), ['1'])
      --> ['SelectCol', ['SelectRow1', ['SelectRow1', 'input@0', '!=', 'percent', 'African American'], '==', 'percent', 31], ['percent']]
    # SelectCol(SelectRow1(SelectRow1(@param0, !=, 1, African American@Str), ==, 1, 31@Int), ['-99', '-2'])
      --> ['SelectCol', ['SelectRow1', ['SelectRow1', 'input@0', '!=', 'percent', 'African American'], '==', 'percent', 31], ['percent']]
    # SelectCol(SelectRow1(SelectRow1(@param0, !=, 1, 23@Int), <, 1, 44@Int), ['1'])
      --> ['SelectCol', ['SelectRow1', ['SelectRow1', 'input@0', '!=', 'percent', 23], '<', 'percent', 44], ['percent']]
    # SelectCol(SelectRow1(SelectRow1(@param0, !=, 1, 23@Int), <, 1, 44@Int), ['-99', '-2'])
      --> ['SelectCol', ['SelectRow1', ['SelectRow1', 'input@0', '!=', 'percent', 23], '<', 'percent', 44], ['percent']]
    # SelectCol(SelectRow1(SelectRow1(@param0, !=, 1, 23@Int), <=, 1, 31@Int), ['1'])
      --> ['SelectCol', ['SelectRow1', ['SelectRow1', 'input@0', '!=', 'percent', 23], '<=', 'percent', 31], ['percent']]
    # SelectCol(SelectRow1(SelectRow1(@param0, !=, 1, 23@Int), <=, 1, 31@Int), ['-99', '-2'])
      --> ['SelectCol', ['SelectRow1', ['SelectRow1', 'input@0', '!=', 'percent', 23], '<=', 'percent', 31], ['percent']]
    # SelectCol(SelectRow1(SelectRow1(@param0, !=, 1, 23@Int), ==, 0, African American@Str), ['1'])
      --> ['SelectCol', ['SelectRow1', ['SelectRow1', 'input@0', '!=', 'percent', 23], '==', 'race', 'African American'], ['percent']]
    # SelectCol(SelectRow1(SelectRow1(@param0, !=, 1, 23@Int), ==, 0, African American@Str), ['-99', '-2'])
      --> ['SelectCol', ['SelectRow1', ['SelectRow1', 'input@0', '!=', 'percent', 23], '==', 'race', 'African American'], ['percent']]
    # SelectCol(SelectRow1(SelectRow1(@param0, !=, 1, 23@Int), ==, 1, 31@Int), ['1'])
      --> ['SelectCol', ['SelectRow1', ['SelectRow1', 'input@0', '!=', 'percent', 23], '==', 'percent', 31], ['percent']]
    # SelectCol(SelectRow1(SelectRow1(@param0, !=, 1, 23@Int), ==, 1, 31@Int), ['-99', '-2'])
      --> ['SelectCol', ['SelectRow1', ['SelectRow1', 'input@0', '!=', 'percent', 23], '==', 'percent', 31], ['percent']]
    # SelectCol(SelectRow1(SelectRow1(@param0, !=, 1, 23@Int), !=, 0, White@Str), ['1'])
      --> ['SelectCol', ['SelectRow1', ['SelectRow1', 'input@0', '!=', 'percent', 23], '!=', 'race', 'White'], ['percent']]
    # SelectCol(SelectRow1(SelectRow1(@param0, !=, 1, 23@Int), !=, 0, White@Str), ['-99', '-2'])
      --> ['SelectCol', ['SelectRow1', ['SelectRow1', 'input@0', '!=', 'percent', 23], '!=', 'race', 'White'], ['percent']]
    # SelectCol(SelectRow1(SelectRow1(@param0, !=, 1, 23@Int), !=, 1, 44@Int), ['1'])
      --> ['SelectCol', ['SelectRow1', ['SelectRow1', 'input@0', '!=', 'percent', 23], '!=', 'percent', 44], ['percent']]
    # SelectCol(SelectRow1(SelectRow1(@param0, !=, 1, 23@Int), !=, 1, 44@Int), ['-99', '-2'])
      --> ['SelectCol', ['SelectRow1', ['SelectRow1', 'input@0', '!=', 'percent', 23], '!=', 'percent', 44], ['percent']]
    # SelectCol(SelectRow1(SelectRow1(@param0, !=, 1, color@Str), ==, 0, African American@Str), ['1'])
      --> ['SelectCol', ['SelectRow1', ['SelectRow1', 'input@0', '!=', 'percent', 'color'], '==', 'race', 'African American'], ['percent']]
    # SelectCol(SelectRow1(SelectRow1(@param0, !=, 1, color@Str), ==, 0, African American@Str), ['-99', '-2'])
      --> ['SelectCol', ['SelectRow1', ['SelectRow1', 'input@0', '!=', 'percent', 'color'], '==', 'race', 'African American'], ['percent']]
    # SelectCol(SelectRow1(SelectRow1(@param0, !=, 1, color@Str), ==, 1, 31@Int), ['1'])
      --> ['SelectCol', ['SelectRow1', ['SelectRow1', 'input@0', '!=', 'percent', 'color'], '==', 'percent', 31], ['percent']]
    # SelectCol(SelectRow1(SelectRow1(@param0, !=, 1, color@Str), ==, 1, 31@Int), ['-99', '-2'])
      --> ['SelectCol', ['SelectRow1', ['SelectRow1', 'input@0', '!=', 'percent', 'color'], '==', 'percent', 31], ['percent']]
    # SelectCol(SelectRow1(SelectRow1(@param0, !=, 1, Latino@Str), ==, 0, African American@Str), ['1'])
      --> ['SelectCol', ['SelectRow1', ['SelectRow1', 'input@0', '!=', 'percent', 'Latino'], '==', 'race', 'African American'], ['percent']]
    # SelectCol(SelectRow1(SelectRow1(@param0, !=, 1, Latino@Str), ==, 0, African American@Str), ['-99', '-2'])
      --> ['SelectCol', ['SelectRow1', ['SelectRow1', 'input@0', '!=', 'percent', 'Latino'], '==', 'race', 'African American'], ['percent']]
    # SelectCol(SelectRow1(SelectRow1(@param0, !=, 1, Latino@Str), ==, 1, 31@Int), ['1'])
      --> ['SelectCol', ['SelectRow1', ['SelectRow1', 'input@0', '!=', 'percent', 'Latino'], '==', 'percent', 31], ['percent']]
    # SelectCol(SelectRow1(SelectRow1(@param0, !=, 1, Latino@Str), ==, 1, 31@Int), ['-99', '-2'])
      --> ['SelectCol', ['SelectRow1', ['SelectRow1', 'input@0', '!=', 'percent', 'Latino'], '==', 'percent', 31], ['percent']]
    # SelectCol(SelectRow1(SelectRow1(@param0, !=, 2, race@Str), ==, 0, African American@Str), ['1'])
      --> ['SelectCol', ['SelectRow1', ['SelectRow1', 'input@0', '!=', 'color', 'race'], '==', 'race', 'African American'], ['percent']]
    # SelectCol(SelectRow1(SelectRow1(@param0, !=, 2, race@Str), ==, 0, African American@Str), ['-99', '-2'])
      --> ['SelectCol', ['SelectRow1', ['SelectRow1', 'input@0', '!=', 'color', 'race'], '==', 'race', 'African American'], ['percent']]
    # SelectCol(SelectRow1(SelectRow1(@param0, !=, 2, race@Str), ==, 1, 31@Int), ['1'])
      --> ['SelectCol', ['SelectRow1', ['SelectRow1', 'input@0', '!=', 'color', 'race'], '==', 'percent', 31], ['percent']]
    # SelectCol(SelectRow1(SelectRow1(@param0, !=, 2, race@Str), ==, 1, 31@Int), ['-99', '-2'])
      --> ['SelectCol', ['SelectRow1', ['SelectRow1', 'input@0', '!=', 'color', 'race'], '==', 'percent', 31], ['percent']]
    # SelectCol(SelectRow1(SelectRow1(@param0, !=, 2, White@Str), ==, 0, African American@Str), ['1'])
      --> ['SelectCol', ['SelectRow1', ['SelectRow1', 'input@0', '!=', 'color', 'White'], '==', 'race', 'African American'], ['percent']]
    # SelectCol(SelectRow1(SelectRow1(@param0, !=, 2, White@Str), ==, 0, African American@Str), ['-99', '-2'])
      --> ['SelectCol', ['SelectRow1', ['SelectRow1', 'input@0', '!=', 'color', 'White'], '==', 'race', 'African American'], ['percent']]
    # SelectCol(SelectRow1(SelectRow1(@param0, !=, 2, White@Str), ==, 1, 31@Int), ['1'])
      --> ['SelectCol', ['SelectRow1', ['SelectRow1', 'input@0', '!=', 'color', 'White'], '==', 'percent', 31], ['percent']]
    # SelectCol(SelectRow1(SelectRow1(@param0, !=, 2, White@Str), ==, 1, 31@Int), ['-99', '-2'])
      --> ['SelectCol', ['SelectRow1', ['SelectRow1', 'input@0', '!=', 'color', 'White'], '==', 'percent', 31], ['percent']]
    # SelectCol(SelectRow1(SelectRow1(@param0, !=, 2, percent@Str), ==, 0, African American@Str), ['1'])
      --> ['SelectCol', ['SelectRow1', ['SelectRow1', 'input@0', '!=', 'color', 'percent'], '==', 'race', 'African American'], ['percent']]
    # SelectCol(SelectRow1(SelectRow1(@param0, !=, 2, percent@Str), ==, 0, African American@Str), ['-99', '-2'])
      --> ['SelectCol', ['SelectRow1', ['SelectRow1', 'input@0', '!=', 'color', 'percent'], '==', 'race', 'African American'], ['percent']]
    # SelectCol(SelectRow1(SelectRow1(@param0, !=, 2, percent@Str), ==, 1, 31@Int), ['1'])
      --> ['SelectCol', ['SelectRow1', ['SelectRow1', 'input@0', '!=', 'color', 'percent'], '==', 'percent', 31], ['percent']]
    # SelectCol(SelectRow1(SelectRow1(@param0, !=, 2, percent@Str), ==, 1, 31@Int), ['-99', '-2'])
      --> ['SelectCol', ['SelectRow1', ['SelectRow1', 'input@0', '!=', 'color', 'percent'], '==', 'percent', 31], ['percent']]
    # SelectCol(SelectRow1(SelectRow1(@param0, !=, 2, 44@Int), ==, 0, African American@Str), ['1'])
      --> ['SelectCol', ['SelectRow1', ['SelectRow1', 'input@0', '!=', 'color', 44], '==', 'race', 'African American'], ['percent']]
    # SelectCol(SelectRow1(SelectRow1(@param0, !=, 2, 44@Int), ==, 0, African American@Str), ['-99', '-2'])
      --> ['SelectCol', ['SelectRow1', ['SelectRow1', 'input@0', '!=', 'color', 44], '==', 'race', 'African American'], ['percent']]
    # SelectCol(SelectRow1(SelectRow1(@param0, !=, 2, 44@Int), ==, 1, 31@Int), ['1'])
      --> ['SelectCol', ['SelectRow1', ['SelectRow1', 'input@0', '!=', 'color', 44], '==', 'percent', 31], ['percent']]
    # SelectCol(SelectRow1(SelectRow1(@param0, !=, 2, 44@Int), ==, 1, 31@Int), ['-99', '-2'])
      --> ['SelectCol', ['SelectRow1', ['SelectRow1', 'input@0', '!=', 'color', 44], '==', 'percent', 31], ['percent']]
    # SelectCol(SelectRow1(SelectRow1(@param0, !=, 2, African American@Str), ==, 0, African American@Str), ['1'])
      --> ['SelectCol', ['SelectRow1', ['SelectRow1', 'input@0', '!=', 'color', 'African American'], '==', 'race', 'African American'], ['percent']]
    # SelectCol(SelectRow1(SelectRow1(@param0, !=, 2, African American@Str), ==, 0, African American@Str), ['-99', '-2'])
      --> ['SelectCol', ['SelectRow1', ['SelectRow1', 'input@0', '!=', 'color', 'African American'], '==', 'race', 'African American'], ['percent']]
    # SelectCol(SelectRow1(SelectRow1(@param0, !=, 2, African American@Str), ==, 1, 31@Int), ['1'])
      --> ['SelectCol', ['SelectRow1', ['SelectRow1', 'input@0', '!=', 'color', 'African American'], '==', 'percent', 31], ['percent']]
    # SelectCol(SelectRow1(SelectRow1(@param0, !=, 2, African American@Str), ==, 1, 31@Int), ['-99', '-2'])
      --> ['SelectCol', ['SelectRow1', ['SelectRow1', 'input@0', '!=', 'color', 'African American'], '==', 'percent', 31], ['percent']]
    # SelectCol(SelectRow1(SelectRow1(@param0, !=, 2, 23@Int), ==, 0, African American@Str), ['1'])
      --> ['SelectCol', ['SelectRow1', ['SelectRow1', 'input@0', '!=', 'color', 23], '==', 'race', 'African American'], ['percent']]
    # SelectCol(SelectRow1(SelectRow1(@param0, !=, 2, 23@Int), ==, 0, African American@Str), ['-99', '-2'])
      --> ['SelectCol', ['SelectRow1', ['SelectRow1', 'input@0', '!=', 'color', 23], '==', 'race', 'African American'], ['percent']]
    # SelectCol(SelectRow1(SelectRow1(@param0, !=, 2, 23@Int), ==, 1, 31@Int), ['1'])
      --> ['SelectCol', ['SelectRow1', ['SelectRow1', 'input@0', '!=', 'color', 23], '==', 'percent', 31], ['percent']]
    # SelectCol(SelectRow1(SelectRow1(@param0, !=, 2, 23@Int), ==, 1, 31@Int), ['-99', '-2'])
      --> ['SelectCol', ['SelectRow1', ['SelectRow1', 'input@0', '!=', 'color', 23], '==', 'percent', 31], ['percent']]
    # SelectCol(SelectRow1(SelectRow1(@param0, !=, 2, color@Str), ==, 0, African American@Str), ['1'])
      --> ['SelectCol', ['SelectRow1', ['SelectRow1', 'input@0', '!=', 'color', 'color'], '==', 'race', 'African American'], ['percent']]
    # SelectCol(SelectRow1(SelectRow1(@param0, !=, 2, color@Str), ==, 0, African American@Str), ['-99', '-2'])
      --> ['SelectCol', ['SelectRow1', ['SelectRow1', 'input@0', '!=', 'color', 'color'], '==', 'race', 'African American'], ['percent']]
    # SelectCol(SelectRow1(SelectRow1(@param0, !=, 2, color@Str), ==, 1, 31@Int), ['1'])
      --> ['SelectCol', ['SelectRow1', ['SelectRow1', 'input@0', '!=', 'color', 'color'], '==', 'percent', 31], ['percent']]
    # SelectCol(SelectRow1(SelectRow1(@param0, !=, 2, color@Str), ==, 1, 31@Int), ['-99', '-2'])
      --> ['SelectCol', ['SelectRow1', ['SelectRow1', 'input@0', '!=', 'color', 'color'], '==', 'percent', 31], ['percent']]
    # SelectCol(SelectRow1(SelectRow1(@param0, !=, 2, Latino@Str), ==, 0, African American@Str), ['1'])
      --> ['SelectCol', ['SelectRow1', ['SelectRow1', 'input@0', '!=', 'color', 'Latino'], '==', 'race', 'African American'], ['percent']]
    # SelectCol(SelectRow1(SelectRow1(@param0, !=, 2, Latino@Str), ==, 0, African American@Str), ['-99', '-2'])
      --> ['SelectCol', ['SelectRow1', ['SelectRow1', 'input@0', '!=', 'color', 'Latino'], '==', 'race', 'African American'], ['percent']]
    # SelectCol(SelectRow1(SelectRow1(@param0, !=, 2, Latino@Str), ==, 1, 31@Int), ['1'])
      --> ['SelectCol', ['SelectRow1', ['SelectRow1', 'input@0', '!=', 'color', 'Latino'], '==', 'percent', 31], ['percent']]
    # SelectCol(SelectRow1(SelectRow1(@param0, !=, 2, Latino@Str), ==, 1, 31@Int), ['-99', '-2'])
      --> ['SelectCol', ['SelectRow1', ['SelectRow1', 'input@0', '!=', 'color', 'Latino'], '==', 'percent', 31], ['percent']]
    # SelectCol(SelectRow1(SelectRow1(@param0, !=, 2, 31@Int), ==, 0, African American@Str), ['1'])
      --> ['SelectCol', ['SelectRow1', ['SelectRow1', 'input@0', '!=', 'color', 31], '==', 'race', 'African American'], ['percent']]
    # SelectCol(SelectRow1(SelectRow1(@param0, !=, 2, 31@Int), ==, 0, African American@Str), ['-99', '-2'])
      --> ['SelectCol', ['SelectRow1', ['SelectRow1', 'input@0', '!=', 'color', 31], '==', 'race', 'African American'], ['percent']]
    # SelectCol(SelectRow1(SelectRow1(@param0, !=, 2, 31@Int), ==, 1, 31@Int), ['1'])
      --> ['SelectCol', ['SelectRow1', ['SelectRow1', 'input@0', '!=', 'color', 31], '==', 'percent', 31], ['percent']]
    # SelectCol(SelectRow1(SelectRow1(@param0, !=, 2, 31@Int), ==, 1, 31@Int), ['-99', '-2'])
      --> ['SelectCol', ['SelectRow1', ['SelectRow1', 'input@0', '!=', 'color', 31], '==', 'percent', 31], ['percent']]
    # Summarize(SelectRow1(@param0, <, 1, 44@Int), max, 1)
      --> ['Summarize', ['SelectRow1', 'input@0', '<', 'percent', 44], 'max', 'percent']
    # Summarize(SelectRow1(@param0, <=, 1, 31@Int), max, 1)
      --> ['Summarize', ['SelectRow1', 'input@0', '<=', 'percent', 31], 'max', 'percent']
    # Summarize(SelectRow1(@param0, ==, 0, African American@Str), min, 1)
      --> ['Summarize', ['SelectRow1', 'input@0', '==', 'race', 'African American'], 'min', 'percent']
    # Summarize(SelectRow1(@param0, ==, 0, African American@Str), max, 1)
      --> ['Summarize', ['SelectRow1', 'input@0', '==', 'race', 'African American'], 'max', 'percent']
    # Summarize(SelectRow1(@param0, ==, 0, African American@Str), sum, 1)
      --> ['Summarize', ['SelectRow1', 'input@0', '==', 'race', 'African American'], 'sum', 'percent']
    # Summarize(SelectRow1(@param0, ==, 0, African American@Str), mean, 1)
      --> ['Summarize', ['SelectRow1', 'input@0', '==', 'race', 'African American'], 'mean', 'percent']
    # Summarize(SelectRow1(@param0, ==, 1, 31@Int), min, 1)
      --> ['Summarize', ['SelectRow1', 'input@0', '==', 'percent', 31], 'min', 'percent']
    # Summarize(SelectRow1(@param0, ==, 1, 31@Int), max, 1)
      --> ['Summarize', ['SelectRow1', 'input@0', '==', 'percent', 31], 'max', 'percent']
    # Summarize(SelectRow1(@param0, ==, 1, 31@Int), sum, 1)
      --> ['Summarize', ['SelectRow1', 'input@0', '==', 'percent', 31], 'sum', 'percent']
    # Summarize(SelectRow1(@param0, ==, 1, 31@Int), mean, 1)
      --> ['Summarize', ['SelectRow1', 'input@0', '==', 'percent', 31], 'mean', 'percent']
    # Summarize(SelectRow1(@param0, >=, 1, 31@Int), min, 1)
      --> ['Summarize', ['SelectRow1', 'input@0', '>=', 'percent', 31], 'min', 'percent']
    # Summarize(SelectRow1(@param0, >, 1, 23@Int), min, 1)
      --> ['Summarize', ['SelectRow1', 'input@0', '>', 'percent', 23], 'min', 'percent']
    # Summarize(SelectRow1(@param0, !=, 0, White@Str), max, 1)
      --> ['Summarize', ['SelectRow1', 'input@0', '!=', 'race', 'White'], 'max', 'percent']
    # Summarize(SelectRow1(@param0, !=, 0, Latino@Str), min, 1)
      --> ['Summarize', ['SelectRow1', 'input@0', '!=', 'race', 'Latino'], 'min', 'percent']
    # Summarize(SelectRow1(@param0, !=, 1, 44@Int), max, 1)
      --> ['Summarize', ['SelectRow1', 'input@0', '!=', 'percent', 44], 'max', 'percent']
    # Summarize(SelectRow1(@param0, !=, 1, 23@Int), min, 1)
      --> ['Summarize', ['SelectRow1', 'input@0', '!=', 'percent', 23], 'min', 'percent']
    # SelectCol(SelectRow1(@param0, ==, 0, African American@Str), ['1'])
      --> ['SelectCol', ['SelectRow1', 'input@0', '==', 'race', 'African American'], ['percent']]
    # SelectCol(SelectRow1(@param0, ==, 0, African American@Str), ['-99', '-2'])
      --> ['SelectCol', ['SelectRow1', 'input@0', '==', 'race', 'African American'], ['percent']]
    # SelectCol(SelectRow1(@param0, ==, 1, 31@Int), ['1'])
      --> ['SelectCol', ['SelectRow1', 'input@0', '==', 'percent', 31], ['percent']]
    # SelectCol(SelectRow1(@param0, ==, 1, 31@Int), ['-99', '-2'])
      --> ['SelectCol', ['SelectRow1', 'input@0', '==', 'percent', 31], ['percent']]

# ========== review report ========== #
# top-1, score: 0.00, answer: [31]
  # tprog: SelectCol(SelectRow0(SelectRow1(@param0, <, 1, 44@Int), eqmax, 1), ['1'])
# top-2, score: 0.00, answer: [31]
  # tprog: SelectCol(SelectRow0(SelectRow1(@param0, <, 1, 44@Int), eqmax, 1), ['-99', '-2'])
# top-3, score: 0.00, answer: [31]
  # tprog: SelectCol(SelectRow0(SelectRow1(@param0, <=, 1, 31@Int), eqmax, 1), ['1'])
# top-4, score: 0.00, answer: [31]
  # tprog: SelectCol(SelectRow0(SelectRow1(@param0, <=, 1, 31@Int), eqmax, 1), ['-99', '-2'])
# top-5, score: 0.00, answer: [31]
  # tprog: SelectCol(SelectRow0(SelectRow1(@param0, >=, 1, 31@Int), eqmin, 1), ['1'])
# top-6, score: 0.00, answer: [31]
  # tprog: SelectCol(SelectRow0(SelectRow1(@param0, >=, 1, 31@Int), eqmin, 1), ['-99', '-2'])
# top-7, score: 0.00, answer: [31]
  # tprog: SelectCol(SelectRow0(SelectRow1(@param0, >, 1, 23@Int), eqmin, 1), ['1'])
# top-8, score: 0.00, answer: [31]
  # tprog: SelectCol(SelectRow0(SelectRow1(@param0, >, 1, 23@Int), eqmin, 1), ['-99', '-2'])
# top-9, score: 0.00, answer: [31]
  # tprog: SelectCol(SelectRow0(SelectRow1(@param0, !=, 0, White@Str), eqmax, 1), ['1'])
# top-10, score: 0.00, answer: [31]
  # tprog: SelectCol(SelectRow0(SelectRow1(@param0, !=, 0, White@Str), eqmax, 1), ['-99', '-2'])
# top-11, score: 0.00, answer: [31]
  # tprog: SelectCol(SelectRow0(SelectRow1(@param0, !=, 0, Latino@Str), eqmin, 1), ['1'])
# top-12, score: 0.00, answer: [31]
  # tprog: SelectCol(SelectRow0(SelectRow1(@param0, !=, 0, Latino@Str), eqmin, 1), ['-99', '-2'])
# top-13, score: 0.00, answer: [31]
  # tprog: SelectCol(SelectRow0(SelectRow1(@param0, !=, 1, 44@Int), eqmax, 1), ['1'])
# top-14, score: 0.00, answer: [31]
  # tprog: SelectCol(SelectRow0(SelectRow1(@param0, !=, 1, 44@Int), eqmax, 1), ['-99', '-2'])
# top-15, score: 0.00, answer: [31]
  # tprog: SelectCol(SelectRow0(SelectRow1(@param0, !=, 1, 23@Int), eqmin, 1), ['1'])
# top-16, score: 0.00, answer: [31]
  # tprog: SelectCol(SelectRow0(SelectRow1(@param0, !=, 1, 23@Int), eqmin, 1), ['-99', '-2'])
# top-17, score: 0.00, answer: [31]
  # tprog: SelectCol(SelectRow1(SelectRow1(@param0, <, 1, 44@Int), ==, 0, African American@Str), ['1'])
# top-18, score: 0.00, answer: [31]
  # tprog: SelectCol(SelectRow1(SelectRow1(@param0, <, 1, 44@Int), ==, 0, African American@Str), ['-99', '-2'])
# top-19, score: 0.00, answer: [31]
  # tprog: SelectCol(SelectRow1(SelectRow1(@param0, <, 1, 44@Int), ==, 1, 31@Int), ['1'])
# top-20, score: 0.00, answer: [31]
  # tprog: SelectCol(SelectRow1(SelectRow1(@param0, <, 1, 44@Int), ==, 1, 31@Int), ['-99', '-2'])
# top-21, score: 0.00, answer: [31]
  # tprog: SelectCol(SelectRow1(SelectRow1(@param0, <, 1, 44@Int), >=, 1, 31@Int), ['1'])
# top-22, score: 0.00, answer: [31]
  # tprog: SelectCol(SelectRow1(SelectRow1(@param0, <, 1, 44@Int), >=, 1, 31@Int), ['-99', '-2'])
# top-23, score: 0.00, answer: [31]
  # tprog: SelectCol(SelectRow1(SelectRow1(@param0, <, 1, 44@Int), >, 1, 23@Int), ['1'])
# top-24, score: 0.00, answer: [31]
  # tprog: SelectCol(SelectRow1(SelectRow1(@param0, <, 1, 44@Int), >, 1, 23@Int), ['-99', '-2'])
# top-25, score: 0.00, answer: [31]
  # tprog: SelectCol(SelectRow1(SelectRow1(@param0, <, 1, 44@Int), !=, 0, Latino@Str), ['1'])
# top-26, score: 0.00, answer: [31]
  # tprog: SelectCol(SelectRow1(SelectRow1(@param0, <, 1, 44@Int), !=, 0, Latino@Str), ['-99', '-2'])
# top-27, score: 0.00, answer: [31]
  # tprog: SelectCol(SelectRow1(SelectRow1(@param0, <, 1, 44@Int), !=, 1, 23@Int), ['1'])
# top-28, score: 0.00, answer: [31]
  # tprog: SelectCol(SelectRow1(SelectRow1(@param0, <, 1, 44@Int), !=, 1, 23@Int), ['-99', '-2'])
# top-29, score: 0.00, answer: [31]
  # tprog: SelectCol(SelectRow1(SelectRow1(@param0, <=, 1, 44@Int), ==, 0, African American@Str), ['1'])
# top-30, score: 0.00, answer: [31]
  # tprog: SelectCol(SelectRow1(SelectRow1(@param0, <=, 1, 44@Int), ==, 0, African American@Str), ['-99', '-2'])
# top-31, score: 0.00, answer: [31]
  # tprog: SelectCol(SelectRow1(SelectRow1(@param0, <=, 1, 44@Int), ==, 1, 31@Int), ['1'])
# top-32, score: 0.00, answer: [31]
  # tprog: SelectCol(SelectRow1(SelectRow1(@param0, <=, 1, 44@Int), ==, 1, 31@Int), ['-99', '-2'])
# top-33, score: 0.00, answer: [31]
  # tprog: SelectCol(SelectRow1(SelectRow1(@param0, <=, 1, 31@Int), ==, 0, African American@Str), ['1'])
# top-34, score: 0.00, answer: [31]
  # tprog: SelectCol(SelectRow1(SelectRow1(@param0, <=, 1, 31@Int), ==, 0, African American@Str), ['-99', '-2'])
# top-35, score: 0.00, answer: [31]
  # tprog: SelectCol(SelectRow1(SelectRow1(@param0, <=, 1, 31@Int), ==, 1, 31@Int), ['1'])
# top-36, score: 0.00, answer: [31]
  # tprog: SelectCol(SelectRow1(SelectRow1(@param0, <=, 1, 31@Int), ==, 1, 31@Int), ['-99', '-2'])
# top-37, score: 0.00, answer: [31]
  # tprog: SelectCol(SelectRow1(SelectRow1(@param0, <=, 1, 31@Int), >=, 1, 31@Int), ['1'])
# top-38, score: 0.00, answer: [31]
  # tprog: SelectCol(SelectRow1(SelectRow1(@param0, <=, 1, 31@Int), >=, 1, 31@Int), ['-99', '-2'])
# top-39, score: 0.00, answer: [31]
  # tprog: SelectCol(SelectRow1(SelectRow1(@param0, <=, 1, 31@Int), >, 1, 23@Int), ['1'])
# top-40, score: 0.00, answer: [31]
  # tprog: SelectCol(SelectRow1(SelectRow1(@param0, <=, 1, 31@Int), >, 1, 23@Int), ['-99', '-2'])
# top-41, score: 0.00, answer: [31]
  # tprog: SelectCol(SelectRow1(SelectRow1(@param0, <=, 1, 31@Int), !=, 0, Latino@Str), ['1'])
# top-42, score: 0.00, answer: [31]
  # tprog: SelectCol(SelectRow1(SelectRow1(@param0, <=, 1, 31@Int), !=, 0, Latino@Str), ['-99', '-2'])
# top-43, score: 0.00, answer: [31]
  # tprog: SelectCol(SelectRow1(SelectRow1(@param0, <=, 1, 31@Int), !=, 1, 23@Int), ['1'])
# top-44, score: 0.00, answer: [31]
  # tprog: SelectCol(SelectRow1(SelectRow1(@param0, <=, 1, 31@Int), !=, 1, 23@Int), ['-99', '-2'])
# top-45, score: 0.00, answer: [31]
  # tprog: SelectCol(SelectRow1(SelectRow1(@param0, ==, 2, blue@Str), ==, 0, African American@Str), ['1'])
# top-46, score: 0.00, answer: [31]
  # tprog: SelectCol(SelectRow1(SelectRow1(@param0, ==, 2, blue@Str), ==, 0, African American@Str), ['-99', '-2'])
# top-47, score: 0.00, answer: [31]
  # tprog: SelectCol(SelectRow1(SelectRow1(@param0, ==, 2, blue@Str), ==, 1, 31@Int), ['1'])
# top-48, score: 0.00, answer: [31]
  # tprog: SelectCol(SelectRow1(SelectRow1(@param0, ==, 2, blue@Str), ==, 1, 31@Int), ['-99', '-2'])
# top-49, score: 0.00, answer: [31]
  # tprog: SelectCol(SelectRow1(SelectRow1(@param0, >=, 1, 23@Int), ==, 0, African American@Str), ['1'])
# top-50, score: 0.00, answer: [31]
  # tprog: SelectCol(SelectRow1(SelectRow1(@param0, >=, 1, 23@Int), ==, 0, African American@Str), ['-99', '-2'])
# top-51, score: 0.00, answer: [31]
  # tprog: SelectCol(SelectRow1(SelectRow1(@param0, >=, 1, 23@Int), ==, 1, 31@Int), ['1'])
# top-52, score: 0.00, answer: [31]
  # tprog: SelectCol(SelectRow1(SelectRow1(@param0, >=, 1, 23@Int), ==, 1, 31@Int), ['-99', '-2'])
# top-53, score: 0.00, answer: [31]
  # tprog: SelectCol(SelectRow1(SelectRow1(@param0, >=, 1, 31@Int), <, 1, 44@Int), ['1'])
# top-54, score: 0.00, answer: [31]
  # tprog: SelectCol(SelectRow1(SelectRow1(@param0, >=, 1, 31@Int), <, 1, 44@Int), ['-99', '-2'])
# top-55, score: 0.00, answer: [31]
  # tprog: SelectCol(SelectRow1(SelectRow1(@param0, >=, 1, 31@Int), <=, 1, 31@Int), ['1'])
# top-56, score: 0.00, answer: [31]
  # tprog: SelectCol(SelectRow1(SelectRow1(@param0, >=, 1, 31@Int), <=, 1, 31@Int), ['-99', '-2'])
# top-57, score: 0.00, answer: [31]
  # tprog: SelectCol(SelectRow1(SelectRow1(@param0, >=, 1, 31@Int), ==, 0, African American@Str), ['1'])
# top-58, score: 0.00, answer: [31]
  # tprog: SelectCol(SelectRow1(SelectRow1(@param0, >=, 1, 31@Int), ==, 0, African American@Str), ['-99', '-2'])
# top-59, score: 0.00, answer: [31]
  # tprog: SelectCol(SelectRow1(SelectRow1(@param0, >=, 1, 31@Int), ==, 1, 31@Int), ['1'])
# top-60, score: 0.00, answer: [31]
  # tprog: SelectCol(SelectRow1(SelectRow1(@param0, >=, 1, 31@Int), ==, 1, 31@Int), ['-99', '-2'])
# top-61, score: 0.00, answer: [31]
  # tprog: SelectCol(SelectRow1(SelectRow1(@param0, >=, 1, 31@Int), !=, 0, White@Str), ['1'])
# top-62, score: 0.00, answer: [31]
  # tprog: SelectCol(SelectRow1(SelectRow1(@param0, >=, 1, 31@Int), !=, 0, White@Str), ['-99', '-2'])
# top-63, score: 0.00, answer: [31]
  # tprog: SelectCol(SelectRow1(SelectRow1(@param0, >=, 1, 31@Int), !=, 1, 44@Int), ['1'])
# top-64, score: 0.00, answer: [31]
  # tprog: SelectCol(SelectRow1(SelectRow1(@param0, >=, 1, 31@Int), !=, 1, 44@Int), ['-99', '-2'])
# top-65, score: 0.00, answer: [31]
  # tprog: SelectCol(SelectRow1(SelectRow1(@param0, >, 1, 23@Int), <, 1, 44@Int), ['1'])
# top-66, score: 0.00, answer: [31]
  # tprog: SelectCol(SelectRow1(SelectRow1(@param0, >, 1, 23@Int), <, 1, 44@Int), ['-99', '-2'])
# top-67, score: 0.00, answer: [31]
  # tprog: SelectCol(SelectRow1(SelectRow1(@param0, >, 1, 23@Int), <=, 1, 31@Int), ['1'])
# top-68, score: 0.00, answer: [31]
  # tprog: SelectCol(SelectRow1(SelectRow1(@param0, >, 1, 23@Int), <=, 1, 31@Int), ['-99', '-2'])
# top-69, score: 0.00, answer: [31]
  # tprog: SelectCol(SelectRow1(SelectRow1(@param0, >, 1, 23@Int), ==, 0, African American@Str), ['1'])
# top-70, score: 0.00, answer: [31]
  # tprog: SelectCol(SelectRow1(SelectRow1(@param0, >, 1, 23@Int), ==, 0, African American@Str), ['-99', '-2'])
# top-71, score: 0.00, answer: [31]
  # tprog: SelectCol(SelectRow1(SelectRow1(@param0, >, 1, 23@Int), ==, 1, 31@Int), ['1'])
# top-72, score: 0.00, answer: [31]
  # tprog: SelectCol(SelectRow1(SelectRow1(@param0, >, 1, 23@Int), ==, 1, 31@Int), ['-99', '-2'])
# top-73, score: 0.00, answer: [31]
  # tprog: SelectCol(SelectRow1(SelectRow1(@param0, >, 1, 23@Int), !=, 0, White@Str), ['1'])
# top-74, score: 0.00, answer: [31]
  # tprog: SelectCol(SelectRow1(SelectRow1(@param0, >, 1, 23@Int), !=, 0, White@Str), ['-99', '-2'])
# top-75, score: 0.00, answer: [31]
  # tprog: SelectCol(SelectRow1(SelectRow1(@param0, >, 1, 23@Int), !=, 1, 44@Int), ['1'])
# top-76, score: 0.00, answer: [31]
  # tprog: SelectCol(SelectRow1(SelectRow1(@param0, >, 1, 23@Int), !=, 1, 44@Int), ['-99', '-2'])
# top-77, score: 0.00, answer: [31]
  # tprog: SelectCol(SelectRow1(SelectRow1(@param0, !=, 0, race@Str), ==, 0, African American@Str), ['1'])
# top-78, score: 0.00, answer: [31]
  # tprog: SelectCol(SelectRow1(SelectRow1(@param0, !=, 0, race@Str), ==, 0, African American@Str), ['-99', '-2'])
# top-79, score: 0.00, answer: [31]
  # tprog: SelectCol(SelectRow1(SelectRow1(@param0, !=, 0, race@Str), ==, 1, 31@Int), ['1'])
# top-80, score: 0.00, answer: [31]
  # tprog: SelectCol(SelectRow1(SelectRow1(@param0, !=, 0, race@Str), ==, 1, 31@Int), ['-99', '-2'])
# top-81, score: 0.00, answer: [31]
  # tprog: SelectCol(SelectRow1(SelectRow1(@param0, !=, 0, White@Str), ==, 0, African American@Str), ['1'])
# top-82, score: 0.00, answer: [31]
  # tprog: SelectCol(SelectRow1(SelectRow1(@param0, !=, 0, White@Str), ==, 0, African American@Str), ['-99', '-2'])
# top-83, score: 0.00, answer: [31]
  # tprog: SelectCol(SelectRow1(SelectRow1(@param0, !=, 0, White@Str), ==, 1, 31@Int), ['1'])
# top-84, score: 0.00, answer: [31]
  # tprog: SelectCol(SelectRow1(SelectRow1(@param0, !=, 0, White@Str), ==, 1, 31@Int), ['-99', '-2'])
# top-85, score: 0.00, answer: [31]
  # tprog: SelectCol(SelectRow1(SelectRow1(@param0, !=, 0, White@Str), >=, 1, 31@Int), ['1'])
# top-86, score: 0.00, answer: [31]
  # tprog: SelectCol(SelectRow1(SelectRow1(@param0, !=, 0, White@Str), >=, 1, 31@Int), ['-99', '-2'])
# top-87, score: 0.00, answer: [31]
  # tprog: SelectCol(SelectRow1(SelectRow1(@param0, !=, 0, White@Str), >, 1, 23@Int), ['1'])
# top-88, score: 0.00, answer: [31]
  # tprog: SelectCol(SelectRow1(SelectRow1(@param0, !=, 0, White@Str), >, 1, 23@Int), ['-99', '-2'])
# top-89, score: 0.00, answer: [31]
  # tprog: SelectCol(SelectRow1(SelectRow1(@param0, !=, 0, White@Str), !=, 0, Latino@Str), ['1'])
# top-90, score: 0.00, answer: [31]
  # tprog: SelectCol(SelectRow1(SelectRow1(@param0, !=, 0, White@Str), !=, 0, Latino@Str), ['-99', '-2'])
# top-91, score: 0.00, answer: [31]
  # tprog: SelectCol(SelectRow1(SelectRow1(@param0, !=, 0, White@Str), !=, 1, 23@Int), ['1'])
# top-92, score: 0.00, answer: [31]
  # tprog: SelectCol(SelectRow1(SelectRow1(@param0, !=, 0, White@Str), !=, 1, 23@Int), ['-99', '-2'])
# top-93, score: 0.00, answer: [31]
  # tprog: SelectCol(SelectRow1(SelectRow1(@param0, !=, 0, percent@Str), ==, 0, African American@Str), ['1'])
# top-94, score: 0.00, answer: [31]
  # tprog: SelectCol(SelectRow1(SelectRow1(@param0, !=, 0, percent@Str), ==, 0, African American@Str), ['-99', '-2'])
# top-95, score: 0.00, answer: [31]
  # tprog: SelectCol(SelectRow1(SelectRow1(@param0, !=, 0, percent@Str), ==, 1, 31@Int), ['1'])
# top-96, score: 0.00, answer: [31]
  # tprog: SelectCol(SelectRow1(SelectRow1(@param0, !=, 0, percent@Str), ==, 1, 31@Int), ['-99', '-2'])
# top-97, score: 0.00, answer: [31]
  # tprog: SelectCol(SelectRow1(SelectRow1(@param0, !=, 0, 44@Int), ==, 0, African American@Str), ['1'])
# top-98, score: 0.00, answer: [31]
  # tprog: SelectCol(SelectRow1(SelectRow1(@param0, !=, 0, 44@Int), ==, 0, African American@Str), ['-99', '-2'])
# top-99, score: 0.00, answer: [31]
  # tprog: SelectCol(SelectRow1(SelectRow1(@param0, !=, 0, 44@Int), ==, 1, 31@Int), ['1'])
# top-100, score: 0.00, answer: [31]
  # tprog: SelectCol(SelectRow1(SelectRow1(@param0, !=, 0, 44@Int), ==, 1, 31@Int), ['-99', '-2'])
# top-101, score: 0.00, answer: [31]
  # tprog: SelectCol(SelectRow1(SelectRow1(@param0, !=, 0, blue@Str), ==, 0, African American@Str), ['1'])
# top-102, score: 0.00, answer: [31]
  # tprog: SelectCol(SelectRow1(SelectRow1(@param0, !=, 0, blue@Str), ==, 0, African American@Str), ['-99', '-2'])
# top-103, score: 0.00, answer: [31]
  # tprog: SelectCol(SelectRow1(SelectRow1(@param0, !=, 0, blue@Str), ==, 1, 31@Int), ['1'])
# top-104, score: 0.00, answer: [31]
  # tprog: SelectCol(SelectRow1(SelectRow1(@param0, !=, 0, blue@Str), ==, 1, 31@Int), ['-99', '-2'])
# top-105, score: 0.00, answer: [31]
  # tprog: SelectCol(SelectRow1(SelectRow1(@param0, !=, 0, 23@Int), ==, 0, African American@Str), ['1'])
# top-106, score: 0.00, answer: [31]
  # tprog: SelectCol(SelectRow1(SelectRow1(@param0, !=, 0, 23@Int), ==, 0, African American@Str), ['-99', '-2'])
# top-107, score: 0.00, answer: [31]
  # tprog: SelectCol(SelectRow1(SelectRow1(@param0, !=, 0, 23@Int), ==, 1, 31@Int), ['1'])
# top-108, score: 0.00, answer: [31]
  # tprog: SelectCol(SelectRow1(SelectRow1(@param0, !=, 0, 23@Int), ==, 1, 31@Int), ['-99', '-2'])
# top-109, score: 0.00, answer: [31]
  # tprog: SelectCol(SelectRow1(SelectRow1(@param0, !=, 0, color@Str), ==, 0, African American@Str), ['1'])
# top-110, score: 0.00, answer: [31]
  # tprog: SelectCol(SelectRow1(SelectRow1(@param0, !=, 0, color@Str), ==, 0, African American@Str), ['-99', '-2'])
# top-111, score: 0.00, answer: [31]
  # tprog: SelectCol(SelectRow1(SelectRow1(@param0, !=, 0, color@Str), ==, 1, 31@Int), ['1'])
# top-112, score: 0.00, answer: [31]
  # tprog: SelectCol(SelectRow1(SelectRow1(@param0, !=, 0, color@Str), ==, 1, 31@Int), ['-99', '-2'])
# top-113, score: 0.00, answer: [31]
  # tprog: SelectCol(SelectRow1(SelectRow1(@param0, !=, 0, Latino@Str), <, 1, 44@Int), ['1'])
# top-114, score: 0.00, answer: [31]
  # tprog: SelectCol(SelectRow1(SelectRow1(@param0, !=, 0, Latino@Str), <, 1, 44@Int), ['-99', '-2'])
# top-115, score: 0.00, answer: [31]
  # tprog: SelectCol(SelectRow1(SelectRow1(@param0, !=, 0, Latino@Str), <=, 1, 31@Int), ['1'])
# top-116, score: 0.00, answer: [31]
  # tprog: SelectCol(SelectRow1(SelectRow1(@param0, !=, 0, Latino@Str), <=, 1, 31@Int), ['-99', '-2'])
# top-117, score: 0.00, answer: [31]
  # tprog: SelectCol(SelectRow1(SelectRow1(@param0, !=, 0, Latino@Str), ==, 0, African American@Str), ['1'])
# top-118, score: 0.00, answer: [31]
  # tprog: SelectCol(SelectRow1(SelectRow1(@param0, !=, 0, Latino@Str), ==, 0, African American@Str), ['-99', '-2'])
# top-119, score: 0.00, answer: [31]
  # tprog: SelectCol(SelectRow1(SelectRow1(@param0, !=, 0, Latino@Str), ==, 1, 31@Int), ['1'])
# top-120, score: 0.00, answer: [31]
  # tprog: SelectCol(SelectRow1(SelectRow1(@param0, !=, 0, Latino@Str), ==, 1, 31@Int), ['-99', '-2'])
# top-121, score: 0.00, answer: [31]
  # tprog: SelectCol(SelectRow1(SelectRow1(@param0, !=, 0, Latino@Str), !=, 0, White@Str), ['1'])
# top-122, score: 0.00, answer: [31]
  # tprog: SelectCol(SelectRow1(SelectRow1(@param0, !=, 0, Latino@Str), !=, 0, White@Str), ['-99', '-2'])
# top-123, score: 0.00, answer: [31]
  # tprog: SelectCol(SelectRow1(SelectRow1(@param0, !=, 0, Latino@Str), !=, 1, 44@Int), ['1'])
# top-124, score: 0.00, answer: [31]
  # tprog: SelectCol(SelectRow1(SelectRow1(@param0, !=, 0, Latino@Str), !=, 1, 44@Int), ['-99', '-2'])
# top-125, score: 0.00, answer: [31]
  # tprog: SelectCol(SelectRow1(SelectRow1(@param0, !=, 0, 31@Int), ==, 0, African American@Str), ['1'])
# top-126, score: 0.00, answer: [31]
  # tprog: SelectCol(SelectRow1(SelectRow1(@param0, !=, 0, 31@Int), ==, 0, African American@Str), ['-99', '-2'])
# top-127, score: 0.00, answer: [31]
  # tprog: SelectCol(SelectRow1(SelectRow1(@param0, !=, 0, 31@Int), ==, 1, 31@Int), ['1'])
# top-128, score: 0.00, answer: [31]
  # tprog: SelectCol(SelectRow1(SelectRow1(@param0, !=, 0, 31@Int), ==, 1, 31@Int), ['-99', '-2'])
# top-129, score: 0.00, answer: [31]
  # tprog: SelectCol(SelectRow1(SelectRow1(@param0, !=, 1, race@Str), ==, 0, African American@Str), ['1'])
# top-130, score: 0.00, answer: [31]
  # tprog: SelectCol(SelectRow1(SelectRow1(@param0, !=, 1, race@Str), ==, 0, African American@Str), ['-99', '-2'])
# top-131, score: 0.00, answer: [31]
  # tprog: SelectCol(SelectRow1(SelectRow1(@param0, !=, 1, race@Str), ==, 1, 31@Int), ['1'])
# top-132, score: 0.00, answer: [31]
  # tprog: SelectCol(SelectRow1(SelectRow1(@param0, !=, 1, race@Str), ==, 1, 31@Int), ['-99', '-2'])
# top-133, score: 0.00, answer: [31]
  # tprog: SelectCol(SelectRow1(SelectRow1(@param0, !=, 1, White@Str), ==, 0, African American@Str), ['1'])
# top-134, score: 0.00, answer: [31]
  # tprog: SelectCol(SelectRow1(SelectRow1(@param0, !=, 1, White@Str), ==, 0, African American@Str), ['-99', '-2'])
# top-135, score: 0.00, answer: [31]
  # tprog: SelectCol(SelectRow1(SelectRow1(@param0, !=, 1, White@Str), ==, 1, 31@Int), ['1'])
# top-136, score: 0.00, answer: [31]
  # tprog: SelectCol(SelectRow1(SelectRow1(@param0, !=, 1, White@Str), ==, 1, 31@Int), ['-99', '-2'])
# top-137, score: 0.00, answer: [31]
  # tprog: SelectCol(SelectRow1(SelectRow1(@param0, !=, 1, percent@Str), ==, 0, African American@Str), ['1'])
# top-138, score: 0.00, answer: [31]
  # tprog: SelectCol(SelectRow1(SelectRow1(@param0, !=, 1, percent@Str), ==, 0, African American@Str), ['-99', '-2'])
# top-139, score: 0.00, answer: [31]
  # tprog: SelectCol(SelectRow1(SelectRow1(@param0, !=, 1, percent@Str), ==, 1, 31@Int), ['1'])
# top-140, score: 0.00, answer: [31]
  # tprog: SelectCol(SelectRow1(SelectRow1(@param0, !=, 1, percent@Str), ==, 1, 31@Int), ['-99', '-2'])
# top-141, score: 0.00, answer: [31]
  # tprog: SelectCol(SelectRow1(SelectRow1(@param0, !=, 1, 44@Int), ==, 0, African American@Str), ['1'])
# top-142, score: 0.00, answer: [31]
  # tprog: SelectCol(SelectRow1(SelectRow1(@param0, !=, 1, 44@Int), ==, 0, African American@Str), ['-99', '-2'])
# top-143, score: 0.00, answer: [31]
  # tprog: SelectCol(SelectRow1(SelectRow1(@param0, !=, 1, 44@Int), ==, 1, 31@Int), ['1'])
# top-144, score: 0.00, answer: [31]
  # tprog: SelectCol(SelectRow1(SelectRow1(@param0, !=, 1, 44@Int), ==, 1, 31@Int), ['-99', '-2'])
# top-145, score: 0.00, answer: [31]
  # tprog: SelectCol(SelectRow1(SelectRow1(@param0, !=, 1, 44@Int), >=, 1, 31@Int), ['1'])
# top-146, score: 0.00, answer: [31]
  # tprog: SelectCol(SelectRow1(SelectRow1(@param0, !=, 1, 44@Int), >=, 1, 31@Int), ['-99', '-2'])
# top-147, score: 0.00, answer: [31]
  # tprog: SelectCol(SelectRow1(SelectRow1(@param0, !=, 1, 44@Int), >, 1, 23@Int), ['1'])
# top-148, score: 0.00, answer: [31]
  # tprog: SelectCol(SelectRow1(SelectRow1(@param0, !=, 1, 44@Int), >, 1, 23@Int), ['-99', '-2'])
# top-149, score: 0.00, answer: [31]
  # tprog: SelectCol(SelectRow1(SelectRow1(@param0, !=, 1, 44@Int), !=, 0, Latino@Str), ['1'])
# top-150, score: 0.00, answer: [31]
  # tprog: SelectCol(SelectRow1(SelectRow1(@param0, !=, 1, 44@Int), !=, 0, Latino@Str), ['-99', '-2'])
# top-151, score: 0.00, answer: [31]
  # tprog: SelectCol(SelectRow1(SelectRow1(@param0, !=, 1, 44@Int), !=, 1, 23@Int), ['1'])
# top-152, score: 0.00, answer: [31]
  # tprog: SelectCol(SelectRow1(SelectRow1(@param0, !=, 1, 44@Int), !=, 1, 23@Int), ['-99', '-2'])
# top-153, score: 0.00, answer: [31]
  # tprog: SelectCol(SelectRow1(SelectRow1(@param0, !=, 1, blue@Str), ==, 0, African American@Str), ['1'])
# top-154, score: 0.00, answer: [31]
  # tprog: SelectCol(SelectRow1(SelectRow1(@param0, !=, 1, blue@Str), ==, 0, African American@Str), ['-99', '-2'])
# top-155, score: 0.00, answer: [31]
  # tprog: SelectCol(SelectRow1(SelectRow1(@param0, !=, 1, blue@Str), ==, 1, 31@Int), ['1'])
# top-156, score: 0.00, answer: [31]
  # tprog: SelectCol(SelectRow1(SelectRow1(@param0, !=, 1, blue@Str), ==, 1, 31@Int), ['-99', '-2'])
# top-157, score: 0.00, answer: [31]
  # tprog: SelectCol(SelectRow1(SelectRow1(@param0, !=, 1, African American@Str), ==, 0, African American@Str), ['1'])
# top-158, score: 0.00, answer: [31]
  # tprog: SelectCol(SelectRow1(SelectRow1(@param0, !=, 1, African American@Str), ==, 0, African American@Str), ['-99', '-2'])
# top-159, score: 0.00, answer: [31]
  # tprog: SelectCol(SelectRow1(SelectRow1(@param0, !=, 1, African American@Str), ==, 1, 31@Int), ['1'])
# top-160, score: 0.00, answer: [31]
  # tprog: SelectCol(SelectRow1(SelectRow1(@param0, !=, 1, African American@Str), ==, 1, 31@Int), ['-99', '-2'])
# top-161, score: 0.00, answer: [31]
  # tprog: SelectCol(SelectRow1(SelectRow1(@param0, !=, 1, 23@Int), <, 1, 44@Int), ['1'])
# top-162, score: 0.00, answer: [31]
  # tprog: SelectCol(SelectRow1(SelectRow1(@param0, !=, 1, 23@Int), <, 1, 44@Int), ['-99', '-2'])
# top-163, score: 0.00, answer: [31]
  # tprog: SelectCol(SelectRow1(SelectRow1(@param0, !=, 1, 23@Int), <=, 1, 31@Int), ['1'])
# top-164, score: 0.00, answer: [31]
  # tprog: SelectCol(SelectRow1(SelectRow1(@param0, !=, 1, 23@Int), <=, 1, 31@Int), ['-99', '-2'])
# top-165, score: 0.00, answer: [31]
  # tprog: SelectCol(SelectRow1(SelectRow1(@param0, !=, 1, 23@Int), ==, 0, African American@Str), ['1'])
# top-166, score: 0.00, answer: [31]
  # tprog: SelectCol(SelectRow1(SelectRow1(@param0, !=, 1, 23@Int), ==, 0, African American@Str), ['-99', '-2'])
# top-167, score: 0.00, answer: [31]
  # tprog: SelectCol(SelectRow1(SelectRow1(@param0, !=, 1, 23@Int), ==, 1, 31@Int), ['1'])
# top-168, score: 0.00, answer: [31]
  # tprog: SelectCol(SelectRow1(SelectRow1(@param0, !=, 1, 23@Int), ==, 1, 31@Int), ['-99', '-2'])
# top-169, score: 0.00, answer: [31]
  # tprog: SelectCol(SelectRow1(SelectRow1(@param0, !=, 1, 23@Int), !=, 0, White@Str), ['1'])
# top-170, score: 0.00, answer: [31]
  # tprog: SelectCol(SelectRow1(SelectRow1(@param0, !=, 1, 23@Int), !=, 0, White@Str), ['-99', '-2'])
# top-171, score: 0.00, answer: [31]
  # tprog: SelectCol(SelectRow1(SelectRow1(@param0, !=, 1, 23@Int), !=, 1, 44@Int), ['1'])
# top-172, score: 0.00, answer: [31]
  # tprog: SelectCol(SelectRow1(SelectRow1(@param0, !=, 1, 23@Int), !=, 1, 44@Int), ['-99', '-2'])
# top-173, score: 0.00, answer: [31]
  # tprog: SelectCol(SelectRow1(SelectRow1(@param0, !=, 1, color@Str), ==, 0, African American@Str), ['1'])
# top-174, score: 0.00, answer: [31]
  # tprog: SelectCol(SelectRow1(SelectRow1(@param0, !=, 1, color@Str), ==, 0, African American@Str), ['-99', '-2'])
# top-175, score: 0.00, answer: [31]
  # tprog: SelectCol(SelectRow1(SelectRow1(@param0, !=, 1, color@Str), ==, 1, 31@Int), ['1'])
# top-176, score: 0.00, answer: [31]
  # tprog: SelectCol(SelectRow1(SelectRow1(@param0, !=, 1, color@Str), ==, 1, 31@Int), ['-99', '-2'])
# top-177, score: 0.00, answer: [31]
  # tprog: SelectCol(SelectRow1(SelectRow1(@param0, !=, 1, Latino@Str), ==, 0, African American@Str), ['1'])
# top-178, score: 0.00, answer: [31]
  # tprog: SelectCol(SelectRow1(SelectRow1(@param0, !=, 1, Latino@Str), ==, 0, African American@Str), ['-99', '-2'])
# top-179, score: 0.00, answer: [31]
  # tprog: SelectCol(SelectRow1(SelectRow1(@param0, !=, 1, Latino@Str), ==, 1, 31@Int), ['1'])
# top-180, score: 0.00, answer: [31]
  # tprog: SelectCol(SelectRow1(SelectRow1(@param0, !=, 1, Latino@Str), ==, 1, 31@Int), ['-99', '-2'])
# top-181, score: 0.00, answer: [31]
  # tprog: SelectCol(SelectRow1(SelectRow1(@param0, !=, 2, race@Str), ==, 0, African American@Str), ['1'])
# top-182, score: 0.00, answer: [31]
  # tprog: SelectCol(SelectRow1(SelectRow1(@param0, !=, 2, race@Str), ==, 0, African American@Str), ['-99', '-2'])
# top-183, score: 0.00, answer: [31]
  # tprog: SelectCol(SelectRow1(SelectRow1(@param0, !=, 2, race@Str), ==, 1, 31@Int), ['1'])
# top-184, score: 0.00, answer: [31]
  # tprog: SelectCol(SelectRow1(SelectRow1(@param0, !=, 2, race@Str), ==, 1, 31@Int), ['-99', '-2'])
# top-185, score: 0.00, answer: [31]
  # tprog: SelectCol(SelectRow1(SelectRow1(@param0, !=, 2, White@Str), ==, 0, African American@Str), ['1'])
# top-186, score: 0.00, answer: [31]
  # tprog: SelectCol(SelectRow1(SelectRow1(@param0, !=, 2, White@Str), ==, 0, African American@Str), ['-99', '-2'])
# top-187, score: 0.00, answer: [31]
  # tprog: SelectCol(SelectRow1(SelectRow1(@param0, !=, 2, White@Str), ==, 1, 31@Int), ['1'])
# top-188, score: 0.00, answer: [31]
  # tprog: SelectCol(SelectRow1(SelectRow1(@param0, !=, 2, White@Str), ==, 1, 31@Int), ['-99', '-2'])
# top-189, score: 0.00, answer: [31]
  # tprog: SelectCol(SelectRow1(SelectRow1(@param0, !=, 2, percent@Str), ==, 0, African American@Str), ['1'])
# top-190, score: 0.00, answer: [31]
  # tprog: SelectCol(SelectRow1(SelectRow1(@param0, !=, 2, percent@Str), ==, 0, African American@Str), ['-99', '-2'])
# top-191, score: 0.00, answer: [31]
  # tprog: SelectCol(SelectRow1(SelectRow1(@param0, !=, 2, percent@Str), ==, 1, 31@Int), ['1'])
# top-192, score: 0.00, answer: [31]
  # tprog: SelectCol(SelectRow1(SelectRow1(@param0, !=, 2, percent@Str), ==, 1, 31@Int), ['-99', '-2'])
# top-193, score: 0.00, answer: [31]
  # tprog: SelectCol(SelectRow1(SelectRow1(@param0, !=, 2, 44@Int), ==, 0, African American@Str), ['1'])
# top-194, score: 0.00, answer: [31]
  # tprog: SelectCol(SelectRow1(SelectRow1(@param0, !=, 2, 44@Int), ==, 0, African American@Str), ['-99', '-2'])
# top-195, score: 0.00, answer: [31]
  # tprog: SelectCol(SelectRow1(SelectRow1(@param0, !=, 2, 44@Int), ==, 1, 31@Int), ['1'])
# top-196, score: 0.00, answer: [31]
  # tprog: SelectCol(SelectRow1(SelectRow1(@param0, !=, 2, 44@Int), ==, 1, 31@Int), ['-99', '-2'])
# top-197, score: 0.00, answer: [31]
  # tprog: SelectCol(SelectRow1(SelectRow1(@param0, !=, 2, African American@Str), ==, 0, African American@Str), ['1'])
# top-198, score: 0.00, answer: [31]
  # tprog: SelectCol(SelectRow1(SelectRow1(@param0, !=, 2, African American@Str), ==, 0, African American@Str), ['-99', '-2'])
# top-199, score: 0.00, answer: [31]
  # tprog: SelectCol(SelectRow1(SelectRow1(@param0, !=, 2, African American@Str), ==, 1, 31@Int), ['1'])
# top-200, score: 0.00, answer: [31]
  # tprog: SelectCol(SelectRow1(SelectRow1(@param0, !=, 2, African American@Str), ==, 1, 31@Int), ['-99', '-2'])
# top-201, score: 0.00, answer: [31]
  # tprog: SelectCol(SelectRow1(SelectRow1(@param0, !=, 2, 23@Int), ==, 0, African American@Str), ['1'])
# top-202, score: 0.00, answer: [31]
  # tprog: SelectCol(SelectRow1(SelectRow1(@param0, !=, 2, 23@Int), ==, 0, African American@Str), ['-99', '-2'])
# top-203, score: 0.00, answer: [31]
  # tprog: SelectCol(SelectRow1(SelectRow1(@param0, !=, 2, 23@Int), ==, 1, 31@Int), ['1'])
# top-204, score: 0.00, answer: [31]
  # tprog: SelectCol(SelectRow1(SelectRow1(@param0, !=, 2, 23@Int), ==, 1, 31@Int), ['-99', '-2'])
# top-205, score: 0.00, answer: [31]
  # tprog: SelectCol(SelectRow1(SelectRow1(@param0, !=, 2, color@Str), ==, 0, African American@Str), ['1'])
# top-206, score: 0.00, answer: [31]
  # tprog: SelectCol(SelectRow1(SelectRow1(@param0, !=, 2, color@Str), ==, 0, African American@Str), ['-99', '-2'])
# top-207, score: 0.00, answer: [31]
  # tprog: SelectCol(SelectRow1(SelectRow1(@param0, !=, 2, color@Str), ==, 1, 31@Int), ['1'])
# top-208, score: 0.00, answer: [31]
  # tprog: SelectCol(SelectRow1(SelectRow1(@param0, !=, 2, color@Str), ==, 1, 31@Int), ['-99', '-2'])
# top-209, score: 0.00, answer: [31]
  # tprog: SelectCol(SelectRow1(SelectRow1(@param0, !=, 2, Latino@Str), ==, 0, African American@Str), ['1'])
# top-210, score: 0.00, answer: [31]
  # tprog: SelectCol(SelectRow1(SelectRow1(@param0, !=, 2, Latino@Str), ==, 0, African American@Str), ['-99', '-2'])
# top-211, score: 0.00, answer: [31]
  # tprog: SelectCol(SelectRow1(SelectRow1(@param0, !=, 2, Latino@Str), ==, 1, 31@Int), ['1'])
# top-212, score: 0.00, answer: [31]
  # tprog: SelectCol(SelectRow1(SelectRow1(@param0, !=, 2, Latino@Str), ==, 1, 31@Int), ['-99', '-2'])
# top-213, score: 0.00, answer: [31]
  # tprog: SelectCol(SelectRow1(SelectRow1(@param0, !=, 2, 31@Int), ==, 0, African American@Str), ['1'])
# top-214, score: 0.00, answer: [31]
  # tprog: SelectCol(SelectRow1(SelectRow1(@param0, !=, 2, 31@Int), ==, 0, African American@Str), ['-99', '-2'])
# top-215, score: 0.00, answer: [31]
  # tprog: SelectCol(SelectRow1(SelectRow1(@param0, !=, 2, 31@Int), ==, 1, 31@Int), ['1'])
# top-216, score: 0.00, answer: [31]
  # tprog: SelectCol(SelectRow1(SelectRow1(@param0, !=, 2, 31@Int), ==, 1, 31@Int), ['-99', '-2'])
# top-217, score: 0.00, answer: [31]
  # tprog: Summarize(SelectRow1(@param0, <, 1, 44@Int), max, 1)
# top-218, score: 0.00, answer: [31]
  # tprog: Summarize(SelectRow1(@param0, <=, 1, 31@Int), max, 1)
# top-219, score: 0.00, answer: [31]
  # tprog: Summarize(SelectRow1(@param0, ==, 0, African American@Str), min, 1)
# top-220, score: 0.00, answer: [31]
  # tprog: Summarize(SelectRow1(@param0, ==, 0, African American@Str), max, 1)
# top-221, score: 0.00, answer: [31]
  # tprog: Summarize(SelectRow1(@param0, ==, 0, African American@Str), sum, 1)
# top-222, score: 0.00, answer: [31]
  # tprog: Summarize(SelectRow1(@param0, ==, 0, African American@Str), mean, 1)
# top-223, score: 0.00, answer: [31]
  # tprog: Summarize(SelectRow1(@param0, ==, 1, 31@Int), min, 1)
# top-224, score: 0.00, answer: [31]
  # tprog: Summarize(SelectRow1(@param0, ==, 1, 31@Int), max, 1)
# top-225, score: 0.00, answer: [31]
  # tprog: Summarize(SelectRow1(@param0, ==, 1, 31@Int), sum, 1)
# top-226, score: 0.00, answer: [31]
  # tprog: Summarize(SelectRow1(@param0, ==, 1, 31@Int), mean, 1)
# top-227, score: 0.00, answer: [31]
  # tprog: Summarize(SelectRow1(@param0, >=, 1, 31@Int), min, 1)
# top-228, score: 0.00, answer: [31]
  # tprog: Summarize(SelectRow1(@param0, >, 1, 23@Int), min, 1)
# top-229, score: 0.00, answer: [31]
  # tprog: Summarize(SelectRow1(@param0, !=, 0, White@Str), max, 1)
# top-230, score: 0.00, answer: [31]
  # tprog: Summarize(SelectRow1(@param0, !=, 0, Latino@Str), min, 1)
# top-231, score: 0.00, answer: [31]
  # tprog: Summarize(SelectRow1(@param0, !=, 1, 44@Int), max, 1)
# top-232, score: 0.00, answer: [31]
  # tprog: Summarize(SelectRow1(@param0, !=, 1, 23@Int), min, 1)
# top-233, score: 0.00, answer: [31]
  # tprog: SelectCol(SelectRow1(@param0, ==, 0, African American@Str), ['1'])
# top-234, score: 0.00, answer: [31]
  # tprog: SelectCol(SelectRow1(@param0, ==, 0, African American@Str), ['-99', '-2'])
# top-235, score: 0.00, answer: [31]
  # tprog: SelectCol(SelectRow1(@param0, ==, 1, 31@Int), ['1'])
# top-236, score: 0.00, answer: [31]
  # tprog: SelectCol(SelectRow1(@param0, ==, 1, 31@Int), ['-99', '-2'])
