# parsed arguments: Namespace(benchmark='Q97935', dsl='meta_visqa', skeletons='visqa_normal', strategy='TaPas_C', fallback='auto', timeout=300, mode='abstract-only', expected_only=False)
# loading benchmark...
# table keywords: {'5.103', '11.613', 'hungary', '0.0', 'netherlands', 'cyprus', 'country', '1.496', '0.792', '3.959', 'czech', 'greece', 'estonia', '4.223', '2.551', 'spain', 'romania', 'slovakia', '0.264', '14.78', 'austria', '6.51', '1.144', 'uk', 'france', '6.246', '1.672', '20.938', '0.88', '1.408', 'malta', 'budgetcategory', '15.748', 'rebate', '16.628', 'budget', 'poland', 'post', '19.795', 'luxembourg', '3.695', 'bulgaria', 'portugal', '2.727', 'germany', 'belgium', '2.023', '1.76', '0.44', '0.616', 'republic', '5.367', '18.651', '2.199', '0.176', 'orange', 'pre', 'italy', '25.249', 'finland', '25.601', 'slovenia', 'latvia', 'color', 'lithuania', 'blue', 'denmark', '10.821', 'ireland', 'sweden', '2.375', '1.232'}
# input type: [dtype('O'), dtype('O'), dtype('float64'), dtype('O')]
# input is:
           country  budgetcategory  budget   color
0      Netherlands   Pre UK rebate   6.246  orange
1      Netherlands  Post UK rebate   6.510    blue
2           Poland   Pre UK rebate   3.959  orange
3           Poland  Post UK rebate   4.223    blue
4   Czech Republic   Pre UK rebate   1.760  orange
5   Czech Republic  Post UK rebate   1.760    blue
6       Luxembourg   Pre UK rebate   0.440  orange
7       Luxembourg  Post UK rebate   0.440    blue
8          Belgium   Pre UK rebate   5.103  orange
9          Belgium  Post UK rebate   5.367    blue
10         Finland   Pre UK rebate   2.023  orange
11         Finland  Post UK rebate   2.199    blue
12       Lithuania   Pre UK rebate   0.440  orange
13       Lithuania  Post UK rebate   0.440    blue
14          Sweden   Pre UK rebate   3.695  orange
15          Sweden  Post UK rebate   3.695    blue
16         Romania   Pre UK rebate   1.408  orange
17         Romania  Post UK rebate   1.496    blue
18           Italy   Pre UK rebate  15.748  orange
19           Italy  Post UK rebate  16.628    blue
20         Estonia   Pre UK rebate   0.176  orange
21         Estonia  Post UK rebate   0.176    blue
22          France   Pre UK rebate  19.795  orange
23          France  Post UK rebate  20.938    blue
24          Cyprus   Pre UK rebate   0.264  orange
25          Cyprus  Post UK rebate   0.264    blue
26         Germany   Pre UK rebate  25.249  orange
27         Germany  Post UK rebate  25.601    blue
28           Spain   Pre UK rebate  10.821  orange
29           Spain  Post UK rebate  11.613    blue
30        Bulgaria   Pre UK rebate   0.616  orange
31        Bulgaria  Post UK rebate   0.616    blue
32        Portugal   Pre UK rebate   1.672  orange
33        Portugal  Post UK rebate   1.760    blue
34           Malta   Pre UK rebate   0.000  orange
35           Malta  Post UK rebate   0.000    blue
36         Austria   Pre UK rebate   2.727  orange
37         Austria  Post UK rebate   2.727    blue
38         Hungary   Pre UK rebate   1.144  orange
39         Hungary  Post UK rebate   1.232    blue
40        Slovakia   Pre UK rebate   0.792  orange
41        Slovakia  Post UK rebate   0.880    blue
42        Slovenia   Pre UK rebate   0.616  orange
43        Slovenia  Post UK rebate   0.616    blue
44          Greece   Pre UK rebate   2.199  orange
45          Greece  Post UK rebate   2.375    blue
46          Latvia   Pre UK rebate   0.176  orange
47          Latvia  Post UK rebate   0.176    blue
48         Denmark   Pre UK rebate   2.551  orange
49         Denmark  Post UK rebate   2.727    blue
50         Ireland   Pre UK rebate   1.408  orange
51         Ireland  Post UK rebate   1.496    blue
52              UK   Pre UK rebate  18.651  orange
53              UK  Post UK rebate  14.780    blue
# query is: Which country has the lowest rebate budget overall?
# expected output type:[dtype('O')]
# expected output is:
  ANSWER
0  Malta
# inferred DSL terminals:
  # ConstVal: ['0.44@Float', '1.76@Float', '2.023@Float', '3.959@Float', '4.223@Float', '5.103@Float', '6.246@Float', '6.51@Float', '5.367@Float', '2.199@Float', '3.695@Float', '10.821@Float', '11.613@Float', '0.0@Float', '2.375@Float', 'Belgium@Str', '15.748@Float', '16.628@Float', '0.792@Float', '19.795@Float', '20.938@Float', '18.651@Float', '14.78@Float', 'budget@Str', '25.249@Float', '25.601@Float', '0.616@Float', 'country@Str', 'Ireland@Str', 'Netherlands@Str', '1.408@Float', 'Pre UK rebate@Str', 'Latvia@Str', 'Hungary@Str', 'Greece@Str', '0.264@Float', 'Portugal@Str', 'France@Str', '1.232@Float', 'Italy@Str', 'Slovakia@Str', 'Estonia@Str', 'Poland@Str', 'Sweden@Str', 'Austria@Str', '0.88@Float', 'Czech Republic@Str', 'UK@Str', 'Luxembourg@Str', 'Slovenia@Str', '2.551@Float', 'Post UK rebate@Str', '1.672@Float', 'orange@Str', 'Cyprus@Str', 'Romania@Str', 'Lithuania@Str', 'color@Str', 'Germany@Str', '1.496@Float', 'Denmark@Str', 'blue@Str', 'Malta@Str', '2.727@Float', 'Finland@Str', '0.176@Float', '1.144@Float', 'Bulgaria@Str', 'budgetcategory@Str', 'Spain@Str']
     # cmap: [(None, 0.44), (None, 1.76), (None, 2.023), (None, 3.959), (None, 4.223), (None, 5.103), (None, 6.246), (None, 6.51), (None, 5.367), (None, 2.199), (None, 3.695), (None, 10.821), (None, 11.613), (None, 0.0), (None, 2.375), (None, 'Belgium'), (None, 15.748), (None, 16.628), (None, 0.792), (None, 19.795), (None, 20.938), (None, 18.651), (None, 14.78), (None, 'budget'), (None, 25.249), (None, 25.601), (None, 0.616), (None, 'country'), (None, 'Ireland'), (None, 'Netherlands'), (None, 1.408), (None, 'Pre UK rebate'), (None, 'Latvia'), (None, 'Hungary'), (None, 'Greece'), (None, 0.264), (None, 'Portugal'), (None, 'France'), (None, 1.232), (None, 'Italy'), (None, 'Slovakia'), (None, 'Estonia'), (None, 'Poland'), (None, 'Sweden'), (None, 'Austria'), (None, 0.88), (None, 'Czech Republic'), (None, 'UK'), (None, 'Luxembourg'), (None, 'Slovenia'), (None, 2.551), (None, 'Post UK rebate'), (None, 1.672), (None, 'orange'), (None, 'Cyprus'), (None, 'Romania'), (None, 'Lithuania'), (None, 'color'), (None, 'Germany'), (None, 1.496), (None, 'Denmark'), (None, 'blue'), (None, 'Malta'), (None, 2.727), (None, 'Finland'), (None, 0.176), (None, 1.144), (None, 'Bulgaria'), (None, 'budgetcategory'), (None, 'Spain')]
# loading skeleton list...

# ========== candidate program report ========== #
# (t=0.00) i=0, candidate=[{'ANSWER': 'Hungary'}]
  # found 148 program(s)
    # SelectCol(SelectRow0(SelectRow1(@param0, <, 2, 1.408@Float), eqmax, 2), ['0'])
      --> ['SelectCol', ['SelectRow0', ['SelectRow1', 'input@0', '<', 'budget', 1.408], 'eqmax', 'budget'], ['country']]
    # SelectCol(SelectRow0(SelectRow1(@param0, <, 2, 1.232@Float), eqmax, 2), ['0'])
      --> ['SelectCol', ['SelectRow0', ['SelectRow1', 'input@0', '<', 'budget', 1.232], 'eqmax', 'budget'], ['country']]
    # SelectCol(SelectRow0(SelectRow1(@param0, <=, 2, 1.232@Float), eqmax, 2), ['0'])
      --> ['SelectCol', ['SelectRow0', ['SelectRow1', 'input@0', '<=', 'budget', 1.232], 'eqmax', 'budget'], ['country']]
    # SelectCol(SelectRow0(SelectRow1(@param0, <=, 2, 1.144@Float), eqmax, 2), ['0'])
      --> ['SelectCol', ['SelectRow0', ['SelectRow1', 'input@0', '<=', 'budget', 1.144], 'eqmax', 'budget'], ['country']]
    # SelectCol(SelectRow0(SelectRow1(@param0, ==, 0, Hungary@Str), eqmin, 2), ['0'])
      --> ['SelectCol', ['SelectRow0', ['SelectRow1', 'input@0', '==', 'country', 'Hungary'], 'eqmin', 'budget'], ['country']]
    # SelectCol(SelectRow0(SelectRow1(@param0, ==, 0, Hungary@Str), eqmax, 2), ['0'])
      --> ['SelectCol', ['SelectRow0', ['SelectRow1', 'input@0', '==', 'country', 'Hungary'], 'eqmax', 'budget'], ['country']]
    # SelectCol(SelectRow0(SelectRow1(@param0, >=, 2, 1.232@Float), eqmin, 2), ['0'])
      --> ['SelectCol', ['SelectRow0', ['SelectRow1', 'input@0', '>=', 'budget', 1.232], 'eqmin', 'budget'], ['country']]
    # SelectCol(SelectRow0(SelectRow1(@param0, >=, 2, 1.144@Float), eqmin, 2), ['0'])
      --> ['SelectCol', ['SelectRow0', ['SelectRow1', 'input@0', '>=', 'budget', 1.144], 'eqmin', 'budget'], ['country']]
    # SelectCol(SelectRow0(SelectRow1(@param0, >, 2, 0.88@Float), eqmin, 2), ['0'])
      --> ['SelectCol', ['SelectRow0', ['SelectRow1', 'input@0', '>', 'budget', 0.88], 'eqmin', 'budget'], ['country']]
    # SelectCol(SelectRow0(SelectRow1(@param0, >, 2, 1.144@Float), eqmin, 2), ['0'])
      --> ['SelectCol', ['SelectRow0', ['SelectRow1', 'input@0', '>', 'budget', 1.144], 'eqmin', 'budget'], ['country']]
    # SelectCol(SelectRow1(SelectRow1(@param0, <, 2, 1.76@Float), ==, 2, 1.232@Float), ['0'])
      --> ['SelectCol', ['SelectRow1', ['SelectRow1', 'input@0', '<', 'budget', 1.76], '==', 'budget', 1.232], ['country']]
    # SelectCol(SelectRow1(SelectRow1(@param0, <, 2, 1.76@Float), ==, 2, 1.144@Float), ['0'])
      --> ['SelectCol', ['SelectRow1', ['SelectRow1', 'input@0', '<', 'budget', 1.76], '==', 'budget', 1.144], ['country']]
    # SelectCol(SelectRow1(SelectRow1(@param0, <, 2, 2.023@Float), ==, 2, 1.232@Float), ['0'])
      --> ['SelectCol', ['SelectRow1', ['SelectRow1', 'input@0', '<', 'budget', 2.023], '==', 'budget', 1.232], ['country']]
    # SelectCol(SelectRow1(SelectRow1(@param0, <, 2, 2.023@Float), ==, 2, 1.144@Float), ['0'])
      --> ['SelectCol', ['SelectRow1', ['SelectRow1', 'input@0', '<', 'budget', 2.023], '==', 'budget', 1.144], ['country']]
    # SelectCol(SelectRow1(SelectRow1(@param0, <, 2, 3.959@Float), ==, 2, 1.232@Float), ['0'])
      --> ['SelectCol', ['SelectRow1', ['SelectRow1', 'input@0', '<', 'budget', 3.959], '==', 'budget', 1.232], ['country']]
    # SelectCol(SelectRow1(SelectRow1(@param0, <, 2, 3.959@Float), ==, 2, 1.144@Float), ['0'])
      --> ['SelectCol', ['SelectRow1', ['SelectRow1', 'input@0', '<', 'budget', 3.959], '==', 'budget', 1.144], ['country']]
    # SelectCol(SelectRow1(SelectRow1(@param0, <, 2, 4.223@Float), ==, 2, 1.232@Float), ['0'])
      --> ['SelectCol', ['SelectRow1', ['SelectRow1', 'input@0', '<', 'budget', 4.223], '==', 'budget', 1.232], ['country']]
    # SelectCol(SelectRow1(SelectRow1(@param0, <, 2, 4.223@Float), ==, 2, 1.144@Float), ['0'])
      --> ['SelectCol', ['SelectRow1', ['SelectRow1', 'input@0', '<', 'budget', 4.223], '==', 'budget', 1.144], ['country']]
    # SelectCol(SelectRow1(SelectRow1(@param0, <, 2, 5.103@Float), ==, 2, 1.232@Float), ['0'])
      --> ['SelectCol', ['SelectRow1', ['SelectRow1', 'input@0', '<', 'budget', 5.103], '==', 'budget', 1.232], ['country']]
    # SelectCol(SelectRow1(SelectRow1(@param0, <, 2, 5.103@Float), ==, 2, 1.144@Float), ['0'])
      --> ['SelectCol', ['SelectRow1', ['SelectRow1', 'input@0', '<', 'budget', 5.103], '==', 'budget', 1.144], ['country']]
    # SelectCol(SelectRow1(SelectRow1(@param0, <, 2, 6.246@Float), ==, 2, 1.232@Float), ['0'])
      --> ['SelectCol', ['SelectRow1', ['SelectRow1', 'input@0', '<', 'budget', 6.246], '==', 'budget', 1.232], ['country']]
    # SelectCol(SelectRow1(SelectRow1(@param0, <, 2, 6.246@Float), ==, 2, 1.144@Float), ['0'])
      --> ['SelectCol', ['SelectRow1', ['SelectRow1', 'input@0', '<', 'budget', 6.246], '==', 'budget', 1.144], ['country']]
    # SelectCol(SelectRow1(SelectRow1(@param0, <, 2, 6.51@Float), ==, 2, 1.232@Float), ['0'])
      --> ['SelectCol', ['SelectRow1', ['SelectRow1', 'input@0', '<', 'budget', 6.51], '==', 'budget', 1.232], ['country']]
    # SelectCol(SelectRow1(SelectRow1(@param0, <, 2, 6.51@Float), ==, 2, 1.144@Float), ['0'])
      --> ['SelectCol', ['SelectRow1', ['SelectRow1', 'input@0', '<', 'budget', 6.51], '==', 'budget', 1.144], ['country']]
    # SelectCol(SelectRow1(SelectRow1(@param0, <, 2, 5.367@Float), ==, 2, 1.232@Float), ['0'])
      --> ['SelectCol', ['SelectRow1', ['SelectRow1', 'input@0', '<', 'budget', 5.367], '==', 'budget', 1.232], ['country']]
    # SelectCol(SelectRow1(SelectRow1(@param0, <, 2, 5.367@Float), ==, 2, 1.144@Float), ['0'])
      --> ['SelectCol', ['SelectRow1', ['SelectRow1', 'input@0', '<', 'budget', 5.367], '==', 'budget', 1.144], ['country']]
    # SelectCol(SelectRow1(SelectRow1(@param0, <, 2, 2.199@Float), ==, 2, 1.232@Float), ['0'])
      --> ['SelectCol', ['SelectRow1', ['SelectRow1', 'input@0', '<', 'budget', 2.199], '==', 'budget', 1.232], ['country']]
    # SelectCol(SelectRow1(SelectRow1(@param0, <, 2, 2.199@Float), ==, 2, 1.144@Float), ['0'])
      --> ['SelectCol', ['SelectRow1', ['SelectRow1', 'input@0', '<', 'budget', 2.199], '==', 'budget', 1.144], ['country']]
    # SelectCol(SelectRow1(SelectRow1(@param0, <, 2, 3.695@Float), ==, 2, 1.232@Float), ['0'])
      --> ['SelectCol', ['SelectRow1', ['SelectRow1', 'input@0', '<', 'budget', 3.695], '==', 'budget', 1.232], ['country']]
    # SelectCol(SelectRow1(SelectRow1(@param0, <, 2, 3.695@Float), ==, 2, 1.144@Float), ['0'])
      --> ['SelectCol', ['SelectRow1', ['SelectRow1', 'input@0', '<', 'budget', 3.695], '==', 'budget', 1.144], ['country']]
    # SelectCol(SelectRow1(SelectRow1(@param0, <, 2, 10.821@Float), ==, 2, 1.232@Float), ['0'])
      --> ['SelectCol', ['SelectRow1', ['SelectRow1', 'input@0', '<', 'budget', 10.821], '==', 'budget', 1.232], ['country']]
    # SelectCol(SelectRow1(SelectRow1(@param0, <, 2, 10.821@Float), ==, 2, 1.144@Float), ['0'])
      --> ['SelectCol', ['SelectRow1', ['SelectRow1', 'input@0', '<', 'budget', 10.821], '==', 'budget', 1.144], ['country']]
    # SelectCol(SelectRow1(SelectRow1(@param0, <, 2, 11.613@Float), ==, 2, 1.232@Float), ['0'])
      --> ['SelectCol', ['SelectRow1', ['SelectRow1', 'input@0', '<', 'budget', 11.613], '==', 'budget', 1.232], ['country']]
    # SelectCol(SelectRow1(SelectRow1(@param0, <, 2, 11.613@Float), ==, 2, 1.144@Float), ['0'])
      --> ['SelectCol', ['SelectRow1', ['SelectRow1', 'input@0', '<', 'budget', 11.613], '==', 'budget', 1.144], ['country']]
    # SelectCol(SelectRow1(SelectRow1(@param0, <, 2, 2.375@Float), ==, 2, 1.232@Float), ['0'])
      --> ['SelectCol', ['SelectRow1', ['SelectRow1', 'input@0', '<', 'budget', 2.375], '==', 'budget', 1.232], ['country']]
    # SelectCol(SelectRow1(SelectRow1(@param0, <, 2, 2.375@Float), ==, 2, 1.144@Float), ['0'])
      --> ['SelectCol', ['SelectRow1', ['SelectRow1', 'input@0', '<', 'budget', 2.375], '==', 'budget', 1.144], ['country']]
    # SelectCol(SelectRow1(SelectRow1(@param0, <, 2, 15.748@Float), ==, 2, 1.232@Float), ['0'])
      --> ['SelectCol', ['SelectRow1', ['SelectRow1', 'input@0', '<', 'budget', 15.748], '==', 'budget', 1.232], ['country']]
    # SelectCol(SelectRow1(SelectRow1(@param0, <, 2, 15.748@Float), ==, 2, 1.144@Float), ['0'])
      --> ['SelectCol', ['SelectRow1', ['SelectRow1', 'input@0', '<', 'budget', 15.748], '==', 'budget', 1.144], ['country']]
    # SelectCol(SelectRow1(SelectRow1(@param0, <, 2, 16.628@Float), ==, 2, 1.232@Float), ['0'])
      --> ['SelectCol', ['SelectRow1', ['SelectRow1', 'input@0', '<', 'budget', 16.628], '==', 'budget', 1.232], ['country']]
    # SelectCol(SelectRow1(SelectRow1(@param0, <, 2, 16.628@Float), ==, 2, 1.144@Float), ['0'])
      --> ['SelectCol', ['SelectRow1', ['SelectRow1', 'input@0', '<', 'budget', 16.628], '==', 'budget', 1.144], ['country']]
    # SelectCol(SelectRow1(SelectRow1(@param0, <, 2, 19.795@Float), ==, 2, 1.232@Float), ['0'])
      --> ['SelectCol', ['SelectRow1', ['SelectRow1', 'input@0', '<', 'budget', 19.795], '==', 'budget', 1.232], ['country']]
    # SelectCol(SelectRow1(SelectRow1(@param0, <, 2, 19.795@Float), ==, 2, 1.144@Float), ['0'])
      --> ['SelectCol', ['SelectRow1', ['SelectRow1', 'input@0', '<', 'budget', 19.795], '==', 'budget', 1.144], ['country']]
    # SelectCol(SelectRow1(SelectRow1(@param0, <, 2, 20.938@Float), ==, 2, 1.232@Float), ['0'])
      --> ['SelectCol', ['SelectRow1', ['SelectRow1', 'input@0', '<', 'budget', 20.938], '==', 'budget', 1.232], ['country']]
    # SelectCol(SelectRow1(SelectRow1(@param0, <, 2, 20.938@Float), ==, 2, 1.144@Float), ['0'])
      --> ['SelectCol', ['SelectRow1', ['SelectRow1', 'input@0', '<', 'budget', 20.938], '==', 'budget', 1.144], ['country']]
    # SelectCol(SelectRow1(SelectRow1(@param0, <, 2, 18.651@Float), ==, 2, 1.232@Float), ['0'])
      --> ['SelectCol', ['SelectRow1', ['SelectRow1', 'input@0', '<', 'budget', 18.651], '==', 'budget', 1.232], ['country']]
    # SelectCol(SelectRow1(SelectRow1(@param0, <, 2, 18.651@Float), ==, 2, 1.144@Float), ['0'])
      --> ['SelectCol', ['SelectRow1', ['SelectRow1', 'input@0', '<', 'budget', 18.651], '==', 'budget', 1.144], ['country']]
    # SelectCol(SelectRow1(SelectRow1(@param0, <, 2, 14.78@Float), ==, 2, 1.232@Float), ['0'])
      --> ['SelectCol', ['SelectRow1', ['SelectRow1', 'input@0', '<', 'budget', 14.78], '==', 'budget', 1.232], ['country']]
    # SelectCol(SelectRow1(SelectRow1(@param0, <, 2, 14.78@Float), ==, 2, 1.144@Float), ['0'])
      --> ['SelectCol', ['SelectRow1', ['SelectRow1', 'input@0', '<', 'budget', 14.78], '==', 'budget', 1.144], ['country']]
    # SelectCol(SelectRow1(SelectRow1(@param0, <, 2, 25.249@Float), ==, 2, 1.232@Float), ['0'])
      --> ['SelectCol', ['SelectRow1', ['SelectRow1', 'input@0', '<', 'budget', 25.249], '==', 'budget', 1.232], ['country']]
    # SelectCol(SelectRow1(SelectRow1(@param0, <, 2, 25.249@Float), ==, 2, 1.144@Float), ['0'])
      --> ['SelectCol', ['SelectRow1', ['SelectRow1', 'input@0', '<', 'budget', 25.249], '==', 'budget', 1.144], ['country']]
    # SelectCol(SelectRow1(SelectRow1(@param0, <, 2, 25.601@Float), ==, 2, 1.232@Float), ['0'])
      --> ['SelectCol', ['SelectRow1', ['SelectRow1', 'input@0', '<', 'budget', 25.601], '==', 'budget', 1.232], ['country']]
    # SelectCol(SelectRow1(SelectRow1(@param0, <, 2, 25.601@Float), ==, 2, 1.144@Float), ['0'])
      --> ['SelectCol', ['SelectRow1', ['SelectRow1', 'input@0', '<', 'budget', 25.601], '==', 'budget', 1.144], ['country']]
    # SelectCol(SelectRow1(SelectRow1(@param0, <, 2, 1.408@Float), ==, 2, 1.232@Float), ['0'])
      --> ['SelectCol', ['SelectRow1', ['SelectRow1', 'input@0', '<', 'budget', 1.408], '==', 'budget', 1.232], ['country']]
    # SelectCol(SelectRow1(SelectRow1(@param0, <, 2, 1.408@Float), ==, 2, 1.144@Float), ['0'])
      --> ['SelectCol', ['SelectRow1', ['SelectRow1', 'input@0', '<', 'budget', 1.408], '==', 'budget', 1.144], ['country']]
    # SelectCol(SelectRow1(SelectRow1(@param0, <, 2, 1.408@Float), >=, 2, 1.232@Float), ['0'])
      --> ['SelectCol', ['SelectRow1', ['SelectRow1', 'input@0', '<', 'budget', 1.408], '>=', 'budget', 1.232], ['country']]
    # SelectCol(SelectRow1(SelectRow1(@param0, <, 2, 1.408@Float), >, 2, 1.144@Float), ['0'])
      --> ['SelectCol', ['SelectRow1', ['SelectRow1', 'input@0', '<', 'budget', 1.408], '>', 'budget', 1.144], ['country']]
    # SelectCol(SelectRow1(SelectRow1(@param0, <, 2, 1.232@Float), ==, 0, Hungary@Str), ['0'])
      --> ['SelectCol', ['SelectRow1', ['SelectRow1', 'input@0', '<', 'budget', 1.232], '==', 'country', 'Hungary'], ['country']]
    # SelectCol(SelectRow1(SelectRow1(@param0, <, 2, 1.232@Float), ==, 2, 1.144@Float), ['0'])
      --> ['SelectCol', ['SelectRow1', ['SelectRow1', 'input@0', '<', 'budget', 1.232], '==', 'budget', 1.144], ['country']]
    # SelectCol(SelectRow1(SelectRow1(@param0, <, 2, 1.232@Float), >=, 2, 1.144@Float), ['0'])
      --> ['SelectCol', ['SelectRow1', ['SelectRow1', 'input@0', '<', 'budget', 1.232], '>=', 'budget', 1.144], ['country']]
    # SelectCol(SelectRow1(SelectRow1(@param0, <, 2, 1.232@Float), >, 2, 0.88@Float), ['0'])
      --> ['SelectCol', ['SelectRow1', ['SelectRow1', 'input@0', '<', 'budget', 1.232], '>', 'budget', 0.88], ['country']]
    # SelectCol(SelectRow1(SelectRow1(@param0, <, 2, 2.551@Float), ==, 2, 1.232@Float), ['0'])
      --> ['SelectCol', ['SelectRow1', ['SelectRow1', 'input@0', '<', 'budget', 2.551], '==', 'budget', 1.232], ['country']]
    # SelectCol(SelectRow1(SelectRow1(@param0, <, 2, 2.551@Float), ==, 2, 1.144@Float), ['0'])
      --> ['SelectCol', ['SelectRow1', ['SelectRow1', 'input@0', '<', 'budget', 2.551], '==', 'budget', 1.144], ['country']]
    # SelectCol(SelectRow1(SelectRow1(@param0, <, 2, 1.672@Float), ==, 2, 1.232@Float), ['0'])
      --> ['SelectCol', ['SelectRow1', ['SelectRow1', 'input@0', '<', 'budget', 1.672], '==', 'budget', 1.232], ['country']]
    # SelectCol(SelectRow1(SelectRow1(@param0, <, 2, 1.672@Float), ==, 2, 1.144@Float), ['0'])
      --> ['SelectCol', ['SelectRow1', ['SelectRow1', 'input@0', '<', 'budget', 1.672], '==', 'budget', 1.144], ['country']]
    # SelectCol(SelectRow1(SelectRow1(@param0, <, 2, 1.496@Float), ==, 2, 1.232@Float), ['0'])
      --> ['SelectCol', ['SelectRow1', ['SelectRow1', 'input@0', '<', 'budget', 1.496], '==', 'budget', 1.232], ['country']]
    # SelectCol(SelectRow1(SelectRow1(@param0, <, 2, 1.496@Float), ==, 2, 1.144@Float), ['0'])
      --> ['SelectCol', ['SelectRow1', ['SelectRow1', 'input@0', '<', 'budget', 1.496], '==', 'budget', 1.144], ['country']]
    # SelectCol(SelectRow1(SelectRow1(@param0, <, 2, 2.727@Float), ==, 2, 1.232@Float), ['0'])
      --> ['SelectCol', ['SelectRow1', ['SelectRow1', 'input@0', '<', 'budget', 2.727], '==', 'budget', 1.232], ['country']]
    # SelectCol(SelectRow1(SelectRow1(@param0, <, 2, 2.727@Float), ==, 2, 1.144@Float), ['0'])
      --> ['SelectCol', ['SelectRow1', ['SelectRow1', 'input@0', '<', 'budget', 2.727], '==', 'budget', 1.144], ['country']]
    # SelectCol(SelectRow1(SelectRow1(@param0, <=, 2, 1.76@Float), ==, 2, 1.232@Float), ['0'])
      --> ['SelectCol', ['SelectRow1', ['SelectRow1', 'input@0', '<=', 'budget', 1.76], '==', 'budget', 1.232], ['country']]
    # SelectCol(SelectRow1(SelectRow1(@param0, <=, 2, 1.76@Float), ==, 2, 1.144@Float), ['0'])
      --> ['SelectCol', ['SelectRow1', ['SelectRow1', 'input@0', '<=', 'budget', 1.76], '==', 'budget', 1.144], ['country']]
    # SelectCol(SelectRow1(SelectRow1(@param0, <=, 2, 2.023@Float), ==, 2, 1.232@Float), ['0'])
      --> ['SelectCol', ['SelectRow1', ['SelectRow1', 'input@0', '<=', 'budget', 2.023], '==', 'budget', 1.232], ['country']]
    # SelectCol(SelectRow1(SelectRow1(@param0, <=, 2, 2.023@Float), ==, 2, 1.144@Float), ['0'])
      --> ['SelectCol', ['SelectRow1', ['SelectRow1', 'input@0', '<=', 'budget', 2.023], '==', 'budget', 1.144], ['country']]
    # SelectCol(SelectRow1(SelectRow1(@param0, <=, 2, 3.959@Float), ==, 2, 1.232@Float), ['0'])
      --> ['SelectCol', ['SelectRow1', ['SelectRow1', 'input@0', '<=', 'budget', 3.959], '==', 'budget', 1.232], ['country']]
    # SelectCol(SelectRow1(SelectRow1(@param0, <=, 2, 3.959@Float), ==, 2, 1.144@Float), ['0'])
      --> ['SelectCol', ['SelectRow1', ['SelectRow1', 'input@0', '<=', 'budget', 3.959], '==', 'budget', 1.144], ['country']]
    # SelectCol(SelectRow1(SelectRow1(@param0, <=, 2, 4.223@Float), ==, 2, 1.232@Float), ['0'])
      --> ['SelectCol', ['SelectRow1', ['SelectRow1', 'input@0', '<=', 'budget', 4.223], '==', 'budget', 1.232], ['country']]
    # SelectCol(SelectRow1(SelectRow1(@param0, <=, 2, 4.223@Float), ==, 2, 1.144@Float), ['0'])
      --> ['SelectCol', ['SelectRow1', ['SelectRow1', 'input@0', '<=', 'budget', 4.223], '==', 'budget', 1.144], ['country']]
    # SelectCol(SelectRow1(SelectRow1(@param0, <=, 2, 5.103@Float), ==, 2, 1.232@Float), ['0'])
      --> ['SelectCol', ['SelectRow1', ['SelectRow1', 'input@0', '<=', 'budget', 5.103], '==', 'budget', 1.232], ['country']]
    # SelectCol(SelectRow1(SelectRow1(@param0, <=, 2, 5.103@Float), ==, 2, 1.144@Float), ['0'])
      --> ['SelectCol', ['SelectRow1', ['SelectRow1', 'input@0', '<=', 'budget', 5.103], '==', 'budget', 1.144], ['country']]
    # SelectCol(SelectRow1(SelectRow1(@param0, <=, 2, 6.246@Float), ==, 2, 1.232@Float), ['0'])
      --> ['SelectCol', ['SelectRow1', ['SelectRow1', 'input@0', '<=', 'budget', 6.246], '==', 'budget', 1.232], ['country']]
    # SelectCol(SelectRow1(SelectRow1(@param0, <=, 2, 6.246@Float), ==, 2, 1.144@Float), ['0'])
      --> ['SelectCol', ['SelectRow1', ['SelectRow1', 'input@0', '<=', 'budget', 6.246], '==', 'budget', 1.144], ['country']]
    # SelectCol(SelectRow1(SelectRow1(@param0, <=, 2, 6.51@Float), ==, 2, 1.232@Float), ['0'])
      --> ['SelectCol', ['SelectRow1', ['SelectRow1', 'input@0', '<=', 'budget', 6.51], '==', 'budget', 1.232], ['country']]
    # SelectCol(SelectRow1(SelectRow1(@param0, <=, 2, 6.51@Float), ==, 2, 1.144@Float), ['0'])
      --> ['SelectCol', ['SelectRow1', ['SelectRow1', 'input@0', '<=', 'budget', 6.51], '==', 'budget', 1.144], ['country']]
    # SelectCol(SelectRow1(SelectRow1(@param0, <=, 2, 5.367@Float), ==, 2, 1.232@Float), ['0'])
      --> ['SelectCol', ['SelectRow1', ['SelectRow1', 'input@0', '<=', 'budget', 5.367], '==', 'budget', 1.232], ['country']]
    # SelectCol(SelectRow1(SelectRow1(@param0, <=, 2, 5.367@Float), ==, 2, 1.144@Float), ['0'])
      --> ['SelectCol', ['SelectRow1', ['SelectRow1', 'input@0', '<=', 'budget', 5.367], '==', 'budget', 1.144], ['country']]
    # SelectCol(SelectRow1(SelectRow1(@param0, <=, 2, 2.199@Float), ==, 2, 1.232@Float), ['0'])
      --> ['SelectCol', ['SelectRow1', ['SelectRow1', 'input@0', '<=', 'budget', 2.199], '==', 'budget', 1.232], ['country']]
    # SelectCol(SelectRow1(SelectRow1(@param0, <=, 2, 2.199@Float), ==, 2, 1.144@Float), ['0'])
      --> ['SelectCol', ['SelectRow1', ['SelectRow1', 'input@0', '<=', 'budget', 2.199], '==', 'budget', 1.144], ['country']]
    # SelectCol(SelectRow1(SelectRow1(@param0, <=, 2, 3.695@Float), ==, 2, 1.232@Float), ['0'])
      --> ['SelectCol', ['SelectRow1', ['SelectRow1', 'input@0', '<=', 'budget', 3.695], '==', 'budget', 1.232], ['country']]
    # SelectCol(SelectRow1(SelectRow1(@param0, <=, 2, 3.695@Float), ==, 2, 1.144@Float), ['0'])
      --> ['SelectCol', ['SelectRow1', ['SelectRow1', 'input@0', '<=', 'budget', 3.695], '==', 'budget', 1.144], ['country']]
    # SelectCol(SelectRow1(SelectRow1(@param0, <=, 2, 10.821@Float), ==, 2, 1.232@Float), ['0'])
      --> ['SelectCol', ['SelectRow1', ['SelectRow1', 'input@0', '<=', 'budget', 10.821], '==', 'budget', 1.232], ['country']]
    # SelectCol(SelectRow1(SelectRow1(@param0, <=, 2, 10.821@Float), ==, 2, 1.144@Float), ['0'])
      --> ['SelectCol', ['SelectRow1', ['SelectRow1', 'input@0', '<=', 'budget', 10.821], '==', 'budget', 1.144], ['country']]
    # SelectCol(SelectRow1(SelectRow1(@param0, <=, 2, 11.613@Float), ==, 2, 1.232@Float), ['0'])
      --> ['SelectCol', ['SelectRow1', ['SelectRow1', 'input@0', '<=', 'budget', 11.613], '==', 'budget', 1.232], ['country']]
    # SelectCol(SelectRow1(SelectRow1(@param0, <=, 2, 11.613@Float), ==, 2, 1.144@Float), ['0'])
      --> ['SelectCol', ['SelectRow1', ['SelectRow1', 'input@0', '<=', 'budget', 11.613], '==', 'budget', 1.144], ['country']]
    # SelectCol(SelectRow1(SelectRow1(@param0, <=, 2, 2.375@Float), ==, 2, 1.232@Float), ['0'])
      --> ['SelectCol', ['SelectRow1', ['SelectRow1', 'input@0', '<=', 'budget', 2.375], '==', 'budget', 1.232], ['country']]
    # SelectCol(SelectRow1(SelectRow1(@param0, <=, 2, 2.375@Float), ==, 2, 1.144@Float), ['0'])
      --> ['SelectCol', ['SelectRow1', ['SelectRow1', 'input@0', '<=', 'budget', 2.375], '==', 'budget', 1.144], ['country']]
    # SelectCol(SelectRow1(SelectRow1(@param0, <=, 2, 15.748@Float), ==, 2, 1.232@Float), ['0'])
      --> ['SelectCol', ['SelectRow1', ['SelectRow1', 'input@0', '<=', 'budget', 15.748], '==', 'budget', 1.232], ['country']]
    # SelectCol(SelectRow1(SelectRow1(@param0, <=, 2, 15.748@Float), ==, 2, 1.144@Float), ['0'])
      --> ['SelectCol', ['SelectRow1', ['SelectRow1', 'input@0', '<=', 'budget', 15.748], '==', 'budget', 1.144], ['country']]
    # SelectCol(SelectRow1(SelectRow1(@param0, <=, 2, 16.628@Float), ==, 2, 1.232@Float), ['0'])
      --> ['SelectCol', ['SelectRow1', ['SelectRow1', 'input@0', '<=', 'budget', 16.628], '==', 'budget', 1.232], ['country']]
    # SelectCol(SelectRow1(SelectRow1(@param0, <=, 2, 16.628@Float), ==, 2, 1.144@Float), ['0'])
      --> ['SelectCol', ['SelectRow1', ['SelectRow1', 'input@0', '<=', 'budget', 16.628], '==', 'budget', 1.144], ['country']]
    # SelectCol(SelectRow1(SelectRow1(@param0, <=, 2, 19.795@Float), ==, 2, 1.232@Float), ['0'])
      --> ['SelectCol', ['SelectRow1', ['SelectRow1', 'input@0', '<=', 'budget', 19.795], '==', 'budget', 1.232], ['country']]
    # SelectCol(SelectRow1(SelectRow1(@param0, <=, 2, 19.795@Float), ==, 2, 1.144@Float), ['0'])
      --> ['SelectCol', ['SelectRow1', ['SelectRow1', 'input@0', '<=', 'budget', 19.795], '==', 'budget', 1.144], ['country']]
    # SelectCol(SelectRow1(SelectRow1(@param0, <=, 2, 20.938@Float), ==, 2, 1.232@Float), ['0'])
      --> ['SelectCol', ['SelectRow1', ['SelectRow1', 'input@0', '<=', 'budget', 20.938], '==', 'budget', 1.232], ['country']]
    # SelectCol(SelectRow1(SelectRow1(@param0, <=, 2, 20.938@Float), ==, 2, 1.144@Float), ['0'])
      --> ['SelectCol', ['SelectRow1', ['SelectRow1', 'input@0', '<=', 'budget', 20.938], '==', 'budget', 1.144], ['country']]
    # SelectCol(SelectRow1(SelectRow1(@param0, <=, 2, 18.651@Float), ==, 2, 1.232@Float), ['0'])
      --> ['SelectCol', ['SelectRow1', ['SelectRow1', 'input@0', '<=', 'budget', 18.651], '==', 'budget', 1.232], ['country']]
    # SelectCol(SelectRow1(SelectRow1(@param0, <=, 2, 18.651@Float), ==, 2, 1.144@Float), ['0'])
      --> ['SelectCol', ['SelectRow1', ['SelectRow1', 'input@0', '<=', 'budget', 18.651], '==', 'budget', 1.144], ['country']]
    # SelectCol(SelectRow1(SelectRow1(@param0, <=, 2, 14.78@Float), ==, 2, 1.232@Float), ['0'])
      --> ['SelectCol', ['SelectRow1', ['SelectRow1', 'input@0', '<=', 'budget', 14.78], '==', 'budget', 1.232], ['country']]
    # SelectCol(SelectRow1(SelectRow1(@param0, <=, 2, 14.78@Float), ==, 2, 1.144@Float), ['0'])
      --> ['SelectCol', ['SelectRow1', ['SelectRow1', 'input@0', '<=', 'budget', 14.78], '==', 'budget', 1.144], ['country']]
    # SelectCol(SelectRow1(SelectRow1(@param0, <=, 2, 25.249@Float), ==, 2, 1.232@Float), ['0'])
      --> ['SelectCol', ['SelectRow1', ['SelectRow1', 'input@0', '<=', 'budget', 25.249], '==', 'budget', 1.232], ['country']]
    # SelectCol(SelectRow1(SelectRow1(@param0, <=, 2, 25.249@Float), ==, 2, 1.144@Float), ['0'])
      --> ['SelectCol', ['SelectRow1', ['SelectRow1', 'input@0', '<=', 'budget', 25.249], '==', 'budget', 1.144], ['country']]
    # SelectCol(SelectRow1(SelectRow1(@param0, <=, 2, 25.601@Float), ==, 2, 1.232@Float), ['0'])
      --> ['SelectCol', ['SelectRow1', ['SelectRow1', 'input@0', '<=', 'budget', 25.601], '==', 'budget', 1.232], ['country']]
    # SelectCol(SelectRow1(SelectRow1(@param0, <=, 2, 25.601@Float), ==, 2, 1.144@Float), ['0'])
      --> ['SelectCol', ['SelectRow1', ['SelectRow1', 'input@0', '<=', 'budget', 25.601], '==', 'budget', 1.144], ['country']]
    # SelectCol(SelectRow1(SelectRow1(@param0, <=, 2, 1.408@Float), ==, 2, 1.232@Float), ['0'])
      --> ['SelectCol', ['SelectRow1', ['SelectRow1', 'input@0', '<=', 'budget', 1.408], '==', 'budget', 1.232], ['country']]
    # SelectCol(SelectRow1(SelectRow1(@param0, <=, 2, 1.408@Float), ==, 2, 1.144@Float), ['0'])
      --> ['SelectCol', ['SelectRow1', ['SelectRow1', 'input@0', '<=', 'budget', 1.408], '==', 'budget', 1.144], ['country']]
    # SelectCol(SelectRow1(SelectRow1(@param0, <=, 2, 1.232@Float), ==, 2, 1.232@Float), ['0'])
      --> ['SelectCol', ['SelectRow1', ['SelectRow1', 'input@0', '<=', 'budget', 1.232], '==', 'budget', 1.232], ['country']]
    # SelectCol(SelectRow1(SelectRow1(@param0, <=, 2, 1.232@Float), ==, 2, 1.144@Float), ['0'])
      --> ['SelectCol', ['SelectRow1', ['SelectRow1', 'input@0', '<=', 'budget', 1.232], '==', 'budget', 1.144], ['country']]
    # SelectCol(SelectRow1(SelectRow1(@param0, <=, 2, 1.232@Float), >=, 2, 1.232@Float), ['0'])
      --> ['SelectCol', ['SelectRow1', ['SelectRow1', 'input@0', '<=', 'budget', 1.232], '>=', 'budget', 1.232], ['country']]
    # SelectCol(SelectRow1(SelectRow1(@param0, <=, 2, 1.232@Float), >, 2, 1.144@Float), ['0'])
      --> ['SelectCol', ['SelectRow1', ['SelectRow1', 'input@0', '<=', 'budget', 1.232], '>', 'budget', 1.144], ['country']]
    # SelectCol(SelectRow1(SelectRow1(@param0, <=, 2, 2.551@Float), ==, 2, 1.232@Float), ['0'])
      --> ['SelectCol', ['SelectRow1', ['SelectRow1', 'input@0', '<=', 'budget', 2.551], '==', 'budget', 1.232], ['country']]
    # SelectCol(SelectRow1(SelectRow1(@param0, <=, 2, 2.551@Float), ==, 2, 1.144@Float), ['0'])
      --> ['SelectCol', ['SelectRow1', ['SelectRow1', 'input@0', '<=', 'budget', 2.551], '==', 'budget', 1.144], ['country']]
    # SelectCol(SelectRow1(SelectRow1(@param0, <=, 2, 1.672@Float), ==, 2, 1.232@Float), ['0'])
      --> ['SelectCol', ['SelectRow1', ['SelectRow1', 'input@0', '<=', 'budget', 1.672], '==', 'budget', 1.232], ['country']]
    # SelectCol(SelectRow1(SelectRow1(@param0, <=, 2, 1.672@Float), ==, 2, 1.144@Float), ['0'])
      --> ['SelectCol', ['SelectRow1', ['SelectRow1', 'input@0', '<=', 'budget', 1.672], '==', 'budget', 1.144], ['country']]
    # SelectCol(SelectRow1(SelectRow1(@param0, <=, 2, 1.496@Float), ==, 2, 1.232@Float), ['0'])
      --> ['SelectCol', ['SelectRow1', ['SelectRow1', 'input@0', '<=', 'budget', 1.496], '==', 'budget', 1.232], ['country']]
    # SelectCol(SelectRow1(SelectRow1(@param0, <=, 2, 1.496@Float), ==, 2, 1.144@Float), ['0'])
      --> ['SelectCol', ['SelectRow1', ['SelectRow1', 'input@0', '<=', 'budget', 1.496], '==', 'budget', 1.144], ['country']]
    # SelectCol(SelectRow1(SelectRow1(@param0, <=, 2, 2.727@Float), ==, 2, 1.232@Float), ['0'])
      --> ['SelectCol', ['SelectRow1', ['SelectRow1', 'input@0', '<=', 'budget', 2.727], '==', 'budget', 1.232], ['country']]
    # SelectCol(SelectRow1(SelectRow1(@param0, <=, 2, 2.727@Float), ==, 2, 1.144@Float), ['0'])
      --> ['SelectCol', ['SelectRow1', ['SelectRow1', 'input@0', '<=', 'budget', 2.727], '==', 'budget', 1.144], ['country']]
    # SelectCol(SelectRow1(SelectRow1(@param0, <=, 2, 1.144@Float), ==, 0, Hungary@Str), ['0'])
      --> ['SelectCol', ['SelectRow1', ['SelectRow1', 'input@0', '<=', 'budget', 1.144], '==', 'country', 'Hungary'], ['country']]
    # SelectCol(SelectRow1(SelectRow1(@param0, <=, 2, 1.144@Float), ==, 2, 1.144@Float), ['0'])
      --> ['SelectCol', ['SelectRow1', ['SelectRow1', 'input@0', '<=', 'budget', 1.144], '==', 'budget', 1.144], ['country']]
    # SelectCol(SelectRow1(SelectRow1(@param0, <=, 2, 1.144@Float), >=, 2, 1.144@Float), ['0'])
      --> ['SelectCol', ['SelectRow1', ['SelectRow1', 'input@0', '<=', 'budget', 1.144], '>=', 'budget', 1.144], ['country']]
    # SelectCol(SelectRow1(SelectRow1(@param0, <=, 2, 1.144@Float), >, 2, 0.88@Float), ['0'])
      --> ['SelectCol', ['SelectRow1', ['SelectRow1', 'input@0', '<=', 'budget', 1.144], '>', 'budget', 0.88], ['country']]
    # SelectCol(SelectRow1(SelectRow1(@param0, ==, 0, Hungary@Str), <, 2, 1.232@Float), ['0'])
      --> ['SelectCol', ['SelectRow1', ['SelectRow1', 'input@0', '==', 'country', 'Hungary'], '<', 'budget', 1.232], ['country']]
    # SelectCol(SelectRow1(SelectRow1(@param0, ==, 0, Hungary@Str), <=, 2, 1.144@Float), ['0'])
      --> ['SelectCol', ['SelectRow1', ['SelectRow1', 'input@0', '==', 'country', 'Hungary'], '<=', 'budget', 1.144], ['country']]
    # SelectCol(SelectRow1(SelectRow1(@param0, ==, 0, Hungary@Str), ==, 1, Pre UK rebate@Str), ['0'])
      --> ['SelectCol', ['SelectRow1', ['SelectRow1', 'input@0', '==', 'country', 'Hungary'], '==', 'budgetcategory', 'Pre UK rebate'], ['country']]
    # SelectCol(SelectRow1(SelectRow1(@param0, ==, 0, Hungary@Str), ==, 1, Post UK rebate@Str), ['0'])
      --> ['SelectCol', ['SelectRow1', ['SelectRow1', 'input@0', '==', 'country', 'Hungary'], '==', 'budgetcategory', 'Post UK rebate'], ['country']]
    # SelectCol(SelectRow1(SelectRow1(@param0, ==, 0, Hungary@Str), ==, 2, 1.232@Float), ['0'])
      --> ['SelectCol', ['SelectRow1', ['SelectRow1', 'input@0', '==', 'country', 'Hungary'], '==', 'budget', 1.232], ['country']]
    # SelectCol(SelectRow1(SelectRow1(@param0, ==, 0, Hungary@Str), ==, 2, 1.144@Float), ['0'])
      --> ['SelectCol', ['SelectRow1', ['SelectRow1', 'input@0', '==', 'country', 'Hungary'], '==', 'budget', 1.144], ['country']]
    # SelectCol(SelectRow1(SelectRow1(@param0, ==, 0, Hungary@Str), ==, 3, orange@Str), ['0'])
      --> ['SelectCol', ['SelectRow1', ['SelectRow1', 'input@0', '==', 'country', 'Hungary'], '==', 'color', 'orange'], ['country']]
    # SelectCol(SelectRow1(SelectRow1(@param0, ==, 0, Hungary@Str), ==, 3, blue@Str), ['0'])
      --> ['SelectCol', ['SelectRow1', ['SelectRow1', 'input@0', '==', 'country', 'Hungary'], '==', 'color', 'blue'], ['country']]
    # SelectCol(SelectRow1(SelectRow1(@param0, ==, 0, Hungary@Str), >=, 2, 1.232@Float), ['0'])
      --> ['SelectCol', ['SelectRow1', ['SelectRow1', 'input@0', '==', 'country', 'Hungary'], '>=', 'budget', 1.232], ['country']]
    # SelectCol(SelectRow1(SelectRow1(@param0, ==, 0, Hungary@Str), >, 2, 1.144@Float), ['0'])
      --> ['SelectCol', ['SelectRow1', ['SelectRow1', 'input@0', '==', 'country', 'Hungary'], '>', 'budget', 1.144], ['country']]
    # SelectCol(SelectRow1(SelectRow1(@param0, ==, 0, Hungary@Str), !=, 1, Pre UK rebate@Str), ['0'])
      --> ['SelectCol', ['SelectRow1', ['SelectRow1', 'input@0', '==', 'country', 'Hungary'], '!=', 'budgetcategory', 'Pre UK rebate'], ['country']]
    # SelectCol(SelectRow1(SelectRow1(@param0, ==, 0, Hungary@Str), !=, 1, Post UK rebate@Str), ['0'])
      --> ['SelectCol', ['SelectRow1', ['SelectRow1', 'input@0', '==', 'country', 'Hungary'], '!=', 'budgetcategory', 'Post UK rebate'], ['country']]
    # SelectCol(SelectRow1(SelectRow1(@param0, ==, 0, Hungary@Str), !=, 2, 1.232@Float), ['0'])
      --> ['SelectCol', ['SelectRow1', ['SelectRow1', 'input@0', '==', 'country', 'Hungary'], '!=', 'budget', 1.232], ['country']]
    # SelectCol(SelectRow1(SelectRow1(@param0, ==, 0, Hungary@Str), !=, 2, 1.144@Float), ['0'])
      --> ['SelectCol', ['SelectRow1', ['SelectRow1', 'input@0', '==', 'country', 'Hungary'], '!=', 'budget', 1.144], ['country']]
    # SelectCol(SelectRow1(SelectRow1(@param0, ==, 0, Hungary@Str), !=, 3, orange@Str), ['0'])
      --> ['SelectCol', ['SelectRow1', ['SelectRow1', 'input@0', '==', 'country', 'Hungary'], '!=', 'color', 'orange'], ['country']]
    # SelectCol(SelectRow1(SelectRow1(@param0, ==, 0, Hungary@Str), !=, 3, blue@Str), ['0'])
      --> ['SelectCol', ['SelectRow1', ['SelectRow1', 'input@0', '==', 'country', 'Hungary'], '!=', 'color', 'blue'], ['country']]
    # SelectCol(SelectRow1(SelectRow1(@param0, ==, 1, Pre UK rebate@Str), ==, 0, Hungary@Str), ['0'])
      --> ['SelectCol', ['SelectRow1', ['SelectRow1', 'input@0', '==', 'budgetcategory', 'Pre UK rebate'], '==', 'country', 'Hungary'], ['country']]
    # SelectCol(SelectRow1(SelectRow1(@param0, ==, 1, Pre UK rebate@Str), ==, 2, 1.144@Float), ['0'])
      --> ['SelectCol', ['SelectRow1', ['SelectRow1', 'input@0', '==', 'budgetcategory', 'Pre UK rebate'], '==', 'budget', 1.144], ['country']]
    # SelectCol(SelectRow1(SelectRow1(@param0, ==, 1, Post UK rebate@Str), ==, 0, Hungary@Str), ['0'])
      --> ['SelectCol', ['SelectRow1', ['SelectRow1', 'input@0', '==', 'budgetcategory', 'Post UK rebate'], '==', 'country', 'Hungary'], ['country']]
    # SelectCol(SelectRow1(SelectRow1(@param0, ==, 1, Post UK rebate@Str), ==, 2, 1.232@Float), ['0'])
      --> ['SelectCol', ['SelectRow1', ['SelectRow1', 'input@0', '==', 'budgetcategory', 'Post UK rebate'], '==', 'budget', 1.232], ['country']]
---------- timeout ----------

# ========== review report ========== #
# top-1, score: 0.00, answer: ['Hungary']
  # tprog: SelectCol(SelectRow0(SelectRow1(@param0, <, 2, 1.408@Float), eqmax, 2), ['0'])
# top-2, score: 0.00, answer: ['Hungary']
  # tprog: SelectCol(SelectRow0(SelectRow1(@param0, <, 2, 1.232@Float), eqmax, 2), ['0'])
# top-3, score: 0.00, answer: ['Hungary']
  # tprog: SelectCol(SelectRow0(SelectRow1(@param0, <=, 2, 1.232@Float), eqmax, 2), ['0'])
# top-4, score: 0.00, answer: ['Hungary']
  # tprog: SelectCol(SelectRow0(SelectRow1(@param0, <=, 2, 1.144@Float), eqmax, 2), ['0'])
# top-5, score: 0.00, answer: ['Hungary']
  # tprog: SelectCol(SelectRow0(SelectRow1(@param0, ==, 0, Hungary@Str), eqmin, 2), ['0'])
# top-6, score: 0.00, answer: ['Hungary']
  # tprog: SelectCol(SelectRow0(SelectRow1(@param0, ==, 0, Hungary@Str), eqmax, 2), ['0'])
# top-7, score: 0.00, answer: ['Hungary']
  # tprog: SelectCol(SelectRow0(SelectRow1(@param0, >=, 2, 1.232@Float), eqmin, 2), ['0'])
# top-8, score: 0.00, answer: ['Hungary']
  # tprog: SelectCol(SelectRow0(SelectRow1(@param0, >=, 2, 1.144@Float), eqmin, 2), ['0'])
# top-9, score: 0.00, answer: ['Hungary']
  # tprog: SelectCol(SelectRow0(SelectRow1(@param0, >, 2, 0.88@Float), eqmin, 2), ['0'])
# top-10, score: 0.00, answer: ['Hungary']
  # tprog: SelectCol(SelectRow0(SelectRow1(@param0, >, 2, 1.144@Float), eqmin, 2), ['0'])
# top-11, score: 0.00, answer: ['Hungary']
  # tprog: SelectCol(SelectRow1(SelectRow1(@param0, <, 2, 1.76@Float), ==, 2, 1.232@Float), ['0'])
# top-12, score: 0.00, answer: ['Hungary']
  # tprog: SelectCol(SelectRow1(SelectRow1(@param0, <, 2, 1.76@Float), ==, 2, 1.144@Float), ['0'])
# top-13, score: 0.00, answer: ['Hungary']
  # tprog: SelectCol(SelectRow1(SelectRow1(@param0, <, 2, 2.023@Float), ==, 2, 1.232@Float), ['0'])
# top-14, score: 0.00, answer: ['Hungary']
  # tprog: SelectCol(SelectRow1(SelectRow1(@param0, <, 2, 2.023@Float), ==, 2, 1.144@Float), ['0'])
# top-15, score: 0.00, answer: ['Hungary']
  # tprog: SelectCol(SelectRow1(SelectRow1(@param0, <, 2, 3.959@Float), ==, 2, 1.232@Float), ['0'])
# top-16, score: 0.00, answer: ['Hungary']
  # tprog: SelectCol(SelectRow1(SelectRow1(@param0, <, 2, 3.959@Float), ==, 2, 1.144@Float), ['0'])
# top-17, score: 0.00, answer: ['Hungary']
  # tprog: SelectCol(SelectRow1(SelectRow1(@param0, <, 2, 4.223@Float), ==, 2, 1.232@Float), ['0'])
# top-18, score: 0.00, answer: ['Hungary']
  # tprog: SelectCol(SelectRow1(SelectRow1(@param0, <, 2, 4.223@Float), ==, 2, 1.144@Float), ['0'])
# top-19, score: 0.00, answer: ['Hungary']
  # tprog: SelectCol(SelectRow1(SelectRow1(@param0, <, 2, 5.103@Float), ==, 2, 1.232@Float), ['0'])
# top-20, score: 0.00, answer: ['Hungary']
  # tprog: SelectCol(SelectRow1(SelectRow1(@param0, <, 2, 5.103@Float), ==, 2, 1.144@Float), ['0'])
# top-21, score: 0.00, answer: ['Hungary']
  # tprog: SelectCol(SelectRow1(SelectRow1(@param0, <, 2, 6.246@Float), ==, 2, 1.232@Float), ['0'])
# top-22, score: 0.00, answer: ['Hungary']
  # tprog: SelectCol(SelectRow1(SelectRow1(@param0, <, 2, 6.246@Float), ==, 2, 1.144@Float), ['0'])
# top-23, score: 0.00, answer: ['Hungary']
  # tprog: SelectCol(SelectRow1(SelectRow1(@param0, <, 2, 6.51@Float), ==, 2, 1.232@Float), ['0'])
# top-24, score: 0.00, answer: ['Hungary']
  # tprog: SelectCol(SelectRow1(SelectRow1(@param0, <, 2, 6.51@Float), ==, 2, 1.144@Float), ['0'])
# top-25, score: 0.00, answer: ['Hungary']
  # tprog: SelectCol(SelectRow1(SelectRow1(@param0, <, 2, 5.367@Float), ==, 2, 1.232@Float), ['0'])
# top-26, score: 0.00, answer: ['Hungary']
  # tprog: SelectCol(SelectRow1(SelectRow1(@param0, <, 2, 5.367@Float), ==, 2, 1.144@Float), ['0'])
# top-27, score: 0.00, answer: ['Hungary']
  # tprog: SelectCol(SelectRow1(SelectRow1(@param0, <, 2, 2.199@Float), ==, 2, 1.232@Float), ['0'])
# top-28, score: 0.00, answer: ['Hungary']
  # tprog: SelectCol(SelectRow1(SelectRow1(@param0, <, 2, 2.199@Float), ==, 2, 1.144@Float), ['0'])
# top-29, score: 0.00, answer: ['Hungary']
  # tprog: SelectCol(SelectRow1(SelectRow1(@param0, <, 2, 3.695@Float), ==, 2, 1.232@Float), ['0'])
# top-30, score: 0.00, answer: ['Hungary']
  # tprog: SelectCol(SelectRow1(SelectRow1(@param0, <, 2, 3.695@Float), ==, 2, 1.144@Float), ['0'])
# top-31, score: 0.00, answer: ['Hungary']
  # tprog: SelectCol(SelectRow1(SelectRow1(@param0, <, 2, 10.821@Float), ==, 2, 1.232@Float), ['0'])
# top-32, score: 0.00, answer: ['Hungary']
  # tprog: SelectCol(SelectRow1(SelectRow1(@param0, <, 2, 10.821@Float), ==, 2, 1.144@Float), ['0'])
# top-33, score: 0.00, answer: ['Hungary']
  # tprog: SelectCol(SelectRow1(SelectRow1(@param0, <, 2, 11.613@Float), ==, 2, 1.232@Float), ['0'])
# top-34, score: 0.00, answer: ['Hungary']
  # tprog: SelectCol(SelectRow1(SelectRow1(@param0, <, 2, 11.613@Float), ==, 2, 1.144@Float), ['0'])
# top-35, score: 0.00, answer: ['Hungary']
  # tprog: SelectCol(SelectRow1(SelectRow1(@param0, <, 2, 2.375@Float), ==, 2, 1.232@Float), ['0'])
# top-36, score: 0.00, answer: ['Hungary']
  # tprog: SelectCol(SelectRow1(SelectRow1(@param0, <, 2, 2.375@Float), ==, 2, 1.144@Float), ['0'])
# top-37, score: 0.00, answer: ['Hungary']
  # tprog: SelectCol(SelectRow1(SelectRow1(@param0, <, 2, 15.748@Float), ==, 2, 1.232@Float), ['0'])
# top-38, score: 0.00, answer: ['Hungary']
  # tprog: SelectCol(SelectRow1(SelectRow1(@param0, <, 2, 15.748@Float), ==, 2, 1.144@Float), ['0'])
# top-39, score: 0.00, answer: ['Hungary']
  # tprog: SelectCol(SelectRow1(SelectRow1(@param0, <, 2, 16.628@Float), ==, 2, 1.232@Float), ['0'])
# top-40, score: 0.00, answer: ['Hungary']
  # tprog: SelectCol(SelectRow1(SelectRow1(@param0, <, 2, 16.628@Float), ==, 2, 1.144@Float), ['0'])
# top-41, score: 0.00, answer: ['Hungary']
  # tprog: SelectCol(SelectRow1(SelectRow1(@param0, <, 2, 19.795@Float), ==, 2, 1.232@Float), ['0'])
# top-42, score: 0.00, answer: ['Hungary']
  # tprog: SelectCol(SelectRow1(SelectRow1(@param0, <, 2, 19.795@Float), ==, 2, 1.144@Float), ['0'])
# top-43, score: 0.00, answer: ['Hungary']
  # tprog: SelectCol(SelectRow1(SelectRow1(@param0, <, 2, 20.938@Float), ==, 2, 1.232@Float), ['0'])
# top-44, score: 0.00, answer: ['Hungary']
  # tprog: SelectCol(SelectRow1(SelectRow1(@param0, <, 2, 20.938@Float), ==, 2, 1.144@Float), ['0'])
# top-45, score: 0.00, answer: ['Hungary']
  # tprog: SelectCol(SelectRow1(SelectRow1(@param0, <, 2, 18.651@Float), ==, 2, 1.232@Float), ['0'])
# top-46, score: 0.00, answer: ['Hungary']
  # tprog: SelectCol(SelectRow1(SelectRow1(@param0, <, 2, 18.651@Float), ==, 2, 1.144@Float), ['0'])
# top-47, score: 0.00, answer: ['Hungary']
  # tprog: SelectCol(SelectRow1(SelectRow1(@param0, <, 2, 14.78@Float), ==, 2, 1.232@Float), ['0'])
# top-48, score: 0.00, answer: ['Hungary']
  # tprog: SelectCol(SelectRow1(SelectRow1(@param0, <, 2, 14.78@Float), ==, 2, 1.144@Float), ['0'])
# top-49, score: 0.00, answer: ['Hungary']
  # tprog: SelectCol(SelectRow1(SelectRow1(@param0, <, 2, 25.249@Float), ==, 2, 1.232@Float), ['0'])
# top-50, score: 0.00, answer: ['Hungary']
  # tprog: SelectCol(SelectRow1(SelectRow1(@param0, <, 2, 25.249@Float), ==, 2, 1.144@Float), ['0'])
# top-51, score: 0.00, answer: ['Hungary']
  # tprog: SelectCol(SelectRow1(SelectRow1(@param0, <, 2, 25.601@Float), ==, 2, 1.232@Float), ['0'])
# top-52, score: 0.00, answer: ['Hungary']
  # tprog: SelectCol(SelectRow1(SelectRow1(@param0, <, 2, 25.601@Float), ==, 2, 1.144@Float), ['0'])
# top-53, score: 0.00, answer: ['Hungary']
  # tprog: SelectCol(SelectRow1(SelectRow1(@param0, <, 2, 1.408@Float), ==, 2, 1.232@Float), ['0'])
# top-54, score: 0.00, answer: ['Hungary']
  # tprog: SelectCol(SelectRow1(SelectRow1(@param0, <, 2, 1.408@Float), ==, 2, 1.144@Float), ['0'])
# top-55, score: 0.00, answer: ['Hungary']
  # tprog: SelectCol(SelectRow1(SelectRow1(@param0, <, 2, 1.408@Float), >=, 2, 1.232@Float), ['0'])
# top-56, score: 0.00, answer: ['Hungary']
  # tprog: SelectCol(SelectRow1(SelectRow1(@param0, <, 2, 1.408@Float), >, 2, 1.144@Float), ['0'])
# top-57, score: 0.00, answer: ['Hungary']
  # tprog: SelectCol(SelectRow1(SelectRow1(@param0, <, 2, 1.232@Float), ==, 0, Hungary@Str), ['0'])
# top-58, score: 0.00, answer: ['Hungary']
  # tprog: SelectCol(SelectRow1(SelectRow1(@param0, <, 2, 1.232@Float), ==, 2, 1.144@Float), ['0'])
# top-59, score: 0.00, answer: ['Hungary']
  # tprog: SelectCol(SelectRow1(SelectRow1(@param0, <, 2, 1.232@Float), >=, 2, 1.144@Float), ['0'])
# top-60, score: 0.00, answer: ['Hungary']
  # tprog: SelectCol(SelectRow1(SelectRow1(@param0, <, 2, 1.232@Float), >, 2, 0.88@Float), ['0'])
# top-61, score: 0.00, answer: ['Hungary']
  # tprog: SelectCol(SelectRow1(SelectRow1(@param0, <, 2, 2.551@Float), ==, 2, 1.232@Float), ['0'])
# top-62, score: 0.00, answer: ['Hungary']
  # tprog: SelectCol(SelectRow1(SelectRow1(@param0, <, 2, 2.551@Float), ==, 2, 1.144@Float), ['0'])
# top-63, score: 0.00, answer: ['Hungary']
  # tprog: SelectCol(SelectRow1(SelectRow1(@param0, <, 2, 1.672@Float), ==, 2, 1.232@Float), ['0'])
# top-64, score: 0.00, answer: ['Hungary']
  # tprog: SelectCol(SelectRow1(SelectRow1(@param0, <, 2, 1.672@Float), ==, 2, 1.144@Float), ['0'])
# top-65, score: 0.00, answer: ['Hungary']
  # tprog: SelectCol(SelectRow1(SelectRow1(@param0, <, 2, 1.496@Float), ==, 2, 1.232@Float), ['0'])
# top-66, score: 0.00, answer: ['Hungary']
  # tprog: SelectCol(SelectRow1(SelectRow1(@param0, <, 2, 1.496@Float), ==, 2, 1.144@Float), ['0'])
# top-67, score: 0.00, answer: ['Hungary']
  # tprog: SelectCol(SelectRow1(SelectRow1(@param0, <, 2, 2.727@Float), ==, 2, 1.232@Float), ['0'])
# top-68, score: 0.00, answer: ['Hungary']
  # tprog: SelectCol(SelectRow1(SelectRow1(@param0, <, 2, 2.727@Float), ==, 2, 1.144@Float), ['0'])
# top-69, score: 0.00, answer: ['Hungary']
  # tprog: SelectCol(SelectRow1(SelectRow1(@param0, <=, 2, 1.76@Float), ==, 2, 1.232@Float), ['0'])
# top-70, score: 0.00, answer: ['Hungary']
  # tprog: SelectCol(SelectRow1(SelectRow1(@param0, <=, 2, 1.76@Float), ==, 2, 1.144@Float), ['0'])
# top-71, score: 0.00, answer: ['Hungary']
  # tprog: SelectCol(SelectRow1(SelectRow1(@param0, <=, 2, 2.023@Float), ==, 2, 1.232@Float), ['0'])
# top-72, score: 0.00, answer: ['Hungary']
  # tprog: SelectCol(SelectRow1(SelectRow1(@param0, <=, 2, 2.023@Float), ==, 2, 1.144@Float), ['0'])
# top-73, score: 0.00, answer: ['Hungary']
  # tprog: SelectCol(SelectRow1(SelectRow1(@param0, <=, 2, 3.959@Float), ==, 2, 1.232@Float), ['0'])
# top-74, score: 0.00, answer: ['Hungary']
  # tprog: SelectCol(SelectRow1(SelectRow1(@param0, <=, 2, 3.959@Float), ==, 2, 1.144@Float), ['0'])
# top-75, score: 0.00, answer: ['Hungary']
  # tprog: SelectCol(SelectRow1(SelectRow1(@param0, <=, 2, 4.223@Float), ==, 2, 1.232@Float), ['0'])
# top-76, score: 0.00, answer: ['Hungary']
  # tprog: SelectCol(SelectRow1(SelectRow1(@param0, <=, 2, 4.223@Float), ==, 2, 1.144@Float), ['0'])
# top-77, score: 0.00, answer: ['Hungary']
  # tprog: SelectCol(SelectRow1(SelectRow1(@param0, <=, 2, 5.103@Float), ==, 2, 1.232@Float), ['0'])
# top-78, score: 0.00, answer: ['Hungary']
  # tprog: SelectCol(SelectRow1(SelectRow1(@param0, <=, 2, 5.103@Float), ==, 2, 1.144@Float), ['0'])
# top-79, score: 0.00, answer: ['Hungary']
  # tprog: SelectCol(SelectRow1(SelectRow1(@param0, <=, 2, 6.246@Float), ==, 2, 1.232@Float), ['0'])
# top-80, score: 0.00, answer: ['Hungary']
  # tprog: SelectCol(SelectRow1(SelectRow1(@param0, <=, 2, 6.246@Float), ==, 2, 1.144@Float), ['0'])
# top-81, score: 0.00, answer: ['Hungary']
  # tprog: SelectCol(SelectRow1(SelectRow1(@param0, <=, 2, 6.51@Float), ==, 2, 1.232@Float), ['0'])
# top-82, score: 0.00, answer: ['Hungary']
  # tprog: SelectCol(SelectRow1(SelectRow1(@param0, <=, 2, 6.51@Float), ==, 2, 1.144@Float), ['0'])
# top-83, score: 0.00, answer: ['Hungary']
  # tprog: SelectCol(SelectRow1(SelectRow1(@param0, <=, 2, 5.367@Float), ==, 2, 1.232@Float), ['0'])
# top-84, score: 0.00, answer: ['Hungary']
  # tprog: SelectCol(SelectRow1(SelectRow1(@param0, <=, 2, 5.367@Float), ==, 2, 1.144@Float), ['0'])
# top-85, score: 0.00, answer: ['Hungary']
  # tprog: SelectCol(SelectRow1(SelectRow1(@param0, <=, 2, 2.199@Float), ==, 2, 1.232@Float), ['0'])
# top-86, score: 0.00, answer: ['Hungary']
  # tprog: SelectCol(SelectRow1(SelectRow1(@param0, <=, 2, 2.199@Float), ==, 2, 1.144@Float), ['0'])
# top-87, score: 0.00, answer: ['Hungary']
  # tprog: SelectCol(SelectRow1(SelectRow1(@param0, <=, 2, 3.695@Float), ==, 2, 1.232@Float), ['0'])
# top-88, score: 0.00, answer: ['Hungary']
  # tprog: SelectCol(SelectRow1(SelectRow1(@param0, <=, 2, 3.695@Float), ==, 2, 1.144@Float), ['0'])
# top-89, score: 0.00, answer: ['Hungary']
  # tprog: SelectCol(SelectRow1(SelectRow1(@param0, <=, 2, 10.821@Float), ==, 2, 1.232@Float), ['0'])
# top-90, score: 0.00, answer: ['Hungary']
  # tprog: SelectCol(SelectRow1(SelectRow1(@param0, <=, 2, 10.821@Float), ==, 2, 1.144@Float), ['0'])
# top-91, score: 0.00, answer: ['Hungary']
  # tprog: SelectCol(SelectRow1(SelectRow1(@param0, <=, 2, 11.613@Float), ==, 2, 1.232@Float), ['0'])
# top-92, score: 0.00, answer: ['Hungary']
  # tprog: SelectCol(SelectRow1(SelectRow1(@param0, <=, 2, 11.613@Float), ==, 2, 1.144@Float), ['0'])
# top-93, score: 0.00, answer: ['Hungary']
  # tprog: SelectCol(SelectRow1(SelectRow1(@param0, <=, 2, 2.375@Float), ==, 2, 1.232@Float), ['0'])
# top-94, score: 0.00, answer: ['Hungary']
  # tprog: SelectCol(SelectRow1(SelectRow1(@param0, <=, 2, 2.375@Float), ==, 2, 1.144@Float), ['0'])
# top-95, score: 0.00, answer: ['Hungary']
  # tprog: SelectCol(SelectRow1(SelectRow1(@param0, <=, 2, 15.748@Float), ==, 2, 1.232@Float), ['0'])
# top-96, score: 0.00, answer: ['Hungary']
  # tprog: SelectCol(SelectRow1(SelectRow1(@param0, <=, 2, 15.748@Float), ==, 2, 1.144@Float), ['0'])
# top-97, score: 0.00, answer: ['Hungary']
  # tprog: SelectCol(SelectRow1(SelectRow1(@param0, <=, 2, 16.628@Float), ==, 2, 1.232@Float), ['0'])
# top-98, score: 0.00, answer: ['Hungary']
  # tprog: SelectCol(SelectRow1(SelectRow1(@param0, <=, 2, 16.628@Float), ==, 2, 1.144@Float), ['0'])
# top-99, score: 0.00, answer: ['Hungary']
  # tprog: SelectCol(SelectRow1(SelectRow1(@param0, <=, 2, 19.795@Float), ==, 2, 1.232@Float), ['0'])
# top-100, score: 0.00, answer: ['Hungary']
  # tprog: SelectCol(SelectRow1(SelectRow1(@param0, <=, 2, 19.795@Float), ==, 2, 1.144@Float), ['0'])
# top-101, score: 0.00, answer: ['Hungary']
  # tprog: SelectCol(SelectRow1(SelectRow1(@param0, <=, 2, 20.938@Float), ==, 2, 1.232@Float), ['0'])
# top-102, score: 0.00, answer: ['Hungary']
  # tprog: SelectCol(SelectRow1(SelectRow1(@param0, <=, 2, 20.938@Float), ==, 2, 1.144@Float), ['0'])
# top-103, score: 0.00, answer: ['Hungary']
  # tprog: SelectCol(SelectRow1(SelectRow1(@param0, <=, 2, 18.651@Float), ==, 2, 1.232@Float), ['0'])
# top-104, score: 0.00, answer: ['Hungary']
  # tprog: SelectCol(SelectRow1(SelectRow1(@param0, <=, 2, 18.651@Float), ==, 2, 1.144@Float), ['0'])
# top-105, score: 0.00, answer: ['Hungary']
  # tprog: SelectCol(SelectRow1(SelectRow1(@param0, <=, 2, 14.78@Float), ==, 2, 1.232@Float), ['0'])
# top-106, score: 0.00, answer: ['Hungary']
  # tprog: SelectCol(SelectRow1(SelectRow1(@param0, <=, 2, 14.78@Float), ==, 2, 1.144@Float), ['0'])
# top-107, score: 0.00, answer: ['Hungary']
  # tprog: SelectCol(SelectRow1(SelectRow1(@param0, <=, 2, 25.249@Float), ==, 2, 1.232@Float), ['0'])
# top-108, score: 0.00, answer: ['Hungary']
  # tprog: SelectCol(SelectRow1(SelectRow1(@param0, <=, 2, 25.249@Float), ==, 2, 1.144@Float), ['0'])
# top-109, score: 0.00, answer: ['Hungary']
  # tprog: SelectCol(SelectRow1(SelectRow1(@param0, <=, 2, 25.601@Float), ==, 2, 1.232@Float), ['0'])
# top-110, score: 0.00, answer: ['Hungary']
  # tprog: SelectCol(SelectRow1(SelectRow1(@param0, <=, 2, 25.601@Float), ==, 2, 1.144@Float), ['0'])
# top-111, score: 0.00, answer: ['Hungary']
  # tprog: SelectCol(SelectRow1(SelectRow1(@param0, <=, 2, 1.408@Float), ==, 2, 1.232@Float), ['0'])
# top-112, score: 0.00, answer: ['Hungary']
  # tprog: SelectCol(SelectRow1(SelectRow1(@param0, <=, 2, 1.408@Float), ==, 2, 1.144@Float), ['0'])
# top-113, score: 0.00, answer: ['Hungary']
  # tprog: SelectCol(SelectRow1(SelectRow1(@param0, <=, 2, 1.232@Float), ==, 2, 1.232@Float), ['0'])
# top-114, score: 0.00, answer: ['Hungary']
  # tprog: SelectCol(SelectRow1(SelectRow1(@param0, <=, 2, 1.232@Float), ==, 2, 1.144@Float), ['0'])
# top-115, score: 0.00, answer: ['Hungary']
  # tprog: SelectCol(SelectRow1(SelectRow1(@param0, <=, 2, 1.232@Float), >=, 2, 1.232@Float), ['0'])
# top-116, score: 0.00, answer: ['Hungary']
  # tprog: SelectCol(SelectRow1(SelectRow1(@param0, <=, 2, 1.232@Float), >, 2, 1.144@Float), ['0'])
# top-117, score: 0.00, answer: ['Hungary']
  # tprog: SelectCol(SelectRow1(SelectRow1(@param0, <=, 2, 2.551@Float), ==, 2, 1.232@Float), ['0'])
# top-118, score: 0.00, answer: ['Hungary']
  # tprog: SelectCol(SelectRow1(SelectRow1(@param0, <=, 2, 2.551@Float), ==, 2, 1.144@Float), ['0'])
# top-119, score: 0.00, answer: ['Hungary']
  # tprog: SelectCol(SelectRow1(SelectRow1(@param0, <=, 2, 1.672@Float), ==, 2, 1.232@Float), ['0'])
# top-120, score: 0.00, answer: ['Hungary']
  # tprog: SelectCol(SelectRow1(SelectRow1(@param0, <=, 2, 1.672@Float), ==, 2, 1.144@Float), ['0'])
# top-121, score: 0.00, answer: ['Hungary']
  # tprog: SelectCol(SelectRow1(SelectRow1(@param0, <=, 2, 1.496@Float), ==, 2, 1.232@Float), ['0'])
# top-122, score: 0.00, answer: ['Hungary']
  # tprog: SelectCol(SelectRow1(SelectRow1(@param0, <=, 2, 1.496@Float), ==, 2, 1.144@Float), ['0'])
# top-123, score: 0.00, answer: ['Hungary']
  # tprog: SelectCol(SelectRow1(SelectRow1(@param0, <=, 2, 2.727@Float), ==, 2, 1.232@Float), ['0'])
# top-124, score: 0.00, answer: ['Hungary']
  # tprog: SelectCol(SelectRow1(SelectRow1(@param0, <=, 2, 2.727@Float), ==, 2, 1.144@Float), ['0'])
# top-125, score: 0.00, answer: ['Hungary']
  # tprog: SelectCol(SelectRow1(SelectRow1(@param0, <=, 2, 1.144@Float), ==, 0, Hungary@Str), ['0'])
# top-126, score: 0.00, answer: ['Hungary']
  # tprog: SelectCol(SelectRow1(SelectRow1(@param0, <=, 2, 1.144@Float), ==, 2, 1.144@Float), ['0'])
# top-127, score: 0.00, answer: ['Hungary']
  # tprog: SelectCol(SelectRow1(SelectRow1(@param0, <=, 2, 1.144@Float), >=, 2, 1.144@Float), ['0'])
# top-128, score: 0.00, answer: ['Hungary']
  # tprog: SelectCol(SelectRow1(SelectRow1(@param0, <=, 2, 1.144@Float), >, 2, 0.88@Float), ['0'])
# top-129, score: 0.00, answer: ['Hungary']
  # tprog: SelectCol(SelectRow1(SelectRow1(@param0, ==, 0, Hungary@Str), <, 2, 1.232@Float), ['0'])
# top-130, score: 0.00, answer: ['Hungary']
  # tprog: SelectCol(SelectRow1(SelectRow1(@param0, ==, 0, Hungary@Str), <=, 2, 1.144@Float), ['0'])
# top-131, score: 0.00, answer: ['Hungary']
  # tprog: SelectCol(SelectRow1(SelectRow1(@param0, ==, 0, Hungary@Str), ==, 1, Pre UK rebate@Str), ['0'])
# top-132, score: 0.00, answer: ['Hungary']
  # tprog: SelectCol(SelectRow1(SelectRow1(@param0, ==, 0, Hungary@Str), ==, 1, Post UK rebate@Str), ['0'])
# top-133, score: 0.00, answer: ['Hungary']
  # tprog: SelectCol(SelectRow1(SelectRow1(@param0, ==, 0, Hungary@Str), ==, 2, 1.232@Float), ['0'])
# top-134, score: 0.00, answer: ['Hungary']
  # tprog: SelectCol(SelectRow1(SelectRow1(@param0, ==, 0, Hungary@Str), ==, 2, 1.144@Float), ['0'])
# top-135, score: 0.00, answer: ['Hungary']
  # tprog: SelectCol(SelectRow1(SelectRow1(@param0, ==, 0, Hungary@Str), ==, 3, orange@Str), ['0'])
# top-136, score: 0.00, answer: ['Hungary']
  # tprog: SelectCol(SelectRow1(SelectRow1(@param0, ==, 0, Hungary@Str), ==, 3, blue@Str), ['0'])
# top-137, score: 0.00, answer: ['Hungary']
  # tprog: SelectCol(SelectRow1(SelectRow1(@param0, ==, 0, Hungary@Str), >=, 2, 1.232@Float), ['0'])
# top-138, score: 0.00, answer: ['Hungary']
  # tprog: SelectCol(SelectRow1(SelectRow1(@param0, ==, 0, Hungary@Str), >, 2, 1.144@Float), ['0'])
# top-139, score: 0.00, answer: ['Hungary']
  # tprog: SelectCol(SelectRow1(SelectRow1(@param0, ==, 0, Hungary@Str), !=, 1, Pre UK rebate@Str), ['0'])
# top-140, score: 0.00, answer: ['Hungary']
  # tprog: SelectCol(SelectRow1(SelectRow1(@param0, ==, 0, Hungary@Str), !=, 1, Post UK rebate@Str), ['0'])
# top-141, score: 0.00, answer: ['Hungary']
  # tprog: SelectCol(SelectRow1(SelectRow1(@param0, ==, 0, Hungary@Str), !=, 2, 1.232@Float), ['0'])
# top-142, score: 0.00, answer: ['Hungary']
  # tprog: SelectCol(SelectRow1(SelectRow1(@param0, ==, 0, Hungary@Str), !=, 2, 1.144@Float), ['0'])
# top-143, score: 0.00, answer: ['Hungary']
  # tprog: SelectCol(SelectRow1(SelectRow1(@param0, ==, 0, Hungary@Str), !=, 3, orange@Str), ['0'])
# top-144, score: 0.00, answer: ['Hungary']
  # tprog: SelectCol(SelectRow1(SelectRow1(@param0, ==, 0, Hungary@Str), !=, 3, blue@Str), ['0'])
# top-145, score: 0.00, answer: ['Hungary']
  # tprog: SelectCol(SelectRow1(SelectRow1(@param0, ==, 1, Pre UK rebate@Str), ==, 0, Hungary@Str), ['0'])
# top-146, score: 0.00, answer: ['Hungary']
  # tprog: SelectCol(SelectRow1(SelectRow1(@param0, ==, 1, Pre UK rebate@Str), ==, 2, 1.144@Float), ['0'])
# top-147, score: 0.00, answer: ['Hungary']
  # tprog: SelectCol(SelectRow1(SelectRow1(@param0, ==, 1, Post UK rebate@Str), ==, 0, Hungary@Str), ['0'])
# top-148, score: 0.00, answer: ['Hungary']
  # tprog: SelectCol(SelectRow1(SelectRow1(@param0, ==, 1, Post UK rebate@Str), ==, 2, 1.232@Float), ['0'])
