# parsed arguments: Namespace(benchmark='Qb6ed7', dsl='meta_visqa', skeletons='visqa_normal', strategy='TaPas_C', fallback='auto', timeout=300, mode='abstract-only', expected_only=False)
# loading benchmark...
# table keywords: {'837.27', 'highland', 'inland', '2346.84', 'color', 'yamato', '506.89', 'area', 'size', 'plain', 'yoshino', 'gojō,', 'flat', 'district', '(km²)', 'blue'}
# input type: [dtype('O'), dtype('float64'), dtype('O')]
# input is:
                   District  Area Size (km²) color
0  Yamato flat inland plain           837.27  blue
1           Yamato highland           506.89  blue
2             Gojō, Yoshino          2346.84  blue
# query is: What is the value of the bar for Yamato flat inland plain?
# expected output type:[dtype('float64')]
# expected output is:
   ANSWER
0  837.27
# inferred DSL terminals:
  # ConstVal: ['Gojō, Yoshino@Str', '837.27@Float', 'District@Str', 'Yamato highland@Str', '2346.84@Float', 'color@Str', 'Area Size (km²)@Str', '506.89@Float', 'Yamato flat inland plain@Str', 'blue@Str']
     # cmap: [(None, 'Gojō, Yoshino'), (None, 837.27), (None, 'District'), (None, 'Yamato highland'), (None, 2346.84), (None, 'color'), (None, 'Area Size (km²)'), (None, 506.89), (None, 'Yamato flat inland plain'), (None, 'blue')]
# loading skeleton list...

# ========== candidate program report ========== #
# (t=0.00) i=0, candidate=[{'ANSWER': 837.27}]
  # found 236 program(s)
    # SelectCol(SelectRow0(SelectRow1(@param0, <, 1, 2346.84@Float), eqmax, 1), ['1'])
      --> ['SelectCol', ['SelectRow0', ['SelectRow1', 'input@0', '<', 'Area Size (km²)', 2346.84], 'eqmax', 'Area Size (km²)'], ['Area Size (km²)']]
    # SelectCol(SelectRow0(SelectRow1(@param0, <, 1, 2346.84@Float), eqmax, 1), ['-99', '-2'])
      --> ['SelectCol', ['SelectRow0', ['SelectRow1', 'input@0', '<', 'Area Size (km²)', 2346.84], 'eqmax', 'Area Size (km²)'], ['Area Size (km²)']]
    # SelectCol(SelectRow0(SelectRow1(@param0, <=, 1, 837.27@Float), eqmax, 1), ['1'])
      --> ['SelectCol', ['SelectRow0', ['SelectRow1', 'input@0', '<=', 'Area Size (km²)', 837.27], 'eqmax', 'Area Size (km²)'], ['Area Size (km²)']]
    # SelectCol(SelectRow0(SelectRow1(@param0, <=, 1, 837.27@Float), eqmax, 1), ['-99', '-2'])
      --> ['SelectCol', ['SelectRow0', ['SelectRow1', 'input@0', '<=', 'Area Size (km²)', 837.27], 'eqmax', 'Area Size (km²)'], ['Area Size (km²)']]
    # SelectCol(SelectRow0(SelectRow1(@param0, >=, 1, 837.27@Float), eqmin, 1), ['1'])
      --> ['SelectCol', ['SelectRow0', ['SelectRow1', 'input@0', '>=', 'Area Size (km²)', 837.27], 'eqmin', 'Area Size (km²)'], ['Area Size (km²)']]
    # SelectCol(SelectRow0(SelectRow1(@param0, >=, 1, 837.27@Float), eqmin, 1), ['-99', '-2'])
      --> ['SelectCol', ['SelectRow0', ['SelectRow1', 'input@0', '>=', 'Area Size (km²)', 837.27], 'eqmin', 'Area Size (km²)'], ['Area Size (km²)']]
    # SelectCol(SelectRow0(SelectRow1(@param0, >, 1, 506.89@Float), eqmin, 1), ['1'])
      --> ['SelectCol', ['SelectRow0', ['SelectRow1', 'input@0', '>', 'Area Size (km²)', 506.89], 'eqmin', 'Area Size (km²)'], ['Area Size (km²)']]
    # SelectCol(SelectRow0(SelectRow1(@param0, >, 1, 506.89@Float), eqmin, 1), ['-99', '-2'])
      --> ['SelectCol', ['SelectRow0', ['SelectRow1', 'input@0', '>', 'Area Size (km²)', 506.89], 'eqmin', 'Area Size (km²)'], ['Area Size (km²)']]
    # SelectCol(SelectRow0(SelectRow1(@param0, !=, 0, Gojō, Yoshino@Str), eqmax, 1), ['1'])
      --> ['SelectCol', ['SelectRow0', ['SelectRow1', 'input@0', '!=', 'District', 'Gojō, Yoshino'], 'eqmax', 'Area Size (km²)'], ['Area Size (km²)']]
    # SelectCol(SelectRow0(SelectRow1(@param0, !=, 0, Gojō, Yoshino@Str), eqmax, 1), ['-99', '-2'])
      --> ['SelectCol', ['SelectRow0', ['SelectRow1', 'input@0', '!=', 'District', 'Gojō, Yoshino'], 'eqmax', 'Area Size (km²)'], ['Area Size (km²)']]
    # SelectCol(SelectRow0(SelectRow1(@param0, !=, 0, Yamato highland@Str), eqmin, 1), ['1'])
      --> ['SelectCol', ['SelectRow0', ['SelectRow1', 'input@0', '!=', 'District', 'Yamato highland'], 'eqmin', 'Area Size (km²)'], ['Area Size (km²)']]
    # SelectCol(SelectRow0(SelectRow1(@param0, !=, 0, Yamato highland@Str), eqmin, 1), ['-99', '-2'])
      --> ['SelectCol', ['SelectRow0', ['SelectRow1', 'input@0', '!=', 'District', 'Yamato highland'], 'eqmin', 'Area Size (km²)'], ['Area Size (km²)']]
    # SelectCol(SelectRow0(SelectRow1(@param0, !=, 1, 2346.84@Float), eqmax, 1), ['1'])
      --> ['SelectCol', ['SelectRow0', ['SelectRow1', 'input@0', '!=', 'Area Size (km²)', 2346.84], 'eqmax', 'Area Size (km²)'], ['Area Size (km²)']]
    # SelectCol(SelectRow0(SelectRow1(@param0, !=, 1, 2346.84@Float), eqmax, 1), ['-99', '-2'])
      --> ['SelectCol', ['SelectRow0', ['SelectRow1', 'input@0', '!=', 'Area Size (km²)', 2346.84], 'eqmax', 'Area Size (km²)'], ['Area Size (km²)']]
    # SelectCol(SelectRow0(SelectRow1(@param0, !=, 1, 506.89@Float), eqmin, 1), ['1'])
      --> ['SelectCol', ['SelectRow0', ['SelectRow1', 'input@0', '!=', 'Area Size (km²)', 506.89], 'eqmin', 'Area Size (km²)'], ['Area Size (km²)']]
    # SelectCol(SelectRow0(SelectRow1(@param0, !=, 1, 506.89@Float), eqmin, 1), ['-99', '-2'])
      --> ['SelectCol', ['SelectRow0', ['SelectRow1', 'input@0', '!=', 'Area Size (km²)', 506.89], 'eqmin', 'Area Size (km²)'], ['Area Size (km²)']]
    # SelectCol(SelectRow1(SelectRow1(@param0, <, 1, 2346.84@Float), ==, 0, Yamato flat inland plain@Str), ['1'])
      --> ['SelectCol', ['SelectRow1', ['SelectRow1', 'input@0', '<', 'Area Size (km²)', 2346.84], '==', 'District', 'Yamato flat inland plain'], ['Area Size (km²)']]
    # SelectCol(SelectRow1(SelectRow1(@param0, <, 1, 2346.84@Float), ==, 0, Yamato flat inland plain@Str), ['-99', '-2'])
      --> ['SelectCol', ['SelectRow1', ['SelectRow1', 'input@0', '<', 'Area Size (km²)', 2346.84], '==', 'District', 'Yamato flat inland plain'], ['Area Size (km²)']]
    # SelectCol(SelectRow1(SelectRow1(@param0, <, 1, 2346.84@Float), ==, 1, 837.27@Float), ['1'])
      --> ['SelectCol', ['SelectRow1', ['SelectRow1', 'input@0', '<', 'Area Size (km²)', 2346.84], '==', 'Area Size (km²)', 837.27], ['Area Size (km²)']]
    # SelectCol(SelectRow1(SelectRow1(@param0, <, 1, 2346.84@Float), ==, 1, 837.27@Float), ['-99', '-2'])
      --> ['SelectCol', ['SelectRow1', ['SelectRow1', 'input@0', '<', 'Area Size (km²)', 2346.84], '==', 'Area Size (km²)', 837.27], ['Area Size (km²)']]
    # SelectCol(SelectRow1(SelectRow1(@param0, <, 1, 2346.84@Float), >=, 1, 837.27@Float), ['1'])
      --> ['SelectCol', ['SelectRow1', ['SelectRow1', 'input@0', '<', 'Area Size (km²)', 2346.84], '>=', 'Area Size (km²)', 837.27], ['Area Size (km²)']]
    # SelectCol(SelectRow1(SelectRow1(@param0, <, 1, 2346.84@Float), >=, 1, 837.27@Float), ['-99', '-2'])
      --> ['SelectCol', ['SelectRow1', ['SelectRow1', 'input@0', '<', 'Area Size (km²)', 2346.84], '>=', 'Area Size (km²)', 837.27], ['Area Size (km²)']]
    # SelectCol(SelectRow1(SelectRow1(@param0, <, 1, 2346.84@Float), >, 1, 506.89@Float), ['1'])
      --> ['SelectCol', ['SelectRow1', ['SelectRow1', 'input@0', '<', 'Area Size (km²)', 2346.84], '>', 'Area Size (km²)', 506.89], ['Area Size (km²)']]
    # SelectCol(SelectRow1(SelectRow1(@param0, <, 1, 2346.84@Float), >, 1, 506.89@Float), ['-99', '-2'])
      --> ['SelectCol', ['SelectRow1', ['SelectRow1', 'input@0', '<', 'Area Size (km²)', 2346.84], '>', 'Area Size (km²)', 506.89], ['Area Size (km²)']]
    # SelectCol(SelectRow1(SelectRow1(@param0, <, 1, 2346.84@Float), !=, 0, Yamato highland@Str), ['1'])
      --> ['SelectCol', ['SelectRow1', ['SelectRow1', 'input@0', '<', 'Area Size (km²)', 2346.84], '!=', 'District', 'Yamato highland'], ['Area Size (km²)']]
    # SelectCol(SelectRow1(SelectRow1(@param0, <, 1, 2346.84@Float), !=, 0, Yamato highland@Str), ['-99', '-2'])
      --> ['SelectCol', ['SelectRow1', ['SelectRow1', 'input@0', '<', 'Area Size (km²)', 2346.84], '!=', 'District', 'Yamato highland'], ['Area Size (km²)']]
    # SelectCol(SelectRow1(SelectRow1(@param0, <, 1, 2346.84@Float), !=, 1, 506.89@Float), ['1'])
      --> ['SelectCol', ['SelectRow1', ['SelectRow1', 'input@0', '<', 'Area Size (km²)', 2346.84], '!=', 'Area Size (km²)', 506.89], ['Area Size (km²)']]
    # SelectCol(SelectRow1(SelectRow1(@param0, <, 1, 2346.84@Float), !=, 1, 506.89@Float), ['-99', '-2'])
      --> ['SelectCol', ['SelectRow1', ['SelectRow1', 'input@0', '<', 'Area Size (km²)', 2346.84], '!=', 'Area Size (km²)', 506.89], ['Area Size (km²)']]
    # SelectCol(SelectRow1(SelectRow1(@param0, <=, 1, 837.27@Float), ==, 0, Yamato flat inland plain@Str), ['1'])
      --> ['SelectCol', ['SelectRow1', ['SelectRow1', 'input@0', '<=', 'Area Size (km²)', 837.27], '==', 'District', 'Yamato flat inland plain'], ['Area Size (km²)']]
    # SelectCol(SelectRow1(SelectRow1(@param0, <=, 1, 837.27@Float), ==, 0, Yamato flat inland plain@Str), ['-99', '-2'])
      --> ['SelectCol', ['SelectRow1', ['SelectRow1', 'input@0', '<=', 'Area Size (km²)', 837.27], '==', 'District', 'Yamato flat inland plain'], ['Area Size (km²)']]
    # SelectCol(SelectRow1(SelectRow1(@param0, <=, 1, 837.27@Float), ==, 1, 837.27@Float), ['1'])
      --> ['SelectCol', ['SelectRow1', ['SelectRow1', 'input@0', '<=', 'Area Size (km²)', 837.27], '==', 'Area Size (km²)', 837.27], ['Area Size (km²)']]
    # SelectCol(SelectRow1(SelectRow1(@param0, <=, 1, 837.27@Float), ==, 1, 837.27@Float), ['-99', '-2'])
      --> ['SelectCol', ['SelectRow1', ['SelectRow1', 'input@0', '<=', 'Area Size (km²)', 837.27], '==', 'Area Size (km²)', 837.27], ['Area Size (km²)']]
    # SelectCol(SelectRow1(SelectRow1(@param0, <=, 1, 837.27@Float), >=, 1, 837.27@Float), ['1'])
      --> ['SelectCol', ['SelectRow1', ['SelectRow1', 'input@0', '<=', 'Area Size (km²)', 837.27], '>=', 'Area Size (km²)', 837.27], ['Area Size (km²)']]
    # SelectCol(SelectRow1(SelectRow1(@param0, <=, 1, 837.27@Float), >=, 1, 837.27@Float), ['-99', '-2'])
      --> ['SelectCol', ['SelectRow1', ['SelectRow1', 'input@0', '<=', 'Area Size (km²)', 837.27], '>=', 'Area Size (km²)', 837.27], ['Area Size (km²)']]
    # SelectCol(SelectRow1(SelectRow1(@param0, <=, 1, 837.27@Float), >, 1, 506.89@Float), ['1'])
      --> ['SelectCol', ['SelectRow1', ['SelectRow1', 'input@0', '<=', 'Area Size (km²)', 837.27], '>', 'Area Size (km²)', 506.89], ['Area Size (km²)']]
    # SelectCol(SelectRow1(SelectRow1(@param0, <=, 1, 837.27@Float), >, 1, 506.89@Float), ['-99', '-2'])
      --> ['SelectCol', ['SelectRow1', ['SelectRow1', 'input@0', '<=', 'Area Size (km²)', 837.27], '>', 'Area Size (km²)', 506.89], ['Area Size (km²)']]
    # SelectCol(SelectRow1(SelectRow1(@param0, <=, 1, 837.27@Float), !=, 0, Yamato highland@Str), ['1'])
      --> ['SelectCol', ['SelectRow1', ['SelectRow1', 'input@0', '<=', 'Area Size (km²)', 837.27], '!=', 'District', 'Yamato highland'], ['Area Size (km²)']]
    # SelectCol(SelectRow1(SelectRow1(@param0, <=, 1, 837.27@Float), !=, 0, Yamato highland@Str), ['-99', '-2'])
      --> ['SelectCol', ['SelectRow1', ['SelectRow1', 'input@0', '<=', 'Area Size (km²)', 837.27], '!=', 'District', 'Yamato highland'], ['Area Size (km²)']]
    # SelectCol(SelectRow1(SelectRow1(@param0, <=, 1, 837.27@Float), !=, 1, 506.89@Float), ['1'])
      --> ['SelectCol', ['SelectRow1', ['SelectRow1', 'input@0', '<=', 'Area Size (km²)', 837.27], '!=', 'Area Size (km²)', 506.89], ['Area Size (km²)']]
    # SelectCol(SelectRow1(SelectRow1(@param0, <=, 1, 837.27@Float), !=, 1, 506.89@Float), ['-99', '-2'])
      --> ['SelectCol', ['SelectRow1', ['SelectRow1', 'input@0', '<=', 'Area Size (km²)', 837.27], '!=', 'Area Size (km²)', 506.89], ['Area Size (km²)']]
    # SelectCol(SelectRow1(SelectRow1(@param0, <=, 1, 2346.84@Float), ==, 0, Yamato flat inland plain@Str), ['1'])
      --> ['SelectCol', ['SelectRow1', ['SelectRow1', 'input@0', '<=', 'Area Size (km²)', 2346.84], '==', 'District', 'Yamato flat inland plain'], ['Area Size (km²)']]
    # SelectCol(SelectRow1(SelectRow1(@param0, <=, 1, 2346.84@Float), ==, 0, Yamato flat inland plain@Str), ['-99', '-2'])
      --> ['SelectCol', ['SelectRow1', ['SelectRow1', 'input@0', '<=', 'Area Size (km²)', 2346.84], '==', 'District', 'Yamato flat inland plain'], ['Area Size (km²)']]
    # SelectCol(SelectRow1(SelectRow1(@param0, <=, 1, 2346.84@Float), ==, 1, 837.27@Float), ['1'])
      --> ['SelectCol', ['SelectRow1', ['SelectRow1', 'input@0', '<=', 'Area Size (km²)', 2346.84], '==', 'Area Size (km²)', 837.27], ['Area Size (km²)']]
    # SelectCol(SelectRow1(SelectRow1(@param0, <=, 1, 2346.84@Float), ==, 1, 837.27@Float), ['-99', '-2'])
      --> ['SelectCol', ['SelectRow1', ['SelectRow1', 'input@0', '<=', 'Area Size (km²)', 2346.84], '==', 'Area Size (km²)', 837.27], ['Area Size (km²)']]
    # SelectCol(SelectRow1(SelectRow1(@param0, ==, 2, blue@Str), ==, 0, Yamato flat inland plain@Str), ['1'])
      --> ['SelectCol', ['SelectRow1', ['SelectRow1', 'input@0', '==', 'color', 'blue'], '==', 'District', 'Yamato flat inland plain'], ['Area Size (km²)']]
    # SelectCol(SelectRow1(SelectRow1(@param0, ==, 2, blue@Str), ==, 0, Yamato flat inland plain@Str), ['-99', '-2'])
      --> ['SelectCol', ['SelectRow1', ['SelectRow1', 'input@0', '==', 'color', 'blue'], '==', 'District', 'Yamato flat inland plain'], ['Area Size (km²)']]
    # SelectCol(SelectRow1(SelectRow1(@param0, ==, 2, blue@Str), ==, 1, 837.27@Float), ['1'])
      --> ['SelectCol', ['SelectRow1', ['SelectRow1', 'input@0', '==', 'color', 'blue'], '==', 'Area Size (km²)', 837.27], ['Area Size (km²)']]
    # SelectCol(SelectRow1(SelectRow1(@param0, ==, 2, blue@Str), ==, 1, 837.27@Float), ['-99', '-2'])
      --> ['SelectCol', ['SelectRow1', ['SelectRow1', 'input@0', '==', 'color', 'blue'], '==', 'Area Size (km²)', 837.27], ['Area Size (km²)']]
    # SelectCol(SelectRow1(SelectRow1(@param0, >=, 1, 837.27@Float), <, 1, 2346.84@Float), ['1'])
      --> ['SelectCol', ['SelectRow1', ['SelectRow1', 'input@0', '>=', 'Area Size (km²)', 837.27], '<', 'Area Size (km²)', 2346.84], ['Area Size (km²)']]
    # SelectCol(SelectRow1(SelectRow1(@param0, >=, 1, 837.27@Float), <, 1, 2346.84@Float), ['-99', '-2'])
      --> ['SelectCol', ['SelectRow1', ['SelectRow1', 'input@0', '>=', 'Area Size (km²)', 837.27], '<', 'Area Size (km²)', 2346.84], ['Area Size (km²)']]
    # SelectCol(SelectRow1(SelectRow1(@param0, >=, 1, 837.27@Float), <=, 1, 837.27@Float), ['1'])
      --> ['SelectCol', ['SelectRow1', ['SelectRow1', 'input@0', '>=', 'Area Size (km²)', 837.27], '<=', 'Area Size (km²)', 837.27], ['Area Size (km²)']]
    # SelectCol(SelectRow1(SelectRow1(@param0, >=, 1, 837.27@Float), <=, 1, 837.27@Float), ['-99', '-2'])
      --> ['SelectCol', ['SelectRow1', ['SelectRow1', 'input@0', '>=', 'Area Size (km²)', 837.27], '<=', 'Area Size (km²)', 837.27], ['Area Size (km²)']]
    # SelectCol(SelectRow1(SelectRow1(@param0, >=, 1, 837.27@Float), ==, 0, Yamato flat inland plain@Str), ['1'])
      --> ['SelectCol', ['SelectRow1', ['SelectRow1', 'input@0', '>=', 'Area Size (km²)', 837.27], '==', 'District', 'Yamato flat inland plain'], ['Area Size (km²)']]
    # SelectCol(SelectRow1(SelectRow1(@param0, >=, 1, 837.27@Float), ==, 0, Yamato flat inland plain@Str), ['-99', '-2'])
      --> ['SelectCol', ['SelectRow1', ['SelectRow1', 'input@0', '>=', 'Area Size (km²)', 837.27], '==', 'District', 'Yamato flat inland plain'], ['Area Size (km²)']]
    # SelectCol(SelectRow1(SelectRow1(@param0, >=, 1, 837.27@Float), ==, 1, 837.27@Float), ['1'])
      --> ['SelectCol', ['SelectRow1', ['SelectRow1', 'input@0', '>=', 'Area Size (km²)', 837.27], '==', 'Area Size (km²)', 837.27], ['Area Size (km²)']]
    # SelectCol(SelectRow1(SelectRow1(@param0, >=, 1, 837.27@Float), ==, 1, 837.27@Float), ['-99', '-2'])
      --> ['SelectCol', ['SelectRow1', ['SelectRow1', 'input@0', '>=', 'Area Size (km²)', 837.27], '==', 'Area Size (km²)', 837.27], ['Area Size (km²)']]
    # SelectCol(SelectRow1(SelectRow1(@param0, >=, 1, 837.27@Float), !=, 0, Gojō, Yoshino@Str), ['1'])
      --> ['SelectCol', ['SelectRow1', ['SelectRow1', 'input@0', '>=', 'Area Size (km²)', 837.27], '!=', 'District', 'Gojō, Yoshino'], ['Area Size (km²)']]
    # SelectCol(SelectRow1(SelectRow1(@param0, >=, 1, 837.27@Float), !=, 0, Gojō, Yoshino@Str), ['-99', '-2'])
      --> ['SelectCol', ['SelectRow1', ['SelectRow1', 'input@0', '>=', 'Area Size (km²)', 837.27], '!=', 'District', 'Gojō, Yoshino'], ['Area Size (km²)']]
    # SelectCol(SelectRow1(SelectRow1(@param0, >=, 1, 837.27@Float), !=, 1, 2346.84@Float), ['1'])
      --> ['SelectCol', ['SelectRow1', ['SelectRow1', 'input@0', '>=', 'Area Size (km²)', 837.27], '!=', 'Area Size (km²)', 2346.84], ['Area Size (km²)']]
    # SelectCol(SelectRow1(SelectRow1(@param0, >=, 1, 837.27@Float), !=, 1, 2346.84@Float), ['-99', '-2'])
      --> ['SelectCol', ['SelectRow1', ['SelectRow1', 'input@0', '>=', 'Area Size (km²)', 837.27], '!=', 'Area Size (km²)', 2346.84], ['Area Size (km²)']]
    # SelectCol(SelectRow1(SelectRow1(@param0, >=, 1, 506.89@Float), ==, 0, Yamato flat inland plain@Str), ['1'])
      --> ['SelectCol', ['SelectRow1', ['SelectRow1', 'input@0', '>=', 'Area Size (km²)', 506.89], '==', 'District', 'Yamato flat inland plain'], ['Area Size (km²)']]
    # SelectCol(SelectRow1(SelectRow1(@param0, >=, 1, 506.89@Float), ==, 0, Yamato flat inland plain@Str), ['-99', '-2'])
      --> ['SelectCol', ['SelectRow1', ['SelectRow1', 'input@0', '>=', 'Area Size (km²)', 506.89], '==', 'District', 'Yamato flat inland plain'], ['Area Size (km²)']]
    # SelectCol(SelectRow1(SelectRow1(@param0, >=, 1, 506.89@Float), ==, 1, 837.27@Float), ['1'])
      --> ['SelectCol', ['SelectRow1', ['SelectRow1', 'input@0', '>=', 'Area Size (km²)', 506.89], '==', 'Area Size (km²)', 837.27], ['Area Size (km²)']]
    # SelectCol(SelectRow1(SelectRow1(@param0, >=, 1, 506.89@Float), ==, 1, 837.27@Float), ['-99', '-2'])
      --> ['SelectCol', ['SelectRow1', ['SelectRow1', 'input@0', '>=', 'Area Size (km²)', 506.89], '==', 'Area Size (km²)', 837.27], ['Area Size (km²)']]
    # SelectCol(SelectRow1(SelectRow1(@param0, >, 1, 506.89@Float), <, 1, 2346.84@Float), ['1'])
      --> ['SelectCol', ['SelectRow1', ['SelectRow1', 'input@0', '>', 'Area Size (km²)', 506.89], '<', 'Area Size (km²)', 2346.84], ['Area Size (km²)']]
    # SelectCol(SelectRow1(SelectRow1(@param0, >, 1, 506.89@Float), <, 1, 2346.84@Float), ['-99', '-2'])
      --> ['SelectCol', ['SelectRow1', ['SelectRow1', 'input@0', '>', 'Area Size (km²)', 506.89], '<', 'Area Size (km²)', 2346.84], ['Area Size (km²)']]
    # SelectCol(SelectRow1(SelectRow1(@param0, >, 1, 506.89@Float), <=, 1, 837.27@Float), ['1'])
      --> ['SelectCol', ['SelectRow1', ['SelectRow1', 'input@0', '>', 'Area Size (km²)', 506.89], '<=', 'Area Size (km²)', 837.27], ['Area Size (km²)']]
    # SelectCol(SelectRow1(SelectRow1(@param0, >, 1, 506.89@Float), <=, 1, 837.27@Float), ['-99', '-2'])
      --> ['SelectCol', ['SelectRow1', ['SelectRow1', 'input@0', '>', 'Area Size (km²)', 506.89], '<=', 'Area Size (km²)', 837.27], ['Area Size (km²)']]
    # SelectCol(SelectRow1(SelectRow1(@param0, >, 1, 506.89@Float), ==, 0, Yamato flat inland plain@Str), ['1'])
      --> ['SelectCol', ['SelectRow1', ['SelectRow1', 'input@0', '>', 'Area Size (km²)', 506.89], '==', 'District', 'Yamato flat inland plain'], ['Area Size (km²)']]
    # SelectCol(SelectRow1(SelectRow1(@param0, >, 1, 506.89@Float), ==, 0, Yamato flat inland plain@Str), ['-99', '-2'])
      --> ['SelectCol', ['SelectRow1', ['SelectRow1', 'input@0', '>', 'Area Size (km²)', 506.89], '==', 'District', 'Yamato flat inland plain'], ['Area Size (km²)']]
    # SelectCol(SelectRow1(SelectRow1(@param0, >, 1, 506.89@Float), ==, 1, 837.27@Float), ['1'])
      --> ['SelectCol', ['SelectRow1', ['SelectRow1', 'input@0', '>', 'Area Size (km²)', 506.89], '==', 'Area Size (km²)', 837.27], ['Area Size (km²)']]
    # SelectCol(SelectRow1(SelectRow1(@param0, >, 1, 506.89@Float), ==, 1, 837.27@Float), ['-99', '-2'])
      --> ['SelectCol', ['SelectRow1', ['SelectRow1', 'input@0', '>', 'Area Size (km²)', 506.89], '==', 'Area Size (km²)', 837.27], ['Area Size (km²)']]
    # SelectCol(SelectRow1(SelectRow1(@param0, >, 1, 506.89@Float), !=, 0, Gojō, Yoshino@Str), ['1'])
      --> ['SelectCol', ['SelectRow1', ['SelectRow1', 'input@0', '>', 'Area Size (km²)', 506.89], '!=', 'District', 'Gojō, Yoshino'], ['Area Size (km²)']]
    # SelectCol(SelectRow1(SelectRow1(@param0, >, 1, 506.89@Float), !=, 0, Gojō, Yoshino@Str), ['-99', '-2'])
      --> ['SelectCol', ['SelectRow1', ['SelectRow1', 'input@0', '>', 'Area Size (km²)', 506.89], '!=', 'District', 'Gojō, Yoshino'], ['Area Size (km²)']]
    # SelectCol(SelectRow1(SelectRow1(@param0, >, 1, 506.89@Float), !=, 1, 2346.84@Float), ['1'])
      --> ['SelectCol', ['SelectRow1', ['SelectRow1', 'input@0', '>', 'Area Size (km²)', 506.89], '!=', 'Area Size (km²)', 2346.84], ['Area Size (km²)']]
    # SelectCol(SelectRow1(SelectRow1(@param0, >, 1, 506.89@Float), !=, 1, 2346.84@Float), ['-99', '-2'])
      --> ['SelectCol', ['SelectRow1', ['SelectRow1', 'input@0', '>', 'Area Size (km²)', 506.89], '!=', 'Area Size (km²)', 2346.84], ['Area Size (km²)']]
    # SelectCol(SelectRow1(SelectRow1(@param0, !=, 0, Gojō, Yoshino@Str), ==, 0, Yamato flat inland plain@Str), ['1'])
      --> ['SelectCol', ['SelectRow1', ['SelectRow1', 'input@0', '!=', 'District', 'Gojō, Yoshino'], '==', 'District', 'Yamato flat inland plain'], ['Area Size (km²)']]
    # SelectCol(SelectRow1(SelectRow1(@param0, !=, 0, Gojō, Yoshino@Str), ==, 0, Yamato flat inland plain@Str), ['-99', '-2'])
      --> ['SelectCol', ['SelectRow1', ['SelectRow1', 'input@0', '!=', 'District', 'Gojō, Yoshino'], '==', 'District', 'Yamato flat inland plain'], ['Area Size (km²)']]
    # SelectCol(SelectRow1(SelectRow1(@param0, !=, 0, Gojō, Yoshino@Str), ==, 1, 837.27@Float), ['1'])
      --> ['SelectCol', ['SelectRow1', ['SelectRow1', 'input@0', '!=', 'District', 'Gojō, Yoshino'], '==', 'Area Size (km²)', 837.27], ['Area Size (km²)']]
    # SelectCol(SelectRow1(SelectRow1(@param0, !=, 0, Gojō, Yoshino@Str), ==, 1, 837.27@Float), ['-99', '-2'])
      --> ['SelectCol', ['SelectRow1', ['SelectRow1', 'input@0', '!=', 'District', 'Gojō, Yoshino'], '==', 'Area Size (km²)', 837.27], ['Area Size (km²)']]
    # SelectCol(SelectRow1(SelectRow1(@param0, !=, 0, Gojō, Yoshino@Str), >=, 1, 837.27@Float), ['1'])
      --> ['SelectCol', ['SelectRow1', ['SelectRow1', 'input@0', '!=', 'District', 'Gojō, Yoshino'], '>=', 'Area Size (km²)', 837.27], ['Area Size (km²)']]
    # SelectCol(SelectRow1(SelectRow1(@param0, !=, 0, Gojō, Yoshino@Str), >=, 1, 837.27@Float), ['-99', '-2'])
      --> ['SelectCol', ['SelectRow1', ['SelectRow1', 'input@0', '!=', 'District', 'Gojō, Yoshino'], '>=', 'Area Size (km²)', 837.27], ['Area Size (km²)']]
    # SelectCol(SelectRow1(SelectRow1(@param0, !=, 0, Gojō, Yoshino@Str), >, 1, 506.89@Float), ['1'])
      --> ['SelectCol', ['SelectRow1', ['SelectRow1', 'input@0', '!=', 'District', 'Gojō, Yoshino'], '>', 'Area Size (km²)', 506.89], ['Area Size (km²)']]
    # SelectCol(SelectRow1(SelectRow1(@param0, !=, 0, Gojō, Yoshino@Str), >, 1, 506.89@Float), ['-99', '-2'])
      --> ['SelectCol', ['SelectRow1', ['SelectRow1', 'input@0', '!=', 'District', 'Gojō, Yoshino'], '>', 'Area Size (km²)', 506.89], ['Area Size (km²)']]
    # SelectCol(SelectRow1(SelectRow1(@param0, !=, 0, Gojō, Yoshino@Str), !=, 0, Yamato highland@Str), ['1'])
      --> ['SelectCol', ['SelectRow1', ['SelectRow1', 'input@0', '!=', 'District', 'Gojō, Yoshino'], '!=', 'District', 'Yamato highland'], ['Area Size (km²)']]
    # SelectCol(SelectRow1(SelectRow1(@param0, !=, 0, Gojō, Yoshino@Str), !=, 0, Yamato highland@Str), ['-99', '-2'])
      --> ['SelectCol', ['SelectRow1', ['SelectRow1', 'input@0', '!=', 'District', 'Gojō, Yoshino'], '!=', 'District', 'Yamato highland'], ['Area Size (km²)']]
    # SelectCol(SelectRow1(SelectRow1(@param0, !=, 0, Gojō, Yoshino@Str), !=, 1, 506.89@Float), ['1'])
      --> ['SelectCol', ['SelectRow1', ['SelectRow1', 'input@0', '!=', 'District', 'Gojō, Yoshino'], '!=', 'Area Size (km²)', 506.89], ['Area Size (km²)']]
    # SelectCol(SelectRow1(SelectRow1(@param0, !=, 0, Gojō, Yoshino@Str), !=, 1, 506.89@Float), ['-99', '-2'])
      --> ['SelectCol', ['SelectRow1', ['SelectRow1', 'input@0', '!=', 'District', 'Gojō, Yoshino'], '!=', 'Area Size (km²)', 506.89], ['Area Size (km²)']]
    # SelectCol(SelectRow1(SelectRow1(@param0, !=, 0, 837.27@Float), ==, 0, Yamato flat inland plain@Str), ['1'])
      --> ['SelectCol', ['SelectRow1', ['SelectRow1', 'input@0', '!=', 'District', 837.27], '==', 'District', 'Yamato flat inland plain'], ['Area Size (km²)']]
    # SelectCol(SelectRow1(SelectRow1(@param0, !=, 0, 837.27@Float), ==, 0, Yamato flat inland plain@Str), ['-99', '-2'])
      --> ['SelectCol', ['SelectRow1', ['SelectRow1', 'input@0', '!=', 'District', 837.27], '==', 'District', 'Yamato flat inland plain'], ['Area Size (km²)']]
    # SelectCol(SelectRow1(SelectRow1(@param0, !=, 0, 837.27@Float), ==, 1, 837.27@Float), ['1'])
      --> ['SelectCol', ['SelectRow1', ['SelectRow1', 'input@0', '!=', 'District', 837.27], '==', 'Area Size (km²)', 837.27], ['Area Size (km²)']]
    # SelectCol(SelectRow1(SelectRow1(@param0, !=, 0, 837.27@Float), ==, 1, 837.27@Float), ['-99', '-2'])
      --> ['SelectCol', ['SelectRow1', ['SelectRow1', 'input@0', '!=', 'District', 837.27], '==', 'Area Size (km²)', 837.27], ['Area Size (km²)']]
    # SelectCol(SelectRow1(SelectRow1(@param0, !=, 0, District@Str), ==, 0, Yamato flat inland plain@Str), ['1'])
      --> ['SelectCol', ['SelectRow1', ['SelectRow1', 'input@0', '!=', 'District', 'District'], '==', 'District', 'Yamato flat inland plain'], ['Area Size (km²)']]
    # SelectCol(SelectRow1(SelectRow1(@param0, !=, 0, District@Str), ==, 0, Yamato flat inland plain@Str), ['-99', '-2'])
      --> ['SelectCol', ['SelectRow1', ['SelectRow1', 'input@0', '!=', 'District', 'District'], '==', 'District', 'Yamato flat inland plain'], ['Area Size (km²)']]
    # SelectCol(SelectRow1(SelectRow1(@param0, !=, 0, District@Str), ==, 1, 837.27@Float), ['1'])
      --> ['SelectCol', ['SelectRow1', ['SelectRow1', 'input@0', '!=', 'District', 'District'], '==', 'Area Size (km²)', 837.27], ['Area Size (km²)']]
    # SelectCol(SelectRow1(SelectRow1(@param0, !=, 0, District@Str), ==, 1, 837.27@Float), ['-99', '-2'])
      --> ['SelectCol', ['SelectRow1', ['SelectRow1', 'input@0', '!=', 'District', 'District'], '==', 'Area Size (km²)', 837.27], ['Area Size (km²)']]
    # SelectCol(SelectRow1(SelectRow1(@param0, !=, 0, Yamato highland@Str), <, 1, 2346.84@Float), ['1'])
      --> ['SelectCol', ['SelectRow1', ['SelectRow1', 'input@0', '!=', 'District', 'Yamato highland'], '<', 'Area Size (km²)', 2346.84], ['Area Size (km²)']]
    # SelectCol(SelectRow1(SelectRow1(@param0, !=, 0, Yamato highland@Str), <, 1, 2346.84@Float), ['-99', '-2'])
      --> ['SelectCol', ['SelectRow1', ['SelectRow1', 'input@0', '!=', 'District', 'Yamato highland'], '<', 'Area Size (km²)', 2346.84], ['Area Size (km²)']]
    # SelectCol(SelectRow1(SelectRow1(@param0, !=, 0, Yamato highland@Str), <=, 1, 837.27@Float), ['1'])
      --> ['SelectCol', ['SelectRow1', ['SelectRow1', 'input@0', '!=', 'District', 'Yamato highland'], '<=', 'Area Size (km²)', 837.27], ['Area Size (km²)']]
    # SelectCol(SelectRow1(SelectRow1(@param0, !=, 0, Yamato highland@Str), <=, 1, 837.27@Float), ['-99', '-2'])
      --> ['SelectCol', ['SelectRow1', ['SelectRow1', 'input@0', '!=', 'District', 'Yamato highland'], '<=', 'Area Size (km²)', 837.27], ['Area Size (km²)']]
    # SelectCol(SelectRow1(SelectRow1(@param0, !=, 0, Yamato highland@Str), ==, 0, Yamato flat inland plain@Str), ['1'])
      --> ['SelectCol', ['SelectRow1', ['SelectRow1', 'input@0', '!=', 'District', 'Yamato highland'], '==', 'District', 'Yamato flat inland plain'], ['Area Size (km²)']]
    # SelectCol(SelectRow1(SelectRow1(@param0, !=, 0, Yamato highland@Str), ==, 0, Yamato flat inland plain@Str), ['-99', '-2'])
      --> ['SelectCol', ['SelectRow1', ['SelectRow1', 'input@0', '!=', 'District', 'Yamato highland'], '==', 'District', 'Yamato flat inland plain'], ['Area Size (km²)']]
    # SelectCol(SelectRow1(SelectRow1(@param0, !=, 0, Yamato highland@Str), ==, 1, 837.27@Float), ['1'])
      --> ['SelectCol', ['SelectRow1', ['SelectRow1', 'input@0', '!=', 'District', 'Yamato highland'], '==', 'Area Size (km²)', 837.27], ['Area Size (km²)']]
    # SelectCol(SelectRow1(SelectRow1(@param0, !=, 0, Yamato highland@Str), ==, 1, 837.27@Float), ['-99', '-2'])
      --> ['SelectCol', ['SelectRow1', ['SelectRow1', 'input@0', '!=', 'District', 'Yamato highland'], '==', 'Area Size (km²)', 837.27], ['Area Size (km²)']]
    # SelectCol(SelectRow1(SelectRow1(@param0, !=, 0, Yamato highland@Str), !=, 0, Gojō, Yoshino@Str), ['1'])
      --> ['SelectCol', ['SelectRow1', ['SelectRow1', 'input@0', '!=', 'District', 'Yamato highland'], '!=', 'District', 'Gojō, Yoshino'], ['Area Size (km²)']]
    # SelectCol(SelectRow1(SelectRow1(@param0, !=, 0, Yamato highland@Str), !=, 0, Gojō, Yoshino@Str), ['-99', '-2'])
      --> ['SelectCol', ['SelectRow1', ['SelectRow1', 'input@0', '!=', 'District', 'Yamato highland'], '!=', 'District', 'Gojō, Yoshino'], ['Area Size (km²)']]
    # SelectCol(SelectRow1(SelectRow1(@param0, !=, 0, Yamato highland@Str), !=, 1, 2346.84@Float), ['1'])
      --> ['SelectCol', ['SelectRow1', ['SelectRow1', 'input@0', '!=', 'District', 'Yamato highland'], '!=', 'Area Size (km²)', 2346.84], ['Area Size (km²)']]
    # SelectCol(SelectRow1(SelectRow1(@param0, !=, 0, Yamato highland@Str), !=, 1, 2346.84@Float), ['-99', '-2'])
      --> ['SelectCol', ['SelectRow1', ['SelectRow1', 'input@0', '!=', 'District', 'Yamato highland'], '!=', 'Area Size (km²)', 2346.84], ['Area Size (km²)']]
    # SelectCol(SelectRow1(SelectRow1(@param0, !=, 0, 2346.84@Float), ==, 0, Yamato flat inland plain@Str), ['1'])
      --> ['SelectCol', ['SelectRow1', ['SelectRow1', 'input@0', '!=', 'District', 2346.84], '==', 'District', 'Yamato flat inland plain'], ['Area Size (km²)']]
    # SelectCol(SelectRow1(SelectRow1(@param0, !=, 0, 2346.84@Float), ==, 0, Yamato flat inland plain@Str), ['-99', '-2'])
      --> ['SelectCol', ['SelectRow1', ['SelectRow1', 'input@0', '!=', 'District', 2346.84], '==', 'District', 'Yamato flat inland plain'], ['Area Size (km²)']]
    # SelectCol(SelectRow1(SelectRow1(@param0, !=, 0, 2346.84@Float), ==, 1, 837.27@Float), ['1'])
      --> ['SelectCol', ['SelectRow1', ['SelectRow1', 'input@0', '!=', 'District', 2346.84], '==', 'Area Size (km²)', 837.27], ['Area Size (km²)']]
    # SelectCol(SelectRow1(SelectRow1(@param0, !=, 0, 2346.84@Float), ==, 1, 837.27@Float), ['-99', '-2'])
      --> ['SelectCol', ['SelectRow1', ['SelectRow1', 'input@0', '!=', 'District', 2346.84], '==', 'Area Size (km²)', 837.27], ['Area Size (km²)']]
    # SelectCol(SelectRow1(SelectRow1(@param0, !=, 0, color@Str), ==, 0, Yamato flat inland plain@Str), ['1'])
      --> ['SelectCol', ['SelectRow1', ['SelectRow1', 'input@0', '!=', 'District', 'color'], '==', 'District', 'Yamato flat inland plain'], ['Area Size (km²)']]
    # SelectCol(SelectRow1(SelectRow1(@param0, !=, 0, color@Str), ==, 0, Yamato flat inland plain@Str), ['-99', '-2'])
      --> ['SelectCol', ['SelectRow1', ['SelectRow1', 'input@0', '!=', 'District', 'color'], '==', 'District', 'Yamato flat inland plain'], ['Area Size (km²)']]
    # SelectCol(SelectRow1(SelectRow1(@param0, !=, 0, color@Str), ==, 1, 837.27@Float), ['1'])
      --> ['SelectCol', ['SelectRow1', ['SelectRow1', 'input@0', '!=', 'District', 'color'], '==', 'Area Size (km²)', 837.27], ['Area Size (km²)']]
    # SelectCol(SelectRow1(SelectRow1(@param0, !=, 0, color@Str), ==, 1, 837.27@Float), ['-99', '-2'])
      --> ['SelectCol', ['SelectRow1', ['SelectRow1', 'input@0', '!=', 'District', 'color'], '==', 'Area Size (km²)', 837.27], ['Area Size (km²)']]
    # SelectCol(SelectRow1(SelectRow1(@param0, !=, 0, Area Size (km²)@Str), ==, 0, Yamato flat inland plain@Str), ['1'])
      --> ['SelectCol', ['SelectRow1', ['SelectRow1', 'input@0', '!=', 'District', 'Area Size (km²)'], '==', 'District', 'Yamato flat inland plain'], ['Area Size (km²)']]
    # SelectCol(SelectRow1(SelectRow1(@param0, !=, 0, Area Size (km²)@Str), ==, 0, Yamato flat inland plain@Str), ['-99', '-2'])
      --> ['SelectCol', ['SelectRow1', ['SelectRow1', 'input@0', '!=', 'District', 'Area Size (km²)'], '==', 'District', 'Yamato flat inland plain'], ['Area Size (km²)']]
    # SelectCol(SelectRow1(SelectRow1(@param0, !=, 0, Area Size (km²)@Str), ==, 1, 837.27@Float), ['1'])
      --> ['SelectCol', ['SelectRow1', ['SelectRow1', 'input@0', '!=', 'District', 'Area Size (km²)'], '==', 'Area Size (km²)', 837.27], ['Area Size (km²)']]
    # SelectCol(SelectRow1(SelectRow1(@param0, !=, 0, Area Size (km²)@Str), ==, 1, 837.27@Float), ['-99', '-2'])
      --> ['SelectCol', ['SelectRow1', ['SelectRow1', 'input@0', '!=', 'District', 'Area Size (km²)'], '==', 'Area Size (km²)', 837.27], ['Area Size (km²)']]
    # SelectCol(SelectRow1(SelectRow1(@param0, !=, 0, 506.89@Float), ==, 0, Yamato flat inland plain@Str), ['1'])
      --> ['SelectCol', ['SelectRow1', ['SelectRow1', 'input@0', '!=', 'District', 506.89], '==', 'District', 'Yamato flat inland plain'], ['Area Size (km²)']]
    # SelectCol(SelectRow1(SelectRow1(@param0, !=, 0, 506.89@Float), ==, 0, Yamato flat inland plain@Str), ['-99', '-2'])
      --> ['SelectCol', ['SelectRow1', ['SelectRow1', 'input@0', '!=', 'District', 506.89], '==', 'District', 'Yamato flat inland plain'], ['Area Size (km²)']]
    # SelectCol(SelectRow1(SelectRow1(@param0, !=, 0, 506.89@Float), ==, 1, 837.27@Float), ['1'])
      --> ['SelectCol', ['SelectRow1', ['SelectRow1', 'input@0', '!=', 'District', 506.89], '==', 'Area Size (km²)', 837.27], ['Area Size (km²)']]
    # SelectCol(SelectRow1(SelectRow1(@param0, !=, 0, 506.89@Float), ==, 1, 837.27@Float), ['-99', '-2'])
      --> ['SelectCol', ['SelectRow1', ['SelectRow1', 'input@0', '!=', 'District', 506.89], '==', 'Area Size (km²)', 837.27], ['Area Size (km²)']]
    # SelectCol(SelectRow1(SelectRow1(@param0, !=, 0, blue@Str), ==, 0, Yamato flat inland plain@Str), ['1'])
      --> ['SelectCol', ['SelectRow1', ['SelectRow1', 'input@0', '!=', 'District', 'blue'], '==', 'District', 'Yamato flat inland plain'], ['Area Size (km²)']]
    # SelectCol(SelectRow1(SelectRow1(@param0, !=, 0, blue@Str), ==, 0, Yamato flat inland plain@Str), ['-99', '-2'])
      --> ['SelectCol', ['SelectRow1', ['SelectRow1', 'input@0', '!=', 'District', 'blue'], '==', 'District', 'Yamato flat inland plain'], ['Area Size (km²)']]
    # SelectCol(SelectRow1(SelectRow1(@param0, !=, 0, blue@Str), ==, 1, 837.27@Float), ['1'])
      --> ['SelectCol', ['SelectRow1', ['SelectRow1', 'input@0', '!=', 'District', 'blue'], '==', 'Area Size (km²)', 837.27], ['Area Size (km²)']]
    # SelectCol(SelectRow1(SelectRow1(@param0, !=, 0, blue@Str), ==, 1, 837.27@Float), ['-99', '-2'])
      --> ['SelectCol', ['SelectRow1', ['SelectRow1', 'input@0', '!=', 'District', 'blue'], '==', 'Area Size (km²)', 837.27], ['Area Size (km²)']]
    # SelectCol(SelectRow1(SelectRow1(@param0, !=, 1, Gojō, Yoshino@Str), ==, 0, Yamato flat inland plain@Str), ['1'])
      --> ['SelectCol', ['SelectRow1', ['SelectRow1', 'input@0', '!=', 'Area Size (km²)', 'Gojō, Yoshino'], '==', 'District', 'Yamato flat inland plain'], ['Area Size (km²)']]
    # SelectCol(SelectRow1(SelectRow1(@param0, !=, 1, Gojō, Yoshino@Str), ==, 0, Yamato flat inland plain@Str), ['-99', '-2'])
      --> ['SelectCol', ['SelectRow1', ['SelectRow1', 'input@0', '!=', 'Area Size (km²)', 'Gojō, Yoshino'], '==', 'District', 'Yamato flat inland plain'], ['Area Size (km²)']]
    # SelectCol(SelectRow1(SelectRow1(@param0, !=, 1, Gojō, Yoshino@Str), ==, 1, 837.27@Float), ['1'])
      --> ['SelectCol', ['SelectRow1', ['SelectRow1', 'input@0', '!=', 'Area Size (km²)', 'Gojō, Yoshino'], '==', 'Area Size (km²)', 837.27], ['Area Size (km²)']]
    # SelectCol(SelectRow1(SelectRow1(@param0, !=, 1, Gojō, Yoshino@Str), ==, 1, 837.27@Float), ['-99', '-2'])
      --> ['SelectCol', ['SelectRow1', ['SelectRow1', 'input@0', '!=', 'Area Size (km²)', 'Gojō, Yoshino'], '==', 'Area Size (km²)', 837.27], ['Area Size (km²)']]
    # SelectCol(SelectRow1(SelectRow1(@param0, !=, 1, District@Str), ==, 0, Yamato flat inland plain@Str), ['1'])
      --> ['SelectCol', ['SelectRow1', ['SelectRow1', 'input@0', '!=', 'Area Size (km²)', 'District'], '==', 'District', 'Yamato flat inland plain'], ['Area Size (km²)']]
    # SelectCol(SelectRow1(SelectRow1(@param0, !=, 1, District@Str), ==, 0, Yamato flat inland plain@Str), ['-99', '-2'])
      --> ['SelectCol', ['SelectRow1', ['SelectRow1', 'input@0', '!=', 'Area Size (km²)', 'District'], '==', 'District', 'Yamato flat inland plain'], ['Area Size (km²)']]
    # SelectCol(SelectRow1(SelectRow1(@param0, !=, 1, District@Str), ==, 1, 837.27@Float), ['1'])
      --> ['SelectCol', ['SelectRow1', ['SelectRow1', 'input@0', '!=', 'Area Size (km²)', 'District'], '==', 'Area Size (km²)', 837.27], ['Area Size (km²)']]
    # SelectCol(SelectRow1(SelectRow1(@param0, !=, 1, District@Str), ==, 1, 837.27@Float), ['-99', '-2'])
      --> ['SelectCol', ['SelectRow1', ['SelectRow1', 'input@0', '!=', 'Area Size (km²)', 'District'], '==', 'Area Size (km²)', 837.27], ['Area Size (km²)']]
    # SelectCol(SelectRow1(SelectRow1(@param0, !=, 1, Yamato highland@Str), ==, 0, Yamato flat inland plain@Str), ['1'])
      --> ['SelectCol', ['SelectRow1', ['SelectRow1', 'input@0', '!=', 'Area Size (km²)', 'Yamato highland'], '==', 'District', 'Yamato flat inland plain'], ['Area Size (km²)']]
    # SelectCol(SelectRow1(SelectRow1(@param0, !=, 1, Yamato highland@Str), ==, 0, Yamato flat inland plain@Str), ['-99', '-2'])
      --> ['SelectCol', ['SelectRow1', ['SelectRow1', 'input@0', '!=', 'Area Size (km²)', 'Yamato highland'], '==', 'District', 'Yamato flat inland plain'], ['Area Size (km²)']]
    # SelectCol(SelectRow1(SelectRow1(@param0, !=, 1, Yamato highland@Str), ==, 1, 837.27@Float), ['1'])
      --> ['SelectCol', ['SelectRow1', ['SelectRow1', 'input@0', '!=', 'Area Size (km²)', 'Yamato highland'], '==', 'Area Size (km²)', 837.27], ['Area Size (km²)']]
    # SelectCol(SelectRow1(SelectRow1(@param0, !=, 1, Yamato highland@Str), ==, 1, 837.27@Float), ['-99', '-2'])
      --> ['SelectCol', ['SelectRow1', ['SelectRow1', 'input@0', '!=', 'Area Size (km²)', 'Yamato highland'], '==', 'Area Size (km²)', 837.27], ['Area Size (km²)']]
    # SelectCol(SelectRow1(SelectRow1(@param0, !=, 1, 2346.84@Float), ==, 0, Yamato flat inland plain@Str), ['1'])
      --> ['SelectCol', ['SelectRow1', ['SelectRow1', 'input@0', '!=', 'Area Size (km²)', 2346.84], '==', 'District', 'Yamato flat inland plain'], ['Area Size (km²)']]
    # SelectCol(SelectRow1(SelectRow1(@param0, !=, 1, 2346.84@Float), ==, 0, Yamato flat inland plain@Str), ['-99', '-2'])
      --> ['SelectCol', ['SelectRow1', ['SelectRow1', 'input@0', '!=', 'Area Size (km²)', 2346.84], '==', 'District', 'Yamato flat inland plain'], ['Area Size (km²)']]
    # SelectCol(SelectRow1(SelectRow1(@param0, !=, 1, 2346.84@Float), ==, 1, 837.27@Float), ['1'])
      --> ['SelectCol', ['SelectRow1', ['SelectRow1', 'input@0', '!=', 'Area Size (km²)', 2346.84], '==', 'Area Size (km²)', 837.27], ['Area Size (km²)']]
    # SelectCol(SelectRow1(SelectRow1(@param0, !=, 1, 2346.84@Float), ==, 1, 837.27@Float), ['-99', '-2'])
      --> ['SelectCol', ['SelectRow1', ['SelectRow1', 'input@0', '!=', 'Area Size (km²)', 2346.84], '==', 'Area Size (km²)', 837.27], ['Area Size (km²)']]
    # SelectCol(SelectRow1(SelectRow1(@param0, !=, 1, 2346.84@Float), >=, 1, 837.27@Float), ['1'])
      --> ['SelectCol', ['SelectRow1', ['SelectRow1', 'input@0', '!=', 'Area Size (km²)', 2346.84], '>=', 'Area Size (km²)', 837.27], ['Area Size (km²)']]
    # SelectCol(SelectRow1(SelectRow1(@param0, !=, 1, 2346.84@Float), >=, 1, 837.27@Float), ['-99', '-2'])
      --> ['SelectCol', ['SelectRow1', ['SelectRow1', 'input@0', '!=', 'Area Size (km²)', 2346.84], '>=', 'Area Size (km²)', 837.27], ['Area Size (km²)']]
    # SelectCol(SelectRow1(SelectRow1(@param0, !=, 1, 2346.84@Float), >, 1, 506.89@Float), ['1'])
      --> ['SelectCol', ['SelectRow1', ['SelectRow1', 'input@0', '!=', 'Area Size (km²)', 2346.84], '>', 'Area Size (km²)', 506.89], ['Area Size (km²)']]
    # SelectCol(SelectRow1(SelectRow1(@param0, !=, 1, 2346.84@Float), >, 1, 506.89@Float), ['-99', '-2'])
      --> ['SelectCol', ['SelectRow1', ['SelectRow1', 'input@0', '!=', 'Area Size (km²)', 2346.84], '>', 'Area Size (km²)', 506.89], ['Area Size (km²)']]
    # SelectCol(SelectRow1(SelectRow1(@param0, !=, 1, 2346.84@Float), !=, 0, Yamato highland@Str), ['1'])
      --> ['SelectCol', ['SelectRow1', ['SelectRow1', 'input@0', '!=', 'Area Size (km²)', 2346.84], '!=', 'District', 'Yamato highland'], ['Area Size (km²)']]
    # SelectCol(SelectRow1(SelectRow1(@param0, !=, 1, 2346.84@Float), !=, 0, Yamato highland@Str), ['-99', '-2'])
      --> ['SelectCol', ['SelectRow1', ['SelectRow1', 'input@0', '!=', 'Area Size (km²)', 2346.84], '!=', 'District', 'Yamato highland'], ['Area Size (km²)']]
    # SelectCol(SelectRow1(SelectRow1(@param0, !=, 1, 2346.84@Float), !=, 1, 506.89@Float), ['1'])
      --> ['SelectCol', ['SelectRow1', ['SelectRow1', 'input@0', '!=', 'Area Size (km²)', 2346.84], '!=', 'Area Size (km²)', 506.89], ['Area Size (km²)']]
    # SelectCol(SelectRow1(SelectRow1(@param0, !=, 1, 2346.84@Float), !=, 1, 506.89@Float), ['-99', '-2'])
      --> ['SelectCol', ['SelectRow1', ['SelectRow1', 'input@0', '!=', 'Area Size (km²)', 2346.84], '!=', 'Area Size (km²)', 506.89], ['Area Size (km²)']]
    # SelectCol(SelectRow1(SelectRow1(@param0, !=, 1, color@Str), ==, 0, Yamato flat inland plain@Str), ['1'])
      --> ['SelectCol', ['SelectRow1', ['SelectRow1', 'input@0', '!=', 'Area Size (km²)', 'color'], '==', 'District', 'Yamato flat inland plain'], ['Area Size (km²)']]
    # SelectCol(SelectRow1(SelectRow1(@param0, !=, 1, color@Str), ==, 0, Yamato flat inland plain@Str), ['-99', '-2'])
      --> ['SelectCol', ['SelectRow1', ['SelectRow1', 'input@0', '!=', 'Area Size (km²)', 'color'], '==', 'District', 'Yamato flat inland plain'], ['Area Size (km²)']]
    # SelectCol(SelectRow1(SelectRow1(@param0, !=, 1, color@Str), ==, 1, 837.27@Float), ['1'])
      --> ['SelectCol', ['SelectRow1', ['SelectRow1', 'input@0', '!=', 'Area Size (km²)', 'color'], '==', 'Area Size (km²)', 837.27], ['Area Size (km²)']]
    # SelectCol(SelectRow1(SelectRow1(@param0, !=, 1, color@Str), ==, 1, 837.27@Float), ['-99', '-2'])
      --> ['SelectCol', ['SelectRow1', ['SelectRow1', 'input@0', '!=', 'Area Size (km²)', 'color'], '==', 'Area Size (km²)', 837.27], ['Area Size (km²)']]
    # SelectCol(SelectRow1(SelectRow1(@param0, !=, 1, Area Size (km²)@Str), ==, 0, Yamato flat inland plain@Str), ['1'])
      --> ['SelectCol', ['SelectRow1', ['SelectRow1', 'input@0', '!=', 'Area Size (km²)', 'Area Size (km²)'], '==', 'District', 'Yamato flat inland plain'], ['Area Size (km²)']]
    # SelectCol(SelectRow1(SelectRow1(@param0, !=, 1, Area Size (km²)@Str), ==, 0, Yamato flat inland plain@Str), ['-99', '-2'])
      --> ['SelectCol', ['SelectRow1', ['SelectRow1', 'input@0', '!=', 'Area Size (km²)', 'Area Size (km²)'], '==', 'District', 'Yamato flat inland plain'], ['Area Size (km²)']]
    # SelectCol(SelectRow1(SelectRow1(@param0, !=, 1, Area Size (km²)@Str), ==, 1, 837.27@Float), ['1'])
      --> ['SelectCol', ['SelectRow1', ['SelectRow1', 'input@0', '!=', 'Area Size (km²)', 'Area Size (km²)'], '==', 'Area Size (km²)', 837.27], ['Area Size (km²)']]
    # SelectCol(SelectRow1(SelectRow1(@param0, !=, 1, Area Size (km²)@Str), ==, 1, 837.27@Float), ['-99', '-2'])
      --> ['SelectCol', ['SelectRow1', ['SelectRow1', 'input@0', '!=', 'Area Size (km²)', 'Area Size (km²)'], '==', 'Area Size (km²)', 837.27], ['Area Size (km²)']]
    # SelectCol(SelectRow1(SelectRow1(@param0, !=, 1, 506.89@Float), <, 1, 2346.84@Float), ['1'])
      --> ['SelectCol', ['SelectRow1', ['SelectRow1', 'input@0', '!=', 'Area Size (km²)', 506.89], '<', 'Area Size (km²)', 2346.84], ['Area Size (km²)']]
    # SelectCol(SelectRow1(SelectRow1(@param0, !=, 1, 506.89@Float), <, 1, 2346.84@Float), ['-99', '-2'])
      --> ['SelectCol', ['SelectRow1', ['SelectRow1', 'input@0', '!=', 'Area Size (km²)', 506.89], '<', 'Area Size (km²)', 2346.84], ['Area Size (km²)']]
    # SelectCol(SelectRow1(SelectRow1(@param0, !=, 1, 506.89@Float), <=, 1, 837.27@Float), ['1'])
      --> ['SelectCol', ['SelectRow1', ['SelectRow1', 'input@0', '!=', 'Area Size (km²)', 506.89], '<=', 'Area Size (km²)', 837.27], ['Area Size (km²)']]
    # SelectCol(SelectRow1(SelectRow1(@param0, !=, 1, 506.89@Float), <=, 1, 837.27@Float), ['-99', '-2'])
      --> ['SelectCol', ['SelectRow1', ['SelectRow1', 'input@0', '!=', 'Area Size (km²)', 506.89], '<=', 'Area Size (km²)', 837.27], ['Area Size (km²)']]
    # SelectCol(SelectRow1(SelectRow1(@param0, !=, 1, 506.89@Float), ==, 0, Yamato flat inland plain@Str), ['1'])
      --> ['SelectCol', ['SelectRow1', ['SelectRow1', 'input@0', '!=', 'Area Size (km²)', 506.89], '==', 'District', 'Yamato flat inland plain'], ['Area Size (km²)']]
    # SelectCol(SelectRow1(SelectRow1(@param0, !=, 1, 506.89@Float), ==, 0, Yamato flat inland plain@Str), ['-99', '-2'])
      --> ['SelectCol', ['SelectRow1', ['SelectRow1', 'input@0', '!=', 'Area Size (km²)', 506.89], '==', 'District', 'Yamato flat inland plain'], ['Area Size (km²)']]
    # SelectCol(SelectRow1(SelectRow1(@param0, !=, 1, 506.89@Float), ==, 1, 837.27@Float), ['1'])
      --> ['SelectCol', ['SelectRow1', ['SelectRow1', 'input@0', '!=', 'Area Size (km²)', 506.89], '==', 'Area Size (km²)', 837.27], ['Area Size (km²)']]
    # SelectCol(SelectRow1(SelectRow1(@param0, !=, 1, 506.89@Float), ==, 1, 837.27@Float), ['-99', '-2'])
      --> ['SelectCol', ['SelectRow1', ['SelectRow1', 'input@0', '!=', 'Area Size (km²)', 506.89], '==', 'Area Size (km²)', 837.27], ['Area Size (km²)']]
    # SelectCol(SelectRow1(SelectRow1(@param0, !=, 1, 506.89@Float), !=, 0, Gojō, Yoshino@Str), ['1'])
      --> ['SelectCol', ['SelectRow1', ['SelectRow1', 'input@0', '!=', 'Area Size (km²)', 506.89], '!=', 'District', 'Gojō, Yoshino'], ['Area Size (km²)']]
    # SelectCol(SelectRow1(SelectRow1(@param0, !=, 1, 506.89@Float), !=, 0, Gojō, Yoshino@Str), ['-99', '-2'])
      --> ['SelectCol', ['SelectRow1', ['SelectRow1', 'input@0', '!=', 'Area Size (km²)', 506.89], '!=', 'District', 'Gojō, Yoshino'], ['Area Size (km²)']]
    # SelectCol(SelectRow1(SelectRow1(@param0, !=, 1, 506.89@Float), !=, 1, 2346.84@Float), ['1'])
      --> ['SelectCol', ['SelectRow1', ['SelectRow1', 'input@0', '!=', 'Area Size (km²)', 506.89], '!=', 'Area Size (km²)', 2346.84], ['Area Size (km²)']]
    # SelectCol(SelectRow1(SelectRow1(@param0, !=, 1, 506.89@Float), !=, 1, 2346.84@Float), ['-99', '-2'])
      --> ['SelectCol', ['SelectRow1', ['SelectRow1', 'input@0', '!=', 'Area Size (km²)', 506.89], '!=', 'Area Size (km²)', 2346.84], ['Area Size (km²)']]
    # SelectCol(SelectRow1(SelectRow1(@param0, !=, 1, Yamato flat inland plain@Str), ==, 0, Yamato flat inland plain@Str), ['1'])
      --> ['SelectCol', ['SelectRow1', ['SelectRow1', 'input@0', '!=', 'Area Size (km²)', 'Yamato flat inland plain'], '==', 'District', 'Yamato flat inland plain'], ['Area Size (km²)']]
    # SelectCol(SelectRow1(SelectRow1(@param0, !=, 1, Yamato flat inland plain@Str), ==, 0, Yamato flat inland plain@Str), ['-99', '-2'])
      --> ['SelectCol', ['SelectRow1', ['SelectRow1', 'input@0', '!=', 'Area Size (km²)', 'Yamato flat inland plain'], '==', 'District', 'Yamato flat inland plain'], ['Area Size (km²)']]
    # SelectCol(SelectRow1(SelectRow1(@param0, !=, 1, Yamato flat inland plain@Str), ==, 1, 837.27@Float), ['1'])
      --> ['SelectCol', ['SelectRow1', ['SelectRow1', 'input@0', '!=', 'Area Size (km²)', 'Yamato flat inland plain'], '==', 'Area Size (km²)', 837.27], ['Area Size (km²)']]
    # SelectCol(SelectRow1(SelectRow1(@param0, !=, 1, Yamato flat inland plain@Str), ==, 1, 837.27@Float), ['-99', '-2'])
      --> ['SelectCol', ['SelectRow1', ['SelectRow1', 'input@0', '!=', 'Area Size (km²)', 'Yamato flat inland plain'], '==', 'Area Size (km²)', 837.27], ['Area Size (km²)']]
    # SelectCol(SelectRow1(SelectRow1(@param0, !=, 1, blue@Str), ==, 0, Yamato flat inland plain@Str), ['1'])
      --> ['SelectCol', ['SelectRow1', ['SelectRow1', 'input@0', '!=', 'Area Size (km²)', 'blue'], '==', 'District', 'Yamato flat inland plain'], ['Area Size (km²)']]
    # SelectCol(SelectRow1(SelectRow1(@param0, !=, 1, blue@Str), ==, 0, Yamato flat inland plain@Str), ['-99', '-2'])
      --> ['SelectCol', ['SelectRow1', ['SelectRow1', 'input@0', '!=', 'Area Size (km²)', 'blue'], '==', 'District', 'Yamato flat inland plain'], ['Area Size (km²)']]
    # SelectCol(SelectRow1(SelectRow1(@param0, !=, 1, blue@Str), ==, 1, 837.27@Float), ['1'])
      --> ['SelectCol', ['SelectRow1', ['SelectRow1', 'input@0', '!=', 'Area Size (km²)', 'blue'], '==', 'Area Size (km²)', 837.27], ['Area Size (km²)']]
    # SelectCol(SelectRow1(SelectRow1(@param0, !=, 1, blue@Str), ==, 1, 837.27@Float), ['-99', '-2'])
      --> ['SelectCol', ['SelectRow1', ['SelectRow1', 'input@0', '!=', 'Area Size (km²)', 'blue'], '==', 'Area Size (km²)', 837.27], ['Area Size (km²)']]
    # SelectCol(SelectRow1(SelectRow1(@param0, !=, 2, Gojō, Yoshino@Str), ==, 0, Yamato flat inland plain@Str), ['1'])
      --> ['SelectCol', ['SelectRow1', ['SelectRow1', 'input@0', '!=', 'color', 'Gojō, Yoshino'], '==', 'District', 'Yamato flat inland plain'], ['Area Size (km²)']]
    # SelectCol(SelectRow1(SelectRow1(@param0, !=, 2, Gojō, Yoshino@Str), ==, 0, Yamato flat inland plain@Str), ['-99', '-2'])
      --> ['SelectCol', ['SelectRow1', ['SelectRow1', 'input@0', '!=', 'color', 'Gojō, Yoshino'], '==', 'District', 'Yamato flat inland plain'], ['Area Size (km²)']]
    # SelectCol(SelectRow1(SelectRow1(@param0, !=, 2, Gojō, Yoshino@Str), ==, 1, 837.27@Float), ['1'])
      --> ['SelectCol', ['SelectRow1', ['SelectRow1', 'input@0', '!=', 'color', 'Gojō, Yoshino'], '==', 'Area Size (km²)', 837.27], ['Area Size (km²)']]
    # SelectCol(SelectRow1(SelectRow1(@param0, !=, 2, Gojō, Yoshino@Str), ==, 1, 837.27@Float), ['-99', '-2'])
      --> ['SelectCol', ['SelectRow1', ['SelectRow1', 'input@0', '!=', 'color', 'Gojō, Yoshino'], '==', 'Area Size (km²)', 837.27], ['Area Size (km²)']]
    # SelectCol(SelectRow1(SelectRow1(@param0, !=, 2, 837.27@Float), ==, 0, Yamato flat inland plain@Str), ['1'])
      --> ['SelectCol', ['SelectRow1', ['SelectRow1', 'input@0', '!=', 'color', 837.27], '==', 'District', 'Yamato flat inland plain'], ['Area Size (km²)']]
    # SelectCol(SelectRow1(SelectRow1(@param0, !=, 2, 837.27@Float), ==, 0, Yamato flat inland plain@Str), ['-99', '-2'])
      --> ['SelectCol', ['SelectRow1', ['SelectRow1', 'input@0', '!=', 'color', 837.27], '==', 'District', 'Yamato flat inland plain'], ['Area Size (km²)']]
    # SelectCol(SelectRow1(SelectRow1(@param0, !=, 2, 837.27@Float), ==, 1, 837.27@Float), ['1'])
      --> ['SelectCol', ['SelectRow1', ['SelectRow1', 'input@0', '!=', 'color', 837.27], '==', 'Area Size (km²)', 837.27], ['Area Size (km²)']]
    # SelectCol(SelectRow1(SelectRow1(@param0, !=, 2, 837.27@Float), ==, 1, 837.27@Float), ['-99', '-2'])
      --> ['SelectCol', ['SelectRow1', ['SelectRow1', 'input@0', '!=', 'color', 837.27], '==', 'Area Size (km²)', 837.27], ['Area Size (km²)']]
    # SelectCol(SelectRow1(SelectRow1(@param0, !=, 2, District@Str), ==, 0, Yamato flat inland plain@Str), ['1'])
      --> ['SelectCol', ['SelectRow1', ['SelectRow1', 'input@0', '!=', 'color', 'District'], '==', 'District', 'Yamato flat inland plain'], ['Area Size (km²)']]
    # SelectCol(SelectRow1(SelectRow1(@param0, !=, 2, District@Str), ==, 0, Yamato flat inland plain@Str), ['-99', '-2'])
      --> ['SelectCol', ['SelectRow1', ['SelectRow1', 'input@0', '!=', 'color', 'District'], '==', 'District', 'Yamato flat inland plain'], ['Area Size (km²)']]
    # SelectCol(SelectRow1(SelectRow1(@param0, !=, 2, District@Str), ==, 1, 837.27@Float), ['1'])
      --> ['SelectCol', ['SelectRow1', ['SelectRow1', 'input@0', '!=', 'color', 'District'], '==', 'Area Size (km²)', 837.27], ['Area Size (km²)']]
    # SelectCol(SelectRow1(SelectRow1(@param0, !=, 2, District@Str), ==, 1, 837.27@Float), ['-99', '-2'])
      --> ['SelectCol', ['SelectRow1', ['SelectRow1', 'input@0', '!=', 'color', 'District'], '==', 'Area Size (km²)', 837.27], ['Area Size (km²)']]
    # SelectCol(SelectRow1(SelectRow1(@param0, !=, 2, Yamato highland@Str), ==, 0, Yamato flat inland plain@Str), ['1'])
      --> ['SelectCol', ['SelectRow1', ['SelectRow1', 'input@0', '!=', 'color', 'Yamato highland'], '==', 'District', 'Yamato flat inland plain'], ['Area Size (km²)']]
    # SelectCol(SelectRow1(SelectRow1(@param0, !=, 2, Yamato highland@Str), ==, 0, Yamato flat inland plain@Str), ['-99', '-2'])
      --> ['SelectCol', ['SelectRow1', ['SelectRow1', 'input@0', '!=', 'color', 'Yamato highland'], '==', 'District', 'Yamato flat inland plain'], ['Area Size (km²)']]
    # SelectCol(SelectRow1(SelectRow1(@param0, !=, 2, Yamato highland@Str), ==, 1, 837.27@Float), ['1'])
      --> ['SelectCol', ['SelectRow1', ['SelectRow1', 'input@0', '!=', 'color', 'Yamato highland'], '==', 'Area Size (km²)', 837.27], ['Area Size (km²)']]
    # SelectCol(SelectRow1(SelectRow1(@param0, !=, 2, Yamato highland@Str), ==, 1, 837.27@Float), ['-99', '-2'])
      --> ['SelectCol', ['SelectRow1', ['SelectRow1', 'input@0', '!=', 'color', 'Yamato highland'], '==', 'Area Size (km²)', 837.27], ['Area Size (km²)']]
    # SelectCol(SelectRow1(SelectRow1(@param0, !=, 2, 2346.84@Float), ==, 0, Yamato flat inland plain@Str), ['1'])
      --> ['SelectCol', ['SelectRow1', ['SelectRow1', 'input@0', '!=', 'color', 2346.84], '==', 'District', 'Yamato flat inland plain'], ['Area Size (km²)']]
    # SelectCol(SelectRow1(SelectRow1(@param0, !=, 2, 2346.84@Float), ==, 0, Yamato flat inland plain@Str), ['-99', '-2'])
      --> ['SelectCol', ['SelectRow1', ['SelectRow1', 'input@0', '!=', 'color', 2346.84], '==', 'District', 'Yamato flat inland plain'], ['Area Size (km²)']]
    # SelectCol(SelectRow1(SelectRow1(@param0, !=, 2, 2346.84@Float), ==, 1, 837.27@Float), ['1'])
      --> ['SelectCol', ['SelectRow1', ['SelectRow1', 'input@0', '!=', 'color', 2346.84], '==', 'Area Size (km²)', 837.27], ['Area Size (km²)']]
    # SelectCol(SelectRow1(SelectRow1(@param0, !=, 2, 2346.84@Float), ==, 1, 837.27@Float), ['-99', '-2'])
      --> ['SelectCol', ['SelectRow1', ['SelectRow1', 'input@0', '!=', 'color', 2346.84], '==', 'Area Size (km²)', 837.27], ['Area Size (km²)']]
    # SelectCol(SelectRow1(SelectRow1(@param0, !=, 2, color@Str), ==, 0, Yamato flat inland plain@Str), ['1'])
      --> ['SelectCol', ['SelectRow1', ['SelectRow1', 'input@0', '!=', 'color', 'color'], '==', 'District', 'Yamato flat inland plain'], ['Area Size (km²)']]
    # SelectCol(SelectRow1(SelectRow1(@param0, !=, 2, color@Str), ==, 0, Yamato flat inland plain@Str), ['-99', '-2'])
      --> ['SelectCol', ['SelectRow1', ['SelectRow1', 'input@0', '!=', 'color', 'color'], '==', 'District', 'Yamato flat inland plain'], ['Area Size (km²)']]
    # SelectCol(SelectRow1(SelectRow1(@param0, !=, 2, color@Str), ==, 1, 837.27@Float), ['1'])
      --> ['SelectCol', ['SelectRow1', ['SelectRow1', 'input@0', '!=', 'color', 'color'], '==', 'Area Size (km²)', 837.27], ['Area Size (km²)']]
    # SelectCol(SelectRow1(SelectRow1(@param0, !=, 2, color@Str), ==, 1, 837.27@Float), ['-99', '-2'])
      --> ['SelectCol', ['SelectRow1', ['SelectRow1', 'input@0', '!=', 'color', 'color'], '==', 'Area Size (km²)', 837.27], ['Area Size (km²)']]
    # SelectCol(SelectRow1(SelectRow1(@param0, !=, 2, Area Size (km²)@Str), ==, 0, Yamato flat inland plain@Str), ['1'])
      --> ['SelectCol', ['SelectRow1', ['SelectRow1', 'input@0', '!=', 'color', 'Area Size (km²)'], '==', 'District', 'Yamato flat inland plain'], ['Area Size (km²)']]
    # SelectCol(SelectRow1(SelectRow1(@param0, !=, 2, Area Size (km²)@Str), ==, 0, Yamato flat inland plain@Str), ['-99', '-2'])
      --> ['SelectCol', ['SelectRow1', ['SelectRow1', 'input@0', '!=', 'color', 'Area Size (km²)'], '==', 'District', 'Yamato flat inland plain'], ['Area Size (km²)']]
    # SelectCol(SelectRow1(SelectRow1(@param0, !=, 2, Area Size (km²)@Str), ==, 1, 837.27@Float), ['1'])
      --> ['SelectCol', ['SelectRow1', ['SelectRow1', 'input@0', '!=', 'color', 'Area Size (km²)'], '==', 'Area Size (km²)', 837.27], ['Area Size (km²)']]
    # SelectCol(SelectRow1(SelectRow1(@param0, !=, 2, Area Size (km²)@Str), ==, 1, 837.27@Float), ['-99', '-2'])
      --> ['SelectCol', ['SelectRow1', ['SelectRow1', 'input@0', '!=', 'color', 'Area Size (km²)'], '==', 'Area Size (km²)', 837.27], ['Area Size (km²)']]
    # SelectCol(SelectRow1(SelectRow1(@param0, !=, 2, 506.89@Float), ==, 0, Yamato flat inland plain@Str), ['1'])
      --> ['SelectCol', ['SelectRow1', ['SelectRow1', 'input@0', '!=', 'color', 506.89], '==', 'District', 'Yamato flat inland plain'], ['Area Size (km²)']]
    # SelectCol(SelectRow1(SelectRow1(@param0, !=, 2, 506.89@Float), ==, 0, Yamato flat inland plain@Str), ['-99', '-2'])
      --> ['SelectCol', ['SelectRow1', ['SelectRow1', 'input@0', '!=', 'color', 506.89], '==', 'District', 'Yamato flat inland plain'], ['Area Size (km²)']]
    # SelectCol(SelectRow1(SelectRow1(@param0, !=, 2, 506.89@Float), ==, 1, 837.27@Float), ['1'])
      --> ['SelectCol', ['SelectRow1', ['SelectRow1', 'input@0', '!=', 'color', 506.89], '==', 'Area Size (km²)', 837.27], ['Area Size (km²)']]
    # SelectCol(SelectRow1(SelectRow1(@param0, !=, 2, 506.89@Float), ==, 1, 837.27@Float), ['-99', '-2'])
      --> ['SelectCol', ['SelectRow1', ['SelectRow1', 'input@0', '!=', 'color', 506.89], '==', 'Area Size (km²)', 837.27], ['Area Size (km²)']]
    # SelectCol(SelectRow1(SelectRow1(@param0, !=, 2, Yamato flat inland plain@Str), ==, 0, Yamato flat inland plain@Str), ['1'])
      --> ['SelectCol', ['SelectRow1', ['SelectRow1', 'input@0', '!=', 'color', 'Yamato flat inland plain'], '==', 'District', 'Yamato flat inland plain'], ['Area Size (km²)']]
    # SelectCol(SelectRow1(SelectRow1(@param0, !=, 2, Yamato flat inland plain@Str), ==, 0, Yamato flat inland plain@Str), ['-99', '-2'])
      --> ['SelectCol', ['SelectRow1', ['SelectRow1', 'input@0', '!=', 'color', 'Yamato flat inland plain'], '==', 'District', 'Yamato flat inland plain'], ['Area Size (km²)']]
    # SelectCol(SelectRow1(SelectRow1(@param0, !=, 2, Yamato flat inland plain@Str), ==, 1, 837.27@Float), ['1'])
      --> ['SelectCol', ['SelectRow1', ['SelectRow1', 'input@0', '!=', 'color', 'Yamato flat inland plain'], '==', 'Area Size (km²)', 837.27], ['Area Size (km²)']]
    # SelectCol(SelectRow1(SelectRow1(@param0, !=, 2, Yamato flat inland plain@Str), ==, 1, 837.27@Float), ['-99', '-2'])
      --> ['SelectCol', ['SelectRow1', ['SelectRow1', 'input@0', '!=', 'color', 'Yamato flat inland plain'], '==', 'Area Size (km²)', 837.27], ['Area Size (km²)']]
    # Summarize(SelectRow1(@param0, <, 1, 2346.84@Float), max, 1)
      --> ['Summarize', ['SelectRow1', 'input@0', '<', 'Area Size (km²)', 2346.84], 'max', 'Area Size (km²)']
    # Summarize(SelectRow1(@param0, <=, 1, 837.27@Float), max, 1)
      --> ['Summarize', ['SelectRow1', 'input@0', '<=', 'Area Size (km²)', 837.27], 'max', 'Area Size (km²)']
    # Summarize(SelectRow1(@param0, ==, 0, Yamato flat inland plain@Str), min, 1)
      --> ['Summarize', ['SelectRow1', 'input@0', '==', 'District', 'Yamato flat inland plain'], 'min', 'Area Size (km²)']
    # Summarize(SelectRow1(@param0, ==, 0, Yamato flat inland plain@Str), max, 1)
      --> ['Summarize', ['SelectRow1', 'input@0', '==', 'District', 'Yamato flat inland plain'], 'max', 'Area Size (km²)']
    # Summarize(SelectRow1(@param0, ==, 0, Yamato flat inland plain@Str), sum, 1)
      --> ['Summarize', ['SelectRow1', 'input@0', '==', 'District', 'Yamato flat inland plain'], 'sum', 'Area Size (km²)']
    # Summarize(SelectRow1(@param0, ==, 0, Yamato flat inland plain@Str), mean, 1)
      --> ['Summarize', ['SelectRow1', 'input@0', '==', 'District', 'Yamato flat inland plain'], 'mean', 'Area Size (km²)']
    # Summarize(SelectRow1(@param0, ==, 1, 837.27@Float), min, 1)
      --> ['Summarize', ['SelectRow1', 'input@0', '==', 'Area Size (km²)', 837.27], 'min', 'Area Size (km²)']
    # Summarize(SelectRow1(@param0, ==, 1, 837.27@Float), max, 1)
      --> ['Summarize', ['SelectRow1', 'input@0', '==', 'Area Size (km²)', 837.27], 'max', 'Area Size (km²)']
    # Summarize(SelectRow1(@param0, ==, 1, 837.27@Float), sum, 1)
      --> ['Summarize', ['SelectRow1', 'input@0', '==', 'Area Size (km²)', 837.27], 'sum', 'Area Size (km²)']
    # Summarize(SelectRow1(@param0, ==, 1, 837.27@Float), mean, 1)
      --> ['Summarize', ['SelectRow1', 'input@0', '==', 'Area Size (km²)', 837.27], 'mean', 'Area Size (km²)']
    # Summarize(SelectRow1(@param0, >=, 1, 837.27@Float), min, 1)
      --> ['Summarize', ['SelectRow1', 'input@0', '>=', 'Area Size (km²)', 837.27], 'min', 'Area Size (km²)']
    # Summarize(SelectRow1(@param0, >, 1, 506.89@Float), min, 1)
      --> ['Summarize', ['SelectRow1', 'input@0', '>', 'Area Size (km²)', 506.89], 'min', 'Area Size (km²)']
    # Summarize(SelectRow1(@param0, !=, 0, Gojō, Yoshino@Str), max, 1)
      --> ['Summarize', ['SelectRow1', 'input@0', '!=', 'District', 'Gojō, Yoshino'], 'max', 'Area Size (km²)']
    # Summarize(SelectRow1(@param0, !=, 0, Yamato highland@Str), min, 1)
      --> ['Summarize', ['SelectRow1', 'input@0', '!=', 'District', 'Yamato highland'], 'min', 'Area Size (km²)']
    # Summarize(SelectRow1(@param0, !=, 1, 2346.84@Float), max, 1)
      --> ['Summarize', ['SelectRow1', 'input@0', '!=', 'Area Size (km²)', 2346.84], 'max', 'Area Size (km²)']
    # Summarize(SelectRow1(@param0, !=, 1, 506.89@Float), min, 1)
      --> ['Summarize', ['SelectRow1', 'input@0', '!=', 'Area Size (km²)', 506.89], 'min', 'Area Size (km²)']
    # SelectCol(SelectRow1(@param0, ==, 0, Yamato flat inland plain@Str), ['1'])
      --> ['SelectCol', ['SelectRow1', 'input@0', '==', 'District', 'Yamato flat inland plain'], ['Area Size (km²)']]
    # SelectCol(SelectRow1(@param0, ==, 0, Yamato flat inland plain@Str), ['-99', '-2'])
      --> ['SelectCol', ['SelectRow1', 'input@0', '==', 'District', 'Yamato flat inland plain'], ['Area Size (km²)']]
    # SelectCol(SelectRow1(@param0, ==, 1, 837.27@Float), ['1'])
      --> ['SelectCol', ['SelectRow1', 'input@0', '==', 'Area Size (km²)', 837.27], ['Area Size (km²)']]
    # SelectCol(SelectRow1(@param0, ==, 1, 837.27@Float), ['-99', '-2'])
      --> ['SelectCol', ['SelectRow1', 'input@0', '==', 'Area Size (km²)', 837.27], ['Area Size (km²)']]

# ========== review report ========== #
# top-1, score: 0.00, answer: [837.27]
  # tprog: SelectCol(SelectRow0(SelectRow1(@param0, <, 1, 2346.84@Float), eqmax, 1), ['1'])
# top-2, score: 0.00, answer: [837.27]
  # tprog: SelectCol(SelectRow0(SelectRow1(@param0, <, 1, 2346.84@Float), eqmax, 1), ['-99', '-2'])
# top-3, score: 0.00, answer: [837.27]
  # tprog: SelectCol(SelectRow0(SelectRow1(@param0, <=, 1, 837.27@Float), eqmax, 1), ['1'])
# top-4, score: 0.00, answer: [837.27]
  # tprog: SelectCol(SelectRow0(SelectRow1(@param0, <=, 1, 837.27@Float), eqmax, 1), ['-99', '-2'])
# top-5, score: 0.00, answer: [837.27]
  # tprog: SelectCol(SelectRow0(SelectRow1(@param0, >=, 1, 837.27@Float), eqmin, 1), ['1'])
# top-6, score: 0.00, answer: [837.27]
  # tprog: SelectCol(SelectRow0(SelectRow1(@param0, >=, 1, 837.27@Float), eqmin, 1), ['-99', '-2'])
# top-7, score: 0.00, answer: [837.27]
  # tprog: SelectCol(SelectRow0(SelectRow1(@param0, >, 1, 506.89@Float), eqmin, 1), ['1'])
# top-8, score: 0.00, answer: [837.27]
  # tprog: SelectCol(SelectRow0(SelectRow1(@param0, >, 1, 506.89@Float), eqmin, 1), ['-99', '-2'])
# top-9, score: 0.00, answer: [837.27]
  # tprog: SelectCol(SelectRow0(SelectRow1(@param0, !=, 0, Gojō, Yoshino@Str), eqmax, 1), ['1'])
# top-10, score: 0.00, answer: [837.27]
  # tprog: SelectCol(SelectRow0(SelectRow1(@param0, !=, 0, Gojō, Yoshino@Str), eqmax, 1), ['-99', '-2'])
# top-11, score: 0.00, answer: [837.27]
  # tprog: SelectCol(SelectRow0(SelectRow1(@param0, !=, 0, Yamato highland@Str), eqmin, 1), ['1'])
# top-12, score: 0.00, answer: [837.27]
  # tprog: SelectCol(SelectRow0(SelectRow1(@param0, !=, 0, Yamato highland@Str), eqmin, 1), ['-99', '-2'])
# top-13, score: 0.00, answer: [837.27]
  # tprog: SelectCol(SelectRow0(SelectRow1(@param0, !=, 1, 2346.84@Float), eqmax, 1), ['1'])
# top-14, score: 0.00, answer: [837.27]
  # tprog: SelectCol(SelectRow0(SelectRow1(@param0, !=, 1, 2346.84@Float), eqmax, 1), ['-99', '-2'])
# top-15, score: 0.00, answer: [837.27]
  # tprog: SelectCol(SelectRow0(SelectRow1(@param0, !=, 1, 506.89@Float), eqmin, 1), ['1'])
# top-16, score: 0.00, answer: [837.27]
  # tprog: SelectCol(SelectRow0(SelectRow1(@param0, !=, 1, 506.89@Float), eqmin, 1), ['-99', '-2'])
# top-17, score: 0.00, answer: [837.27]
  # tprog: SelectCol(SelectRow1(SelectRow1(@param0, <, 1, 2346.84@Float), ==, 0, Yamato flat inland plain@Str), ['1'])
# top-18, score: 0.00, answer: [837.27]
  # tprog: SelectCol(SelectRow1(SelectRow1(@param0, <, 1, 2346.84@Float), ==, 0, Yamato flat inland plain@Str), ['-99', '-2'])
# top-19, score: 0.00, answer: [837.27]
  # tprog: SelectCol(SelectRow1(SelectRow1(@param0, <, 1, 2346.84@Float), ==, 1, 837.27@Float), ['1'])
# top-20, score: 0.00, answer: [837.27]
  # tprog: SelectCol(SelectRow1(SelectRow1(@param0, <, 1, 2346.84@Float), ==, 1, 837.27@Float), ['-99', '-2'])
# top-21, score: 0.00, answer: [837.27]
  # tprog: SelectCol(SelectRow1(SelectRow1(@param0, <, 1, 2346.84@Float), >=, 1, 837.27@Float), ['1'])
# top-22, score: 0.00, answer: [837.27]
  # tprog: SelectCol(SelectRow1(SelectRow1(@param0, <, 1, 2346.84@Float), >=, 1, 837.27@Float), ['-99', '-2'])
# top-23, score: 0.00, answer: [837.27]
  # tprog: SelectCol(SelectRow1(SelectRow1(@param0, <, 1, 2346.84@Float), >, 1, 506.89@Float), ['1'])
# top-24, score: 0.00, answer: [837.27]
  # tprog: SelectCol(SelectRow1(SelectRow1(@param0, <, 1, 2346.84@Float), >, 1, 506.89@Float), ['-99', '-2'])
# top-25, score: 0.00, answer: [837.27]
  # tprog: SelectCol(SelectRow1(SelectRow1(@param0, <, 1, 2346.84@Float), !=, 0, Yamato highland@Str), ['1'])
# top-26, score: 0.00, answer: [837.27]
  # tprog: SelectCol(SelectRow1(SelectRow1(@param0, <, 1, 2346.84@Float), !=, 0, Yamato highland@Str), ['-99', '-2'])
# top-27, score: 0.00, answer: [837.27]
  # tprog: SelectCol(SelectRow1(SelectRow1(@param0, <, 1, 2346.84@Float), !=, 1, 506.89@Float), ['1'])
# top-28, score: 0.00, answer: [837.27]
  # tprog: SelectCol(SelectRow1(SelectRow1(@param0, <, 1, 2346.84@Float), !=, 1, 506.89@Float), ['-99', '-2'])
# top-29, score: 0.00, answer: [837.27]
  # tprog: SelectCol(SelectRow1(SelectRow1(@param0, <=, 1, 837.27@Float), ==, 0, Yamato flat inland plain@Str), ['1'])
# top-30, score: 0.00, answer: [837.27]
  # tprog: SelectCol(SelectRow1(SelectRow1(@param0, <=, 1, 837.27@Float), ==, 0, Yamato flat inland plain@Str), ['-99', '-2'])
# top-31, score: 0.00, answer: [837.27]
  # tprog: SelectCol(SelectRow1(SelectRow1(@param0, <=, 1, 837.27@Float), ==, 1, 837.27@Float), ['1'])
# top-32, score: 0.00, answer: [837.27]
  # tprog: SelectCol(SelectRow1(SelectRow1(@param0, <=, 1, 837.27@Float), ==, 1, 837.27@Float), ['-99', '-2'])
# top-33, score: 0.00, answer: [837.27]
  # tprog: SelectCol(SelectRow1(SelectRow1(@param0, <=, 1, 837.27@Float), >=, 1, 837.27@Float), ['1'])
# top-34, score: 0.00, answer: [837.27]
  # tprog: SelectCol(SelectRow1(SelectRow1(@param0, <=, 1, 837.27@Float), >=, 1, 837.27@Float), ['-99', '-2'])
# top-35, score: 0.00, answer: [837.27]
  # tprog: SelectCol(SelectRow1(SelectRow1(@param0, <=, 1, 837.27@Float), >, 1, 506.89@Float), ['1'])
# top-36, score: 0.00, answer: [837.27]
  # tprog: SelectCol(SelectRow1(SelectRow1(@param0, <=, 1, 837.27@Float), >, 1, 506.89@Float), ['-99', '-2'])
# top-37, score: 0.00, answer: [837.27]
  # tprog: SelectCol(SelectRow1(SelectRow1(@param0, <=, 1, 837.27@Float), !=, 0, Yamato highland@Str), ['1'])
# top-38, score: 0.00, answer: [837.27]
  # tprog: SelectCol(SelectRow1(SelectRow1(@param0, <=, 1, 837.27@Float), !=, 0, Yamato highland@Str), ['-99', '-2'])
# top-39, score: 0.00, answer: [837.27]
  # tprog: SelectCol(SelectRow1(SelectRow1(@param0, <=, 1, 837.27@Float), !=, 1, 506.89@Float), ['1'])
# top-40, score: 0.00, answer: [837.27]
  # tprog: SelectCol(SelectRow1(SelectRow1(@param0, <=, 1, 837.27@Float), !=, 1, 506.89@Float), ['-99', '-2'])
# top-41, score: 0.00, answer: [837.27]
  # tprog: SelectCol(SelectRow1(SelectRow1(@param0, <=, 1, 2346.84@Float), ==, 0, Yamato flat inland plain@Str), ['1'])
# top-42, score: 0.00, answer: [837.27]
  # tprog: SelectCol(SelectRow1(SelectRow1(@param0, <=, 1, 2346.84@Float), ==, 0, Yamato flat inland plain@Str), ['-99', '-2'])
# top-43, score: 0.00, answer: [837.27]
  # tprog: SelectCol(SelectRow1(SelectRow1(@param0, <=, 1, 2346.84@Float), ==, 1, 837.27@Float), ['1'])
# top-44, score: 0.00, answer: [837.27]
  # tprog: SelectCol(SelectRow1(SelectRow1(@param0, <=, 1, 2346.84@Float), ==, 1, 837.27@Float), ['-99', '-2'])
# top-45, score: 0.00, answer: [837.27]
  # tprog: SelectCol(SelectRow1(SelectRow1(@param0, ==, 2, blue@Str), ==, 0, Yamato flat inland plain@Str), ['1'])
# top-46, score: 0.00, answer: [837.27]
  # tprog: SelectCol(SelectRow1(SelectRow1(@param0, ==, 2, blue@Str), ==, 0, Yamato flat inland plain@Str), ['-99', '-2'])
# top-47, score: 0.00, answer: [837.27]
  # tprog: SelectCol(SelectRow1(SelectRow1(@param0, ==, 2, blue@Str), ==, 1, 837.27@Float), ['1'])
# top-48, score: 0.00, answer: [837.27]
  # tprog: SelectCol(SelectRow1(SelectRow1(@param0, ==, 2, blue@Str), ==, 1, 837.27@Float), ['-99', '-2'])
# top-49, score: 0.00, answer: [837.27]
  # tprog: SelectCol(SelectRow1(SelectRow1(@param0, >=, 1, 837.27@Float), <, 1, 2346.84@Float), ['1'])
# top-50, score: 0.00, answer: [837.27]
  # tprog: SelectCol(SelectRow1(SelectRow1(@param0, >=, 1, 837.27@Float), <, 1, 2346.84@Float), ['-99', '-2'])
# top-51, score: 0.00, answer: [837.27]
  # tprog: SelectCol(SelectRow1(SelectRow1(@param0, >=, 1, 837.27@Float), <=, 1, 837.27@Float), ['1'])
# top-52, score: 0.00, answer: [837.27]
  # tprog: SelectCol(SelectRow1(SelectRow1(@param0, >=, 1, 837.27@Float), <=, 1, 837.27@Float), ['-99', '-2'])
# top-53, score: 0.00, answer: [837.27]
  # tprog: SelectCol(SelectRow1(SelectRow1(@param0, >=, 1, 837.27@Float), ==, 0, Yamato flat inland plain@Str), ['1'])
# top-54, score: 0.00, answer: [837.27]
  # tprog: SelectCol(SelectRow1(SelectRow1(@param0, >=, 1, 837.27@Float), ==, 0, Yamato flat inland plain@Str), ['-99', '-2'])
# top-55, score: 0.00, answer: [837.27]
  # tprog: SelectCol(SelectRow1(SelectRow1(@param0, >=, 1, 837.27@Float), ==, 1, 837.27@Float), ['1'])
# top-56, score: 0.00, answer: [837.27]
  # tprog: SelectCol(SelectRow1(SelectRow1(@param0, >=, 1, 837.27@Float), ==, 1, 837.27@Float), ['-99', '-2'])
# top-57, score: 0.00, answer: [837.27]
  # tprog: SelectCol(SelectRow1(SelectRow1(@param0, >=, 1, 837.27@Float), !=, 0, Gojō, Yoshino@Str), ['1'])
# top-58, score: 0.00, answer: [837.27]
  # tprog: SelectCol(SelectRow1(SelectRow1(@param0, >=, 1, 837.27@Float), !=, 0, Gojō, Yoshino@Str), ['-99', '-2'])
# top-59, score: 0.00, answer: [837.27]
  # tprog: SelectCol(SelectRow1(SelectRow1(@param0, >=, 1, 837.27@Float), !=, 1, 2346.84@Float), ['1'])
# top-60, score: 0.00, answer: [837.27]
  # tprog: SelectCol(SelectRow1(SelectRow1(@param0, >=, 1, 837.27@Float), !=, 1, 2346.84@Float), ['-99', '-2'])
# top-61, score: 0.00, answer: [837.27]
  # tprog: SelectCol(SelectRow1(SelectRow1(@param0, >=, 1, 506.89@Float), ==, 0, Yamato flat inland plain@Str), ['1'])
# top-62, score: 0.00, answer: [837.27]
  # tprog: SelectCol(SelectRow1(SelectRow1(@param0, >=, 1, 506.89@Float), ==, 0, Yamato flat inland plain@Str), ['-99', '-2'])
# top-63, score: 0.00, answer: [837.27]
  # tprog: SelectCol(SelectRow1(SelectRow1(@param0, >=, 1, 506.89@Float), ==, 1, 837.27@Float), ['1'])
# top-64, score: 0.00, answer: [837.27]
  # tprog: SelectCol(SelectRow1(SelectRow1(@param0, >=, 1, 506.89@Float), ==, 1, 837.27@Float), ['-99', '-2'])
# top-65, score: 0.00, answer: [837.27]
  # tprog: SelectCol(SelectRow1(SelectRow1(@param0, >, 1, 506.89@Float), <, 1, 2346.84@Float), ['1'])
# top-66, score: 0.00, answer: [837.27]
  # tprog: SelectCol(SelectRow1(SelectRow1(@param0, >, 1, 506.89@Float), <, 1, 2346.84@Float), ['-99', '-2'])
# top-67, score: 0.00, answer: [837.27]
  # tprog: SelectCol(SelectRow1(SelectRow1(@param0, >, 1, 506.89@Float), <=, 1, 837.27@Float), ['1'])
# top-68, score: 0.00, answer: [837.27]
  # tprog: SelectCol(SelectRow1(SelectRow1(@param0, >, 1, 506.89@Float), <=, 1, 837.27@Float), ['-99', '-2'])
# top-69, score: 0.00, answer: [837.27]
  # tprog: SelectCol(SelectRow1(SelectRow1(@param0, >, 1, 506.89@Float), ==, 0, Yamato flat inland plain@Str), ['1'])
# top-70, score: 0.00, answer: [837.27]
  # tprog: SelectCol(SelectRow1(SelectRow1(@param0, >, 1, 506.89@Float), ==, 0, Yamato flat inland plain@Str), ['-99', '-2'])
# top-71, score: 0.00, answer: [837.27]
  # tprog: SelectCol(SelectRow1(SelectRow1(@param0, >, 1, 506.89@Float), ==, 1, 837.27@Float), ['1'])
# top-72, score: 0.00, answer: [837.27]
  # tprog: SelectCol(SelectRow1(SelectRow1(@param0, >, 1, 506.89@Float), ==, 1, 837.27@Float), ['-99', '-2'])
# top-73, score: 0.00, answer: [837.27]
  # tprog: SelectCol(SelectRow1(SelectRow1(@param0, >, 1, 506.89@Float), !=, 0, Gojō, Yoshino@Str), ['1'])
# top-74, score: 0.00, answer: [837.27]
  # tprog: SelectCol(SelectRow1(SelectRow1(@param0, >, 1, 506.89@Float), !=, 0, Gojō, Yoshino@Str), ['-99', '-2'])
# top-75, score: 0.00, answer: [837.27]
  # tprog: SelectCol(SelectRow1(SelectRow1(@param0, >, 1, 506.89@Float), !=, 1, 2346.84@Float), ['1'])
# top-76, score: 0.00, answer: [837.27]
  # tprog: SelectCol(SelectRow1(SelectRow1(@param0, >, 1, 506.89@Float), !=, 1, 2346.84@Float), ['-99', '-2'])
# top-77, score: 0.00, answer: [837.27]
  # tprog: SelectCol(SelectRow1(SelectRow1(@param0, !=, 0, Gojō, Yoshino@Str), ==, 0, Yamato flat inland plain@Str), ['1'])
# top-78, score: 0.00, answer: [837.27]
  # tprog: SelectCol(SelectRow1(SelectRow1(@param0, !=, 0, Gojō, Yoshino@Str), ==, 0, Yamato flat inland plain@Str), ['-99', '-2'])
# top-79, score: 0.00, answer: [837.27]
  # tprog: SelectCol(SelectRow1(SelectRow1(@param0, !=, 0, Gojō, Yoshino@Str), ==, 1, 837.27@Float), ['1'])
# top-80, score: 0.00, answer: [837.27]
  # tprog: SelectCol(SelectRow1(SelectRow1(@param0, !=, 0, Gojō, Yoshino@Str), ==, 1, 837.27@Float), ['-99', '-2'])
# top-81, score: 0.00, answer: [837.27]
  # tprog: SelectCol(SelectRow1(SelectRow1(@param0, !=, 0, Gojō, Yoshino@Str), >=, 1, 837.27@Float), ['1'])
# top-82, score: 0.00, answer: [837.27]
  # tprog: SelectCol(SelectRow1(SelectRow1(@param0, !=, 0, Gojō, Yoshino@Str), >=, 1, 837.27@Float), ['-99', '-2'])
# top-83, score: 0.00, answer: [837.27]
  # tprog: SelectCol(SelectRow1(SelectRow1(@param0, !=, 0, Gojō, Yoshino@Str), >, 1, 506.89@Float), ['1'])
# top-84, score: 0.00, answer: [837.27]
  # tprog: SelectCol(SelectRow1(SelectRow1(@param0, !=, 0, Gojō, Yoshino@Str), >, 1, 506.89@Float), ['-99', '-2'])
# top-85, score: 0.00, answer: [837.27]
  # tprog: SelectCol(SelectRow1(SelectRow1(@param0, !=, 0, Gojō, Yoshino@Str), !=, 0, Yamato highland@Str), ['1'])
# top-86, score: 0.00, answer: [837.27]
  # tprog: SelectCol(SelectRow1(SelectRow1(@param0, !=, 0, Gojō, Yoshino@Str), !=, 0, Yamato highland@Str), ['-99', '-2'])
# top-87, score: 0.00, answer: [837.27]
  # tprog: SelectCol(SelectRow1(SelectRow1(@param0, !=, 0, Gojō, Yoshino@Str), !=, 1, 506.89@Float), ['1'])
# top-88, score: 0.00, answer: [837.27]
  # tprog: SelectCol(SelectRow1(SelectRow1(@param0, !=, 0, Gojō, Yoshino@Str), !=, 1, 506.89@Float), ['-99', '-2'])
# top-89, score: 0.00, answer: [837.27]
  # tprog: SelectCol(SelectRow1(SelectRow1(@param0, !=, 0, 837.27@Float), ==, 0, Yamato flat inland plain@Str), ['1'])
# top-90, score: 0.00, answer: [837.27]
  # tprog: SelectCol(SelectRow1(SelectRow1(@param0, !=, 0, 837.27@Float), ==, 0, Yamato flat inland plain@Str), ['-99', '-2'])
# top-91, score: 0.00, answer: [837.27]
  # tprog: SelectCol(SelectRow1(SelectRow1(@param0, !=, 0, 837.27@Float), ==, 1, 837.27@Float), ['1'])
# top-92, score: 0.00, answer: [837.27]
  # tprog: SelectCol(SelectRow1(SelectRow1(@param0, !=, 0, 837.27@Float), ==, 1, 837.27@Float), ['-99', '-2'])
# top-93, score: 0.00, answer: [837.27]
  # tprog: SelectCol(SelectRow1(SelectRow1(@param0, !=, 0, District@Str), ==, 0, Yamato flat inland plain@Str), ['1'])
# top-94, score: 0.00, answer: [837.27]
  # tprog: SelectCol(SelectRow1(SelectRow1(@param0, !=, 0, District@Str), ==, 0, Yamato flat inland plain@Str), ['-99', '-2'])
# top-95, score: 0.00, answer: [837.27]
  # tprog: SelectCol(SelectRow1(SelectRow1(@param0, !=, 0, District@Str), ==, 1, 837.27@Float), ['1'])
# top-96, score: 0.00, answer: [837.27]
  # tprog: SelectCol(SelectRow1(SelectRow1(@param0, !=, 0, District@Str), ==, 1, 837.27@Float), ['-99', '-2'])
# top-97, score: 0.00, answer: [837.27]
  # tprog: SelectCol(SelectRow1(SelectRow1(@param0, !=, 0, Yamato highland@Str), <, 1, 2346.84@Float), ['1'])
# top-98, score: 0.00, answer: [837.27]
  # tprog: SelectCol(SelectRow1(SelectRow1(@param0, !=, 0, Yamato highland@Str), <, 1, 2346.84@Float), ['-99', '-2'])
# top-99, score: 0.00, answer: [837.27]
  # tprog: SelectCol(SelectRow1(SelectRow1(@param0, !=, 0, Yamato highland@Str), <=, 1, 837.27@Float), ['1'])
# top-100, score: 0.00, answer: [837.27]
  # tprog: SelectCol(SelectRow1(SelectRow1(@param0, !=, 0, Yamato highland@Str), <=, 1, 837.27@Float), ['-99', '-2'])
# top-101, score: 0.00, answer: [837.27]
  # tprog: SelectCol(SelectRow1(SelectRow1(@param0, !=, 0, Yamato highland@Str), ==, 0, Yamato flat inland plain@Str), ['1'])
# top-102, score: 0.00, answer: [837.27]
  # tprog: SelectCol(SelectRow1(SelectRow1(@param0, !=, 0, Yamato highland@Str), ==, 0, Yamato flat inland plain@Str), ['-99', '-2'])
# top-103, score: 0.00, answer: [837.27]
  # tprog: SelectCol(SelectRow1(SelectRow1(@param0, !=, 0, Yamato highland@Str), ==, 1, 837.27@Float), ['1'])
# top-104, score: 0.00, answer: [837.27]
  # tprog: SelectCol(SelectRow1(SelectRow1(@param0, !=, 0, Yamato highland@Str), ==, 1, 837.27@Float), ['-99', '-2'])
# top-105, score: 0.00, answer: [837.27]
  # tprog: SelectCol(SelectRow1(SelectRow1(@param0, !=, 0, Yamato highland@Str), !=, 0, Gojō, Yoshino@Str), ['1'])
# top-106, score: 0.00, answer: [837.27]
  # tprog: SelectCol(SelectRow1(SelectRow1(@param0, !=, 0, Yamato highland@Str), !=, 0, Gojō, Yoshino@Str), ['-99', '-2'])
# top-107, score: 0.00, answer: [837.27]
  # tprog: SelectCol(SelectRow1(SelectRow1(@param0, !=, 0, Yamato highland@Str), !=, 1, 2346.84@Float), ['1'])
# top-108, score: 0.00, answer: [837.27]
  # tprog: SelectCol(SelectRow1(SelectRow1(@param0, !=, 0, Yamato highland@Str), !=, 1, 2346.84@Float), ['-99', '-2'])
# top-109, score: 0.00, answer: [837.27]
  # tprog: SelectCol(SelectRow1(SelectRow1(@param0, !=, 0, 2346.84@Float), ==, 0, Yamato flat inland plain@Str), ['1'])
# top-110, score: 0.00, answer: [837.27]
  # tprog: SelectCol(SelectRow1(SelectRow1(@param0, !=, 0, 2346.84@Float), ==, 0, Yamato flat inland plain@Str), ['-99', '-2'])
# top-111, score: 0.00, answer: [837.27]
  # tprog: SelectCol(SelectRow1(SelectRow1(@param0, !=, 0, 2346.84@Float), ==, 1, 837.27@Float), ['1'])
# top-112, score: 0.00, answer: [837.27]
  # tprog: SelectCol(SelectRow1(SelectRow1(@param0, !=, 0, 2346.84@Float), ==, 1, 837.27@Float), ['-99', '-2'])
# top-113, score: 0.00, answer: [837.27]
  # tprog: SelectCol(SelectRow1(SelectRow1(@param0, !=, 0, color@Str), ==, 0, Yamato flat inland plain@Str), ['1'])
# top-114, score: 0.00, answer: [837.27]
  # tprog: SelectCol(SelectRow1(SelectRow1(@param0, !=, 0, color@Str), ==, 0, Yamato flat inland plain@Str), ['-99', '-2'])
# top-115, score: 0.00, answer: [837.27]
  # tprog: SelectCol(SelectRow1(SelectRow1(@param0, !=, 0, color@Str), ==, 1, 837.27@Float), ['1'])
# top-116, score: 0.00, answer: [837.27]
  # tprog: SelectCol(SelectRow1(SelectRow1(@param0, !=, 0, color@Str), ==, 1, 837.27@Float), ['-99', '-2'])
# top-117, score: 0.00, answer: [837.27]
  # tprog: SelectCol(SelectRow1(SelectRow1(@param0, !=, 0, Area Size (km²)@Str), ==, 0, Yamato flat inland plain@Str), ['1'])
# top-118, score: 0.00, answer: [837.27]
  # tprog: SelectCol(SelectRow1(SelectRow1(@param0, !=, 0, Area Size (km²)@Str), ==, 0, Yamato flat inland plain@Str), ['-99', '-2'])
# top-119, score: 0.00, answer: [837.27]
  # tprog: SelectCol(SelectRow1(SelectRow1(@param0, !=, 0, Area Size (km²)@Str), ==, 1, 837.27@Float), ['1'])
# top-120, score: 0.00, answer: [837.27]
  # tprog: SelectCol(SelectRow1(SelectRow1(@param0, !=, 0, Area Size (km²)@Str), ==, 1, 837.27@Float), ['-99', '-2'])
# top-121, score: 0.00, answer: [837.27]
  # tprog: SelectCol(SelectRow1(SelectRow1(@param0, !=, 0, 506.89@Float), ==, 0, Yamato flat inland plain@Str), ['1'])
# top-122, score: 0.00, answer: [837.27]
  # tprog: SelectCol(SelectRow1(SelectRow1(@param0, !=, 0, 506.89@Float), ==, 0, Yamato flat inland plain@Str), ['-99', '-2'])
# top-123, score: 0.00, answer: [837.27]
  # tprog: SelectCol(SelectRow1(SelectRow1(@param0, !=, 0, 506.89@Float), ==, 1, 837.27@Float), ['1'])
# top-124, score: 0.00, answer: [837.27]
  # tprog: SelectCol(SelectRow1(SelectRow1(@param0, !=, 0, 506.89@Float), ==, 1, 837.27@Float), ['-99', '-2'])
# top-125, score: 0.00, answer: [837.27]
  # tprog: SelectCol(SelectRow1(SelectRow1(@param0, !=, 0, blue@Str), ==, 0, Yamato flat inland plain@Str), ['1'])
# top-126, score: 0.00, answer: [837.27]
  # tprog: SelectCol(SelectRow1(SelectRow1(@param0, !=, 0, blue@Str), ==, 0, Yamato flat inland plain@Str), ['-99', '-2'])
# top-127, score: 0.00, answer: [837.27]
  # tprog: SelectCol(SelectRow1(SelectRow1(@param0, !=, 0, blue@Str), ==, 1, 837.27@Float), ['1'])
# top-128, score: 0.00, answer: [837.27]
  # tprog: SelectCol(SelectRow1(SelectRow1(@param0, !=, 0, blue@Str), ==, 1, 837.27@Float), ['-99', '-2'])
# top-129, score: 0.00, answer: [837.27]
  # tprog: SelectCol(SelectRow1(SelectRow1(@param0, !=, 1, Gojō, Yoshino@Str), ==, 0, Yamato flat inland plain@Str), ['1'])
# top-130, score: 0.00, answer: [837.27]
  # tprog: SelectCol(SelectRow1(SelectRow1(@param0, !=, 1, Gojō, Yoshino@Str), ==, 0, Yamato flat inland plain@Str), ['-99', '-2'])
# top-131, score: 0.00, answer: [837.27]
  # tprog: SelectCol(SelectRow1(SelectRow1(@param0, !=, 1, Gojō, Yoshino@Str), ==, 1, 837.27@Float), ['1'])
# top-132, score: 0.00, answer: [837.27]
  # tprog: SelectCol(SelectRow1(SelectRow1(@param0, !=, 1, Gojō, Yoshino@Str), ==, 1, 837.27@Float), ['-99', '-2'])
# top-133, score: 0.00, answer: [837.27]
  # tprog: SelectCol(SelectRow1(SelectRow1(@param0, !=, 1, District@Str), ==, 0, Yamato flat inland plain@Str), ['1'])
# top-134, score: 0.00, answer: [837.27]
  # tprog: SelectCol(SelectRow1(SelectRow1(@param0, !=, 1, District@Str), ==, 0, Yamato flat inland plain@Str), ['-99', '-2'])
# top-135, score: 0.00, answer: [837.27]
  # tprog: SelectCol(SelectRow1(SelectRow1(@param0, !=, 1, District@Str), ==, 1, 837.27@Float), ['1'])
# top-136, score: 0.00, answer: [837.27]
  # tprog: SelectCol(SelectRow1(SelectRow1(@param0, !=, 1, District@Str), ==, 1, 837.27@Float), ['-99', '-2'])
# top-137, score: 0.00, answer: [837.27]
  # tprog: SelectCol(SelectRow1(SelectRow1(@param0, !=, 1, Yamato highland@Str), ==, 0, Yamato flat inland plain@Str), ['1'])
# top-138, score: 0.00, answer: [837.27]
  # tprog: SelectCol(SelectRow1(SelectRow1(@param0, !=, 1, Yamato highland@Str), ==, 0, Yamato flat inland plain@Str), ['-99', '-2'])
# top-139, score: 0.00, answer: [837.27]
  # tprog: SelectCol(SelectRow1(SelectRow1(@param0, !=, 1, Yamato highland@Str), ==, 1, 837.27@Float), ['1'])
# top-140, score: 0.00, answer: [837.27]
  # tprog: SelectCol(SelectRow1(SelectRow1(@param0, !=, 1, Yamato highland@Str), ==, 1, 837.27@Float), ['-99', '-2'])
# top-141, score: 0.00, answer: [837.27]
  # tprog: SelectCol(SelectRow1(SelectRow1(@param0, !=, 1, 2346.84@Float), ==, 0, Yamato flat inland plain@Str), ['1'])
# top-142, score: 0.00, answer: [837.27]
  # tprog: SelectCol(SelectRow1(SelectRow1(@param0, !=, 1, 2346.84@Float), ==, 0, Yamato flat inland plain@Str), ['-99', '-2'])
# top-143, score: 0.00, answer: [837.27]
  # tprog: SelectCol(SelectRow1(SelectRow1(@param0, !=, 1, 2346.84@Float), ==, 1, 837.27@Float), ['1'])
# top-144, score: 0.00, answer: [837.27]
  # tprog: SelectCol(SelectRow1(SelectRow1(@param0, !=, 1, 2346.84@Float), ==, 1, 837.27@Float), ['-99', '-2'])
# top-145, score: 0.00, answer: [837.27]
  # tprog: SelectCol(SelectRow1(SelectRow1(@param0, !=, 1, 2346.84@Float), >=, 1, 837.27@Float), ['1'])
# top-146, score: 0.00, answer: [837.27]
  # tprog: SelectCol(SelectRow1(SelectRow1(@param0, !=, 1, 2346.84@Float), >=, 1, 837.27@Float), ['-99', '-2'])
# top-147, score: 0.00, answer: [837.27]
  # tprog: SelectCol(SelectRow1(SelectRow1(@param0, !=, 1, 2346.84@Float), >, 1, 506.89@Float), ['1'])
# top-148, score: 0.00, answer: [837.27]
  # tprog: SelectCol(SelectRow1(SelectRow1(@param0, !=, 1, 2346.84@Float), >, 1, 506.89@Float), ['-99', '-2'])
# top-149, score: 0.00, answer: [837.27]
  # tprog: SelectCol(SelectRow1(SelectRow1(@param0, !=, 1, 2346.84@Float), !=, 0, Yamato highland@Str), ['1'])
# top-150, score: 0.00, answer: [837.27]
  # tprog: SelectCol(SelectRow1(SelectRow1(@param0, !=, 1, 2346.84@Float), !=, 0, Yamato highland@Str), ['-99', '-2'])
# top-151, score: 0.00, answer: [837.27]
  # tprog: SelectCol(SelectRow1(SelectRow1(@param0, !=, 1, 2346.84@Float), !=, 1, 506.89@Float), ['1'])
# top-152, score: 0.00, answer: [837.27]
  # tprog: SelectCol(SelectRow1(SelectRow1(@param0, !=, 1, 2346.84@Float), !=, 1, 506.89@Float), ['-99', '-2'])
# top-153, score: 0.00, answer: [837.27]
  # tprog: SelectCol(SelectRow1(SelectRow1(@param0, !=, 1, color@Str), ==, 0, Yamato flat inland plain@Str), ['1'])
# top-154, score: 0.00, answer: [837.27]
  # tprog: SelectCol(SelectRow1(SelectRow1(@param0, !=, 1, color@Str), ==, 0, Yamato flat inland plain@Str), ['-99', '-2'])
# top-155, score: 0.00, answer: [837.27]
  # tprog: SelectCol(SelectRow1(SelectRow1(@param0, !=, 1, color@Str), ==, 1, 837.27@Float), ['1'])
# top-156, score: 0.00, answer: [837.27]
  # tprog: SelectCol(SelectRow1(SelectRow1(@param0, !=, 1, color@Str), ==, 1, 837.27@Float), ['-99', '-2'])
# top-157, score: 0.00, answer: [837.27]
  # tprog: SelectCol(SelectRow1(SelectRow1(@param0, !=, 1, Area Size (km²)@Str), ==, 0, Yamato flat inland plain@Str), ['1'])
# top-158, score: 0.00, answer: [837.27]
  # tprog: SelectCol(SelectRow1(SelectRow1(@param0, !=, 1, Area Size (km²)@Str), ==, 0, Yamato flat inland plain@Str), ['-99', '-2'])
# top-159, score: 0.00, answer: [837.27]
  # tprog: SelectCol(SelectRow1(SelectRow1(@param0, !=, 1, Area Size (km²)@Str), ==, 1, 837.27@Float), ['1'])
# top-160, score: 0.00, answer: [837.27]
  # tprog: SelectCol(SelectRow1(SelectRow1(@param0, !=, 1, Area Size (km²)@Str), ==, 1, 837.27@Float), ['-99', '-2'])
# top-161, score: 0.00, answer: [837.27]
  # tprog: SelectCol(SelectRow1(SelectRow1(@param0, !=, 1, 506.89@Float), <, 1, 2346.84@Float), ['1'])
# top-162, score: 0.00, answer: [837.27]
  # tprog: SelectCol(SelectRow1(SelectRow1(@param0, !=, 1, 506.89@Float), <, 1, 2346.84@Float), ['-99', '-2'])
# top-163, score: 0.00, answer: [837.27]
  # tprog: SelectCol(SelectRow1(SelectRow1(@param0, !=, 1, 506.89@Float), <=, 1, 837.27@Float), ['1'])
# top-164, score: 0.00, answer: [837.27]
  # tprog: SelectCol(SelectRow1(SelectRow1(@param0, !=, 1, 506.89@Float), <=, 1, 837.27@Float), ['-99', '-2'])
# top-165, score: 0.00, answer: [837.27]
  # tprog: SelectCol(SelectRow1(SelectRow1(@param0, !=, 1, 506.89@Float), ==, 0, Yamato flat inland plain@Str), ['1'])
# top-166, score: 0.00, answer: [837.27]
  # tprog: SelectCol(SelectRow1(SelectRow1(@param0, !=, 1, 506.89@Float), ==, 0, Yamato flat inland plain@Str), ['-99', '-2'])
# top-167, score: 0.00, answer: [837.27]
  # tprog: SelectCol(SelectRow1(SelectRow1(@param0, !=, 1, 506.89@Float), ==, 1, 837.27@Float), ['1'])
# top-168, score: 0.00, answer: [837.27]
  # tprog: SelectCol(SelectRow1(SelectRow1(@param0, !=, 1, 506.89@Float), ==, 1, 837.27@Float), ['-99', '-2'])
# top-169, score: 0.00, answer: [837.27]
  # tprog: SelectCol(SelectRow1(SelectRow1(@param0, !=, 1, 506.89@Float), !=, 0, Gojō, Yoshino@Str), ['1'])
# top-170, score: 0.00, answer: [837.27]
  # tprog: SelectCol(SelectRow1(SelectRow1(@param0, !=, 1, 506.89@Float), !=, 0, Gojō, Yoshino@Str), ['-99', '-2'])
# top-171, score: 0.00, answer: [837.27]
  # tprog: SelectCol(SelectRow1(SelectRow1(@param0, !=, 1, 506.89@Float), !=, 1, 2346.84@Float), ['1'])
# top-172, score: 0.00, answer: [837.27]
  # tprog: SelectCol(SelectRow1(SelectRow1(@param0, !=, 1, 506.89@Float), !=, 1, 2346.84@Float), ['-99', '-2'])
# top-173, score: 0.00, answer: [837.27]
  # tprog: SelectCol(SelectRow1(SelectRow1(@param0, !=, 1, Yamato flat inland plain@Str), ==, 0, Yamato flat inland plain@Str), ['1'])
# top-174, score: 0.00, answer: [837.27]
  # tprog: SelectCol(SelectRow1(SelectRow1(@param0, !=, 1, Yamato flat inland plain@Str), ==, 0, Yamato flat inland plain@Str), ['-99', '-2'])
# top-175, score: 0.00, answer: [837.27]
  # tprog: SelectCol(SelectRow1(SelectRow1(@param0, !=, 1, Yamato flat inland plain@Str), ==, 1, 837.27@Float), ['1'])
# top-176, score: 0.00, answer: [837.27]
  # tprog: SelectCol(SelectRow1(SelectRow1(@param0, !=, 1, Yamato flat inland plain@Str), ==, 1, 837.27@Float), ['-99', '-2'])
# top-177, score: 0.00, answer: [837.27]
  # tprog: SelectCol(SelectRow1(SelectRow1(@param0, !=, 1, blue@Str), ==, 0, Yamato flat inland plain@Str), ['1'])
# top-178, score: 0.00, answer: [837.27]
  # tprog: SelectCol(SelectRow1(SelectRow1(@param0, !=, 1, blue@Str), ==, 0, Yamato flat inland plain@Str), ['-99', '-2'])
# top-179, score: 0.00, answer: [837.27]
  # tprog: SelectCol(SelectRow1(SelectRow1(@param0, !=, 1, blue@Str), ==, 1, 837.27@Float), ['1'])
# top-180, score: 0.00, answer: [837.27]
  # tprog: SelectCol(SelectRow1(SelectRow1(@param0, !=, 1, blue@Str), ==, 1, 837.27@Float), ['-99', '-2'])
# top-181, score: 0.00, answer: [837.27]
  # tprog: SelectCol(SelectRow1(SelectRow1(@param0, !=, 2, Gojō, Yoshino@Str), ==, 0, Yamato flat inland plain@Str), ['1'])
# top-182, score: 0.00, answer: [837.27]
  # tprog: SelectCol(SelectRow1(SelectRow1(@param0, !=, 2, Gojō, Yoshino@Str), ==, 0, Yamato flat inland plain@Str), ['-99', '-2'])
# top-183, score: 0.00, answer: [837.27]
  # tprog: SelectCol(SelectRow1(SelectRow1(@param0, !=, 2, Gojō, Yoshino@Str), ==, 1, 837.27@Float), ['1'])
# top-184, score: 0.00, answer: [837.27]
  # tprog: SelectCol(SelectRow1(SelectRow1(@param0, !=, 2, Gojō, Yoshino@Str), ==, 1, 837.27@Float), ['-99', '-2'])
# top-185, score: 0.00, answer: [837.27]
  # tprog: SelectCol(SelectRow1(SelectRow1(@param0, !=, 2, 837.27@Float), ==, 0, Yamato flat inland plain@Str), ['1'])
# top-186, score: 0.00, answer: [837.27]
  # tprog: SelectCol(SelectRow1(SelectRow1(@param0, !=, 2, 837.27@Float), ==, 0, Yamato flat inland plain@Str), ['-99', '-2'])
# top-187, score: 0.00, answer: [837.27]
  # tprog: SelectCol(SelectRow1(SelectRow1(@param0, !=, 2, 837.27@Float), ==, 1, 837.27@Float), ['1'])
# top-188, score: 0.00, answer: [837.27]
  # tprog: SelectCol(SelectRow1(SelectRow1(@param0, !=, 2, 837.27@Float), ==, 1, 837.27@Float), ['-99', '-2'])
# top-189, score: 0.00, answer: [837.27]
  # tprog: SelectCol(SelectRow1(SelectRow1(@param0, !=, 2, District@Str), ==, 0, Yamato flat inland plain@Str), ['1'])
# top-190, score: 0.00, answer: [837.27]
  # tprog: SelectCol(SelectRow1(SelectRow1(@param0, !=, 2, District@Str), ==, 0, Yamato flat inland plain@Str), ['-99', '-2'])
# top-191, score: 0.00, answer: [837.27]
  # tprog: SelectCol(SelectRow1(SelectRow1(@param0, !=, 2, District@Str), ==, 1, 837.27@Float), ['1'])
# top-192, score: 0.00, answer: [837.27]
  # tprog: SelectCol(SelectRow1(SelectRow1(@param0, !=, 2, District@Str), ==, 1, 837.27@Float), ['-99', '-2'])
# top-193, score: 0.00, answer: [837.27]
  # tprog: SelectCol(SelectRow1(SelectRow1(@param0, !=, 2, Yamato highland@Str), ==, 0, Yamato flat inland plain@Str), ['1'])
# top-194, score: 0.00, answer: [837.27]
  # tprog: SelectCol(SelectRow1(SelectRow1(@param0, !=, 2, Yamato highland@Str), ==, 0, Yamato flat inland plain@Str), ['-99', '-2'])
# top-195, score: 0.00, answer: [837.27]
  # tprog: SelectCol(SelectRow1(SelectRow1(@param0, !=, 2, Yamato highland@Str), ==, 1, 837.27@Float), ['1'])
# top-196, score: 0.00, answer: [837.27]
  # tprog: SelectCol(SelectRow1(SelectRow1(@param0, !=, 2, Yamato highland@Str), ==, 1, 837.27@Float), ['-99', '-2'])
# top-197, score: 0.00, answer: [837.27]
  # tprog: SelectCol(SelectRow1(SelectRow1(@param0, !=, 2, 2346.84@Float), ==, 0, Yamato flat inland plain@Str), ['1'])
# top-198, score: 0.00, answer: [837.27]
  # tprog: SelectCol(SelectRow1(SelectRow1(@param0, !=, 2, 2346.84@Float), ==, 0, Yamato flat inland plain@Str), ['-99', '-2'])
# top-199, score: 0.00, answer: [837.27]
  # tprog: SelectCol(SelectRow1(SelectRow1(@param0, !=, 2, 2346.84@Float), ==, 1, 837.27@Float), ['1'])
# top-200, score: 0.00, answer: [837.27]
  # tprog: SelectCol(SelectRow1(SelectRow1(@param0, !=, 2, 2346.84@Float), ==, 1, 837.27@Float), ['-99', '-2'])
# top-201, score: 0.00, answer: [837.27]
  # tprog: SelectCol(SelectRow1(SelectRow1(@param0, !=, 2, color@Str), ==, 0, Yamato flat inland plain@Str), ['1'])
# top-202, score: 0.00, answer: [837.27]
  # tprog: SelectCol(SelectRow1(SelectRow1(@param0, !=, 2, color@Str), ==, 0, Yamato flat inland plain@Str), ['-99', '-2'])
# top-203, score: 0.00, answer: [837.27]
  # tprog: SelectCol(SelectRow1(SelectRow1(@param0, !=, 2, color@Str), ==, 1, 837.27@Float), ['1'])
# top-204, score: 0.00, answer: [837.27]
  # tprog: SelectCol(SelectRow1(SelectRow1(@param0, !=, 2, color@Str), ==, 1, 837.27@Float), ['-99', '-2'])
# top-205, score: 0.00, answer: [837.27]
  # tprog: SelectCol(SelectRow1(SelectRow1(@param0, !=, 2, Area Size (km²)@Str), ==, 0, Yamato flat inland plain@Str), ['1'])
# top-206, score: 0.00, answer: [837.27]
  # tprog: SelectCol(SelectRow1(SelectRow1(@param0, !=, 2, Area Size (km²)@Str), ==, 0, Yamato flat inland plain@Str), ['-99', '-2'])
# top-207, score: 0.00, answer: [837.27]
  # tprog: SelectCol(SelectRow1(SelectRow1(@param0, !=, 2, Area Size (km²)@Str), ==, 1, 837.27@Float), ['1'])
# top-208, score: 0.00, answer: [837.27]
  # tprog: SelectCol(SelectRow1(SelectRow1(@param0, !=, 2, Area Size (km²)@Str), ==, 1, 837.27@Float), ['-99', '-2'])
# top-209, score: 0.00, answer: [837.27]
  # tprog: SelectCol(SelectRow1(SelectRow1(@param0, !=, 2, 506.89@Float), ==, 0, Yamato flat inland plain@Str), ['1'])
# top-210, score: 0.00, answer: [837.27]
  # tprog: SelectCol(SelectRow1(SelectRow1(@param0, !=, 2, 506.89@Float), ==, 0, Yamato flat inland plain@Str), ['-99', '-2'])
# top-211, score: 0.00, answer: [837.27]
  # tprog: SelectCol(SelectRow1(SelectRow1(@param0, !=, 2, 506.89@Float), ==, 1, 837.27@Float), ['1'])
# top-212, score: 0.00, answer: [837.27]
  # tprog: SelectCol(SelectRow1(SelectRow1(@param0, !=, 2, 506.89@Float), ==, 1, 837.27@Float), ['-99', '-2'])
# top-213, score: 0.00, answer: [837.27]
  # tprog: SelectCol(SelectRow1(SelectRow1(@param0, !=, 2, Yamato flat inland plain@Str), ==, 0, Yamato flat inland plain@Str), ['1'])
# top-214, score: 0.00, answer: [837.27]
  # tprog: SelectCol(SelectRow1(SelectRow1(@param0, !=, 2, Yamato flat inland plain@Str), ==, 0, Yamato flat inland plain@Str), ['-99', '-2'])
# top-215, score: 0.00, answer: [837.27]
  # tprog: SelectCol(SelectRow1(SelectRow1(@param0, !=, 2, Yamato flat inland plain@Str), ==, 1, 837.27@Float), ['1'])
# top-216, score: 0.00, answer: [837.27]
  # tprog: SelectCol(SelectRow1(SelectRow1(@param0, !=, 2, Yamato flat inland plain@Str), ==, 1, 837.27@Float), ['-99', '-2'])
# top-217, score: 0.00, answer: [837.27]
  # tprog: Summarize(SelectRow1(@param0, <, 1, 2346.84@Float), max, 1)
# top-218, score: 0.00, answer: [837.27]
  # tprog: Summarize(SelectRow1(@param0, <=, 1, 837.27@Float), max, 1)
# top-219, score: 0.00, answer: [837.27]
  # tprog: Summarize(SelectRow1(@param0, ==, 0, Yamato flat inland plain@Str), min, 1)
# top-220, score: 0.00, answer: [837.27]
  # tprog: Summarize(SelectRow1(@param0, ==, 0, Yamato flat inland plain@Str), max, 1)
# top-221, score: 0.00, answer: [837.27]
  # tprog: Summarize(SelectRow1(@param0, ==, 0, Yamato flat inland plain@Str), sum, 1)
# top-222, score: 0.00, answer: [837.27]
  # tprog: Summarize(SelectRow1(@param0, ==, 0, Yamato flat inland plain@Str), mean, 1)
# top-223, score: 0.00, answer: [837.27]
  # tprog: Summarize(SelectRow1(@param0, ==, 1, 837.27@Float), min, 1)
# top-224, score: 0.00, answer: [837.27]
  # tprog: Summarize(SelectRow1(@param0, ==, 1, 837.27@Float), max, 1)
# top-225, score: 0.00, answer: [837.27]
  # tprog: Summarize(SelectRow1(@param0, ==, 1, 837.27@Float), sum, 1)
# top-226, score: 0.00, answer: [837.27]
  # tprog: Summarize(SelectRow1(@param0, ==, 1, 837.27@Float), mean, 1)
# top-227, score: 0.00, answer: [837.27]
  # tprog: Summarize(SelectRow1(@param0, >=, 1, 837.27@Float), min, 1)
# top-228, score: 0.00, answer: [837.27]
  # tprog: Summarize(SelectRow1(@param0, >, 1, 506.89@Float), min, 1)
# top-229, score: 0.00, answer: [837.27]
  # tprog: Summarize(SelectRow1(@param0, !=, 0, Gojō, Yoshino@Str), max, 1)
# top-230, score: 0.00, answer: [837.27]
  # tprog: Summarize(SelectRow1(@param0, !=, 0, Yamato highland@Str), min, 1)
# top-231, score: 0.00, answer: [837.27]
  # tprog: Summarize(SelectRow1(@param0, !=, 1, 2346.84@Float), max, 1)
# top-232, score: 0.00, answer: [837.27]
  # tprog: Summarize(SelectRow1(@param0, !=, 1, 506.89@Float), min, 1)
# top-233, score: 0.00, answer: [837.27]
  # tprog: SelectCol(SelectRow1(@param0, ==, 0, Yamato flat inland plain@Str), ['1'])
# top-234, score: 0.00, answer: [837.27]
  # tprog: SelectCol(SelectRow1(@param0, ==, 0, Yamato flat inland plain@Str), ['-99', '-2'])
# top-235, score: 0.00, answer: [837.27]
  # tprog: SelectCol(SelectRow1(@param0, ==, 1, 837.27@Float), ['1'])
# top-236, score: 0.00, answer: [837.27]
  # tprog: SelectCol(SelectRow1(@param0, ==, 1, 837.27@Float), ['-99', '-2'])
