# parsed arguments: Namespace(benchmark='Qb7071', dsl='meta_visqa', skeletons='visqa_normal', strategy='TaPas_C', fallback='auto', timeout=300, mode='abstract-only', expected_only=False)
# loading benchmark...
# table keywords: {'44', 'color', 'blue', 'race', '23', 'latino', 'percent', 'african', 'white', '31', 'american'}
# input type: [dtype('O'), dtype('int64'), dtype('O')]
# input is:
               race  percent color
0             White       44  blue
1  African American       31  blue
2            Latino       23  blue
# query is: What is the difference between white and latino employer pension percentage?
# expected output type:[dtype('int64')]
# expected output is:
   ANSWER
0      21
# inferred DSL terminals:
  # ConstVal: ['color@Str', 'blue@Str', 'race@Str', '44@Int', '23@Int', 'African American@Str', 'percent@Str', 'White@Str', 'Latino@Str', '31@Int']
     # cmap: [(None, 'color'), (None, 'blue'), (None, 'race'), (None, 44), (None, 23), (None, 'African American'), (None, 'percent'), (None, 'White'), (None, 'Latino'), (None, 31)]
# loading skeleton list...

# ========== candidate program report ========== #
# (t=0.00) i=0, candidate=[{'ANSWER': 1}]
  # found 187 program(s)
    # SelectCol(SelectRow0(GroupSum(@param0, ['1'], count, 0), eqmin, 0), ['1'])
      --> ['SelectCol', ['SelectRow0', ['GroupSum', 'input@0', ['percent'], 'count', 'race'], 'eqmin', 'percent'], ['COL0']]
    # SelectCol(SelectRow0(GroupSum(@param0, ['1'], count, 0), eqmin, 0), ['-99'])
      --> ['SelectCol', ['SelectRow0', ['GroupSum', 'input@0', ['percent'], 'count', 'race'], 'eqmin', 'percent'], ['COL0']]
    # SelectCol(SelectRow0(GroupSum(@param0, ['1'], count, 0), eqmax, 0), ['1'])
      --> ['SelectCol', ['SelectRow0', ['GroupSum', 'input@0', ['percent'], 'count', 'race'], 'eqmax', 'percent'], ['COL0']]
    # SelectCol(SelectRow0(GroupSum(@param0, ['1'], count, 0), eqmax, 0), ['-99'])
      --> ['SelectCol', ['SelectRow0', ['GroupSum', 'input@0', ['percent'], 'count', 'race'], 'eqmax', 'percent'], ['COL0']]
    # SelectCol(SelectRow0(GroupSum(@param0, ['1'], count, 1), eqmin, 0), ['1'])
      --> ['SelectCol', ['SelectRow0', ['GroupSum', 'input@0', ['percent'], 'count', 'percent'], 'eqmin', 'percent'], ['COL0']]
    # SelectCol(SelectRow0(GroupSum(@param0, ['1'], count, 1), eqmin, 0), ['-99'])
      --> ['SelectCol', ['SelectRow0', ['GroupSum', 'input@0', ['percent'], 'count', 'percent'], 'eqmin', 'percent'], ['COL0']]
    # SelectCol(SelectRow0(GroupSum(@param0, ['1'], count, 1), eqmax, 0), ['1'])
      --> ['SelectCol', ['SelectRow0', ['GroupSum', 'input@0', ['percent'], 'count', 'percent'], 'eqmax', 'percent'], ['COL0']]
    # SelectCol(SelectRow0(GroupSum(@param0, ['1'], count, 1), eqmax, 0), ['-99'])
      --> ['SelectCol', ['SelectRow0', ['GroupSum', 'input@0', ['percent'], 'count', 'percent'], 'eqmax', 'percent'], ['COL0']]
    # SelectCol(SelectRow0(GroupSum(@param0, ['1'], count, 2), eqmin, 0), ['1'])
      --> ['SelectCol', ['SelectRow0', ['GroupSum', 'input@0', ['percent'], 'count', 'color'], 'eqmin', 'percent'], ['COL0']]
    # SelectCol(SelectRow0(GroupSum(@param0, ['1'], count, 2), eqmin, 0), ['-99'])
      --> ['SelectCol', ['SelectRow0', ['GroupSum', 'input@0', ['percent'], 'count', 'color'], 'eqmin', 'percent'], ['COL0']]
    # SelectCol(SelectRow0(GroupSum(@param0, ['1'], count, 2), eqmax, 0), ['1'])
      --> ['SelectCol', ['SelectRow0', ['GroupSum', 'input@0', ['percent'], 'count', 'color'], 'eqmax', 'percent'], ['COL0']]
    # SelectCol(SelectRow0(GroupSum(@param0, ['1'], count, 2), eqmax, 0), ['-99'])
      --> ['SelectCol', ['SelectRow0', ['GroupSum', 'input@0', ['percent'], 'count', 'color'], 'eqmax', 'percent'], ['COL0']]
    # SelectCol(SelectRow0(GroupSum(@param0, ['0', '1'], count, 0), eqmin, 1), ['2'])
      --> ['SelectCol', ['SelectRow0', ['GroupSum', 'input@0', ['race', 'percent'], 'count', 'race'], 'eqmin', 'percent'], ['COL0']]
    # SelectCol(SelectRow0(GroupSum(@param0, ['0', '1'], count, 0), eqmin, 1), ['-99', '-1'])
      --> ['SelectCol', ['SelectRow0', ['GroupSum', 'input@0', ['race', 'percent'], 'count', 'race'], 'eqmin', 'percent'], ['COL0']]
    # SelectCol(SelectRow0(GroupSum(@param0, ['0', '1'], count, 0), eqmax, 1), ['2'])
      --> ['SelectCol', ['SelectRow0', ['GroupSum', 'input@0', ['race', 'percent'], 'count', 'race'], 'eqmax', 'percent'], ['COL0']]
    # SelectCol(SelectRow0(GroupSum(@param0, ['0', '1'], count, 0), eqmax, 1), ['-99', '-1'])
      --> ['SelectCol', ['SelectRow0', ['GroupSum', 'input@0', ['race', 'percent'], 'count', 'race'], 'eqmax', 'percent'], ['COL0']]
    # SelectCol(SelectRow0(GroupSum(@param0, ['0', '1'], count, 1), eqmin, 1), ['2'])
      --> ['SelectCol', ['SelectRow0', ['GroupSum', 'input@0', ['race', 'percent'], 'count', 'percent'], 'eqmin', 'percent'], ['COL0']]
    # SelectCol(SelectRow0(GroupSum(@param0, ['0', '1'], count, 1), eqmin, 1), ['-99', '-1'])
      --> ['SelectCol', ['SelectRow0', ['GroupSum', 'input@0', ['race', 'percent'], 'count', 'percent'], 'eqmin', 'percent'], ['COL0']]
    # SelectCol(SelectRow0(GroupSum(@param0, ['0', '1'], count, 1), eqmax, 1), ['2'])
      --> ['SelectCol', ['SelectRow0', ['GroupSum', 'input@0', ['race', 'percent'], 'count', 'percent'], 'eqmax', 'percent'], ['COL0']]
    # SelectCol(SelectRow0(GroupSum(@param0, ['0', '1'], count, 1), eqmax, 1), ['-99', '-1'])
      --> ['SelectCol', ['SelectRow0', ['GroupSum', 'input@0', ['race', 'percent'], 'count', 'percent'], 'eqmax', 'percent'], ['COL0']]
    # SelectCol(SelectRow0(GroupSum(@param0, ['0', '1'], count, 2), eqmin, 1), ['2'])
      --> ['SelectCol', ['SelectRow0', ['GroupSum', 'input@0', ['race', 'percent'], 'count', 'color'], 'eqmin', 'percent'], ['COL0']]
    # SelectCol(SelectRow0(GroupSum(@param0, ['0', '1'], count, 2), eqmin, 1), ['-99', '-1'])
      --> ['SelectCol', ['SelectRow0', ['GroupSum', 'input@0', ['race', 'percent'], 'count', 'color'], 'eqmin', 'percent'], ['COL0']]
    # SelectCol(SelectRow0(GroupSum(@param0, ['0', '1'], count, 2), eqmax, 1), ['2'])
      --> ['SelectCol', ['SelectRow0', ['GroupSum', 'input@0', ['race', 'percent'], 'count', 'color'], 'eqmax', 'percent'], ['COL0']]
    # SelectCol(SelectRow0(GroupSum(@param0, ['0', '1'], count, 2), eqmax, 1), ['-99', '-1'])
      --> ['SelectCol', ['SelectRow0', ['GroupSum', 'input@0', ['race', 'percent'], 'count', 'color'], 'eqmax', 'percent'], ['COL0']]
    # SelectCol(SelectRow0(GroupSum(@param0, ['1', '2'], count, 0), eqmin, 0), ['2'])
      --> ['SelectCol', ['SelectRow0', ['GroupSum', 'input@0', ['percent', 'color'], 'count', 'race'], 'eqmin', 'percent'], ['COL0']]
    # SelectCol(SelectRow0(GroupSum(@param0, ['1', '2'], count, 0), eqmin, 0), ['-99', '-1'])
      --> ['SelectCol', ['SelectRow0', ['GroupSum', 'input@0', ['percent', 'color'], 'count', 'race'], 'eqmin', 'percent'], ['COL0']]
    # SelectCol(SelectRow0(GroupSum(@param0, ['1', '2'], count, 0), eqmax, 0), ['2'])
      --> ['SelectCol', ['SelectRow0', ['GroupSum', 'input@0', ['percent', 'color'], 'count', 'race'], 'eqmax', 'percent'], ['COL0']]
    # SelectCol(SelectRow0(GroupSum(@param0, ['1', '2'], count, 0), eqmax, 0), ['-99', '-1'])
      --> ['SelectCol', ['SelectRow0', ['GroupSum', 'input@0', ['percent', 'color'], 'count', 'race'], 'eqmax', 'percent'], ['COL0']]
    # SelectCol(SelectRow0(GroupSum(@param0, ['1', '2'], count, 1), eqmin, 0), ['2'])
      --> ['SelectCol', ['SelectRow0', ['GroupSum', 'input@0', ['percent', 'color'], 'count', 'percent'], 'eqmin', 'percent'], ['COL0']]
    # SelectCol(SelectRow0(GroupSum(@param0, ['1', '2'], count, 1), eqmin, 0), ['-99', '-1'])
      --> ['SelectCol', ['SelectRow0', ['GroupSum', 'input@0', ['percent', 'color'], 'count', 'percent'], 'eqmin', 'percent'], ['COL0']]
    # SelectCol(SelectRow0(GroupSum(@param0, ['1', '2'], count, 1), eqmax, 0), ['2'])
      --> ['SelectCol', ['SelectRow0', ['GroupSum', 'input@0', ['percent', 'color'], 'count', 'percent'], 'eqmax', 'percent'], ['COL0']]
    # SelectCol(SelectRow0(GroupSum(@param0, ['1', '2'], count, 1), eqmax, 0), ['-99', '-1'])
      --> ['SelectCol', ['SelectRow0', ['GroupSum', 'input@0', ['percent', 'color'], 'count', 'percent'], 'eqmax', 'percent'], ['COL0']]
    # SelectCol(SelectRow0(GroupSum(@param0, ['1', '2'], count, 2), eqmin, 0), ['2'])
      --> ['SelectCol', ['SelectRow0', ['GroupSum', 'input@0', ['percent', 'color'], 'count', 'color'], 'eqmin', 'percent'], ['COL0']]
    # SelectCol(SelectRow0(GroupSum(@param0, ['1', '2'], count, 2), eqmin, 0), ['-99', '-1'])
      --> ['SelectCol', ['SelectRow0', ['GroupSum', 'input@0', ['percent', 'color'], 'count', 'color'], 'eqmin', 'percent'], ['COL0']]
    # SelectCol(SelectRow0(GroupSum(@param0, ['1', '2'], count, 2), eqmax, 0), ['2'])
      --> ['SelectCol', ['SelectRow0', ['GroupSum', 'input@0', ['percent', 'color'], 'count', 'color'], 'eqmax', 'percent'], ['COL0']]
    # SelectCol(SelectRow0(GroupSum(@param0, ['1', '2'], count, 2), eqmax, 0), ['-99', '-1'])
      --> ['SelectCol', ['SelectRow0', ['GroupSum', 'input@0', ['percent', 'color'], 'count', 'color'], 'eqmax', 'percent'], ['COL0']]
    # Summarize(SelectRow1(@param0, <, 1, 31@Int), count, 0)
      --> ['Summarize', ['SelectRow1', 'input@0', '<', 'percent', 31], 'count', 'race']
    # Summarize(SelectRow1(@param0, <, 1, 31@Int), count, 1)
      --> ['Summarize', ['SelectRow1', 'input@0', '<', 'percent', 31], 'count', 'percent']
    # Summarize(SelectRow1(@param0, <, 1, 31@Int), count, 2)
      --> ['Summarize', ['SelectRow1', 'input@0', '<', 'percent', 31], 'count', 'color']
    # Summarize(SelectRow1(@param0, <=, 1, 23@Int), count, 0)
      --> ['Summarize', ['SelectRow1', 'input@0', '<=', 'percent', 23], 'count', 'race']
    # Summarize(SelectRow1(@param0, <=, 1, 23@Int), count, 1)
      --> ['Summarize', ['SelectRow1', 'input@0', '<=', 'percent', 23], 'count', 'percent']
    # Summarize(SelectRow1(@param0, <=, 1, 23@Int), count, 2)
      --> ['Summarize', ['SelectRow1', 'input@0', '<=', 'percent', 23], 'count', 'color']
    # Summarize(SelectRow1(@param0, ==, 0, African American@Str), count, 0)
      --> ['Summarize', ['SelectRow1', 'input@0', '==', 'race', 'African American'], 'count', 'race']
    # Summarize(SelectRow1(@param0, ==, 0, African American@Str), count, 1)
      --> ['Summarize', ['SelectRow1', 'input@0', '==', 'race', 'African American'], 'count', 'percent']
    # Summarize(SelectRow1(@param0, ==, 0, African American@Str), count, 2)
      --> ['Summarize', ['SelectRow1', 'input@0', '==', 'race', 'African American'], 'count', 'color']
    # Summarize(SelectRow1(@param0, ==, 0, White@Str), count, 0)
      --> ['Summarize', ['SelectRow1', 'input@0', '==', 'race', 'White'], 'count', 'race']
    # Summarize(SelectRow1(@param0, ==, 0, White@Str), count, 1)
      --> ['Summarize', ['SelectRow1', 'input@0', '==', 'race', 'White'], 'count', 'percent']
    # Summarize(SelectRow1(@param0, ==, 0, White@Str), count, 2)
      --> ['Summarize', ['SelectRow1', 'input@0', '==', 'race', 'White'], 'count', 'color']
    # Summarize(SelectRow1(@param0, ==, 0, Latino@Str), count, 0)
      --> ['Summarize', ['SelectRow1', 'input@0', '==', 'race', 'Latino'], 'count', 'race']
    # Summarize(SelectRow1(@param0, ==, 0, Latino@Str), count, 1)
      --> ['Summarize', ['SelectRow1', 'input@0', '==', 'race', 'Latino'], 'count', 'percent']
    # Summarize(SelectRow1(@param0, ==, 0, Latino@Str), count, 2)
      --> ['Summarize', ['SelectRow1', 'input@0', '==', 'race', 'Latino'], 'count', 'color']
    # Summarize(SelectRow1(@param0, ==, 1, 44@Int), count, 0)
      --> ['Summarize', ['SelectRow1', 'input@0', '==', 'percent', 44], 'count', 'race']
    # Summarize(SelectRow1(@param0, ==, 1, 44@Int), count, 1)
      --> ['Summarize', ['SelectRow1', 'input@0', '==', 'percent', 44], 'count', 'percent']
    # Summarize(SelectRow1(@param0, ==, 1, 44@Int), count, 2)
      --> ['Summarize', ['SelectRow1', 'input@0', '==', 'percent', 44], 'count', 'color']
    # Summarize(SelectRow1(@param0, ==, 1, 23@Int), count, 0)
      --> ['Summarize', ['SelectRow1', 'input@0', '==', 'percent', 23], 'count', 'race']
    # Summarize(SelectRow1(@param0, ==, 1, 23@Int), count, 1)
      --> ['Summarize', ['SelectRow1', 'input@0', '==', 'percent', 23], 'count', 'percent']
    # Summarize(SelectRow1(@param0, ==, 1, 23@Int), count, 2)
      --> ['Summarize', ['SelectRow1', 'input@0', '==', 'percent', 23], 'count', 'color']
    # Summarize(SelectRow1(@param0, ==, 1, 31@Int), count, 0)
      --> ['Summarize', ['SelectRow1', 'input@0', '==', 'percent', 31], 'count', 'race']
    # Summarize(SelectRow1(@param0, ==, 1, 31@Int), count, 1)
      --> ['Summarize', ['SelectRow1', 'input@0', '==', 'percent', 31], 'count', 'percent']
    # Summarize(SelectRow1(@param0, ==, 1, 31@Int), count, 2)
      --> ['Summarize', ['SelectRow1', 'input@0', '==', 'percent', 31], 'count', 'color']
    # Summarize(SelectRow1(@param0, >=, 1, 44@Int), count, 0)
      --> ['Summarize', ['SelectRow1', 'input@0', '>=', 'percent', 44], 'count', 'race']
    # Summarize(SelectRow1(@param0, >=, 1, 44@Int), count, 1)
      --> ['Summarize', ['SelectRow1', 'input@0', '>=', 'percent', 44], 'count', 'percent']
    # Summarize(SelectRow1(@param0, >=, 1, 44@Int), count, 2)
      --> ['Summarize', ['SelectRow1', 'input@0', '>=', 'percent', 44], 'count', 'color']
    # Summarize(SelectRow1(@param0, >, 1, 31@Int), count, 0)
      --> ['Summarize', ['SelectRow1', 'input@0', '>', 'percent', 31], 'count', 'race']
    # Summarize(SelectRow1(@param0, >, 1, 31@Int), count, 1)
      --> ['Summarize', ['SelectRow1', 'input@0', '>', 'percent', 31], 'count', 'percent']
    # Summarize(SelectRow1(@param0, >, 1, 31@Int), count, 2)
      --> ['Summarize', ['SelectRow1', 'input@0', '>', 'percent', 31], 'count', 'color']
    # Contrast(SelectRow1(@param0, <, 1, 44@Int), /, 0, African American@Str, African American@Str, 1)
      --> ['Contrast', ['SelectRow1', 'input@0', '<', 'percent', 44], '/', 'race', 'African American', 'African American', 'percent']
    # Contrast(SelectRow1(@param0, <, 1, 44@Int), /, 0, Latino@Str, Latino@Str, 1)
      --> ['Contrast', ['SelectRow1', 'input@0', '<', 'percent', 44], '/', 'race', 'Latino', 'Latino', 'percent']
    # Contrast(SelectRow1(@param0, <, 1, 31@Int), /, 0, Latino@Str, Latino@Str, 1)
      --> ['Contrast', ['SelectRow1', 'input@0', '<', 'percent', 31], '/', 'race', 'Latino', 'Latino', 'percent']
    # Contrast(SelectRow1(@param0, <, 1, 31@Int), /, 2, blue@Str, blue@Str, 1)
      --> ['Contrast', ['SelectRow1', 'input@0', '<', 'percent', 31], '/', 'color', 'blue', 'blue', 'percent']
    # Contrast(SelectRow1(@param0, <=, 1, 44@Int), /, 0, African American@Str, African American@Str, 1)
      --> ['Contrast', ['SelectRow1', 'input@0', '<=', 'percent', 44], '/', 'race', 'African American', 'African American', 'percent']
    # Contrast(SelectRow1(@param0, <=, 1, 44@Int), /, 0, White@Str, White@Str, 1)
      --> ['Contrast', ['SelectRow1', 'input@0', '<=', 'percent', 44], '/', 'race', 'White', 'White', 'percent']
    # Contrast(SelectRow1(@param0, <=, 1, 44@Int), /, 0, Latino@Str, Latino@Str, 1)
      --> ['Contrast', ['SelectRow1', 'input@0', '<=', 'percent', 44], '/', 'race', 'Latino', 'Latino', 'percent']
    # Contrast(SelectRow1(@param0, <=, 1, 23@Int), /, 0, Latino@Str, Latino@Str, 1)
      --> ['Contrast', ['SelectRow1', 'input@0', '<=', 'percent', 23], '/', 'race', 'Latino', 'Latino', 'percent']
    # Contrast(SelectRow1(@param0, <=, 1, 23@Int), /, 2, blue@Str, blue@Str, 1)
      --> ['Contrast', ['SelectRow1', 'input@0', '<=', 'percent', 23], '/', 'color', 'blue', 'blue', 'percent']
    # Contrast(SelectRow1(@param0, <=, 1, 31@Int), /, 0, African American@Str, African American@Str, 1)
      --> ['Contrast', ['SelectRow1', 'input@0', '<=', 'percent', 31], '/', 'race', 'African American', 'African American', 'percent']
    # Contrast(SelectRow1(@param0, <=, 1, 31@Int), /, 0, Latino@Str, Latino@Str, 1)
      --> ['Contrast', ['SelectRow1', 'input@0', '<=', 'percent', 31], '/', 'race', 'Latino', 'Latino', 'percent']
    # Contrast(SelectRow1(@param0, ==, 0, African American@Str), /, 0, African American@Str, African American@Str, 1)
      --> ['Contrast', ['SelectRow1', 'input@0', '==', 'race', 'African American'], '/', 'race', 'African American', 'African American', 'percent']
    # Contrast(SelectRow1(@param0, ==, 0, African American@Str), /, 2, blue@Str, blue@Str, 1)
      --> ['Contrast', ['SelectRow1', 'input@0', '==', 'race', 'African American'], '/', 'color', 'blue', 'blue', 'percent']
    # Contrast(SelectRow1(@param0, ==, 0, White@Str), /, 0, White@Str, White@Str, 1)
      --> ['Contrast', ['SelectRow1', 'input@0', '==', 'race', 'White'], '/', 'race', 'White', 'White', 'percent']
    # Contrast(SelectRow1(@param0, ==, 0, White@Str), /, 2, blue@Str, blue@Str, 1)
      --> ['Contrast', ['SelectRow1', 'input@0', '==', 'race', 'White'], '/', 'color', 'blue', 'blue', 'percent']
    # Contrast(SelectRow1(@param0, ==, 0, Latino@Str), /, 0, Latino@Str, Latino@Str, 1)
      --> ['Contrast', ['SelectRow1', 'input@0', '==', 'race', 'Latino'], '/', 'race', 'Latino', 'Latino', 'percent']
    # Contrast(SelectRow1(@param0, ==, 0, Latino@Str), /, 2, blue@Str, blue@Str, 1)
      --> ['Contrast', ['SelectRow1', 'input@0', '==', 'race', 'Latino'], '/', 'color', 'blue', 'blue', 'percent']
    # Contrast(SelectRow1(@param0, ==, 1, 44@Int), /, 0, White@Str, White@Str, 1)
      --> ['Contrast', ['SelectRow1', 'input@0', '==', 'percent', 44], '/', 'race', 'White', 'White', 'percent']
    # Contrast(SelectRow1(@param0, ==, 1, 44@Int), /, 2, blue@Str, blue@Str, 1)
      --> ['Contrast', ['SelectRow1', 'input@0', '==', 'percent', 44], '/', 'color', 'blue', 'blue', 'percent']
    # Contrast(SelectRow1(@param0, ==, 1, 23@Int), /, 0, Latino@Str, Latino@Str, 1)
      --> ['Contrast', ['SelectRow1', 'input@0', '==', 'percent', 23], '/', 'race', 'Latino', 'Latino', 'percent']
    # Contrast(SelectRow1(@param0, ==, 1, 23@Int), /, 2, blue@Str, blue@Str, 1)
      --> ['Contrast', ['SelectRow1', 'input@0', '==', 'percent', 23], '/', 'color', 'blue', 'blue', 'percent']
    # Contrast(SelectRow1(@param0, ==, 1, 31@Int), /, 0, African American@Str, African American@Str, 1)
      --> ['Contrast', ['SelectRow1', 'input@0', '==', 'percent', 31], '/', 'race', 'African American', 'African American', 'percent']
    # Contrast(SelectRow1(@param0, ==, 1, 31@Int), /, 2, blue@Str, blue@Str, 1)
      --> ['Contrast', ['SelectRow1', 'input@0', '==', 'percent', 31], '/', 'color', 'blue', 'blue', 'percent']
    # Contrast(SelectRow1(@param0, ==, 2, blue@Str), /, 0, African American@Str, African American@Str, 1)
      --> ['Contrast', ['SelectRow1', 'input@0', '==', 'color', 'blue'], '/', 'race', 'African American', 'African American', 'percent']
    # Contrast(SelectRow1(@param0, ==, 2, blue@Str), /, 0, White@Str, White@Str, 1)
      --> ['Contrast', ['SelectRow1', 'input@0', '==', 'color', 'blue'], '/', 'race', 'White', 'White', 'percent']
    # Contrast(SelectRow1(@param0, ==, 2, blue@Str), /, 0, Latino@Str, Latino@Str, 1)
      --> ['Contrast', ['SelectRow1', 'input@0', '==', 'color', 'blue'], '/', 'race', 'Latino', 'Latino', 'percent']
    # Contrast(SelectRow1(@param0, >=, 1, 44@Int), /, 0, White@Str, White@Str, 1)
      --> ['Contrast', ['SelectRow1', 'input@0', '>=', 'percent', 44], '/', 'race', 'White', 'White', 'percent']
    # Contrast(SelectRow1(@param0, >=, 1, 44@Int), /, 2, blue@Str, blue@Str, 1)
      --> ['Contrast', ['SelectRow1', 'input@0', '>=', 'percent', 44], '/', 'color', 'blue', 'blue', 'percent']
    # Contrast(SelectRow1(@param0, >=, 1, 23@Int), /, 0, African American@Str, African American@Str, 1)
      --> ['Contrast', ['SelectRow1', 'input@0', '>=', 'percent', 23], '/', 'race', 'African American', 'African American', 'percent']
    # Contrast(SelectRow1(@param0, >=, 1, 23@Int), /, 0, White@Str, White@Str, 1)
      --> ['Contrast', ['SelectRow1', 'input@0', '>=', 'percent', 23], '/', 'race', 'White', 'White', 'percent']
    # Contrast(SelectRow1(@param0, >=, 1, 23@Int), /, 0, Latino@Str, Latino@Str, 1)
      --> ['Contrast', ['SelectRow1', 'input@0', '>=', 'percent', 23], '/', 'race', 'Latino', 'Latino', 'percent']
    # Contrast(SelectRow1(@param0, >=, 1, 31@Int), /, 0, African American@Str, African American@Str, 1)
      --> ['Contrast', ['SelectRow1', 'input@0', '>=', 'percent', 31], '/', 'race', 'African American', 'African American', 'percent']
    # Contrast(SelectRow1(@param0, >=, 1, 31@Int), /, 0, White@Str, White@Str, 1)
      --> ['Contrast', ['SelectRow1', 'input@0', '>=', 'percent', 31], '/', 'race', 'White', 'White', 'percent']
    # Contrast(SelectRow1(@param0, >, 1, 23@Int), /, 0, African American@Str, African American@Str, 1)
      --> ['Contrast', ['SelectRow1', 'input@0', '>', 'percent', 23], '/', 'race', 'African American', 'African American', 'percent']
    # Contrast(SelectRow1(@param0, >, 1, 23@Int), /, 0, White@Str, White@Str, 1)
      --> ['Contrast', ['SelectRow1', 'input@0', '>', 'percent', 23], '/', 'race', 'White', 'White', 'percent']
    # Contrast(SelectRow1(@param0, >, 1, 31@Int), /, 0, White@Str, White@Str, 1)
      --> ['Contrast', ['SelectRow1', 'input@0', '>', 'percent', 31], '/', 'race', 'White', 'White', 'percent']
    # Contrast(SelectRow1(@param0, >, 1, 31@Int), /, 2, blue@Str, blue@Str, 1)
      --> ['Contrast', ['SelectRow1', 'input@0', '>', 'percent', 31], '/', 'color', 'blue', 'blue', 'percent']
    # Contrast(SelectRow1(@param0, !=, 0, color@Str), /, 0, African American@Str, African American@Str, 1)
      --> ['Contrast', ['SelectRow1', 'input@0', '!=', 'race', 'color'], '/', 'race', 'African American', 'African American', 'percent']
    # Contrast(SelectRow1(@param0, !=, 0, color@Str), /, 0, White@Str, White@Str, 1)
      --> ['Contrast', ['SelectRow1', 'input@0', '!=', 'race', 'color'], '/', 'race', 'White', 'White', 'percent']
    # Contrast(SelectRow1(@param0, !=, 0, color@Str), /, 0, Latino@Str, Latino@Str, 1)
      --> ['Contrast', ['SelectRow1', 'input@0', '!=', 'race', 'color'], '/', 'race', 'Latino', 'Latino', 'percent']
    # Contrast(SelectRow1(@param0, !=, 0, blue@Str), /, 0, African American@Str, African American@Str, 1)
      --> ['Contrast', ['SelectRow1', 'input@0', '!=', 'race', 'blue'], '/', 'race', 'African American', 'African American', 'percent']
    # Contrast(SelectRow1(@param0, !=, 0, blue@Str), /, 0, White@Str, White@Str, 1)
      --> ['Contrast', ['SelectRow1', 'input@0', '!=', 'race', 'blue'], '/', 'race', 'White', 'White', 'percent']
    # Contrast(SelectRow1(@param0, !=, 0, blue@Str), /, 0, Latino@Str, Latino@Str, 1)
      --> ['Contrast', ['SelectRow1', 'input@0', '!=', 'race', 'blue'], '/', 'race', 'Latino', 'Latino', 'percent']
    # Contrast(SelectRow1(@param0, !=, 0, race@Str), /, 0, African American@Str, African American@Str, 1)
      --> ['Contrast', ['SelectRow1', 'input@0', '!=', 'race', 'race'], '/', 'race', 'African American', 'African American', 'percent']
    # Contrast(SelectRow1(@param0, !=, 0, race@Str), /, 0, White@Str, White@Str, 1)
      --> ['Contrast', ['SelectRow1', 'input@0', '!=', 'race', 'race'], '/', 'race', 'White', 'White', 'percent']
    # Contrast(SelectRow1(@param0, !=, 0, race@Str), /, 0, Latino@Str, Latino@Str, 1)
      --> ['Contrast', ['SelectRow1', 'input@0', '!=', 'race', 'race'], '/', 'race', 'Latino', 'Latino', 'percent']
    # Contrast(SelectRow1(@param0, !=, 0, 44@Int), /, 0, African American@Str, African American@Str, 1)
      --> ['Contrast', ['SelectRow1', 'input@0', '!=', 'race', 44], '/', 'race', 'African American', 'African American', 'percent']
    # Contrast(SelectRow1(@param0, !=, 0, 44@Int), /, 0, White@Str, White@Str, 1)
      --> ['Contrast', ['SelectRow1', 'input@0', '!=', 'race', 44], '/', 'race', 'White', 'White', 'percent']
    # Contrast(SelectRow1(@param0, !=, 0, 44@Int), /, 0, Latino@Str, Latino@Str, 1)
      --> ['Contrast', ['SelectRow1', 'input@0', '!=', 'race', 44], '/', 'race', 'Latino', 'Latino', 'percent']
    # Contrast(SelectRow1(@param0, !=, 0, 23@Int), /, 0, African American@Str, African American@Str, 1)
      --> ['Contrast', ['SelectRow1', 'input@0', '!=', 'race', 23], '/', 'race', 'African American', 'African American', 'percent']
    # Contrast(SelectRow1(@param0, !=, 0, 23@Int), /, 0, White@Str, White@Str, 1)
      --> ['Contrast', ['SelectRow1', 'input@0', '!=', 'race', 23], '/', 'race', 'White', 'White', 'percent']
    # Contrast(SelectRow1(@param0, !=, 0, 23@Int), /, 0, Latino@Str, Latino@Str, 1)
      --> ['Contrast', ['SelectRow1', 'input@0', '!=', 'race', 23], '/', 'race', 'Latino', 'Latino', 'percent']
    # Contrast(SelectRow1(@param0, !=, 0, African American@Str), /, 0, White@Str, White@Str, 1)
      --> ['Contrast', ['SelectRow1', 'input@0', '!=', 'race', 'African American'], '/', 'race', 'White', 'White', 'percent']
    # Contrast(SelectRow1(@param0, !=, 0, African American@Str), /, 0, Latino@Str, Latino@Str, 1)
      --> ['Contrast', ['SelectRow1', 'input@0', '!=', 'race', 'African American'], '/', 'race', 'Latino', 'Latino', 'percent']
    # Contrast(SelectRow1(@param0, !=, 0, percent@Str), /, 0, African American@Str, African American@Str, 1)
      --> ['Contrast', ['SelectRow1', 'input@0', '!=', 'race', 'percent'], '/', 'race', 'African American', 'African American', 'percent']
    # Contrast(SelectRow1(@param0, !=, 0, percent@Str), /, 0, White@Str, White@Str, 1)
      --> ['Contrast', ['SelectRow1', 'input@0', '!=', 'race', 'percent'], '/', 'race', 'White', 'White', 'percent']
    # Contrast(SelectRow1(@param0, !=, 0, percent@Str), /, 0, Latino@Str, Latino@Str, 1)
      --> ['Contrast', ['SelectRow1', 'input@0', '!=', 'race', 'percent'], '/', 'race', 'Latino', 'Latino', 'percent']
    # Contrast(SelectRow1(@param0, !=, 0, White@Str), /, 0, African American@Str, African American@Str, 1)
      --> ['Contrast', ['SelectRow1', 'input@0', '!=', 'race', 'White'], '/', 'race', 'African American', 'African American', 'percent']
    # Contrast(SelectRow1(@param0, !=, 0, White@Str), /, 0, Latino@Str, Latino@Str, 1)
      --> ['Contrast', ['SelectRow1', 'input@0', '!=', 'race', 'White'], '/', 'race', 'Latino', 'Latino', 'percent']
    # Contrast(SelectRow1(@param0, !=, 0, Latino@Str), /, 0, African American@Str, African American@Str, 1)
      --> ['Contrast', ['SelectRow1', 'input@0', '!=', 'race', 'Latino'], '/', 'race', 'African American', 'African American', 'percent']
    # Contrast(SelectRow1(@param0, !=, 0, Latino@Str), /, 0, White@Str, White@Str, 1)
      --> ['Contrast', ['SelectRow1', 'input@0', '!=', 'race', 'Latino'], '/', 'race', 'White', 'White', 'percent']
    # Contrast(SelectRow1(@param0, !=, 0, 31@Int), /, 0, African American@Str, African American@Str, 1)
      --> ['Contrast', ['SelectRow1', 'input@0', '!=', 'race', 31], '/', 'race', 'African American', 'African American', 'percent']
    # Contrast(SelectRow1(@param0, !=, 0, 31@Int), /, 0, White@Str, White@Str, 1)
      --> ['Contrast', ['SelectRow1', 'input@0', '!=', 'race', 31], '/', 'race', 'White', 'White', 'percent']
    # Contrast(SelectRow1(@param0, !=, 0, 31@Int), /, 0, Latino@Str, Latino@Str, 1)
      --> ['Contrast', ['SelectRow1', 'input@0', '!=', 'race', 31], '/', 'race', 'Latino', 'Latino', 'percent']
    # Contrast(SelectRow1(@param0, !=, 1, color@Str), /, 0, African American@Str, African American@Str, 1)
      --> ['Contrast', ['SelectRow1', 'input@0', '!=', 'percent', 'color'], '/', 'race', 'African American', 'African American', 'percent']
    # Contrast(SelectRow1(@param0, !=, 1, color@Str), /, 0, White@Str, White@Str, 1)
      --> ['Contrast', ['SelectRow1', 'input@0', '!=', 'percent', 'color'], '/', 'race', 'White', 'White', 'percent']
    # Contrast(SelectRow1(@param0, !=, 1, color@Str), /, 0, Latino@Str, Latino@Str, 1)
      --> ['Contrast', ['SelectRow1', 'input@0', '!=', 'percent', 'color'], '/', 'race', 'Latino', 'Latino', 'percent']
    # Contrast(SelectRow1(@param0, !=, 1, blue@Str), /, 0, African American@Str, African American@Str, 1)
      --> ['Contrast', ['SelectRow1', 'input@0', '!=', 'percent', 'blue'], '/', 'race', 'African American', 'African American', 'percent']
    # Contrast(SelectRow1(@param0, !=, 1, blue@Str), /, 0, White@Str, White@Str, 1)
      --> ['Contrast', ['SelectRow1', 'input@0', '!=', 'percent', 'blue'], '/', 'race', 'White', 'White', 'percent']
    # Contrast(SelectRow1(@param0, !=, 1, blue@Str), /, 0, Latino@Str, Latino@Str, 1)
      --> ['Contrast', ['SelectRow1', 'input@0', '!=', 'percent', 'blue'], '/', 'race', 'Latino', 'Latino', 'percent']
    # Contrast(SelectRow1(@param0, !=, 1, race@Str), /, 0, African American@Str, African American@Str, 1)
      --> ['Contrast', ['SelectRow1', 'input@0', '!=', 'percent', 'race'], '/', 'race', 'African American', 'African American', 'percent']
    # Contrast(SelectRow1(@param0, !=, 1, race@Str), /, 0, White@Str, White@Str, 1)
      --> ['Contrast', ['SelectRow1', 'input@0', '!=', 'percent', 'race'], '/', 'race', 'White', 'White', 'percent']
    # Contrast(SelectRow1(@param0, !=, 1, race@Str), /, 0, Latino@Str, Latino@Str, 1)
      --> ['Contrast', ['SelectRow1', 'input@0', '!=', 'percent', 'race'], '/', 'race', 'Latino', 'Latino', 'percent']
    # Contrast(SelectRow1(@param0, !=, 1, 44@Int), /, 0, African American@Str, African American@Str, 1)
      --> ['Contrast', ['SelectRow1', 'input@0', '!=', 'percent', 44], '/', 'race', 'African American', 'African American', 'percent']
    # Contrast(SelectRow1(@param0, !=, 1, 44@Int), /, 0, Latino@Str, Latino@Str, 1)
      --> ['Contrast', ['SelectRow1', 'input@0', '!=', 'percent', 44], '/', 'race', 'Latino', 'Latino', 'percent']
    # Contrast(SelectRow1(@param0, !=, 1, 23@Int), /, 0, African American@Str, African American@Str, 1)
      --> ['Contrast', ['SelectRow1', 'input@0', '!=', 'percent', 23], '/', 'race', 'African American', 'African American', 'percent']
    # Contrast(SelectRow1(@param0, !=, 1, 23@Int), /, 0, White@Str, White@Str, 1)
      --> ['Contrast', ['SelectRow1', 'input@0', '!=', 'percent', 23], '/', 'race', 'White', 'White', 'percent']
    # Contrast(SelectRow1(@param0, !=, 1, African American@Str), /, 0, African American@Str, African American@Str, 1)
      --> ['Contrast', ['SelectRow1', 'input@0', '!=', 'percent', 'African American'], '/', 'race', 'African American', 'African American', 'percent']
    # Contrast(SelectRow1(@param0, !=, 1, African American@Str), /, 0, White@Str, White@Str, 1)
      --> ['Contrast', ['SelectRow1', 'input@0', '!=', 'percent', 'African American'], '/', 'race', 'White', 'White', 'percent']
    # Contrast(SelectRow1(@param0, !=, 1, African American@Str), /, 0, Latino@Str, Latino@Str, 1)
      --> ['Contrast', ['SelectRow1', 'input@0', '!=', 'percent', 'African American'], '/', 'race', 'Latino', 'Latino', 'percent']
    # Contrast(SelectRow1(@param0, !=, 1, percent@Str), /, 0, African American@Str, African American@Str, 1)
      --> ['Contrast', ['SelectRow1', 'input@0', '!=', 'percent', 'percent'], '/', 'race', 'African American', 'African American', 'percent']
    # Contrast(SelectRow1(@param0, !=, 1, percent@Str), /, 0, White@Str, White@Str, 1)
      --> ['Contrast', ['SelectRow1', 'input@0', '!=', 'percent', 'percent'], '/', 'race', 'White', 'White', 'percent']
    # Contrast(SelectRow1(@param0, !=, 1, percent@Str), /, 0, Latino@Str, Latino@Str, 1)
      --> ['Contrast', ['SelectRow1', 'input@0', '!=', 'percent', 'percent'], '/', 'race', 'Latino', 'Latino', 'percent']
    # Contrast(SelectRow1(@param0, !=, 1, White@Str), /, 0, African American@Str, African American@Str, 1)
      --> ['Contrast', ['SelectRow1', 'input@0', '!=', 'percent', 'White'], '/', 'race', 'African American', 'African American', 'percent']
    # Contrast(SelectRow1(@param0, !=, 1, White@Str), /, 0, White@Str, White@Str, 1)
      --> ['Contrast', ['SelectRow1', 'input@0', '!=', 'percent', 'White'], '/', 'race', 'White', 'White', 'percent']
    # Contrast(SelectRow1(@param0, !=, 1, White@Str), /, 0, Latino@Str, Latino@Str, 1)
      --> ['Contrast', ['SelectRow1', 'input@0', '!=', 'percent', 'White'], '/', 'race', 'Latino', 'Latino', 'percent']
    # Contrast(SelectRow1(@param0, !=, 1, Latino@Str), /, 0, African American@Str, African American@Str, 1)
      --> ['Contrast', ['SelectRow1', 'input@0', '!=', 'percent', 'Latino'], '/', 'race', 'African American', 'African American', 'percent']
    # Contrast(SelectRow1(@param0, !=, 1, Latino@Str), /, 0, White@Str, White@Str, 1)
      --> ['Contrast', ['SelectRow1', 'input@0', '!=', 'percent', 'Latino'], '/', 'race', 'White', 'White', 'percent']
    # Contrast(SelectRow1(@param0, !=, 1, Latino@Str), /, 0, Latino@Str, Latino@Str, 1)
      --> ['Contrast', ['SelectRow1', 'input@0', '!=', 'percent', 'Latino'], '/', 'race', 'Latino', 'Latino', 'percent']
    # Contrast(SelectRow1(@param0, !=, 1, 31@Int), /, 0, White@Str, White@Str, 1)
      --> ['Contrast', ['SelectRow1', 'input@0', '!=', 'percent', 31], '/', 'race', 'White', 'White', 'percent']
    # Contrast(SelectRow1(@param0, !=, 1, 31@Int), /, 0, Latino@Str, Latino@Str, 1)
      --> ['Contrast', ['SelectRow1', 'input@0', '!=', 'percent', 31], '/', 'race', 'Latino', 'Latino', 'percent']
    # Contrast(SelectRow1(@param0, !=, 2, color@Str), /, 0, African American@Str, African American@Str, 1)
      --> ['Contrast', ['SelectRow1', 'input@0', '!=', 'color', 'color'], '/', 'race', 'African American', 'African American', 'percent']
    # Contrast(SelectRow1(@param0, !=, 2, color@Str), /, 0, White@Str, White@Str, 1)
      --> ['Contrast', ['SelectRow1', 'input@0', '!=', 'color', 'color'], '/', 'race', 'White', 'White', 'percent']
    # Contrast(SelectRow1(@param0, !=, 2, color@Str), /, 0, Latino@Str, Latino@Str, 1)
      --> ['Contrast', ['SelectRow1', 'input@0', '!=', 'color', 'color'], '/', 'race', 'Latino', 'Latino', 'percent']
    # Contrast(SelectRow1(@param0, !=, 2, race@Str), /, 0, African American@Str, African American@Str, 1)
      --> ['Contrast', ['SelectRow1', 'input@0', '!=', 'color', 'race'], '/', 'race', 'African American', 'African American', 'percent']
    # Contrast(SelectRow1(@param0, !=, 2, race@Str), /, 0, White@Str, White@Str, 1)
      --> ['Contrast', ['SelectRow1', 'input@0', '!=', 'color', 'race'], '/', 'race', 'White', 'White', 'percent']
    # Contrast(SelectRow1(@param0, !=, 2, race@Str), /, 0, Latino@Str, Latino@Str, 1)
      --> ['Contrast', ['SelectRow1', 'input@0', '!=', 'color', 'race'], '/', 'race', 'Latino', 'Latino', 'percent']
    # Contrast(SelectRow1(@param0, !=, 2, 44@Int), /, 0, African American@Str, African American@Str, 1)
      --> ['Contrast', ['SelectRow1', 'input@0', '!=', 'color', 44], '/', 'race', 'African American', 'African American', 'percent']
    # Contrast(SelectRow1(@param0, !=, 2, 44@Int), /, 0, White@Str, White@Str, 1)
      --> ['Contrast', ['SelectRow1', 'input@0', '!=', 'color', 44], '/', 'race', 'White', 'White', 'percent']
    # Contrast(SelectRow1(@param0, !=, 2, 44@Int), /, 0, Latino@Str, Latino@Str, 1)
      --> ['Contrast', ['SelectRow1', 'input@0', '!=', 'color', 44], '/', 'race', 'Latino', 'Latino', 'percent']
    # Contrast(SelectRow1(@param0, !=, 2, 23@Int), /, 0, African American@Str, African American@Str, 1)
      --> ['Contrast', ['SelectRow1', 'input@0', '!=', 'color', 23], '/', 'race', 'African American', 'African American', 'percent']
    # Contrast(SelectRow1(@param0, !=, 2, 23@Int), /, 0, White@Str, White@Str, 1)
      --> ['Contrast', ['SelectRow1', 'input@0', '!=', 'color', 23], '/', 'race', 'White', 'White', 'percent']
    # Contrast(SelectRow1(@param0, !=, 2, 23@Int), /, 0, Latino@Str, Latino@Str, 1)
      --> ['Contrast', ['SelectRow1', 'input@0', '!=', 'color', 23], '/', 'race', 'Latino', 'Latino', 'percent']
    # Contrast(SelectRow1(@param0, !=, 2, African American@Str), /, 0, African American@Str, African American@Str, 1)
      --> ['Contrast', ['SelectRow1', 'input@0', '!=', 'color', 'African American'], '/', 'race', 'African American', 'African American', 'percent']
    # Contrast(SelectRow1(@param0, !=, 2, African American@Str), /, 0, White@Str, White@Str, 1)
      --> ['Contrast', ['SelectRow1', 'input@0', '!=', 'color', 'African American'], '/', 'race', 'White', 'White', 'percent']
    # Contrast(SelectRow1(@param0, !=, 2, African American@Str), /, 0, Latino@Str, Latino@Str, 1)
      --> ['Contrast', ['SelectRow1', 'input@0', '!=', 'color', 'African American'], '/', 'race', 'Latino', 'Latino', 'percent']
    # Contrast(SelectRow1(@param0, !=, 2, percent@Str), /, 0, African American@Str, African American@Str, 1)
      --> ['Contrast', ['SelectRow1', 'input@0', '!=', 'color', 'percent'], '/', 'race', 'African American', 'African American', 'percent']
    # Contrast(SelectRow1(@param0, !=, 2, percent@Str), /, 0, White@Str, White@Str, 1)
      --> ['Contrast', ['SelectRow1', 'input@0', '!=', 'color', 'percent'], '/', 'race', 'White', 'White', 'percent']
    # Contrast(SelectRow1(@param0, !=, 2, percent@Str), /, 0, Latino@Str, Latino@Str, 1)
      --> ['Contrast', ['SelectRow1', 'input@0', '!=', 'color', 'percent'], '/', 'race', 'Latino', 'Latino', 'percent']
    # Contrast(SelectRow1(@param0, !=, 2, White@Str), /, 0, African American@Str, African American@Str, 1)
      --> ['Contrast', ['SelectRow1', 'input@0', '!=', 'color', 'White'], '/', 'race', 'African American', 'African American', 'percent']
    # Contrast(SelectRow1(@param0, !=, 2, White@Str), /, 0, White@Str, White@Str, 1)
      --> ['Contrast', ['SelectRow1', 'input@0', '!=', 'color', 'White'], '/', 'race', 'White', 'White', 'percent']
    # Contrast(SelectRow1(@param0, !=, 2, White@Str), /, 0, Latino@Str, Latino@Str, 1)
      --> ['Contrast', ['SelectRow1', 'input@0', '!=', 'color', 'White'], '/', 'race', 'Latino', 'Latino', 'percent']
    # Contrast(SelectRow1(@param0, !=, 2, Latino@Str), /, 0, African American@Str, African American@Str, 1)
      --> ['Contrast', ['SelectRow1', 'input@0', '!=', 'color', 'Latino'], '/', 'race', 'African American', 'African American', 'percent']
    # Contrast(SelectRow1(@param0, !=, 2, Latino@Str), /, 0, White@Str, White@Str, 1)
      --> ['Contrast', ['SelectRow1', 'input@0', '!=', 'color', 'Latino'], '/', 'race', 'White', 'White', 'percent']
    # Contrast(SelectRow1(@param0, !=, 2, Latino@Str), /, 0, Latino@Str, Latino@Str, 1)
      --> ['Contrast', ['SelectRow1', 'input@0', '!=', 'color', 'Latino'], '/', 'race', 'Latino', 'Latino', 'percent']
    # Contrast(SelectRow1(@param0, !=, 2, 31@Int), /, 0, African American@Str, African American@Str, 1)
      --> ['Contrast', ['SelectRow1', 'input@0', '!=', 'color', 31], '/', 'race', 'African American', 'African American', 'percent']
    # Contrast(SelectRow1(@param0, !=, 2, 31@Int), /, 0, White@Str, White@Str, 1)
      --> ['Contrast', ['SelectRow1', 'input@0', '!=', 'color', 31], '/', 'race', 'White', 'White', 'percent']
    # Contrast(SelectRow1(@param0, !=, 2, 31@Int), /, 0, Latino@Str, Latino@Str, 1)
      --> ['Contrast', ['SelectRow1', 'input@0', '!=', 'color', 31], '/', 'race', 'Latino', 'Latino', 'percent']
    # Contrast(@param0, /, 0, African American@Str, African American@Str, 1)
      --> ['Contrast', 'input@0', '/', 'race', 'African American', 'African American', 'percent']
    # Contrast(@param0, /, 0, White@Str, White@Str, 1)
      --> ['Contrast', 'input@0', '/', 'race', 'White', 'White', 'percent']
    # Contrast(@param0, /, 0, Latino@Str, Latino@Str, 1)
      --> ['Contrast', 'input@0', '/', 'race', 'Latino', 'Latino', 'percent']
# (t=139.57) i=1, candidate=[{'ANSWER': 2}]
  # found 30 program(s)
    # Summarize(SelectRow1(@param0, <, 1, 44@Int), count, 0)
      --> ['Summarize', ['SelectRow1', 'input@0', '<', 'percent', 44], 'count', 'race']
    # Summarize(SelectRow1(@param0, <, 1, 44@Int), count, 1)
      --> ['Summarize', ['SelectRow1', 'input@0', '<', 'percent', 44], 'count', 'percent']
    # Summarize(SelectRow1(@param0, <, 1, 44@Int), count, 2)
      --> ['Summarize', ['SelectRow1', 'input@0', '<', 'percent', 44], 'count', 'color']
    # Summarize(SelectRow1(@param0, <=, 1, 31@Int), count, 0)
      --> ['Summarize', ['SelectRow1', 'input@0', '<=', 'percent', 31], 'count', 'race']
    # Summarize(SelectRow1(@param0, <=, 1, 31@Int), count, 1)
      --> ['Summarize', ['SelectRow1', 'input@0', '<=', 'percent', 31], 'count', 'percent']
    # Summarize(SelectRow1(@param0, <=, 1, 31@Int), count, 2)
      --> ['Summarize', ['SelectRow1', 'input@0', '<=', 'percent', 31], 'count', 'color']
    # Summarize(SelectRow1(@param0, >=, 1, 31@Int), count, 0)
      --> ['Summarize', ['SelectRow1', 'input@0', '>=', 'percent', 31], 'count', 'race']
    # Summarize(SelectRow1(@param0, >=, 1, 31@Int), count, 1)
      --> ['Summarize', ['SelectRow1', 'input@0', '>=', 'percent', 31], 'count', 'percent']
    # Summarize(SelectRow1(@param0, >=, 1, 31@Int), count, 2)
      --> ['Summarize', ['SelectRow1', 'input@0', '>=', 'percent', 31], 'count', 'color']
    # Summarize(SelectRow1(@param0, >, 1, 23@Int), count, 0)
      --> ['Summarize', ['SelectRow1', 'input@0', '>', 'percent', 23], 'count', 'race']
    # Summarize(SelectRow1(@param0, >, 1, 23@Int), count, 1)
      --> ['Summarize', ['SelectRow1', 'input@0', '>', 'percent', 23], 'count', 'percent']
    # Summarize(SelectRow1(@param0, >, 1, 23@Int), count, 2)
      --> ['Summarize', ['SelectRow1', 'input@0', '>', 'percent', 23], 'count', 'color']
    # Summarize(SelectRow1(@param0, !=, 0, African American@Str), count, 0)
      --> ['Summarize', ['SelectRow1', 'input@0', '!=', 'race', 'African American'], 'count', 'race']
    # Summarize(SelectRow1(@param0, !=, 0, African American@Str), count, 1)
      --> ['Summarize', ['SelectRow1', 'input@0', '!=', 'race', 'African American'], 'count', 'percent']
    # Summarize(SelectRow1(@param0, !=, 0, African American@Str), count, 2)
      --> ['Summarize', ['SelectRow1', 'input@0', '!=', 'race', 'African American'], 'count', 'color']
    # Summarize(SelectRow1(@param0, !=, 0, White@Str), count, 0)
      --> ['Summarize', ['SelectRow1', 'input@0', '!=', 'race', 'White'], 'count', 'race']
    # Summarize(SelectRow1(@param0, !=, 0, White@Str), count, 1)
      --> ['Summarize', ['SelectRow1', 'input@0', '!=', 'race', 'White'], 'count', 'percent']
    # Summarize(SelectRow1(@param0, !=, 0, White@Str), count, 2)
      --> ['Summarize', ['SelectRow1', 'input@0', '!=', 'race', 'White'], 'count', 'color']
    # Summarize(SelectRow1(@param0, !=, 0, Latino@Str), count, 0)
      --> ['Summarize', ['SelectRow1', 'input@0', '!=', 'race', 'Latino'], 'count', 'race']
    # Summarize(SelectRow1(@param0, !=, 0, Latino@Str), count, 1)
      --> ['Summarize', ['SelectRow1', 'input@0', '!=', 'race', 'Latino'], 'count', 'percent']
    # Summarize(SelectRow1(@param0, !=, 0, Latino@Str), count, 2)
      --> ['Summarize', ['SelectRow1', 'input@0', '!=', 'race', 'Latino'], 'count', 'color']
    # Summarize(SelectRow1(@param0, !=, 1, 44@Int), count, 0)
      --> ['Summarize', ['SelectRow1', 'input@0', '!=', 'percent', 44], 'count', 'race']
    # Summarize(SelectRow1(@param0, !=, 1, 44@Int), count, 1)
      --> ['Summarize', ['SelectRow1', 'input@0', '!=', 'percent', 44], 'count', 'percent']
    # Summarize(SelectRow1(@param0, !=, 1, 44@Int), count, 2)
      --> ['Summarize', ['SelectRow1', 'input@0', '!=', 'percent', 44], 'count', 'color']
    # Summarize(SelectRow1(@param0, !=, 1, 23@Int), count, 0)
      --> ['Summarize', ['SelectRow1', 'input@0', '!=', 'percent', 23], 'count', 'race']
    # Summarize(SelectRow1(@param0, !=, 1, 23@Int), count, 1)
      --> ['Summarize', ['SelectRow1', 'input@0', '!=', 'percent', 23], 'count', 'percent']
    # Summarize(SelectRow1(@param0, !=, 1, 23@Int), count, 2)
      --> ['Summarize', ['SelectRow1', 'input@0', '!=', 'percent', 23], 'count', 'color']
    # Summarize(SelectRow1(@param0, !=, 1, 31@Int), count, 0)
      --> ['Summarize', ['SelectRow1', 'input@0', '!=', 'percent', 31], 'count', 'race']
    # Summarize(SelectRow1(@param0, !=, 1, 31@Int), count, 1)
      --> ['Summarize', ['SelectRow1', 'input@0', '!=', 'percent', 31], 'count', 'percent']
    # Summarize(SelectRow1(@param0, !=, 1, 31@Int), count, 2)
      --> ['Summarize', ['SelectRow1', 'input@0', '!=', 'percent', 31], 'count', 'color']
# (t=279.29) i=2, candidate=[{'ANSWER': 3}]
  # found 81 program(s)
    # Summarize(SelectRow1(@param0, <=, 1, 44@Int), count, 0)
      --> ['Summarize', ['SelectRow1', 'input@0', '<=', 'percent', 44], 'count', 'race']
    # Summarize(SelectRow1(@param0, <=, 1, 44@Int), count, 1)
      --> ['Summarize', ['SelectRow1', 'input@0', '<=', 'percent', 44], 'count', 'percent']
    # Summarize(SelectRow1(@param0, <=, 1, 44@Int), count, 2)
      --> ['Summarize', ['SelectRow1', 'input@0', '<=', 'percent', 44], 'count', 'color']
    # Summarize(SelectRow1(@param0, ==, 2, blue@Str), count, 0)
      --> ['Summarize', ['SelectRow1', 'input@0', '==', 'color', 'blue'], 'count', 'race']
    # Summarize(SelectRow1(@param0, ==, 2, blue@Str), count, 1)
      --> ['Summarize', ['SelectRow1', 'input@0', '==', 'color', 'blue'], 'count', 'percent']
    # Summarize(SelectRow1(@param0, ==, 2, blue@Str), count, 2)
      --> ['Summarize', ['SelectRow1', 'input@0', '==', 'color', 'blue'], 'count', 'color']
    # Summarize(SelectRow1(@param0, >=, 1, 23@Int), count, 0)
      --> ['Summarize', ['SelectRow1', 'input@0', '>=', 'percent', 23], 'count', 'race']
    # Summarize(SelectRow1(@param0, >=, 1, 23@Int), count, 1)
      --> ['Summarize', ['SelectRow1', 'input@0', '>=', 'percent', 23], 'count', 'percent']
    # Summarize(SelectRow1(@param0, >=, 1, 23@Int), count, 2)
      --> ['Summarize', ['SelectRow1', 'input@0', '>=', 'percent', 23], 'count', 'color']
    # Summarize(SelectRow1(@param0, !=, 0, color@Str), count, 0)
      --> ['Summarize', ['SelectRow1', 'input@0', '!=', 'race', 'color'], 'count', 'race']
    # Summarize(SelectRow1(@param0, !=, 0, color@Str), count, 1)
      --> ['Summarize', ['SelectRow1', 'input@0', '!=', 'race', 'color'], 'count', 'percent']
    # Summarize(SelectRow1(@param0, !=, 0, color@Str), count, 2)
      --> ['Summarize', ['SelectRow1', 'input@0', '!=', 'race', 'color'], 'count', 'color']
    # Summarize(SelectRow1(@param0, !=, 0, blue@Str), count, 0)
      --> ['Summarize', ['SelectRow1', 'input@0', '!=', 'race', 'blue'], 'count', 'race']
    # Summarize(SelectRow1(@param0, !=, 0, blue@Str), count, 1)
      --> ['Summarize', ['SelectRow1', 'input@0', '!=', 'race', 'blue'], 'count', 'percent']
    # Summarize(SelectRow1(@param0, !=, 0, blue@Str), count, 2)
      --> ['Summarize', ['SelectRow1', 'input@0', '!=', 'race', 'blue'], 'count', 'color']
    # Summarize(SelectRow1(@param0, !=, 0, race@Str), count, 0)
      --> ['Summarize', ['SelectRow1', 'input@0', '!=', 'race', 'race'], 'count', 'race']
    # Summarize(SelectRow1(@param0, !=, 0, race@Str), count, 1)
      --> ['Summarize', ['SelectRow1', 'input@0', '!=', 'race', 'race'], 'count', 'percent']
    # Summarize(SelectRow1(@param0, !=, 0, race@Str), count, 2)
      --> ['Summarize', ['SelectRow1', 'input@0', '!=', 'race', 'race'], 'count', 'color']
    # Summarize(SelectRow1(@param0, !=, 0, 44@Int), count, 0)
      --> ['Summarize', ['SelectRow1', 'input@0', '!=', 'race', 44], 'count', 'race']
    # Summarize(SelectRow1(@param0, !=, 0, 44@Int), count, 1)
      --> ['Summarize', ['SelectRow1', 'input@0', '!=', 'race', 44], 'count', 'percent']
    # Summarize(SelectRow1(@param0, !=, 0, 44@Int), count, 2)
      --> ['Summarize', ['SelectRow1', 'input@0', '!=', 'race', 44], 'count', 'color']
    # Summarize(SelectRow1(@param0, !=, 0, 23@Int), count, 0)
      --> ['Summarize', ['SelectRow1', 'input@0', '!=', 'race', 23], 'count', 'race']
    # Summarize(SelectRow1(@param0, !=, 0, 23@Int), count, 1)
      --> ['Summarize', ['SelectRow1', 'input@0', '!=', 'race', 23], 'count', 'percent']
    # Summarize(SelectRow1(@param0, !=, 0, 23@Int), count, 2)
      --> ['Summarize', ['SelectRow1', 'input@0', '!=', 'race', 23], 'count', 'color']
    # Summarize(SelectRow1(@param0, !=, 0, percent@Str), count, 0)
      --> ['Summarize', ['SelectRow1', 'input@0', '!=', 'race', 'percent'], 'count', 'race']
    # Summarize(SelectRow1(@param0, !=, 0, percent@Str), count, 1)
      --> ['Summarize', ['SelectRow1', 'input@0', '!=', 'race', 'percent'], 'count', 'percent']
    # Summarize(SelectRow1(@param0, !=, 0, percent@Str), count, 2)
      --> ['Summarize', ['SelectRow1', 'input@0', '!=', 'race', 'percent'], 'count', 'color']
    # Summarize(SelectRow1(@param0, !=, 0, 31@Int), count, 0)
      --> ['Summarize', ['SelectRow1', 'input@0', '!=', 'race', 31], 'count', 'race']
    # Summarize(SelectRow1(@param0, !=, 0, 31@Int), count, 1)
      --> ['Summarize', ['SelectRow1', 'input@0', '!=', 'race', 31], 'count', 'percent']
    # Summarize(SelectRow1(@param0, !=, 0, 31@Int), count, 2)
      --> ['Summarize', ['SelectRow1', 'input@0', '!=', 'race', 31], 'count', 'color']
    # Summarize(SelectRow1(@param0, !=, 1, color@Str), count, 0)
      --> ['Summarize', ['SelectRow1', 'input@0', '!=', 'percent', 'color'], 'count', 'race']
    # Summarize(SelectRow1(@param0, !=, 1, color@Str), count, 1)
      --> ['Summarize', ['SelectRow1', 'input@0', '!=', 'percent', 'color'], 'count', 'percent']
    # Summarize(SelectRow1(@param0, !=, 1, color@Str), count, 2)
      --> ['Summarize', ['SelectRow1', 'input@0', '!=', 'percent', 'color'], 'count', 'color']
    # Summarize(SelectRow1(@param0, !=, 1, blue@Str), count, 0)
      --> ['Summarize', ['SelectRow1', 'input@0', '!=', 'percent', 'blue'], 'count', 'race']
    # Summarize(SelectRow1(@param0, !=, 1, blue@Str), count, 1)
      --> ['Summarize', ['SelectRow1', 'input@0', '!=', 'percent', 'blue'], 'count', 'percent']
    # Summarize(SelectRow1(@param0, !=, 1, blue@Str), count, 2)
      --> ['Summarize', ['SelectRow1', 'input@0', '!=', 'percent', 'blue'], 'count', 'color']
    # Summarize(SelectRow1(@param0, !=, 1, race@Str), count, 0)
      --> ['Summarize', ['SelectRow1', 'input@0', '!=', 'percent', 'race'], 'count', 'race']
    # Summarize(SelectRow1(@param0, !=, 1, race@Str), count, 1)
      --> ['Summarize', ['SelectRow1', 'input@0', '!=', 'percent', 'race'], 'count', 'percent']
    # Summarize(SelectRow1(@param0, !=, 1, race@Str), count, 2)
      --> ['Summarize', ['SelectRow1', 'input@0', '!=', 'percent', 'race'], 'count', 'color']
    # Summarize(SelectRow1(@param0, !=, 1, African American@Str), count, 0)
      --> ['Summarize', ['SelectRow1', 'input@0', '!=', 'percent', 'African American'], 'count', 'race']
    # Summarize(SelectRow1(@param0, !=, 1, African American@Str), count, 1)
      --> ['Summarize', ['SelectRow1', 'input@0', '!=', 'percent', 'African American'], 'count', 'percent']
    # Summarize(SelectRow1(@param0, !=, 1, African American@Str), count, 2)
      --> ['Summarize', ['SelectRow1', 'input@0', '!=', 'percent', 'African American'], 'count', 'color']
    # Summarize(SelectRow1(@param0, !=, 1, percent@Str), count, 0)
      --> ['Summarize', ['SelectRow1', 'input@0', '!=', 'percent', 'percent'], 'count', 'race']
    # Summarize(SelectRow1(@param0, !=, 1, percent@Str), count, 1)
      --> ['Summarize', ['SelectRow1', 'input@0', '!=', 'percent', 'percent'], 'count', 'percent']
    # Summarize(SelectRow1(@param0, !=, 1, percent@Str), count, 2)
      --> ['Summarize', ['SelectRow1', 'input@0', '!=', 'percent', 'percent'], 'count', 'color']
    # Summarize(SelectRow1(@param0, !=, 1, White@Str), count, 0)
      --> ['Summarize', ['SelectRow1', 'input@0', '!=', 'percent', 'White'], 'count', 'race']
    # Summarize(SelectRow1(@param0, !=, 1, White@Str), count, 1)
      --> ['Summarize', ['SelectRow1', 'input@0', '!=', 'percent', 'White'], 'count', 'percent']
    # Summarize(SelectRow1(@param0, !=, 1, White@Str), count, 2)
      --> ['Summarize', ['SelectRow1', 'input@0', '!=', 'percent', 'White'], 'count', 'color']
    # Summarize(SelectRow1(@param0, !=, 1, Latino@Str), count, 0)
      --> ['Summarize', ['SelectRow1', 'input@0', '!=', 'percent', 'Latino'], 'count', 'race']
    # Summarize(SelectRow1(@param0, !=, 1, Latino@Str), count, 1)
      --> ['Summarize', ['SelectRow1', 'input@0', '!=', 'percent', 'Latino'], 'count', 'percent']
    # Summarize(SelectRow1(@param0, !=, 1, Latino@Str), count, 2)
      --> ['Summarize', ['SelectRow1', 'input@0', '!=', 'percent', 'Latino'], 'count', 'color']
    # Summarize(SelectRow1(@param0, !=, 2, color@Str), count, 0)
      --> ['Summarize', ['SelectRow1', 'input@0', '!=', 'color', 'color'], 'count', 'race']
    # Summarize(SelectRow1(@param0, !=, 2, color@Str), count, 1)
      --> ['Summarize', ['SelectRow1', 'input@0', '!=', 'color', 'color'], 'count', 'percent']
    # Summarize(SelectRow1(@param0, !=, 2, color@Str), count, 2)
      --> ['Summarize', ['SelectRow1', 'input@0', '!=', 'color', 'color'], 'count', 'color']
    # Summarize(SelectRow1(@param0, !=, 2, race@Str), count, 0)
      --> ['Summarize', ['SelectRow1', 'input@0', '!=', 'color', 'race'], 'count', 'race']
    # Summarize(SelectRow1(@param0, !=, 2, race@Str), count, 1)
      --> ['Summarize', ['SelectRow1', 'input@0', '!=', 'color', 'race'], 'count', 'percent']
    # Summarize(SelectRow1(@param0, !=, 2, race@Str), count, 2)
      --> ['Summarize', ['SelectRow1', 'input@0', '!=', 'color', 'race'], 'count', 'color']
    # Summarize(SelectRow1(@param0, !=, 2, 44@Int), count, 0)
      --> ['Summarize', ['SelectRow1', 'input@0', '!=', 'color', 44], 'count', 'race']
    # Summarize(SelectRow1(@param0, !=, 2, 44@Int), count, 1)
      --> ['Summarize', ['SelectRow1', 'input@0', '!=', 'color', 44], 'count', 'percent']
    # Summarize(SelectRow1(@param0, !=, 2, 44@Int), count, 2)
      --> ['Summarize', ['SelectRow1', 'input@0', '!=', 'color', 44], 'count', 'color']
    # Summarize(SelectRow1(@param0, !=, 2, 23@Int), count, 0)
      --> ['Summarize', ['SelectRow1', 'input@0', '!=', 'color', 23], 'count', 'race']
    # Summarize(SelectRow1(@param0, !=, 2, 23@Int), count, 1)
      --> ['Summarize', ['SelectRow1', 'input@0', '!=', 'color', 23], 'count', 'percent']
    # Summarize(SelectRow1(@param0, !=, 2, 23@Int), count, 2)
      --> ['Summarize', ['SelectRow1', 'input@0', '!=', 'color', 23], 'count', 'color']
    # Summarize(SelectRow1(@param0, !=, 2, African American@Str), count, 0)
      --> ['Summarize', ['SelectRow1', 'input@0', '!=', 'color', 'African American'], 'count', 'race']
    # Summarize(SelectRow1(@param0, !=, 2, African American@Str), count, 1)
      --> ['Summarize', ['SelectRow1', 'input@0', '!=', 'color', 'African American'], 'count', 'percent']
    # Summarize(SelectRow1(@param0, !=, 2, African American@Str), count, 2)
      --> ['Summarize', ['SelectRow1', 'input@0', '!=', 'color', 'African American'], 'count', 'color']
    # Summarize(SelectRow1(@param0, !=, 2, percent@Str), count, 0)
      --> ['Summarize', ['SelectRow1', 'input@0', '!=', 'color', 'percent'], 'count', 'race']
    # Summarize(SelectRow1(@param0, !=, 2, percent@Str), count, 1)
      --> ['Summarize', ['SelectRow1', 'input@0', '!=', 'color', 'percent'], 'count', 'percent']
    # Summarize(SelectRow1(@param0, !=, 2, percent@Str), count, 2)
      --> ['Summarize', ['SelectRow1', 'input@0', '!=', 'color', 'percent'], 'count', 'color']
    # Summarize(SelectRow1(@param0, !=, 2, White@Str), count, 0)
      --> ['Summarize', ['SelectRow1', 'input@0', '!=', 'color', 'White'], 'count', 'race']
    # Summarize(SelectRow1(@param0, !=, 2, White@Str), count, 1)
      --> ['Summarize', ['SelectRow1', 'input@0', '!=', 'color', 'White'], 'count', 'percent']
    # Summarize(SelectRow1(@param0, !=, 2, White@Str), count, 2)
      --> ['Summarize', ['SelectRow1', 'input@0', '!=', 'color', 'White'], 'count', 'color']
    # Summarize(SelectRow1(@param0, !=, 2, Latino@Str), count, 0)
      --> ['Summarize', ['SelectRow1', 'input@0', '!=', 'color', 'Latino'], 'count', 'race']
    # Summarize(SelectRow1(@param0, !=, 2, Latino@Str), count, 1)
      --> ['Summarize', ['SelectRow1', 'input@0', '!=', 'color', 'Latino'], 'count', 'percent']
    # Summarize(SelectRow1(@param0, !=, 2, Latino@Str), count, 2)
      --> ['Summarize', ['SelectRow1', 'input@0', '!=', 'color', 'Latino'], 'count', 'color']
    # Summarize(SelectRow1(@param0, !=, 2, 31@Int), count, 0)
      --> ['Summarize', ['SelectRow1', 'input@0', '!=', 'color', 31], 'count', 'race']
    # Summarize(SelectRow1(@param0, !=, 2, 31@Int), count, 1)
      --> ['Summarize', ['SelectRow1', 'input@0', '!=', 'color', 31], 'count', 'percent']
    # Summarize(SelectRow1(@param0, !=, 2, 31@Int), count, 2)
      --> ['Summarize', ['SelectRow1', 'input@0', '!=', 'color', 31], 'count', 'color']
    # Summarize(@param0, count, 0)
      --> ['Summarize', 'input@0', 'count', 'race']
    # Summarize(@param0, count, 1)
      --> ['Summarize', 'input@0', 'count', 'percent']
    # Summarize(@param0, count, 2)
      --> ['Summarize', 'input@0', 'count', 'color']
---------- timeout ----------

# ========== review report ========== #
# top-1, score: 0.00, answer: [1]
  # tprog: SelectCol(SelectRow0(GroupSum(@param0, ['1'], count, 0), eqmin, 0), ['1'])
# top-2, score: 0.00, answer: [1]
  # tprog: SelectCol(SelectRow0(GroupSum(@param0, ['1'], count, 0), eqmin, 0), ['-99'])
# top-3, score: 0.00, answer: [1]
  # tprog: SelectCol(SelectRow0(GroupSum(@param0, ['1'], count, 0), eqmax, 0), ['1'])
# top-4, score: 0.00, answer: [1]
  # tprog: SelectCol(SelectRow0(GroupSum(@param0, ['1'], count, 0), eqmax, 0), ['-99'])
# top-5, score: 0.00, answer: [1]
  # tprog: SelectCol(SelectRow0(GroupSum(@param0, ['1'], count, 1), eqmin, 0), ['1'])
# top-6, score: 0.00, answer: [1]
  # tprog: SelectCol(SelectRow0(GroupSum(@param0, ['1'], count, 1), eqmin, 0), ['-99'])
# top-7, score: 0.00, answer: [1]
  # tprog: SelectCol(SelectRow0(GroupSum(@param0, ['1'], count, 1), eqmax, 0), ['1'])
# top-8, score: 0.00, answer: [1]
  # tprog: SelectCol(SelectRow0(GroupSum(@param0, ['1'], count, 1), eqmax, 0), ['-99'])
# top-9, score: 0.00, answer: [1]
  # tprog: SelectCol(SelectRow0(GroupSum(@param0, ['1'], count, 2), eqmin, 0), ['1'])
# top-10, score: 0.00, answer: [1]
  # tprog: SelectCol(SelectRow0(GroupSum(@param0, ['1'], count, 2), eqmin, 0), ['-99'])
# top-11, score: 0.00, answer: [1]
  # tprog: SelectCol(SelectRow0(GroupSum(@param0, ['1'], count, 2), eqmax, 0), ['1'])
# top-12, score: 0.00, answer: [1]
  # tprog: SelectCol(SelectRow0(GroupSum(@param0, ['1'], count, 2), eqmax, 0), ['-99'])
# top-13, score: 0.00, answer: [1]
  # tprog: SelectCol(SelectRow0(GroupSum(@param0, ['0', '1'], count, 0), eqmin, 1), ['2'])
# top-14, score: 0.00, answer: [1]
  # tprog: SelectCol(SelectRow0(GroupSum(@param0, ['0', '1'], count, 0), eqmin, 1), ['-99', '-1'])
# top-15, score: 0.00, answer: [1]
  # tprog: SelectCol(SelectRow0(GroupSum(@param0, ['0', '1'], count, 0), eqmax, 1), ['2'])
# top-16, score: 0.00, answer: [1]
  # tprog: SelectCol(SelectRow0(GroupSum(@param0, ['0', '1'], count, 0), eqmax, 1), ['-99', '-1'])
# top-17, score: 0.00, answer: [1]
  # tprog: SelectCol(SelectRow0(GroupSum(@param0, ['0', '1'], count, 1), eqmin, 1), ['2'])
# top-18, score: 0.00, answer: [1]
  # tprog: SelectCol(SelectRow0(GroupSum(@param0, ['0', '1'], count, 1), eqmin, 1), ['-99', '-1'])
# top-19, score: 0.00, answer: [1]
  # tprog: SelectCol(SelectRow0(GroupSum(@param0, ['0', '1'], count, 1), eqmax, 1), ['2'])
# top-20, score: 0.00, answer: [1]
  # tprog: SelectCol(SelectRow0(GroupSum(@param0, ['0', '1'], count, 1), eqmax, 1), ['-99', '-1'])
# top-21, score: 0.00, answer: [1]
  # tprog: SelectCol(SelectRow0(GroupSum(@param0, ['0', '1'], count, 2), eqmin, 1), ['2'])
# top-22, score: 0.00, answer: [1]
  # tprog: SelectCol(SelectRow0(GroupSum(@param0, ['0', '1'], count, 2), eqmin, 1), ['-99', '-1'])
# top-23, score: 0.00, answer: [1]
  # tprog: SelectCol(SelectRow0(GroupSum(@param0, ['0', '1'], count, 2), eqmax, 1), ['2'])
# top-24, score: 0.00, answer: [1]
  # tprog: SelectCol(SelectRow0(GroupSum(@param0, ['0', '1'], count, 2), eqmax, 1), ['-99', '-1'])
# top-25, score: 0.00, answer: [1]
  # tprog: SelectCol(SelectRow0(GroupSum(@param0, ['1', '2'], count, 0), eqmin, 0), ['2'])
# top-26, score: 0.00, answer: [1]
  # tprog: SelectCol(SelectRow0(GroupSum(@param0, ['1', '2'], count, 0), eqmin, 0), ['-99', '-1'])
# top-27, score: 0.00, answer: [1]
  # tprog: SelectCol(SelectRow0(GroupSum(@param0, ['1', '2'], count, 0), eqmax, 0), ['2'])
# top-28, score: 0.00, answer: [1]
  # tprog: SelectCol(SelectRow0(GroupSum(@param0, ['1', '2'], count, 0), eqmax, 0), ['-99', '-1'])
# top-29, score: 0.00, answer: [1]
  # tprog: SelectCol(SelectRow0(GroupSum(@param0, ['1', '2'], count, 1), eqmin, 0), ['2'])
# top-30, score: 0.00, answer: [1]
  # tprog: SelectCol(SelectRow0(GroupSum(@param0, ['1', '2'], count, 1), eqmin, 0), ['-99', '-1'])
# top-31, score: 0.00, answer: [1]
  # tprog: SelectCol(SelectRow0(GroupSum(@param0, ['1', '2'], count, 1), eqmax, 0), ['2'])
# top-32, score: 0.00, answer: [1]
  # tprog: SelectCol(SelectRow0(GroupSum(@param0, ['1', '2'], count, 1), eqmax, 0), ['-99', '-1'])
# top-33, score: 0.00, answer: [1]
  # tprog: SelectCol(SelectRow0(GroupSum(@param0, ['1', '2'], count, 2), eqmin, 0), ['2'])
# top-34, score: 0.00, answer: [1]
  # tprog: SelectCol(SelectRow0(GroupSum(@param0, ['1', '2'], count, 2), eqmin, 0), ['-99', '-1'])
# top-35, score: 0.00, answer: [1]
  # tprog: SelectCol(SelectRow0(GroupSum(@param0, ['1', '2'], count, 2), eqmax, 0), ['2'])
# top-36, score: 0.00, answer: [1]
  # tprog: SelectCol(SelectRow0(GroupSum(@param0, ['1', '2'], count, 2), eqmax, 0), ['-99', '-1'])
# top-37, score: 0.00, answer: [1]
  # tprog: Summarize(SelectRow1(@param0, <, 1, 31@Int), count, 0)
# top-38, score: 0.00, answer: [1]
  # tprog: Summarize(SelectRow1(@param0, <, 1, 31@Int), count, 1)
# top-39, score: 0.00, answer: [1]
  # tprog: Summarize(SelectRow1(@param0, <, 1, 31@Int), count, 2)
# top-40, score: 0.00, answer: [1]
  # tprog: Summarize(SelectRow1(@param0, <=, 1, 23@Int), count, 0)
# top-41, score: 0.00, answer: [1]
  # tprog: Summarize(SelectRow1(@param0, <=, 1, 23@Int), count, 1)
# top-42, score: 0.00, answer: [1]
  # tprog: Summarize(SelectRow1(@param0, <=, 1, 23@Int), count, 2)
# top-43, score: 0.00, answer: [1]
  # tprog: Summarize(SelectRow1(@param0, ==, 0, African American@Str), count, 0)
# top-44, score: 0.00, answer: [1]
  # tprog: Summarize(SelectRow1(@param0, ==, 0, African American@Str), count, 1)
# top-45, score: 0.00, answer: [1]
  # tprog: Summarize(SelectRow1(@param0, ==, 0, African American@Str), count, 2)
# top-46, score: 0.00, answer: [1]
  # tprog: Summarize(SelectRow1(@param0, ==, 0, White@Str), count, 0)
# top-47, score: 0.00, answer: [1]
  # tprog: Summarize(SelectRow1(@param0, ==, 0, White@Str), count, 1)
# top-48, score: 0.00, answer: [1]
  # tprog: Summarize(SelectRow1(@param0, ==, 0, White@Str), count, 2)
# top-49, score: 0.00, answer: [1]
  # tprog: Summarize(SelectRow1(@param0, ==, 0, Latino@Str), count, 0)
# top-50, score: 0.00, answer: [1]
  # tprog: Summarize(SelectRow1(@param0, ==, 0, Latino@Str), count, 1)
# top-51, score: 0.00, answer: [1]
  # tprog: Summarize(SelectRow1(@param0, ==, 0, Latino@Str), count, 2)
# top-52, score: 0.00, answer: [1]
  # tprog: Summarize(SelectRow1(@param0, ==, 1, 44@Int), count, 0)
# top-53, score: 0.00, answer: [1]
  # tprog: Summarize(SelectRow1(@param0, ==, 1, 44@Int), count, 1)
# top-54, score: 0.00, answer: [1]
  # tprog: Summarize(SelectRow1(@param0, ==, 1, 44@Int), count, 2)
# top-55, score: 0.00, answer: [1]
  # tprog: Summarize(SelectRow1(@param0, ==, 1, 23@Int), count, 0)
# top-56, score: 0.00, answer: [1]
  # tprog: Summarize(SelectRow1(@param0, ==, 1, 23@Int), count, 1)
# top-57, score: 0.00, answer: [1]
  # tprog: Summarize(SelectRow1(@param0, ==, 1, 23@Int), count, 2)
# top-58, score: 0.00, answer: [1]
  # tprog: Summarize(SelectRow1(@param0, ==, 1, 31@Int), count, 0)
# top-59, score: 0.00, answer: [1]
  # tprog: Summarize(SelectRow1(@param0, ==, 1, 31@Int), count, 1)
# top-60, score: 0.00, answer: [1]
  # tprog: Summarize(SelectRow1(@param0, ==, 1, 31@Int), count, 2)
# top-61, score: 0.00, answer: [1]
  # tprog: Summarize(SelectRow1(@param0, >=, 1, 44@Int), count, 0)
# top-62, score: 0.00, answer: [1]
  # tprog: Summarize(SelectRow1(@param0, >=, 1, 44@Int), count, 1)
# top-63, score: 0.00, answer: [1]
  # tprog: Summarize(SelectRow1(@param0, >=, 1, 44@Int), count, 2)
# top-64, score: 0.00, answer: [1]
  # tprog: Summarize(SelectRow1(@param0, >, 1, 31@Int), count, 0)
# top-65, score: 0.00, answer: [1]
  # tprog: Summarize(SelectRow1(@param0, >, 1, 31@Int), count, 1)
# top-66, score: 0.00, answer: [1]
  # tprog: Summarize(SelectRow1(@param0, >, 1, 31@Int), count, 2)
# top-67, score: 0.00, answer: [1]
  # tprog: Contrast(SelectRow1(@param0, <, 1, 44@Int), /, 0, African American@Str, African American@Str, 1)
# top-68, score: 0.00, answer: [1]
  # tprog: Contrast(SelectRow1(@param0, <, 1, 44@Int), /, 0, Latino@Str, Latino@Str, 1)
# top-69, score: 0.00, answer: [1]
  # tprog: Contrast(SelectRow1(@param0, <, 1, 31@Int), /, 0, Latino@Str, Latino@Str, 1)
# top-70, score: 0.00, answer: [1]
  # tprog: Contrast(SelectRow1(@param0, <, 1, 31@Int), /, 2, blue@Str, blue@Str, 1)
# top-71, score: 0.00, answer: [1]
  # tprog: Contrast(SelectRow1(@param0, <=, 1, 44@Int), /, 0, African American@Str, African American@Str, 1)
# top-72, score: 0.00, answer: [1]
  # tprog: Contrast(SelectRow1(@param0, <=, 1, 44@Int), /, 0, White@Str, White@Str, 1)
# top-73, score: 0.00, answer: [1]
  # tprog: Contrast(SelectRow1(@param0, <=, 1, 44@Int), /, 0, Latino@Str, Latino@Str, 1)
# top-74, score: 0.00, answer: [1]
  # tprog: Contrast(SelectRow1(@param0, <=, 1, 23@Int), /, 0, Latino@Str, Latino@Str, 1)
# top-75, score: 0.00, answer: [1]
  # tprog: Contrast(SelectRow1(@param0, <=, 1, 23@Int), /, 2, blue@Str, blue@Str, 1)
# top-76, score: 0.00, answer: [1]
  # tprog: Contrast(SelectRow1(@param0, <=, 1, 31@Int), /, 0, African American@Str, African American@Str, 1)
# top-77, score: 0.00, answer: [1]
  # tprog: Contrast(SelectRow1(@param0, <=, 1, 31@Int), /, 0, Latino@Str, Latino@Str, 1)
# top-78, score: 0.00, answer: [1]
  # tprog: Contrast(SelectRow1(@param0, ==, 0, African American@Str), /, 0, African American@Str, African American@Str, 1)
# top-79, score: 0.00, answer: [1]
  # tprog: Contrast(SelectRow1(@param0, ==, 0, African American@Str), /, 2, blue@Str, blue@Str, 1)
# top-80, score: 0.00, answer: [1]
  # tprog: Contrast(SelectRow1(@param0, ==, 0, White@Str), /, 0, White@Str, White@Str, 1)
# top-81, score: 0.00, answer: [1]
  # tprog: Contrast(SelectRow1(@param0, ==, 0, White@Str), /, 2, blue@Str, blue@Str, 1)
# top-82, score: 0.00, answer: [1]
  # tprog: Contrast(SelectRow1(@param0, ==, 0, Latino@Str), /, 0, Latino@Str, Latino@Str, 1)
# top-83, score: 0.00, answer: [1]
  # tprog: Contrast(SelectRow1(@param0, ==, 0, Latino@Str), /, 2, blue@Str, blue@Str, 1)
# top-84, score: 0.00, answer: [1]
  # tprog: Contrast(SelectRow1(@param0, ==, 1, 44@Int), /, 0, White@Str, White@Str, 1)
# top-85, score: 0.00, answer: [1]
  # tprog: Contrast(SelectRow1(@param0, ==, 1, 44@Int), /, 2, blue@Str, blue@Str, 1)
# top-86, score: 0.00, answer: [1]
  # tprog: Contrast(SelectRow1(@param0, ==, 1, 23@Int), /, 0, Latino@Str, Latino@Str, 1)
# top-87, score: 0.00, answer: [1]
  # tprog: Contrast(SelectRow1(@param0, ==, 1, 23@Int), /, 2, blue@Str, blue@Str, 1)
# top-88, score: 0.00, answer: [1]
  # tprog: Contrast(SelectRow1(@param0, ==, 1, 31@Int), /, 0, African American@Str, African American@Str, 1)
# top-89, score: 0.00, answer: [1]
  # tprog: Contrast(SelectRow1(@param0, ==, 1, 31@Int), /, 2, blue@Str, blue@Str, 1)
# top-90, score: 0.00, answer: [1]
  # tprog: Contrast(SelectRow1(@param0, ==, 2, blue@Str), /, 0, African American@Str, African American@Str, 1)
# top-91, score: 0.00, answer: [1]
  # tprog: Contrast(SelectRow1(@param0, ==, 2, blue@Str), /, 0, White@Str, White@Str, 1)
# top-92, score: 0.00, answer: [1]
  # tprog: Contrast(SelectRow1(@param0, ==, 2, blue@Str), /, 0, Latino@Str, Latino@Str, 1)
# top-93, score: 0.00, answer: [1]
  # tprog: Contrast(SelectRow1(@param0, >=, 1, 44@Int), /, 0, White@Str, White@Str, 1)
# top-94, score: 0.00, answer: [1]
  # tprog: Contrast(SelectRow1(@param0, >=, 1, 44@Int), /, 2, blue@Str, blue@Str, 1)
# top-95, score: 0.00, answer: [1]
  # tprog: Contrast(SelectRow1(@param0, >=, 1, 23@Int), /, 0, African American@Str, African American@Str, 1)
# top-96, score: 0.00, answer: [1]
  # tprog: Contrast(SelectRow1(@param0, >=, 1, 23@Int), /, 0, White@Str, White@Str, 1)
# top-97, score: 0.00, answer: [1]
  # tprog: Contrast(SelectRow1(@param0, >=, 1, 23@Int), /, 0, Latino@Str, Latino@Str, 1)
# top-98, score: 0.00, answer: [1]
  # tprog: Contrast(SelectRow1(@param0, >=, 1, 31@Int), /, 0, African American@Str, African American@Str, 1)
# top-99, score: 0.00, answer: [1]
  # tprog: Contrast(SelectRow1(@param0, >=, 1, 31@Int), /, 0, White@Str, White@Str, 1)
# top-100, score: 0.00, answer: [1]
  # tprog: Contrast(SelectRow1(@param0, >, 1, 23@Int), /, 0, African American@Str, African American@Str, 1)
# top-101, score: 0.00, answer: [1]
  # tprog: Contrast(SelectRow1(@param0, >, 1, 23@Int), /, 0, White@Str, White@Str, 1)
# top-102, score: 0.00, answer: [1]
  # tprog: Contrast(SelectRow1(@param0, >, 1, 31@Int), /, 0, White@Str, White@Str, 1)
# top-103, score: 0.00, answer: [1]
  # tprog: Contrast(SelectRow1(@param0, >, 1, 31@Int), /, 2, blue@Str, blue@Str, 1)
# top-104, score: 0.00, answer: [1]
  # tprog: Contrast(SelectRow1(@param0, !=, 0, color@Str), /, 0, African American@Str, African American@Str, 1)
# top-105, score: 0.00, answer: [1]
  # tprog: Contrast(SelectRow1(@param0, !=, 0, color@Str), /, 0, White@Str, White@Str, 1)
# top-106, score: 0.00, answer: [1]
  # tprog: Contrast(SelectRow1(@param0, !=, 0, color@Str), /, 0, Latino@Str, Latino@Str, 1)
# top-107, score: 0.00, answer: [1]
  # tprog: Contrast(SelectRow1(@param0, !=, 0, blue@Str), /, 0, African American@Str, African American@Str, 1)
# top-108, score: 0.00, answer: [1]
  # tprog: Contrast(SelectRow1(@param0, !=, 0, blue@Str), /, 0, White@Str, White@Str, 1)
# top-109, score: 0.00, answer: [1]
  # tprog: Contrast(SelectRow1(@param0, !=, 0, blue@Str), /, 0, Latino@Str, Latino@Str, 1)
# top-110, score: 0.00, answer: [1]
  # tprog: Contrast(SelectRow1(@param0, !=, 0, race@Str), /, 0, African American@Str, African American@Str, 1)
# top-111, score: 0.00, answer: [1]
  # tprog: Contrast(SelectRow1(@param0, !=, 0, race@Str), /, 0, White@Str, White@Str, 1)
# top-112, score: 0.00, answer: [1]
  # tprog: Contrast(SelectRow1(@param0, !=, 0, race@Str), /, 0, Latino@Str, Latino@Str, 1)
# top-113, score: 0.00, answer: [1]
  # tprog: Contrast(SelectRow1(@param0, !=, 0, 44@Int), /, 0, African American@Str, African American@Str, 1)
# top-114, score: 0.00, answer: [1]
  # tprog: Contrast(SelectRow1(@param0, !=, 0, 44@Int), /, 0, White@Str, White@Str, 1)
# top-115, score: 0.00, answer: [1]
  # tprog: Contrast(SelectRow1(@param0, !=, 0, 44@Int), /, 0, Latino@Str, Latino@Str, 1)
# top-116, score: 0.00, answer: [1]
  # tprog: Contrast(SelectRow1(@param0, !=, 0, 23@Int), /, 0, African American@Str, African American@Str, 1)
# top-117, score: 0.00, answer: [1]
  # tprog: Contrast(SelectRow1(@param0, !=, 0, 23@Int), /, 0, White@Str, White@Str, 1)
# top-118, score: 0.00, answer: [1]
  # tprog: Contrast(SelectRow1(@param0, !=, 0, 23@Int), /, 0, Latino@Str, Latino@Str, 1)
# top-119, score: 0.00, answer: [1]
  # tprog: Contrast(SelectRow1(@param0, !=, 0, African American@Str), /, 0, White@Str, White@Str, 1)
# top-120, score: 0.00, answer: [1]
  # tprog: Contrast(SelectRow1(@param0, !=, 0, African American@Str), /, 0, Latino@Str, Latino@Str, 1)
# top-121, score: 0.00, answer: [1]
  # tprog: Contrast(SelectRow1(@param0, !=, 0, percent@Str), /, 0, African American@Str, African American@Str, 1)
# top-122, score: 0.00, answer: [1]
  # tprog: Contrast(SelectRow1(@param0, !=, 0, percent@Str), /, 0, White@Str, White@Str, 1)
# top-123, score: 0.00, answer: [1]
  # tprog: Contrast(SelectRow1(@param0, !=, 0, percent@Str), /, 0, Latino@Str, Latino@Str, 1)
# top-124, score: 0.00, answer: [1]
  # tprog: Contrast(SelectRow1(@param0, !=, 0, White@Str), /, 0, African American@Str, African American@Str, 1)
# top-125, score: 0.00, answer: [1]
  # tprog: Contrast(SelectRow1(@param0, !=, 0, White@Str), /, 0, Latino@Str, Latino@Str, 1)
# top-126, score: 0.00, answer: [1]
  # tprog: Contrast(SelectRow1(@param0, !=, 0, Latino@Str), /, 0, African American@Str, African American@Str, 1)
# top-127, score: 0.00, answer: [1]
  # tprog: Contrast(SelectRow1(@param0, !=, 0, Latino@Str), /, 0, White@Str, White@Str, 1)
# top-128, score: 0.00, answer: [1]
  # tprog: Contrast(SelectRow1(@param0, !=, 0, 31@Int), /, 0, African American@Str, African American@Str, 1)
# top-129, score: 0.00, answer: [1]
  # tprog: Contrast(SelectRow1(@param0, !=, 0, 31@Int), /, 0, White@Str, White@Str, 1)
# top-130, score: 0.00, answer: [1]
  # tprog: Contrast(SelectRow1(@param0, !=, 0, 31@Int), /, 0, Latino@Str, Latino@Str, 1)
# top-131, score: 0.00, answer: [1]
  # tprog: Contrast(SelectRow1(@param0, !=, 1, color@Str), /, 0, African American@Str, African American@Str, 1)
# top-132, score: 0.00, answer: [1]
  # tprog: Contrast(SelectRow1(@param0, !=, 1, color@Str), /, 0, White@Str, White@Str, 1)
# top-133, score: 0.00, answer: [1]
  # tprog: Contrast(SelectRow1(@param0, !=, 1, color@Str), /, 0, Latino@Str, Latino@Str, 1)
# top-134, score: 0.00, answer: [1]
  # tprog: Contrast(SelectRow1(@param0, !=, 1, blue@Str), /, 0, African American@Str, African American@Str, 1)
# top-135, score: 0.00, answer: [1]
  # tprog: Contrast(SelectRow1(@param0, !=, 1, blue@Str), /, 0, White@Str, White@Str, 1)
# top-136, score: 0.00, answer: [1]
  # tprog: Contrast(SelectRow1(@param0, !=, 1, blue@Str), /, 0, Latino@Str, Latino@Str, 1)
# top-137, score: 0.00, answer: [1]
  # tprog: Contrast(SelectRow1(@param0, !=, 1, race@Str), /, 0, African American@Str, African American@Str, 1)
# top-138, score: 0.00, answer: [1]
  # tprog: Contrast(SelectRow1(@param0, !=, 1, race@Str), /, 0, White@Str, White@Str, 1)
# top-139, score: 0.00, answer: [1]
  # tprog: Contrast(SelectRow1(@param0, !=, 1, race@Str), /, 0, Latino@Str, Latino@Str, 1)
# top-140, score: 0.00, answer: [1]
  # tprog: Contrast(SelectRow1(@param0, !=, 1, 44@Int), /, 0, African American@Str, African American@Str, 1)
# top-141, score: 0.00, answer: [1]
  # tprog: Contrast(SelectRow1(@param0, !=, 1, 44@Int), /, 0, Latino@Str, Latino@Str, 1)
# top-142, score: 0.00, answer: [1]
  # tprog: Contrast(SelectRow1(@param0, !=, 1, 23@Int), /, 0, African American@Str, African American@Str, 1)
# top-143, score: 0.00, answer: [1]
  # tprog: Contrast(SelectRow1(@param0, !=, 1, 23@Int), /, 0, White@Str, White@Str, 1)
# top-144, score: 0.00, answer: [1]
  # tprog: Contrast(SelectRow1(@param0, !=, 1, African American@Str), /, 0, African American@Str, African American@Str, 1)
# top-145, score: 0.00, answer: [1]
  # tprog: Contrast(SelectRow1(@param0, !=, 1, African American@Str), /, 0, White@Str, White@Str, 1)
# top-146, score: 0.00, answer: [1]
  # tprog: Contrast(SelectRow1(@param0, !=, 1, African American@Str), /, 0, Latino@Str, Latino@Str, 1)
# top-147, score: 0.00, answer: [1]
  # tprog: Contrast(SelectRow1(@param0, !=, 1, percent@Str), /, 0, African American@Str, African American@Str, 1)
# top-148, score: 0.00, answer: [1]
  # tprog: Contrast(SelectRow1(@param0, !=, 1, percent@Str), /, 0, White@Str, White@Str, 1)
# top-149, score: 0.00, answer: [1]
  # tprog: Contrast(SelectRow1(@param0, !=, 1, percent@Str), /, 0, Latino@Str, Latino@Str, 1)
# top-150, score: 0.00, answer: [1]
  # tprog: Contrast(SelectRow1(@param0, !=, 1, White@Str), /, 0, African American@Str, African American@Str, 1)
# top-151, score: 0.00, answer: [1]
  # tprog: Contrast(SelectRow1(@param0, !=, 1, White@Str), /, 0, White@Str, White@Str, 1)
# top-152, score: 0.00, answer: [1]
  # tprog: Contrast(SelectRow1(@param0, !=, 1, White@Str), /, 0, Latino@Str, Latino@Str, 1)
# top-153, score: 0.00, answer: [1]
  # tprog: Contrast(SelectRow1(@param0, !=, 1, Latino@Str), /, 0, African American@Str, African American@Str, 1)
# top-154, score: 0.00, answer: [1]
  # tprog: Contrast(SelectRow1(@param0, !=, 1, Latino@Str), /, 0, White@Str, White@Str, 1)
# top-155, score: 0.00, answer: [1]
  # tprog: Contrast(SelectRow1(@param0, !=, 1, Latino@Str), /, 0, Latino@Str, Latino@Str, 1)
# top-156, score: 0.00, answer: [1]
  # tprog: Contrast(SelectRow1(@param0, !=, 1, 31@Int), /, 0, White@Str, White@Str, 1)
# top-157, score: 0.00, answer: [1]
  # tprog: Contrast(SelectRow1(@param0, !=, 1, 31@Int), /, 0, Latino@Str, Latino@Str, 1)
# top-158, score: 0.00, answer: [1]
  # tprog: Contrast(SelectRow1(@param0, !=, 2, color@Str), /, 0, African American@Str, African American@Str, 1)
# top-159, score: 0.00, answer: [1]
  # tprog: Contrast(SelectRow1(@param0, !=, 2, color@Str), /, 0, White@Str, White@Str, 1)
# top-160, score: 0.00, answer: [1]
  # tprog: Contrast(SelectRow1(@param0, !=, 2, color@Str), /, 0, Latino@Str, Latino@Str, 1)
# top-161, score: 0.00, answer: [1]
  # tprog: Contrast(SelectRow1(@param0, !=, 2, race@Str), /, 0, African American@Str, African American@Str, 1)
# top-162, score: 0.00, answer: [1]
  # tprog: Contrast(SelectRow1(@param0, !=, 2, race@Str), /, 0, White@Str, White@Str, 1)
# top-163, score: 0.00, answer: [1]
  # tprog: Contrast(SelectRow1(@param0, !=, 2, race@Str), /, 0, Latino@Str, Latino@Str, 1)
# top-164, score: 0.00, answer: [1]
  # tprog: Contrast(SelectRow1(@param0, !=, 2, 44@Int), /, 0, African American@Str, African American@Str, 1)
# top-165, score: 0.00, answer: [1]
  # tprog: Contrast(SelectRow1(@param0, !=, 2, 44@Int), /, 0, White@Str, White@Str, 1)
# top-166, score: 0.00, answer: [1]
  # tprog: Contrast(SelectRow1(@param0, !=, 2, 44@Int), /, 0, Latino@Str, Latino@Str, 1)
# top-167, score: 0.00, answer: [1]
  # tprog: Contrast(SelectRow1(@param0, !=, 2, 23@Int), /, 0, African American@Str, African American@Str, 1)
# top-168, score: 0.00, answer: [1]
  # tprog: Contrast(SelectRow1(@param0, !=, 2, 23@Int), /, 0, White@Str, White@Str, 1)
# top-169, score: 0.00, answer: [1]
  # tprog: Contrast(SelectRow1(@param0, !=, 2, 23@Int), /, 0, Latino@Str, Latino@Str, 1)
# top-170, score: 0.00, answer: [1]
  # tprog: Contrast(SelectRow1(@param0, !=, 2, African American@Str), /, 0, African American@Str, African American@Str, 1)
# top-171, score: 0.00, answer: [1]
  # tprog: Contrast(SelectRow1(@param0, !=, 2, African American@Str), /, 0, White@Str, White@Str, 1)
# top-172, score: 0.00, answer: [1]
  # tprog: Contrast(SelectRow1(@param0, !=, 2, African American@Str), /, 0, Latino@Str, Latino@Str, 1)
# top-173, score: 0.00, answer: [1]
  # tprog: Contrast(SelectRow1(@param0, !=, 2, percent@Str), /, 0, African American@Str, African American@Str, 1)
# top-174, score: 0.00, answer: [1]
  # tprog: Contrast(SelectRow1(@param0, !=, 2, percent@Str), /, 0, White@Str, White@Str, 1)
# top-175, score: 0.00, answer: [1]
  # tprog: Contrast(SelectRow1(@param0, !=, 2, percent@Str), /, 0, Latino@Str, Latino@Str, 1)
# top-176, score: 0.00, answer: [1]
  # tprog: Contrast(SelectRow1(@param0, !=, 2, White@Str), /, 0, African American@Str, African American@Str, 1)
# top-177, score: 0.00, answer: [1]
  # tprog: Contrast(SelectRow1(@param0, !=, 2, White@Str), /, 0, White@Str, White@Str, 1)
# top-178, score: 0.00, answer: [1]
  # tprog: Contrast(SelectRow1(@param0, !=, 2, White@Str), /, 0, Latino@Str, Latino@Str, 1)
# top-179, score: 0.00, answer: [1]
  # tprog: Contrast(SelectRow1(@param0, !=, 2, Latino@Str), /, 0, African American@Str, African American@Str, 1)
# top-180, score: 0.00, answer: [1]
  # tprog: Contrast(SelectRow1(@param0, !=, 2, Latino@Str), /, 0, White@Str, White@Str, 1)
# top-181, score: 0.00, answer: [1]
  # tprog: Contrast(SelectRow1(@param0, !=, 2, Latino@Str), /, 0, Latino@Str, Latino@Str, 1)
# top-182, score: 0.00, answer: [1]
  # tprog: Contrast(SelectRow1(@param0, !=, 2, 31@Int), /, 0, African American@Str, African American@Str, 1)
# top-183, score: 0.00, answer: [1]
  # tprog: Contrast(SelectRow1(@param0, !=, 2, 31@Int), /, 0, White@Str, White@Str, 1)
# top-184, score: 0.00, answer: [1]
  # tprog: Contrast(SelectRow1(@param0, !=, 2, 31@Int), /, 0, Latino@Str, Latino@Str, 1)
# top-185, score: 0.00, answer: [1]
  # tprog: Contrast(@param0, /, 0, African American@Str, African American@Str, 1)
# top-186, score: 0.00, answer: [1]
  # tprog: Contrast(@param0, /, 0, White@Str, White@Str, 1)
# top-187, score: 0.00, answer: [1]
  # tprog: Contrast(@param0, /, 0, Latino@Str, Latino@Str, 1)
# top-188, score: 0.00, answer: [2]
  # tprog: Summarize(SelectRow1(@param0, <, 1, 44@Int), count, 0)
# top-189, score: 0.00, answer: [2]
  # tprog: Summarize(SelectRow1(@param0, <, 1, 44@Int), count, 1)
# top-190, score: 0.00, answer: [2]
  # tprog: Summarize(SelectRow1(@param0, <, 1, 44@Int), count, 2)
# top-191, score: 0.00, answer: [2]
  # tprog: Summarize(SelectRow1(@param0, <=, 1, 31@Int), count, 0)
# top-192, score: 0.00, answer: [2]
  # tprog: Summarize(SelectRow1(@param0, <=, 1, 31@Int), count, 1)
# top-193, score: 0.00, answer: [2]
  # tprog: Summarize(SelectRow1(@param0, <=, 1, 31@Int), count, 2)
# top-194, score: 0.00, answer: [2]
  # tprog: Summarize(SelectRow1(@param0, >=, 1, 31@Int), count, 0)
# top-195, score: 0.00, answer: [2]
  # tprog: Summarize(SelectRow1(@param0, >=, 1, 31@Int), count, 1)
# top-196, score: 0.00, answer: [2]
  # tprog: Summarize(SelectRow1(@param0, >=, 1, 31@Int), count, 2)
# top-197, score: 0.00, answer: [2]
  # tprog: Summarize(SelectRow1(@param0, >, 1, 23@Int), count, 0)
# top-198, score: 0.00, answer: [2]
  # tprog: Summarize(SelectRow1(@param0, >, 1, 23@Int), count, 1)
# top-199, score: 0.00, answer: [2]
  # tprog: Summarize(SelectRow1(@param0, >, 1, 23@Int), count, 2)
# top-200, score: 0.00, answer: [2]
  # tprog: Summarize(SelectRow1(@param0, !=, 0, African American@Str), count, 0)
# top-201, score: 0.00, answer: [2]
  # tprog: Summarize(SelectRow1(@param0, !=, 0, African American@Str), count, 1)
# top-202, score: 0.00, answer: [2]
  # tprog: Summarize(SelectRow1(@param0, !=, 0, African American@Str), count, 2)
# top-203, score: 0.00, answer: [2]
  # tprog: Summarize(SelectRow1(@param0, !=, 0, White@Str), count, 0)
# top-204, score: 0.00, answer: [2]
  # tprog: Summarize(SelectRow1(@param0, !=, 0, White@Str), count, 1)
# top-205, score: 0.00, answer: [2]
  # tprog: Summarize(SelectRow1(@param0, !=, 0, White@Str), count, 2)
# top-206, score: 0.00, answer: [2]
  # tprog: Summarize(SelectRow1(@param0, !=, 0, Latino@Str), count, 0)
# top-207, score: 0.00, answer: [2]
  # tprog: Summarize(SelectRow1(@param0, !=, 0, Latino@Str), count, 1)
# top-208, score: 0.00, answer: [2]
  # tprog: Summarize(SelectRow1(@param0, !=, 0, Latino@Str), count, 2)
# top-209, score: 0.00, answer: [2]
  # tprog: Summarize(SelectRow1(@param0, !=, 1, 44@Int), count, 0)
# top-210, score: 0.00, answer: [2]
  # tprog: Summarize(SelectRow1(@param0, !=, 1, 44@Int), count, 1)
# top-211, score: 0.00, answer: [2]
  # tprog: Summarize(SelectRow1(@param0, !=, 1, 44@Int), count, 2)
# top-212, score: 0.00, answer: [2]
  # tprog: Summarize(SelectRow1(@param0, !=, 1, 23@Int), count, 0)
# top-213, score: 0.00, answer: [2]
  # tprog: Summarize(SelectRow1(@param0, !=, 1, 23@Int), count, 1)
# top-214, score: 0.00, answer: [2]
  # tprog: Summarize(SelectRow1(@param0, !=, 1, 23@Int), count, 2)
# top-215, score: 0.00, answer: [2]
  # tprog: Summarize(SelectRow1(@param0, !=, 1, 31@Int), count, 0)
# top-216, score: 0.00, answer: [2]
  # tprog: Summarize(SelectRow1(@param0, !=, 1, 31@Int), count, 1)
# top-217, score: 0.00, answer: [2]
  # tprog: Summarize(SelectRow1(@param0, !=, 1, 31@Int), count, 2)
# top-218, score: 0.00, answer: [3]
  # tprog: Summarize(SelectRow1(@param0, <=, 1, 44@Int), count, 0)
# top-219, score: 0.00, answer: [3]
  # tprog: Summarize(SelectRow1(@param0, <=, 1, 44@Int), count, 1)
# top-220, score: 0.00, answer: [3]
  # tprog: Summarize(SelectRow1(@param0, <=, 1, 44@Int), count, 2)
# top-221, score: 0.00, answer: [3]
  # tprog: Summarize(SelectRow1(@param0, ==, 2, blue@Str), count, 0)
# top-222, score: 0.00, answer: [3]
  # tprog: Summarize(SelectRow1(@param0, ==, 2, blue@Str), count, 1)
# top-223, score: 0.00, answer: [3]
  # tprog: Summarize(SelectRow1(@param0, ==, 2, blue@Str), count, 2)
# top-224, score: 0.00, answer: [3]
  # tprog: Summarize(SelectRow1(@param0, >=, 1, 23@Int), count, 0)
# top-225, score: 0.00, answer: [3]
  # tprog: Summarize(SelectRow1(@param0, >=, 1, 23@Int), count, 1)
# top-226, score: 0.00, answer: [3]
  # tprog: Summarize(SelectRow1(@param0, >=, 1, 23@Int), count, 2)
# top-227, score: 0.00, answer: [3]
  # tprog: Summarize(SelectRow1(@param0, !=, 0, color@Str), count, 0)
# top-228, score: 0.00, answer: [3]
  # tprog: Summarize(SelectRow1(@param0, !=, 0, color@Str), count, 1)
# top-229, score: 0.00, answer: [3]
  # tprog: Summarize(SelectRow1(@param0, !=, 0, color@Str), count, 2)
# top-230, score: 0.00, answer: [3]
  # tprog: Summarize(SelectRow1(@param0, !=, 0, blue@Str), count, 0)
# top-231, score: 0.00, answer: [3]
  # tprog: Summarize(SelectRow1(@param0, !=, 0, blue@Str), count, 1)
# top-232, score: 0.00, answer: [3]
  # tprog: Summarize(SelectRow1(@param0, !=, 0, blue@Str), count, 2)
# top-233, score: 0.00, answer: [3]
  # tprog: Summarize(SelectRow1(@param0, !=, 0, race@Str), count, 0)
# top-234, score: 0.00, answer: [3]
  # tprog: Summarize(SelectRow1(@param0, !=, 0, race@Str), count, 1)
# top-235, score: 0.00, answer: [3]
  # tprog: Summarize(SelectRow1(@param0, !=, 0, race@Str), count, 2)
# top-236, score: 0.00, answer: [3]
  # tprog: Summarize(SelectRow1(@param0, !=, 0, 44@Int), count, 0)
# top-237, score: 0.00, answer: [3]
  # tprog: Summarize(SelectRow1(@param0, !=, 0, 44@Int), count, 1)
# top-238, score: 0.00, answer: [3]
  # tprog: Summarize(SelectRow1(@param0, !=, 0, 44@Int), count, 2)
# top-239, score: 0.00, answer: [3]
  # tprog: Summarize(SelectRow1(@param0, !=, 0, 23@Int), count, 0)
# top-240, score: 0.00, answer: [3]
  # tprog: Summarize(SelectRow1(@param0, !=, 0, 23@Int), count, 1)
# top-241, score: 0.00, answer: [3]
  # tprog: Summarize(SelectRow1(@param0, !=, 0, 23@Int), count, 2)
# top-242, score: 0.00, answer: [3]
  # tprog: Summarize(SelectRow1(@param0, !=, 0, percent@Str), count, 0)
# top-243, score: 0.00, answer: [3]
  # tprog: Summarize(SelectRow1(@param0, !=, 0, percent@Str), count, 1)
# top-244, score: 0.00, answer: [3]
  # tprog: Summarize(SelectRow1(@param0, !=, 0, percent@Str), count, 2)
# top-245, score: 0.00, answer: [3]
  # tprog: Summarize(SelectRow1(@param0, !=, 0, 31@Int), count, 0)
# top-246, score: 0.00, answer: [3]
  # tprog: Summarize(SelectRow1(@param0, !=, 0, 31@Int), count, 1)
# top-247, score: 0.00, answer: [3]
  # tprog: Summarize(SelectRow1(@param0, !=, 0, 31@Int), count, 2)
# top-248, score: 0.00, answer: [3]
  # tprog: Summarize(SelectRow1(@param0, !=, 1, color@Str), count, 0)
# top-249, score: 0.00, answer: [3]
  # tprog: Summarize(SelectRow1(@param0, !=, 1, color@Str), count, 1)
# top-250, score: 0.00, answer: [3]
  # tprog: Summarize(SelectRow1(@param0, !=, 1, color@Str), count, 2)
# top-251, score: 0.00, answer: [3]
  # tprog: Summarize(SelectRow1(@param0, !=, 1, blue@Str), count, 0)
# top-252, score: 0.00, answer: [3]
  # tprog: Summarize(SelectRow1(@param0, !=, 1, blue@Str), count, 1)
# top-253, score: 0.00, answer: [3]
  # tprog: Summarize(SelectRow1(@param0, !=, 1, blue@Str), count, 2)
# top-254, score: 0.00, answer: [3]
  # tprog: Summarize(SelectRow1(@param0, !=, 1, race@Str), count, 0)
# top-255, score: 0.00, answer: [3]
  # tprog: Summarize(SelectRow1(@param0, !=, 1, race@Str), count, 1)
# top-256, score: 0.00, answer: [3]
  # tprog: Summarize(SelectRow1(@param0, !=, 1, race@Str), count, 2)
# top-257, score: 0.00, answer: [3]
  # tprog: Summarize(SelectRow1(@param0, !=, 1, African American@Str), count, 0)
# top-258, score: 0.00, answer: [3]
  # tprog: Summarize(SelectRow1(@param0, !=, 1, African American@Str), count, 1)
# top-259, score: 0.00, answer: [3]
  # tprog: Summarize(SelectRow1(@param0, !=, 1, African American@Str), count, 2)
# top-260, score: 0.00, answer: [3]
  # tprog: Summarize(SelectRow1(@param0, !=, 1, percent@Str), count, 0)
# top-261, score: 0.00, answer: [3]
  # tprog: Summarize(SelectRow1(@param0, !=, 1, percent@Str), count, 1)
# top-262, score: 0.00, answer: [3]
  # tprog: Summarize(SelectRow1(@param0, !=, 1, percent@Str), count, 2)
# top-263, score: 0.00, answer: [3]
  # tprog: Summarize(SelectRow1(@param0, !=, 1, White@Str), count, 0)
# top-264, score: 0.00, answer: [3]
  # tprog: Summarize(SelectRow1(@param0, !=, 1, White@Str), count, 1)
# top-265, score: 0.00, answer: [3]
  # tprog: Summarize(SelectRow1(@param0, !=, 1, White@Str), count, 2)
# top-266, score: 0.00, answer: [3]
  # tprog: Summarize(SelectRow1(@param0, !=, 1, Latino@Str), count, 0)
# top-267, score: 0.00, answer: [3]
  # tprog: Summarize(SelectRow1(@param0, !=, 1, Latino@Str), count, 1)
# top-268, score: 0.00, answer: [3]
  # tprog: Summarize(SelectRow1(@param0, !=, 1, Latino@Str), count, 2)
# top-269, score: 0.00, answer: [3]
  # tprog: Summarize(SelectRow1(@param0, !=, 2, color@Str), count, 0)
# top-270, score: 0.00, answer: [3]
  # tprog: Summarize(SelectRow1(@param0, !=, 2, color@Str), count, 1)
# top-271, score: 0.00, answer: [3]
  # tprog: Summarize(SelectRow1(@param0, !=, 2, color@Str), count, 2)
# top-272, score: 0.00, answer: [3]
  # tprog: Summarize(SelectRow1(@param0, !=, 2, race@Str), count, 0)
# top-273, score: 0.00, answer: [3]
  # tprog: Summarize(SelectRow1(@param0, !=, 2, race@Str), count, 1)
# top-274, score: 0.00, answer: [3]
  # tprog: Summarize(SelectRow1(@param0, !=, 2, race@Str), count, 2)
# top-275, score: 0.00, answer: [3]
  # tprog: Summarize(SelectRow1(@param0, !=, 2, 44@Int), count, 0)
# top-276, score: 0.00, answer: [3]
  # tprog: Summarize(SelectRow1(@param0, !=, 2, 44@Int), count, 1)
# top-277, score: 0.00, answer: [3]
  # tprog: Summarize(SelectRow1(@param0, !=, 2, 44@Int), count, 2)
# top-278, score: 0.00, answer: [3]
  # tprog: Summarize(SelectRow1(@param0, !=, 2, 23@Int), count, 0)
# top-279, score: 0.00, answer: [3]
  # tprog: Summarize(SelectRow1(@param0, !=, 2, 23@Int), count, 1)
# top-280, score: 0.00, answer: [3]
  # tprog: Summarize(SelectRow1(@param0, !=, 2, 23@Int), count, 2)
# top-281, score: 0.00, answer: [3]
  # tprog: Summarize(SelectRow1(@param0, !=, 2, African American@Str), count, 0)
# top-282, score: 0.00, answer: [3]
  # tprog: Summarize(SelectRow1(@param0, !=, 2, African American@Str), count, 1)
# top-283, score: 0.00, answer: [3]
  # tprog: Summarize(SelectRow1(@param0, !=, 2, African American@Str), count, 2)
# top-284, score: 0.00, answer: [3]
  # tprog: Summarize(SelectRow1(@param0, !=, 2, percent@Str), count, 0)
# top-285, score: 0.00, answer: [3]
  # tprog: Summarize(SelectRow1(@param0, !=, 2, percent@Str), count, 1)
# top-286, score: 0.00, answer: [3]
  # tprog: Summarize(SelectRow1(@param0, !=, 2, percent@Str), count, 2)
# top-287, score: 0.00, answer: [3]
  # tprog: Summarize(SelectRow1(@param0, !=, 2, White@Str), count, 0)
# top-288, score: 0.00, answer: [3]
  # tprog: Summarize(SelectRow1(@param0, !=, 2, White@Str), count, 1)
# top-289, score: 0.00, answer: [3]
  # tprog: Summarize(SelectRow1(@param0, !=, 2, White@Str), count, 2)
# top-290, score: 0.00, answer: [3]
  # tprog: Summarize(SelectRow1(@param0, !=, 2, Latino@Str), count, 0)
# top-291, score: 0.00, answer: [3]
  # tprog: Summarize(SelectRow1(@param0, !=, 2, Latino@Str), count, 1)
# top-292, score: 0.00, answer: [3]
  # tprog: Summarize(SelectRow1(@param0, !=, 2, Latino@Str), count, 2)
# top-293, score: 0.00, answer: [3]
  # tprog: Summarize(SelectRow1(@param0, !=, 2, 31@Int), count, 0)
# top-294, score: 0.00, answer: [3]
  # tprog: Summarize(SelectRow1(@param0, !=, 2, 31@Int), count, 1)
# top-295, score: 0.00, answer: [3]
  # tprog: Summarize(SelectRow1(@param0, !=, 2, 31@Int), count, 2)
# top-296, score: 0.00, answer: [3]
  # tprog: Summarize(@param0, count, 0)
# top-297, score: 0.00, answer: [3]
  # tprog: Summarize(@param0, count, 1)
# top-298, score: 0.00, answer: [3]
  # tprog: Summarize(@param0, count, 2)
