# parsed arguments: Namespace(benchmark='Qbe9c1', dsl='meta_visqa', skeletons='visqa_normal', strategy='TaPas_C', fallback='auto', timeout=300, mode='abstract-only', expected_only=False)
# loading benchmark...
# table keywords: {'pakistan', 'britain', '64', 'color', '35', '51', '57', 'jordan', '37', 'egypt', 'most', 'mexico', 'response', 'no', '48', '73', 'blue', '15', 'orange', '77', '54', 'germany', 'rep.', '39', '46', 'u.s.', '20', 'work', 'lebanon', 'greece', 'poland', '40', 'guarantee', '59', '53', 'russia', '33', 'spain', '45', '32', '65', '67', 'if', 'brazil', 'india', '81', 'tunisia', 'hard', '43', '30', 'italy', 'succeed', '31', 'japan', 'turkey', 'china', 'france', 'percentage', '41', '24', '27', 'czech', '42', '50', '69', 'country', '56'}
# input type: [dtype('O'), dtype('O'), dtype('int64'), dtype('O')]
# input is:
       country                   response  percentage   color
0         U.S.     Hard work no guarantee          20    blue
1         U.S.  Most succeed if work hard          77  orange
2      Britain     Hard work no guarantee          41    blue
3      Britain  Most succeed if work hard          57  orange
4        Spain     Hard work no guarantee          43    blue
5        Spain  Most succeed if work hard          56  orange
6   Czech Rep.     Hard work no guarantee          43    blue
7   Czech Rep.  Most succeed if work hard          54  orange
8      Germany     Hard work no guarantee          48    blue
9      Germany  Most succeed if work hard          51  orange
10      Poland     Hard work no guarantee          43    blue
11      Poland  Most succeed if work hard          48  orange
12      France     Hard work no guarantee          54    blue
13      France  Most succeed if work hard          46  orange
14       Italy     Hard work no guarantee          46    blue
15       Italy  Most succeed if work hard          43  orange
16      Greece     Hard work no guarantee          51    blue
17      Greece  Most succeed if work hard          43  orange
18      Russia     Hard work no guarantee          53    blue
19      Russia  Most succeed if work hard          35  orange
20    Pakistan     Hard work no guarantee          15    blue
21    Pakistan  Most succeed if work hard          81  orange
22     Tunisia     Hard work no guarantee          24    blue
23     Tunisia  Most succeed if work hard          73  orange
24      Jordan     Hard work no guarantee          37    blue
25      Jordan  Most succeed if work hard          57  orange
26       Egypt     Hard work no guarantee          42    blue
27       Egypt  Most succeed if work hard          53  orange
28      Turkey     Hard work no guarantee          39    blue
29      Turkey  Most succeed if work hard          50  orange
30     Lebanon     Hard work no guarantee          64    blue
31     Lebanon  Most succeed if work hard          32  orange
32       India     Hard work no guarantee          27    blue
33       India  Most succeed if work hard          67  orange
34       China     Hard work no guarantee          33    blue
35       China  Most succeed if work hard          45  orange
36       Japan     Hard work no guarantee          59    blue
37       Japan  Most succeed if work hard          40  orange
38      Brazil     Hard work no guarantee          30    blue
39      Brazil  Most succeed if work hard          69  orange
40      Mexico     Hard work no guarantee          31    blue
41      Mexico  Most succeed if work hard          65  orange
# query is: Is China more or less optimistic about hard work leading to success than the US?
# expected output type:[dtype('O')]
# expected output is:
  ANSWER
0   Less
# inferred DSL terminals:
  # ConstVal: ['Egypt@Str', 'Britain@Str', 'Turkey@Str', 'Most succeed if work hard@Str', 'Poland@Str', 'color@Str', '15@Int', '20@Int', '24@Int', '27@Int', 'Japan@Str', '30@Int', '32@Int', '33@Int', '31@Int', '35@Int', 'response@Str', '37@Int', '39@Int', '40@Int', '41@Int', 'Tunisia@Str', '43@Int', '42@Int', 'Greece@Str', '46@Int', 'China@Str', '48@Int', 'Czech Rep.@Str', '50@Int', '51@Int', '45@Int', '53@Int', '54@Int', 'blue@Str', '56@Int', 'orange@Str', '57@Int', 'Germany@Str', '59@Int', 'Italy@Str', '64@Int', '65@Int', '67@Int', 'India@Str', 'France@Str', 'Lebanon@Str', 'Pakistan@Str', '69@Int', '73@Int', '77@Int', 'U.S.@Str', 'Jordan@Str', '81@Int', 'Brazil@Str', 'percentage@Str', 'Russia@Str', 'Spain@Str', 'Hard work no guarantee@Str', 'Mexico@Str', 'country@Str']
     # cmap: [(None, 'Egypt'), (None, 'Britain'), (None, 'Turkey'), (None, 'Most succeed if work hard'), (None, 'Poland'), (None, 'color'), (None, 15), (None, 20), (None, 24), (None, 27), (None, 'Japan'), (None, 30), (None, 32), (None, 33), (None, 31), (None, 35), (None, 'response'), (None, 37), (None, 39), (None, 40), (None, 41), (None, 'Tunisia'), (None, 43), (None, 42), (None, 'Greece'), (None, 46), (None, 'China'), (None, 48), (None, 'Czech Rep.'), (None, 50), (None, 51), (None, 45), (None, 53), (None, 54), (None, 'blue'), (None, 56), (None, 'orange'), (None, 57), (None, 'Germany'), (None, 59), (None, 'Italy'), (None, 64), (None, 65), (None, 67), (None, 'India'), (None, 'France'), (None, 'Lebanon'), (None, 'Pakistan'), (None, 69), (None, 73), (None, 77), (None, 'U.S.'), (None, 'Jordan'), (None, 81), (None, 'Brazil'), (None, 'percentage'), (None, 'Russia'), (None, 'Spain'), (None, 'Hard work no guarantee'), (None, 'Mexico'), (None, 'country')]
# ====> fallback strategy (selection) is triggered
  # [debug] fallback (selection) answers: ['Egypt', 'Britain', 'Turkey', 'Most succeed if work hard', 'Poland', 'color', 15, 20, 24, 27, 30, 'Japan', 32, 33, 'response', 35, 31, 37, 39, 40, 41, 'Tunisia', 43, 42, 'Greece', 46, 'China', 48, 'Czech Rep.', 50, 51, 45, 53, 54, 'blue', 56, 'orange', 57, 'Germany', 59, 'Italy', 64, 65, 67, 'India', 'France', 'Lebanon', 'Pakistan', 69, 73, 77, 'U.S.', 'Jordan', 81, 'Brazil', 'percentage', 'Russia', 'Spain', 'Hard work no guarantee', 'Mexico', 'country']
  # [debug] fallback (selection) answers (no dup.): ['Most succeed if work hard', 'Poland', 'color', 15, 20, 24, 27, 30, 'Japan', 32, 33, 'response', 35, 31, 37, 39, 40, 41, 'Tunisia', 43, 42, 'Greece', 46, 48, 'Czech Rep.', 50, 51, 45, 53, 54, 'blue', 56, 'orange', 57, 'Germany', 59, 64, 65, 67, 'Lebanon', 'Pakistan', 69, 73, 77, 81, 'percentage', 'Hard work no guarantee', 'country']
  # [debug] 48 fallback (selection) answers are added
# loading skeleton list...

# ========== candidate program report ========== #
# (t=0.00) i=0, candidate=[{'ANSWER': 'China'}]
  # found 160 program(s)
    # SelectCol(SelectRow0(SelectRow1(@param0, <, 2, 35@Int), eqmax, 2), ['0'])
      --> ['SelectCol', ['SelectRow0', ['SelectRow1', 'input@0', '<', 'percentage', 35], 'eqmax', 'percentage'], ['country']]
    # SelectCol(SelectRow0(SelectRow1(@param0, <, 2, 46@Int), eqmax, 2), ['0'])
      --> ['SelectCol', ['SelectRow0', ['SelectRow1', 'input@0', '<', 'percentage', 46], 'eqmax', 'percentage'], ['country']]
    # SelectCol(SelectRow0(SelectRow1(@param0, <=, 2, 33@Int), eqmax, 2), ['0'])
      --> ['SelectCol', ['SelectRow0', ['SelectRow1', 'input@0', '<=', 'percentage', 33], 'eqmax', 'percentage'], ['country']]
    # SelectCol(SelectRow0(SelectRow1(@param0, <=, 2, 45@Int), eqmax, 2), ['0'])
      --> ['SelectCol', ['SelectRow0', ['SelectRow1', 'input@0', '<=', 'percentage', 45], 'eqmax', 'percentage'], ['country']]
    # SelectCol(SelectRow0(SelectRow1(@param0, ==, 0, China@Str), eqmin, 2), ['0'])
      --> ['SelectCol', ['SelectRow0', ['SelectRow1', 'input@0', '==', 'country', 'China'], 'eqmin', 'percentage'], ['country']]
    # SelectCol(SelectRow0(SelectRow1(@param0, ==, 0, China@Str), eqmax, 2), ['0'])
      --> ['SelectCol', ['SelectRow0', ['SelectRow1', 'input@0', '==', 'country', 'China'], 'eqmax', 'percentage'], ['country']]
    # SelectCol(SelectRow0(SelectRow1(@param0, >=, 2, 33@Int), eqmin, 2), ['0'])
      --> ['SelectCol', ['SelectRow0', ['SelectRow1', 'input@0', '>=', 'percentage', 33], 'eqmin', 'percentage'], ['country']]
    # SelectCol(SelectRow0(SelectRow1(@param0, >=, 2, 45@Int), eqmin, 2), ['0'])
      --> ['SelectCol', ['SelectRow0', ['SelectRow1', 'input@0', '>=', 'percentage', 45], 'eqmin', 'percentage'], ['country']]
    # SelectCol(SelectRow0(SelectRow1(@param0, >, 2, 32@Int), eqmin, 2), ['0'])
      --> ['SelectCol', ['SelectRow0', ['SelectRow1', 'input@0', '>', 'percentage', 32], 'eqmin', 'percentage'], ['country']]
    # SelectCol(SelectRow0(SelectRow1(@param0, >, 2, 43@Int), eqmin, 2), ['0'])
      --> ['SelectCol', ['SelectRow0', ['SelectRow1', 'input@0', '>', 'percentage', 43], 'eqmin', 'percentage'], ['country']]
    # SelectCol(SelectRow1(SelectRow1(@param0, <, 2, 35@Int), ==, 0, China@Str), ['0'])
      --> ['SelectCol', ['SelectRow1', ['SelectRow1', 'input@0', '<', 'percentage', 35], '==', 'country', 'China'], ['country']]
    # SelectCol(SelectRow1(SelectRow1(@param0, <, 2, 35@Int), ==, 2, 33@Int), ['0'])
      --> ['SelectCol', ['SelectRow1', ['SelectRow1', 'input@0', '<', 'percentage', 35], '==', 'percentage', 33], ['country']]
    # SelectCol(SelectRow1(SelectRow1(@param0, <, 2, 35@Int), >=, 2, 33@Int), ['0'])
      --> ['SelectCol', ['SelectRow1', ['SelectRow1', 'input@0', '<', 'percentage', 35], '>=', 'percentage', 33], ['country']]
    # SelectCol(SelectRow1(SelectRow1(@param0, <, 2, 35@Int), >, 2, 32@Int), ['0'])
      --> ['SelectCol', ['SelectRow1', ['SelectRow1', 'input@0', '<', 'percentage', 35], '>', 'percentage', 32], ['country']]
    # SelectCol(SelectRow1(SelectRow1(@param0, <, 2, 37@Int), ==, 0, China@Str), ['0'])
      --> ['SelectCol', ['SelectRow1', ['SelectRow1', 'input@0', '<', 'percentage', 37], '==', 'country', 'China'], ['country']]
    # SelectCol(SelectRow1(SelectRow1(@param0, <, 2, 37@Int), ==, 2, 33@Int), ['0'])
      --> ['SelectCol', ['SelectRow1', ['SelectRow1', 'input@0', '<', 'percentage', 37], '==', 'percentage', 33], ['country']]
    # SelectCol(SelectRow1(SelectRow1(@param0, <, 2, 39@Int), ==, 0, China@Str), ['0'])
      --> ['SelectCol', ['SelectRow1', ['SelectRow1', 'input@0', '<', 'percentage', 39], '==', 'country', 'China'], ['country']]
    # SelectCol(SelectRow1(SelectRow1(@param0, <, 2, 39@Int), ==, 2, 33@Int), ['0'])
      --> ['SelectCol', ['SelectRow1', ['SelectRow1', 'input@0', '<', 'percentage', 39], '==', 'percentage', 33], ['country']]
    # SelectCol(SelectRow1(SelectRow1(@param0, <, 2, 40@Int), ==, 0, China@Str), ['0'])
      --> ['SelectCol', ['SelectRow1', ['SelectRow1', 'input@0', '<', 'percentage', 40], '==', 'country', 'China'], ['country']]
    # SelectCol(SelectRow1(SelectRow1(@param0, <, 2, 40@Int), ==, 2, 33@Int), ['0'])
      --> ['SelectCol', ['SelectRow1', ['SelectRow1', 'input@0', '<', 'percentage', 40], '==', 'percentage', 33], ['country']]
    # SelectCol(SelectRow1(SelectRow1(@param0, <, 2, 41@Int), ==, 0, China@Str), ['0'])
      --> ['SelectCol', ['SelectRow1', ['SelectRow1', 'input@0', '<', 'percentage', 41], '==', 'country', 'China'], ['country']]
    # SelectCol(SelectRow1(SelectRow1(@param0, <, 2, 41@Int), ==, 2, 33@Int), ['0'])
      --> ['SelectCol', ['SelectRow1', ['SelectRow1', 'input@0', '<', 'percentage', 41], '==', 'percentage', 33], ['country']]
    # SelectCol(SelectRow1(SelectRow1(@param0, <, 2, 43@Int), ==, 0, China@Str), ['0'])
      --> ['SelectCol', ['SelectRow1', ['SelectRow1', 'input@0', '<', 'percentage', 43], '==', 'country', 'China'], ['country']]
    # SelectCol(SelectRow1(SelectRow1(@param0, <, 2, 43@Int), ==, 2, 33@Int), ['0'])
      --> ['SelectCol', ['SelectRow1', ['SelectRow1', 'input@0', '<', 'percentage', 43], '==', 'percentage', 33], ['country']]
    # SelectCol(SelectRow1(SelectRow1(@param0, <, 2, 42@Int), ==, 0, China@Str), ['0'])
      --> ['SelectCol', ['SelectRow1', ['SelectRow1', 'input@0', '<', 'percentage', 42], '==', 'country', 'China'], ['country']]
    # SelectCol(SelectRow1(SelectRow1(@param0, <, 2, 42@Int), ==, 2, 33@Int), ['0'])
      --> ['SelectCol', ['SelectRow1', ['SelectRow1', 'input@0', '<', 'percentage', 42], '==', 'percentage', 33], ['country']]
    # SelectCol(SelectRow1(SelectRow1(@param0, <, 2, 46@Int), ==, 2, 33@Int), ['0'])
      --> ['SelectCol', ['SelectRow1', ['SelectRow1', 'input@0', '<', 'percentage', 46], '==', 'percentage', 33], ['country']]
    # SelectCol(SelectRow1(SelectRow1(@param0, <, 2, 46@Int), ==, 2, 45@Int), ['0'])
      --> ['SelectCol', ['SelectRow1', ['SelectRow1', 'input@0', '<', 'percentage', 46], '==', 'percentage', 45], ['country']]
    # SelectCol(SelectRow1(SelectRow1(@param0, <, 2, 46@Int), >=, 2, 45@Int), ['0'])
      --> ['SelectCol', ['SelectRow1', ['SelectRow1', 'input@0', '<', 'percentage', 46], '>=', 'percentage', 45], ['country']]
    # SelectCol(SelectRow1(SelectRow1(@param0, <, 2, 46@Int), >, 2, 43@Int), ['0'])
      --> ['SelectCol', ['SelectRow1', ['SelectRow1', 'input@0', '<', 'percentage', 46], '>', 'percentage', 43], ['country']]
    # SelectCol(SelectRow1(SelectRow1(@param0, <, 2, 48@Int), ==, 2, 33@Int), ['0'])
      --> ['SelectCol', ['SelectRow1', ['SelectRow1', 'input@0', '<', 'percentage', 48], '==', 'percentage', 33], ['country']]
    # SelectCol(SelectRow1(SelectRow1(@param0, <, 2, 48@Int), ==, 2, 45@Int), ['0'])
      --> ['SelectCol', ['SelectRow1', ['SelectRow1', 'input@0', '<', 'percentage', 48], '==', 'percentage', 45], ['country']]
    # SelectCol(SelectRow1(SelectRow1(@param0, <, 2, 50@Int), ==, 2, 33@Int), ['0'])
      --> ['SelectCol', ['SelectRow1', ['SelectRow1', 'input@0', '<', 'percentage', 50], '==', 'percentage', 33], ['country']]
    # SelectCol(SelectRow1(SelectRow1(@param0, <, 2, 50@Int), ==, 2, 45@Int), ['0'])
      --> ['SelectCol', ['SelectRow1', ['SelectRow1', 'input@0', '<', 'percentage', 50], '==', 'percentage', 45], ['country']]
    # SelectCol(SelectRow1(SelectRow1(@param0, <, 2, 51@Int), ==, 2, 33@Int), ['0'])
      --> ['SelectCol', ['SelectRow1', ['SelectRow1', 'input@0', '<', 'percentage', 51], '==', 'percentage', 33], ['country']]
    # SelectCol(SelectRow1(SelectRow1(@param0, <, 2, 51@Int), ==, 2, 45@Int), ['0'])
      --> ['SelectCol', ['SelectRow1', ['SelectRow1', 'input@0', '<', 'percentage', 51], '==', 'percentage', 45], ['country']]
    # SelectCol(SelectRow1(SelectRow1(@param0, <, 2, 45@Int), ==, 0, China@Str), ['0'])
      --> ['SelectCol', ['SelectRow1', ['SelectRow1', 'input@0', '<', 'percentage', 45], '==', 'country', 'China'], ['country']]
    # SelectCol(SelectRow1(SelectRow1(@param0, <, 2, 45@Int), ==, 2, 33@Int), ['0'])
      --> ['SelectCol', ['SelectRow1', ['SelectRow1', 'input@0', '<', 'percentage', 45], '==', 'percentage', 33], ['country']]
    # SelectCol(SelectRow1(SelectRow1(@param0, <, 2, 53@Int), ==, 2, 33@Int), ['0'])
      --> ['SelectCol', ['SelectRow1', ['SelectRow1', 'input@0', '<', 'percentage', 53], '==', 'percentage', 33], ['country']]
    # SelectCol(SelectRow1(SelectRow1(@param0, <, 2, 53@Int), ==, 2, 45@Int), ['0'])
      --> ['SelectCol', ['SelectRow1', ['SelectRow1', 'input@0', '<', 'percentage', 53], '==', 'percentage', 45], ['country']]
    # SelectCol(SelectRow1(SelectRow1(@param0, <, 2, 54@Int), ==, 2, 33@Int), ['0'])
      --> ['SelectCol', ['SelectRow1', ['SelectRow1', 'input@0', '<', 'percentage', 54], '==', 'percentage', 33], ['country']]
    # SelectCol(SelectRow1(SelectRow1(@param0, <, 2, 54@Int), ==, 2, 45@Int), ['0'])
      --> ['SelectCol', ['SelectRow1', ['SelectRow1', 'input@0', '<', 'percentage', 54], '==', 'percentage', 45], ['country']]
    # SelectCol(SelectRow1(SelectRow1(@param0, <, 2, 56@Int), ==, 2, 33@Int), ['0'])
      --> ['SelectCol', ['SelectRow1', ['SelectRow1', 'input@0', '<', 'percentage', 56], '==', 'percentage', 33], ['country']]
    # SelectCol(SelectRow1(SelectRow1(@param0, <, 2, 56@Int), ==, 2, 45@Int), ['0'])
      --> ['SelectCol', ['SelectRow1', ['SelectRow1', 'input@0', '<', 'percentage', 56], '==', 'percentage', 45], ['country']]
    # SelectCol(SelectRow1(SelectRow1(@param0, <, 2, 57@Int), ==, 2, 33@Int), ['0'])
      --> ['SelectCol', ['SelectRow1', ['SelectRow1', 'input@0', '<', 'percentage', 57], '==', 'percentage', 33], ['country']]
    # SelectCol(SelectRow1(SelectRow1(@param0, <, 2, 57@Int), ==, 2, 45@Int), ['0'])
      --> ['SelectCol', ['SelectRow1', ['SelectRow1', 'input@0', '<', 'percentage', 57], '==', 'percentage', 45], ['country']]
    # SelectCol(SelectRow1(SelectRow1(@param0, <, 2, 59@Int), ==, 2, 33@Int), ['0'])
      --> ['SelectCol', ['SelectRow1', ['SelectRow1', 'input@0', '<', 'percentage', 59], '==', 'percentage', 33], ['country']]
    # SelectCol(SelectRow1(SelectRow1(@param0, <, 2, 59@Int), ==, 2, 45@Int), ['0'])
      --> ['SelectCol', ['SelectRow1', ['SelectRow1', 'input@0', '<', 'percentage', 59], '==', 'percentage', 45], ['country']]
    # SelectCol(SelectRow1(SelectRow1(@param0, <, 2, 64@Int), ==, 2, 33@Int), ['0'])
      --> ['SelectCol', ['SelectRow1', ['SelectRow1', 'input@0', '<', 'percentage', 64], '==', 'percentage', 33], ['country']]
    # SelectCol(SelectRow1(SelectRow1(@param0, <, 2, 64@Int), ==, 2, 45@Int), ['0'])
      --> ['SelectCol', ['SelectRow1', ['SelectRow1', 'input@0', '<', 'percentage', 64], '==', 'percentage', 45], ['country']]
    # SelectCol(SelectRow1(SelectRow1(@param0, <, 2, 65@Int), ==, 2, 33@Int), ['0'])
      --> ['SelectCol', ['SelectRow1', ['SelectRow1', 'input@0', '<', 'percentage', 65], '==', 'percentage', 33], ['country']]
    # SelectCol(SelectRow1(SelectRow1(@param0, <, 2, 65@Int), ==, 2, 45@Int), ['0'])
      --> ['SelectCol', ['SelectRow1', ['SelectRow1', 'input@0', '<', 'percentage', 65], '==', 'percentage', 45], ['country']]
    # SelectCol(SelectRow1(SelectRow1(@param0, <, 2, 67@Int), ==, 2, 33@Int), ['0'])
      --> ['SelectCol', ['SelectRow1', ['SelectRow1', 'input@0', '<', 'percentage', 67], '==', 'percentage', 33], ['country']]
    # SelectCol(SelectRow1(SelectRow1(@param0, <, 2, 67@Int), ==, 2, 45@Int), ['0'])
      --> ['SelectCol', ['SelectRow1', ['SelectRow1', 'input@0', '<', 'percentage', 67], '==', 'percentage', 45], ['country']]
    # SelectCol(SelectRow1(SelectRow1(@param0, <, 2, 69@Int), ==, 2, 33@Int), ['0'])
      --> ['SelectCol', ['SelectRow1', ['SelectRow1', 'input@0', '<', 'percentage', 69], '==', 'percentage', 33], ['country']]
    # SelectCol(SelectRow1(SelectRow1(@param0, <, 2, 69@Int), ==, 2, 45@Int), ['0'])
      --> ['SelectCol', ['SelectRow1', ['SelectRow1', 'input@0', '<', 'percentage', 69], '==', 'percentage', 45], ['country']]
    # SelectCol(SelectRow1(SelectRow1(@param0, <, 2, 73@Int), ==, 2, 33@Int), ['0'])
      --> ['SelectCol', ['SelectRow1', ['SelectRow1', 'input@0', '<', 'percentage', 73], '==', 'percentage', 33], ['country']]
    # SelectCol(SelectRow1(SelectRow1(@param0, <, 2, 73@Int), ==, 2, 45@Int), ['0'])
      --> ['SelectCol', ['SelectRow1', ['SelectRow1', 'input@0', '<', 'percentage', 73], '==', 'percentage', 45], ['country']]
    # SelectCol(SelectRow1(SelectRow1(@param0, <, 2, 77@Int), ==, 2, 33@Int), ['0'])
      --> ['SelectCol', ['SelectRow1', ['SelectRow1', 'input@0', '<', 'percentage', 77], '==', 'percentage', 33], ['country']]
    # SelectCol(SelectRow1(SelectRow1(@param0, <, 2, 77@Int), ==, 2, 45@Int), ['0'])
      --> ['SelectCol', ['SelectRow1', ['SelectRow1', 'input@0', '<', 'percentage', 77], '==', 'percentage', 45], ['country']]
    # SelectCol(SelectRow1(SelectRow1(@param0, <, 2, 81@Int), ==, 2, 33@Int), ['0'])
      --> ['SelectCol', ['SelectRow1', ['SelectRow1', 'input@0', '<', 'percentage', 81], '==', 'percentage', 33], ['country']]
    # SelectCol(SelectRow1(SelectRow1(@param0, <, 2, 81@Int), ==, 2, 45@Int), ['0'])
      --> ['SelectCol', ['SelectRow1', ['SelectRow1', 'input@0', '<', 'percentage', 81], '==', 'percentage', 45], ['country']]
    # SelectCol(SelectRow1(SelectRow1(@param0, <=, 2, 33@Int), ==, 0, China@Str), ['0'])
      --> ['SelectCol', ['SelectRow1', ['SelectRow1', 'input@0', '<=', 'percentage', 33], '==', 'country', 'China'], ['country']]
    # SelectCol(SelectRow1(SelectRow1(@param0, <=, 2, 33@Int), ==, 2, 33@Int), ['0'])
      --> ['SelectCol', ['SelectRow1', ['SelectRow1', 'input@0', '<=', 'percentage', 33], '==', 'percentage', 33], ['country']]
    # SelectCol(SelectRow1(SelectRow1(@param0, <=, 2, 33@Int), >=, 2, 33@Int), ['0'])
      --> ['SelectCol', ['SelectRow1', ['SelectRow1', 'input@0', '<=', 'percentage', 33], '>=', 'percentage', 33], ['country']]
    # SelectCol(SelectRow1(SelectRow1(@param0, <=, 2, 33@Int), >, 2, 32@Int), ['0'])
      --> ['SelectCol', ['SelectRow1', ['SelectRow1', 'input@0', '<=', 'percentage', 33], '>', 'percentage', 32], ['country']]
    # SelectCol(SelectRow1(SelectRow1(@param0, <=, 2, 35@Int), ==, 0, China@Str), ['0'])
      --> ['SelectCol', ['SelectRow1', ['SelectRow1', 'input@0', '<=', 'percentage', 35], '==', 'country', 'China'], ['country']]
    # SelectCol(SelectRow1(SelectRow1(@param0, <=, 2, 35@Int), ==, 2, 33@Int), ['0'])
      --> ['SelectCol', ['SelectRow1', ['SelectRow1', 'input@0', '<=', 'percentage', 35], '==', 'percentage', 33], ['country']]
    # SelectCol(SelectRow1(SelectRow1(@param0, <=, 2, 37@Int), ==, 0, China@Str), ['0'])
      --> ['SelectCol', ['SelectRow1', ['SelectRow1', 'input@0', '<=', 'percentage', 37], '==', 'country', 'China'], ['country']]
    # SelectCol(SelectRow1(SelectRow1(@param0, <=, 2, 37@Int), ==, 2, 33@Int), ['0'])
      --> ['SelectCol', ['SelectRow1', ['SelectRow1', 'input@0', '<=', 'percentage', 37], '==', 'percentage', 33], ['country']]
    # SelectCol(SelectRow1(SelectRow1(@param0, <=, 2, 39@Int), ==, 0, China@Str), ['0'])
      --> ['SelectCol', ['SelectRow1', ['SelectRow1', 'input@0', '<=', 'percentage', 39], '==', 'country', 'China'], ['country']]
    # SelectCol(SelectRow1(SelectRow1(@param0, <=, 2, 39@Int), ==, 2, 33@Int), ['0'])
      --> ['SelectCol', ['SelectRow1', ['SelectRow1', 'input@0', '<=', 'percentage', 39], '==', 'percentage', 33], ['country']]
    # SelectCol(SelectRow1(SelectRow1(@param0, <=, 2, 40@Int), ==, 0, China@Str), ['0'])
      --> ['SelectCol', ['SelectRow1', ['SelectRow1', 'input@0', '<=', 'percentage', 40], '==', 'country', 'China'], ['country']]
    # SelectCol(SelectRow1(SelectRow1(@param0, <=, 2, 40@Int), ==, 2, 33@Int), ['0'])
      --> ['SelectCol', ['SelectRow1', ['SelectRow1', 'input@0', '<=', 'percentage', 40], '==', 'percentage', 33], ['country']]
    # SelectCol(SelectRow1(SelectRow1(@param0, <=, 2, 41@Int), ==, 0, China@Str), ['0'])
      --> ['SelectCol', ['SelectRow1', ['SelectRow1', 'input@0', '<=', 'percentage', 41], '==', 'country', 'China'], ['country']]
    # SelectCol(SelectRow1(SelectRow1(@param0, <=, 2, 41@Int), ==, 2, 33@Int), ['0'])
      --> ['SelectCol', ['SelectRow1', ['SelectRow1', 'input@0', '<=', 'percentage', 41], '==', 'percentage', 33], ['country']]
    # SelectCol(SelectRow1(SelectRow1(@param0, <=, 2, 43@Int), ==, 0, China@Str), ['0'])
      --> ['SelectCol', ['SelectRow1', ['SelectRow1', 'input@0', '<=', 'percentage', 43], '==', 'country', 'China'], ['country']]
    # SelectCol(SelectRow1(SelectRow1(@param0, <=, 2, 43@Int), ==, 2, 33@Int), ['0'])
      --> ['SelectCol', ['SelectRow1', ['SelectRow1', 'input@0', '<=', 'percentage', 43], '==', 'percentage', 33], ['country']]
    # SelectCol(SelectRow1(SelectRow1(@param0, <=, 2, 42@Int), ==, 0, China@Str), ['0'])
      --> ['SelectCol', ['SelectRow1', ['SelectRow1', 'input@0', '<=', 'percentage', 42], '==', 'country', 'China'], ['country']]
    # SelectCol(SelectRow1(SelectRow1(@param0, <=, 2, 42@Int), ==, 2, 33@Int), ['0'])
      --> ['SelectCol', ['SelectRow1', ['SelectRow1', 'input@0', '<=', 'percentage', 42], '==', 'percentage', 33], ['country']]
    # SelectCol(SelectRow1(SelectRow1(@param0, <=, 2, 46@Int), ==, 2, 33@Int), ['0'])
      --> ['SelectCol', ['SelectRow1', ['SelectRow1', 'input@0', '<=', 'percentage', 46], '==', 'percentage', 33], ['country']]
    # SelectCol(SelectRow1(SelectRow1(@param0, <=, 2, 46@Int), ==, 2, 45@Int), ['0'])
      --> ['SelectCol', ['SelectRow1', ['SelectRow1', 'input@0', '<=', 'percentage', 46], '==', 'percentage', 45], ['country']]
    # SelectCol(SelectRow1(SelectRow1(@param0, <=, 2, 48@Int), ==, 2, 33@Int), ['0'])
      --> ['SelectCol', ['SelectRow1', ['SelectRow1', 'input@0', '<=', 'percentage', 48], '==', 'percentage', 33], ['country']]
    # SelectCol(SelectRow1(SelectRow1(@param0, <=, 2, 48@Int), ==, 2, 45@Int), ['0'])
      --> ['SelectCol', ['SelectRow1', ['SelectRow1', 'input@0', '<=', 'percentage', 48], '==', 'percentage', 45], ['country']]
    # SelectCol(SelectRow1(SelectRow1(@param0, <=, 2, 50@Int), ==, 2, 33@Int), ['0'])
      --> ['SelectCol', ['SelectRow1', ['SelectRow1', 'input@0', '<=', 'percentage', 50], '==', 'percentage', 33], ['country']]
    # SelectCol(SelectRow1(SelectRow1(@param0, <=, 2, 50@Int), ==, 2, 45@Int), ['0'])
      --> ['SelectCol', ['SelectRow1', ['SelectRow1', 'input@0', '<=', 'percentage', 50], '==', 'percentage', 45], ['country']]
    # SelectCol(SelectRow1(SelectRow1(@param0, <=, 2, 51@Int), ==, 2, 33@Int), ['0'])
      --> ['SelectCol', ['SelectRow1', ['SelectRow1', 'input@0', '<=', 'percentage', 51], '==', 'percentage', 33], ['country']]
    # SelectCol(SelectRow1(SelectRow1(@param0, <=, 2, 51@Int), ==, 2, 45@Int), ['0'])
      --> ['SelectCol', ['SelectRow1', ['SelectRow1', 'input@0', '<=', 'percentage', 51], '==', 'percentage', 45], ['country']]
    # SelectCol(SelectRow1(SelectRow1(@param0, <=, 2, 45@Int), ==, 2, 33@Int), ['0'])
      --> ['SelectCol', ['SelectRow1', ['SelectRow1', 'input@0', '<=', 'percentage', 45], '==', 'percentage', 33], ['country']]
    # SelectCol(SelectRow1(SelectRow1(@param0, <=, 2, 45@Int), ==, 2, 45@Int), ['0'])
      --> ['SelectCol', ['SelectRow1', ['SelectRow1', 'input@0', '<=', 'percentage', 45], '==', 'percentage', 45], ['country']]
    # SelectCol(SelectRow1(SelectRow1(@param0, <=, 2, 45@Int), >=, 2, 45@Int), ['0'])
      --> ['SelectCol', ['SelectRow1', ['SelectRow1', 'input@0', '<=', 'percentage', 45], '>=', 'percentage', 45], ['country']]
    # SelectCol(SelectRow1(SelectRow1(@param0, <=, 2, 45@Int), >, 2, 43@Int), ['0'])
      --> ['SelectCol', ['SelectRow1', ['SelectRow1', 'input@0', '<=', 'percentage', 45], '>', 'percentage', 43], ['country']]
    # SelectCol(SelectRow1(SelectRow1(@param0, <=, 2, 53@Int), ==, 2, 33@Int), ['0'])
      --> ['SelectCol', ['SelectRow1', ['SelectRow1', 'input@0', '<=', 'percentage', 53], '==', 'percentage', 33], ['country']]
    # SelectCol(SelectRow1(SelectRow1(@param0, <=, 2, 53@Int), ==, 2, 45@Int), ['0'])
      --> ['SelectCol', ['SelectRow1', ['SelectRow1', 'input@0', '<=', 'percentage', 53], '==', 'percentage', 45], ['country']]
    # SelectCol(SelectRow1(SelectRow1(@param0, <=, 2, 54@Int), ==, 2, 33@Int), ['0'])
      --> ['SelectCol', ['SelectRow1', ['SelectRow1', 'input@0', '<=', 'percentage', 54], '==', 'percentage', 33], ['country']]
    # SelectCol(SelectRow1(SelectRow1(@param0, <=, 2, 54@Int), ==, 2, 45@Int), ['0'])
      --> ['SelectCol', ['SelectRow1', ['SelectRow1', 'input@0', '<=', 'percentage', 54], '==', 'percentage', 45], ['country']]
    # SelectCol(SelectRow1(SelectRow1(@param0, <=, 2, 56@Int), ==, 2, 33@Int), ['0'])
      --> ['SelectCol', ['SelectRow1', ['SelectRow1', 'input@0', '<=', 'percentage', 56], '==', 'percentage', 33], ['country']]
    # SelectCol(SelectRow1(SelectRow1(@param0, <=, 2, 56@Int), ==, 2, 45@Int), ['0'])
      --> ['SelectCol', ['SelectRow1', ['SelectRow1', 'input@0', '<=', 'percentage', 56], '==', 'percentage', 45], ['country']]
    # SelectCol(SelectRow1(SelectRow1(@param0, <=, 2, 57@Int), ==, 2, 33@Int), ['0'])
      --> ['SelectCol', ['SelectRow1', ['SelectRow1', 'input@0', '<=', 'percentage', 57], '==', 'percentage', 33], ['country']]
    # SelectCol(SelectRow1(SelectRow1(@param0, <=, 2, 57@Int), ==, 2, 45@Int), ['0'])
      --> ['SelectCol', ['SelectRow1', ['SelectRow1', 'input@0', '<=', 'percentage', 57], '==', 'percentage', 45], ['country']]
    # SelectCol(SelectRow1(SelectRow1(@param0, <=, 2, 59@Int), ==, 2, 33@Int), ['0'])
      --> ['SelectCol', ['SelectRow1', ['SelectRow1', 'input@0', '<=', 'percentage', 59], '==', 'percentage', 33], ['country']]
    # SelectCol(SelectRow1(SelectRow1(@param0, <=, 2, 59@Int), ==, 2, 45@Int), ['0'])
      --> ['SelectCol', ['SelectRow1', ['SelectRow1', 'input@0', '<=', 'percentage', 59], '==', 'percentage', 45], ['country']]
    # SelectCol(SelectRow1(SelectRow1(@param0, <=, 2, 64@Int), ==, 2, 33@Int), ['0'])
      --> ['SelectCol', ['SelectRow1', ['SelectRow1', 'input@0', '<=', 'percentage', 64], '==', 'percentage', 33], ['country']]
    # SelectCol(SelectRow1(SelectRow1(@param0, <=, 2, 64@Int), ==, 2, 45@Int), ['0'])
      --> ['SelectCol', ['SelectRow1', ['SelectRow1', 'input@0', '<=', 'percentage', 64], '==', 'percentage', 45], ['country']]
    # SelectCol(SelectRow1(SelectRow1(@param0, <=, 2, 65@Int), ==, 2, 33@Int), ['0'])
      --> ['SelectCol', ['SelectRow1', ['SelectRow1', 'input@0', '<=', 'percentage', 65], '==', 'percentage', 33], ['country']]
    # SelectCol(SelectRow1(SelectRow1(@param0, <=, 2, 65@Int), ==, 2, 45@Int), ['0'])
      --> ['SelectCol', ['SelectRow1', ['SelectRow1', 'input@0', '<=', 'percentage', 65], '==', 'percentage', 45], ['country']]
    # SelectCol(SelectRow1(SelectRow1(@param0, <=, 2, 67@Int), ==, 2, 33@Int), ['0'])
      --> ['SelectCol', ['SelectRow1', ['SelectRow1', 'input@0', '<=', 'percentage', 67], '==', 'percentage', 33], ['country']]
    # SelectCol(SelectRow1(SelectRow1(@param0, <=, 2, 67@Int), ==, 2, 45@Int), ['0'])
      --> ['SelectCol', ['SelectRow1', ['SelectRow1', 'input@0', '<=', 'percentage', 67], '==', 'percentage', 45], ['country']]
    # SelectCol(SelectRow1(SelectRow1(@param0, <=, 2, 69@Int), ==, 2, 33@Int), ['0'])
      --> ['SelectCol', ['SelectRow1', ['SelectRow1', 'input@0', '<=', 'percentage', 69], '==', 'percentage', 33], ['country']]
    # SelectCol(SelectRow1(SelectRow1(@param0, <=, 2, 69@Int), ==, 2, 45@Int), ['0'])
      --> ['SelectCol', ['SelectRow1', ['SelectRow1', 'input@0', '<=', 'percentage', 69], '==', 'percentage', 45], ['country']]
    # SelectCol(SelectRow1(SelectRow1(@param0, <=, 2, 73@Int), ==, 2, 33@Int), ['0'])
      --> ['SelectCol', ['SelectRow1', ['SelectRow1', 'input@0', '<=', 'percentage', 73], '==', 'percentage', 33], ['country']]
    # SelectCol(SelectRow1(SelectRow1(@param0, <=, 2, 73@Int), ==, 2, 45@Int), ['0'])
      --> ['SelectCol', ['SelectRow1', ['SelectRow1', 'input@0', '<=', 'percentage', 73], '==', 'percentage', 45], ['country']]
    # SelectCol(SelectRow1(SelectRow1(@param0, <=, 2, 77@Int), ==, 2, 33@Int), ['0'])
      --> ['SelectCol', ['SelectRow1', ['SelectRow1', 'input@0', '<=', 'percentage', 77], '==', 'percentage', 33], ['country']]
    # SelectCol(SelectRow1(SelectRow1(@param0, <=, 2, 77@Int), ==, 2, 45@Int), ['0'])
      --> ['SelectCol', ['SelectRow1', ['SelectRow1', 'input@0', '<=', 'percentage', 77], '==', 'percentage', 45], ['country']]
    # SelectCol(SelectRow1(SelectRow1(@param0, <=, 2, 81@Int), ==, 2, 33@Int), ['0'])
      --> ['SelectCol', ['SelectRow1', ['SelectRow1', 'input@0', '<=', 'percentage', 81], '==', 'percentage', 33], ['country']]
    # SelectCol(SelectRow1(SelectRow1(@param0, <=, 2, 81@Int), ==, 2, 45@Int), ['0'])
      --> ['SelectCol', ['SelectRow1', ['SelectRow1', 'input@0', '<=', 'percentage', 81], '==', 'percentage', 45], ['country']]
    # SelectCol(SelectRow1(SelectRow1(@param0, ==, 0, China@Str), <, 2, 35@Int), ['0'])
      --> ['SelectCol', ['SelectRow1', ['SelectRow1', 'input@0', '==', 'country', 'China'], '<', 'percentage', 35], ['country']]
    # SelectCol(SelectRow1(SelectRow1(@param0, ==, 0, China@Str), <, 2, 37@Int), ['0'])
      --> ['SelectCol', ['SelectRow1', ['SelectRow1', 'input@0', '==', 'country', 'China'], '<', 'percentage', 37], ['country']]
    # SelectCol(SelectRow1(SelectRow1(@param0, ==, 0, China@Str), <, 2, 39@Int), ['0'])
      --> ['SelectCol', ['SelectRow1', ['SelectRow1', 'input@0', '==', 'country', 'China'], '<', 'percentage', 39], ['country']]
    # SelectCol(SelectRow1(SelectRow1(@param0, ==, 0, China@Str), <, 2, 40@Int), ['0'])
      --> ['SelectCol', ['SelectRow1', ['SelectRow1', 'input@0', '==', 'country', 'China'], '<', 'percentage', 40], ['country']]
    # SelectCol(SelectRow1(SelectRow1(@param0, ==, 0, China@Str), <, 2, 41@Int), ['0'])
      --> ['SelectCol', ['SelectRow1', ['SelectRow1', 'input@0', '==', 'country', 'China'], '<', 'percentage', 41], ['country']]
    # SelectCol(SelectRow1(SelectRow1(@param0, ==, 0, China@Str), <, 2, 43@Int), ['0'])
      --> ['SelectCol', ['SelectRow1', ['SelectRow1', 'input@0', '==', 'country', 'China'], '<', 'percentage', 43], ['country']]
    # SelectCol(SelectRow1(SelectRow1(@param0, ==, 0, China@Str), <, 2, 42@Int), ['0'])
      --> ['SelectCol', ['SelectRow1', ['SelectRow1', 'input@0', '==', 'country', 'China'], '<', 'percentage', 42], ['country']]
    # SelectCol(SelectRow1(SelectRow1(@param0, ==, 0, China@Str), <, 2, 45@Int), ['0'])
      --> ['SelectCol', ['SelectRow1', ['SelectRow1', 'input@0', '==', 'country', 'China'], '<', 'percentage', 45], ['country']]
    # SelectCol(SelectRow1(SelectRow1(@param0, ==, 0, China@Str), <=, 2, 33@Int), ['0'])
      --> ['SelectCol', ['SelectRow1', ['SelectRow1', 'input@0', '==', 'country', 'China'], '<=', 'percentage', 33], ['country']]
    # SelectCol(SelectRow1(SelectRow1(@param0, ==, 0, China@Str), <=, 2, 35@Int), ['0'])
      --> ['SelectCol', ['SelectRow1', ['SelectRow1', 'input@0', '==', 'country', 'China'], '<=', 'percentage', 35], ['country']]
    # SelectCol(SelectRow1(SelectRow1(@param0, ==, 0, China@Str), <=, 2, 37@Int), ['0'])
      --> ['SelectCol', ['SelectRow1', ['SelectRow1', 'input@0', '==', 'country', 'China'], '<=', 'percentage', 37], ['country']]
    # SelectCol(SelectRow1(SelectRow1(@param0, ==, 0, China@Str), <=, 2, 39@Int), ['0'])
      --> ['SelectCol', ['SelectRow1', ['SelectRow1', 'input@0', '==', 'country', 'China'], '<=', 'percentage', 39], ['country']]
    # SelectCol(SelectRow1(SelectRow1(@param0, ==, 0, China@Str), <=, 2, 40@Int), ['0'])
      --> ['SelectCol', ['SelectRow1', ['SelectRow1', 'input@0', '==', 'country', 'China'], '<=', 'percentage', 40], ['country']]
    # SelectCol(SelectRow1(SelectRow1(@param0, ==, 0, China@Str), <=, 2, 41@Int), ['0'])
      --> ['SelectCol', ['SelectRow1', ['SelectRow1', 'input@0', '==', 'country', 'China'], '<=', 'percentage', 41], ['country']]
    # SelectCol(SelectRow1(SelectRow1(@param0, ==, 0, China@Str), <=, 2, 43@Int), ['0'])
      --> ['SelectCol', ['SelectRow1', ['SelectRow1', 'input@0', '==', 'country', 'China'], '<=', 'percentage', 43], ['country']]
    # SelectCol(SelectRow1(SelectRow1(@param0, ==, 0, China@Str), <=, 2, 42@Int), ['0'])
      --> ['SelectCol', ['SelectRow1', ['SelectRow1', 'input@0', '==', 'country', 'China'], '<=', 'percentage', 42], ['country']]
    # SelectCol(SelectRow1(SelectRow1(@param0, ==, 0, China@Str), ==, 1, Most succeed if work hard@Str), ['0'])
      --> ['SelectCol', ['SelectRow1', ['SelectRow1', 'input@0', '==', 'country', 'China'], '==', 'response', 'Most succeed if work hard'], ['country']]
    # SelectCol(SelectRow1(SelectRow1(@param0, ==, 0, China@Str), ==, 1, Hard work no guarantee@Str), ['0'])
      --> ['SelectCol', ['SelectRow1', ['SelectRow1', 'input@0', '==', 'country', 'China'], '==', 'response', 'Hard work no guarantee'], ['country']]
    # SelectCol(SelectRow1(SelectRow1(@param0, ==, 0, China@Str), ==, 2, 33@Int), ['0'])
      --> ['SelectCol', ['SelectRow1', ['SelectRow1', 'input@0', '==', 'country', 'China'], '==', 'percentage', 33], ['country']]
    # SelectCol(SelectRow1(SelectRow1(@param0, ==, 0, China@Str), ==, 2, 45@Int), ['0'])
      --> ['SelectCol', ['SelectRow1', ['SelectRow1', 'input@0', '==', 'country', 'China'], '==', 'percentage', 45], ['country']]
    # SelectCol(SelectRow1(SelectRow1(@param0, ==, 0, China@Str), ==, 3, blue@Str), ['0'])
      --> ['SelectCol', ['SelectRow1', ['SelectRow1', 'input@0', '==', 'country', 'China'], '==', 'color', 'blue'], ['country']]
    # SelectCol(SelectRow1(SelectRow1(@param0, ==, 0, China@Str), ==, 3, orange@Str), ['0'])
      --> ['SelectCol', ['SelectRow1', ['SelectRow1', 'input@0', '==', 'country', 'China'], '==', 'color', 'orange'], ['country']]
    # SelectCol(SelectRow1(SelectRow1(@param0, ==, 0, China@Str), >=, 2, 35@Int), ['0'])
      --> ['SelectCol', ['SelectRow1', ['SelectRow1', 'input@0', '==', 'country', 'China'], '>=', 'percentage', 35], ['country']]
    # SelectCol(SelectRow1(SelectRow1(@param0, ==, 0, China@Str), >=, 2, 37@Int), ['0'])
      --> ['SelectCol', ['SelectRow1', ['SelectRow1', 'input@0', '==', 'country', 'China'], '>=', 'percentage', 37], ['country']]
    # SelectCol(SelectRow1(SelectRow1(@param0, ==, 0, China@Str), >=, 2, 39@Int), ['0'])
      --> ['SelectCol', ['SelectRow1', ['SelectRow1', 'input@0', '==', 'country', 'China'], '>=', 'percentage', 39], ['country']]
    # SelectCol(SelectRow1(SelectRow1(@param0, ==, 0, China@Str), >=, 2, 40@Int), ['0'])
      --> ['SelectCol', ['SelectRow1', ['SelectRow1', 'input@0', '==', 'country', 'China'], '>=', 'percentage', 40], ['country']]
    # SelectCol(SelectRow1(SelectRow1(@param0, ==, 0, China@Str), >=, 2, 41@Int), ['0'])
      --> ['SelectCol', ['SelectRow1', ['SelectRow1', 'input@0', '==', 'country', 'China'], '>=', 'percentage', 41], ['country']]
    # SelectCol(SelectRow1(SelectRow1(@param0, ==, 0, China@Str), >=, 2, 43@Int), ['0'])
      --> ['SelectCol', ['SelectRow1', ['SelectRow1', 'input@0', '==', 'country', 'China'], '>=', 'percentage', 43], ['country']]
    # SelectCol(SelectRow1(SelectRow1(@param0, ==, 0, China@Str), >=, 2, 42@Int), ['0'])
      --> ['SelectCol', ['SelectRow1', ['SelectRow1', 'input@0', '==', 'country', 'China'], '>=', 'percentage', 42], ['country']]
    # SelectCol(SelectRow1(SelectRow1(@param0, ==, 0, China@Str), >=, 2, 45@Int), ['0'])
      --> ['SelectCol', ['SelectRow1', ['SelectRow1', 'input@0', '==', 'country', 'China'], '>=', 'percentage', 45], ['country']]
    # SelectCol(SelectRow1(SelectRow1(@param0, ==, 0, China@Str), >, 2, 33@Int), ['0'])
      --> ['SelectCol', ['SelectRow1', ['SelectRow1', 'input@0', '==', 'country', 'China'], '>', 'percentage', 33], ['country']]
    # SelectCol(SelectRow1(SelectRow1(@param0, ==, 0, China@Str), >, 2, 35@Int), ['0'])
      --> ['SelectCol', ['SelectRow1', ['SelectRow1', 'input@0', '==', 'country', 'China'], '>', 'percentage', 35], ['country']]
    # SelectCol(SelectRow1(SelectRow1(@param0, ==, 0, China@Str), >, 2, 37@Int), ['0'])
      --> ['SelectCol', ['SelectRow1', ['SelectRow1', 'input@0', '==', 'country', 'China'], '>', 'percentage', 37], ['country']]
    # SelectCol(SelectRow1(SelectRow1(@param0, ==, 0, China@Str), >, 2, 39@Int), ['0'])
      --> ['SelectCol', ['SelectRow1', ['SelectRow1', 'input@0', '==', 'country', 'China'], '>', 'percentage', 39], ['country']]
    # SelectCol(SelectRow1(SelectRow1(@param0, ==, 0, China@Str), >, 2, 40@Int), ['0'])
      --> ['SelectCol', ['SelectRow1', ['SelectRow1', 'input@0', '==', 'country', 'China'], '>', 'percentage', 40], ['country']]
    # SelectCol(SelectRow1(SelectRow1(@param0, ==, 0, China@Str), >, 2, 41@Int), ['0'])
      --> ['SelectCol', ['SelectRow1', ['SelectRow1', 'input@0', '==', 'country', 'China'], '>', 'percentage', 41], ['country']]
    # SelectCol(SelectRow1(SelectRow1(@param0, ==, 0, China@Str), >, 2, 43@Int), ['0'])
      --> ['SelectCol', ['SelectRow1', ['SelectRow1', 'input@0', '==', 'country', 'China'], '>', 'percentage', 43], ['country']]
    # SelectCol(SelectRow1(SelectRow1(@param0, ==, 0, China@Str), >, 2, 42@Int), ['0'])
      --> ['SelectCol', ['SelectRow1', ['SelectRow1', 'input@0', '==', 'country', 'China'], '>', 'percentage', 42], ['country']]
    # SelectCol(SelectRow1(SelectRow1(@param0, ==, 0, China@Str), !=, 1, Most succeed if work hard@Str), ['0'])
      --> ['SelectCol', ['SelectRow1', ['SelectRow1', 'input@0', '==', 'country', 'China'], '!=', 'response', 'Most succeed if work hard'], ['country']]
    # SelectCol(SelectRow1(SelectRow1(@param0, ==, 0, China@Str), !=, 1, Hard work no guarantee@Str), ['0'])
      --> ['SelectCol', ['SelectRow1', ['SelectRow1', 'input@0', '==', 'country', 'China'], '!=', 'response', 'Hard work no guarantee'], ['country']]
    # SelectCol(SelectRow1(SelectRow1(@param0, ==, 0, China@Str), !=, 2, 33@Int), ['0'])
      --> ['SelectCol', ['SelectRow1', ['SelectRow1', 'input@0', '==', 'country', 'China'], '!=', 'percentage', 33], ['country']]
    # SelectCol(SelectRow1(SelectRow1(@param0, ==, 0, China@Str), !=, 2, 45@Int), ['0'])
      --> ['SelectCol', ['SelectRow1', ['SelectRow1', 'input@0', '==', 'country', 'China'], '!=', 'percentage', 45], ['country']]
    # SelectCol(SelectRow1(SelectRow1(@param0, ==, 0, China@Str), !=, 3, blue@Str), ['0'])
      --> ['SelectCol', ['SelectRow1', ['SelectRow1', 'input@0', '==', 'country', 'China'], '!=', 'color', 'blue'], ['country']]
    # SelectCol(SelectRow1(SelectRow1(@param0, ==, 0, China@Str), !=, 3, orange@Str), ['0'])
      --> ['SelectCol', ['SelectRow1', ['SelectRow1', 'input@0', '==', 'country', 'China'], '!=', 'color', 'orange'], ['country']]
---------- timeout ----------

# ========== review report ========== #
# top-1, score: 0.00, answer: ['China']
  # tprog: SelectCol(SelectRow0(SelectRow1(@param0, <, 2, 35@Int), eqmax, 2), ['0'])
# top-2, score: 0.00, answer: ['China']
  # tprog: SelectCol(SelectRow0(SelectRow1(@param0, <, 2, 46@Int), eqmax, 2), ['0'])
# top-3, score: 0.00, answer: ['China']
  # tprog: SelectCol(SelectRow0(SelectRow1(@param0, <=, 2, 33@Int), eqmax, 2), ['0'])
# top-4, score: 0.00, answer: ['China']
  # tprog: SelectCol(SelectRow0(SelectRow1(@param0, <=, 2, 45@Int), eqmax, 2), ['0'])
# top-5, score: 0.00, answer: ['China']
  # tprog: SelectCol(SelectRow0(SelectRow1(@param0, ==, 0, China@Str), eqmin, 2), ['0'])
# top-6, score: 0.00, answer: ['China']
  # tprog: SelectCol(SelectRow0(SelectRow1(@param0, ==, 0, China@Str), eqmax, 2), ['0'])
# top-7, score: 0.00, answer: ['China']
  # tprog: SelectCol(SelectRow0(SelectRow1(@param0, >=, 2, 33@Int), eqmin, 2), ['0'])
# top-8, score: 0.00, answer: ['China']
  # tprog: SelectCol(SelectRow0(SelectRow1(@param0, >=, 2, 45@Int), eqmin, 2), ['0'])
# top-9, score: 0.00, answer: ['China']
  # tprog: SelectCol(SelectRow0(SelectRow1(@param0, >, 2, 32@Int), eqmin, 2), ['0'])
# top-10, score: 0.00, answer: ['China']
  # tprog: SelectCol(SelectRow0(SelectRow1(@param0, >, 2, 43@Int), eqmin, 2), ['0'])
# top-11, score: 0.00, answer: ['China']
  # tprog: SelectCol(SelectRow1(SelectRow1(@param0, <, 2, 35@Int), ==, 0, China@Str), ['0'])
# top-12, score: 0.00, answer: ['China']
  # tprog: SelectCol(SelectRow1(SelectRow1(@param0, <, 2, 35@Int), ==, 2, 33@Int), ['0'])
# top-13, score: 0.00, answer: ['China']
  # tprog: SelectCol(SelectRow1(SelectRow1(@param0, <, 2, 35@Int), >=, 2, 33@Int), ['0'])
# top-14, score: 0.00, answer: ['China']
  # tprog: SelectCol(SelectRow1(SelectRow1(@param0, <, 2, 35@Int), >, 2, 32@Int), ['0'])
# top-15, score: 0.00, answer: ['China']
  # tprog: SelectCol(SelectRow1(SelectRow1(@param0, <, 2, 37@Int), ==, 0, China@Str), ['0'])
# top-16, score: 0.00, answer: ['China']
  # tprog: SelectCol(SelectRow1(SelectRow1(@param0, <, 2, 37@Int), ==, 2, 33@Int), ['0'])
# top-17, score: 0.00, answer: ['China']
  # tprog: SelectCol(SelectRow1(SelectRow1(@param0, <, 2, 39@Int), ==, 0, China@Str), ['0'])
# top-18, score: 0.00, answer: ['China']
  # tprog: SelectCol(SelectRow1(SelectRow1(@param0, <, 2, 39@Int), ==, 2, 33@Int), ['0'])
# top-19, score: 0.00, answer: ['China']
  # tprog: SelectCol(SelectRow1(SelectRow1(@param0, <, 2, 40@Int), ==, 0, China@Str), ['0'])
# top-20, score: 0.00, answer: ['China']
  # tprog: SelectCol(SelectRow1(SelectRow1(@param0, <, 2, 40@Int), ==, 2, 33@Int), ['0'])
# top-21, score: 0.00, answer: ['China']
  # tprog: SelectCol(SelectRow1(SelectRow1(@param0, <, 2, 41@Int), ==, 0, China@Str), ['0'])
# top-22, score: 0.00, answer: ['China']
  # tprog: SelectCol(SelectRow1(SelectRow1(@param0, <, 2, 41@Int), ==, 2, 33@Int), ['0'])
# top-23, score: 0.00, answer: ['China']
  # tprog: SelectCol(SelectRow1(SelectRow1(@param0, <, 2, 43@Int), ==, 0, China@Str), ['0'])
# top-24, score: 0.00, answer: ['China']
  # tprog: SelectCol(SelectRow1(SelectRow1(@param0, <, 2, 43@Int), ==, 2, 33@Int), ['0'])
# top-25, score: 0.00, answer: ['China']
  # tprog: SelectCol(SelectRow1(SelectRow1(@param0, <, 2, 42@Int), ==, 0, China@Str), ['0'])
# top-26, score: 0.00, answer: ['China']
  # tprog: SelectCol(SelectRow1(SelectRow1(@param0, <, 2, 42@Int), ==, 2, 33@Int), ['0'])
# top-27, score: 0.00, answer: ['China']
  # tprog: SelectCol(SelectRow1(SelectRow1(@param0, <, 2, 46@Int), ==, 2, 33@Int), ['0'])
# top-28, score: 0.00, answer: ['China']
  # tprog: SelectCol(SelectRow1(SelectRow1(@param0, <, 2, 46@Int), ==, 2, 45@Int), ['0'])
# top-29, score: 0.00, answer: ['China']
  # tprog: SelectCol(SelectRow1(SelectRow1(@param0, <, 2, 46@Int), >=, 2, 45@Int), ['0'])
# top-30, score: 0.00, answer: ['China']
  # tprog: SelectCol(SelectRow1(SelectRow1(@param0, <, 2, 46@Int), >, 2, 43@Int), ['0'])
# top-31, score: 0.00, answer: ['China']
  # tprog: SelectCol(SelectRow1(SelectRow1(@param0, <, 2, 48@Int), ==, 2, 33@Int), ['0'])
# top-32, score: 0.00, answer: ['China']
  # tprog: SelectCol(SelectRow1(SelectRow1(@param0, <, 2, 48@Int), ==, 2, 45@Int), ['0'])
# top-33, score: 0.00, answer: ['China']
  # tprog: SelectCol(SelectRow1(SelectRow1(@param0, <, 2, 50@Int), ==, 2, 33@Int), ['0'])
# top-34, score: 0.00, answer: ['China']
  # tprog: SelectCol(SelectRow1(SelectRow1(@param0, <, 2, 50@Int), ==, 2, 45@Int), ['0'])
# top-35, score: 0.00, answer: ['China']
  # tprog: SelectCol(SelectRow1(SelectRow1(@param0, <, 2, 51@Int), ==, 2, 33@Int), ['0'])
# top-36, score: 0.00, answer: ['China']
  # tprog: SelectCol(SelectRow1(SelectRow1(@param0, <, 2, 51@Int), ==, 2, 45@Int), ['0'])
# top-37, score: 0.00, answer: ['China']
  # tprog: SelectCol(SelectRow1(SelectRow1(@param0, <, 2, 45@Int), ==, 0, China@Str), ['0'])
# top-38, score: 0.00, answer: ['China']
  # tprog: SelectCol(SelectRow1(SelectRow1(@param0, <, 2, 45@Int), ==, 2, 33@Int), ['0'])
# top-39, score: 0.00, answer: ['China']
  # tprog: SelectCol(SelectRow1(SelectRow1(@param0, <, 2, 53@Int), ==, 2, 33@Int), ['0'])
# top-40, score: 0.00, answer: ['China']
  # tprog: SelectCol(SelectRow1(SelectRow1(@param0, <, 2, 53@Int), ==, 2, 45@Int), ['0'])
# top-41, score: 0.00, answer: ['China']
  # tprog: SelectCol(SelectRow1(SelectRow1(@param0, <, 2, 54@Int), ==, 2, 33@Int), ['0'])
# top-42, score: 0.00, answer: ['China']
  # tprog: SelectCol(SelectRow1(SelectRow1(@param0, <, 2, 54@Int), ==, 2, 45@Int), ['0'])
# top-43, score: 0.00, answer: ['China']
  # tprog: SelectCol(SelectRow1(SelectRow1(@param0, <, 2, 56@Int), ==, 2, 33@Int), ['0'])
# top-44, score: 0.00, answer: ['China']
  # tprog: SelectCol(SelectRow1(SelectRow1(@param0, <, 2, 56@Int), ==, 2, 45@Int), ['0'])
# top-45, score: 0.00, answer: ['China']
  # tprog: SelectCol(SelectRow1(SelectRow1(@param0, <, 2, 57@Int), ==, 2, 33@Int), ['0'])
# top-46, score: 0.00, answer: ['China']
  # tprog: SelectCol(SelectRow1(SelectRow1(@param0, <, 2, 57@Int), ==, 2, 45@Int), ['0'])
# top-47, score: 0.00, answer: ['China']
  # tprog: SelectCol(SelectRow1(SelectRow1(@param0, <, 2, 59@Int), ==, 2, 33@Int), ['0'])
# top-48, score: 0.00, answer: ['China']
  # tprog: SelectCol(SelectRow1(SelectRow1(@param0, <, 2, 59@Int), ==, 2, 45@Int), ['0'])
# top-49, score: 0.00, answer: ['China']
  # tprog: SelectCol(SelectRow1(SelectRow1(@param0, <, 2, 64@Int), ==, 2, 33@Int), ['0'])
# top-50, score: 0.00, answer: ['China']
  # tprog: SelectCol(SelectRow1(SelectRow1(@param0, <, 2, 64@Int), ==, 2, 45@Int), ['0'])
# top-51, score: 0.00, answer: ['China']
  # tprog: SelectCol(SelectRow1(SelectRow1(@param0, <, 2, 65@Int), ==, 2, 33@Int), ['0'])
# top-52, score: 0.00, answer: ['China']
  # tprog: SelectCol(SelectRow1(SelectRow1(@param0, <, 2, 65@Int), ==, 2, 45@Int), ['0'])
# top-53, score: 0.00, answer: ['China']
  # tprog: SelectCol(SelectRow1(SelectRow1(@param0, <, 2, 67@Int), ==, 2, 33@Int), ['0'])
# top-54, score: 0.00, answer: ['China']
  # tprog: SelectCol(SelectRow1(SelectRow1(@param0, <, 2, 67@Int), ==, 2, 45@Int), ['0'])
# top-55, score: 0.00, answer: ['China']
  # tprog: SelectCol(SelectRow1(SelectRow1(@param0, <, 2, 69@Int), ==, 2, 33@Int), ['0'])
# top-56, score: 0.00, answer: ['China']
  # tprog: SelectCol(SelectRow1(SelectRow1(@param0, <, 2, 69@Int), ==, 2, 45@Int), ['0'])
# top-57, score: 0.00, answer: ['China']
  # tprog: SelectCol(SelectRow1(SelectRow1(@param0, <, 2, 73@Int), ==, 2, 33@Int), ['0'])
# top-58, score: 0.00, answer: ['China']
  # tprog: SelectCol(SelectRow1(SelectRow1(@param0, <, 2, 73@Int), ==, 2, 45@Int), ['0'])
# top-59, score: 0.00, answer: ['China']
  # tprog: SelectCol(SelectRow1(SelectRow1(@param0, <, 2, 77@Int), ==, 2, 33@Int), ['0'])
# top-60, score: 0.00, answer: ['China']
  # tprog: SelectCol(SelectRow1(SelectRow1(@param0, <, 2, 77@Int), ==, 2, 45@Int), ['0'])
# top-61, score: 0.00, answer: ['China']
  # tprog: SelectCol(SelectRow1(SelectRow1(@param0, <, 2, 81@Int), ==, 2, 33@Int), ['0'])
# top-62, score: 0.00, answer: ['China']
  # tprog: SelectCol(SelectRow1(SelectRow1(@param0, <, 2, 81@Int), ==, 2, 45@Int), ['0'])
# top-63, score: 0.00, answer: ['China']
  # tprog: SelectCol(SelectRow1(SelectRow1(@param0, <=, 2, 33@Int), ==, 0, China@Str), ['0'])
# top-64, score: 0.00, answer: ['China']
  # tprog: SelectCol(SelectRow1(SelectRow1(@param0, <=, 2, 33@Int), ==, 2, 33@Int), ['0'])
# top-65, score: 0.00, answer: ['China']
  # tprog: SelectCol(SelectRow1(SelectRow1(@param0, <=, 2, 33@Int), >=, 2, 33@Int), ['0'])
# top-66, score: 0.00, answer: ['China']
  # tprog: SelectCol(SelectRow1(SelectRow1(@param0, <=, 2, 33@Int), >, 2, 32@Int), ['0'])
# top-67, score: 0.00, answer: ['China']
  # tprog: SelectCol(SelectRow1(SelectRow1(@param0, <=, 2, 35@Int), ==, 0, China@Str), ['0'])
# top-68, score: 0.00, answer: ['China']
  # tprog: SelectCol(SelectRow1(SelectRow1(@param0, <=, 2, 35@Int), ==, 2, 33@Int), ['0'])
# top-69, score: 0.00, answer: ['China']
  # tprog: SelectCol(SelectRow1(SelectRow1(@param0, <=, 2, 37@Int), ==, 0, China@Str), ['0'])
# top-70, score: 0.00, answer: ['China']
  # tprog: SelectCol(SelectRow1(SelectRow1(@param0, <=, 2, 37@Int), ==, 2, 33@Int), ['0'])
# top-71, score: 0.00, answer: ['China']
  # tprog: SelectCol(SelectRow1(SelectRow1(@param0, <=, 2, 39@Int), ==, 0, China@Str), ['0'])
# top-72, score: 0.00, answer: ['China']
  # tprog: SelectCol(SelectRow1(SelectRow1(@param0, <=, 2, 39@Int), ==, 2, 33@Int), ['0'])
# top-73, score: 0.00, answer: ['China']
  # tprog: SelectCol(SelectRow1(SelectRow1(@param0, <=, 2, 40@Int), ==, 0, China@Str), ['0'])
# top-74, score: 0.00, answer: ['China']
  # tprog: SelectCol(SelectRow1(SelectRow1(@param0, <=, 2, 40@Int), ==, 2, 33@Int), ['0'])
# top-75, score: 0.00, answer: ['China']
  # tprog: SelectCol(SelectRow1(SelectRow1(@param0, <=, 2, 41@Int), ==, 0, China@Str), ['0'])
# top-76, score: 0.00, answer: ['China']
  # tprog: SelectCol(SelectRow1(SelectRow1(@param0, <=, 2, 41@Int), ==, 2, 33@Int), ['0'])
# top-77, score: 0.00, answer: ['China']
  # tprog: SelectCol(SelectRow1(SelectRow1(@param0, <=, 2, 43@Int), ==, 0, China@Str), ['0'])
# top-78, score: 0.00, answer: ['China']
  # tprog: SelectCol(SelectRow1(SelectRow1(@param0, <=, 2, 43@Int), ==, 2, 33@Int), ['0'])
# top-79, score: 0.00, answer: ['China']
  # tprog: SelectCol(SelectRow1(SelectRow1(@param0, <=, 2, 42@Int), ==, 0, China@Str), ['0'])
# top-80, score: 0.00, answer: ['China']
  # tprog: SelectCol(SelectRow1(SelectRow1(@param0, <=, 2, 42@Int), ==, 2, 33@Int), ['0'])
# top-81, score: 0.00, answer: ['China']
  # tprog: SelectCol(SelectRow1(SelectRow1(@param0, <=, 2, 46@Int), ==, 2, 33@Int), ['0'])
# top-82, score: 0.00, answer: ['China']
  # tprog: SelectCol(SelectRow1(SelectRow1(@param0, <=, 2, 46@Int), ==, 2, 45@Int), ['0'])
# top-83, score: 0.00, answer: ['China']
  # tprog: SelectCol(SelectRow1(SelectRow1(@param0, <=, 2, 48@Int), ==, 2, 33@Int), ['0'])
# top-84, score: 0.00, answer: ['China']
  # tprog: SelectCol(SelectRow1(SelectRow1(@param0, <=, 2, 48@Int), ==, 2, 45@Int), ['0'])
# top-85, score: 0.00, answer: ['China']
  # tprog: SelectCol(SelectRow1(SelectRow1(@param0, <=, 2, 50@Int), ==, 2, 33@Int), ['0'])
# top-86, score: 0.00, answer: ['China']
  # tprog: SelectCol(SelectRow1(SelectRow1(@param0, <=, 2, 50@Int), ==, 2, 45@Int), ['0'])
# top-87, score: 0.00, answer: ['China']
  # tprog: SelectCol(SelectRow1(SelectRow1(@param0, <=, 2, 51@Int), ==, 2, 33@Int), ['0'])
# top-88, score: 0.00, answer: ['China']
  # tprog: SelectCol(SelectRow1(SelectRow1(@param0, <=, 2, 51@Int), ==, 2, 45@Int), ['0'])
# top-89, score: 0.00, answer: ['China']
  # tprog: SelectCol(SelectRow1(SelectRow1(@param0, <=, 2, 45@Int), ==, 2, 33@Int), ['0'])
# top-90, score: 0.00, answer: ['China']
  # tprog: SelectCol(SelectRow1(SelectRow1(@param0, <=, 2, 45@Int), ==, 2, 45@Int), ['0'])
# top-91, score: 0.00, answer: ['China']
  # tprog: SelectCol(SelectRow1(SelectRow1(@param0, <=, 2, 45@Int), >=, 2, 45@Int), ['0'])
# top-92, score: 0.00, answer: ['China']
  # tprog: SelectCol(SelectRow1(SelectRow1(@param0, <=, 2, 45@Int), >, 2, 43@Int), ['0'])
# top-93, score: 0.00, answer: ['China']
  # tprog: SelectCol(SelectRow1(SelectRow1(@param0, <=, 2, 53@Int), ==, 2, 33@Int), ['0'])
# top-94, score: 0.00, answer: ['China']
  # tprog: SelectCol(SelectRow1(SelectRow1(@param0, <=, 2, 53@Int), ==, 2, 45@Int), ['0'])
# top-95, score: 0.00, answer: ['China']
  # tprog: SelectCol(SelectRow1(SelectRow1(@param0, <=, 2, 54@Int), ==, 2, 33@Int), ['0'])
# top-96, score: 0.00, answer: ['China']
  # tprog: SelectCol(SelectRow1(SelectRow1(@param0, <=, 2, 54@Int), ==, 2, 45@Int), ['0'])
# top-97, score: 0.00, answer: ['China']
  # tprog: SelectCol(SelectRow1(SelectRow1(@param0, <=, 2, 56@Int), ==, 2, 33@Int), ['0'])
# top-98, score: 0.00, answer: ['China']
  # tprog: SelectCol(SelectRow1(SelectRow1(@param0, <=, 2, 56@Int), ==, 2, 45@Int), ['0'])
# top-99, score: 0.00, answer: ['China']
  # tprog: SelectCol(SelectRow1(SelectRow1(@param0, <=, 2, 57@Int), ==, 2, 33@Int), ['0'])
# top-100, score: 0.00, answer: ['China']
  # tprog: SelectCol(SelectRow1(SelectRow1(@param0, <=, 2, 57@Int), ==, 2, 45@Int), ['0'])
# top-101, score: 0.00, answer: ['China']
  # tprog: SelectCol(SelectRow1(SelectRow1(@param0, <=, 2, 59@Int), ==, 2, 33@Int), ['0'])
# top-102, score: 0.00, answer: ['China']
  # tprog: SelectCol(SelectRow1(SelectRow1(@param0, <=, 2, 59@Int), ==, 2, 45@Int), ['0'])
# top-103, score: 0.00, answer: ['China']
  # tprog: SelectCol(SelectRow1(SelectRow1(@param0, <=, 2, 64@Int), ==, 2, 33@Int), ['0'])
# top-104, score: 0.00, answer: ['China']
  # tprog: SelectCol(SelectRow1(SelectRow1(@param0, <=, 2, 64@Int), ==, 2, 45@Int), ['0'])
# top-105, score: 0.00, answer: ['China']
  # tprog: SelectCol(SelectRow1(SelectRow1(@param0, <=, 2, 65@Int), ==, 2, 33@Int), ['0'])
# top-106, score: 0.00, answer: ['China']
  # tprog: SelectCol(SelectRow1(SelectRow1(@param0, <=, 2, 65@Int), ==, 2, 45@Int), ['0'])
# top-107, score: 0.00, answer: ['China']
  # tprog: SelectCol(SelectRow1(SelectRow1(@param0, <=, 2, 67@Int), ==, 2, 33@Int), ['0'])
# top-108, score: 0.00, answer: ['China']
  # tprog: SelectCol(SelectRow1(SelectRow1(@param0, <=, 2, 67@Int), ==, 2, 45@Int), ['0'])
# top-109, score: 0.00, answer: ['China']
  # tprog: SelectCol(SelectRow1(SelectRow1(@param0, <=, 2, 69@Int), ==, 2, 33@Int), ['0'])
# top-110, score: 0.00, answer: ['China']
  # tprog: SelectCol(SelectRow1(SelectRow1(@param0, <=, 2, 69@Int), ==, 2, 45@Int), ['0'])
# top-111, score: 0.00, answer: ['China']
  # tprog: SelectCol(SelectRow1(SelectRow1(@param0, <=, 2, 73@Int), ==, 2, 33@Int), ['0'])
# top-112, score: 0.00, answer: ['China']
  # tprog: SelectCol(SelectRow1(SelectRow1(@param0, <=, 2, 73@Int), ==, 2, 45@Int), ['0'])
# top-113, score: 0.00, answer: ['China']
  # tprog: SelectCol(SelectRow1(SelectRow1(@param0, <=, 2, 77@Int), ==, 2, 33@Int), ['0'])
# top-114, score: 0.00, answer: ['China']
  # tprog: SelectCol(SelectRow1(SelectRow1(@param0, <=, 2, 77@Int), ==, 2, 45@Int), ['0'])
# top-115, score: 0.00, answer: ['China']
  # tprog: SelectCol(SelectRow1(SelectRow1(@param0, <=, 2, 81@Int), ==, 2, 33@Int), ['0'])
# top-116, score: 0.00, answer: ['China']
  # tprog: SelectCol(SelectRow1(SelectRow1(@param0, <=, 2, 81@Int), ==, 2, 45@Int), ['0'])
# top-117, score: 0.00, answer: ['China']
  # tprog: SelectCol(SelectRow1(SelectRow1(@param0, ==, 0, China@Str), <, 2, 35@Int), ['0'])
# top-118, score: 0.00, answer: ['China']
  # tprog: SelectCol(SelectRow1(SelectRow1(@param0, ==, 0, China@Str), <, 2, 37@Int), ['0'])
# top-119, score: 0.00, answer: ['China']
  # tprog: SelectCol(SelectRow1(SelectRow1(@param0, ==, 0, China@Str), <, 2, 39@Int), ['0'])
# top-120, score: 0.00, answer: ['China']
  # tprog: SelectCol(SelectRow1(SelectRow1(@param0, ==, 0, China@Str), <, 2, 40@Int), ['0'])
# top-121, score: 0.00, answer: ['China']
  # tprog: SelectCol(SelectRow1(SelectRow1(@param0, ==, 0, China@Str), <, 2, 41@Int), ['0'])
# top-122, score: 0.00, answer: ['China']
  # tprog: SelectCol(SelectRow1(SelectRow1(@param0, ==, 0, China@Str), <, 2, 43@Int), ['0'])
# top-123, score: 0.00, answer: ['China']
  # tprog: SelectCol(SelectRow1(SelectRow1(@param0, ==, 0, China@Str), <, 2, 42@Int), ['0'])
# top-124, score: 0.00, answer: ['China']
  # tprog: SelectCol(SelectRow1(SelectRow1(@param0, ==, 0, China@Str), <, 2, 45@Int), ['0'])
# top-125, score: 0.00, answer: ['China']
  # tprog: SelectCol(SelectRow1(SelectRow1(@param0, ==, 0, China@Str), <=, 2, 33@Int), ['0'])
# top-126, score: 0.00, answer: ['China']
  # tprog: SelectCol(SelectRow1(SelectRow1(@param0, ==, 0, China@Str), <=, 2, 35@Int), ['0'])
# top-127, score: 0.00, answer: ['China']
  # tprog: SelectCol(SelectRow1(SelectRow1(@param0, ==, 0, China@Str), <=, 2, 37@Int), ['0'])
# top-128, score: 0.00, answer: ['China']
  # tprog: SelectCol(SelectRow1(SelectRow1(@param0, ==, 0, China@Str), <=, 2, 39@Int), ['0'])
# top-129, score: 0.00, answer: ['China']
  # tprog: SelectCol(SelectRow1(SelectRow1(@param0, ==, 0, China@Str), <=, 2, 40@Int), ['0'])
# top-130, score: 0.00, answer: ['China']
  # tprog: SelectCol(SelectRow1(SelectRow1(@param0, ==, 0, China@Str), <=, 2, 41@Int), ['0'])
# top-131, score: 0.00, answer: ['China']
  # tprog: SelectCol(SelectRow1(SelectRow1(@param0, ==, 0, China@Str), <=, 2, 43@Int), ['0'])
# top-132, score: 0.00, answer: ['China']
  # tprog: SelectCol(SelectRow1(SelectRow1(@param0, ==, 0, China@Str), <=, 2, 42@Int), ['0'])
# top-133, score: 0.00, answer: ['China']
  # tprog: SelectCol(SelectRow1(SelectRow1(@param0, ==, 0, China@Str), ==, 1, Most succeed if work hard@Str), ['0'])
# top-134, score: 0.00, answer: ['China']
  # tprog: SelectCol(SelectRow1(SelectRow1(@param0, ==, 0, China@Str), ==, 1, Hard work no guarantee@Str), ['0'])
# top-135, score: 0.00, answer: ['China']
  # tprog: SelectCol(SelectRow1(SelectRow1(@param0, ==, 0, China@Str), ==, 2, 33@Int), ['0'])
# top-136, score: 0.00, answer: ['China']
  # tprog: SelectCol(SelectRow1(SelectRow1(@param0, ==, 0, China@Str), ==, 2, 45@Int), ['0'])
# top-137, score: 0.00, answer: ['China']
  # tprog: SelectCol(SelectRow1(SelectRow1(@param0, ==, 0, China@Str), ==, 3, blue@Str), ['0'])
# top-138, score: 0.00, answer: ['China']
  # tprog: SelectCol(SelectRow1(SelectRow1(@param0, ==, 0, China@Str), ==, 3, orange@Str), ['0'])
# top-139, score: 0.00, answer: ['China']
  # tprog: SelectCol(SelectRow1(SelectRow1(@param0, ==, 0, China@Str), >=, 2, 35@Int), ['0'])
# top-140, score: 0.00, answer: ['China']
  # tprog: SelectCol(SelectRow1(SelectRow1(@param0, ==, 0, China@Str), >=, 2, 37@Int), ['0'])
# top-141, score: 0.00, answer: ['China']
  # tprog: SelectCol(SelectRow1(SelectRow1(@param0, ==, 0, China@Str), >=, 2, 39@Int), ['0'])
# top-142, score: 0.00, answer: ['China']
  # tprog: SelectCol(SelectRow1(SelectRow1(@param0, ==, 0, China@Str), >=, 2, 40@Int), ['0'])
# top-143, score: 0.00, answer: ['China']
  # tprog: SelectCol(SelectRow1(SelectRow1(@param0, ==, 0, China@Str), >=, 2, 41@Int), ['0'])
# top-144, score: 0.00, answer: ['China']
  # tprog: SelectCol(SelectRow1(SelectRow1(@param0, ==, 0, China@Str), >=, 2, 43@Int), ['0'])
# top-145, score: 0.00, answer: ['China']
  # tprog: SelectCol(SelectRow1(SelectRow1(@param0, ==, 0, China@Str), >=, 2, 42@Int), ['0'])
# top-146, score: 0.00, answer: ['China']
  # tprog: SelectCol(SelectRow1(SelectRow1(@param0, ==, 0, China@Str), >=, 2, 45@Int), ['0'])
# top-147, score: 0.00, answer: ['China']
  # tprog: SelectCol(SelectRow1(SelectRow1(@param0, ==, 0, China@Str), >, 2, 33@Int), ['0'])
# top-148, score: 0.00, answer: ['China']
  # tprog: SelectCol(SelectRow1(SelectRow1(@param0, ==, 0, China@Str), >, 2, 35@Int), ['0'])
# top-149, score: 0.00, answer: ['China']
  # tprog: SelectCol(SelectRow1(SelectRow1(@param0, ==, 0, China@Str), >, 2, 37@Int), ['0'])
# top-150, score: 0.00, answer: ['China']
  # tprog: SelectCol(SelectRow1(SelectRow1(@param0, ==, 0, China@Str), >, 2, 39@Int), ['0'])
# top-151, score: 0.00, answer: ['China']
  # tprog: SelectCol(SelectRow1(SelectRow1(@param0, ==, 0, China@Str), >, 2, 40@Int), ['0'])
# top-152, score: 0.00, answer: ['China']
  # tprog: SelectCol(SelectRow1(SelectRow1(@param0, ==, 0, China@Str), >, 2, 41@Int), ['0'])
# top-153, score: 0.00, answer: ['China']
  # tprog: SelectCol(SelectRow1(SelectRow1(@param0, ==, 0, China@Str), >, 2, 43@Int), ['0'])
# top-154, score: 0.00, answer: ['China']
  # tprog: SelectCol(SelectRow1(SelectRow1(@param0, ==, 0, China@Str), >, 2, 42@Int), ['0'])
# top-155, score: 0.00, answer: ['China']
  # tprog: SelectCol(SelectRow1(SelectRow1(@param0, ==, 0, China@Str), !=, 1, Most succeed if work hard@Str), ['0'])
# top-156, score: 0.00, answer: ['China']
  # tprog: SelectCol(SelectRow1(SelectRow1(@param0, ==, 0, China@Str), !=, 1, Hard work no guarantee@Str), ['0'])
# top-157, score: 0.00, answer: ['China']
  # tprog: SelectCol(SelectRow1(SelectRow1(@param0, ==, 0, China@Str), !=, 2, 33@Int), ['0'])
# top-158, score: 0.00, answer: ['China']
  # tprog: SelectCol(SelectRow1(SelectRow1(@param0, ==, 0, China@Str), !=, 2, 45@Int), ['0'])
# top-159, score: 0.00, answer: ['China']
  # tprog: SelectCol(SelectRow1(SelectRow1(@param0, ==, 0, China@Str), !=, 3, blue@Str), ['0'])
# top-160, score: 0.00, answer: ['China']
  # tprog: SelectCol(SelectRow1(SelectRow1(@param0, ==, 0, China@Str), !=, 3, orange@Str), ['0'])
