# parsed arguments: Namespace(benchmark='Qc4717', dsl='meta_visqa', skeletons='visqa_normal', strategy='TaPas_C', fallback='auto', timeout=300, mode='abstract-only', expected_only=False)
# loading benchmark...
# table keywords: {'pink', '20', '10261253', '8911133', 'gender', '5668961', '30', 'female', '5', '45', '80', '10552146', '1902638', '50', '40', '0', '9735380', '9518507', '2912655', '75', '10', 'gray', '6921268', '970357', '25', '55', '3792145', '11635647', '9659493', '8507934', '5123399', '4804784', '6459082', '336303', '60', '1064581', '90', '70', 'color', '9324244', '1981156', '11488578', '65', '10069564', '11320252', '9310714', '10022524', '11475182', '9731315', '9692669', 'sum', '10563233', '9925006', 'age', '5184855', '4355644', '35', '10205879', '85', '3221898', '10237419', '4453623', '10119296', 'people', '15', 'male'}
# input type: [dtype('int64'), dtype('int64'), dtype('O'), dtype('O')]
# input is:
    age  Sum of people  gender color
0     0        9735380    Male  gray
1     0        9310714  Female  pink
2     5       10552146    Male  gray
3     5       10069564  Female  pink
4    10       10563233    Male  gray
5    10       10022524  Female  pink
6    15       10237419    Male  gray
7    15        9692669  Female  pink
8    20        9731315    Male  gray
9    20        9324244  Female  pink
10   25        9659493    Male  gray
11   25        9518507  Female  pink
12   30       10205879    Male  gray
13   30       10119296  Female  pink
14   35       11475182    Male  gray
15   35       11635647  Female  pink
16   40       11320252    Male  gray
17   40       11488578  Female  pink
18   45        9925006    Male  gray
19   45       10261253  Female  pink
20   50        8507934    Male  gray
21   50        8911133  Female  pink
22   55        6459082    Male  gray
23   55        6921268  Female  pink
24   60        5123399    Male  gray
25   60        5668961  Female  pink
26   65        4453623    Male  gray
27   65        4804784  Female  pink
28   70        3792145    Male  gray
29   70        5184855  Female  pink
30   75        2912655    Male  gray
31   75        4355644  Female  pink
32   80        1902638    Male  gray
33   80        3221898  Female  pink
34   85         970357    Male  gray
35   85        1981156  Female  pink
36   90         336303    Male  gray
37   90        1064581  Female  pink
# query is: What age had the lowest population of females?
# expected output type:[dtype('int64')]
# expected output is:
   ANSWER
0      90
# inferred DSL terminals:
  # ConstVal: ['0@Int', 'pink@Str', '10119296@Int', '5@Int', '10261253@Int', '1064581@Int', 'gender@Str', '10@Int', '3221898@Int', 'color@Str', '9925006@Int', '15@Int', '2912655@Int', '3792145@Int', '20@Int', '25@Int', '8911133@Int', '30@Int', '8507934@Int', '10563233@Int', '35@Int', '40@Int', '9518507@Int', '45@Int', '1902638@Int', '336303@Int', '4804784@Int', '50@Int', '6921268@Int', '10205879@Int', '55@Int', 'Sum of people@Str', '10069564@Int', '11320252@Int', 'gray@Str', '11635647@Int', '60@Int', '65@Int', '11488578@Int', '4355644@Int', '70@Int', '5123399@Int', '6459082@Int', '75@Int', 'age@Str', '80@Int', '10552146@Int', '9735380@Int', '9324244@Int', '85@Int', '5184855@Int', '90@Int', '5668961@Int', '1981156@Int', '9659493@Int', 'Male@Str', '10237419@Int', '11475182@Int', 'Female@Str', '9731315@Int', '970357@Int', '4453623@Int', '9310714@Int', '10022524@Int', '9692669@Int']
     # cmap: [(None, 0), (None, 'pink'), (None, 10119296), (None, 5), (None, 10261253), (None, 1064581), (None, 'gender'), (None, 10), (None, 3221898), (None, 'color'), (None, 9925006), (None, 15), (None, 2912655), (None, 3792145), (None, 20), (None, 25), (None, 8911133), (None, 30), (None, 8507934), (None, 10563233), (None, 35), (None, 40), (None, 9518507), (None, 45), (None, 1902638), (None, 336303), (None, 4804784), (None, 50), (None, 6921268), (None, 10205879), (None, 55), (None, 'Sum of people'), (None, 10069564), (None, 11320252), (None, 'gray'), (None, 11635647), (None, 60), (None, 65), (None, 11488578), (None, 4355644), (None, 70), (None, 5123399), (None, 6459082), (None, 75), (None, 'age'), (None, 80), (None, 10552146), (None, 9735380), (None, 9324244), (None, 85), (None, 5184855), (None, 90), (None, 5668961), (None, 1981156), (None, 9659493), (None, 'Male'), (None, 10237419), (None, 11475182), (None, 'Female'), (None, 9731315), (None, 970357), (None, 4453623), (None, 9310714), (None, 10022524), (None, 9692669)]
# loading skeleton list...

# ========== candidate program report ========== #
# (t=0.00) i=0, candidate=[{'ANSWER': 75}]
  # found 75 program(s)
    # SelectCol(SelectRow0(SelectRow1(@param0, <, 0, 80@Int), eqmin, 1), ['0'])
      --> ['SelectCol', ['SelectRow0', ['SelectRow1', 'input@0', '<', 'age', 80], 'eqmin', 'Sum of people'], ['age']]
    # SelectCol(SelectRow0(SelectRow1(@param0, <, 1, 3221898@Int), eqmin, 0), ['0'])
      --> ['SelectCol', ['SelectRow0', ['SelectRow1', 'input@0', '<', 'Sum of people', 3221898], 'eqmin', 'age'], ['age']]
    # SelectCol(SelectRow0(SelectRow1(@param0, <, 1, 3221898@Int), eqmax, 1), ['0'])
      --> ['SelectCol', ['SelectRow0', ['SelectRow1', 'input@0', '<', 'Sum of people', 3221898], 'eqmax', 'Sum of people'], ['age']]
    # SelectCol(SelectRow0(SelectRow1(@param0, <, 1, 3792145@Int), eqmin, 0), ['0'])
      --> ['SelectCol', ['SelectRow0', ['SelectRow1', 'input@0', '<', 'Sum of people', 3792145], 'eqmin', 'age'], ['age']]
    # SelectCol(SelectRow0(SelectRow1(@param0, <, 1, 4453623@Int), eqmax, 1), ['0'])
      --> ['SelectCol', ['SelectRow0', ['SelectRow1', 'input@0', '<', 'Sum of people', 4453623], 'eqmax', 'Sum of people'], ['age']]
    # SelectCol(SelectRow0(SelectRow1(@param0, <=, 0, 75@Int), eqmin, 1), ['0'])
      --> ['SelectCol', ['SelectRow0', ['SelectRow1', 'input@0', '<=', 'age', 75], 'eqmin', 'Sum of people'], ['age']]
    # SelectCol(SelectRow0(SelectRow1(@param0, <=, 1, 3221898@Int), eqmin, 0), ['0'])
      --> ['SelectCol', ['SelectRow0', ['SelectRow1', 'input@0', '<=', 'Sum of people', 3221898], 'eqmin', 'age'], ['age']]
    # SelectCol(SelectRow0(SelectRow1(@param0, <=, 1, 2912655@Int), eqmin, 0), ['0'])
      --> ['SelectCol', ['SelectRow0', ['SelectRow1', 'input@0', '<=', 'Sum of people', 2912655], 'eqmin', 'age'], ['age']]
    # SelectCol(SelectRow0(SelectRow1(@param0, <=, 1, 2912655@Int), eqmax, 1), ['0'])
      --> ['SelectCol', ['SelectRow0', ['SelectRow1', 'input@0', '<=', 'Sum of people', 2912655], 'eqmax', 'Sum of people'], ['age']]
    # SelectCol(SelectRow0(SelectRow1(@param0, <=, 1, 4355644@Int), eqmax, 1), ['0'])
      --> ['SelectCol', ['SelectRow0', ['SelectRow1', 'input@0', '<=', 'Sum of people', 4355644], 'eqmax', 'Sum of people'], ['age']]
    # SelectCol(SelectRow0(SelectRow1(@param0, ==, 0, 75@Int), eqmin, 1), ['0'])
      --> ['SelectCol', ['SelectRow0', ['SelectRow1', 'input@0', '==', 'age', 75], 'eqmin', 'Sum of people'], ['age']]
    # SelectCol(SelectRow0(SelectRow1(@param0, ==, 0, 75@Int), eqmax, 1), ['0'])
      --> ['SelectCol', ['SelectRow0', ['SelectRow1', 'input@0', '==', 'age', 75], 'eqmax', 'Sum of people'], ['age']]
    # SelectCol(SelectRow0(SelectRow1(@param0, >=, 0, 75@Int), eqmax, 1), ['0'])
      --> ['SelectCol', ['SelectRow0', ['SelectRow1', 'input@0', '>=', 'age', 75], 'eqmax', 'Sum of people'], ['age']]
    # SelectCol(SelectRow0(SelectRow1(@param0, >=, 1, 2912655@Int), eqmin, 1), ['0'])
      --> ['SelectCol', ['SelectRow0', ['SelectRow1', 'input@0', '>=', 'Sum of people', 2912655], 'eqmin', 'Sum of people'], ['age']]
    # SelectCol(SelectRow0(SelectRow1(@param0, >=, 1, 3792145@Int), eqmax, 0), ['0'])
      --> ['SelectCol', ['SelectRow0', ['SelectRow1', 'input@0', '>=', 'Sum of people', 3792145], 'eqmax', 'age'], ['age']]
    # SelectCol(SelectRow0(SelectRow1(@param0, >=, 1, 4355644@Int), eqmin, 1), ['0'])
      --> ['SelectCol', ['SelectRow0', ['SelectRow1', 'input@0', '>=', 'Sum of people', 4355644], 'eqmin', 'Sum of people'], ['age']]
    # SelectCol(SelectRow0(SelectRow1(@param0, >=, 1, 4355644@Int), eqmax, 0), ['0'])
      --> ['SelectCol', ['SelectRow0', ['SelectRow1', 'input@0', '>=', 'Sum of people', 4355644], 'eqmax', 'age'], ['age']]
    # SelectCol(SelectRow0(SelectRow1(@param0, >, 0, 70@Int), eqmax, 1), ['0'])
      --> ['SelectCol', ['SelectRow0', ['SelectRow1', 'input@0', '>', 'age', 70], 'eqmax', 'Sum of people'], ['age']]
    # SelectCol(SelectRow0(SelectRow1(@param0, >, 1, 3221898@Int), eqmax, 0), ['0'])
      --> ['SelectCol', ['SelectRow0', ['SelectRow1', 'input@0', '>', 'Sum of people', 3221898], 'eqmax', 'age'], ['age']]
    # SelectCol(SelectRow0(SelectRow1(@param0, >, 1, 3792145@Int), eqmin, 1), ['0'])
      --> ['SelectCol', ['SelectRow0', ['SelectRow1', 'input@0', '>', 'Sum of people', 3792145], 'eqmin', 'Sum of people'], ['age']]
    # SelectCol(SelectRow0(SelectRow1(@param0, >, 1, 3792145@Int), eqmax, 0), ['0'])
      --> ['SelectCol', ['SelectRow0', ['SelectRow1', 'input@0', '>', 'Sum of people', 3792145], 'eqmax', 'age'], ['age']]
    # SelectCol(SelectRow0(SelectRow1(@param0, >, 1, 1981156@Int), eqmin, 1), ['0'])
      --> ['SelectCol', ['SelectRow0', ['SelectRow1', 'input@0', '>', 'Sum of people', 1981156], 'eqmin', 'Sum of people'], ['age']]
    # SelectCol(SelectRow1(SelectRow1(@param0, <, 0, 10119296@Int), ==, 1, 2912655@Int), ['0'])
      --> ['SelectCol', ['SelectRow1', ['SelectRow1', 'input@0', '<', 'age', 10119296], '==', 'Sum of people', 2912655], ['age']]
    # SelectCol(SelectRow1(SelectRow1(@param0, <, 0, 10119296@Int), ==, 1, 4355644@Int), ['0'])
      --> ['SelectCol', ['SelectRow1', ['SelectRow1', 'input@0', '<', 'age', 10119296], '==', 'Sum of people', 4355644], ['age']]
    # SelectCol(SelectRow1(SelectRow1(@param0, <, 0, 10261253@Int), ==, 1, 2912655@Int), ['0'])
      --> ['SelectCol', ['SelectRow1', ['SelectRow1', 'input@0', '<', 'age', 10261253], '==', 'Sum of people', 2912655], ['age']]
    # SelectCol(SelectRow1(SelectRow1(@param0, <, 0, 10261253@Int), ==, 1, 4355644@Int), ['0'])
      --> ['SelectCol', ['SelectRow1', ['SelectRow1', 'input@0', '<', 'age', 10261253], '==', 'Sum of people', 4355644], ['age']]
    # SelectCol(SelectRow1(SelectRow1(@param0, <, 0, 1064581@Int), ==, 1, 2912655@Int), ['0'])
      --> ['SelectCol', ['SelectRow1', ['SelectRow1', 'input@0', '<', 'age', 1064581], '==', 'Sum of people', 2912655], ['age']]
    # SelectCol(SelectRow1(SelectRow1(@param0, <, 0, 1064581@Int), ==, 1, 4355644@Int), ['0'])
      --> ['SelectCol', ['SelectRow1', ['SelectRow1', 'input@0', '<', 'age', 1064581], '==', 'Sum of people', 4355644], ['age']]
    # SelectCol(SelectRow1(SelectRow1(@param0, <, 0, 3221898@Int), ==, 1, 2912655@Int), ['0'])
      --> ['SelectCol', ['SelectRow1', ['SelectRow1', 'input@0', '<', 'age', 3221898], '==', 'Sum of people', 2912655], ['age']]
    # SelectCol(SelectRow1(SelectRow1(@param0, <, 0, 3221898@Int), ==, 1, 4355644@Int), ['0'])
      --> ['SelectCol', ['SelectRow1', ['SelectRow1', 'input@0', '<', 'age', 3221898], '==', 'Sum of people', 4355644], ['age']]
    # SelectCol(SelectRow1(SelectRow1(@param0, <, 0, 9925006@Int), ==, 1, 2912655@Int), ['0'])
      --> ['SelectCol', ['SelectRow1', ['SelectRow1', 'input@0', '<', 'age', 9925006], '==', 'Sum of people', 2912655], ['age']]
    # SelectCol(SelectRow1(SelectRow1(@param0, <, 0, 9925006@Int), ==, 1, 4355644@Int), ['0'])
      --> ['SelectCol', ['SelectRow1', ['SelectRow1', 'input@0', '<', 'age', 9925006], '==', 'Sum of people', 4355644], ['age']]
    # SelectCol(SelectRow1(SelectRow1(@param0, <, 0, 2912655@Int), ==, 1, 2912655@Int), ['0'])
      --> ['SelectCol', ['SelectRow1', ['SelectRow1', 'input@0', '<', 'age', 2912655], '==', 'Sum of people', 2912655], ['age']]
    # SelectCol(SelectRow1(SelectRow1(@param0, <, 0, 2912655@Int), ==, 1, 4355644@Int), ['0'])
      --> ['SelectCol', ['SelectRow1', ['SelectRow1', 'input@0', '<', 'age', 2912655], '==', 'Sum of people', 4355644], ['age']]
    # SelectCol(SelectRow1(SelectRow1(@param0, <, 0, 3792145@Int), ==, 1, 2912655@Int), ['0'])
      --> ['SelectCol', ['SelectRow1', ['SelectRow1', 'input@0', '<', 'age', 3792145], '==', 'Sum of people', 2912655], ['age']]
    # SelectCol(SelectRow1(SelectRow1(@param0, <, 0, 3792145@Int), ==, 1, 4355644@Int), ['0'])
      --> ['SelectCol', ['SelectRow1', ['SelectRow1', 'input@0', '<', 'age', 3792145], '==', 'Sum of people', 4355644], ['age']]
    # SelectCol(SelectRow1(SelectRow1(@param0, <, 0, 8911133@Int), ==, 1, 2912655@Int), ['0'])
      --> ['SelectCol', ['SelectRow1', ['SelectRow1', 'input@0', '<', 'age', 8911133], '==', 'Sum of people', 2912655], ['age']]
    # SelectCol(SelectRow1(SelectRow1(@param0, <, 0, 8911133@Int), ==, 1, 4355644@Int), ['0'])
      --> ['SelectCol', ['SelectRow1', ['SelectRow1', 'input@0', '<', 'age', 8911133], '==', 'Sum of people', 4355644], ['age']]
    # SelectCol(SelectRow1(SelectRow1(@param0, <, 0, 8507934@Int), ==, 1, 2912655@Int), ['0'])
      --> ['SelectCol', ['SelectRow1', ['SelectRow1', 'input@0', '<', 'age', 8507934], '==', 'Sum of people', 2912655], ['age']]
    # SelectCol(SelectRow1(SelectRow1(@param0, <, 0, 8507934@Int), ==, 1, 4355644@Int), ['0'])
      --> ['SelectCol', ['SelectRow1', ['SelectRow1', 'input@0', '<', 'age', 8507934], '==', 'Sum of people', 4355644], ['age']]
    # SelectCol(SelectRow1(SelectRow1(@param0, <, 0, 10563233@Int), ==, 1, 2912655@Int), ['0'])
      --> ['SelectCol', ['SelectRow1', ['SelectRow1', 'input@0', '<', 'age', 10563233], '==', 'Sum of people', 2912655], ['age']]
    # SelectCol(SelectRow1(SelectRow1(@param0, <, 0, 10563233@Int), ==, 1, 4355644@Int), ['0'])
      --> ['SelectCol', ['SelectRow1', ['SelectRow1', 'input@0', '<', 'age', 10563233], '==', 'Sum of people', 4355644], ['age']]
    # SelectCol(SelectRow1(SelectRow1(@param0, <, 0, 9518507@Int), ==, 1, 2912655@Int), ['0'])
      --> ['SelectCol', ['SelectRow1', ['SelectRow1', 'input@0', '<', 'age', 9518507], '==', 'Sum of people', 2912655], ['age']]
    # SelectCol(SelectRow1(SelectRow1(@param0, <, 0, 9518507@Int), ==, 1, 4355644@Int), ['0'])
      --> ['SelectCol', ['SelectRow1', ['SelectRow1', 'input@0', '<', 'age', 9518507], '==', 'Sum of people', 4355644], ['age']]
    # SelectCol(SelectRow1(SelectRow1(@param0, <, 0, 1902638@Int), ==, 1, 2912655@Int), ['0'])
      --> ['SelectCol', ['SelectRow1', ['SelectRow1', 'input@0', '<', 'age', 1902638], '==', 'Sum of people', 2912655], ['age']]
    # SelectCol(SelectRow1(SelectRow1(@param0, <, 0, 1902638@Int), ==, 1, 4355644@Int), ['0'])
      --> ['SelectCol', ['SelectRow1', ['SelectRow1', 'input@0', '<', 'age', 1902638], '==', 'Sum of people', 4355644], ['age']]
    # SelectCol(SelectRow1(SelectRow1(@param0, <, 0, 336303@Int), ==, 1, 2912655@Int), ['0'])
      --> ['SelectCol', ['SelectRow1', ['SelectRow1', 'input@0', '<', 'age', 336303], '==', 'Sum of people', 2912655], ['age']]
    # SelectCol(SelectRow1(SelectRow1(@param0, <, 0, 336303@Int), ==, 1, 4355644@Int), ['0'])
      --> ['SelectCol', ['SelectRow1', ['SelectRow1', 'input@0', '<', 'age', 336303], '==', 'Sum of people', 4355644], ['age']]
    # SelectCol(SelectRow1(SelectRow1(@param0, <, 0, 4804784@Int), ==, 1, 2912655@Int), ['0'])
      --> ['SelectCol', ['SelectRow1', ['SelectRow1', 'input@0', '<', 'age', 4804784], '==', 'Sum of people', 2912655], ['age']]
    # SelectCol(SelectRow1(SelectRow1(@param0, <, 0, 4804784@Int), ==, 1, 4355644@Int), ['0'])
      --> ['SelectCol', ['SelectRow1', ['SelectRow1', 'input@0', '<', 'age', 4804784], '==', 'Sum of people', 4355644], ['age']]
    # SelectCol(SelectRow1(SelectRow1(@param0, <, 0, 6921268@Int), ==, 1, 2912655@Int), ['0'])
      --> ['SelectCol', ['SelectRow1', ['SelectRow1', 'input@0', '<', 'age', 6921268], '==', 'Sum of people', 2912655], ['age']]
    # SelectCol(SelectRow1(SelectRow1(@param0, <, 0, 6921268@Int), ==, 1, 4355644@Int), ['0'])
      --> ['SelectCol', ['SelectRow1', ['SelectRow1', 'input@0', '<', 'age', 6921268], '==', 'Sum of people', 4355644], ['age']]
    # SelectCol(SelectRow1(SelectRow1(@param0, <, 0, 10205879@Int), ==, 1, 2912655@Int), ['0'])
      --> ['SelectCol', ['SelectRow1', ['SelectRow1', 'input@0', '<', 'age', 10205879], '==', 'Sum of people', 2912655], ['age']]
    # SelectCol(SelectRow1(SelectRow1(@param0, <, 0, 10205879@Int), ==, 1, 4355644@Int), ['0'])
      --> ['SelectCol', ['SelectRow1', ['SelectRow1', 'input@0', '<', 'age', 10205879], '==', 'Sum of people', 4355644], ['age']]
    # SelectCol(SelectRow1(SelectRow1(@param0, <, 0, 10069564@Int), ==, 1, 2912655@Int), ['0'])
      --> ['SelectCol', ['SelectRow1', ['SelectRow1', 'input@0', '<', 'age', 10069564], '==', 'Sum of people', 2912655], ['age']]
    # SelectCol(SelectRow1(SelectRow1(@param0, <, 0, 10069564@Int), ==, 1, 4355644@Int), ['0'])
      --> ['SelectCol', ['SelectRow1', ['SelectRow1', 'input@0', '<', 'age', 10069564], '==', 'Sum of people', 4355644], ['age']]
    # SelectCol(SelectRow1(SelectRow1(@param0, <, 0, 11320252@Int), ==, 1, 2912655@Int), ['0'])
      --> ['SelectCol', ['SelectRow1', ['SelectRow1', 'input@0', '<', 'age', 11320252], '==', 'Sum of people', 2912655], ['age']]
    # SelectCol(SelectRow1(SelectRow1(@param0, <, 0, 11320252@Int), ==, 1, 4355644@Int), ['0'])
      --> ['SelectCol', ['SelectRow1', ['SelectRow1', 'input@0', '<', 'age', 11320252], '==', 'Sum of people', 4355644], ['age']]
    # SelectCol(SelectRow1(SelectRow1(@param0, <, 0, 11635647@Int), ==, 1, 2912655@Int), ['0'])
      --> ['SelectCol', ['SelectRow1', ['SelectRow1', 'input@0', '<', 'age', 11635647], '==', 'Sum of people', 2912655], ['age']]
    # SelectCol(SelectRow1(SelectRow1(@param0, <, 0, 11635647@Int), ==, 1, 4355644@Int), ['0'])
      --> ['SelectCol', ['SelectRow1', ['SelectRow1', 'input@0', '<', 'age', 11635647], '==', 'Sum of people', 4355644], ['age']]
    # SelectCol(SelectRow1(SelectRow1(@param0, <, 0, 11488578@Int), ==, 1, 2912655@Int), ['0'])
      --> ['SelectCol', ['SelectRow1', ['SelectRow1', 'input@0', '<', 'age', 11488578], '==', 'Sum of people', 2912655], ['age']]
    # SelectCol(SelectRow1(SelectRow1(@param0, <, 0, 11488578@Int), ==, 1, 4355644@Int), ['0'])
      --> ['SelectCol', ['SelectRow1', ['SelectRow1', 'input@0', '<', 'age', 11488578], '==', 'Sum of people', 4355644], ['age']]
    # SelectCol(SelectRow1(SelectRow1(@param0, <, 0, 4355644@Int), ==, 1, 2912655@Int), ['0'])
      --> ['SelectCol', ['SelectRow1', ['SelectRow1', 'input@0', '<', 'age', 4355644], '==', 'Sum of people', 2912655], ['age']]
    # SelectCol(SelectRow1(SelectRow1(@param0, <, 0, 4355644@Int), ==, 1, 4355644@Int), ['0'])
      --> ['SelectCol', ['SelectRow1', ['SelectRow1', 'input@0', '<', 'age', 4355644], '==', 'Sum of people', 4355644], ['age']]
    # SelectCol(SelectRow1(SelectRow1(@param0, <, 0, 5123399@Int), ==, 1, 2912655@Int), ['0'])
      --> ['SelectCol', ['SelectRow1', ['SelectRow1', 'input@0', '<', 'age', 5123399], '==', 'Sum of people', 2912655], ['age']]
    # SelectCol(SelectRow1(SelectRow1(@param0, <, 0, 5123399@Int), ==, 1, 4355644@Int), ['0'])
      --> ['SelectCol', ['SelectRow1', ['SelectRow1', 'input@0', '<', 'age', 5123399], '==', 'Sum of people', 4355644], ['age']]
    # SelectCol(SelectRow1(SelectRow1(@param0, <, 0, 6459082@Int), ==, 1, 2912655@Int), ['0'])
      --> ['SelectCol', ['SelectRow1', ['SelectRow1', 'input@0', '<', 'age', 6459082], '==', 'Sum of people', 2912655], ['age']]
    # SelectCol(SelectRow1(SelectRow1(@param0, <, 0, 6459082@Int), ==, 1, 4355644@Int), ['0'])
      --> ['SelectCol', ['SelectRow1', ['SelectRow1', 'input@0', '<', 'age', 6459082], '==', 'Sum of people', 4355644], ['age']]
    # SelectCol(SelectRow1(SelectRow1(@param0, <, 0, 80@Int), <, 1, 3221898@Int), ['0'])
      --> ['SelectCol', ['SelectRow1', ['SelectRow1', 'input@0', '<', 'age', 80], '<', 'Sum of people', 3221898], ['age']]
    # SelectCol(SelectRow1(SelectRow1(@param0, <, 0, 80@Int), <, 1, 3792145@Int), ['0'])
      --> ['SelectCol', ['SelectRow1', ['SelectRow1', 'input@0', '<', 'age', 80], '<', 'Sum of people', 3792145], ['age']]
    # SelectCol(SelectRow1(SelectRow1(@param0, <, 0, 80@Int), <=, 1, 3221898@Int), ['0'])
      --> ['SelectCol', ['SelectRow1', ['SelectRow1', 'input@0', '<', 'age', 80], '<=', 'Sum of people', 3221898], ['age']]
    # SelectCol(SelectRow1(SelectRow1(@param0, <, 0, 80@Int), <=, 1, 2912655@Int), ['0'])
      --> ['SelectCol', ['SelectRow1', ['SelectRow1', 'input@0', '<', 'age', 80], '<=', 'Sum of people', 2912655], ['age']]
    # SelectCol(SelectRow1(SelectRow1(@param0, <, 0, 80@Int), ==, 1, 2912655@Int), ['0'])
      --> ['SelectCol', ['SelectRow1', ['SelectRow1', 'input@0', '<', 'age', 80], '==', 'Sum of people', 2912655], ['age']]
    # SelectCol(SelectRow1(SelectRow1(@param0, <, 0, 80@Int), ==, 1, 4355644@Int), ['0'])
      --> ['SelectCol', ['SelectRow1', ['SelectRow1', 'input@0', '<', 'age', 80], '==', 'Sum of people', 4355644], ['age']]
    # SelectCol(SelectRow1(SelectRow1(@param0, <, 0, 10552146@Int), ==, 1, 2912655@Int), ['0'])
      --> ['SelectCol', ['SelectRow1', ['SelectRow1', 'input@0', '<', 'age', 10552146], '==', 'Sum of people', 2912655], ['age']]
---------- timeout ----------

# ========== review report ========== #
# top-1, score: 0.00, answer: [75]
  # tprog: SelectCol(SelectRow0(SelectRow1(@param0, <, 0, 80@Int), eqmin, 1), ['0'])
# top-2, score: 0.00, answer: [75]
  # tprog: SelectCol(SelectRow0(SelectRow1(@param0, <, 1, 3221898@Int), eqmin, 0), ['0'])
# top-3, score: 0.00, answer: [75]
  # tprog: SelectCol(SelectRow0(SelectRow1(@param0, <, 1, 3221898@Int), eqmax, 1), ['0'])
# top-4, score: 0.00, answer: [75]
  # tprog: SelectCol(SelectRow0(SelectRow1(@param0, <, 1, 3792145@Int), eqmin, 0), ['0'])
# top-5, score: 0.00, answer: [75]
  # tprog: SelectCol(SelectRow0(SelectRow1(@param0, <, 1, 4453623@Int), eqmax, 1), ['0'])
# top-6, score: 0.00, answer: [75]
  # tprog: SelectCol(SelectRow0(SelectRow1(@param0, <=, 0, 75@Int), eqmin, 1), ['0'])
# top-7, score: 0.00, answer: [75]
  # tprog: SelectCol(SelectRow0(SelectRow1(@param0, <=, 1, 3221898@Int), eqmin, 0), ['0'])
# top-8, score: 0.00, answer: [75]
  # tprog: SelectCol(SelectRow0(SelectRow1(@param0, <=, 1, 2912655@Int), eqmin, 0), ['0'])
# top-9, score: 0.00, answer: [75]
  # tprog: SelectCol(SelectRow0(SelectRow1(@param0, <=, 1, 2912655@Int), eqmax, 1), ['0'])
# top-10, score: 0.00, answer: [75]
  # tprog: SelectCol(SelectRow0(SelectRow1(@param0, <=, 1, 4355644@Int), eqmax, 1), ['0'])
# top-11, score: 0.00, answer: [75]
  # tprog: SelectCol(SelectRow0(SelectRow1(@param0, ==, 0, 75@Int), eqmin, 1), ['0'])
# top-12, score: 0.00, answer: [75]
  # tprog: SelectCol(SelectRow0(SelectRow1(@param0, ==, 0, 75@Int), eqmax, 1), ['0'])
# top-13, score: 0.00, answer: [75]
  # tprog: SelectCol(SelectRow0(SelectRow1(@param0, >=, 0, 75@Int), eqmax, 1), ['0'])
# top-14, score: 0.00, answer: [75]
  # tprog: SelectCol(SelectRow0(SelectRow1(@param0, >=, 1, 2912655@Int), eqmin, 1), ['0'])
# top-15, score: 0.00, answer: [75]
  # tprog: SelectCol(SelectRow0(SelectRow1(@param0, >=, 1, 3792145@Int), eqmax, 0), ['0'])
# top-16, score: 0.00, answer: [75]
  # tprog: SelectCol(SelectRow0(SelectRow1(@param0, >=, 1, 4355644@Int), eqmin, 1), ['0'])
# top-17, score: 0.00, answer: [75]
  # tprog: SelectCol(SelectRow0(SelectRow1(@param0, >=, 1, 4355644@Int), eqmax, 0), ['0'])
# top-18, score: 0.00, answer: [75]
  # tprog: SelectCol(SelectRow0(SelectRow1(@param0, >, 0, 70@Int), eqmax, 1), ['0'])
# top-19, score: 0.00, answer: [75]
  # tprog: SelectCol(SelectRow0(SelectRow1(@param0, >, 1, 3221898@Int), eqmax, 0), ['0'])
# top-20, score: 0.00, answer: [75]
  # tprog: SelectCol(SelectRow0(SelectRow1(@param0, >, 1, 3792145@Int), eqmin, 1), ['0'])
# top-21, score: 0.00, answer: [75]
  # tprog: SelectCol(SelectRow0(SelectRow1(@param0, >, 1, 3792145@Int), eqmax, 0), ['0'])
# top-22, score: 0.00, answer: [75]
  # tprog: SelectCol(SelectRow0(SelectRow1(@param0, >, 1, 1981156@Int), eqmin, 1), ['0'])
# top-23, score: 0.00, answer: [75]
  # tprog: SelectCol(SelectRow1(SelectRow1(@param0, <, 0, 10119296@Int), ==, 1, 2912655@Int), ['0'])
# top-24, score: 0.00, answer: [75]
  # tprog: SelectCol(SelectRow1(SelectRow1(@param0, <, 0, 10119296@Int), ==, 1, 4355644@Int), ['0'])
# top-25, score: 0.00, answer: [75]
  # tprog: SelectCol(SelectRow1(SelectRow1(@param0, <, 0, 10261253@Int), ==, 1, 2912655@Int), ['0'])
# top-26, score: 0.00, answer: [75]
  # tprog: SelectCol(SelectRow1(SelectRow1(@param0, <, 0, 10261253@Int), ==, 1, 4355644@Int), ['0'])
# top-27, score: 0.00, answer: [75]
  # tprog: SelectCol(SelectRow1(SelectRow1(@param0, <, 0, 1064581@Int), ==, 1, 2912655@Int), ['0'])
# top-28, score: 0.00, answer: [75]
  # tprog: SelectCol(SelectRow1(SelectRow1(@param0, <, 0, 1064581@Int), ==, 1, 4355644@Int), ['0'])
# top-29, score: 0.00, answer: [75]
  # tprog: SelectCol(SelectRow1(SelectRow1(@param0, <, 0, 3221898@Int), ==, 1, 2912655@Int), ['0'])
# top-30, score: 0.00, answer: [75]
  # tprog: SelectCol(SelectRow1(SelectRow1(@param0, <, 0, 3221898@Int), ==, 1, 4355644@Int), ['0'])
# top-31, score: 0.00, answer: [75]
  # tprog: SelectCol(SelectRow1(SelectRow1(@param0, <, 0, 9925006@Int), ==, 1, 2912655@Int), ['0'])
# top-32, score: 0.00, answer: [75]
  # tprog: SelectCol(SelectRow1(SelectRow1(@param0, <, 0, 9925006@Int), ==, 1, 4355644@Int), ['0'])
# top-33, score: 0.00, answer: [75]
  # tprog: SelectCol(SelectRow1(SelectRow1(@param0, <, 0, 2912655@Int), ==, 1, 2912655@Int), ['0'])
# top-34, score: 0.00, answer: [75]
  # tprog: SelectCol(SelectRow1(SelectRow1(@param0, <, 0, 2912655@Int), ==, 1, 4355644@Int), ['0'])
# top-35, score: 0.00, answer: [75]
  # tprog: SelectCol(SelectRow1(SelectRow1(@param0, <, 0, 3792145@Int), ==, 1, 2912655@Int), ['0'])
# top-36, score: 0.00, answer: [75]
  # tprog: SelectCol(SelectRow1(SelectRow1(@param0, <, 0, 3792145@Int), ==, 1, 4355644@Int), ['0'])
# top-37, score: 0.00, answer: [75]
  # tprog: SelectCol(SelectRow1(SelectRow1(@param0, <, 0, 8911133@Int), ==, 1, 2912655@Int), ['0'])
# top-38, score: 0.00, answer: [75]
  # tprog: SelectCol(SelectRow1(SelectRow1(@param0, <, 0, 8911133@Int), ==, 1, 4355644@Int), ['0'])
# top-39, score: 0.00, answer: [75]
  # tprog: SelectCol(SelectRow1(SelectRow1(@param0, <, 0, 8507934@Int), ==, 1, 2912655@Int), ['0'])
# top-40, score: 0.00, answer: [75]
  # tprog: SelectCol(SelectRow1(SelectRow1(@param0, <, 0, 8507934@Int), ==, 1, 4355644@Int), ['0'])
# top-41, score: 0.00, answer: [75]
  # tprog: SelectCol(SelectRow1(SelectRow1(@param0, <, 0, 10563233@Int), ==, 1, 2912655@Int), ['0'])
# top-42, score: 0.00, answer: [75]
  # tprog: SelectCol(SelectRow1(SelectRow1(@param0, <, 0, 10563233@Int), ==, 1, 4355644@Int), ['0'])
# top-43, score: 0.00, answer: [75]
  # tprog: SelectCol(SelectRow1(SelectRow1(@param0, <, 0, 9518507@Int), ==, 1, 2912655@Int), ['0'])
# top-44, score: 0.00, answer: [75]
  # tprog: SelectCol(SelectRow1(SelectRow1(@param0, <, 0, 9518507@Int), ==, 1, 4355644@Int), ['0'])
# top-45, score: 0.00, answer: [75]
  # tprog: SelectCol(SelectRow1(SelectRow1(@param0, <, 0, 1902638@Int), ==, 1, 2912655@Int), ['0'])
# top-46, score: 0.00, answer: [75]
  # tprog: SelectCol(SelectRow1(SelectRow1(@param0, <, 0, 1902638@Int), ==, 1, 4355644@Int), ['0'])
# top-47, score: 0.00, answer: [75]
  # tprog: SelectCol(SelectRow1(SelectRow1(@param0, <, 0, 336303@Int), ==, 1, 2912655@Int), ['0'])
# top-48, score: 0.00, answer: [75]
  # tprog: SelectCol(SelectRow1(SelectRow1(@param0, <, 0, 336303@Int), ==, 1, 4355644@Int), ['0'])
# top-49, score: 0.00, answer: [75]
  # tprog: SelectCol(SelectRow1(SelectRow1(@param0, <, 0, 4804784@Int), ==, 1, 2912655@Int), ['0'])
# top-50, score: 0.00, answer: [75]
  # tprog: SelectCol(SelectRow1(SelectRow1(@param0, <, 0, 4804784@Int), ==, 1, 4355644@Int), ['0'])
# top-51, score: 0.00, answer: [75]
  # tprog: SelectCol(SelectRow1(SelectRow1(@param0, <, 0, 6921268@Int), ==, 1, 2912655@Int), ['0'])
# top-52, score: 0.00, answer: [75]
  # tprog: SelectCol(SelectRow1(SelectRow1(@param0, <, 0, 6921268@Int), ==, 1, 4355644@Int), ['0'])
# top-53, score: 0.00, answer: [75]
  # tprog: SelectCol(SelectRow1(SelectRow1(@param0, <, 0, 10205879@Int), ==, 1, 2912655@Int), ['0'])
# top-54, score: 0.00, answer: [75]
  # tprog: SelectCol(SelectRow1(SelectRow1(@param0, <, 0, 10205879@Int), ==, 1, 4355644@Int), ['0'])
# top-55, score: 0.00, answer: [75]
  # tprog: SelectCol(SelectRow1(SelectRow1(@param0, <, 0, 10069564@Int), ==, 1, 2912655@Int), ['0'])
# top-56, score: 0.00, answer: [75]
  # tprog: SelectCol(SelectRow1(SelectRow1(@param0, <, 0, 10069564@Int), ==, 1, 4355644@Int), ['0'])
# top-57, score: 0.00, answer: [75]
  # tprog: SelectCol(SelectRow1(SelectRow1(@param0, <, 0, 11320252@Int), ==, 1, 2912655@Int), ['0'])
# top-58, score: 0.00, answer: [75]
  # tprog: SelectCol(SelectRow1(SelectRow1(@param0, <, 0, 11320252@Int), ==, 1, 4355644@Int), ['0'])
# top-59, score: 0.00, answer: [75]
  # tprog: SelectCol(SelectRow1(SelectRow1(@param0, <, 0, 11635647@Int), ==, 1, 2912655@Int), ['0'])
# top-60, score: 0.00, answer: [75]
  # tprog: SelectCol(SelectRow1(SelectRow1(@param0, <, 0, 11635647@Int), ==, 1, 4355644@Int), ['0'])
# top-61, score: 0.00, answer: [75]
  # tprog: SelectCol(SelectRow1(SelectRow1(@param0, <, 0, 11488578@Int), ==, 1, 2912655@Int), ['0'])
# top-62, score: 0.00, answer: [75]
  # tprog: SelectCol(SelectRow1(SelectRow1(@param0, <, 0, 11488578@Int), ==, 1, 4355644@Int), ['0'])
# top-63, score: 0.00, answer: [75]
  # tprog: SelectCol(SelectRow1(SelectRow1(@param0, <, 0, 4355644@Int), ==, 1, 2912655@Int), ['0'])
# top-64, score: 0.00, answer: [75]
  # tprog: SelectCol(SelectRow1(SelectRow1(@param0, <, 0, 4355644@Int), ==, 1, 4355644@Int), ['0'])
# top-65, score: 0.00, answer: [75]
  # tprog: SelectCol(SelectRow1(SelectRow1(@param0, <, 0, 5123399@Int), ==, 1, 2912655@Int), ['0'])
# top-66, score: 0.00, answer: [75]
  # tprog: SelectCol(SelectRow1(SelectRow1(@param0, <, 0, 5123399@Int), ==, 1, 4355644@Int), ['0'])
# top-67, score: 0.00, answer: [75]
  # tprog: SelectCol(SelectRow1(SelectRow1(@param0, <, 0, 6459082@Int), ==, 1, 2912655@Int), ['0'])
# top-68, score: 0.00, answer: [75]
  # tprog: SelectCol(SelectRow1(SelectRow1(@param0, <, 0, 6459082@Int), ==, 1, 4355644@Int), ['0'])
# top-69, score: 0.00, answer: [75]
  # tprog: SelectCol(SelectRow1(SelectRow1(@param0, <, 0, 80@Int), <, 1, 3221898@Int), ['0'])
# top-70, score: 0.00, answer: [75]
  # tprog: SelectCol(SelectRow1(SelectRow1(@param0, <, 0, 80@Int), <, 1, 3792145@Int), ['0'])
# top-71, score: 0.00, answer: [75]
  # tprog: SelectCol(SelectRow1(SelectRow1(@param0, <, 0, 80@Int), <=, 1, 3221898@Int), ['0'])
# top-72, score: 0.00, answer: [75]
  # tprog: SelectCol(SelectRow1(SelectRow1(@param0, <, 0, 80@Int), <=, 1, 2912655@Int), ['0'])
# top-73, score: 0.00, answer: [75]
  # tprog: SelectCol(SelectRow1(SelectRow1(@param0, <, 0, 80@Int), ==, 1, 2912655@Int), ['0'])
# top-74, score: 0.00, answer: [75]
  # tprog: SelectCol(SelectRow1(SelectRow1(@param0, <, 0, 80@Int), ==, 1, 4355644@Int), ['0'])
# top-75, score: 0.00, answer: [75]
  # tprog: SelectCol(SelectRow1(SelectRow1(@param0, <, 0, 10552146@Int), ==, 1, 2912655@Int), ['0'])
