/home/ubuntu/Watson/trinity/interpreter/watson4vis.py:1135: RuntimeWarning: invalid value encountered in long_scalars
  tmp_op = lambda x,y: x/y
/home/ubuntu/Watson/trinity/interpreter/watson4vis.py:1135: RuntimeWarning: divide by zero encountered in long_scalars
  tmp_op = lambda x,y: x/y
# parsed arguments: Namespace(benchmark='Qd0a26', dsl='meta_visqa', skeletons='visqa_normal', strategy='TaPas_C', fallback='auto', timeout=300, mode='abstract-only', expected_only=False)
# loading benchmark...
# table keywords: {'che', '75', '52', 'irl', 'jpn', 'can', '48', '49', '70', '42', '53', '59', 'dnk', '56', 'deu', 'swe', '54', 'bel', '66', 'aus', '57', '62', 'rating', 'country', 'esp', 'aut', 'prt', 'gbr', 'fin', 'usa', 'kor', 'color', '61', 'nor', 'blue', '76', '60', 'fra', 'ita', '64', 'nld', '0'}
# input type: [dtype('O'), dtype('int64'), dtype('O')]
# input is:
   country  rating color
0      USA      53  blue
1      JPN      42  blue
2      FRA      56  blue
3      DEU      61  blue
4      GBR      75  blue
5      CAN      54  blue
6      AUS      66  blue
7      ESP      57  blue
8      NLD      76  blue
9      NOR      64  blue
10     BEL      59  blue
11     SWE      66  blue
12     DNK      62  blue
13     KOR      52  blue
14     CHE      59  blue
15     ITA      49  blue
16     IRL      70  blue
17     FIN      60  blue
18     AUT      48  blue
19     PRT       0  blue
# query is: What's the difference between the rating of the France and the one of Japan?
# expected output type:[dtype('int64')]
# expected output is:
   ANSWER
0      14
# inferred DSL terminals:
  # ConstVal: ['0@Int', 'KOR@Str', 'ESP@Str', 'GBR@Str', 'DNK@Str', 'FRA@Str', '42@Int', 'CHE@Str', 'FIN@Str', '48@Int', '49@Int', '52@Int', '53@Int', '54@Int', 'AUS@Str', '56@Int', '57@Int', '59@Int', '60@Int', '61@Int', '62@Int', 'PRT@Str', '64@Int', '66@Int', 'rating@Str', '70@Int', 'country@Str', 'BEL@Str', '75@Int', '76@Int', 'CAN@Str', 'ITA@Str', 'color@Str', 'blue@Str', 'AUT@Str', 'NLD@Str', 'SWE@Str', 'NOR@Str', 'DEU@Str', 'IRL@Str', 'JPN@Str', 'USA@Str']
     # cmap: [(None, 0), (None, 'KOR'), (None, 'ESP'), (None, 'GBR'), (None, 'DNK'), (None, 'FRA'), (None, 42), (None, 'CHE'), (None, 'FIN'), (None, 48), (None, 49), (None, 52), (None, 53), (None, 54), (None, 'AUS'), (None, 56), (None, 57), (None, 59), (None, 60), (None, 61), (None, 62), (None, 'PRT'), (None, 64), (None, 66), (None, 'rating'), (None, 70), (None, 'country'), (None, 'BEL'), (None, 75), (None, 76), (None, 'CAN'), (None, 'ITA'), (None, 'color'), (None, 'blue'), (None, 'AUT'), (None, 'NLD'), (None, 'SWE'), (None, 'NOR'), (None, 'DEU'), (None, 'IRL'), (None, 'JPN'), (None, 'USA')]
# loading skeleton list...

# ========== candidate program report ========== #
# (t=0.00) i=0, candidate=[{'ANSWER': 1}]
  # found 208 program(s)
    # SelectCol(SelectRow0(GroupSum(@param0, ['1'], count, 0), eqmin, 0), ['1'])
      --> ['SelectCol', ['SelectRow0', ['GroupSum', 'input@0', ['rating'], 'count', 'country'], 'eqmin', 'rating'], ['COL0']]
    # SelectCol(SelectRow0(GroupSum(@param0, ['1'], count, 0), eqmin, 0), ['-99'])
      --> ['SelectCol', ['SelectRow0', ['GroupSum', 'input@0', ['rating'], 'count', 'country'], 'eqmin', 'rating'], ['COL0']]
    # SelectCol(SelectRow0(GroupSum(@param0, ['1'], count, 0), eqmax, 0), ['1'])
      --> ['SelectCol', ['SelectRow0', ['GroupSum', 'input@0', ['rating'], 'count', 'country'], 'eqmax', 'rating'], ['COL0']]
    # SelectCol(SelectRow0(GroupSum(@param0, ['1'], count, 0), eqmax, 0), ['-99'])
      --> ['SelectCol', ['SelectRow0', ['GroupSum', 'input@0', ['rating'], 'count', 'country'], 'eqmax', 'rating'], ['COL0']]
    # SelectCol(SelectRow0(GroupSum(@param0, ['1'], count, 1), eqmin, 0), ['1'])
      --> ['SelectCol', ['SelectRow0', ['GroupSum', 'input@0', ['rating'], 'count', 'rating'], 'eqmin', 'rating'], ['COL0']]
    # SelectCol(SelectRow0(GroupSum(@param0, ['1'], count, 1), eqmin, 0), ['-99'])
      --> ['SelectCol', ['SelectRow0', ['GroupSum', 'input@0', ['rating'], 'count', 'rating'], 'eqmin', 'rating'], ['COL0']]
    # SelectCol(SelectRow0(GroupSum(@param0, ['1'], count, 1), eqmax, 0), ['1'])
      --> ['SelectCol', ['SelectRow0', ['GroupSum', 'input@0', ['rating'], 'count', 'rating'], 'eqmax', 'rating'], ['COL0']]
    # SelectCol(SelectRow0(GroupSum(@param0, ['1'], count, 1), eqmax, 0), ['-99'])
      --> ['SelectCol', ['SelectRow0', ['GroupSum', 'input@0', ['rating'], 'count', 'rating'], 'eqmax', 'rating'], ['COL0']]
    # SelectCol(SelectRow0(GroupSum(@param0, ['1'], count, 2), eqmin, 0), ['1'])
      --> ['SelectCol', ['SelectRow0', ['GroupSum', 'input@0', ['rating'], 'count', 'color'], 'eqmin', 'rating'], ['COL0']]
    # SelectCol(SelectRow0(GroupSum(@param0, ['1'], count, 2), eqmin, 0), ['-99'])
      --> ['SelectCol', ['SelectRow0', ['GroupSum', 'input@0', ['rating'], 'count', 'color'], 'eqmin', 'rating'], ['COL0']]
    # SelectCol(SelectRow0(GroupSum(@param0, ['1'], count, 2), eqmax, 0), ['1'])
      --> ['SelectCol', ['SelectRow0', ['GroupSum', 'input@0', ['rating'], 'count', 'color'], 'eqmax', 'rating'], ['COL0']]
    # SelectCol(SelectRow0(GroupSum(@param0, ['1'], count, 2), eqmax, 0), ['-99'])
      --> ['SelectCol', ['SelectRow0', ['GroupSum', 'input@0', ['rating'], 'count', 'color'], 'eqmax', 'rating'], ['COL0']]
    # SelectCol(SelectRow0(GroupSum(@param0, ['0', '1'], count, 0), eqmin, 1), ['2'])
      --> ['SelectCol', ['SelectRow0', ['GroupSum', 'input@0', ['country', 'rating'], 'count', 'country'], 'eqmin', 'rating'], ['COL0']]
    # SelectCol(SelectRow0(GroupSum(@param0, ['0', '1'], count, 0), eqmin, 1), ['-99', '-1'])
      --> ['SelectCol', ['SelectRow0', ['GroupSum', 'input@0', ['country', 'rating'], 'count', 'country'], 'eqmin', 'rating'], ['COL0']]
    # SelectCol(SelectRow0(GroupSum(@param0, ['0', '1'], count, 0), eqmax, 1), ['2'])
      --> ['SelectCol', ['SelectRow0', ['GroupSum', 'input@0', ['country', 'rating'], 'count', 'country'], 'eqmax', 'rating'], ['COL0']]
    # SelectCol(SelectRow0(GroupSum(@param0, ['0', '1'], count, 0), eqmax, 1), ['-99', '-1'])
      --> ['SelectCol', ['SelectRow0', ['GroupSum', 'input@0', ['country', 'rating'], 'count', 'country'], 'eqmax', 'rating'], ['COL0']]
    # SelectCol(SelectRow0(GroupSum(@param0, ['0', '1'], count, 1), eqmin, 1), ['2'])
      --> ['SelectCol', ['SelectRow0', ['GroupSum', 'input@0', ['country', 'rating'], 'count', 'rating'], 'eqmin', 'rating'], ['COL0']]
    # SelectCol(SelectRow0(GroupSum(@param0, ['0', '1'], count, 1), eqmin, 1), ['-99', '-1'])
      --> ['SelectCol', ['SelectRow0', ['GroupSum', 'input@0', ['country', 'rating'], 'count', 'rating'], 'eqmin', 'rating'], ['COL0']]
    # SelectCol(SelectRow0(GroupSum(@param0, ['0', '1'], count, 1), eqmax, 1), ['2'])
      --> ['SelectCol', ['SelectRow0', ['GroupSum', 'input@0', ['country', 'rating'], 'count', 'rating'], 'eqmax', 'rating'], ['COL0']]
    # SelectCol(SelectRow0(GroupSum(@param0, ['0', '1'], count, 1), eqmax, 1), ['-99', '-1'])
      --> ['SelectCol', ['SelectRow0', ['GroupSum', 'input@0', ['country', 'rating'], 'count', 'rating'], 'eqmax', 'rating'], ['COL0']]
    # SelectCol(SelectRow0(GroupSum(@param0, ['0', '1'], count, 2), eqmin, 1), ['2'])
      --> ['SelectCol', ['SelectRow0', ['GroupSum', 'input@0', ['country', 'rating'], 'count', 'color'], 'eqmin', 'rating'], ['COL0']]
    # SelectCol(SelectRow0(GroupSum(@param0, ['0', '1'], count, 2), eqmin, 1), ['-99', '-1'])
      --> ['SelectCol', ['SelectRow0', ['GroupSum', 'input@0', ['country', 'rating'], 'count', 'color'], 'eqmin', 'rating'], ['COL0']]
    # SelectCol(SelectRow0(GroupSum(@param0, ['0', '1'], count, 2), eqmax, 1), ['2'])
      --> ['SelectCol', ['SelectRow0', ['GroupSum', 'input@0', ['country', 'rating'], 'count', 'color'], 'eqmax', 'rating'], ['COL0']]
    # SelectCol(SelectRow0(GroupSum(@param0, ['0', '1'], count, 2), eqmax, 1), ['-99', '-1'])
      --> ['SelectCol', ['SelectRow0', ['GroupSum', 'input@0', ['country', 'rating'], 'count', 'color'], 'eqmax', 'rating'], ['COL0']]
    # SelectCol(SelectRow0(GroupSum(@param0, ['1', '2'], count, 0), eqmin, 0), ['2'])
      --> ['SelectCol', ['SelectRow0', ['GroupSum', 'input@0', ['rating', 'color'], 'count', 'country'], 'eqmin', 'rating'], ['COL0']]
    # SelectCol(SelectRow0(GroupSum(@param0, ['1', '2'], count, 0), eqmin, 0), ['-99', '-1'])
      --> ['SelectCol', ['SelectRow0', ['GroupSum', 'input@0', ['rating', 'color'], 'count', 'country'], 'eqmin', 'rating'], ['COL0']]
    # SelectCol(SelectRow0(GroupSum(@param0, ['1', '2'], count, 0), eqmax, 0), ['2'])
      --> ['SelectCol', ['SelectRow0', ['GroupSum', 'input@0', ['rating', 'color'], 'count', 'country'], 'eqmax', 'rating'], ['COL0']]
    # SelectCol(SelectRow0(GroupSum(@param0, ['1', '2'], count, 0), eqmax, 0), ['-99', '-1'])
      --> ['SelectCol', ['SelectRow0', ['GroupSum', 'input@0', ['rating', 'color'], 'count', 'country'], 'eqmax', 'rating'], ['COL0']]
    # SelectCol(SelectRow0(GroupSum(@param0, ['1', '2'], count, 1), eqmin, 0), ['2'])
      --> ['SelectCol', ['SelectRow0', ['GroupSum', 'input@0', ['rating', 'color'], 'count', 'rating'], 'eqmin', 'rating'], ['COL0']]
    # SelectCol(SelectRow0(GroupSum(@param0, ['1', '2'], count, 1), eqmin, 0), ['-99', '-1'])
      --> ['SelectCol', ['SelectRow0', ['GroupSum', 'input@0', ['rating', 'color'], 'count', 'rating'], 'eqmin', 'rating'], ['COL0']]
    # SelectCol(SelectRow0(GroupSum(@param0, ['1', '2'], count, 1), eqmax, 0), ['2'])
      --> ['SelectCol', ['SelectRow0', ['GroupSum', 'input@0', ['rating', 'color'], 'count', 'rating'], 'eqmax', 'rating'], ['COL0']]
    # SelectCol(SelectRow0(GroupSum(@param0, ['1', '2'], count, 1), eqmax, 0), ['-99', '-1'])
      --> ['SelectCol', ['SelectRow0', ['GroupSum', 'input@0', ['rating', 'color'], 'count', 'rating'], 'eqmax', 'rating'], ['COL0']]
    # SelectCol(SelectRow0(GroupSum(@param0, ['1', '2'], count, 2), eqmin, 0), ['2'])
      --> ['SelectCol', ['SelectRow0', ['GroupSum', 'input@0', ['rating', 'color'], 'count', 'color'], 'eqmin', 'rating'], ['COL0']]
    # SelectCol(SelectRow0(GroupSum(@param0, ['1', '2'], count, 2), eqmin, 0), ['-99', '-1'])
      --> ['SelectCol', ['SelectRow0', ['GroupSum', 'input@0', ['rating', 'color'], 'count', 'color'], 'eqmin', 'rating'], ['COL0']]
    # SelectCol(SelectRow0(GroupSum(@param0, ['1', '2'], count, 2), eqmax, 0), ['2'])
      --> ['SelectCol', ['SelectRow0', ['GroupSum', 'input@0', ['rating', 'color'], 'count', 'color'], 'eqmax', 'rating'], ['COL0']]
    # SelectCol(SelectRow0(GroupSum(@param0, ['1', '2'], count, 2), eqmax, 0), ['-99', '-1'])
      --> ['SelectCol', ['SelectRow0', ['GroupSum', 'input@0', ['rating', 'color'], 'count', 'color'], 'eqmax', 'rating'], ['COL0']]
    # Summarize(SelectRow1(@param0, <, 1, 42@Int), count, 0)
      --> ['Summarize', ['SelectRow1', 'input@0', '<', 'rating', 42], 'count', 'country']
    # Summarize(SelectRow1(@param0, <, 1, 42@Int), count, 1)
      --> ['Summarize', ['SelectRow1', 'input@0', '<', 'rating', 42], 'count', 'rating']
    # Summarize(SelectRow1(@param0, <, 1, 42@Int), count, 2)
      --> ['Summarize', ['SelectRow1', 'input@0', '<', 'rating', 42], 'count', 'color']
    # Summarize(SelectRow1(@param0, <=, 1, 0@Int), count, 0)
      --> ['Summarize', ['SelectRow1', 'input@0', '<=', 'rating', 0], 'count', 'country']
    # Summarize(SelectRow1(@param0, <=, 1, 0@Int), count, 1)
      --> ['Summarize', ['SelectRow1', 'input@0', '<=', 'rating', 0], 'count', 'rating']
    # Summarize(SelectRow1(@param0, <=, 1, 0@Int), count, 2)
      --> ['Summarize', ['SelectRow1', 'input@0', '<=', 'rating', 0], 'count', 'color']
    # Summarize(SelectRow1(@param0, ==, 0, KOR@Str), count, 0)
      --> ['Summarize', ['SelectRow1', 'input@0', '==', 'country', 'KOR'], 'count', 'country']
    # Summarize(SelectRow1(@param0, ==, 0, KOR@Str), count, 1)
      --> ['Summarize', ['SelectRow1', 'input@0', '==', 'country', 'KOR'], 'count', 'rating']
    # Summarize(SelectRow1(@param0, ==, 0, KOR@Str), count, 2)
      --> ['Summarize', ['SelectRow1', 'input@0', '==', 'country', 'KOR'], 'count', 'color']
    # Summarize(SelectRow1(@param0, ==, 0, ESP@Str), count, 0)
      --> ['Summarize', ['SelectRow1', 'input@0', '==', 'country', 'ESP'], 'count', 'country']
    # Summarize(SelectRow1(@param0, ==, 0, ESP@Str), count, 1)
      --> ['Summarize', ['SelectRow1', 'input@0', '==', 'country', 'ESP'], 'count', 'rating']
    # Summarize(SelectRow1(@param0, ==, 0, ESP@Str), count, 2)
      --> ['Summarize', ['SelectRow1', 'input@0', '==', 'country', 'ESP'], 'count', 'color']
    # Summarize(SelectRow1(@param0, ==, 0, GBR@Str), count, 0)
      --> ['Summarize', ['SelectRow1', 'input@0', '==', 'country', 'GBR'], 'count', 'country']
    # Summarize(SelectRow1(@param0, ==, 0, GBR@Str), count, 1)
      --> ['Summarize', ['SelectRow1', 'input@0', '==', 'country', 'GBR'], 'count', 'rating']
    # Summarize(SelectRow1(@param0, ==, 0, GBR@Str), count, 2)
      --> ['Summarize', ['SelectRow1', 'input@0', '==', 'country', 'GBR'], 'count', 'color']
    # Summarize(SelectRow1(@param0, ==, 0, DNK@Str), count, 0)
      --> ['Summarize', ['SelectRow1', 'input@0', '==', 'country', 'DNK'], 'count', 'country']
    # Summarize(SelectRow1(@param0, ==, 0, DNK@Str), count, 1)
      --> ['Summarize', ['SelectRow1', 'input@0', '==', 'country', 'DNK'], 'count', 'rating']
    # Summarize(SelectRow1(@param0, ==, 0, DNK@Str), count, 2)
      --> ['Summarize', ['SelectRow1', 'input@0', '==', 'country', 'DNK'], 'count', 'color']
    # Summarize(SelectRow1(@param0, ==, 0, FRA@Str), count, 0)
      --> ['Summarize', ['SelectRow1', 'input@0', '==', 'country', 'FRA'], 'count', 'country']
    # Summarize(SelectRow1(@param0, ==, 0, FRA@Str), count, 1)
      --> ['Summarize', ['SelectRow1', 'input@0', '==', 'country', 'FRA'], 'count', 'rating']
    # Summarize(SelectRow1(@param0, ==, 0, FRA@Str), count, 2)
      --> ['Summarize', ['SelectRow1', 'input@0', '==', 'country', 'FRA'], 'count', 'color']
    # Summarize(SelectRow1(@param0, ==, 0, CHE@Str), count, 0)
      --> ['Summarize', ['SelectRow1', 'input@0', '==', 'country', 'CHE'], 'count', 'country']
    # Summarize(SelectRow1(@param0, ==, 0, CHE@Str), count, 1)
      --> ['Summarize', ['SelectRow1', 'input@0', '==', 'country', 'CHE'], 'count', 'rating']
    # Summarize(SelectRow1(@param0, ==, 0, CHE@Str), count, 2)
      --> ['Summarize', ['SelectRow1', 'input@0', '==', 'country', 'CHE'], 'count', 'color']
    # Summarize(SelectRow1(@param0, ==, 0, FIN@Str), count, 0)
      --> ['Summarize', ['SelectRow1', 'input@0', '==', 'country', 'FIN'], 'count', 'country']
    # Summarize(SelectRow1(@param0, ==, 0, FIN@Str), count, 1)
      --> ['Summarize', ['SelectRow1', 'input@0', '==', 'country', 'FIN'], 'count', 'rating']
    # Summarize(SelectRow1(@param0, ==, 0, FIN@Str), count, 2)
      --> ['Summarize', ['SelectRow1', 'input@0', '==', 'country', 'FIN'], 'count', 'color']
    # Summarize(SelectRow1(@param0, ==, 0, AUS@Str), count, 0)
      --> ['Summarize', ['SelectRow1', 'input@0', '==', 'country', 'AUS'], 'count', 'country']
    # Summarize(SelectRow1(@param0, ==, 0, AUS@Str), count, 1)
      --> ['Summarize', ['SelectRow1', 'input@0', '==', 'country', 'AUS'], 'count', 'rating']
    # Summarize(SelectRow1(@param0, ==, 0, AUS@Str), count, 2)
      --> ['Summarize', ['SelectRow1', 'input@0', '==', 'country', 'AUS'], 'count', 'color']
    # Summarize(SelectRow1(@param0, ==, 0, PRT@Str), count, 0)
      --> ['Summarize', ['SelectRow1', 'input@0', '==', 'country', 'PRT'], 'count', 'country']
    # Summarize(SelectRow1(@param0, ==, 0, PRT@Str), count, 1)
      --> ['Summarize', ['SelectRow1', 'input@0', '==', 'country', 'PRT'], 'count', 'rating']
    # Summarize(SelectRow1(@param0, ==, 0, PRT@Str), count, 2)
      --> ['Summarize', ['SelectRow1', 'input@0', '==', 'country', 'PRT'], 'count', 'color']
    # Summarize(SelectRow1(@param0, ==, 0, BEL@Str), count, 0)
      --> ['Summarize', ['SelectRow1', 'input@0', '==', 'country', 'BEL'], 'count', 'country']
    # Summarize(SelectRow1(@param0, ==, 0, BEL@Str), count, 1)
      --> ['Summarize', ['SelectRow1', 'input@0', '==', 'country', 'BEL'], 'count', 'rating']
    # Summarize(SelectRow1(@param0, ==, 0, BEL@Str), count, 2)
      --> ['Summarize', ['SelectRow1', 'input@0', '==', 'country', 'BEL'], 'count', 'color']
    # Summarize(SelectRow1(@param0, ==, 0, CAN@Str), count, 0)
      --> ['Summarize', ['SelectRow1', 'input@0', '==', 'country', 'CAN'], 'count', 'country']
    # Summarize(SelectRow1(@param0, ==, 0, CAN@Str), count, 1)
      --> ['Summarize', ['SelectRow1', 'input@0', '==', 'country', 'CAN'], 'count', 'rating']
    # Summarize(SelectRow1(@param0, ==, 0, CAN@Str), count, 2)
      --> ['Summarize', ['SelectRow1', 'input@0', '==', 'country', 'CAN'], 'count', 'color']
    # Summarize(SelectRow1(@param0, ==, 0, ITA@Str), count, 0)
      --> ['Summarize', ['SelectRow1', 'input@0', '==', 'country', 'ITA'], 'count', 'country']
    # Summarize(SelectRow1(@param0, ==, 0, ITA@Str), count, 1)
      --> ['Summarize', ['SelectRow1', 'input@0', '==', 'country', 'ITA'], 'count', 'rating']
    # Summarize(SelectRow1(@param0, ==, 0, ITA@Str), count, 2)
      --> ['Summarize', ['SelectRow1', 'input@0', '==', 'country', 'ITA'], 'count', 'color']
    # Summarize(SelectRow1(@param0, ==, 0, AUT@Str), count, 0)
      --> ['Summarize', ['SelectRow1', 'input@0', '==', 'country', 'AUT'], 'count', 'country']
    # Summarize(SelectRow1(@param0, ==, 0, AUT@Str), count, 1)
      --> ['Summarize', ['SelectRow1', 'input@0', '==', 'country', 'AUT'], 'count', 'rating']
    # Summarize(SelectRow1(@param0, ==, 0, AUT@Str), count, 2)
      --> ['Summarize', ['SelectRow1', 'input@0', '==', 'country', 'AUT'], 'count', 'color']
    # Summarize(SelectRow1(@param0, ==, 0, NLD@Str), count, 0)
      --> ['Summarize', ['SelectRow1', 'input@0', '==', 'country', 'NLD'], 'count', 'country']
    # Summarize(SelectRow1(@param0, ==, 0, NLD@Str), count, 1)
      --> ['Summarize', ['SelectRow1', 'input@0', '==', 'country', 'NLD'], 'count', 'rating']
    # Summarize(SelectRow1(@param0, ==, 0, NLD@Str), count, 2)
      --> ['Summarize', ['SelectRow1', 'input@0', '==', 'country', 'NLD'], 'count', 'color']
    # Summarize(SelectRow1(@param0, ==, 0, SWE@Str), count, 0)
      --> ['Summarize', ['SelectRow1', 'input@0', '==', 'country', 'SWE'], 'count', 'country']
    # Summarize(SelectRow1(@param0, ==, 0, SWE@Str), count, 1)
      --> ['Summarize', ['SelectRow1', 'input@0', '==', 'country', 'SWE'], 'count', 'rating']
    # Summarize(SelectRow1(@param0, ==, 0, SWE@Str), count, 2)
      --> ['Summarize', ['SelectRow1', 'input@0', '==', 'country', 'SWE'], 'count', 'color']
    # Summarize(SelectRow1(@param0, ==, 0, NOR@Str), count, 0)
      --> ['Summarize', ['SelectRow1', 'input@0', '==', 'country', 'NOR'], 'count', 'country']
    # Summarize(SelectRow1(@param0, ==, 0, NOR@Str), count, 1)
      --> ['Summarize', ['SelectRow1', 'input@0', '==', 'country', 'NOR'], 'count', 'rating']
    # Summarize(SelectRow1(@param0, ==, 0, NOR@Str), count, 2)
      --> ['Summarize', ['SelectRow1', 'input@0', '==', 'country', 'NOR'], 'count', 'color']
    # Summarize(SelectRow1(@param0, ==, 0, DEU@Str), count, 0)
      --> ['Summarize', ['SelectRow1', 'input@0', '==', 'country', 'DEU'], 'count', 'country']
    # Summarize(SelectRow1(@param0, ==, 0, DEU@Str), count, 1)
      --> ['Summarize', ['SelectRow1', 'input@0', '==', 'country', 'DEU'], 'count', 'rating']
    # Summarize(SelectRow1(@param0, ==, 0, DEU@Str), count, 2)
      --> ['Summarize', ['SelectRow1', 'input@0', '==', 'country', 'DEU'], 'count', 'color']
    # Summarize(SelectRow1(@param0, ==, 0, IRL@Str), count, 0)
      --> ['Summarize', ['SelectRow1', 'input@0', '==', 'country', 'IRL'], 'count', 'country']
    # Summarize(SelectRow1(@param0, ==, 0, IRL@Str), count, 1)
      --> ['Summarize', ['SelectRow1', 'input@0', '==', 'country', 'IRL'], 'count', 'rating']
    # Summarize(SelectRow1(@param0, ==, 0, IRL@Str), count, 2)
      --> ['Summarize', ['SelectRow1', 'input@0', '==', 'country', 'IRL'], 'count', 'color']
    # Summarize(SelectRow1(@param0, ==, 0, JPN@Str), count, 0)
      --> ['Summarize', ['SelectRow1', 'input@0', '==', 'country', 'JPN'], 'count', 'country']
    # Summarize(SelectRow1(@param0, ==, 0, JPN@Str), count, 1)
      --> ['Summarize', ['SelectRow1', 'input@0', '==', 'country', 'JPN'], 'count', 'rating']
    # Summarize(SelectRow1(@param0, ==, 0, JPN@Str), count, 2)
      --> ['Summarize', ['SelectRow1', 'input@0', '==', 'country', 'JPN'], 'count', 'color']
    # Summarize(SelectRow1(@param0, ==, 0, USA@Str), count, 0)
      --> ['Summarize', ['SelectRow1', 'input@0', '==', 'country', 'USA'], 'count', 'country']
    # Summarize(SelectRow1(@param0, ==, 0, USA@Str), count, 1)
      --> ['Summarize', ['SelectRow1', 'input@0', '==', 'country', 'USA'], 'count', 'rating']
    # Summarize(SelectRow1(@param0, ==, 0, USA@Str), count, 2)
      --> ['Summarize', ['SelectRow1', 'input@0', '==', 'country', 'USA'], 'count', 'color']
    # Summarize(SelectRow1(@param0, ==, 1, 0@Int), count, 0)
      --> ['Summarize', ['SelectRow1', 'input@0', '==', 'rating', 0], 'count', 'country']
    # Summarize(SelectRow1(@param0, ==, 1, 0@Int), count, 1)
      --> ['Summarize', ['SelectRow1', 'input@0', '==', 'rating', 0], 'count', 'rating']
    # Summarize(SelectRow1(@param0, ==, 1, 0@Int), count, 2)
      --> ['Summarize', ['SelectRow1', 'input@0', '==', 'rating', 0], 'count', 'color']
    # Summarize(SelectRow1(@param0, ==, 1, 42@Int), count, 0)
      --> ['Summarize', ['SelectRow1', 'input@0', '==', 'rating', 42], 'count', 'country']
    # Summarize(SelectRow1(@param0, ==, 1, 42@Int), count, 1)
      --> ['Summarize', ['SelectRow1', 'input@0', '==', 'rating', 42], 'count', 'rating']
    # Summarize(SelectRow1(@param0, ==, 1, 42@Int), count, 2)
      --> ['Summarize', ['SelectRow1', 'input@0', '==', 'rating', 42], 'count', 'color']
    # Summarize(SelectRow1(@param0, ==, 1, 48@Int), count, 0)
      --> ['Summarize', ['SelectRow1', 'input@0', '==', 'rating', 48], 'count', 'country']
    # Summarize(SelectRow1(@param0, ==, 1, 48@Int), count, 1)
      --> ['Summarize', ['SelectRow1', 'input@0', '==', 'rating', 48], 'count', 'rating']
    # Summarize(SelectRow1(@param0, ==, 1, 48@Int), count, 2)
      --> ['Summarize', ['SelectRow1', 'input@0', '==', 'rating', 48], 'count', 'color']
    # Summarize(SelectRow1(@param0, ==, 1, 49@Int), count, 0)
      --> ['Summarize', ['SelectRow1', 'input@0', '==', 'rating', 49], 'count', 'country']
    # Summarize(SelectRow1(@param0, ==, 1, 49@Int), count, 1)
      --> ['Summarize', ['SelectRow1', 'input@0', '==', 'rating', 49], 'count', 'rating']
    # Summarize(SelectRow1(@param0, ==, 1, 49@Int), count, 2)
      --> ['Summarize', ['SelectRow1', 'input@0', '==', 'rating', 49], 'count', 'color']
    # Summarize(SelectRow1(@param0, ==, 1, 52@Int), count, 0)
      --> ['Summarize', ['SelectRow1', 'input@0', '==', 'rating', 52], 'count', 'country']
    # Summarize(SelectRow1(@param0, ==, 1, 52@Int), count, 1)
      --> ['Summarize', ['SelectRow1', 'input@0', '==', 'rating', 52], 'count', 'rating']
    # Summarize(SelectRow1(@param0, ==, 1, 52@Int), count, 2)
      --> ['Summarize', ['SelectRow1', 'input@0', '==', 'rating', 52], 'count', 'color']
    # Summarize(SelectRow1(@param0, ==, 1, 53@Int), count, 0)
      --> ['Summarize', ['SelectRow1', 'input@0', '==', 'rating', 53], 'count', 'country']
    # Summarize(SelectRow1(@param0, ==, 1, 53@Int), count, 1)
      --> ['Summarize', ['SelectRow1', 'input@0', '==', 'rating', 53], 'count', 'rating']
    # Summarize(SelectRow1(@param0, ==, 1, 53@Int), count, 2)
      --> ['Summarize', ['SelectRow1', 'input@0', '==', 'rating', 53], 'count', 'color']
    # Summarize(SelectRow1(@param0, ==, 1, 54@Int), count, 0)
      --> ['Summarize', ['SelectRow1', 'input@0', '==', 'rating', 54], 'count', 'country']
    # Summarize(SelectRow1(@param0, ==, 1, 54@Int), count, 1)
      --> ['Summarize', ['SelectRow1', 'input@0', '==', 'rating', 54], 'count', 'rating']
    # Summarize(SelectRow1(@param0, ==, 1, 54@Int), count, 2)
      --> ['Summarize', ['SelectRow1', 'input@0', '==', 'rating', 54], 'count', 'color']
    # Summarize(SelectRow1(@param0, ==, 1, 56@Int), count, 0)
      --> ['Summarize', ['SelectRow1', 'input@0', '==', 'rating', 56], 'count', 'country']
    # Summarize(SelectRow1(@param0, ==, 1, 56@Int), count, 1)
      --> ['Summarize', ['SelectRow1', 'input@0', '==', 'rating', 56], 'count', 'rating']
    # Summarize(SelectRow1(@param0, ==, 1, 56@Int), count, 2)
      --> ['Summarize', ['SelectRow1', 'input@0', '==', 'rating', 56], 'count', 'color']
    # Summarize(SelectRow1(@param0, ==, 1, 57@Int), count, 0)
      --> ['Summarize', ['SelectRow1', 'input@0', '==', 'rating', 57], 'count', 'country']
    # Summarize(SelectRow1(@param0, ==, 1, 57@Int), count, 1)
      --> ['Summarize', ['SelectRow1', 'input@0', '==', 'rating', 57], 'count', 'rating']
    # Summarize(SelectRow1(@param0, ==, 1, 57@Int), count, 2)
      --> ['Summarize', ['SelectRow1', 'input@0', '==', 'rating', 57], 'count', 'color']
    # Summarize(SelectRow1(@param0, ==, 1, 60@Int), count, 0)
      --> ['Summarize', ['SelectRow1', 'input@0', '==', 'rating', 60], 'count', 'country']
    # Summarize(SelectRow1(@param0, ==, 1, 60@Int), count, 1)
      --> ['Summarize', ['SelectRow1', 'input@0', '==', 'rating', 60], 'count', 'rating']
    # Summarize(SelectRow1(@param0, ==, 1, 60@Int), count, 2)
      --> ['Summarize', ['SelectRow1', 'input@0', '==', 'rating', 60], 'count', 'color']
    # Summarize(SelectRow1(@param0, ==, 1, 61@Int), count, 0)
      --> ['Summarize', ['SelectRow1', 'input@0', '==', 'rating', 61], 'count', 'country']
    # Summarize(SelectRow1(@param0, ==, 1, 61@Int), count, 1)
      --> ['Summarize', ['SelectRow1', 'input@0', '==', 'rating', 61], 'count', 'rating']
    # Summarize(SelectRow1(@param0, ==, 1, 61@Int), count, 2)
      --> ['Summarize', ['SelectRow1', 'input@0', '==', 'rating', 61], 'count', 'color']
    # Summarize(SelectRow1(@param0, ==, 1, 62@Int), count, 0)
      --> ['Summarize', ['SelectRow1', 'input@0', '==', 'rating', 62], 'count', 'country']
    # Summarize(SelectRow1(@param0, ==, 1, 62@Int), count, 1)
      --> ['Summarize', ['SelectRow1', 'input@0', '==', 'rating', 62], 'count', 'rating']
    # Summarize(SelectRow1(@param0, ==, 1, 62@Int), count, 2)
      --> ['Summarize', ['SelectRow1', 'input@0', '==', 'rating', 62], 'count', 'color']
    # Summarize(SelectRow1(@param0, ==, 1, 64@Int), count, 0)
      --> ['Summarize', ['SelectRow1', 'input@0', '==', 'rating', 64], 'count', 'country']
    # Summarize(SelectRow1(@param0, ==, 1, 64@Int), count, 1)
      --> ['Summarize', ['SelectRow1', 'input@0', '==', 'rating', 64], 'count', 'rating']
    # Summarize(SelectRow1(@param0, ==, 1, 64@Int), count, 2)
      --> ['Summarize', ['SelectRow1', 'input@0', '==', 'rating', 64], 'count', 'color']
    # Summarize(SelectRow1(@param0, ==, 1, 70@Int), count, 0)
      --> ['Summarize', ['SelectRow1', 'input@0', '==', 'rating', 70], 'count', 'country']
    # Summarize(SelectRow1(@param0, ==, 1, 70@Int), count, 1)
      --> ['Summarize', ['SelectRow1', 'input@0', '==', 'rating', 70], 'count', 'rating']
    # Summarize(SelectRow1(@param0, ==, 1, 70@Int), count, 2)
      --> ['Summarize', ['SelectRow1', 'input@0', '==', 'rating', 70], 'count', 'color']
    # Summarize(SelectRow1(@param0, ==, 1, 75@Int), count, 0)
      --> ['Summarize', ['SelectRow1', 'input@0', '==', 'rating', 75], 'count', 'country']
    # Summarize(SelectRow1(@param0, ==, 1, 75@Int), count, 1)
      --> ['Summarize', ['SelectRow1', 'input@0', '==', 'rating', 75], 'count', 'rating']
    # Summarize(SelectRow1(@param0, ==, 1, 75@Int), count, 2)
      --> ['Summarize', ['SelectRow1', 'input@0', '==', 'rating', 75], 'count', 'color']
    # Summarize(SelectRow1(@param0, ==, 1, 76@Int), count, 0)
      --> ['Summarize', ['SelectRow1', 'input@0', '==', 'rating', 76], 'count', 'country']
    # Summarize(SelectRow1(@param0, ==, 1, 76@Int), count, 1)
      --> ['Summarize', ['SelectRow1', 'input@0', '==', 'rating', 76], 'count', 'rating']
    # Summarize(SelectRow1(@param0, ==, 1, 76@Int), count, 2)
      --> ['Summarize', ['SelectRow1', 'input@0', '==', 'rating', 76], 'count', 'color']
    # Summarize(SelectRow1(@param0, >=, 1, 76@Int), count, 0)
      --> ['Summarize', ['SelectRow1', 'input@0', '>=', 'rating', 76], 'count', 'country']
    # Summarize(SelectRow1(@param0, >=, 1, 76@Int), count, 1)
      --> ['Summarize', ['SelectRow1', 'input@0', '>=', 'rating', 76], 'count', 'rating']
    # Summarize(SelectRow1(@param0, >=, 1, 76@Int), count, 2)
      --> ['Summarize', ['SelectRow1', 'input@0', '>=', 'rating', 76], 'count', 'color']
    # Summarize(SelectRow1(@param0, >, 1, 75@Int), count, 0)
      --> ['Summarize', ['SelectRow1', 'input@0', '>', 'rating', 75], 'count', 'country']
    # Summarize(SelectRow1(@param0, >, 1, 75@Int), count, 1)
      --> ['Summarize', ['SelectRow1', 'input@0', '>', 'rating', 75], 'count', 'rating']
    # Summarize(SelectRow1(@param0, >, 1, 75@Int), count, 2)
      --> ['Summarize', ['SelectRow1', 'input@0', '>', 'rating', 75], 'count', 'color']
    # Contrast(SelectRow1(@param0, <, 1, 48@Int), /, 0, JPN@Str, JPN@Str, 1)
      --> ['Contrast', ['SelectRow1', 'input@0', '<', 'rating', 48], '/', 'country', 'JPN', 'JPN', 'rating']
    # Contrast(SelectRow1(@param0, <, 1, 49@Int), /, 0, AUT@Str, AUT@Str, 1)
      --> ['Contrast', ['SelectRow1', 'input@0', '<', 'rating', 49], '/', 'country', 'AUT', 'AUT', 'rating']
    # Contrast(SelectRow1(@param0, <, 1, 49@Int), /, 0, JPN@Str, JPN@Str, 1)
      --> ['Contrast', ['SelectRow1', 'input@0', '<', 'rating', 49], '/', 'country', 'JPN', 'JPN', 'rating']
    # Contrast(SelectRow1(@param0, <, 1, 52@Int), -, 0, ITA@Str, AUT@Str, 1)
      --> ['Contrast', ['SelectRow1', 'input@0', '<', 'rating', 52], '-', 'country', 'ITA', 'AUT', 'rating']
    # Contrast(SelectRow1(@param0, <, 1, 52@Int), /, 0, ITA@Str, ITA@Str, 1)
      --> ['Contrast', ['SelectRow1', 'input@0', '<', 'rating', 52], '/', 'country', 'ITA', 'ITA', 'rating']
    # Contrast(SelectRow1(@param0, <, 1, 52@Int), /, 0, AUT@Str, AUT@Str, 1)
      --> ['Contrast', ['SelectRow1', 'input@0', '<', 'rating', 52], '/', 'country', 'AUT', 'AUT', 'rating']
    # Contrast(SelectRow1(@param0, <, 1, 52@Int), /, 0, JPN@Str, JPN@Str, 1)
      --> ['Contrast', ['SelectRow1', 'input@0', '<', 'rating', 52], '/', 'country', 'JPN', 'JPN', 'rating']
    # Contrast(SelectRow1(@param0, <, 1, 52@Int), diff, 0, ITA@Str, AUT@Str, 1)
      --> ['Contrast', ['SelectRow1', 'input@0', '<', 'rating', 52], 'diff', 'country', 'ITA', 'AUT', 'rating']
    # Contrast(SelectRow1(@param0, <, 1, 52@Int), diff, 0, AUT@Str, ITA@Str, 1)
      --> ['Contrast', ['SelectRow1', 'input@0', '<', 'rating', 52], 'diff', 'country', 'AUT', 'ITA', 'rating']
    # Contrast(SelectRow1(@param0, <, 1, 53@Int), -, 0, ITA@Str, AUT@Str, 1)
      --> ['Contrast', ['SelectRow1', 'input@0', '<', 'rating', 53], '-', 'country', 'ITA', 'AUT', 'rating']
    # Contrast(SelectRow1(@param0, <, 1, 53@Int), /, 0, KOR@Str, KOR@Str, 1)
      --> ['Contrast', ['SelectRow1', 'input@0', '<', 'rating', 53], '/', 'country', 'KOR', 'KOR', 'rating']
    # Contrast(SelectRow1(@param0, <, 1, 53@Int), /, 0, ITA@Str, ITA@Str, 1)
      --> ['Contrast', ['SelectRow1', 'input@0', '<', 'rating', 53], '/', 'country', 'ITA', 'ITA', 'rating']
    # Contrast(SelectRow1(@param0, <, 1, 53@Int), /, 0, AUT@Str, AUT@Str, 1)
      --> ['Contrast', ['SelectRow1', 'input@0', '<', 'rating', 53], '/', 'country', 'AUT', 'AUT', 'rating']
    # Contrast(SelectRow1(@param0, <, 1, 53@Int), /, 0, JPN@Str, JPN@Str, 1)
      --> ['Contrast', ['SelectRow1', 'input@0', '<', 'rating', 53], '/', 'country', 'JPN', 'JPN', 'rating']
    # Contrast(SelectRow1(@param0, <, 1, 53@Int), diff, 0, ITA@Str, AUT@Str, 1)
      --> ['Contrast', ['SelectRow1', 'input@0', '<', 'rating', 53], 'diff', 'country', 'ITA', 'AUT', 'rating']
    # Contrast(SelectRow1(@param0, <, 1, 53@Int), diff, 0, AUT@Str, ITA@Str, 1)
      --> ['Contrast', ['SelectRow1', 'input@0', '<', 'rating', 53], 'diff', 'country', 'AUT', 'ITA', 'rating']
    # Contrast(SelectRow1(@param0, <, 1, 54@Int), -, 0, ITA@Str, AUT@Str, 1)
      --> ['Contrast', ['SelectRow1', 'input@0', '<', 'rating', 54], '-', 'country', 'ITA', 'AUT', 'rating']
    # Contrast(SelectRow1(@param0, <, 1, 54@Int), -, 0, USA@Str, KOR@Str, 1)
      --> ['Contrast', ['SelectRow1', 'input@0', '<', 'rating', 54], '-', 'country', 'USA', 'KOR', 'rating']
    # Contrast(SelectRow1(@param0, <, 1, 54@Int), /, 0, KOR@Str, KOR@Str, 1)
      --> ['Contrast', ['SelectRow1', 'input@0', '<', 'rating', 54], '/', 'country', 'KOR', 'KOR', 'rating']
    # Contrast(SelectRow1(@param0, <, 1, 54@Int), /, 0, ITA@Str, ITA@Str, 1)
      --> ['Contrast', ['SelectRow1', 'input@0', '<', 'rating', 54], '/', 'country', 'ITA', 'ITA', 'rating']
    # Contrast(SelectRow1(@param0, <, 1, 54@Int), /, 0, AUT@Str, AUT@Str, 1)
      --> ['Contrast', ['SelectRow1', 'input@0', '<', 'rating', 54], '/', 'country', 'AUT', 'AUT', 'rating']
    # Contrast(SelectRow1(@param0, <, 1, 54@Int), /, 0, JPN@Str, JPN@Str, 1)
      --> ['Contrast', ['SelectRow1', 'input@0', '<', 'rating', 54], '/', 'country', 'JPN', 'JPN', 'rating']
    # Contrast(SelectRow1(@param0, <, 1, 54@Int), /, 0, USA@Str, USA@Str, 1)
      --> ['Contrast', ['SelectRow1', 'input@0', '<', 'rating', 54], '/', 'country', 'USA', 'USA', 'rating']
    # Contrast(SelectRow1(@param0, <, 1, 54@Int), diff, 0, KOR@Str, USA@Str, 1)
      --> ['Contrast', ['SelectRow1', 'input@0', '<', 'rating', 54], 'diff', 'country', 'KOR', 'USA', 'rating']
    # Contrast(SelectRow1(@param0, <, 1, 54@Int), diff, 0, ITA@Str, AUT@Str, 1)
      --> ['Contrast', ['SelectRow1', 'input@0', '<', 'rating', 54], 'diff', 'country', 'ITA', 'AUT', 'rating']
    # Contrast(SelectRow1(@param0, <, 1, 54@Int), diff, 0, AUT@Str, ITA@Str, 1)
      --> ['Contrast', ['SelectRow1', 'input@0', '<', 'rating', 54], 'diff', 'country', 'AUT', 'ITA', 'rating']
    # Contrast(SelectRow1(@param0, <, 1, 54@Int), diff, 0, USA@Str, KOR@Str, 1)
      --> ['Contrast', ['SelectRow1', 'input@0', '<', 'rating', 54], 'diff', 'country', 'USA', 'KOR', 'rating']
    # Contrast(SelectRow1(@param0, <, 1, 56@Int), -, 0, CAN@Str, USA@Str, 1)
      --> ['Contrast', ['SelectRow1', 'input@0', '<', 'rating', 56], '-', 'country', 'CAN', 'USA', 'rating']
    # Contrast(SelectRow1(@param0, <, 1, 56@Int), -, 0, ITA@Str, AUT@Str, 1)
      --> ['Contrast', ['SelectRow1', 'input@0', '<', 'rating', 56], '-', 'country', 'ITA', 'AUT', 'rating']
    # Contrast(SelectRow1(@param0, <, 1, 56@Int), -, 0, USA@Str, KOR@Str, 1)
      --> ['Contrast', ['SelectRow1', 'input@0', '<', 'rating', 56], '-', 'country', 'USA', 'KOR', 'rating']
    # Contrast(SelectRow1(@param0, <, 1, 56@Int), /, 0, KOR@Str, KOR@Str, 1)
      --> ['Contrast', ['SelectRow1', 'input@0', '<', 'rating', 56], '/', 'country', 'KOR', 'KOR', 'rating']
    # Contrast(SelectRow1(@param0, <, 1, 56@Int), /, 0, CAN@Str, CAN@Str, 1)
      --> ['Contrast', ['SelectRow1', 'input@0', '<', 'rating', 56], '/', 'country', 'CAN', 'CAN', 'rating']
    # Contrast(SelectRow1(@param0, <, 1, 56@Int), /, 0, ITA@Str, ITA@Str, 1)
      --> ['Contrast', ['SelectRow1', 'input@0', '<', 'rating', 56], '/', 'country', 'ITA', 'ITA', 'rating']
    # Contrast(SelectRow1(@param0, <, 1, 56@Int), /, 0, AUT@Str, AUT@Str, 1)
      --> ['Contrast', ['SelectRow1', 'input@0', '<', 'rating', 56], '/', 'country', 'AUT', 'AUT', 'rating']
    # Contrast(SelectRow1(@param0, <, 1, 56@Int), /, 0, JPN@Str, JPN@Str, 1)
      --> ['Contrast', ['SelectRow1', 'input@0', '<', 'rating', 56], '/', 'country', 'JPN', 'JPN', 'rating']
    # Contrast(SelectRow1(@param0, <, 1, 56@Int), /, 0, USA@Str, USA@Str, 1)
      --> ['Contrast', ['SelectRow1', 'input@0', '<', 'rating', 56], '/', 'country', 'USA', 'USA', 'rating']
    # Contrast(SelectRow1(@param0, <, 1, 56@Int), diff, 0, KOR@Str, USA@Str, 1)
      --> ['Contrast', ['SelectRow1', 'input@0', '<', 'rating', 56], 'diff', 'country', 'KOR', 'USA', 'rating']
    # Contrast(SelectRow1(@param0, <, 1, 56@Int), diff, 0, CAN@Str, USA@Str, 1)
      --> ['Contrast', ['SelectRow1', 'input@0', '<', 'rating', 56], 'diff', 'country', 'CAN', 'USA', 'rating']
    # Contrast(SelectRow1(@param0, <, 1, 56@Int), diff, 0, ITA@Str, AUT@Str, 1)
      --> ['Contrast', ['SelectRow1', 'input@0', '<', 'rating', 56], 'diff', 'country', 'ITA', 'AUT', 'rating']
    # Contrast(SelectRow1(@param0, <, 1, 56@Int), diff, 0, AUT@Str, ITA@Str, 1)
      --> ['Contrast', ['SelectRow1', 'input@0', '<', 'rating', 56], 'diff', 'country', 'AUT', 'ITA', 'rating']
    # Contrast(SelectRow1(@param0, <, 1, 56@Int), diff, 0, USA@Str, KOR@Str, 1)
      --> ['Contrast', ['SelectRow1', 'input@0', '<', 'rating', 56], 'diff', 'country', 'USA', 'KOR', 'rating']
    # Contrast(SelectRow1(@param0, <, 1, 56@Int), diff, 0, USA@Str, CAN@Str, 1)
      --> ['Contrast', ['SelectRow1', 'input@0', '<', 'rating', 56], 'diff', 'country', 'USA', 'CAN', 'rating']
    # Contrast(SelectRow1(@param0, <, 1, 57@Int), -, 0, CAN@Str, USA@Str, 1)
      --> ['Contrast', ['SelectRow1', 'input@0', '<', 'rating', 57], '-', 'country', 'CAN', 'USA', 'rating']
    # Contrast(SelectRow1(@param0, <, 1, 57@Int), -, 0, ITA@Str, AUT@Str, 1)
      --> ['Contrast', ['SelectRow1', 'input@0', '<', 'rating', 57], '-', 'country', 'ITA', 'AUT', 'rating']
    # Contrast(SelectRow1(@param0, <, 1, 57@Int), -, 0, USA@Str, KOR@Str, 1)
      --> ['Contrast', ['SelectRow1', 'input@0', '<', 'rating', 57], '-', 'country', 'USA', 'KOR', 'rating']
    # Contrast(SelectRow1(@param0, <, 1, 57@Int), /, 0, KOR@Str, KOR@Str, 1)
      --> ['Contrast', ['SelectRow1', 'input@0', '<', 'rating', 57], '/', 'country', 'KOR', 'KOR', 'rating']
    # Contrast(SelectRow1(@param0, <, 1, 57@Int), /, 0, FRA@Str, FRA@Str, 1)
      --> ['Contrast', ['SelectRow1', 'input@0', '<', 'rating', 57], '/', 'country', 'FRA', 'FRA', 'rating']
    # Contrast(SelectRow1(@param0, <, 1, 57@Int), /, 0, CAN@Str, CAN@Str, 1)
      --> ['Contrast', ['SelectRow1', 'input@0', '<', 'rating', 57], '/', 'country', 'CAN', 'CAN', 'rating']
    # Contrast(SelectRow1(@param0, <, 1, 57@Int), /, 0, ITA@Str, ITA@Str, 1)
      --> ['Contrast', ['SelectRow1', 'input@0', '<', 'rating', 57], '/', 'country', 'ITA', 'ITA', 'rating']
    # Contrast(SelectRow1(@param0, <, 1, 57@Int), /, 0, AUT@Str, AUT@Str, 1)
      --> ['Contrast', ['SelectRow1', 'input@0', '<', 'rating', 57], '/', 'country', 'AUT', 'AUT', 'rating']
    # Contrast(SelectRow1(@param0, <, 1, 57@Int), /, 0, JPN@Str, JPN@Str, 1)
      --> ['Contrast', ['SelectRow1', 'input@0', '<', 'rating', 57], '/', 'country', 'JPN', 'JPN', 'rating']
    # Contrast(SelectRow1(@param0, <, 1, 57@Int), /, 0, USA@Str, USA@Str, 1)
      --> ['Contrast', ['SelectRow1', 'input@0', '<', 'rating', 57], '/', 'country', 'USA', 'USA', 'rating']
---------- timeout ----------

# ========== review report ========== #
# top-1, score: 0.00, answer: [1]
  # tprog: SelectCol(SelectRow0(GroupSum(@param0, ['1'], count, 0), eqmin, 0), ['1'])
# top-2, score: 0.00, answer: [1]
  # tprog: SelectCol(SelectRow0(GroupSum(@param0, ['1'], count, 0), eqmin, 0), ['-99'])
# top-3, score: 0.00, answer: [1]
  # tprog: SelectCol(SelectRow0(GroupSum(@param0, ['1'], count, 0), eqmax, 0), ['1'])
# top-4, score: 0.00, answer: [1]
  # tprog: SelectCol(SelectRow0(GroupSum(@param0, ['1'], count, 0), eqmax, 0), ['-99'])
# top-5, score: 0.00, answer: [1]
  # tprog: SelectCol(SelectRow0(GroupSum(@param0, ['1'], count, 1), eqmin, 0), ['1'])
# top-6, score: 0.00, answer: [1]
  # tprog: SelectCol(SelectRow0(GroupSum(@param0, ['1'], count, 1), eqmin, 0), ['-99'])
# top-7, score: 0.00, answer: [1]
  # tprog: SelectCol(SelectRow0(GroupSum(@param0, ['1'], count, 1), eqmax, 0), ['1'])
# top-8, score: 0.00, answer: [1]
  # tprog: SelectCol(SelectRow0(GroupSum(@param0, ['1'], count, 1), eqmax, 0), ['-99'])
# top-9, score: 0.00, answer: [1]
  # tprog: SelectCol(SelectRow0(GroupSum(@param0, ['1'], count, 2), eqmin, 0), ['1'])
# top-10, score: 0.00, answer: [1]
  # tprog: SelectCol(SelectRow0(GroupSum(@param0, ['1'], count, 2), eqmin, 0), ['-99'])
# top-11, score: 0.00, answer: [1]
  # tprog: SelectCol(SelectRow0(GroupSum(@param0, ['1'], count, 2), eqmax, 0), ['1'])
# top-12, score: 0.00, answer: [1]
  # tprog: SelectCol(SelectRow0(GroupSum(@param0, ['1'], count, 2), eqmax, 0), ['-99'])
# top-13, score: 0.00, answer: [1]
  # tprog: SelectCol(SelectRow0(GroupSum(@param0, ['0', '1'], count, 0), eqmin, 1), ['2'])
# top-14, score: 0.00, answer: [1]
  # tprog: SelectCol(SelectRow0(GroupSum(@param0, ['0', '1'], count, 0), eqmin, 1), ['-99', '-1'])
# top-15, score: 0.00, answer: [1]
  # tprog: SelectCol(SelectRow0(GroupSum(@param0, ['0', '1'], count, 0), eqmax, 1), ['2'])
# top-16, score: 0.00, answer: [1]
  # tprog: SelectCol(SelectRow0(GroupSum(@param0, ['0', '1'], count, 0), eqmax, 1), ['-99', '-1'])
# top-17, score: 0.00, answer: [1]
  # tprog: SelectCol(SelectRow0(GroupSum(@param0, ['0', '1'], count, 1), eqmin, 1), ['2'])
# top-18, score: 0.00, answer: [1]
  # tprog: SelectCol(SelectRow0(GroupSum(@param0, ['0', '1'], count, 1), eqmin, 1), ['-99', '-1'])
# top-19, score: 0.00, answer: [1]
  # tprog: SelectCol(SelectRow0(GroupSum(@param0, ['0', '1'], count, 1), eqmax, 1), ['2'])
# top-20, score: 0.00, answer: [1]
  # tprog: SelectCol(SelectRow0(GroupSum(@param0, ['0', '1'], count, 1), eqmax, 1), ['-99', '-1'])
# top-21, score: 0.00, answer: [1]
  # tprog: SelectCol(SelectRow0(GroupSum(@param0, ['0', '1'], count, 2), eqmin, 1), ['2'])
# top-22, score: 0.00, answer: [1]
  # tprog: SelectCol(SelectRow0(GroupSum(@param0, ['0', '1'], count, 2), eqmin, 1), ['-99', '-1'])
# top-23, score: 0.00, answer: [1]
  # tprog: SelectCol(SelectRow0(GroupSum(@param0, ['0', '1'], count, 2), eqmax, 1), ['2'])
# top-24, score: 0.00, answer: [1]
  # tprog: SelectCol(SelectRow0(GroupSum(@param0, ['0', '1'], count, 2), eqmax, 1), ['-99', '-1'])
# top-25, score: 0.00, answer: [1]
  # tprog: SelectCol(SelectRow0(GroupSum(@param0, ['1', '2'], count, 0), eqmin, 0), ['2'])
# top-26, score: 0.00, answer: [1]
  # tprog: SelectCol(SelectRow0(GroupSum(@param0, ['1', '2'], count, 0), eqmin, 0), ['-99', '-1'])
# top-27, score: 0.00, answer: [1]
  # tprog: SelectCol(SelectRow0(GroupSum(@param0, ['1', '2'], count, 0), eqmax, 0), ['2'])
# top-28, score: 0.00, answer: [1]
  # tprog: SelectCol(SelectRow0(GroupSum(@param0, ['1', '2'], count, 0), eqmax, 0), ['-99', '-1'])
# top-29, score: 0.00, answer: [1]
  # tprog: SelectCol(SelectRow0(GroupSum(@param0, ['1', '2'], count, 1), eqmin, 0), ['2'])
# top-30, score: 0.00, answer: [1]
  # tprog: SelectCol(SelectRow0(GroupSum(@param0, ['1', '2'], count, 1), eqmin, 0), ['-99', '-1'])
# top-31, score: 0.00, answer: [1]
  # tprog: SelectCol(SelectRow0(GroupSum(@param0, ['1', '2'], count, 1), eqmax, 0), ['2'])
# top-32, score: 0.00, answer: [1]
  # tprog: SelectCol(SelectRow0(GroupSum(@param0, ['1', '2'], count, 1), eqmax, 0), ['-99', '-1'])
# top-33, score: 0.00, answer: [1]
  # tprog: SelectCol(SelectRow0(GroupSum(@param0, ['1', '2'], count, 2), eqmin, 0), ['2'])
# top-34, score: 0.00, answer: [1]
  # tprog: SelectCol(SelectRow0(GroupSum(@param0, ['1', '2'], count, 2), eqmin, 0), ['-99', '-1'])
# top-35, score: 0.00, answer: [1]
  # tprog: SelectCol(SelectRow0(GroupSum(@param0, ['1', '2'], count, 2), eqmax, 0), ['2'])
# top-36, score: 0.00, answer: [1]
  # tprog: SelectCol(SelectRow0(GroupSum(@param0, ['1', '2'], count, 2), eqmax, 0), ['-99', '-1'])
# top-37, score: 0.00, answer: [1]
  # tprog: Summarize(SelectRow1(@param0, <, 1, 42@Int), count, 0)
# top-38, score: 0.00, answer: [1]
  # tprog: Summarize(SelectRow1(@param0, <, 1, 42@Int), count, 1)
# top-39, score: 0.00, answer: [1]
  # tprog: Summarize(SelectRow1(@param0, <, 1, 42@Int), count, 2)
# top-40, score: 0.00, answer: [1]
  # tprog: Summarize(SelectRow1(@param0, <=, 1, 0@Int), count, 0)
# top-41, score: 0.00, answer: [1]
  # tprog: Summarize(SelectRow1(@param0, <=, 1, 0@Int), count, 1)
# top-42, score: 0.00, answer: [1]
  # tprog: Summarize(SelectRow1(@param0, <=, 1, 0@Int), count, 2)
# top-43, score: 0.00, answer: [1]
  # tprog: Summarize(SelectRow1(@param0, ==, 0, KOR@Str), count, 0)
# top-44, score: 0.00, answer: [1]
  # tprog: Summarize(SelectRow1(@param0, ==, 0, KOR@Str), count, 1)
# top-45, score: 0.00, answer: [1]
  # tprog: Summarize(SelectRow1(@param0, ==, 0, KOR@Str), count, 2)
# top-46, score: 0.00, answer: [1]
  # tprog: Summarize(SelectRow1(@param0, ==, 0, ESP@Str), count, 0)
# top-47, score: 0.00, answer: [1]
  # tprog: Summarize(SelectRow1(@param0, ==, 0, ESP@Str), count, 1)
# top-48, score: 0.00, answer: [1]
  # tprog: Summarize(SelectRow1(@param0, ==, 0, ESP@Str), count, 2)
# top-49, score: 0.00, answer: [1]
  # tprog: Summarize(SelectRow1(@param0, ==, 0, GBR@Str), count, 0)
# top-50, score: 0.00, answer: [1]
  # tprog: Summarize(SelectRow1(@param0, ==, 0, GBR@Str), count, 1)
# top-51, score: 0.00, answer: [1]
  # tprog: Summarize(SelectRow1(@param0, ==, 0, GBR@Str), count, 2)
# top-52, score: 0.00, answer: [1]
  # tprog: Summarize(SelectRow1(@param0, ==, 0, DNK@Str), count, 0)
# top-53, score: 0.00, answer: [1]
  # tprog: Summarize(SelectRow1(@param0, ==, 0, DNK@Str), count, 1)
# top-54, score: 0.00, answer: [1]
  # tprog: Summarize(SelectRow1(@param0, ==, 0, DNK@Str), count, 2)
# top-55, score: 0.00, answer: [1]
  # tprog: Summarize(SelectRow1(@param0, ==, 0, FRA@Str), count, 0)
# top-56, score: 0.00, answer: [1]
  # tprog: Summarize(SelectRow1(@param0, ==, 0, FRA@Str), count, 1)
# top-57, score: 0.00, answer: [1]
  # tprog: Summarize(SelectRow1(@param0, ==, 0, FRA@Str), count, 2)
# top-58, score: 0.00, answer: [1]
  # tprog: Summarize(SelectRow1(@param0, ==, 0, CHE@Str), count, 0)
# top-59, score: 0.00, answer: [1]
  # tprog: Summarize(SelectRow1(@param0, ==, 0, CHE@Str), count, 1)
# top-60, score: 0.00, answer: [1]
  # tprog: Summarize(SelectRow1(@param0, ==, 0, CHE@Str), count, 2)
# top-61, score: 0.00, answer: [1]
  # tprog: Summarize(SelectRow1(@param0, ==, 0, FIN@Str), count, 0)
# top-62, score: 0.00, answer: [1]
  # tprog: Summarize(SelectRow1(@param0, ==, 0, FIN@Str), count, 1)
# top-63, score: 0.00, answer: [1]
  # tprog: Summarize(SelectRow1(@param0, ==, 0, FIN@Str), count, 2)
# top-64, score: 0.00, answer: [1]
  # tprog: Summarize(SelectRow1(@param0, ==, 0, AUS@Str), count, 0)
# top-65, score: 0.00, answer: [1]
  # tprog: Summarize(SelectRow1(@param0, ==, 0, AUS@Str), count, 1)
# top-66, score: 0.00, answer: [1]
  # tprog: Summarize(SelectRow1(@param0, ==, 0, AUS@Str), count, 2)
# top-67, score: 0.00, answer: [1]
  # tprog: Summarize(SelectRow1(@param0, ==, 0, PRT@Str), count, 0)
# top-68, score: 0.00, answer: [1]
  # tprog: Summarize(SelectRow1(@param0, ==, 0, PRT@Str), count, 1)
# top-69, score: 0.00, answer: [1]
  # tprog: Summarize(SelectRow1(@param0, ==, 0, PRT@Str), count, 2)
# top-70, score: 0.00, answer: [1]
  # tprog: Summarize(SelectRow1(@param0, ==, 0, BEL@Str), count, 0)
# top-71, score: 0.00, answer: [1]
  # tprog: Summarize(SelectRow1(@param0, ==, 0, BEL@Str), count, 1)
# top-72, score: 0.00, answer: [1]
  # tprog: Summarize(SelectRow1(@param0, ==, 0, BEL@Str), count, 2)
# top-73, score: 0.00, answer: [1]
  # tprog: Summarize(SelectRow1(@param0, ==, 0, CAN@Str), count, 0)
# top-74, score: 0.00, answer: [1]
  # tprog: Summarize(SelectRow1(@param0, ==, 0, CAN@Str), count, 1)
# top-75, score: 0.00, answer: [1]
  # tprog: Summarize(SelectRow1(@param0, ==, 0, CAN@Str), count, 2)
# top-76, score: 0.00, answer: [1]
  # tprog: Summarize(SelectRow1(@param0, ==, 0, ITA@Str), count, 0)
# top-77, score: 0.00, answer: [1]
  # tprog: Summarize(SelectRow1(@param0, ==, 0, ITA@Str), count, 1)
# top-78, score: 0.00, answer: [1]
  # tprog: Summarize(SelectRow1(@param0, ==, 0, ITA@Str), count, 2)
# top-79, score: 0.00, answer: [1]
  # tprog: Summarize(SelectRow1(@param0, ==, 0, AUT@Str), count, 0)
# top-80, score: 0.00, answer: [1]
  # tprog: Summarize(SelectRow1(@param0, ==, 0, AUT@Str), count, 1)
# top-81, score: 0.00, answer: [1]
  # tprog: Summarize(SelectRow1(@param0, ==, 0, AUT@Str), count, 2)
# top-82, score: 0.00, answer: [1]
  # tprog: Summarize(SelectRow1(@param0, ==, 0, NLD@Str), count, 0)
# top-83, score: 0.00, answer: [1]
  # tprog: Summarize(SelectRow1(@param0, ==, 0, NLD@Str), count, 1)
# top-84, score: 0.00, answer: [1]
  # tprog: Summarize(SelectRow1(@param0, ==, 0, NLD@Str), count, 2)
# top-85, score: 0.00, answer: [1]
  # tprog: Summarize(SelectRow1(@param0, ==, 0, SWE@Str), count, 0)
# top-86, score: 0.00, answer: [1]
  # tprog: Summarize(SelectRow1(@param0, ==, 0, SWE@Str), count, 1)
# top-87, score: 0.00, answer: [1]
  # tprog: Summarize(SelectRow1(@param0, ==, 0, SWE@Str), count, 2)
# top-88, score: 0.00, answer: [1]
  # tprog: Summarize(SelectRow1(@param0, ==, 0, NOR@Str), count, 0)
# top-89, score: 0.00, answer: [1]
  # tprog: Summarize(SelectRow1(@param0, ==, 0, NOR@Str), count, 1)
# top-90, score: 0.00, answer: [1]
  # tprog: Summarize(SelectRow1(@param0, ==, 0, NOR@Str), count, 2)
# top-91, score: 0.00, answer: [1]
  # tprog: Summarize(SelectRow1(@param0, ==, 0, DEU@Str), count, 0)
# top-92, score: 0.00, answer: [1]
  # tprog: Summarize(SelectRow1(@param0, ==, 0, DEU@Str), count, 1)
# top-93, score: 0.00, answer: [1]
  # tprog: Summarize(SelectRow1(@param0, ==, 0, DEU@Str), count, 2)
# top-94, score: 0.00, answer: [1]
  # tprog: Summarize(SelectRow1(@param0, ==, 0, IRL@Str), count, 0)
# top-95, score: 0.00, answer: [1]
  # tprog: Summarize(SelectRow1(@param0, ==, 0, IRL@Str), count, 1)
# top-96, score: 0.00, answer: [1]
  # tprog: Summarize(SelectRow1(@param0, ==, 0, IRL@Str), count, 2)
# top-97, score: 0.00, answer: [1]
  # tprog: Summarize(SelectRow1(@param0, ==, 0, JPN@Str), count, 0)
# top-98, score: 0.00, answer: [1]
  # tprog: Summarize(SelectRow1(@param0, ==, 0, JPN@Str), count, 1)
# top-99, score: 0.00, answer: [1]
  # tprog: Summarize(SelectRow1(@param0, ==, 0, JPN@Str), count, 2)
# top-100, score: 0.00, answer: [1]
  # tprog: Summarize(SelectRow1(@param0, ==, 0, USA@Str), count, 0)
# top-101, score: 0.00, answer: [1]
  # tprog: Summarize(SelectRow1(@param0, ==, 0, USA@Str), count, 1)
# top-102, score: 0.00, answer: [1]
  # tprog: Summarize(SelectRow1(@param0, ==, 0, USA@Str), count, 2)
# top-103, score: 0.00, answer: [1]
  # tprog: Summarize(SelectRow1(@param0, ==, 1, 0@Int), count, 0)
# top-104, score: 0.00, answer: [1]
  # tprog: Summarize(SelectRow1(@param0, ==, 1, 0@Int), count, 1)
# top-105, score: 0.00, answer: [1]
  # tprog: Summarize(SelectRow1(@param0, ==, 1, 0@Int), count, 2)
# top-106, score: 0.00, answer: [1]
  # tprog: Summarize(SelectRow1(@param0, ==, 1, 42@Int), count, 0)
# top-107, score: 0.00, answer: [1]
  # tprog: Summarize(SelectRow1(@param0, ==, 1, 42@Int), count, 1)
# top-108, score: 0.00, answer: [1]
  # tprog: Summarize(SelectRow1(@param0, ==, 1, 42@Int), count, 2)
# top-109, score: 0.00, answer: [1]
  # tprog: Summarize(SelectRow1(@param0, ==, 1, 48@Int), count, 0)
# top-110, score: 0.00, answer: [1]
  # tprog: Summarize(SelectRow1(@param0, ==, 1, 48@Int), count, 1)
# top-111, score: 0.00, answer: [1]
  # tprog: Summarize(SelectRow1(@param0, ==, 1, 48@Int), count, 2)
# top-112, score: 0.00, answer: [1]
  # tprog: Summarize(SelectRow1(@param0, ==, 1, 49@Int), count, 0)
# top-113, score: 0.00, answer: [1]
  # tprog: Summarize(SelectRow1(@param0, ==, 1, 49@Int), count, 1)
# top-114, score: 0.00, answer: [1]
  # tprog: Summarize(SelectRow1(@param0, ==, 1, 49@Int), count, 2)
# top-115, score: 0.00, answer: [1]
  # tprog: Summarize(SelectRow1(@param0, ==, 1, 52@Int), count, 0)
# top-116, score: 0.00, answer: [1]
  # tprog: Summarize(SelectRow1(@param0, ==, 1, 52@Int), count, 1)
# top-117, score: 0.00, answer: [1]
  # tprog: Summarize(SelectRow1(@param0, ==, 1, 52@Int), count, 2)
# top-118, score: 0.00, answer: [1]
  # tprog: Summarize(SelectRow1(@param0, ==, 1, 53@Int), count, 0)
# top-119, score: 0.00, answer: [1]
  # tprog: Summarize(SelectRow1(@param0, ==, 1, 53@Int), count, 1)
# top-120, score: 0.00, answer: [1]
  # tprog: Summarize(SelectRow1(@param0, ==, 1, 53@Int), count, 2)
# top-121, score: 0.00, answer: [1]
  # tprog: Summarize(SelectRow1(@param0, ==, 1, 54@Int), count, 0)
# top-122, score: 0.00, answer: [1]
  # tprog: Summarize(SelectRow1(@param0, ==, 1, 54@Int), count, 1)
# top-123, score: 0.00, answer: [1]
  # tprog: Summarize(SelectRow1(@param0, ==, 1, 54@Int), count, 2)
# top-124, score: 0.00, answer: [1]
  # tprog: Summarize(SelectRow1(@param0, ==, 1, 56@Int), count, 0)
# top-125, score: 0.00, answer: [1]
  # tprog: Summarize(SelectRow1(@param0, ==, 1, 56@Int), count, 1)
# top-126, score: 0.00, answer: [1]
  # tprog: Summarize(SelectRow1(@param0, ==, 1, 56@Int), count, 2)
# top-127, score: 0.00, answer: [1]
  # tprog: Summarize(SelectRow1(@param0, ==, 1, 57@Int), count, 0)
# top-128, score: 0.00, answer: [1]
  # tprog: Summarize(SelectRow1(@param0, ==, 1, 57@Int), count, 1)
# top-129, score: 0.00, answer: [1]
  # tprog: Summarize(SelectRow1(@param0, ==, 1, 57@Int), count, 2)
# top-130, score: 0.00, answer: [1]
  # tprog: Summarize(SelectRow1(@param0, ==, 1, 60@Int), count, 0)
# top-131, score: 0.00, answer: [1]
  # tprog: Summarize(SelectRow1(@param0, ==, 1, 60@Int), count, 1)
# top-132, score: 0.00, answer: [1]
  # tprog: Summarize(SelectRow1(@param0, ==, 1, 60@Int), count, 2)
# top-133, score: 0.00, answer: [1]
  # tprog: Summarize(SelectRow1(@param0, ==, 1, 61@Int), count, 0)
# top-134, score: 0.00, answer: [1]
  # tprog: Summarize(SelectRow1(@param0, ==, 1, 61@Int), count, 1)
# top-135, score: 0.00, answer: [1]
  # tprog: Summarize(SelectRow1(@param0, ==, 1, 61@Int), count, 2)
# top-136, score: 0.00, answer: [1]
  # tprog: Summarize(SelectRow1(@param0, ==, 1, 62@Int), count, 0)
# top-137, score: 0.00, answer: [1]
  # tprog: Summarize(SelectRow1(@param0, ==, 1, 62@Int), count, 1)
# top-138, score: 0.00, answer: [1]
  # tprog: Summarize(SelectRow1(@param0, ==, 1, 62@Int), count, 2)
# top-139, score: 0.00, answer: [1]
  # tprog: Summarize(SelectRow1(@param0, ==, 1, 64@Int), count, 0)
# top-140, score: 0.00, answer: [1]
  # tprog: Summarize(SelectRow1(@param0, ==, 1, 64@Int), count, 1)
# top-141, score: 0.00, answer: [1]
  # tprog: Summarize(SelectRow1(@param0, ==, 1, 64@Int), count, 2)
# top-142, score: 0.00, answer: [1]
  # tprog: Summarize(SelectRow1(@param0, ==, 1, 70@Int), count, 0)
# top-143, score: 0.00, answer: [1]
  # tprog: Summarize(SelectRow1(@param0, ==, 1, 70@Int), count, 1)
# top-144, score: 0.00, answer: [1]
  # tprog: Summarize(SelectRow1(@param0, ==, 1, 70@Int), count, 2)
# top-145, score: 0.00, answer: [1]
  # tprog: Summarize(SelectRow1(@param0, ==, 1, 75@Int), count, 0)
# top-146, score: 0.00, answer: [1]
  # tprog: Summarize(SelectRow1(@param0, ==, 1, 75@Int), count, 1)
# top-147, score: 0.00, answer: [1]
  # tprog: Summarize(SelectRow1(@param0, ==, 1, 75@Int), count, 2)
# top-148, score: 0.00, answer: [1]
  # tprog: Summarize(SelectRow1(@param0, ==, 1, 76@Int), count, 0)
# top-149, score: 0.00, answer: [1]
  # tprog: Summarize(SelectRow1(@param0, ==, 1, 76@Int), count, 1)
# top-150, score: 0.00, answer: [1]
  # tprog: Summarize(SelectRow1(@param0, ==, 1, 76@Int), count, 2)
# top-151, score: 0.00, answer: [1]
  # tprog: Summarize(SelectRow1(@param0, >=, 1, 76@Int), count, 0)
# top-152, score: 0.00, answer: [1]
  # tprog: Summarize(SelectRow1(@param0, >=, 1, 76@Int), count, 1)
# top-153, score: 0.00, answer: [1]
  # tprog: Summarize(SelectRow1(@param0, >=, 1, 76@Int), count, 2)
# top-154, score: 0.00, answer: [1]
  # tprog: Summarize(SelectRow1(@param0, >, 1, 75@Int), count, 0)
# top-155, score: 0.00, answer: [1]
  # tprog: Summarize(SelectRow1(@param0, >, 1, 75@Int), count, 1)
# top-156, score: 0.00, answer: [1]
  # tprog: Summarize(SelectRow1(@param0, >, 1, 75@Int), count, 2)
# top-157, score: 0.00, answer: [1]
  # tprog: Contrast(SelectRow1(@param0, <, 1, 48@Int), /, 0, JPN@Str, JPN@Str, 1)
# top-158, score: 0.00, answer: [1]
  # tprog: Contrast(SelectRow1(@param0, <, 1, 49@Int), /, 0, AUT@Str, AUT@Str, 1)
# top-159, score: 0.00, answer: [1]
  # tprog: Contrast(SelectRow1(@param0, <, 1, 49@Int), /, 0, JPN@Str, JPN@Str, 1)
# top-160, score: 0.00, answer: [1]
  # tprog: Contrast(SelectRow1(@param0, <, 1, 52@Int), -, 0, ITA@Str, AUT@Str, 1)
# top-161, score: 0.00, answer: [1]
  # tprog: Contrast(SelectRow1(@param0, <, 1, 52@Int), /, 0, ITA@Str, ITA@Str, 1)
# top-162, score: 0.00, answer: [1]
  # tprog: Contrast(SelectRow1(@param0, <, 1, 52@Int), /, 0, AUT@Str, AUT@Str, 1)
# top-163, score: 0.00, answer: [1]
  # tprog: Contrast(SelectRow1(@param0, <, 1, 52@Int), /, 0, JPN@Str, JPN@Str, 1)
# top-164, score: 0.00, answer: [1]
  # tprog: Contrast(SelectRow1(@param0, <, 1, 52@Int), diff, 0, ITA@Str, AUT@Str, 1)
# top-165, score: 0.00, answer: [1]
  # tprog: Contrast(SelectRow1(@param0, <, 1, 52@Int), diff, 0, AUT@Str, ITA@Str, 1)
# top-166, score: 0.00, answer: [1]
  # tprog: Contrast(SelectRow1(@param0, <, 1, 53@Int), -, 0, ITA@Str, AUT@Str, 1)
# top-167, score: 0.00, answer: [1]
  # tprog: Contrast(SelectRow1(@param0, <, 1, 53@Int), /, 0, KOR@Str, KOR@Str, 1)
# top-168, score: 0.00, answer: [1]
  # tprog: Contrast(SelectRow1(@param0, <, 1, 53@Int), /, 0, ITA@Str, ITA@Str, 1)
# top-169, score: 0.00, answer: [1]
  # tprog: Contrast(SelectRow1(@param0, <, 1, 53@Int), /, 0, AUT@Str, AUT@Str, 1)
# top-170, score: 0.00, answer: [1]
  # tprog: Contrast(SelectRow1(@param0, <, 1, 53@Int), /, 0, JPN@Str, JPN@Str, 1)
# top-171, score: 0.00, answer: [1]
  # tprog: Contrast(SelectRow1(@param0, <, 1, 53@Int), diff, 0, ITA@Str, AUT@Str, 1)
# top-172, score: 0.00, answer: [1]
  # tprog: Contrast(SelectRow1(@param0, <, 1, 53@Int), diff, 0, AUT@Str, ITA@Str, 1)
# top-173, score: 0.00, answer: [1]
  # tprog: Contrast(SelectRow1(@param0, <, 1, 54@Int), -, 0, ITA@Str, AUT@Str, 1)
# top-174, score: 0.00, answer: [1]
  # tprog: Contrast(SelectRow1(@param0, <, 1, 54@Int), -, 0, USA@Str, KOR@Str, 1)
# top-175, score: 0.00, answer: [1]
  # tprog: Contrast(SelectRow1(@param0, <, 1, 54@Int), /, 0, KOR@Str, KOR@Str, 1)
# top-176, score: 0.00, answer: [1]
  # tprog: Contrast(SelectRow1(@param0, <, 1, 54@Int), /, 0, ITA@Str, ITA@Str, 1)
# top-177, score: 0.00, answer: [1]
  # tprog: Contrast(SelectRow1(@param0, <, 1, 54@Int), /, 0, AUT@Str, AUT@Str, 1)
# top-178, score: 0.00, answer: [1]
  # tprog: Contrast(SelectRow1(@param0, <, 1, 54@Int), /, 0, JPN@Str, JPN@Str, 1)
# top-179, score: 0.00, answer: [1]
  # tprog: Contrast(SelectRow1(@param0, <, 1, 54@Int), /, 0, USA@Str, USA@Str, 1)
# top-180, score: 0.00, answer: [1]
  # tprog: Contrast(SelectRow1(@param0, <, 1, 54@Int), diff, 0, KOR@Str, USA@Str, 1)
# top-181, score: 0.00, answer: [1]
  # tprog: Contrast(SelectRow1(@param0, <, 1, 54@Int), diff, 0, ITA@Str, AUT@Str, 1)
# top-182, score: 0.00, answer: [1]
  # tprog: Contrast(SelectRow1(@param0, <, 1, 54@Int), diff, 0, AUT@Str, ITA@Str, 1)
# top-183, score: 0.00, answer: [1]
  # tprog: Contrast(SelectRow1(@param0, <, 1, 54@Int), diff, 0, USA@Str, KOR@Str, 1)
# top-184, score: 0.00, answer: [1]
  # tprog: Contrast(SelectRow1(@param0, <, 1, 56@Int), -, 0, CAN@Str, USA@Str, 1)
# top-185, score: 0.00, answer: [1]
  # tprog: Contrast(SelectRow1(@param0, <, 1, 56@Int), -, 0, ITA@Str, AUT@Str, 1)
# top-186, score: 0.00, answer: [1]
  # tprog: Contrast(SelectRow1(@param0, <, 1, 56@Int), -, 0, USA@Str, KOR@Str, 1)
# top-187, score: 0.00, answer: [1]
  # tprog: Contrast(SelectRow1(@param0, <, 1, 56@Int), /, 0, KOR@Str, KOR@Str, 1)
# top-188, score: 0.00, answer: [1]
  # tprog: Contrast(SelectRow1(@param0, <, 1, 56@Int), /, 0, CAN@Str, CAN@Str, 1)
# top-189, score: 0.00, answer: [1]
  # tprog: Contrast(SelectRow1(@param0, <, 1, 56@Int), /, 0, ITA@Str, ITA@Str, 1)
# top-190, score: 0.00, answer: [1]
  # tprog: Contrast(SelectRow1(@param0, <, 1, 56@Int), /, 0, AUT@Str, AUT@Str, 1)
# top-191, score: 0.00, answer: [1]
  # tprog: Contrast(SelectRow1(@param0, <, 1, 56@Int), /, 0, JPN@Str, JPN@Str, 1)
# top-192, score: 0.00, answer: [1]
  # tprog: Contrast(SelectRow1(@param0, <, 1, 56@Int), /, 0, USA@Str, USA@Str, 1)
# top-193, score: 0.00, answer: [1]
  # tprog: Contrast(SelectRow1(@param0, <, 1, 56@Int), diff, 0, KOR@Str, USA@Str, 1)
# top-194, score: 0.00, answer: [1]
  # tprog: Contrast(SelectRow1(@param0, <, 1, 56@Int), diff, 0, CAN@Str, USA@Str, 1)
# top-195, score: 0.00, answer: [1]
  # tprog: Contrast(SelectRow1(@param0, <, 1, 56@Int), diff, 0, ITA@Str, AUT@Str, 1)
# top-196, score: 0.00, answer: [1]
  # tprog: Contrast(SelectRow1(@param0, <, 1, 56@Int), diff, 0, AUT@Str, ITA@Str, 1)
# top-197, score: 0.00, answer: [1]
  # tprog: Contrast(SelectRow1(@param0, <, 1, 56@Int), diff, 0, USA@Str, KOR@Str, 1)
# top-198, score: 0.00, answer: [1]
  # tprog: Contrast(SelectRow1(@param0, <, 1, 56@Int), diff, 0, USA@Str, CAN@Str, 1)
# top-199, score: 0.00, answer: [1]
  # tprog: Contrast(SelectRow1(@param0, <, 1, 57@Int), -, 0, CAN@Str, USA@Str, 1)
# top-200, score: 0.00, answer: [1]
  # tprog: Contrast(SelectRow1(@param0, <, 1, 57@Int), -, 0, ITA@Str, AUT@Str, 1)
# top-201, score: 0.00, answer: [1]
  # tprog: Contrast(SelectRow1(@param0, <, 1, 57@Int), -, 0, USA@Str, KOR@Str, 1)
# top-202, score: 0.00, answer: [1]
  # tprog: Contrast(SelectRow1(@param0, <, 1, 57@Int), /, 0, KOR@Str, KOR@Str, 1)
# top-203, score: 0.00, answer: [1]
  # tprog: Contrast(SelectRow1(@param0, <, 1, 57@Int), /, 0, FRA@Str, FRA@Str, 1)
# top-204, score: 0.00, answer: [1]
  # tprog: Contrast(SelectRow1(@param0, <, 1, 57@Int), /, 0, CAN@Str, CAN@Str, 1)
# top-205, score: 0.00, answer: [1]
  # tprog: Contrast(SelectRow1(@param0, <, 1, 57@Int), /, 0, ITA@Str, ITA@Str, 1)
# top-206, score: 0.00, answer: [1]
  # tprog: Contrast(SelectRow1(@param0, <, 1, 57@Int), /, 0, AUT@Str, AUT@Str, 1)
# top-207, score: 0.00, answer: [1]
  # tprog: Contrast(SelectRow1(@param0, <, 1, 57@Int), /, 0, JPN@Str, JPN@Str, 1)
# top-208, score: 0.00, answer: [1]
  # tprog: Contrast(SelectRow1(@param0, <, 1, 57@Int), /, 0, USA@Str, USA@Str, 1)
